[2025-10-27T21:30:41.088-0300] {processor.py:161} INFO - Started process (PID=1065) to work on /home/joaosousa/projects/spotify-project/venv/lib/python3.12/site-packages/airflow/example_dags/plugins/event_listener.py
[2025-10-27T21:30:41.089-0300] {processor.py:830} INFO - Processing file /home/joaosousa/projects/spotify-project/venv/lib/python3.12/site-packages/airflow/example_dags/plugins/event_listener.py for tasks to queue
[2025-10-27T21:30:41.091-0300] {logging_mixin.py:188} INFO - [2025-10-27T21:30:41.090-0300] {dagbag.py:545} INFO - Filling up the DagBag from /home/joaosousa/projects/spotify-project/venv/lib/python3.12/site-packages/airflow/example_dags/plugins/event_listener.py
[2025-10-27T21:30:41.092-0300] {processor.py:842} WARNING - No viable dags retrieved from /home/joaosousa/projects/spotify-project/venv/lib/python3.12/site-packages/airflow/example_dags/plugins/event_listener.py
[2025-10-27T21:30:41.100-0300] {processor.py:183} INFO - Processing /home/joaosousa/projects/spotify-project/venv/lib/python3.12/site-packages/airflow/example_dags/plugins/event_listener.py took 0.016 seconds
[2025-10-27T21:31:31.105-0300] {processor.py:161} INFO - Started process (PID=1143) to work on /home/joaosousa/projects/spotify-project/venv/lib/python3.12/site-packages/airflow/example_dags/plugins/event_listener.py
[2025-10-27T21:31:31.107-0300] {processor.py:830} INFO - Processing file /home/joaosousa/projects/spotify-project/venv/lib/python3.12/site-packages/airflow/example_dags/plugins/event_listener.py for tasks to queue
[2025-10-27T21:31:31.108-0300] {logging_mixin.py:188} INFO - [2025-10-27T21:31:31.108-0300] {dagbag.py:545} INFO - Filling up the DagBag from /home/joaosousa/projects/spotify-project/venv/lib/python3.12/site-packages/airflow/example_dags/plugins/event_listener.py
[2025-10-27T21:31:31.110-0300] {processor.py:842} WARNING - No viable dags retrieved from /home/joaosousa/projects/spotify-project/venv/lib/python3.12/site-packages/airflow/example_dags/plugins/event_listener.py
[2025-10-27T21:31:31.117-0300] {processor.py:183} INFO - Processing /home/joaosousa/projects/spotify-project/venv/lib/python3.12/site-packages/airflow/example_dags/plugins/event_listener.py took 0.016 seconds
[2025-10-27T21:32:08.972-0300] {processor.py:161} INFO - Started process (PID=1314) to work on /home/joaosousa/projects/spotify-project/venv/lib/python3.12/site-packages/airflow/example_dags/plugins/event_listener.py
[2025-10-27T21:32:08.974-0300] {processor.py:830} INFO - Processing file /home/joaosousa/projects/spotify-project/venv/lib/python3.12/site-packages/airflow/example_dags/plugins/event_listener.py for tasks to queue
[2025-10-27T21:32:08.975-0300] {logging_mixin.py:188} INFO - [2025-10-27T21:32:08.975-0300] {dagbag.py:545} INFO - Filling up the DagBag from /home/joaosousa/projects/spotify-project/venv/lib/python3.12/site-packages/airflow/example_dags/plugins/event_listener.py
[2025-10-27T21:32:08.977-0300] {processor.py:842} WARNING - No viable dags retrieved from /home/joaosousa/projects/spotify-project/venv/lib/python3.12/site-packages/airflow/example_dags/plugins/event_listener.py
[2025-10-27T21:32:08.983-0300] {processor.py:183} INFO - Processing /home/joaosousa/projects/spotify-project/venv/lib/python3.12/site-packages/airflow/example_dags/plugins/event_listener.py took 0.015 seconds
[2025-10-27T21:32:55.129-0300] {processor.py:161} INFO - Started process (PID=1384) to work on /home/joaosousa/projects/spotify-project/venv/lib/python3.12/site-packages/airflow/example_dags/plugins/event_listener.py
[2025-10-27T21:32:55.131-0300] {processor.py:830} INFO - Processing file /home/joaosousa/projects/spotify-project/venv/lib/python3.12/site-packages/airflow/example_dags/plugins/event_listener.py for tasks to queue
[2025-10-27T21:32:55.132-0300] {logging_mixin.py:188} INFO - [2025-10-27T21:32:55.132-0300] {dagbag.py:545} INFO - Filling up the DagBag from /home/joaosousa/projects/spotify-project/venv/lib/python3.12/site-packages/airflow/example_dags/plugins/event_listener.py
[2025-10-27T21:32:55.134-0300] {processor.py:842} WARNING - No viable dags retrieved from /home/joaosousa/projects/spotify-project/venv/lib/python3.12/site-packages/airflow/example_dags/plugins/event_listener.py
[2025-10-27T21:32:55.141-0300] {processor.py:183} INFO - Processing /home/joaosousa/projects/spotify-project/venv/lib/python3.12/site-packages/airflow/example_dags/plugins/event_listener.py took 0.017 seconds
[2025-10-27T21:33:37.669-0300] {processor.py:161} INFO - Started process (PID=1453) to work on /home/joaosousa/projects/spotify-project/venv/lib/python3.12/site-packages/airflow/example_dags/plugins/event_listener.py
[2025-10-27T21:33:37.671-0300] {processor.py:830} INFO - Processing file /home/joaosousa/projects/spotify-project/venv/lib/python3.12/site-packages/airflow/example_dags/plugins/event_listener.py for tasks to queue
[2025-10-27T21:33:37.672-0300] {logging_mixin.py:188} INFO - [2025-10-27T21:33:37.672-0300] {dagbag.py:545} INFO - Filling up the DagBag from /home/joaosousa/projects/spotify-project/venv/lib/python3.12/site-packages/airflow/example_dags/plugins/event_listener.py
[2025-10-27T21:33:37.674-0300] {processor.py:842} WARNING - No viable dags retrieved from /home/joaosousa/projects/spotify-project/venv/lib/python3.12/site-packages/airflow/example_dags/plugins/event_listener.py
[2025-10-27T21:33:37.681-0300] {processor.py:183} INFO - Processing /home/joaosousa/projects/spotify-project/venv/lib/python3.12/site-packages/airflow/example_dags/plugins/event_listener.py took 0.016 seconds
[2025-10-27T21:34:18.913-0300] {processor.py:161} INFO - Started process (PID=1519) to work on /home/joaosousa/projects/spotify-project/venv/lib/python3.12/site-packages/airflow/example_dags/plugins/event_listener.py
[2025-10-27T21:34:18.915-0300] {processor.py:830} INFO - Processing file /home/joaosousa/projects/spotify-project/venv/lib/python3.12/site-packages/airflow/example_dags/plugins/event_listener.py for tasks to queue
[2025-10-27T21:34:18.916-0300] {logging_mixin.py:188} INFO - [2025-10-27T21:34:18.916-0300] {dagbag.py:545} INFO - Filling up the DagBag from /home/joaosousa/projects/spotify-project/venv/lib/python3.12/site-packages/airflow/example_dags/plugins/event_listener.py
[2025-10-27T21:34:18.918-0300] {processor.py:842} WARNING - No viable dags retrieved from /home/joaosousa/projects/spotify-project/venv/lib/python3.12/site-packages/airflow/example_dags/plugins/event_listener.py
[2025-10-27T21:34:18.925-0300] {processor.py:183} INFO - Processing /home/joaosousa/projects/spotify-project/venv/lib/python3.12/site-packages/airflow/example_dags/plugins/event_listener.py took 0.016 seconds
[2025-10-27T21:34:58.943-0300] {processor.py:161} INFO - Started process (PID=1586) to work on /home/joaosousa/projects/spotify-project/venv/lib/python3.12/site-packages/airflow/example_dags/plugins/event_listener.py
[2025-10-27T21:34:58.944-0300] {processor.py:830} INFO - Processing file /home/joaosousa/projects/spotify-project/venv/lib/python3.12/site-packages/airflow/example_dags/plugins/event_listener.py for tasks to queue
[2025-10-27T21:34:58.946-0300] {logging_mixin.py:188} INFO - [2025-10-27T21:34:58.945-0300] {dagbag.py:545} INFO - Filling up the DagBag from /home/joaosousa/projects/spotify-project/venv/lib/python3.12/site-packages/airflow/example_dags/plugins/event_listener.py
[2025-10-27T21:34:58.947-0300] {processor.py:842} WARNING - No viable dags retrieved from /home/joaosousa/projects/spotify-project/venv/lib/python3.12/site-packages/airflow/example_dags/plugins/event_listener.py
[2025-10-27T21:34:58.955-0300] {processor.py:183} INFO - Processing /home/joaosousa/projects/spotify-project/venv/lib/python3.12/site-packages/airflow/example_dags/plugins/event_listener.py took 0.016 seconds
[2025-10-27T21:35:38.406-0300] {processor.py:161} INFO - Started process (PID=1652) to work on /home/joaosousa/projects/spotify-project/venv/lib/python3.12/site-packages/airflow/example_dags/plugins/event_listener.py
[2025-10-27T21:35:38.407-0300] {processor.py:830} INFO - Processing file /home/joaosousa/projects/spotify-project/venv/lib/python3.12/site-packages/airflow/example_dags/plugins/event_listener.py for tasks to queue
[2025-10-27T21:35:38.409-0300] {logging_mixin.py:188} INFO - [2025-10-27T21:35:38.408-0300] {dagbag.py:545} INFO - Filling up the DagBag from /home/joaosousa/projects/spotify-project/venv/lib/python3.12/site-packages/airflow/example_dags/plugins/event_listener.py
[2025-10-27T21:35:38.410-0300] {processor.py:842} WARNING - No viable dags retrieved from /home/joaosousa/projects/spotify-project/venv/lib/python3.12/site-packages/airflow/example_dags/plugins/event_listener.py
[2025-10-27T21:35:38.417-0300] {processor.py:183} INFO - Processing /home/joaosousa/projects/spotify-project/venv/lib/python3.12/site-packages/airflow/example_dags/plugins/event_listener.py took 0.016 seconds
[2025-10-27T21:36:26.366-0300] {processor.py:161} INFO - Started process (PID=1721) to work on /home/joaosousa/projects/spotify-project/venv/lib/python3.12/site-packages/airflow/example_dags/plugins/event_listener.py
[2025-10-27T21:36:26.368-0300] {processor.py:830} INFO - Processing file /home/joaosousa/projects/spotify-project/venv/lib/python3.12/site-packages/airflow/example_dags/plugins/event_listener.py for tasks to queue
[2025-10-27T21:36:26.369-0300] {logging_mixin.py:188} INFO - [2025-10-27T21:36:26.369-0300] {dagbag.py:545} INFO - Filling up the DagBag from /home/joaosousa/projects/spotify-project/venv/lib/python3.12/site-packages/airflow/example_dags/plugins/event_listener.py
[2025-10-27T21:36:26.371-0300] {processor.py:842} WARNING - No viable dags retrieved from /home/joaosousa/projects/spotify-project/venv/lib/python3.12/site-packages/airflow/example_dags/plugins/event_listener.py
[2025-10-27T21:36:26.378-0300] {processor.py:183} INFO - Processing /home/joaosousa/projects/spotify-project/venv/lib/python3.12/site-packages/airflow/example_dags/plugins/event_listener.py took 0.016 seconds
[2025-10-27T21:37:12.147-0300] {processor.py:161} INFO - Started process (PID=1793) to work on /home/joaosousa/projects/spotify-project/venv/lib/python3.12/site-packages/airflow/example_dags/plugins/event_listener.py
[2025-10-27T21:37:12.149-0300] {processor.py:830} INFO - Processing file /home/joaosousa/projects/spotify-project/venv/lib/python3.12/site-packages/airflow/example_dags/plugins/event_listener.py for tasks to queue
[2025-10-27T21:37:12.150-0300] {logging_mixin.py:188} INFO - [2025-10-27T21:37:12.150-0300] {dagbag.py:545} INFO - Filling up the DagBag from /home/joaosousa/projects/spotify-project/venv/lib/python3.12/site-packages/airflow/example_dags/plugins/event_listener.py
[2025-10-27T21:37:12.152-0300] {processor.py:842} WARNING - No viable dags retrieved from /home/joaosousa/projects/spotify-project/venv/lib/python3.12/site-packages/airflow/example_dags/plugins/event_listener.py
[2025-10-27T21:37:12.159-0300] {processor.py:183} INFO - Processing /home/joaosousa/projects/spotify-project/venv/lib/python3.12/site-packages/airflow/example_dags/plugins/event_listener.py took 0.017 seconds
[2025-10-27T21:37:56.087-0300] {processor.py:161} INFO - Started process (PID=1862) to work on /home/joaosousa/projects/spotify-project/venv/lib/python3.12/site-packages/airflow/example_dags/plugins/event_listener.py
[2025-10-27T21:37:56.088-0300] {processor.py:830} INFO - Processing file /home/joaosousa/projects/spotify-project/venv/lib/python3.12/site-packages/airflow/example_dags/plugins/event_listener.py for tasks to queue
[2025-10-27T21:37:56.089-0300] {logging_mixin.py:188} INFO - [2025-10-27T21:37:56.089-0300] {dagbag.py:545} INFO - Filling up the DagBag from /home/joaosousa/projects/spotify-project/venv/lib/python3.12/site-packages/airflow/example_dags/plugins/event_listener.py
[2025-10-27T21:37:56.091-0300] {processor.py:842} WARNING - No viable dags retrieved from /home/joaosousa/projects/spotify-project/venv/lib/python3.12/site-packages/airflow/example_dags/plugins/event_listener.py
[2025-10-27T21:37:56.099-0300] {processor.py:183} INFO - Processing /home/joaosousa/projects/spotify-project/venv/lib/python3.12/site-packages/airflow/example_dags/plugins/event_listener.py took 0.016 seconds
[2025-10-27T21:38:37.665-0300] {processor.py:161} INFO - Started process (PID=1936) to work on /home/joaosousa/projects/spotify-project/venv/lib/python3.12/site-packages/airflow/example_dags/plugins/event_listener.py
[2025-10-27T21:38:37.667-0300] {processor.py:830} INFO - Processing file /home/joaosousa/projects/spotify-project/venv/lib/python3.12/site-packages/airflow/example_dags/plugins/event_listener.py for tasks to queue
[2025-10-27T21:38:37.669-0300] {logging_mixin.py:188} INFO - [2025-10-27T21:38:37.668-0300] {dagbag.py:545} INFO - Filling up the DagBag from /home/joaosousa/projects/spotify-project/venv/lib/python3.12/site-packages/airflow/example_dags/plugins/event_listener.py
[2025-10-27T21:38:37.670-0300] {processor.py:842} WARNING - No viable dags retrieved from /home/joaosousa/projects/spotify-project/venv/lib/python3.12/site-packages/airflow/example_dags/plugins/event_listener.py
[2025-10-27T21:38:37.678-0300] {processor.py:183} INFO - Processing /home/joaosousa/projects/spotify-project/venv/lib/python3.12/site-packages/airflow/example_dags/plugins/event_listener.py took 0.017 seconds
[2025-10-27T21:39:26.401-0300] {processor.py:161} INFO - Started process (PID=2017) to work on /home/joaosousa/projects/spotify-project/venv/lib/python3.12/site-packages/airflow/example_dags/plugins/event_listener.py
[2025-10-27T21:39:26.403-0300] {processor.py:830} INFO - Processing file /home/joaosousa/projects/spotify-project/venv/lib/python3.12/site-packages/airflow/example_dags/plugins/event_listener.py for tasks to queue
[2025-10-27T21:39:26.404-0300] {logging_mixin.py:188} INFO - [2025-10-27T21:39:26.404-0300] {dagbag.py:545} INFO - Filling up the DagBag from /home/joaosousa/projects/spotify-project/venv/lib/python3.12/site-packages/airflow/example_dags/plugins/event_listener.py
[2025-10-27T21:39:26.406-0300] {processor.py:842} WARNING - No viable dags retrieved from /home/joaosousa/projects/spotify-project/venv/lib/python3.12/site-packages/airflow/example_dags/plugins/event_listener.py
[2025-10-27T21:39:26.413-0300] {processor.py:183} INFO - Processing /home/joaosousa/projects/spotify-project/venv/lib/python3.12/site-packages/airflow/example_dags/plugins/event_listener.py took 0.016 seconds
[2025-10-27T21:40:08.863-0300] {processor.py:161} INFO - Started process (PID=2087) to work on /home/joaosousa/projects/spotify-project/venv/lib/python3.12/site-packages/airflow/example_dags/plugins/event_listener.py
[2025-10-27T21:40:08.865-0300] {processor.py:830} INFO - Processing file /home/joaosousa/projects/spotify-project/venv/lib/python3.12/site-packages/airflow/example_dags/plugins/event_listener.py for tasks to queue
[2025-10-27T21:40:08.866-0300] {logging_mixin.py:188} INFO - [2025-10-27T21:40:08.866-0300] {dagbag.py:545} INFO - Filling up the DagBag from /home/joaosousa/projects/spotify-project/venv/lib/python3.12/site-packages/airflow/example_dags/plugins/event_listener.py
[2025-10-27T21:40:08.868-0300] {processor.py:842} WARNING - No viable dags retrieved from /home/joaosousa/projects/spotify-project/venv/lib/python3.12/site-packages/airflow/example_dags/plugins/event_listener.py
[2025-10-27T21:40:08.875-0300] {processor.py:183} INFO - Processing /home/joaosousa/projects/spotify-project/venv/lib/python3.12/site-packages/airflow/example_dags/plugins/event_listener.py took 0.017 seconds
