[2025-10-27T21:30:42.220-0300] {processor.py:161} INFO - Started process (PID=1066) to work on /home/joaosousa/projects/spotify-project/venv/lib/python3.12/site-packages/airflow/example_dags/plugins/listener_plugin.py
[2025-10-27T21:30:42.221-0300] {processor.py:830} INFO - Processing file /home/joaosousa/projects/spotify-project/venv/lib/python3.12/site-packages/airflow/example_dags/plugins/listener_plugin.py for tasks to queue
[2025-10-27T21:30:42.222-0300] {logging_mixin.py:188} INFO - [2025-10-27T21:30:42.222-0300] {dagbag.py:545} INFO - Filling up the DagBag from /home/joaosousa/projects/spotify-project/venv/lib/python3.12/site-packages/airflow/example_dags/plugins/listener_plugin.py
[2025-10-27T21:30:42.225-0300] {processor.py:842} WARNING - No viable dags retrieved from /home/joaosousa/projects/spotify-project/venv/lib/python3.12/site-packages/airflow/example_dags/plugins/listener_plugin.py
[2025-10-27T21:30:42.236-0300] {processor.py:183} INFO - Processing /home/joaosousa/projects/spotify-project/venv/lib/python3.12/site-packages/airflow/example_dags/plugins/listener_plugin.py took 0.020 seconds
[2025-10-27T21:31:32.242-0300] {processor.py:161} INFO - Started process (PID=1144) to work on /home/joaosousa/projects/spotify-project/venv/lib/python3.12/site-packages/airflow/example_dags/plugins/listener_plugin.py
[2025-10-27T21:31:32.244-0300] {processor.py:830} INFO - Processing file /home/joaosousa/projects/spotify-project/venv/lib/python3.12/site-packages/airflow/example_dags/plugins/listener_plugin.py for tasks to queue
[2025-10-27T21:31:32.246-0300] {logging_mixin.py:188} INFO - [2025-10-27T21:31:32.245-0300] {dagbag.py:545} INFO - Filling up the DagBag from /home/joaosousa/projects/spotify-project/venv/lib/python3.12/site-packages/airflow/example_dags/plugins/listener_plugin.py
[2025-10-27T21:31:32.248-0300] {processor.py:842} WARNING - No viable dags retrieved from /home/joaosousa/projects/spotify-project/venv/lib/python3.12/site-packages/airflow/example_dags/plugins/listener_plugin.py
[2025-10-27T21:31:32.255-0300] {processor.py:183} INFO - Processing /home/joaosousa/projects/spotify-project/venv/lib/python3.12/site-packages/airflow/example_dags/plugins/listener_plugin.py took 0.017 seconds
[2025-10-27T21:32:10.111-0300] {processor.py:161} INFO - Started process (PID=1315) to work on /home/joaosousa/projects/spotify-project/venv/lib/python3.12/site-packages/airflow/example_dags/plugins/listener_plugin.py
[2025-10-27T21:32:10.113-0300] {processor.py:830} INFO - Processing file /home/joaosousa/projects/spotify-project/venv/lib/python3.12/site-packages/airflow/example_dags/plugins/listener_plugin.py for tasks to queue
[2025-10-27T21:32:10.114-0300] {logging_mixin.py:188} INFO - [2025-10-27T21:32:10.114-0300] {dagbag.py:545} INFO - Filling up the DagBag from /home/joaosousa/projects/spotify-project/venv/lib/python3.12/site-packages/airflow/example_dags/plugins/listener_plugin.py
[2025-10-27T21:32:10.116-0300] {processor.py:842} WARNING - No viable dags retrieved from /home/joaosousa/projects/spotify-project/venv/lib/python3.12/site-packages/airflow/example_dags/plugins/listener_plugin.py
[2025-10-27T21:32:10.124-0300] {processor.py:183} INFO - Processing /home/joaosousa/projects/spotify-project/venv/lib/python3.12/site-packages/airflow/example_dags/plugins/listener_plugin.py took 0.018 seconds
[2025-10-27T21:32:56.264-0300] {processor.py:161} INFO - Started process (PID=1385) to work on /home/joaosousa/projects/spotify-project/venv/lib/python3.12/site-packages/airflow/example_dags/plugins/listener_plugin.py
[2025-10-27T21:32:56.266-0300] {processor.py:830} INFO - Processing file /home/joaosousa/projects/spotify-project/venv/lib/python3.12/site-packages/airflow/example_dags/plugins/listener_plugin.py for tasks to queue
[2025-10-27T21:32:56.268-0300] {logging_mixin.py:188} INFO - [2025-10-27T21:32:56.267-0300] {dagbag.py:545} INFO - Filling up the DagBag from /home/joaosousa/projects/spotify-project/venv/lib/python3.12/site-packages/airflow/example_dags/plugins/listener_plugin.py
[2025-10-27T21:32:56.270-0300] {processor.py:842} WARNING - No viable dags retrieved from /home/joaosousa/projects/spotify-project/venv/lib/python3.12/site-packages/airflow/example_dags/plugins/listener_plugin.py
[2025-10-27T21:32:56.277-0300] {processor.py:183} INFO - Processing /home/joaosousa/projects/spotify-project/venv/lib/python3.12/site-packages/airflow/example_dags/plugins/listener_plugin.py took 0.016 seconds
[2025-10-27T21:33:37.828-0300] {processor.py:161} INFO - Started process (PID=1454) to work on /home/joaosousa/projects/spotify-project/venv/lib/python3.12/site-packages/airflow/example_dags/plugins/listener_plugin.py
[2025-10-27T21:33:37.830-0300] {processor.py:830} INFO - Processing file /home/joaosousa/projects/spotify-project/venv/lib/python3.12/site-packages/airflow/example_dags/plugins/listener_plugin.py for tasks to queue
[2025-10-27T21:33:37.831-0300] {logging_mixin.py:188} INFO - [2025-10-27T21:33:37.831-0300] {dagbag.py:545} INFO - Filling up the DagBag from /home/joaosousa/projects/spotify-project/venv/lib/python3.12/site-packages/airflow/example_dags/plugins/listener_plugin.py
[2025-10-27T21:33:37.833-0300] {processor.py:842} WARNING - No viable dags retrieved from /home/joaosousa/projects/spotify-project/venv/lib/python3.12/site-packages/airflow/example_dags/plugins/listener_plugin.py
[2025-10-27T21:33:37.841-0300] {processor.py:183} INFO - Processing /home/joaosousa/projects/spotify-project/venv/lib/python3.12/site-packages/airflow/example_dags/plugins/listener_plugin.py took 0.017 seconds
[2025-10-27T21:34:20.048-0300] {processor.py:161} INFO - Started process (PID=1520) to work on /home/joaosousa/projects/spotify-project/venv/lib/python3.12/site-packages/airflow/example_dags/plugins/listener_plugin.py
[2025-10-27T21:34:20.050-0300] {processor.py:830} INFO - Processing file /home/joaosousa/projects/spotify-project/venv/lib/python3.12/site-packages/airflow/example_dags/plugins/listener_plugin.py for tasks to queue
[2025-10-27T21:34:20.051-0300] {logging_mixin.py:188} INFO - [2025-10-27T21:34:20.051-0300] {dagbag.py:545} INFO - Filling up the DagBag from /home/joaosousa/projects/spotify-project/venv/lib/python3.12/site-packages/airflow/example_dags/plugins/listener_plugin.py
[2025-10-27T21:34:20.053-0300] {processor.py:842} WARNING - No viable dags retrieved from /home/joaosousa/projects/spotify-project/venv/lib/python3.12/site-packages/airflow/example_dags/plugins/listener_plugin.py
[2025-10-27T21:34:20.060-0300] {processor.py:183} INFO - Processing /home/joaosousa/projects/spotify-project/venv/lib/python3.12/site-packages/airflow/example_dags/plugins/listener_plugin.py took 0.016 seconds
[2025-10-27T21:35:00.071-0300] {processor.py:161} INFO - Started process (PID=1587) to work on /home/joaosousa/projects/spotify-project/venv/lib/python3.12/site-packages/airflow/example_dags/plugins/listener_plugin.py
[2025-10-27T21:35:00.073-0300] {processor.py:830} INFO - Processing file /home/joaosousa/projects/spotify-project/venv/lib/python3.12/site-packages/airflow/example_dags/plugins/listener_plugin.py for tasks to queue
[2025-10-27T21:35:00.074-0300] {logging_mixin.py:188} INFO - [2025-10-27T21:35:00.074-0300] {dagbag.py:545} INFO - Filling up the DagBag from /home/joaosousa/projects/spotify-project/venv/lib/python3.12/site-packages/airflow/example_dags/plugins/listener_plugin.py
[2025-10-27T21:35:00.076-0300] {processor.py:842} WARNING - No viable dags retrieved from /home/joaosousa/projects/spotify-project/venv/lib/python3.12/site-packages/airflow/example_dags/plugins/listener_plugin.py
[2025-10-27T21:35:00.083-0300] {processor.py:183} INFO - Processing /home/joaosousa/projects/spotify-project/venv/lib/python3.12/site-packages/airflow/example_dags/plugins/listener_plugin.py took 0.017 seconds
[2025-10-27T21:35:39.063-0300] {processor.py:161} INFO - Started process (PID=1653) to work on /home/joaosousa/projects/spotify-project/venv/lib/python3.12/site-packages/airflow/example_dags/plugins/listener_plugin.py
[2025-10-27T21:35:39.064-0300] {processor.py:830} INFO - Processing file /home/joaosousa/projects/spotify-project/venv/lib/python3.12/site-packages/airflow/example_dags/plugins/listener_plugin.py for tasks to queue
[2025-10-27T21:35:39.065-0300] {logging_mixin.py:188} INFO - [2025-10-27T21:35:39.065-0300] {dagbag.py:545} INFO - Filling up the DagBag from /home/joaosousa/projects/spotify-project/venv/lib/python3.12/site-packages/airflow/example_dags/plugins/listener_plugin.py
[2025-10-27T21:35:39.067-0300] {processor.py:842} WARNING - No viable dags retrieved from /home/joaosousa/projects/spotify-project/venv/lib/python3.12/site-packages/airflow/example_dags/plugins/listener_plugin.py
[2025-10-27T21:35:39.074-0300] {processor.py:183} INFO - Processing /home/joaosousa/projects/spotify-project/venv/lib/python3.12/site-packages/airflow/example_dags/plugins/listener_plugin.py took 0.015 seconds
[2025-10-27T21:36:27.498-0300] {processor.py:161} INFO - Started process (PID=1722) to work on /home/joaosousa/projects/spotify-project/venv/lib/python3.12/site-packages/airflow/example_dags/plugins/listener_plugin.py
[2025-10-27T21:36:27.500-0300] {processor.py:830} INFO - Processing file /home/joaosousa/projects/spotify-project/venv/lib/python3.12/site-packages/airflow/example_dags/plugins/listener_plugin.py for tasks to queue
[2025-10-27T21:36:27.501-0300] {logging_mixin.py:188} INFO - [2025-10-27T21:36:27.501-0300] {dagbag.py:545} INFO - Filling up the DagBag from /home/joaosousa/projects/spotify-project/venv/lib/python3.12/site-packages/airflow/example_dags/plugins/listener_plugin.py
[2025-10-27T21:36:27.503-0300] {processor.py:842} WARNING - No viable dags retrieved from /home/joaosousa/projects/spotify-project/venv/lib/python3.12/site-packages/airflow/example_dags/plugins/listener_plugin.py
[2025-10-27T21:36:27.511-0300] {processor.py:183} INFO - Processing /home/joaosousa/projects/spotify-project/venv/lib/python3.12/site-packages/airflow/example_dags/plugins/listener_plugin.py took 0.017 seconds
[2025-10-27T21:37:13.288-0300] {processor.py:161} INFO - Started process (PID=1794) to work on /home/joaosousa/projects/spotify-project/venv/lib/python3.12/site-packages/airflow/example_dags/plugins/listener_plugin.py
[2025-10-27T21:37:13.290-0300] {processor.py:830} INFO - Processing file /home/joaosousa/projects/spotify-project/venv/lib/python3.12/site-packages/airflow/example_dags/plugins/listener_plugin.py for tasks to queue
[2025-10-27T21:37:13.292-0300] {logging_mixin.py:188} INFO - [2025-10-27T21:37:13.291-0300] {dagbag.py:545} INFO - Filling up the DagBag from /home/joaosousa/projects/spotify-project/venv/lib/python3.12/site-packages/airflow/example_dags/plugins/listener_plugin.py
[2025-10-27T21:37:13.294-0300] {processor.py:842} WARNING - No viable dags retrieved from /home/joaosousa/projects/spotify-project/venv/lib/python3.12/site-packages/airflow/example_dags/plugins/listener_plugin.py
[2025-10-27T21:37:13.301-0300] {processor.py:183} INFO - Processing /home/joaosousa/projects/spotify-project/venv/lib/python3.12/site-packages/airflow/example_dags/plugins/listener_plugin.py took 0.018 seconds
[2025-10-27T21:37:56.695-0300] {processor.py:161} INFO - Started process (PID=1863) to work on /home/joaosousa/projects/spotify-project/venv/lib/python3.12/site-packages/airflow/example_dags/plugins/listener_plugin.py
[2025-10-27T21:37:56.697-0300] {processor.py:830} INFO - Processing file /home/joaosousa/projects/spotify-project/venv/lib/python3.12/site-packages/airflow/example_dags/plugins/listener_plugin.py for tasks to queue
[2025-10-27T21:37:56.699-0300] {logging_mixin.py:188} INFO - [2025-10-27T21:37:56.698-0300] {dagbag.py:545} INFO - Filling up the DagBag from /home/joaosousa/projects/spotify-project/venv/lib/python3.12/site-packages/airflow/example_dags/plugins/listener_plugin.py
[2025-10-27T21:37:56.701-0300] {processor.py:842} WARNING - No viable dags retrieved from /home/joaosousa/projects/spotify-project/venv/lib/python3.12/site-packages/airflow/example_dags/plugins/listener_plugin.py
[2025-10-27T21:37:56.708-0300] {processor.py:183} INFO - Processing /home/joaosousa/projects/spotify-project/venv/lib/python3.12/site-packages/airflow/example_dags/plugins/listener_plugin.py took 0.017 seconds
[2025-10-27T21:38:38.811-0300] {processor.py:161} INFO - Started process (PID=1937) to work on /home/joaosousa/projects/spotify-project/venv/lib/python3.12/site-packages/airflow/example_dags/plugins/listener_plugin.py
[2025-10-27T21:38:38.813-0300] {processor.py:830} INFO - Processing file /home/joaosousa/projects/spotify-project/venv/lib/python3.12/site-packages/airflow/example_dags/plugins/listener_plugin.py for tasks to queue
[2025-10-27T21:38:38.814-0300] {logging_mixin.py:188} INFO - [2025-10-27T21:38:38.814-0300] {dagbag.py:545} INFO - Filling up the DagBag from /home/joaosousa/projects/spotify-project/venv/lib/python3.12/site-packages/airflow/example_dags/plugins/listener_plugin.py
[2025-10-27T21:38:38.816-0300] {processor.py:842} WARNING - No viable dags retrieved from /home/joaosousa/projects/spotify-project/venv/lib/python3.12/site-packages/airflow/example_dags/plugins/listener_plugin.py
[2025-10-27T21:38:38.824-0300] {processor.py:183} INFO - Processing /home/joaosousa/projects/spotify-project/venv/lib/python3.12/site-packages/airflow/example_dags/plugins/listener_plugin.py took 0.017 seconds
[2025-10-27T21:39:27.533-0300] {processor.py:161} INFO - Started process (PID=2018) to work on /home/joaosousa/projects/spotify-project/venv/lib/python3.12/site-packages/airflow/example_dags/plugins/listener_plugin.py
[2025-10-27T21:39:27.534-0300] {processor.py:830} INFO - Processing file /home/joaosousa/projects/spotify-project/venv/lib/python3.12/site-packages/airflow/example_dags/plugins/listener_plugin.py for tasks to queue
[2025-10-27T21:39:27.535-0300] {logging_mixin.py:188} INFO - [2025-10-27T21:39:27.535-0300] {dagbag.py:545} INFO - Filling up the DagBag from /home/joaosousa/projects/spotify-project/venv/lib/python3.12/site-packages/airflow/example_dags/plugins/listener_plugin.py
[2025-10-27T21:39:27.537-0300] {processor.py:842} WARNING - No viable dags retrieved from /home/joaosousa/projects/spotify-project/venv/lib/python3.12/site-packages/airflow/example_dags/plugins/listener_plugin.py
[2025-10-27T21:39:27.545-0300] {processor.py:183} INFO - Processing /home/joaosousa/projects/spotify-project/venv/lib/python3.12/site-packages/airflow/example_dags/plugins/listener_plugin.py took 0.017 seconds
[2025-10-27T21:40:09.992-0300] {processor.py:161} INFO - Started process (PID=2091) to work on /home/joaosousa/projects/spotify-project/venv/lib/python3.12/site-packages/airflow/example_dags/plugins/listener_plugin.py
[2025-10-27T21:40:09.994-0300] {processor.py:830} INFO - Processing file /home/joaosousa/projects/spotify-project/venv/lib/python3.12/site-packages/airflow/example_dags/plugins/listener_plugin.py for tasks to queue
[2025-10-27T21:40:09.995-0300] {logging_mixin.py:188} INFO - [2025-10-27T21:40:09.995-0300] {dagbag.py:545} INFO - Filling up the DagBag from /home/joaosousa/projects/spotify-project/venv/lib/python3.12/site-packages/airflow/example_dags/plugins/listener_plugin.py
[2025-10-27T21:40:09.997-0300] {processor.py:842} WARNING - No viable dags retrieved from /home/joaosousa/projects/spotify-project/venv/lib/python3.12/site-packages/airflow/example_dags/plugins/listener_plugin.py
[2025-10-27T21:40:10.005-0300] {processor.py:183} INFO - Processing /home/joaosousa/projects/spotify-project/venv/lib/python3.12/site-packages/airflow/example_dags/plugins/listener_plugin.py took 0.017 seconds
