[2025-10-27T21:30:39.555-0300] {processor.py:161} INFO - Started process (PID=1052) to work on /home/joaosousa/projects/spotify-project/venv/lib/python3.12/site-packages/airflow/example_dags/plugins/workday.py
[2025-10-27T21:30:39.555-0300] {processor.py:830} INFO - Processing file /home/joaosousa/projects/spotify-project/venv/lib/python3.12/site-packages/airflow/example_dags/plugins/workday.py for tasks to queue
[2025-10-27T21:30:39.556-0300] {logging_mixin.py:188} INFO - [2025-10-27T21:30:39.556-0300] {dagbag.py:545} INFO - Filling up the DagBag from /home/joaosousa/projects/spotify-project/venv/lib/python3.12/site-packages/airflow/example_dags/plugins/workday.py
[2025-10-27T21:30:39.956-0300] {processor.py:842} WARNING - No viable dags retrieved from /home/joaosousa/projects/spotify-project/venv/lib/python3.12/site-packages/airflow/example_dags/plugins/workday.py
[2025-10-27T21:30:39.961-0300] {processor.py:183} INFO - Processing /home/joaosousa/projects/spotify-project/venv/lib/python3.12/site-packages/airflow/example_dags/plugins/workday.py took 0.411 seconds
[2025-10-27T21:31:29.578-0300] {processor.py:161} INFO - Started process (PID=1130) to work on /home/joaosousa/projects/spotify-project/venv/lib/python3.12/site-packages/airflow/example_dags/plugins/workday.py
[2025-10-27T21:31:29.580-0300] {processor.py:830} INFO - Processing file /home/joaosousa/projects/spotify-project/venv/lib/python3.12/site-packages/airflow/example_dags/plugins/workday.py for tasks to queue
[2025-10-27T21:31:29.581-0300] {logging_mixin.py:188} INFO - [2025-10-27T21:31:29.581-0300] {dagbag.py:545} INFO - Filling up the DagBag from /home/joaosousa/projects/spotify-project/venv/lib/python3.12/site-packages/airflow/example_dags/plugins/workday.py
[2025-10-27T21:31:30.019-0300] {processor.py:842} WARNING - No viable dags retrieved from /home/joaosousa/projects/spotify-project/venv/lib/python3.12/site-packages/airflow/example_dags/plugins/workday.py
[2025-10-27T21:31:30.024-0300] {processor.py:183} INFO - Processing /home/joaosousa/projects/spotify-project/venv/lib/python3.12/site-packages/airflow/example_dags/plugins/workday.py took 0.451 seconds
[2025-10-27T21:32:07.881-0300] {processor.py:161} INFO - Started process (PID=1301) to work on /home/joaosousa/projects/spotify-project/venv/lib/python3.12/site-packages/airflow/example_dags/plugins/workday.py
[2025-10-27T21:32:07.883-0300] {processor.py:830} INFO - Processing file /home/joaosousa/projects/spotify-project/venv/lib/python3.12/site-packages/airflow/example_dags/plugins/workday.py for tasks to queue
[2025-10-27T21:32:07.884-0300] {logging_mixin.py:188} INFO - [2025-10-27T21:32:07.884-0300] {dagbag.py:545} INFO - Filling up the DagBag from /home/joaosousa/projects/spotify-project/venv/lib/python3.12/site-packages/airflow/example_dags/plugins/workday.py
[2025-10-27T21:32:08.265-0300] {processor.py:842} WARNING - No viable dags retrieved from /home/joaosousa/projects/spotify-project/venv/lib/python3.12/site-packages/airflow/example_dags/plugins/workday.py
[2025-10-27T21:32:08.270-0300] {processor.py:183} INFO - Processing /home/joaosousa/projects/spotify-project/venv/lib/python3.12/site-packages/airflow/example_dags/plugins/workday.py took 0.393 seconds
[2025-10-27T21:32:54.026-0300] {processor.py:161} INFO - Started process (PID=1371) to work on /home/joaosousa/projects/spotify-project/venv/lib/python3.12/site-packages/airflow/example_dags/plugins/workday.py
[2025-10-27T21:32:54.027-0300] {processor.py:830} INFO - Processing file /home/joaosousa/projects/spotify-project/venv/lib/python3.12/site-packages/airflow/example_dags/plugins/workday.py for tasks to queue
[2025-10-27T21:32:54.029-0300] {logging_mixin.py:188} INFO - [2025-10-27T21:32:54.028-0300] {dagbag.py:545} INFO - Filling up the DagBag from /home/joaosousa/projects/spotify-project/venv/lib/python3.12/site-packages/airflow/example_dags/plugins/workday.py
[2025-10-27T21:32:54.483-0300] {processor.py:842} WARNING - No viable dags retrieved from /home/joaosousa/projects/spotify-project/venv/lib/python3.12/site-packages/airflow/example_dags/plugins/workday.py
[2025-10-27T21:32:54.490-0300] {processor.py:183} INFO - Processing /home/joaosousa/projects/spotify-project/venv/lib/python3.12/site-packages/airflow/example_dags/plugins/workday.py took 0.468 seconds
[2025-10-27T21:33:36.223-0300] {processor.py:161} INFO - Started process (PID=1440) to work on /home/joaosousa/projects/spotify-project/venv/lib/python3.12/site-packages/airflow/example_dags/plugins/workday.py
[2025-10-27T21:33:36.225-0300] {processor.py:830} INFO - Processing file /home/joaosousa/projects/spotify-project/venv/lib/python3.12/site-packages/airflow/example_dags/plugins/workday.py for tasks to queue
[2025-10-27T21:33:36.226-0300] {logging_mixin.py:188} INFO - [2025-10-27T21:33:36.226-0300] {dagbag.py:545} INFO - Filling up the DagBag from /home/joaosousa/projects/spotify-project/venv/lib/python3.12/site-packages/airflow/example_dags/plugins/workday.py
[2025-10-27T21:33:36.603-0300] {processor.py:842} WARNING - No viable dags retrieved from /home/joaosousa/projects/spotify-project/venv/lib/python3.12/site-packages/airflow/example_dags/plugins/workday.py
[2025-10-27T21:33:36.608-0300] {processor.py:183} INFO - Processing /home/joaosousa/projects/spotify-project/venv/lib/python3.12/site-packages/airflow/example_dags/plugins/workday.py took 0.389 seconds
[2025-10-27T21:34:17.795-0300] {processor.py:161} INFO - Started process (PID=1506) to work on /home/joaosousa/projects/spotify-project/venv/lib/python3.12/site-packages/airflow/example_dags/plugins/workday.py
[2025-10-27T21:34:17.797-0300] {processor.py:830} INFO - Processing file /home/joaosousa/projects/spotify-project/venv/lib/python3.12/site-packages/airflow/example_dags/plugins/workday.py for tasks to queue
[2025-10-27T21:34:17.798-0300] {logging_mixin.py:188} INFO - [2025-10-27T21:34:17.798-0300] {dagbag.py:545} INFO - Filling up the DagBag from /home/joaosousa/projects/spotify-project/venv/lib/python3.12/site-packages/airflow/example_dags/plugins/workday.py
[2025-10-27T21:34:18.217-0300] {processor.py:842} WARNING - No viable dags retrieved from /home/joaosousa/projects/spotify-project/venv/lib/python3.12/site-packages/airflow/example_dags/plugins/workday.py
[2025-10-27T21:34:18.223-0300] {processor.py:183} INFO - Processing /home/joaosousa/projects/spotify-project/venv/lib/python3.12/site-packages/airflow/example_dags/plugins/workday.py took 0.432 seconds
[2025-10-27T21:34:58.371-0300] {processor.py:161} INFO - Started process (PID=1573) to work on /home/joaosousa/projects/spotify-project/venv/lib/python3.12/site-packages/airflow/example_dags/plugins/workday.py
[2025-10-27T21:34:58.372-0300] {processor.py:830} INFO - Processing file /home/joaosousa/projects/spotify-project/venv/lib/python3.12/site-packages/airflow/example_dags/plugins/workday.py for tasks to queue
[2025-10-27T21:34:58.374-0300] {logging_mixin.py:188} INFO - [2025-10-27T21:34:58.373-0300] {dagbag.py:545} INFO - Filling up the DagBag from /home/joaosousa/projects/spotify-project/venv/lib/python3.12/site-packages/airflow/example_dags/plugins/workday.py
[2025-10-27T21:34:58.787-0300] {processor.py:842} WARNING - No viable dags retrieved from /home/joaosousa/projects/spotify-project/venv/lib/python3.12/site-packages/airflow/example_dags/plugins/workday.py
[2025-10-27T21:34:58.792-0300] {processor.py:183} INFO - Processing /home/joaosousa/projects/spotify-project/venv/lib/python3.12/site-packages/airflow/example_dags/plugins/workday.py took 0.426 seconds
[2025-10-27T21:35:37.206-0300] {processor.py:161} INFO - Started process (PID=1639) to work on /home/joaosousa/projects/spotify-project/venv/lib/python3.12/site-packages/airflow/example_dags/plugins/workday.py
[2025-10-27T21:35:37.208-0300] {processor.py:830} INFO - Processing file /home/joaosousa/projects/spotify-project/venv/lib/python3.12/site-packages/airflow/example_dags/plugins/workday.py for tasks to queue
[2025-10-27T21:35:37.209-0300] {logging_mixin.py:188} INFO - [2025-10-27T21:35:37.209-0300] {dagbag.py:545} INFO - Filling up the DagBag from /home/joaosousa/projects/spotify-project/venv/lib/python3.12/site-packages/airflow/example_dags/plugins/workday.py
[2025-10-27T21:35:37.642-0300] {processor.py:842} WARNING - No viable dags retrieved from /home/joaosousa/projects/spotify-project/venv/lib/python3.12/site-packages/airflow/example_dags/plugins/workday.py
[2025-10-27T21:35:37.648-0300] {processor.py:183} INFO - Processing /home/joaosousa/projects/spotify-project/venv/lib/python3.12/site-packages/airflow/example_dags/plugins/workday.py took 0.446 seconds
[2025-10-27T21:36:24.828-0300] {processor.py:161} INFO - Started process (PID=1708) to work on /home/joaosousa/projects/spotify-project/venv/lib/python3.12/site-packages/airflow/example_dags/plugins/workday.py
[2025-10-27T21:36:24.829-0300] {processor.py:830} INFO - Processing file /home/joaosousa/projects/spotify-project/venv/lib/python3.12/site-packages/airflow/example_dags/plugins/workday.py for tasks to queue
[2025-10-27T21:36:24.830-0300] {logging_mixin.py:188} INFO - [2025-10-27T21:36:24.830-0300] {dagbag.py:545} INFO - Filling up the DagBag from /home/joaosousa/projects/spotify-project/venv/lib/python3.12/site-packages/airflow/example_dags/plugins/workday.py
[2025-10-27T21:36:25.257-0300] {processor.py:842} WARNING - No viable dags retrieved from /home/joaosousa/projects/spotify-project/venv/lib/python3.12/site-packages/airflow/example_dags/plugins/workday.py
[2025-10-27T21:36:25.262-0300] {processor.py:183} INFO - Processing /home/joaosousa/projects/spotify-project/venv/lib/python3.12/site-packages/airflow/example_dags/plugins/workday.py took 0.438 seconds
[2025-10-27T21:37:11.195-0300] {processor.py:161} INFO - Started process (PID=1780) to work on /home/joaosousa/projects/spotify-project/venv/lib/python3.12/site-packages/airflow/example_dags/plugins/workday.py
[2025-10-27T21:37:11.197-0300] {processor.py:830} INFO - Processing file /home/joaosousa/projects/spotify-project/venv/lib/python3.12/site-packages/airflow/example_dags/plugins/workday.py for tasks to queue
[2025-10-27T21:37:11.199-0300] {logging_mixin.py:188} INFO - [2025-10-27T21:37:11.198-0300] {dagbag.py:545} INFO - Filling up the DagBag from /home/joaosousa/projects/spotify-project/venv/lib/python3.12/site-packages/airflow/example_dags/plugins/workday.py
[2025-10-27T21:37:11.019-0300] {processor.py:842} WARNING - No viable dags retrieved from /home/joaosousa/projects/spotify-project/venv/lib/python3.12/site-packages/airflow/example_dags/plugins/workday.py
[2025-10-27T21:37:11.028-0300] {processor.py:183} INFO - Processing /home/joaosousa/projects/spotify-project/venv/lib/python3.12/site-packages/airflow/example_dags/plugins/workday.py took 0.318 seconds
[2025-10-27T21:37:54.650-0300] {processor.py:161} INFO - Started process (PID=1849) to work on /home/joaosousa/projects/spotify-project/venv/lib/python3.12/site-packages/airflow/example_dags/plugins/workday.py
[2025-10-27T21:37:54.651-0300] {processor.py:830} INFO - Processing file /home/joaosousa/projects/spotify-project/venv/lib/python3.12/site-packages/airflow/example_dags/plugins/workday.py for tasks to queue
[2025-10-27T21:37:54.653-0300] {logging_mixin.py:188} INFO - [2025-10-27T21:37:54.652-0300] {dagbag.py:545} INFO - Filling up the DagBag from /home/joaosousa/projects/spotify-project/venv/lib/python3.12/site-packages/airflow/example_dags/plugins/workday.py
[2025-10-27T21:37:54.955-0300] {processor.py:842} WARNING - No viable dags retrieved from /home/joaosousa/projects/spotify-project/venv/lib/python3.12/site-packages/airflow/example_dags/plugins/workday.py
[2025-10-27T21:37:54.962-0300] {processor.py:183} INFO - Processing /home/joaosousa/projects/spotify-project/venv/lib/python3.12/site-packages/airflow/example_dags/plugins/workday.py took 0.317 seconds
[2025-10-27T21:38:37.090-0300] {processor.py:161} INFO - Started process (PID=1923) to work on /home/joaosousa/projects/spotify-project/venv/lib/python3.12/site-packages/airflow/example_dags/plugins/workday.py
[2025-10-27T21:38:37.092-0300] {processor.py:830} INFO - Processing file /home/joaosousa/projects/spotify-project/venv/lib/python3.12/site-packages/airflow/example_dags/plugins/workday.py for tasks to queue
[2025-10-27T21:38:37.094-0300] {logging_mixin.py:188} INFO - [2025-10-27T21:38:37.093-0300] {dagbag.py:545} INFO - Filling up the DagBag from /home/joaosousa/projects/spotify-project/venv/lib/python3.12/site-packages/airflow/example_dags/plugins/workday.py
[2025-10-27T21:38:37.357-0300] {processor.py:842} WARNING - No viable dags retrieved from /home/joaosousa/projects/spotify-project/venv/lib/python3.12/site-packages/airflow/example_dags/plugins/workday.py
[2025-10-27T21:38:37.364-0300] {processor.py:183} INFO - Processing /home/joaosousa/projects/spotify-project/venv/lib/python3.12/site-packages/airflow/example_dags/plugins/workday.py took 0.277 seconds
[2025-10-27T21:39:24.968-0300] {processor.py:161} INFO - Started process (PID=2002) to work on /home/joaosousa/projects/spotify-project/venv/lib/python3.12/site-packages/airflow/example_dags/plugins/workday.py
[2025-10-27T21:39:24.970-0300] {processor.py:830} INFO - Processing file /home/joaosousa/projects/spotify-project/venv/lib/python3.12/site-packages/airflow/example_dags/plugins/workday.py for tasks to queue
[2025-10-27T21:39:24.972-0300] {logging_mixin.py:188} INFO - [2025-10-27T21:39:24.972-0300] {dagbag.py:545} INFO - Filling up the DagBag from /home/joaosousa/projects/spotify-project/venv/lib/python3.12/site-packages/airflow/example_dags/plugins/workday.py
[2025-10-27T21:39:25.269-0300] {processor.py:842} WARNING - No viable dags retrieved from /home/joaosousa/projects/spotify-project/venv/lib/python3.12/site-packages/airflow/example_dags/plugins/workday.py
[2025-10-27T21:39:25.276-0300] {processor.py:183} INFO - Processing /home/joaosousa/projects/spotify-project/venv/lib/python3.12/site-packages/airflow/example_dags/plugins/workday.py took 0.312 seconds
[2025-10-27T21:40:08.329-0300] {processor.py:161} INFO - Started process (PID=2074) to work on /home/joaosousa/projects/spotify-project/venv/lib/python3.12/site-packages/airflow/example_dags/plugins/workday.py
[2025-10-27T21:40:08.330-0300] {processor.py:830} INFO - Processing file /home/joaosousa/projects/spotify-project/venv/lib/python3.12/site-packages/airflow/example_dags/plugins/workday.py for tasks to queue
[2025-10-27T21:40:08.332-0300] {logging_mixin.py:188} INFO - [2025-10-27T21:40:08.332-0300] {dagbag.py:545} INFO - Filling up the DagBag from /home/joaosousa/projects/spotify-project/venv/lib/python3.12/site-packages/airflow/example_dags/plugins/workday.py
[2025-10-27T21:40:08.609-0300] {processor.py:842} WARNING - No viable dags retrieved from /home/joaosousa/projects/spotify-project/venv/lib/python3.12/site-packages/airflow/example_dags/plugins/workday.py
[2025-10-27T21:40:08.617-0300] {processor.py:183} INFO - Processing /home/joaosousa/projects/spotify-project/venv/lib/python3.12/site-packages/airflow/example_dags/plugins/workday.py took 0.293 seconds
[2025-10-27T21:40:48.719-0300] {processor.py:161} INFO - Started process (PID=2146) to work on /home/joaosousa/projects/spotify-project/venv/lib/python3.12/site-packages/airflow/example_dags/plugins/workday.py
[2025-10-27T21:40:48.720-0300] {processor.py:830} INFO - Processing file /home/joaosousa/projects/spotify-project/venv/lib/python3.12/site-packages/airflow/example_dags/plugins/workday.py for tasks to queue
[2025-10-27T21:40:48.721-0300] {logging_mixin.py:188} INFO - [2025-10-27T21:40:48.721-0300] {dagbag.py:545} INFO - Filling up the DagBag from /home/joaosousa/projects/spotify-project/venv/lib/python3.12/site-packages/airflow/example_dags/plugins/workday.py
[2025-10-27T21:40:49.039-0300] {processor.py:842} WARNING - No viable dags retrieved from /home/joaosousa/projects/spotify-project/venv/lib/python3.12/site-packages/airflow/example_dags/plugins/workday.py
[2025-10-27T21:40:49.047-0300] {processor.py:183} INFO - Processing /home/joaosousa/projects/spotify-project/venv/lib/python3.12/site-packages/airflow/example_dags/plugins/workday.py took 0.334 seconds
[2025-10-27T21:41:28.884-0300] {processor.py:161} INFO - Started process (PID=2211) to work on /home/joaosousa/projects/spotify-project/venv/lib/python3.12/site-packages/airflow/example_dags/plugins/workday.py
[2025-10-27T21:41:28.886-0300] {processor.py:830} INFO - Processing file /home/joaosousa/projects/spotify-project/venv/lib/python3.12/site-packages/airflow/example_dags/plugins/workday.py for tasks to queue
[2025-10-27T21:41:28.887-0300] {logging_mixin.py:188} INFO - [2025-10-27T21:41:28.887-0300] {dagbag.py:545} INFO - Filling up the DagBag from /home/joaosousa/projects/spotify-project/venv/lib/python3.12/site-packages/airflow/example_dags/plugins/workday.py
[2025-10-27T21:41:29.192-0300] {processor.py:842} WARNING - No viable dags retrieved from /home/joaosousa/projects/spotify-project/venv/lib/python3.12/site-packages/airflow/example_dags/plugins/workday.py
[2025-10-27T21:41:29.201-0300] {processor.py:183} INFO - Processing /home/joaosousa/projects/spotify-project/venv/lib/python3.12/site-packages/airflow/example_dags/plugins/workday.py took 0.322 seconds
[2025-10-27T21:42:09.209-0300] {processor.py:161} INFO - Started process (PID=2320) to work on /home/joaosousa/projects/spotify-project/venv/lib/python3.12/site-packages/airflow/example_dags/plugins/workday.py
[2025-10-27T21:42:09.211-0300] {processor.py:830} INFO - Processing file /home/joaosousa/projects/spotify-project/venv/lib/python3.12/site-packages/airflow/example_dags/plugins/workday.py for tasks to queue
[2025-10-27T21:42:09.213-0300] {logging_mixin.py:188} INFO - [2025-10-27T21:42:09.212-0300] {dagbag.py:545} INFO - Filling up the DagBag from /home/joaosousa/projects/spotify-project/venv/lib/python3.12/site-packages/airflow/example_dags/plugins/workday.py
[2025-10-27T21:42:09.480-0300] {processor.py:842} WARNING - No viable dags retrieved from /home/joaosousa/projects/spotify-project/venv/lib/python3.12/site-packages/airflow/example_dags/plugins/workday.py
[2025-10-27T21:42:09.488-0300] {processor.py:183} INFO - Processing /home/joaosousa/projects/spotify-project/venv/lib/python3.12/site-packages/airflow/example_dags/plugins/workday.py took 0.283 seconds
[2025-10-27T21:42:47.640-0300] {processor.py:161} INFO - Started process (PID=2459) to work on /home/joaosousa/projects/spotify-project/venv/lib/python3.12/site-packages/airflow/example_dags/plugins/workday.py
[2025-10-27T21:42:47.642-0300] {processor.py:830} INFO - Processing file /home/joaosousa/projects/spotify-project/venv/lib/python3.12/site-packages/airflow/example_dags/plugins/workday.py for tasks to queue
[2025-10-27T21:42:47.644-0300] {logging_mixin.py:188} INFO - [2025-10-27T21:42:47.643-0300] {dagbag.py:545} INFO - Filling up the DagBag from /home/joaosousa/projects/spotify-project/venv/lib/python3.12/site-packages/airflow/example_dags/plugins/workday.py
[2025-10-27T21:42:47.971-0300] {processor.py:842} WARNING - No viable dags retrieved from /home/joaosousa/projects/spotify-project/venv/lib/python3.12/site-packages/airflow/example_dags/plugins/workday.py
[2025-10-27T21:42:47.978-0300] {processor.py:183} INFO - Processing /home/joaosousa/projects/spotify-project/venv/lib/python3.12/site-packages/airflow/example_dags/plugins/workday.py took 0.344 seconds
[2025-10-27T21:43:28.374-0300] {processor.py:161} INFO - Started process (PID=2532) to work on /home/joaosousa/projects/spotify-project/venv/lib/python3.12/site-packages/airflow/example_dags/plugins/workday.py
[2025-10-27T21:43:28.376-0300] {processor.py:830} INFO - Processing file /home/joaosousa/projects/spotify-project/venv/lib/python3.12/site-packages/airflow/example_dags/plugins/workday.py for tasks to queue
[2025-10-27T21:43:28.377-0300] {logging_mixin.py:188} INFO - [2025-10-27T21:43:28.377-0300] {dagbag.py:545} INFO - Filling up the DagBag from /home/joaosousa/projects/spotify-project/venv/lib/python3.12/site-packages/airflow/example_dags/plugins/workday.py
[2025-10-27T21:43:28.680-0300] {processor.py:842} WARNING - No viable dags retrieved from /home/joaosousa/projects/spotify-project/venv/lib/python3.12/site-packages/airflow/example_dags/plugins/workday.py
[2025-10-27T21:43:28.687-0300] {processor.py:183} INFO - Processing /home/joaosousa/projects/spotify-project/venv/lib/python3.12/site-packages/airflow/example_dags/plugins/workday.py took 0.317 seconds
[2025-10-27T21:44:06.721-0300] {processor.py:161} INFO - Started process (PID=2603) to work on /home/joaosousa/projects/spotify-project/venv/lib/python3.12/site-packages/airflow/example_dags/plugins/workday.py
[2025-10-27T21:44:06.723-0300] {processor.py:830} INFO - Processing file /home/joaosousa/projects/spotify-project/venv/lib/python3.12/site-packages/airflow/example_dags/plugins/workday.py for tasks to queue
[2025-10-27T21:44:06.724-0300] {logging_mixin.py:188} INFO - [2025-10-27T21:44:06.723-0300] {dagbag.py:545} INFO - Filling up the DagBag from /home/joaosousa/projects/spotify-project/venv/lib/python3.12/site-packages/airflow/example_dags/plugins/workday.py
[2025-10-27T21:44:07.120-0300] {processor.py:842} WARNING - No viable dags retrieved from /home/joaosousa/projects/spotify-project/venv/lib/python3.12/site-packages/airflow/example_dags/plugins/workday.py
[2025-10-27T21:44:07.125-0300] {processor.py:183} INFO - Processing /home/joaosousa/projects/spotify-project/venv/lib/python3.12/site-packages/airflow/example_dags/plugins/workday.py took 0.409 seconds
[2025-10-27T21:44:47.179-0300] {processor.py:161} INFO - Started process (PID=2671) to work on /home/joaosousa/projects/spotify-project/venv/lib/python3.12/site-packages/airflow/example_dags/plugins/workday.py
[2025-10-27T21:44:47.181-0300] {processor.py:830} INFO - Processing file /home/joaosousa/projects/spotify-project/venv/lib/python3.12/site-packages/airflow/example_dags/plugins/workday.py for tasks to queue
[2025-10-27T21:44:47.182-0300] {logging_mixin.py:188} INFO - [2025-10-27T21:44:47.182-0300] {dagbag.py:545} INFO - Filling up the DagBag from /home/joaosousa/projects/spotify-project/venv/lib/python3.12/site-packages/airflow/example_dags/plugins/workday.py
[2025-10-27T21:44:47.459-0300] {processor.py:842} WARNING - No viable dags retrieved from /home/joaosousa/projects/spotify-project/venv/lib/python3.12/site-packages/airflow/example_dags/plugins/workday.py
[2025-10-27T21:44:47.466-0300] {processor.py:183} INFO - Processing /home/joaosousa/projects/spotify-project/venv/lib/python3.12/site-packages/airflow/example_dags/plugins/workday.py took 0.292 seconds
[2025-10-27T21:45:26.808-0300] {processor.py:161} INFO - Started process (PID=2943) to work on /home/joaosousa/projects/spotify-project/venv/lib/python3.12/site-packages/airflow/example_dags/plugins/workday.py
[2025-10-27T21:45:26.809-0300] {processor.py:830} INFO - Processing file /home/joaosousa/projects/spotify-project/venv/lib/python3.12/site-packages/airflow/example_dags/plugins/workday.py for tasks to queue
[2025-10-27T21:45:26.810-0300] {logging_mixin.py:188} INFO - [2025-10-27T21:45:26.810-0300] {dagbag.py:545} INFO - Filling up the DagBag from /home/joaosousa/projects/spotify-project/venv/lib/python3.12/site-packages/airflow/example_dags/plugins/workday.py
[2025-10-27T21:45:27.239-0300] {processor.py:842} WARNING - No viable dags retrieved from /home/joaosousa/projects/spotify-project/venv/lib/python3.12/site-packages/airflow/example_dags/plugins/workday.py
[2025-10-27T21:45:27.244-0300] {processor.py:183} INFO - Processing /home/joaosousa/projects/spotify-project/venv/lib/python3.12/site-packages/airflow/example_dags/plugins/workday.py took 0.441 seconds
[2025-10-27T21:46:06.625-0300] {processor.py:161} INFO - Started process (PID=3011) to work on /home/joaosousa/projects/spotify-project/venv/lib/python3.12/site-packages/airflow/example_dags/plugins/workday.py
[2025-10-27T21:46:06.627-0300] {processor.py:830} INFO - Processing file /home/joaosousa/projects/spotify-project/venv/lib/python3.12/site-packages/airflow/example_dags/plugins/workday.py for tasks to queue
[2025-10-27T21:46:06.628-0300] {logging_mixin.py:188} INFO - [2025-10-27T21:46:06.628-0300] {dagbag.py:545} INFO - Filling up the DagBag from /home/joaosousa/projects/spotify-project/venv/lib/python3.12/site-packages/airflow/example_dags/plugins/workday.py
[2025-10-27T21:46:06.914-0300] {processor.py:842} WARNING - No viable dags retrieved from /home/joaosousa/projects/spotify-project/venv/lib/python3.12/site-packages/airflow/example_dags/plugins/workday.py
[2025-10-27T21:46:06.923-0300] {processor.py:183} INFO - Processing /home/joaosousa/projects/spotify-project/venv/lib/python3.12/site-packages/airflow/example_dags/plugins/workday.py took 0.302 seconds
[2025-10-27T21:46:50.713-0300] {processor.py:161} INFO - Started process (PID=3117) to work on /home/joaosousa/projects/spotify-project/venv/lib/python3.12/site-packages/airflow/example_dags/plugins/workday.py
[2025-10-27T21:46:50.714-0300] {processor.py:830} INFO - Processing file /home/joaosousa/projects/spotify-project/venv/lib/python3.12/site-packages/airflow/example_dags/plugins/workday.py for tasks to queue
[2025-10-27T21:46:50.715-0300] {logging_mixin.py:188} INFO - [2025-10-27T21:46:50.715-0300] {dagbag.py:545} INFO - Filling up the DagBag from /home/joaosousa/projects/spotify-project/venv/lib/python3.12/site-packages/airflow/example_dags/plugins/workday.py
[2025-10-27T21:46:51.116-0300] {processor.py:842} WARNING - No viable dags retrieved from /home/joaosousa/projects/spotify-project/venv/lib/python3.12/site-packages/airflow/example_dags/plugins/workday.py
[2025-10-27T21:46:51.121-0300] {processor.py:183} INFO - Processing /home/joaosousa/projects/spotify-project/venv/lib/python3.12/site-packages/airflow/example_dags/plugins/workday.py took 0.412 seconds
[2025-10-27T21:47:35.504-0300] {processor.py:161} INFO - Started process (PID=3190) to work on /home/joaosousa/projects/spotify-project/venv/lib/python3.12/site-packages/airflow/example_dags/plugins/workday.py
[2025-10-27T21:47:35.505-0300] {processor.py:830} INFO - Processing file /home/joaosousa/projects/spotify-project/venv/lib/python3.12/site-packages/airflow/example_dags/plugins/workday.py for tasks to queue
[2025-10-27T21:47:35.507-0300] {logging_mixin.py:188} INFO - [2025-10-27T21:47:35.506-0300] {dagbag.py:545} INFO - Filling up the DagBag from /home/joaosousa/projects/spotify-project/venv/lib/python3.12/site-packages/airflow/example_dags/plugins/workday.py
[2025-10-27T21:47:35.922-0300] {processor.py:842} WARNING - No viable dags retrieved from /home/joaosousa/projects/spotify-project/venv/lib/python3.12/site-packages/airflow/example_dags/plugins/workday.py
[2025-10-27T21:47:35.927-0300] {processor.py:183} INFO - Processing /home/joaosousa/projects/spotify-project/venv/lib/python3.12/site-packages/airflow/example_dags/plugins/workday.py took 0.428 seconds
[2025-10-27T21:48:17.884-0300] {processor.py:161} INFO - Started process (PID=3484) to work on /home/joaosousa/projects/spotify-project/venv/lib/python3.12/site-packages/airflow/example_dags/plugins/workday.py
[2025-10-27T21:48:17.885-0300] {processor.py:830} INFO - Processing file /home/joaosousa/projects/spotify-project/venv/lib/python3.12/site-packages/airflow/example_dags/plugins/workday.py for tasks to queue
[2025-10-27T21:48:17.886-0300] {logging_mixin.py:188} INFO - [2025-10-27T21:48:17.886-0300] {dagbag.py:545} INFO - Filling up the DagBag from /home/joaosousa/projects/spotify-project/venv/lib/python3.12/site-packages/airflow/example_dags/plugins/workday.py
[2025-10-27T21:48:18.402-0300] {processor.py:842} WARNING - No viable dags retrieved from /home/joaosousa/projects/spotify-project/venv/lib/python3.12/site-packages/airflow/example_dags/plugins/workday.py
[2025-10-27T21:48:18.408-0300] {processor.py:183} INFO - Processing /home/joaosousa/projects/spotify-project/venv/lib/python3.12/site-packages/airflow/example_dags/plugins/workday.py took 0.528 seconds
[2025-10-27T21:48:58.847-0300] {processor.py:161} INFO - Started process (PID=3550) to work on /home/joaosousa/projects/spotify-project/venv/lib/python3.12/site-packages/airflow/example_dags/plugins/workday.py
[2025-10-27T21:48:58.849-0300] {processor.py:830} INFO - Processing file /home/joaosousa/projects/spotify-project/venv/lib/python3.12/site-packages/airflow/example_dags/plugins/workday.py for tasks to queue
[2025-10-27T21:48:58.850-0300] {logging_mixin.py:188} INFO - [2025-10-27T21:48:58.850-0300] {dagbag.py:545} INFO - Filling up the DagBag from /home/joaosousa/projects/spotify-project/venv/lib/python3.12/site-packages/airflow/example_dags/plugins/workday.py
[2025-10-27T21:48:59.291-0300] {processor.py:842} WARNING - No viable dags retrieved from /home/joaosousa/projects/spotify-project/venv/lib/python3.12/site-packages/airflow/example_dags/plugins/workday.py
[2025-10-27T21:48:59.296-0300] {processor.py:183} INFO - Processing /home/joaosousa/projects/spotify-project/venv/lib/python3.12/site-packages/airflow/example_dags/plugins/workday.py took 0.454 seconds
[2025-10-27T21:49:37.199-0300] {processor.py:161} INFO - Started process (PID=3615) to work on /home/joaosousa/projects/spotify-project/venv/lib/python3.12/site-packages/airflow/example_dags/plugins/workday.py
[2025-10-27T21:49:37.200-0300] {processor.py:830} INFO - Processing file /home/joaosousa/projects/spotify-project/venv/lib/python3.12/site-packages/airflow/example_dags/plugins/workday.py for tasks to queue
[2025-10-27T21:49:37.202-0300] {logging_mixin.py:188} INFO - [2025-10-27T21:49:37.201-0300] {dagbag.py:545} INFO - Filling up the DagBag from /home/joaosousa/projects/spotify-project/venv/lib/python3.12/site-packages/airflow/example_dags/plugins/workday.py
[2025-10-27T21:49:37.607-0300] {processor.py:842} WARNING - No viable dags retrieved from /home/joaosousa/projects/spotify-project/venv/lib/python3.12/site-packages/airflow/example_dags/plugins/workday.py
[2025-10-27T21:49:37.612-0300] {processor.py:183} INFO - Processing /home/joaosousa/projects/spotify-project/venv/lib/python3.12/site-packages/airflow/example_dags/plugins/workday.py took 0.418 seconds
[2025-10-27T21:50:18.107-0300] {processor.py:161} INFO - Started process (PID=3683) to work on /home/joaosousa/projects/spotify-project/venv/lib/python3.12/site-packages/airflow/example_dags/plugins/workday.py
[2025-10-27T21:50:18.108-0300] {processor.py:830} INFO - Processing file /home/joaosousa/projects/spotify-project/venv/lib/python3.12/site-packages/airflow/example_dags/plugins/workday.py for tasks to queue
[2025-10-27T21:50:18.109-0300] {logging_mixin.py:188} INFO - [2025-10-27T21:50:18.109-0300] {dagbag.py:545} INFO - Filling up the DagBag from /home/joaosousa/projects/spotify-project/venv/lib/python3.12/site-packages/airflow/example_dags/plugins/workday.py
[2025-10-27T21:50:18.544-0300] {processor.py:842} WARNING - No viable dags retrieved from /home/joaosousa/projects/spotify-project/venv/lib/python3.12/site-packages/airflow/example_dags/plugins/workday.py
[2025-10-27T21:50:18.549-0300] {processor.py:183} INFO - Processing /home/joaosousa/projects/spotify-project/venv/lib/python3.12/site-packages/airflow/example_dags/plugins/workday.py took 0.446 seconds
[2025-10-27T21:51:02.344-0300] {processor.py:161} INFO - Started process (PID=3758) to work on /home/joaosousa/projects/spotify-project/venv/lib/python3.12/site-packages/airflow/example_dags/plugins/workday.py
[2025-10-27T21:51:02.346-0300] {processor.py:830} INFO - Processing file /home/joaosousa/projects/spotify-project/venv/lib/python3.12/site-packages/airflow/example_dags/plugins/workday.py for tasks to queue
[2025-10-27T21:51:02.347-0300] {logging_mixin.py:188} INFO - [2025-10-27T21:51:02.346-0300] {dagbag.py:545} INFO - Filling up the DagBag from /home/joaosousa/projects/spotify-project/venv/lib/python3.12/site-packages/airflow/example_dags/plugins/workday.py
[2025-10-27T21:51:02.791-0300] {processor.py:842} WARNING - No viable dags retrieved from /home/joaosousa/projects/spotify-project/venv/lib/python3.12/site-packages/airflow/example_dags/plugins/workday.py
[2025-10-27T21:51:02.797-0300] {processor.py:183} INFO - Processing /home/joaosousa/projects/spotify-project/venv/lib/python3.12/site-packages/airflow/example_dags/plugins/workday.py took 0.458 seconds
[2025-10-27T21:51:44.181-0300] {processor.py:161} INFO - Started process (PID=3850) to work on /home/joaosousa/projects/spotify-project/venv/lib/python3.12/site-packages/airflow/example_dags/plugins/workday.py
[2025-10-27T21:51:44.183-0300] {processor.py:830} INFO - Processing file /home/joaosousa/projects/spotify-project/venv/lib/python3.12/site-packages/airflow/example_dags/plugins/workday.py for tasks to queue
[2025-10-27T21:51:44.184-0300] {logging_mixin.py:188} INFO - [2025-10-27T21:51:44.184-0300] {dagbag.py:545} INFO - Filling up the DagBag from /home/joaosousa/projects/spotify-project/venv/lib/python3.12/site-packages/airflow/example_dags/plugins/workday.py
[2025-10-27T21:51:44.573-0300] {processor.py:842} WARNING - No viable dags retrieved from /home/joaosousa/projects/spotify-project/venv/lib/python3.12/site-packages/airflow/example_dags/plugins/workday.py
[2025-10-27T21:51:44.577-0300] {processor.py:183} INFO - Processing /home/joaosousa/projects/spotify-project/venv/lib/python3.12/site-packages/airflow/example_dags/plugins/workday.py took 0.401 seconds
[2025-10-27T21:52:27.787-0300] {processor.py:161} INFO - Started process (PID=3936) to work on /home/joaosousa/projects/spotify-project/venv/lib/python3.12/site-packages/airflow/example_dags/plugins/workday.py
[2025-10-27T21:52:27.789-0300] {processor.py:830} INFO - Processing file /home/joaosousa/projects/spotify-project/venv/lib/python3.12/site-packages/airflow/example_dags/plugins/workday.py for tasks to queue
[2025-10-27T21:52:27.790-0300] {logging_mixin.py:188} INFO - [2025-10-27T21:52:27.790-0300] {dagbag.py:545} INFO - Filling up the DagBag from /home/joaosousa/projects/spotify-project/venv/lib/python3.12/site-packages/airflow/example_dags/plugins/workday.py
[2025-10-27T21:52:27.521-0300] {processor.py:842} WARNING - No viable dags retrieved from /home/joaosousa/projects/spotify-project/venv/lib/python3.12/site-packages/airflow/example_dags/plugins/workday.py
[2025-10-27T21:52:27.525-0300] {processor.py:183} INFO - Processing /home/joaosousa/projects/spotify-project/venv/lib/python3.12/site-packages/airflow/example_dags/plugins/workday.py took 0.408 seconds
[2025-10-27T21:53:06.962-0300] {processor.py:161} INFO - Started process (PID=4024) to work on /home/joaosousa/projects/spotify-project/venv/lib/python3.12/site-packages/airflow/example_dags/plugins/workday.py
[2025-10-27T21:53:06.964-0300] {processor.py:830} INFO - Processing file /home/joaosousa/projects/spotify-project/venv/lib/python3.12/site-packages/airflow/example_dags/plugins/workday.py for tasks to queue
[2025-10-27T21:53:06.965-0300] {logging_mixin.py:188} INFO - [2025-10-27T21:53:06.965-0300] {dagbag.py:545} INFO - Filling up the DagBag from /home/joaosousa/projects/spotify-project/venv/lib/python3.12/site-packages/airflow/example_dags/plugins/workday.py
[2025-10-27T21:53:07.363-0300] {processor.py:842} WARNING - No viable dags retrieved from /home/joaosousa/projects/spotify-project/venv/lib/python3.12/site-packages/airflow/example_dags/plugins/workday.py
[2025-10-27T21:53:07.368-0300] {processor.py:183} INFO - Processing /home/joaosousa/projects/spotify-project/venv/lib/python3.12/site-packages/airflow/example_dags/plugins/workday.py took 0.410 seconds
[2025-10-27T21:53:46.229-0300] {processor.py:161} INFO - Started process (PID=4101) to work on /home/joaosousa/projects/spotify-project/venv/lib/python3.12/site-packages/airflow/example_dags/plugins/workday.py
[2025-10-27T21:53:46.231-0300] {processor.py:830} INFO - Processing file /home/joaosousa/projects/spotify-project/venv/lib/python3.12/site-packages/airflow/example_dags/plugins/workday.py for tasks to queue
[2025-10-27T21:53:46.233-0300] {logging_mixin.py:188} INFO - [2025-10-27T21:53:46.232-0300] {dagbag.py:545} INFO - Filling up the DagBag from /home/joaosousa/projects/spotify-project/venv/lib/python3.12/site-packages/airflow/example_dags/plugins/workday.py
[2025-10-27T21:53:46.617-0300] {processor.py:842} WARNING - No viable dags retrieved from /home/joaosousa/projects/spotify-project/venv/lib/python3.12/site-packages/airflow/example_dags/plugins/workday.py
[2025-10-27T21:53:46.622-0300] {processor.py:183} INFO - Processing /home/joaosousa/projects/spotify-project/venv/lib/python3.12/site-packages/airflow/example_dags/plugins/workday.py took 0.397 seconds
[2025-10-27T21:54:29.377-0300] {processor.py:161} INFO - Started process (PID=4198) to work on /home/joaosousa/projects/spotify-project/venv/lib/python3.12/site-packages/airflow/example_dags/plugins/workday.py
[2025-10-27T21:54:29.379-0300] {processor.py:830} INFO - Processing file /home/joaosousa/projects/spotify-project/venv/lib/python3.12/site-packages/airflow/example_dags/plugins/workday.py for tasks to queue
[2025-10-27T21:54:29.381-0300] {logging_mixin.py:188} INFO - [2025-10-27T21:54:29.380-0300] {dagbag.py:545} INFO - Filling up the DagBag from /home/joaosousa/projects/spotify-project/venv/lib/python3.12/site-packages/airflow/example_dags/plugins/workday.py
[2025-10-27T21:54:29.794-0300] {processor.py:842} WARNING - No viable dags retrieved from /home/joaosousa/projects/spotify-project/venv/lib/python3.12/site-packages/airflow/example_dags/plugins/workday.py
[2025-10-27T21:54:29.799-0300] {processor.py:183} INFO - Processing /home/joaosousa/projects/spotify-project/venv/lib/python3.12/site-packages/airflow/example_dags/plugins/workday.py took 0.426 seconds
[2025-10-27T21:55:13.305-0300] {processor.py:161} INFO - Started process (PID=4269) to work on /home/joaosousa/projects/spotify-project/venv/lib/python3.12/site-packages/airflow/example_dags/plugins/workday.py
[2025-10-27T21:55:13.307-0300] {processor.py:830} INFO - Processing file /home/joaosousa/projects/spotify-project/venv/lib/python3.12/site-packages/airflow/example_dags/plugins/workday.py for tasks to queue
[2025-10-27T21:55:13.309-0300] {logging_mixin.py:188} INFO - [2025-10-27T21:55:13.308-0300] {dagbag.py:545} INFO - Filling up the DagBag from /home/joaosousa/projects/spotify-project/venv/lib/python3.12/site-packages/airflow/example_dags/plugins/workday.py
[2025-10-27T21:55:13.709-0300] {processor.py:842} WARNING - No viable dags retrieved from /home/joaosousa/projects/spotify-project/venv/lib/python3.12/site-packages/airflow/example_dags/plugins/workday.py
[2025-10-27T21:55:13.713-0300] {processor.py:183} INFO - Processing /home/joaosousa/projects/spotify-project/venv/lib/python3.12/site-packages/airflow/example_dags/plugins/workday.py took 0.412 seconds
[2025-10-27T21:55:54.861-0300] {processor.py:161} INFO - Started process (PID=4335) to work on /home/joaosousa/projects/spotify-project/venv/lib/python3.12/site-packages/airflow/example_dags/plugins/workday.py
[2025-10-27T21:55:54.863-0300] {processor.py:830} INFO - Processing file /home/joaosousa/projects/spotify-project/venv/lib/python3.12/site-packages/airflow/example_dags/plugins/workday.py for tasks to queue
[2025-10-27T21:55:54.865-0300] {logging_mixin.py:188} INFO - [2025-10-27T21:55:54.864-0300] {dagbag.py:545} INFO - Filling up the DagBag from /home/joaosousa/projects/spotify-project/venv/lib/python3.12/site-packages/airflow/example_dags/plugins/workday.py
[2025-10-27T21:55:55.305-0300] {processor.py:842} WARNING - No viable dags retrieved from /home/joaosousa/projects/spotify-project/venv/lib/python3.12/site-packages/airflow/example_dags/plugins/workday.py
[2025-10-27T21:55:55.310-0300] {processor.py:183} INFO - Processing /home/joaosousa/projects/spotify-project/venv/lib/python3.12/site-packages/airflow/example_dags/plugins/workday.py took 0.453 seconds
[2025-10-27T21:56:37.115-0300] {processor.py:161} INFO - Started process (PID=4406) to work on /home/joaosousa/projects/spotify-project/venv/lib/python3.12/site-packages/airflow/example_dags/plugins/workday.py
[2025-10-27T21:56:37.117-0300] {processor.py:830} INFO - Processing file /home/joaosousa/projects/spotify-project/venv/lib/python3.12/site-packages/airflow/example_dags/plugins/workday.py for tasks to queue
[2025-10-27T21:56:37.118-0300] {logging_mixin.py:188} INFO - [2025-10-27T21:56:37.118-0300] {dagbag.py:545} INFO - Filling up the DagBag from /home/joaosousa/projects/spotify-project/venv/lib/python3.12/site-packages/airflow/example_dags/plugins/workday.py
[2025-10-27T21:56:37.539-0300] {processor.py:842} WARNING - No viable dags retrieved from /home/joaosousa/projects/spotify-project/venv/lib/python3.12/site-packages/airflow/example_dags/plugins/workday.py
[2025-10-27T21:56:37.543-0300] {processor.py:183} INFO - Processing /home/joaosousa/projects/spotify-project/venv/lib/python3.12/site-packages/airflow/example_dags/plugins/workday.py took 0.432 seconds
[2025-10-27T21:57:17.860-0300] {processor.py:161} INFO - Started process (PID=4570) to work on /home/joaosousa/projects/spotify-project/venv/lib/python3.12/site-packages/airflow/example_dags/plugins/workday.py
[2025-10-27T21:57:17.862-0300] {processor.py:830} INFO - Processing file /home/joaosousa/projects/spotify-project/venv/lib/python3.12/site-packages/airflow/example_dags/plugins/workday.py for tasks to queue
[2025-10-27T21:57:17.863-0300] {logging_mixin.py:188} INFO - [2025-10-27T21:57:17.863-0300] {dagbag.py:545} INFO - Filling up the DagBag from /home/joaosousa/projects/spotify-project/venv/lib/python3.12/site-packages/airflow/example_dags/plugins/workday.py
[2025-10-27T21:57:18.260-0300] {processor.py:842} WARNING - No viable dags retrieved from /home/joaosousa/projects/spotify-project/venv/lib/python3.12/site-packages/airflow/example_dags/plugins/workday.py
[2025-10-27T21:57:18.265-0300] {processor.py:183} INFO - Processing /home/joaosousa/projects/spotify-project/venv/lib/python3.12/site-packages/airflow/example_dags/plugins/workday.py took 0.409 seconds
[2025-10-27T21:57:57.708-0300] {processor.py:161} INFO - Started process (PID=4639) to work on /home/joaosousa/projects/spotify-project/venv/lib/python3.12/site-packages/airflow/example_dags/plugins/workday.py
[2025-10-27T21:57:57.710-0300] {processor.py:830} INFO - Processing file /home/joaosousa/projects/spotify-project/venv/lib/python3.12/site-packages/airflow/example_dags/plugins/workday.py for tasks to queue
[2025-10-27T21:57:57.711-0300] {logging_mixin.py:188} INFO - [2025-10-27T21:57:57.711-0300] {dagbag.py:545} INFO - Filling up the DagBag from /home/joaosousa/projects/spotify-project/venv/lib/python3.12/site-packages/airflow/example_dags/plugins/workday.py
[2025-10-27T21:57:58.143-0300] {processor.py:842} WARNING - No viable dags retrieved from /home/joaosousa/projects/spotify-project/venv/lib/python3.12/site-packages/airflow/example_dags/plugins/workday.py
[2025-10-27T21:57:58.147-0300] {processor.py:183} INFO - Processing /home/joaosousa/projects/spotify-project/venv/lib/python3.12/site-packages/airflow/example_dags/plugins/workday.py took 0.443 seconds
[2025-10-27T21:58:37.644-0300] {processor.py:161} INFO - Started process (PID=4706) to work on /home/joaosousa/projects/spotify-project/venv/lib/python3.12/site-packages/airflow/example_dags/plugins/workday.py
[2025-10-27T21:58:37.645-0300] {processor.py:830} INFO - Processing file /home/joaosousa/projects/spotify-project/venv/lib/python3.12/site-packages/airflow/example_dags/plugins/workday.py for tasks to queue
[2025-10-27T21:58:37.647-0300] {logging_mixin.py:188} INFO - [2025-10-27T21:58:37.646-0300] {dagbag.py:545} INFO - Filling up the DagBag from /home/joaosousa/projects/spotify-project/venv/lib/python3.12/site-packages/airflow/example_dags/plugins/workday.py
[2025-10-27T21:58:38.038-0300] {processor.py:842} WARNING - No viable dags retrieved from /home/joaosousa/projects/spotify-project/venv/lib/python3.12/site-packages/airflow/example_dags/plugins/workday.py
[2025-10-27T21:58:38.043-0300] {processor.py:183} INFO - Processing /home/joaosousa/projects/spotify-project/venv/lib/python3.12/site-packages/airflow/example_dags/plugins/workday.py took 0.404 seconds
[2025-10-27T21:59:16.193-0300] {processor.py:161} INFO - Started process (PID=4770) to work on /home/joaosousa/projects/spotify-project/venv/lib/python3.12/site-packages/airflow/example_dags/plugins/workday.py
[2025-10-27T21:59:16.195-0300] {processor.py:830} INFO - Processing file /home/joaosousa/projects/spotify-project/venv/lib/python3.12/site-packages/airflow/example_dags/plugins/workday.py for tasks to queue
[2025-10-27T21:59:16.197-0300] {logging_mixin.py:188} INFO - [2025-10-27T21:59:16.196-0300] {dagbag.py:545} INFO - Filling up the DagBag from /home/joaosousa/projects/spotify-project/venv/lib/python3.12/site-packages/airflow/example_dags/plugins/workday.py
[2025-10-27T21:59:16.604-0300] {processor.py:842} WARNING - No viable dags retrieved from /home/joaosousa/projects/spotify-project/venv/lib/python3.12/site-packages/airflow/example_dags/plugins/workday.py
[2025-10-27T21:59:16.609-0300] {processor.py:183} INFO - Processing /home/joaosousa/projects/spotify-project/venv/lib/python3.12/site-packages/airflow/example_dags/plugins/workday.py took 0.420 seconds
[2025-10-27T22:00:01.341-0300] {processor.py:161} INFO - Started process (PID=4873) to work on /home/joaosousa/projects/spotify-project/venv/lib/python3.12/site-packages/airflow/example_dags/plugins/workday.py
[2025-10-27T22:00:01.342-0300] {processor.py:830} INFO - Processing file /home/joaosousa/projects/spotify-project/venv/lib/python3.12/site-packages/airflow/example_dags/plugins/workday.py for tasks to queue
[2025-10-27T22:00:01.343-0300] {logging_mixin.py:188} INFO - [2025-10-27T22:00:01.343-0300] {dagbag.py:545} INFO - Filling up the DagBag from /home/joaosousa/projects/spotify-project/venv/lib/python3.12/site-packages/airflow/example_dags/plugins/workday.py
[2025-10-27T22:00:01.721-0300] {processor.py:842} WARNING - No viable dags retrieved from /home/joaosousa/projects/spotify-project/venv/lib/python3.12/site-packages/airflow/example_dags/plugins/workday.py
[2025-10-27T22:00:01.726-0300] {processor.py:183} INFO - Processing /home/joaosousa/projects/spotify-project/venv/lib/python3.12/site-packages/airflow/example_dags/plugins/workday.py took 0.389 seconds
[2025-10-27T22:00:46.866-0300] {processor.py:161} INFO - Started process (PID=4949) to work on /home/joaosousa/projects/spotify-project/venv/lib/python3.12/site-packages/airflow/example_dags/plugins/workday.py
[2025-10-27T22:00:46.868-0300] {processor.py:830} INFO - Processing file /home/joaosousa/projects/spotify-project/venv/lib/python3.12/site-packages/airflow/example_dags/plugins/workday.py for tasks to queue
[2025-10-27T22:00:46.869-0300] {logging_mixin.py:188} INFO - [2025-10-27T22:00:46.869-0300] {dagbag.py:545} INFO - Filling up the DagBag from /home/joaosousa/projects/spotify-project/venv/lib/python3.12/site-packages/airflow/example_dags/plugins/workday.py
[2025-10-27T22:00:47.258-0300] {processor.py:842} WARNING - No viable dags retrieved from /home/joaosousa/projects/spotify-project/venv/lib/python3.12/site-packages/airflow/example_dags/plugins/workday.py
[2025-10-27T22:00:47.264-0300] {processor.py:183} INFO - Processing /home/joaosousa/projects/spotify-project/venv/lib/python3.12/site-packages/airflow/example_dags/plugins/workday.py took 0.402 seconds
[2025-10-27T22:01:26.409-0300] {processor.py:161} INFO - Started process (PID=5015) to work on /home/joaosousa/projects/spotify-project/venv/lib/python3.12/site-packages/airflow/example_dags/plugins/workday.py
[2025-10-27T22:01:26.411-0300] {processor.py:830} INFO - Processing file /home/joaosousa/projects/spotify-project/venv/lib/python3.12/site-packages/airflow/example_dags/plugins/workday.py for tasks to queue
[2025-10-27T22:01:26.412-0300] {logging_mixin.py:188} INFO - [2025-10-27T22:01:26.412-0300] {dagbag.py:545} INFO - Filling up the DagBag from /home/joaosousa/projects/spotify-project/venv/lib/python3.12/site-packages/airflow/example_dags/plugins/workday.py
[2025-10-27T22:01:26.792-0300] {processor.py:842} WARNING - No viable dags retrieved from /home/joaosousa/projects/spotify-project/venv/lib/python3.12/site-packages/airflow/example_dags/plugins/workday.py
[2025-10-27T22:01:26.796-0300] {processor.py:183} INFO - Processing /home/joaosousa/projects/spotify-project/venv/lib/python3.12/site-packages/airflow/example_dags/plugins/workday.py took 0.391 seconds
[2025-10-27T22:02:06.802-0300] {processor.py:161} INFO - Started process (PID=5090) to work on /home/joaosousa/projects/spotify-project/venv/lib/python3.12/site-packages/airflow/example_dags/plugins/workday.py
[2025-10-27T22:02:06.804-0300] {processor.py:830} INFO - Processing file /home/joaosousa/projects/spotify-project/venv/lib/python3.12/site-packages/airflow/example_dags/plugins/workday.py for tasks to queue
[2025-10-27T22:02:06.805-0300] {logging_mixin.py:188} INFO - [2025-10-27T22:02:06.805-0300] {dagbag.py:545} INFO - Filling up the DagBag from /home/joaosousa/projects/spotify-project/venv/lib/python3.12/site-packages/airflow/example_dags/plugins/workday.py
[2025-10-27T22:02:07.177-0300] {processor.py:842} WARNING - No viable dags retrieved from /home/joaosousa/projects/spotify-project/venv/lib/python3.12/site-packages/airflow/example_dags/plugins/workday.py
[2025-10-27T22:02:07.182-0300] {processor.py:183} INFO - Processing /home/joaosousa/projects/spotify-project/venv/lib/python3.12/site-packages/airflow/example_dags/plugins/workday.py took 0.385 seconds
[2025-10-27T22:02:47.021-0300] {processor.py:161} INFO - Started process (PID=5163) to work on /home/joaosousa/projects/spotify-project/venv/lib/python3.12/site-packages/airflow/example_dags/plugins/workday.py
[2025-10-27T22:02:47.023-0300] {processor.py:830} INFO - Processing file /home/joaosousa/projects/spotify-project/venv/lib/python3.12/site-packages/airflow/example_dags/plugins/workday.py for tasks to queue
[2025-10-27T22:02:47.024-0300] {logging_mixin.py:188} INFO - [2025-10-27T22:02:47.024-0300] {dagbag.py:545} INFO - Filling up the DagBag from /home/joaosousa/projects/spotify-project/venv/lib/python3.12/site-packages/airflow/example_dags/plugins/workday.py
[2025-10-27T22:02:47.415-0300] {processor.py:842} WARNING - No viable dags retrieved from /home/joaosousa/projects/spotify-project/venv/lib/python3.12/site-packages/airflow/example_dags/plugins/workday.py
[2025-10-27T22:02:47.420-0300] {processor.py:183} INFO - Processing /home/joaosousa/projects/spotify-project/venv/lib/python3.12/site-packages/airflow/example_dags/plugins/workday.py took 0.404 seconds
[2025-10-27T22:03:28.911-0300] {processor.py:161} INFO - Started process (PID=5235) to work on /home/joaosousa/projects/spotify-project/venv/lib/python3.12/site-packages/airflow/example_dags/plugins/workday.py
[2025-10-27T22:03:28.913-0300] {processor.py:830} INFO - Processing file /home/joaosousa/projects/spotify-project/venv/lib/python3.12/site-packages/airflow/example_dags/plugins/workday.py for tasks to queue
[2025-10-27T22:03:28.914-0300] {logging_mixin.py:188} INFO - [2025-10-27T22:03:28.914-0300] {dagbag.py:545} INFO - Filling up the DagBag from /home/joaosousa/projects/spotify-project/venv/lib/python3.12/site-packages/airflow/example_dags/plugins/workday.py
[2025-10-27T22:03:29.294-0300] {processor.py:842} WARNING - No viable dags retrieved from /home/joaosousa/projects/spotify-project/venv/lib/python3.12/site-packages/airflow/example_dags/plugins/workday.py
[2025-10-27T22:03:29.299-0300] {processor.py:183} INFO - Processing /home/joaosousa/projects/spotify-project/venv/lib/python3.12/site-packages/airflow/example_dags/plugins/workday.py took 0.392 seconds
[2025-10-27T22:04:06.280-0300] {processor.py:161} INFO - Started process (PID=5302) to work on /home/joaosousa/projects/spotify-project/venv/lib/python3.12/site-packages/airflow/example_dags/plugins/workday.py
[2025-10-27T22:04:06.282-0300] {processor.py:830} INFO - Processing file /home/joaosousa/projects/spotify-project/venv/lib/python3.12/site-packages/airflow/example_dags/plugins/workday.py for tasks to queue
[2025-10-27T22:04:06.283-0300] {logging_mixin.py:188} INFO - [2025-10-27T22:04:06.283-0300] {dagbag.py:545} INFO - Filling up the DagBag from /home/joaosousa/projects/spotify-project/venv/lib/python3.12/site-packages/airflow/example_dags/plugins/workday.py
[2025-10-27T22:04:06.658-0300] {processor.py:842} WARNING - No viable dags retrieved from /home/joaosousa/projects/spotify-project/venv/lib/python3.12/site-packages/airflow/example_dags/plugins/workday.py
[2025-10-27T22:04:06.662-0300] {processor.py:183} INFO - Processing /home/joaosousa/projects/spotify-project/venv/lib/python3.12/site-packages/airflow/example_dags/plugins/workday.py took 0.387 seconds
[2025-10-27T22:04:44.862-0300] {processor.py:161} INFO - Started process (PID=5371) to work on /home/joaosousa/projects/spotify-project/venv/lib/python3.12/site-packages/airflow/example_dags/plugins/workday.py
[2025-10-27T22:04:44.864-0300] {processor.py:830} INFO - Processing file /home/joaosousa/projects/spotify-project/venv/lib/python3.12/site-packages/airflow/example_dags/plugins/workday.py for tasks to queue
[2025-10-27T22:04:44.865-0300] {logging_mixin.py:188} INFO - [2025-10-27T22:04:44.865-0300] {dagbag.py:545} INFO - Filling up the DagBag from /home/joaosousa/projects/spotify-project/venv/lib/python3.12/site-packages/airflow/example_dags/plugins/workday.py
[2025-10-27T22:04:45.251-0300] {processor.py:842} WARNING - No viable dags retrieved from /home/joaosousa/projects/spotify-project/venv/lib/python3.12/site-packages/airflow/example_dags/plugins/workday.py
[2025-10-27T22:04:45.255-0300] {processor.py:183} INFO - Processing /home/joaosousa/projects/spotify-project/venv/lib/python3.12/site-packages/airflow/example_dags/plugins/workday.py took 0.398 seconds
[2025-10-27T22:05:24.863-0300] {processor.py:161} INFO - Started process (PID=5441) to work on /home/joaosousa/projects/spotify-project/venv/lib/python3.12/site-packages/airflow/example_dags/plugins/workday.py
[2025-10-27T22:05:24.865-0300] {processor.py:830} INFO - Processing file /home/joaosousa/projects/spotify-project/venv/lib/python3.12/site-packages/airflow/example_dags/plugins/workday.py for tasks to queue
[2025-10-27T22:05:24.866-0300] {logging_mixin.py:188} INFO - [2025-10-27T22:05:24.866-0300] {dagbag.py:545} INFO - Filling up the DagBag from /home/joaosousa/projects/spotify-project/venv/lib/python3.12/site-packages/airflow/example_dags/plugins/workday.py
[2025-10-27T22:05:25.259-0300] {processor.py:842} WARNING - No viable dags retrieved from /home/joaosousa/projects/spotify-project/venv/lib/python3.12/site-packages/airflow/example_dags/plugins/workday.py
[2025-10-27T22:05:25.264-0300] {processor.py:183} INFO - Processing /home/joaosousa/projects/spotify-project/venv/lib/python3.12/site-packages/airflow/example_dags/plugins/workday.py took 0.405 seconds
[2025-10-27T22:06:05.120-0300] {processor.py:161} INFO - Started process (PID=5507) to work on /home/joaosousa/projects/spotify-project/venv/lib/python3.12/site-packages/airflow/example_dags/plugins/workday.py
[2025-10-27T22:06:05.122-0300] {processor.py:830} INFO - Processing file /home/joaosousa/projects/spotify-project/venv/lib/python3.12/site-packages/airflow/example_dags/plugins/workday.py for tasks to queue
[2025-10-27T22:06:05.124-0300] {logging_mixin.py:188} INFO - [2025-10-27T22:06:05.123-0300] {dagbag.py:545} INFO - Filling up the DagBag from /home/joaosousa/projects/spotify-project/venv/lib/python3.12/site-packages/airflow/example_dags/plugins/workday.py
[2025-10-27T22:06:05.528-0300] {processor.py:842} WARNING - No viable dags retrieved from /home/joaosousa/projects/spotify-project/venv/lib/python3.12/site-packages/airflow/example_dags/plugins/workday.py
[2025-10-27T22:06:05.533-0300] {processor.py:183} INFO - Processing /home/joaosousa/projects/spotify-project/venv/lib/python3.12/site-packages/airflow/example_dags/plugins/workday.py took 0.417 seconds
[2025-10-27T22:06:42.976-0300] {processor.py:161} INFO - Started process (PID=5580) to work on /home/joaosousa/projects/spotify-project/venv/lib/python3.12/site-packages/airflow/example_dags/plugins/workday.py
[2025-10-27T22:06:42.978-0300] {processor.py:830} INFO - Processing file /home/joaosousa/projects/spotify-project/venv/lib/python3.12/site-packages/airflow/example_dags/plugins/workday.py for tasks to queue
[2025-10-27T22:06:42.980-0300] {logging_mixin.py:188} INFO - [2025-10-27T22:06:42.979-0300] {dagbag.py:545} INFO - Filling up the DagBag from /home/joaosousa/projects/spotify-project/venv/lib/python3.12/site-packages/airflow/example_dags/plugins/workday.py
[2025-10-27T22:06:43.366-0300] {processor.py:842} WARNING - No viable dags retrieved from /home/joaosousa/projects/spotify-project/venv/lib/python3.12/site-packages/airflow/example_dags/plugins/workday.py
[2025-10-27T22:06:43.371-0300] {processor.py:183} INFO - Processing /home/joaosousa/projects/spotify-project/venv/lib/python3.12/site-packages/airflow/example_dags/plugins/workday.py took 0.399 seconds
[2025-10-27T22:07:23.343-0300] {processor.py:161} INFO - Started process (PID=5653) to work on /home/joaosousa/projects/spotify-project/venv/lib/python3.12/site-packages/airflow/example_dags/plugins/workday.py
[2025-10-27T22:07:23.345-0300] {processor.py:830} INFO - Processing file /home/joaosousa/projects/spotify-project/venv/lib/python3.12/site-packages/airflow/example_dags/plugins/workday.py for tasks to queue
[2025-10-27T22:07:23.346-0300] {logging_mixin.py:188} INFO - [2025-10-27T22:07:23.346-0300] {dagbag.py:545} INFO - Filling up the DagBag from /home/joaosousa/projects/spotify-project/venv/lib/python3.12/site-packages/airflow/example_dags/plugins/workday.py
[2025-10-27T22:07:23.752-0300] {processor.py:842} WARNING - No viable dags retrieved from /home/joaosousa/projects/spotify-project/venv/lib/python3.12/site-packages/airflow/example_dags/plugins/workday.py
[2025-10-27T22:07:23.757-0300] {processor.py:183} INFO - Processing /home/joaosousa/projects/spotify-project/venv/lib/python3.12/site-packages/airflow/example_dags/plugins/workday.py took 0.419 seconds
[2025-10-27T22:08:04.031-0300] {processor.py:161} INFO - Started process (PID=5721) to work on /home/joaosousa/projects/spotify-project/venv/lib/python3.12/site-packages/airflow/example_dags/plugins/workday.py
[2025-10-27T22:08:04.032-0300] {processor.py:830} INFO - Processing file /home/joaosousa/projects/spotify-project/venv/lib/python3.12/site-packages/airflow/example_dags/plugins/workday.py for tasks to queue
[2025-10-27T22:08:04.033-0300] {logging_mixin.py:188} INFO - [2025-10-27T22:08:04.033-0300] {dagbag.py:545} INFO - Filling up the DagBag from /home/joaosousa/projects/spotify-project/venv/lib/python3.12/site-packages/airflow/example_dags/plugins/workday.py
[2025-10-27T22:08:04.426-0300] {processor.py:842} WARNING - No viable dags retrieved from /home/joaosousa/projects/spotify-project/venv/lib/python3.12/site-packages/airflow/example_dags/plugins/workday.py
[2025-10-27T22:08:04.431-0300] {processor.py:183} INFO - Processing /home/joaosousa/projects/spotify-project/venv/lib/python3.12/site-packages/airflow/example_dags/plugins/workday.py took 0.404 seconds
[2025-10-27T22:08:42.501-0300] {processor.py:161} INFO - Started process (PID=5784) to work on /home/joaosousa/projects/spotify-project/venv/lib/python3.12/site-packages/airflow/example_dags/plugins/workday.py
[2025-10-27T22:08:42.503-0300] {processor.py:830} INFO - Processing file /home/joaosousa/projects/spotify-project/venv/lib/python3.12/site-packages/airflow/example_dags/plugins/workday.py for tasks to queue
[2025-10-27T22:08:42.504-0300] {logging_mixin.py:188} INFO - [2025-10-27T22:08:42.504-0300] {dagbag.py:545} INFO - Filling up the DagBag from /home/joaosousa/projects/spotify-project/venv/lib/python3.12/site-packages/airflow/example_dags/plugins/workday.py
[2025-10-27T22:08:42.917-0300] {processor.py:842} WARNING - No viable dags retrieved from /home/joaosousa/projects/spotify-project/venv/lib/python3.12/site-packages/airflow/example_dags/plugins/workday.py
[2025-10-27T22:08:42.922-0300] {processor.py:183} INFO - Processing /home/joaosousa/projects/spotify-project/venv/lib/python3.12/site-packages/airflow/example_dags/plugins/workday.py took 0.426 seconds
[2025-10-27T22:09:23.463-0300] {processor.py:161} INFO - Started process (PID=5852) to work on /home/joaosousa/projects/spotify-project/venv/lib/python3.12/site-packages/airflow/example_dags/plugins/workday.py
[2025-10-27T22:09:23.465-0300] {processor.py:830} INFO - Processing file /home/joaosousa/projects/spotify-project/venv/lib/python3.12/site-packages/airflow/example_dags/plugins/workday.py for tasks to queue
[2025-10-27T22:09:23.466-0300] {logging_mixin.py:188} INFO - [2025-10-27T22:09:23.466-0300] {dagbag.py:545} INFO - Filling up the DagBag from /home/joaosousa/projects/spotify-project/venv/lib/python3.12/site-packages/airflow/example_dags/plugins/workday.py
[2025-10-27T22:09:23.858-0300] {processor.py:842} WARNING - No viable dags retrieved from /home/joaosousa/projects/spotify-project/venv/lib/python3.12/site-packages/airflow/example_dags/plugins/workday.py
[2025-10-27T22:09:23.863-0300] {processor.py:183} INFO - Processing /home/joaosousa/projects/spotify-project/venv/lib/python3.12/site-packages/airflow/example_dags/plugins/workday.py took 0.404 seconds
[2025-10-27T22:10:03.032-0300] {processor.py:161} INFO - Started process (PID=5917) to work on /home/joaosousa/projects/spotify-project/venv/lib/python3.12/site-packages/airflow/example_dags/plugins/workday.py
[2025-10-27T22:10:03.034-0300] {processor.py:830} INFO - Processing file /home/joaosousa/projects/spotify-project/venv/lib/python3.12/site-packages/airflow/example_dags/plugins/workday.py for tasks to queue
[2025-10-27T22:10:03.035-0300] {logging_mixin.py:188} INFO - [2025-10-27T22:10:03.035-0300] {dagbag.py:545} INFO - Filling up the DagBag from /home/joaosousa/projects/spotify-project/venv/lib/python3.12/site-packages/airflow/example_dags/plugins/workday.py
[2025-10-27T22:10:03.452-0300] {processor.py:842} WARNING - No viable dags retrieved from /home/joaosousa/projects/spotify-project/venv/lib/python3.12/site-packages/airflow/example_dags/plugins/workday.py
[2025-10-27T22:10:03.457-0300] {processor.py:183} INFO - Processing /home/joaosousa/projects/spotify-project/venv/lib/python3.12/site-packages/airflow/example_dags/plugins/workday.py took 0.429 seconds
[2025-10-27T22:10:42.182-0300] {processor.py:161} INFO - Started process (PID=5983) to work on /home/joaosousa/projects/spotify-project/venv/lib/python3.12/site-packages/airflow/example_dags/plugins/workday.py
[2025-10-27T22:10:42.183-0300] {processor.py:830} INFO - Processing file /home/joaosousa/projects/spotify-project/venv/lib/python3.12/site-packages/airflow/example_dags/plugins/workday.py for tasks to queue
[2025-10-27T22:10:42.184-0300] {logging_mixin.py:188} INFO - [2025-10-27T22:10:42.184-0300] {dagbag.py:545} INFO - Filling up the DagBag from /home/joaosousa/projects/spotify-project/venv/lib/python3.12/site-packages/airflow/example_dags/plugins/workday.py
[2025-10-27T22:10:42.594-0300] {processor.py:842} WARNING - No viable dags retrieved from /home/joaosousa/projects/spotify-project/venv/lib/python3.12/site-packages/airflow/example_dags/plugins/workday.py
[2025-10-27T22:10:42.598-0300] {processor.py:183} INFO - Processing /home/joaosousa/projects/spotify-project/venv/lib/python3.12/site-packages/airflow/example_dags/plugins/workday.py took 0.421 seconds
[2025-10-27T22:11:19.524-0300] {processor.py:161} INFO - Started process (PID=6046) to work on /home/joaosousa/projects/spotify-project/venv/lib/python3.12/site-packages/airflow/example_dags/plugins/workday.py
[2025-10-27T22:11:19.525-0300] {processor.py:830} INFO - Processing file /home/joaosousa/projects/spotify-project/venv/lib/python3.12/site-packages/airflow/example_dags/plugins/workday.py for tasks to queue
[2025-10-27T22:11:19.526-0300] {logging_mixin.py:188} INFO - [2025-10-27T22:11:19.526-0300] {dagbag.py:545} INFO - Filling up the DagBag from /home/joaosousa/projects/spotify-project/venv/lib/python3.12/site-packages/airflow/example_dags/plugins/workday.py
[2025-10-27T22:11:19.936-0300] {processor.py:842} WARNING - No viable dags retrieved from /home/joaosousa/projects/spotify-project/venv/lib/python3.12/site-packages/airflow/example_dags/plugins/workday.py
[2025-10-27T22:11:19.941-0300] {processor.py:183} INFO - Processing /home/joaosousa/projects/spotify-project/venv/lib/python3.12/site-packages/airflow/example_dags/plugins/workday.py took 0.421 seconds
[2025-10-27T22:11:57.527-0300] {processor.py:161} INFO - Started process (PID=6113) to work on /home/joaosousa/projects/spotify-project/venv/lib/python3.12/site-packages/airflow/example_dags/plugins/workday.py
[2025-10-27T22:11:57.529-0300] {processor.py:830} INFO - Processing file /home/joaosousa/projects/spotify-project/venv/lib/python3.12/site-packages/airflow/example_dags/plugins/workday.py for tasks to queue
[2025-10-27T22:11:57.530-0300] {logging_mixin.py:188} INFO - [2025-10-27T22:11:57.530-0300] {dagbag.py:545} INFO - Filling up the DagBag from /home/joaosousa/projects/spotify-project/venv/lib/python3.12/site-packages/airflow/example_dags/plugins/workday.py
[2025-10-27T22:11:57.931-0300] {processor.py:842} WARNING - No viable dags retrieved from /home/joaosousa/projects/spotify-project/venv/lib/python3.12/site-packages/airflow/example_dags/plugins/workday.py
[2025-10-27T22:11:57.936-0300] {processor.py:183} INFO - Processing /home/joaosousa/projects/spotify-project/venv/lib/python3.12/site-packages/airflow/example_dags/plugins/workday.py took 0.413 seconds
[2025-10-27T22:12:36.254-0300] {processor.py:161} INFO - Started process (PID=6197) to work on /home/joaosousa/projects/spotify-project/venv/lib/python3.12/site-packages/airflow/example_dags/plugins/workday.py
[2025-10-27T22:12:36.256-0300] {processor.py:830} INFO - Processing file /home/joaosousa/projects/spotify-project/venv/lib/python3.12/site-packages/airflow/example_dags/plugins/workday.py for tasks to queue
[2025-10-27T22:12:36.257-0300] {logging_mixin.py:188} INFO - [2025-10-27T22:12:36.257-0300] {dagbag.py:545} INFO - Filling up the DagBag from /home/joaosousa/projects/spotify-project/venv/lib/python3.12/site-packages/airflow/example_dags/plugins/workday.py
[2025-10-27T22:12:36.687-0300] {processor.py:842} WARNING - No viable dags retrieved from /home/joaosousa/projects/spotify-project/venv/lib/python3.12/site-packages/airflow/example_dags/plugins/workday.py
[2025-10-27T22:12:36.692-0300] {processor.py:183} INFO - Processing /home/joaosousa/projects/spotify-project/venv/lib/python3.12/site-packages/airflow/example_dags/plugins/workday.py took 0.445 seconds
[2025-10-27T22:13:14.881-0300] {processor.py:161} INFO - Started process (PID=6262) to work on /home/joaosousa/projects/spotify-project/venv/lib/python3.12/site-packages/airflow/example_dags/plugins/workday.py
[2025-10-27T22:13:14.883-0300] {processor.py:830} INFO - Processing file /home/joaosousa/projects/spotify-project/venv/lib/python3.12/site-packages/airflow/example_dags/plugins/workday.py for tasks to queue
[2025-10-27T22:13:14.885-0300] {logging_mixin.py:188} INFO - [2025-10-27T22:13:14.884-0300] {dagbag.py:545} INFO - Filling up the DagBag from /home/joaosousa/projects/spotify-project/venv/lib/python3.12/site-packages/airflow/example_dags/plugins/workday.py
[2025-10-27T22:13:15.273-0300] {processor.py:842} WARNING - No viable dags retrieved from /home/joaosousa/projects/spotify-project/venv/lib/python3.12/site-packages/airflow/example_dags/plugins/workday.py
[2025-10-27T22:13:15.278-0300] {processor.py:183} INFO - Processing /home/joaosousa/projects/spotify-project/venv/lib/python3.12/site-packages/airflow/example_dags/plugins/workday.py took 0.401 seconds
[2025-10-27T22:13:55.357-0300] {processor.py:161} INFO - Started process (PID=6327) to work on /home/joaosousa/projects/spotify-project/venv/lib/python3.12/site-packages/airflow/example_dags/plugins/workday.py
[2025-10-27T22:13:55.358-0300] {processor.py:830} INFO - Processing file /home/joaosousa/projects/spotify-project/venv/lib/python3.12/site-packages/airflow/example_dags/plugins/workday.py for tasks to queue
[2025-10-27T22:13:55.360-0300] {logging_mixin.py:188} INFO - [2025-10-27T22:13:55.360-0300] {dagbag.py:545} INFO - Filling up the DagBag from /home/joaosousa/projects/spotify-project/venv/lib/python3.12/site-packages/airflow/example_dags/plugins/workday.py
[2025-10-27T22:13:55.725-0300] {processor.py:842} WARNING - No viable dags retrieved from /home/joaosousa/projects/spotify-project/venv/lib/python3.12/site-packages/airflow/example_dags/plugins/workday.py
[2025-10-27T22:13:55.730-0300] {processor.py:183} INFO - Processing /home/joaosousa/projects/spotify-project/venv/lib/python3.12/site-packages/airflow/example_dags/plugins/workday.py took 0.378 seconds
[2025-10-27T22:14:39.018-0300] {processor.py:161} INFO - Started process (PID=6395) to work on /home/joaosousa/projects/spotify-project/venv/lib/python3.12/site-packages/airflow/example_dags/plugins/workday.py
[2025-10-27T22:14:39.019-0300] {processor.py:830} INFO - Processing file /home/joaosousa/projects/spotify-project/venv/lib/python3.12/site-packages/airflow/example_dags/plugins/workday.py for tasks to queue
[2025-10-27T22:14:39.020-0300] {logging_mixin.py:188} INFO - [2025-10-27T22:14:39.020-0300] {dagbag.py:545} INFO - Filling up the DagBag from /home/joaosousa/projects/spotify-project/venv/lib/python3.12/site-packages/airflow/example_dags/plugins/workday.py
[2025-10-27T22:14:39.422-0300] {processor.py:842} WARNING - No viable dags retrieved from /home/joaosousa/projects/spotify-project/venv/lib/python3.12/site-packages/airflow/example_dags/plugins/workday.py
[2025-10-27T22:14:39.427-0300] {processor.py:183} INFO - Processing /home/joaosousa/projects/spotify-project/venv/lib/python3.12/site-packages/airflow/example_dags/plugins/workday.py took 0.413 seconds
[2025-10-27T22:15:20.657-0300] {processor.py:161} INFO - Started process (PID=6463) to work on /home/joaosousa/projects/spotify-project/venv/lib/python3.12/site-packages/airflow/example_dags/plugins/workday.py
[2025-10-27T22:15:20.659-0300] {processor.py:830} INFO - Processing file /home/joaosousa/projects/spotify-project/venv/lib/python3.12/site-packages/airflow/example_dags/plugins/workday.py for tasks to queue
[2025-10-27T22:15:20.661-0300] {logging_mixin.py:188} INFO - [2025-10-27T22:15:20.661-0300] {dagbag.py:545} INFO - Filling up the DagBag from /home/joaosousa/projects/spotify-project/venv/lib/python3.12/site-packages/airflow/example_dags/plugins/workday.py
[2025-10-27T22:15:21.044-0300] {processor.py:842} WARNING - No viable dags retrieved from /home/joaosousa/projects/spotify-project/venv/lib/python3.12/site-packages/airflow/example_dags/plugins/workday.py
[2025-10-27T22:15:21.049-0300] {processor.py:183} INFO - Processing /home/joaosousa/projects/spotify-project/venv/lib/python3.12/site-packages/airflow/example_dags/plugins/workday.py took 0.396 seconds
[2025-10-27T22:16:00.757-0300] {processor.py:161} INFO - Started process (PID=6541) to work on /home/joaosousa/projects/spotify-project/venv/lib/python3.12/site-packages/airflow/example_dags/plugins/workday.py
[2025-10-27T22:16:00.759-0300] {processor.py:830} INFO - Processing file /home/joaosousa/projects/spotify-project/venv/lib/python3.12/site-packages/airflow/example_dags/plugins/workday.py for tasks to queue
[2025-10-27T22:16:00.761-0300] {logging_mixin.py:188} INFO - [2025-10-27T22:16:00.760-0300] {dagbag.py:545} INFO - Filling up the DagBag from /home/joaosousa/projects/spotify-project/venv/lib/python3.12/site-packages/airflow/example_dags/plugins/workday.py
[2025-10-27T22:16:01.159-0300] {processor.py:842} WARNING - No viable dags retrieved from /home/joaosousa/projects/spotify-project/venv/lib/python3.12/site-packages/airflow/example_dags/plugins/workday.py
[2025-10-27T22:16:01.164-0300] {processor.py:183} INFO - Processing /home/joaosousa/projects/spotify-project/venv/lib/python3.12/site-packages/airflow/example_dags/plugins/workday.py took 0.411 seconds
[2025-10-27T22:16:38.510-0300] {processor.py:161} INFO - Started process (PID=6618) to work on /home/joaosousa/projects/spotify-project/venv/lib/python3.12/site-packages/airflow/example_dags/plugins/workday.py
[2025-10-27T22:16:38.512-0300] {processor.py:830} INFO - Processing file /home/joaosousa/projects/spotify-project/venv/lib/python3.12/site-packages/airflow/example_dags/plugins/workday.py for tasks to queue
[2025-10-27T22:16:38.513-0300] {logging_mixin.py:188} INFO - [2025-10-27T22:16:38.513-0300] {dagbag.py:545} INFO - Filling up the DagBag from /home/joaosousa/projects/spotify-project/venv/lib/python3.12/site-packages/airflow/example_dags/plugins/workday.py
[2025-10-27T22:16:38.888-0300] {processor.py:842} WARNING - No viable dags retrieved from /home/joaosousa/projects/spotify-project/venv/lib/python3.12/site-packages/airflow/example_dags/plugins/workday.py
[2025-10-27T22:16:38.893-0300] {processor.py:183} INFO - Processing /home/joaosousa/projects/spotify-project/venv/lib/python3.12/site-packages/airflow/example_dags/plugins/workday.py took 0.388 seconds
[2025-10-27T22:17:18.940-0300] {processor.py:161} INFO - Started process (PID=6699) to work on /home/joaosousa/projects/spotify-project/venv/lib/python3.12/site-packages/airflow/example_dags/plugins/workday.py
[2025-10-27T22:17:18.942-0300] {processor.py:830} INFO - Processing file /home/joaosousa/projects/spotify-project/venv/lib/python3.12/site-packages/airflow/example_dags/plugins/workday.py for tasks to queue
[2025-10-27T22:17:18.943-0300] {logging_mixin.py:188} INFO - [2025-10-27T22:17:18.943-0300] {dagbag.py:545} INFO - Filling up the DagBag from /home/joaosousa/projects/spotify-project/venv/lib/python3.12/site-packages/airflow/example_dags/plugins/workday.py
[2025-10-27T22:17:19.335-0300] {processor.py:842} WARNING - No viable dags retrieved from /home/joaosousa/projects/spotify-project/venv/lib/python3.12/site-packages/airflow/example_dags/plugins/workday.py
[2025-10-27T22:17:19.340-0300] {processor.py:183} INFO - Processing /home/joaosousa/projects/spotify-project/venv/lib/python3.12/site-packages/airflow/example_dags/plugins/workday.py took 0.406 seconds
[2025-10-27T22:18:01.422-0300] {processor.py:161} INFO - Started process (PID=6767) to work on /home/joaosousa/projects/spotify-project/venv/lib/python3.12/site-packages/airflow/example_dags/plugins/workday.py
[2025-10-27T22:18:01.424-0300] {processor.py:830} INFO - Processing file /home/joaosousa/projects/spotify-project/venv/lib/python3.12/site-packages/airflow/example_dags/plugins/workday.py for tasks to queue
[2025-10-27T22:18:01.426-0300] {logging_mixin.py:188} INFO - [2025-10-27T22:18:01.425-0300] {dagbag.py:545} INFO - Filling up the DagBag from /home/joaosousa/projects/spotify-project/venv/lib/python3.12/site-packages/airflow/example_dags/plugins/workday.py
[2025-10-27T22:18:01.794-0300] {processor.py:842} WARNING - No viable dags retrieved from /home/joaosousa/projects/spotify-project/venv/lib/python3.12/site-packages/airflow/example_dags/plugins/workday.py
[2025-10-27T22:18:01.798-0300] {processor.py:183} INFO - Processing /home/joaosousa/projects/spotify-project/venv/lib/python3.12/site-packages/airflow/example_dags/plugins/workday.py took 0.381 seconds
[2025-10-27T22:18:39.493-0300] {processor.py:161} INFO - Started process (PID=6847) to work on /home/joaosousa/projects/spotify-project/venv/lib/python3.12/site-packages/airflow/example_dags/plugins/workday.py
[2025-10-27T22:18:39.494-0300] {processor.py:830} INFO - Processing file /home/joaosousa/projects/spotify-project/venv/lib/python3.12/site-packages/airflow/example_dags/plugins/workday.py for tasks to queue
[2025-10-27T22:18:39.495-0300] {logging_mixin.py:188} INFO - [2025-10-27T22:18:39.495-0300] {dagbag.py:545} INFO - Filling up the DagBag from /home/joaosousa/projects/spotify-project/venv/lib/python3.12/site-packages/airflow/example_dags/plugins/workday.py
[2025-10-27T22:18:39.903-0300] {processor.py:842} WARNING - No viable dags retrieved from /home/joaosousa/projects/spotify-project/venv/lib/python3.12/site-packages/airflow/example_dags/plugins/workday.py
[2025-10-27T22:18:39.908-0300] {processor.py:183} INFO - Processing /home/joaosousa/projects/spotify-project/venv/lib/python3.12/site-packages/airflow/example_dags/plugins/workday.py took 0.420 seconds
[2025-10-27T22:19:20.643-0300] {processor.py:161} INFO - Started process (PID=6913) to work on /home/joaosousa/projects/spotify-project/venv/lib/python3.12/site-packages/airflow/example_dags/plugins/workday.py
[2025-10-27T22:19:20.645-0300] {processor.py:830} INFO - Processing file /home/joaosousa/projects/spotify-project/venv/lib/python3.12/site-packages/airflow/example_dags/plugins/workday.py for tasks to queue
[2025-10-27T22:19:20.646-0300] {logging_mixin.py:188} INFO - [2025-10-27T22:19:20.646-0300] {dagbag.py:545} INFO - Filling up the DagBag from /home/joaosousa/projects/spotify-project/venv/lib/python3.12/site-packages/airflow/example_dags/plugins/workday.py
[2025-10-27T22:19:21.014-0300] {processor.py:842} WARNING - No viable dags retrieved from /home/joaosousa/projects/spotify-project/venv/lib/python3.12/site-packages/airflow/example_dags/plugins/workday.py
[2025-10-27T22:19:21.018-0300] {processor.py:183} INFO - Processing /home/joaosousa/projects/spotify-project/venv/lib/python3.12/site-packages/airflow/example_dags/plugins/workday.py took 0.380 seconds
[2025-10-27T22:19:59.343-0300] {processor.py:161} INFO - Started process (PID=6979) to work on /home/joaosousa/projects/spotify-project/venv/lib/python3.12/site-packages/airflow/example_dags/plugins/workday.py
[2025-10-27T22:19:59.345-0300] {processor.py:830} INFO - Processing file /home/joaosousa/projects/spotify-project/venv/lib/python3.12/site-packages/airflow/example_dags/plugins/workday.py for tasks to queue
[2025-10-27T22:19:59.347-0300] {logging_mixin.py:188} INFO - [2025-10-27T22:19:59.346-0300] {dagbag.py:545} INFO - Filling up the DagBag from /home/joaosousa/projects/spotify-project/venv/lib/python3.12/site-packages/airflow/example_dags/plugins/workday.py
[2025-10-27T22:19:59.724-0300] {processor.py:842} WARNING - No viable dags retrieved from /home/joaosousa/projects/spotify-project/venv/lib/python3.12/site-packages/airflow/example_dags/plugins/workday.py
[2025-10-27T22:19:59.729-0300] {processor.py:183} INFO - Processing /home/joaosousa/projects/spotify-project/venv/lib/python3.12/site-packages/airflow/example_dags/plugins/workday.py took 0.390 seconds
[2025-10-27T22:20:34.079-0300] {processor.py:161} INFO - Started process (PID=7040) to work on /home/joaosousa/projects/spotify-project/venv/lib/python3.12/site-packages/airflow/example_dags/plugins/workday.py
[2025-10-27T22:20:34.081-0300] {processor.py:830} INFO - Processing file /home/joaosousa/projects/spotify-project/venv/lib/python3.12/site-packages/airflow/example_dags/plugins/workday.py for tasks to queue
[2025-10-27T22:20:34.083-0300] {logging_mixin.py:188} INFO - [2025-10-27T22:20:34.082-0300] {dagbag.py:545} INFO - Filling up the DagBag from /home/joaosousa/projects/spotify-project/venv/lib/python3.12/site-packages/airflow/example_dags/plugins/workday.py
[2025-10-27T22:20:34.490-0300] {processor.py:842} WARNING - No viable dags retrieved from /home/joaosousa/projects/spotify-project/venv/lib/python3.12/site-packages/airflow/example_dags/plugins/workday.py
[2025-10-27T22:20:34.496-0300] {processor.py:183} INFO - Processing /home/joaosousa/projects/spotify-project/venv/lib/python3.12/site-packages/airflow/example_dags/plugins/workday.py took 0.421 seconds
[2025-10-27T22:21:13.317-0300] {processor.py:161} INFO - Started process (PID=7105) to work on /home/joaosousa/projects/spotify-project/venv/lib/python3.12/site-packages/airflow/example_dags/plugins/workday.py
[2025-10-27T22:21:13.318-0300] {processor.py:830} INFO - Processing file /home/joaosousa/projects/spotify-project/venv/lib/python3.12/site-packages/airflow/example_dags/plugins/workday.py for tasks to queue
[2025-10-27T22:21:13.320-0300] {logging_mixin.py:188} INFO - [2025-10-27T22:21:13.319-0300] {dagbag.py:545} INFO - Filling up the DagBag from /home/joaosousa/projects/spotify-project/venv/lib/python3.12/site-packages/airflow/example_dags/plugins/workday.py
[2025-10-27T22:21:13.690-0300] {processor.py:842} WARNING - No viable dags retrieved from /home/joaosousa/projects/spotify-project/venv/lib/python3.12/site-packages/airflow/example_dags/plugins/workday.py
[2025-10-27T22:21:13.695-0300] {processor.py:183} INFO - Processing /home/joaosousa/projects/spotify-project/venv/lib/python3.12/site-packages/airflow/example_dags/plugins/workday.py took 0.382 seconds
[2025-10-27T22:21:53.909-0300] {processor.py:161} INFO - Started process (PID=7172) to work on /home/joaosousa/projects/spotify-project/venv/lib/python3.12/site-packages/airflow/example_dags/plugins/workday.py
[2025-10-27T22:21:53.911-0300] {processor.py:830} INFO - Processing file /home/joaosousa/projects/spotify-project/venv/lib/python3.12/site-packages/airflow/example_dags/plugins/workday.py for tasks to queue
[2025-10-27T22:21:53.912-0300] {logging_mixin.py:188} INFO - [2025-10-27T22:21:53.912-0300] {dagbag.py:545} INFO - Filling up the DagBag from /home/joaosousa/projects/spotify-project/venv/lib/python3.12/site-packages/airflow/example_dags/plugins/workday.py
[2025-10-27T22:21:54.309-0300] {processor.py:842} WARNING - No viable dags retrieved from /home/joaosousa/projects/spotify-project/venv/lib/python3.12/site-packages/airflow/example_dags/plugins/workday.py
[2025-10-27T22:21:54.314-0300] {processor.py:183} INFO - Processing /home/joaosousa/projects/spotify-project/venv/lib/python3.12/site-packages/airflow/example_dags/plugins/workday.py took 0.410 seconds
