[2025-10-27T21:30:02.929-0300] {local_task_job_runner.py:120} INFO - ::group::Pre task execution logs
[2025-10-27T21:30:02.939-0300] {taskinstance.py:2076} INFO - Dependencies all met for dep_context=non-requeueable deps ti=<TaskInstance: spotify_pipeline.extract_spotify_data manual__2025-10-28T00:29:45.473457+00:00 [queued]>
[2025-10-27T21:30:02.942-0300] {taskinstance.py:2076} INFO - Dependencies all met for dep_context=requeueable deps ti=<TaskInstance: spotify_pipeline.extract_spotify_data manual__2025-10-28T00:29:45.473457+00:00 [queued]>
[2025-10-27T21:30:02.942-0300] {taskinstance.py:2306} INFO - Starting attempt 1 of 2
[2025-10-27T21:30:02.952-0300] {taskinstance.py:2330} INFO - Executing <Task(PythonOperator): extract_spotify_data> on 2025-10-28 00:29:45.473457+00:00
[2025-10-27T21:30:02.960-0300] {standard_task_runner.py:90} INFO - Running: ['airflow', 'tasks', 'run', 'spotify_pipeline', 'extract_spotify_data', 'manual__2025-10-28T00:29:45.473457+00:00', '--job-id', '12', '--raw', '--subdir', 'DAGS_FOLDER/pipeline_spotify.py', '--cfg-path', '/tmp/tmpx59nfqdq']
[2025-10-27T21:30:02.960-0300] {standard_task_runner.py:91} INFO - Job 12: Subtask extract_spotify_data
[2025-10-27T21:30:02.962-0300] {logging_mixin.py:188} WARNING - /home/joaosousa/projects/spotify-project/venv/lib/python3.12/site-packages/airflow/task/task_runner/standard_task_runner.py:61 DeprecationWarning: This process (pid=979) is multi-threaded, use of fork() may lead to deadlocks in the child.
[2025-10-27T21:30:02.963-0300] {standard_task_runner.py:63} INFO - Started process 993 to run task
[2025-10-27T21:30:02.984-0300] {task_command.py:426} INFO - Running <TaskInstance: spotify_pipeline.extract_spotify_data manual__2025-10-28T00:29:45.473457+00:00 [running]> on host DESKTOP-9L7P50Q.localdomain
[2025-10-27T21:30:03.026-0300] {taskinstance.py:2648} INFO - Exporting env vars: AIRFLOW_CTX_DAG_OWNER='joao' AIRFLOW_CTX_DAG_ID='spotify_pipeline' AIRFLOW_CTX_TASK_ID='extract_spotify_data' AIRFLOW_CTX_EXECUTION_DATE='2025-10-28T00:29:45.473457+00:00' AIRFLOW_CTX_TRY_NUMBER='1' AIRFLOW_CTX_DAG_RUN_ID='manual__2025-10-28T00:29:45.473457+00:00'
[2025-10-27T21:30:03.027-0300] {taskinstance.py:430} INFO - ::endgroup::
[2025-10-27T21:30:05.224-0300] {logging_mixin.py:188} WARNING - /home/joaosousa/projects/spotify-project/venv/lib/python3.12/site-packages/google/cloud/bigquery/table.py:2689 UserWarning: A progress bar was requested, but there was an error loading the tqdm library. Please install tqdm to use the progress bar functionality.
[2025-10-27T21:30:05.540-0300] {logging_mixin.py:188} INFO - Nenhuma música nova encontrada.
[2025-10-27T21:30:05.540-0300] {python.py:237} INFO - Done. Returned value was: None
[2025-10-27T21:30:05.540-0300] {taskinstance.py:441} INFO - ::group::Post task execution logs
[2025-10-27T21:30:05.543-0300] {taskinstance.py:1206} INFO - Marking task as SUCCESS. dag_id=spotify_pipeline, task_id=extract_spotify_data, run_id=manual__2025-10-28T00:29:45.473457+00:00, execution_date=20251028T002945, start_date=20251028T003002, end_date=20251028T003005
[2025-10-27T21:30:05.589-0300] {local_task_job_runner.py:240} INFO - Task exited with return code 0
[2025-10-27T21:30:05.598-0300] {taskinstance.py:3503} INFO - 1 downstream tasks scheduled from follow-on schedule check
[2025-10-27T21:30:05.604-0300] {local_task_job_runner.py:222} INFO - ::endgroup::
