[2025-10-26T15:43:08.785-0300] {local_task_job_runner.py:120} INFO - ::group::Pre task execution logs
[2025-10-26T15:43:08.794-0300] {taskinstance.py:2076} INFO - Dependencies all met for dep_context=non-requeueable deps ti=<TaskInstance: spotify_pipeline.run_dbt_models manual__2025-10-26T18:42:58.550597+00:00 [queued]>
[2025-10-26T15:43:08.796-0300] {taskinstance.py:2076} INFO - Dependencies all met for dep_context=requeueable deps ti=<TaskInstance: spotify_pipeline.run_dbt_models manual__2025-10-26T18:42:58.550597+00:00 [queued]>
[2025-10-26T15:43:08.797-0300] {taskinstance.py:2306} INFO - Starting attempt 1 of 2
[2025-10-26T15:43:08.807-0300] {taskinstance.py:2330} INFO - Executing <Task(BashOperator): run_dbt_models> on 2025-10-26 18:42:58.550597+00:00
[2025-10-26T15:43:08.814-0300] {standard_task_runner.py:90} INFO - Running: ['airflow', 'tasks', 'run', 'spotify_pipeline', 'run_dbt_models', 'manual__2025-10-26T18:42:58.550597+00:00', '--job-id', '6', '--raw', '--subdir', 'DAGS_FOLDER/pipeline_spotify.py', '--cfg-path', '/tmp/tmpb0xji2w8']
[2025-10-26T15:43:08.814-0300] {standard_task_runner.py:91} INFO - Job 6: Subtask run_dbt_models
[2025-10-26T15:43:08.816-0300] {logging_mixin.py:188} WARNING - /home/joaosousa/projects/spotify-project/venv/lib/python3.12/site-packages/airflow/task/task_runner/standard_task_runner.py:61 DeprecationWarning: This process (pid=15438) is multi-threaded, use of fork() may lead to deadlocks in the child.
[2025-10-26T15:43:08.817-0300] {standard_task_runner.py:63} INFO - Started process 15452 to run task
[2025-10-26T15:43:08.838-0300] {task_command.py:426} INFO - Running <TaskInstance: spotify_pipeline.run_dbt_models manual__2025-10-26T18:42:58.550597+00:00 [running]> on host DESKTOP-9L7P50Q.localdomain
[2025-10-26T15:43:08.877-0300] {taskinstance.py:2648} INFO - Exporting env vars: AIRFLOW_CTX_DAG_OWNER='joao' AIRFLOW_CTX_DAG_ID='spotify_pipeline' AIRFLOW_CTX_TASK_ID='run_dbt_models' AIRFLOW_CTX_EXECUTION_DATE='2025-10-26T18:42:58.550597+00:00' AIRFLOW_CTX_TRY_NUMBER='1' AIRFLOW_CTX_DAG_RUN_ID='manual__2025-10-26T18:42:58.550597+00:00'
[2025-10-26T15:43:08.878-0300] {taskinstance.py:430} INFO - ::endgroup::
[2025-10-26T15:43:08.878-0300] {subprocess.py:63} INFO - Tmp dir root location: /tmp
[2025-10-26T15:43:08.879-0300] {subprocess.py:75} INFO - Running command: ['/usr/bin/bash', '-c', 'cd ~/projects/spotify-project/spotify-dbt/spotify_project && dbt run --profiles-dir .']
[2025-10-26T15:43:08.887-0300] {subprocess.py:86} INFO - Output:
[2025-10-26T15:43:09.984-0300] {subprocess.py:93} INFO - [0m18:43:09  Running with dbt=1.11.0-b3
[2025-10-26T15:43:12.089-0300] {subprocess.py:93} INFO - [0m18:43:12  Registered adapter: bigquery=1.10.2
[2025-10-26T15:43:12.355-0300] {subprocess.py:93} INFO - [0m18:43:12  [[33mWARNING[0m]: Configuration paths exist in your dbt_project.yml file which do not apply to any resources.
[2025-10-26T15:43:12.356-0300] {subprocess.py:93} INFO - There are 1 unused configuration paths:
[2025-10-26T15:43:12.356-0300] {subprocess.py:93} INFO - - models.spotify_project.landing
[2025-10-26T15:43:12.451-0300] {subprocess.py:93} INFO - [0m18:43:12  Found 6 models, 3 data tests, 1 source, 509 macros
[2025-10-26T15:43:12.452-0300] {subprocess.py:93} INFO - [0m18:43:12
[2025-10-26T15:43:12.453-0300] {subprocess.py:93} INFO - [0m18:43:12  Concurrency: 1 threads (target='dev')
[2025-10-26T15:43:12.453-0300] {subprocess.py:93} INFO - [0m18:43:12
[2025-10-26T15:43:15.304-0300] {subprocess.py:93} INFO - [0m18:43:15  1 of 6 START sql table model datalake.album_to_artists ......................... [RUN]
[2025-10-26T15:43:18.415-0300] {subprocess.py:93} INFO - [0m18:43:18  1 of 6 OK created sql table model datalake.album_to_artists .................... [[32mCREATE TABLE (89.0 rows, 14.4 KiB processed)[0m in 3.11s]
[2025-10-26T15:43:18.417-0300] {subprocess.py:93} INFO - [0m18:43:18  2 of 6 START sql table model datalake.listened_tracks .......................... [RUN]
[2025-10-26T15:43:21.152-0300] {subprocess.py:93} INFO - [0m18:43:21  2 of 6 OK created sql table model datalake.listened_tracks ..................... [[32mCREATE TABLE (89.0 rows, 29.3 KiB processed)[0m in 2.73s]
[2025-10-26T15:43:21.154-0300] {subprocess.py:93} INFO - [0m18:43:21  3 of 6 START sql table model datalake.track_to_artists ......................... [RUN]
[2025-10-26T15:43:26.611-0300] {subprocess.py:93} INFO - [0m18:43:26  3 of 6 OK created sql table model datalake.track_to_artists .................... [[32mCREATE TABLE (91.0 rows, 16.2 KiB processed)[0m in 5.46s]
[2025-10-26T15:43:26.612-0300] {subprocess.py:93} INFO - [0m18:43:26  4 of 6 START sql table model datawarehouse.dim_albums .......................... [RUN]
[2025-10-26T15:43:29.758-0300] {subprocess.py:93} INFO - [0m18:43:29  4 of 6 OK created sql table model datawarehouse.dim_albums ..................... [[32mCREATE TABLE (57.0 rows, 6.4 KiB processed)[0m in 3.14s]
[2025-10-26T15:43:29.759-0300] {subprocess.py:93} INFO - [0m18:43:29  5 of 6 START sql table model datawarehouse.dim_artists ......................... [RUN]
[2025-10-26T15:43:32.926-0300] {subprocess.py:93} INFO - [0m18:43:32  5 of 6 OK created sql table model datawarehouse.dim_artists .................... [[32mCREATE TABLE (68.0 rows, 23.0 KiB processed)[0m in 3.17s]
[2025-10-26T15:43:32.927-0300] {subprocess.py:93} INFO - [0m18:43:32  6 of 6 START sql table model datawarehouse.fact_listened_tracks ................ [RUN]
[2025-10-26T15:43:35.855-0300] {subprocess.py:93} INFO - [0m18:43:35  6 of 6 OK created sql table model datawarehouse.fact_listened_tracks ........... [[32mCREATE TABLE (115.0 rows, 15.3 KiB processed)[0m in 2.93s]
[2025-10-26T15:43:35.858-0300] {subprocess.py:93} INFO - [0m18:43:35
[2025-10-26T15:43:35.858-0300] {subprocess.py:93} INFO - [0m18:43:35  Finished running 6 table models in 0 hours 0 minutes and 23.40 seconds (23.40s).
[2025-10-26T15:43:35.886-0300] {subprocess.py:93} INFO - [0m18:43:35
[2025-10-26T15:43:35.886-0300] {subprocess.py:93} INFO - [0m18:43:35  [32mCompleted successfully[0m
[2025-10-26T15:43:35.886-0300] {subprocess.py:93} INFO - [0m18:43:35
[2025-10-26T15:43:35.887-0300] {subprocess.py:93} INFO - [0m18:43:35  Done. PASS=6 WARN=0 ERROR=0 SKIP=0 NO-OP=0 TOTAL=6
[2025-10-26T15:43:37.018-0300] {subprocess.py:97} INFO - Command exited with return code 0
[2025-10-26T15:43:37.018-0300] {taskinstance.py:441} INFO - ::group::Post task execution logs
[2025-10-26T15:43:37.030-0300] {taskinstance.py:1206} INFO - Marking task as SUCCESS. dag_id=spotify_pipeline, task_id=run_dbt_models, run_id=manual__2025-10-26T18:42:58.550597+00:00, execution_date=20251026T184258, start_date=20251026T184308, end_date=20251026T184337
[2025-10-26T15:43:37.081-0300] {local_task_job_runner.py:240} INFO - Task exited with return code 0
[2025-10-26T15:43:37.086-0300] {taskinstance.py:3503} INFO - 0 downstream tasks scheduled from follow-on schedule check
[2025-10-26T15:43:37.086-0300] {local_task_job_runner.py:222} INFO - ::endgroup::
