[2025-10-27T21:30:43.350-0300] {processor.py:161} INFO - Started process (PID=1067) to work on /home/joaosousa/projects/spotify-project/venv/lib/python3.12/site-packages/airflow/example_dags/subdags/subdag.py
[2025-10-27T21:30:43.351-0300] {processor.py:830} INFO - Processing file /home/joaosousa/projects/spotify-project/venv/lib/python3.12/site-packages/airflow/example_dags/subdags/subdag.py for tasks to queue
[2025-10-27T21:30:43.352-0300] {logging_mixin.py:188} INFO - [2025-10-27T21:30:43.351-0300] {dagbag.py:545} INFO - Filling up the DagBag from /home/joaosousa/projects/spotify-project/venv/lib/python3.12/site-packages/airflow/example_dags/subdags/subdag.py
[2025-10-27T21:30:43.353-0300] {processor.py:842} WARNING - No viable dags retrieved from /home/joaosousa/projects/spotify-project/venv/lib/python3.12/site-packages/airflow/example_dags/subdags/subdag.py
[2025-10-27T21:30:43.361-0300] {processor.py:183} INFO - Processing /home/joaosousa/projects/spotify-project/venv/lib/python3.12/site-packages/airflow/example_dags/subdags/subdag.py took 0.016 seconds
[2025-10-27T21:31:33.380-0300] {processor.py:161} INFO - Started process (PID=1145) to work on /home/joaosousa/projects/spotify-project/venv/lib/python3.12/site-packages/airflow/example_dags/subdags/subdag.py
[2025-10-27T21:31:33.382-0300] {processor.py:830} INFO - Processing file /home/joaosousa/projects/spotify-project/venv/lib/python3.12/site-packages/airflow/example_dags/subdags/subdag.py for tasks to queue
[2025-10-27T21:31:33.384-0300] {logging_mixin.py:188} INFO - [2025-10-27T21:31:33.383-0300] {dagbag.py:545} INFO - Filling up the DagBag from /home/joaosousa/projects/spotify-project/venv/lib/python3.12/site-packages/airflow/example_dags/subdags/subdag.py
[2025-10-27T21:31:33.385-0300] {processor.py:842} WARNING - No viable dags retrieved from /home/joaosousa/projects/spotify-project/venv/lib/python3.12/site-packages/airflow/example_dags/subdags/subdag.py
[2025-10-27T21:31:33.393-0300] {processor.py:183} INFO - Processing /home/joaosousa/projects/spotify-project/venv/lib/python3.12/site-packages/airflow/example_dags/subdags/subdag.py took 0.017 seconds
[2025-10-27T21:32:23.767-0300] {processor.py:161} INFO - Started process (PID=1328) to work on /home/joaosousa/projects/spotify-project/venv/lib/python3.12/site-packages/airflow/example_dags/subdags/subdag.py
[2025-10-27T21:32:23.769-0300] {processor.py:830} INFO - Processing file /home/joaosousa/projects/spotify-project/venv/lib/python3.12/site-packages/airflow/example_dags/subdags/subdag.py for tasks to queue
[2025-10-27T21:32:23.770-0300] {logging_mixin.py:188} INFO - [2025-10-27T21:32:23.770-0300] {dagbag.py:545} INFO - Filling up the DagBag from /home/joaosousa/projects/spotify-project/venv/lib/python3.12/site-packages/airflow/example_dags/subdags/subdag.py
[2025-10-27T21:32:23.772-0300] {processor.py:842} WARNING - No viable dags retrieved from /home/joaosousa/projects/spotify-project/venv/lib/python3.12/site-packages/airflow/example_dags/subdags/subdag.py
[2025-10-27T21:32:23.779-0300] {processor.py:183} INFO - Processing /home/joaosousa/projects/spotify-project/venv/lib/python3.12/site-packages/airflow/example_dags/subdags/subdag.py took 0.016 seconds
[2025-10-27T21:33:10.539-0300] {processor.py:161} INFO - Started process (PID=1401) to work on /home/joaosousa/projects/spotify-project/venv/lib/python3.12/site-packages/airflow/example_dags/subdags/subdag.py
[2025-10-27T21:33:10.541-0300] {processor.py:830} INFO - Processing file /home/joaosousa/projects/spotify-project/venv/lib/python3.12/site-packages/airflow/example_dags/subdags/subdag.py for tasks to queue
[2025-10-27T21:33:10.542-0300] {logging_mixin.py:188} INFO - [2025-10-27T21:33:10.542-0300] {dagbag.py:545} INFO - Filling up the DagBag from /home/joaosousa/projects/spotify-project/venv/lib/python3.12/site-packages/airflow/example_dags/subdags/subdag.py
[2025-10-27T21:33:10.544-0300] {processor.py:842} WARNING - No viable dags retrieved from /home/joaosousa/projects/spotify-project/venv/lib/python3.12/site-packages/airflow/example_dags/subdags/subdag.py
[2025-10-27T21:33:10.552-0300] {processor.py:183} INFO - Processing /home/joaosousa/projects/spotify-project/venv/lib/python3.12/site-packages/airflow/example_dags/subdags/subdag.py took 0.017 seconds
[2025-10-27T21:33:51.400-0300] {processor.py:161} INFO - Started process (PID=1467) to work on /home/joaosousa/projects/spotify-project/venv/lib/python3.12/site-packages/airflow/example_dags/subdags/subdag.py
[2025-10-27T21:33:51.401-0300] {processor.py:830} INFO - Processing file /home/joaosousa/projects/spotify-project/venv/lib/python3.12/site-packages/airflow/example_dags/subdags/subdag.py for tasks to queue
[2025-10-27T21:33:51.403-0300] {logging_mixin.py:188} INFO - [2025-10-27T21:33:51.402-0300] {dagbag.py:545} INFO - Filling up the DagBag from /home/joaosousa/projects/spotify-project/venv/lib/python3.12/site-packages/airflow/example_dags/subdags/subdag.py
[2025-10-27T21:33:51.404-0300] {processor.py:842} WARNING - No viable dags retrieved from /home/joaosousa/projects/spotify-project/venv/lib/python3.12/site-packages/airflow/example_dags/subdags/subdag.py
[2025-10-27T21:33:51.412-0300] {processor.py:183} INFO - Processing /home/joaosousa/projects/spotify-project/venv/lib/python3.12/site-packages/airflow/example_dags/subdags/subdag.py took 0.016 seconds
[2025-10-27T21:34:33.286-0300] {processor.py:161} INFO - Started process (PID=1535) to work on /home/joaosousa/projects/spotify-project/venv/lib/python3.12/site-packages/airflow/example_dags/subdags/subdag.py
[2025-10-27T21:34:33.288-0300] {processor.py:830} INFO - Processing file /home/joaosousa/projects/spotify-project/venv/lib/python3.12/site-packages/airflow/example_dags/subdags/subdag.py for tasks to queue
[2025-10-27T21:34:33.289-0300] {logging_mixin.py:188} INFO - [2025-10-27T21:34:33.289-0300] {dagbag.py:545} INFO - Filling up the DagBag from /home/joaosousa/projects/spotify-project/venv/lib/python3.12/site-packages/airflow/example_dags/subdags/subdag.py
[2025-10-27T21:34:33.291-0300] {processor.py:842} WARNING - No viable dags retrieved from /home/joaosousa/projects/spotify-project/venv/lib/python3.12/site-packages/airflow/example_dags/subdags/subdag.py
[2025-10-27T21:34:33.298-0300] {processor.py:183} INFO - Processing /home/joaosousa/projects/spotify-project/venv/lib/python3.12/site-packages/airflow/example_dags/subdags/subdag.py took 0.015 seconds
[2025-10-27T21:35:10.520-0300] {processor.py:161} INFO - Started process (PID=1599) to work on /home/joaosousa/projects/spotify-project/venv/lib/python3.12/site-packages/airflow/example_dags/subdags/subdag.py
[2025-10-27T21:35:10.522-0300] {processor.py:830} INFO - Processing file /home/joaosousa/projects/spotify-project/venv/lib/python3.12/site-packages/airflow/example_dags/subdags/subdag.py for tasks to queue
[2025-10-27T21:35:10.524-0300] {logging_mixin.py:188} INFO - [2025-10-27T21:35:10.523-0300] {dagbag.py:545} INFO - Filling up the DagBag from /home/joaosousa/projects/spotify-project/venv/lib/python3.12/site-packages/airflow/example_dags/subdags/subdag.py
[2025-10-27T21:35:10.525-0300] {processor.py:842} WARNING - No viable dags retrieved from /home/joaosousa/projects/spotify-project/venv/lib/python3.12/site-packages/airflow/example_dags/subdags/subdag.py
[2025-10-27T21:35:10.532-0300] {processor.py:183} INFO - Processing /home/joaosousa/projects/spotify-project/venv/lib/python3.12/site-packages/airflow/example_dags/subdags/subdag.py took 0.016 seconds
[2025-10-27T21:35:53.891-0300] {processor.py:161} INFO - Started process (PID=1667) to work on /home/joaosousa/projects/spotify-project/venv/lib/python3.12/site-packages/airflow/example_dags/subdags/subdag.py
[2025-10-27T21:35:53.892-0300] {processor.py:830} INFO - Processing file /home/joaosousa/projects/spotify-project/venv/lib/python3.12/site-packages/airflow/example_dags/subdags/subdag.py for tasks to queue
[2025-10-27T21:35:53.894-0300] {logging_mixin.py:188} INFO - [2025-10-27T21:35:53.894-0300] {dagbag.py:545} INFO - Filling up the DagBag from /home/joaosousa/projects/spotify-project/venv/lib/python3.12/site-packages/airflow/example_dags/subdags/subdag.py
[2025-10-27T21:35:53.895-0300] {processor.py:842} WARNING - No viable dags retrieved from /home/joaosousa/projects/spotify-project/venv/lib/python3.12/site-packages/airflow/example_dags/subdags/subdag.py
[2025-10-27T21:35:53.903-0300] {processor.py:183} INFO - Processing /home/joaosousa/projects/spotify-project/venv/lib/python3.12/site-packages/airflow/example_dags/subdags/subdag.py took 0.016 seconds
[2025-10-27T21:36:43.931-0300] {processor.py:161} INFO - Started process (PID=1738) to work on /home/joaosousa/projects/spotify-project/venv/lib/python3.12/site-packages/airflow/example_dags/subdags/subdag.py
[2025-10-27T21:36:43.933-0300] {processor.py:830} INFO - Processing file /home/joaosousa/projects/spotify-project/venv/lib/python3.12/site-packages/airflow/example_dags/subdags/subdag.py for tasks to queue
[2025-10-27T21:36:43.935-0300] {logging_mixin.py:188} INFO - [2025-10-27T21:36:43.934-0300] {dagbag.py:545} INFO - Filling up the DagBag from /home/joaosousa/projects/spotify-project/venv/lib/python3.12/site-packages/airflow/example_dags/subdags/subdag.py
[2025-10-27T21:36:43.936-0300] {processor.py:842} WARNING - No viable dags retrieved from /home/joaosousa/projects/spotify-project/venv/lib/python3.12/site-packages/airflow/example_dags/subdags/subdag.py
[2025-10-27T21:36:43.944-0300] {processor.py:183} INFO - Processing /home/joaosousa/projects/spotify-project/venv/lib/python3.12/site-packages/airflow/example_dags/subdags/subdag.py took 0.017 seconds
[2025-10-27T21:37:27.590-0300] {processor.py:161} INFO - Started process (PID=1808) to work on /home/joaosousa/projects/spotify-project/venv/lib/python3.12/site-packages/airflow/example_dags/subdags/subdag.py
[2025-10-27T21:37:27.591-0300] {processor.py:830} INFO - Processing file /home/joaosousa/projects/spotify-project/venv/lib/python3.12/site-packages/airflow/example_dags/subdags/subdag.py for tasks to queue
[2025-10-27T21:37:27.593-0300] {logging_mixin.py:188} INFO - [2025-10-27T21:37:27.592-0300] {dagbag.py:545} INFO - Filling up the DagBag from /home/joaosousa/projects/spotify-project/venv/lib/python3.12/site-packages/airflow/example_dags/subdags/subdag.py
[2025-10-27T21:37:27.594-0300] {processor.py:842} WARNING - No viable dags retrieved from /home/joaosousa/projects/spotify-project/venv/lib/python3.12/site-packages/airflow/example_dags/subdags/subdag.py
[2025-10-27T21:37:27.602-0300] {processor.py:183} INFO - Processing /home/joaosousa/projects/spotify-project/venv/lib/python3.12/site-packages/airflow/example_dags/subdags/subdag.py took 0.016 seconds
[2025-10-27T21:38:12.003-0300] {processor.py:161} INFO - Started process (PID=1879) to work on /home/joaosousa/projects/spotify-project/venv/lib/python3.12/site-packages/airflow/example_dags/subdags/subdag.py
[2025-10-27T21:38:12.005-0300] {processor.py:830} INFO - Processing file /home/joaosousa/projects/spotify-project/venv/lib/python3.12/site-packages/airflow/example_dags/subdags/subdag.py for tasks to queue
[2025-10-27T21:38:12.007-0300] {logging_mixin.py:188} INFO - [2025-10-27T21:38:12.006-0300] {dagbag.py:545} INFO - Filling up the DagBag from /home/joaosousa/projects/spotify-project/venv/lib/python3.12/site-packages/airflow/example_dags/subdags/subdag.py
[2025-10-27T21:38:12.008-0300] {processor.py:842} WARNING - No viable dags retrieved from /home/joaosousa/projects/spotify-project/venv/lib/python3.12/site-packages/airflow/example_dags/subdags/subdag.py
[2025-10-27T21:38:12.017-0300] {processor.py:183} INFO - Processing /home/joaosousa/projects/spotify-project/venv/lib/python3.12/site-packages/airflow/example_dags/subdags/subdag.py took 0.018 seconds
[2025-10-27T21:38:50.027-0300] {processor.py:161} INFO - Started process (PID=1949) to work on /home/joaosousa/projects/spotify-project/venv/lib/python3.12/site-packages/airflow/example_dags/subdags/subdag.py
[2025-10-27T21:38:50.028-0300] {processor.py:830} INFO - Processing file /home/joaosousa/projects/spotify-project/venv/lib/python3.12/site-packages/airflow/example_dags/subdags/subdag.py for tasks to queue
[2025-10-27T21:38:50.029-0300] {logging_mixin.py:188} INFO - [2025-10-27T21:38:50.029-0300] {dagbag.py:545} INFO - Filling up the DagBag from /home/joaosousa/projects/spotify-project/venv/lib/python3.12/site-packages/airflow/example_dags/subdags/subdag.py
[2025-10-27T21:38:50.031-0300] {processor.py:842} WARNING - No viable dags retrieved from /home/joaosousa/projects/spotify-project/venv/lib/python3.12/site-packages/airflow/example_dags/subdags/subdag.py
[2025-10-27T21:38:50.038-0300] {processor.py:183} INFO - Processing /home/joaosousa/projects/spotify-project/venv/lib/python3.12/site-packages/airflow/example_dags/subdags/subdag.py took 0.016 seconds
[2025-10-27T21:39:27.805-0300] {processor.py:161} INFO - Started process (PID=2019) to work on /home/joaosousa/projects/spotify-project/venv/lib/python3.12/site-packages/airflow/example_dags/subdags/subdag.py
[2025-10-27T21:39:27.806-0300] {processor.py:830} INFO - Processing file /home/joaosousa/projects/spotify-project/venv/lib/python3.12/site-packages/airflow/example_dags/subdags/subdag.py for tasks to queue
[2025-10-27T21:39:27.807-0300] {logging_mixin.py:188} INFO - [2025-10-27T21:39:27.807-0300] {dagbag.py:545} INFO - Filling up the DagBag from /home/joaosousa/projects/spotify-project/venv/lib/python3.12/site-packages/airflow/example_dags/subdags/subdag.py
[2025-10-27T21:39:27.809-0300] {processor.py:842} WARNING - No viable dags retrieved from /home/joaosousa/projects/spotify-project/venv/lib/python3.12/site-packages/airflow/example_dags/subdags/subdag.py
[2025-10-27T21:39:27.817-0300] {processor.py:183} INFO - Processing /home/joaosousa/projects/spotify-project/venv/lib/python3.12/site-packages/airflow/example_dags/subdags/subdag.py took 0.017 seconds
[2025-10-27T21:40:11.137-0300] {processor.py:161} INFO - Started process (PID=2092) to work on /home/joaosousa/projects/spotify-project/venv/lib/python3.12/site-packages/airflow/example_dags/subdags/subdag.py
[2025-10-27T21:40:11.138-0300] {processor.py:830} INFO - Processing file /home/joaosousa/projects/spotify-project/venv/lib/python3.12/site-packages/airflow/example_dags/subdags/subdag.py for tasks to queue
[2025-10-27T21:40:11.139-0300] {logging_mixin.py:188} INFO - [2025-10-27T21:40:11.139-0300] {dagbag.py:545} INFO - Filling up the DagBag from /home/joaosousa/projects/spotify-project/venv/lib/python3.12/site-packages/airflow/example_dags/subdags/subdag.py
[2025-10-27T21:40:11.141-0300] {processor.py:842} WARNING - No viable dags retrieved from /home/joaosousa/projects/spotify-project/venv/lib/python3.12/site-packages/airflow/example_dags/subdags/subdag.py
[2025-10-27T21:40:11.148-0300] {processor.py:183} INFO - Processing /home/joaosousa/projects/spotify-project/venv/lib/python3.12/site-packages/airflow/example_dags/subdags/subdag.py took 0.015 seconds
