[2025-10-26T15:41:48.997-0300] {local_task_job_runner.py:120} INFO - ::group::Pre task execution logs
[2025-10-26T15:41:49.006-0300] {taskinstance.py:2076} INFO - Dependencies all met for dep_context=non-requeueable deps ti=<TaskInstance: spotify_pipeline.run_dbt_models manual__2025-10-26T18:41:34.060621+00:00 [queued]>
[2025-10-26T15:41:49.010-0300] {taskinstance.py:2076} INFO - Dependencies all met for dep_context=requeueable deps ti=<TaskInstance: spotify_pipeline.run_dbt_models manual__2025-10-26T18:41:34.060621+00:00 [queued]>
[2025-10-26T15:41:49.010-0300] {taskinstance.py:2306} INFO - Starting attempt 1 of 2
[2025-10-26T15:41:49.019-0300] {taskinstance.py:2330} INFO - Executing <Task(BashOperator): run_dbt_models> on 2025-10-26 18:41:34.060621+00:00
[2025-10-26T15:41:49.027-0300] {standard_task_runner.py:90} INFO - Running: ['airflow', 'tasks', 'run', 'spotify_pipeline', 'run_dbt_models', 'manual__2025-10-26T18:41:34.060621+00:00', '--job-id', '4', '--raw', '--subdir', 'DAGS_FOLDER/pipeline_spotify.py', '--cfg-path', '/tmp/tmp5h78zb74']
[2025-10-26T15:41:49.028-0300] {standard_task_runner.py:91} INFO - Job 4: Subtask run_dbt_models
[2025-10-26T15:41:49.032-0300] {logging_mixin.py:188} WARNING - /home/joaosousa/projects/spotify-project/venv/lib/python3.12/site-packages/airflow/task/task_runner/standard_task_runner.py:61 DeprecationWarning: This process (pid=15295) is multi-threaded, use of fork() may lead to deadlocks in the child.
[2025-10-26T15:41:49.032-0300] {standard_task_runner.py:63} INFO - Started process 15309 to run task
[2025-10-26T15:41:49.056-0300] {task_command.py:426} INFO - Running <TaskInstance: spotify_pipeline.run_dbt_models manual__2025-10-26T18:41:34.060621+00:00 [running]> on host DESKTOP-9L7P50Q.localdomain
[2025-10-26T15:41:49.093-0300] {taskinstance.py:2648} INFO - Exporting env vars: AIRFLOW_CTX_DAG_OWNER='joao' AIRFLOW_CTX_DAG_ID='spotify_pipeline' AIRFLOW_CTX_TASK_ID='run_dbt_models' AIRFLOW_CTX_EXECUTION_DATE='2025-10-26T18:41:34.060621+00:00' AIRFLOW_CTX_TRY_NUMBER='1' AIRFLOW_CTX_DAG_RUN_ID='manual__2025-10-26T18:41:34.060621+00:00'
[2025-10-26T15:41:49.094-0300] {taskinstance.py:430} INFO - ::endgroup::
[2025-10-26T15:41:49.094-0300] {subprocess.py:63} INFO - Tmp dir root location: /tmp
[2025-10-26T15:41:49.095-0300] {subprocess.py:75} INFO - Running command: ['/usr/bin/bash', '-c', 'source ~/projects/spotify-project/spotify-dbt/venv/bin/activate && cd ~/projects/spotify-project/spotify-dbt/spotify_project && pwd && ls -la && dbt run --profiles-dir .']
[2025-10-26T15:41:49.104-0300] {subprocess.py:86} INFO - Output:
[2025-10-26T15:41:49.106-0300] {subprocess.py:93} INFO - /home/joaosousa/projects/spotify-project/spotify-dbt/spotify_project
[2025-10-26T15:41:49.108-0300] {subprocess.py:93} INFO - total 60
[2025-10-26T15:41:49.108-0300] {subprocess.py:93} INFO - drwxr-xr-x 10 joaosousa joaosousa 4096 Oct 26 15:08 .
[2025-10-26T15:41:49.108-0300] {subprocess.py:93} INFO - drwxr-xr-x  5 joaosousa joaosousa 4096 Oct 25 11:35 ..
[2025-10-26T15:41:49.108-0300] {subprocess.py:93} INFO - -rw-r--r--  1 joaosousa joaosousa   29 Oct 25 11:35 .gitignore
[2025-10-26T15:41:49.108-0300] {subprocess.py:93} INFO - -rw-r--r--  1 joaosousa joaosousa   41 Oct 26 15:08 .user.yml
[2025-10-26T15:41:49.108-0300] {subprocess.py:93} INFO - -rw-r--r--  1 joaosousa joaosousa  571 Oct 25 11:35 README.md
[2025-10-26T15:41:49.108-0300] {subprocess.py:93} INFO - drwxr-xr-x  2 joaosousa joaosousa 4096 Oct 25 11:35 analyses
[2025-10-26T15:41:49.108-0300] {subprocess.py:93} INFO - -rw-r--r--  1 joaosousa joaosousa  625 Oct 25 22:19 dbt_project.yml
[2025-10-26T15:41:49.108-0300] {subprocess.py:93} INFO - drwxr-xr-x  2 joaosousa joaosousa 4096 Oct 25 11:38 logs
[2025-10-26T15:41:49.108-0300] {subprocess.py:93} INFO - drwxr-xr-x  2 joaosousa joaosousa 4096 Oct 25 22:11 macros
[2025-10-26T15:41:49.108-0300] {subprocess.py:93} INFO - drwxr-xr-x  5 joaosousa joaosousa 4096 Oct 25 20:48 models
[2025-10-26T15:41:49.108-0300] {subprocess.py:93} INFO - -rw-r--r--  1 joaosousa joaosousa  386 Oct 25 22:13 profiles.yml
[2025-10-26T15:41:49.109-0300] {subprocess.py:93} INFO - -rw-r--r--  1 joaosousa joaosousa    0 Oct 26 15:08 profiles.yml:Zone.Identifier
[2025-10-26T15:41:49.109-0300] {subprocess.py:93} INFO - drwxr-xr-x  2 joaosousa joaosousa 4096 Oct 25 11:35 seeds
[2025-10-26T15:41:49.109-0300] {subprocess.py:93} INFO - drwxr-xr-x  2 joaosousa joaosousa 4096 Oct 25 11:35 snapshots
[2025-10-26T15:41:49.109-0300] {subprocess.py:93} INFO - drwxr-xr-x  4 joaosousa joaosousa 4096 Oct 25 20:46 target
[2025-10-26T15:41:49.109-0300] {subprocess.py:93} INFO - drwxr-xr-x  2 joaosousa joaosousa 4096 Oct 25 11:35 tests
[2025-10-26T15:41:50.572-0300] {subprocess.py:93} INFO - [0m18:41:50  Running with dbt=1.11.0-b3
[2025-10-26T15:41:53.427-0300] {subprocess.py:93} INFO - [0m18:41:53  Registered adapter: bigquery=1.10.2
[2025-10-26T15:41:53.874-0300] {subprocess.py:93} INFO - [0m18:41:53  [[33mWARNING[0m]: Configuration paths exist in your dbt_project.yml file which do not apply to any resources.
[2025-10-26T15:41:53.874-0300] {subprocess.py:93} INFO - There are 1 unused configuration paths:
[2025-10-26T15:41:53.874-0300] {subprocess.py:93} INFO - - models.spotify_project.landing
[2025-10-26T15:41:53.974-0300] {subprocess.py:93} INFO - [0m18:41:53  Found 6 models, 3 data tests, 1 source, 509 macros
[2025-10-26T15:41:53.975-0300] {subprocess.py:93} INFO - [0m18:41:53
[2025-10-26T15:41:53.975-0300] {subprocess.py:93} INFO - [0m18:41:53  Concurrency: 1 threads (target='dev')
[2025-10-26T15:41:53.976-0300] {subprocess.py:93} INFO - [0m18:41:53
[2025-10-26T15:41:56.754-0300] {subprocess.py:93} INFO - [0m18:41:56  1 of 6 START sql table model datalake.album_to_artists ......................... [RUN]
[2025-10-26T15:41:59.855-0300] {subprocess.py:93} INFO - [0m18:41:59  1 of 6 OK created sql table model datalake.album_to_artists .................... [[32mCREATE TABLE (88.0 rows, 14.2 KiB processed)[0m in 3.10s]
[2025-10-26T15:41:59.856-0300] {subprocess.py:93} INFO - [0m18:41:59  2 of 6 START sql table model datalake.listened_tracks .......................... [RUN]
[2025-10-26T15:42:02.601-0300] {subprocess.py:93} INFO - [0m18:42:02  2 of 6 OK created sql table model datalake.listened_tracks ..................... [[32mCREATE TABLE (88.0 rows, 28.9 KiB processed)[0m in 2.74s]
[2025-10-26T15:42:02.602-0300] {subprocess.py:93} INFO - [0m18:42:02  3 of 6 START sql table model datalake.track_to_artists ......................... [RUN]
[2025-10-26T15:42:05.402-0300] {subprocess.py:93} INFO - [0m18:42:05  3 of 6 OK created sql table model datalake.track_to_artists .................... [[32mCREATE TABLE (90.0 rows, 16.0 KiB processed)[0m in 2.80s]
[2025-10-26T15:42:05.403-0300] {subprocess.py:93} INFO - [0m18:42:05  4 of 6 START sql table model datawarehouse.dim_albums .......................... [RUN]
[2025-10-26T15:42:08.360-0300] {subprocess.py:93} INFO - [0m18:42:08  4 of 6 OK created sql table model datawarehouse.dim_albums ..................... [[32mCREATE TABLE (56.0 rows, 6.3 KiB processed)[0m in 2.96s]
[2025-10-26T15:42:08.362-0300] {subprocess.py:93} INFO - [0m18:42:08  5 of 6 START sql table model datawarehouse.dim_artists ......................... [RUN]
[2025-10-26T15:42:11.382-0300] {subprocess.py:93} INFO - [0m18:42:11  5 of 6 OK created sql table model datawarehouse.dim_artists .................... [[32mCREATE TABLE (68.0 rows, 22.8 KiB processed)[0m in 3.02s]
[2025-10-26T15:42:11.383-0300] {subprocess.py:93} INFO - [0m18:42:11  6 of 6 START sql table model datawarehouse.fact_listened_tracks ................ [RUN]
[2025-10-26T15:42:16.747-0300] {subprocess.py:93} INFO - [0m18:42:16  6 of 6 OK created sql table model datawarehouse.fact_listened_tracks ........... [[32mCREATE TABLE (114.0 rows, 15.1 KiB processed)[0m in 5.36s]
[2025-10-26T15:42:16.749-0300] {subprocess.py:93} INFO - [0m18:42:16
[2025-10-26T15:42:16.750-0300] {subprocess.py:93} INFO - [0m18:42:16  Finished running 6 table models in 0 hours 0 minutes and 22.77 seconds (22.77s).
[2025-10-26T15:42:16.792-0300] {subprocess.py:93} INFO - [0m18:42:16
[2025-10-26T15:42:16.793-0300] {subprocess.py:93} INFO - [0m18:42:16  [32mCompleted successfully[0m
[2025-10-26T15:42:16.793-0300] {subprocess.py:93} INFO - [0m18:42:16
[2025-10-26T15:42:16.793-0300] {subprocess.py:93} INFO - [0m18:42:16  Done. PASS=6 WARN=0 ERROR=0 SKIP=0 NO-OP=0 TOTAL=6
[2025-10-26T15:42:18.205-0300] {subprocess.py:97} INFO - Command exited with return code 0
[2025-10-26T15:42:18.206-0300] {taskinstance.py:441} INFO - ::group::Post task execution logs
[2025-10-26T15:42:18.218-0300] {taskinstance.py:1206} INFO - Marking task as SUCCESS. dag_id=spotify_pipeline, task_id=run_dbt_models, run_id=manual__2025-10-26T18:41:34.060621+00:00, execution_date=20251026T184134, start_date=20251026T184149, end_date=20251026T184218
[2025-10-26T15:42:18.271-0300] {local_task_job_runner.py:240} INFO - Task exited with return code 0
[2025-10-26T15:42:18.277-0300] {taskinstance.py:3503} INFO - 0 downstream tasks scheduled from follow-on schedule check
[2025-10-26T15:42:18.277-0300] {local_task_job_runner.py:222} INFO - ::endgroup::
