[2025-10-26T15:43:43.204-0300] {local_task_job_runner.py:120} INFO - ::group::Pre task execution logs
[2025-10-26T15:43:43.212-0300] {taskinstance.py:2076} INFO - Dependencies all met for dep_context=non-requeueable deps ti=<TaskInstance: spotify_pipeline.run_dbt_models manual__2025-10-26T18:43:26.571718+00:00 [queued]>
[2025-10-26T15:43:43.215-0300] {taskinstance.py:2076} INFO - Dependencies all met for dep_context=requeueable deps ti=<TaskInstance: spotify_pipeline.run_dbt_models manual__2025-10-26T18:43:26.571718+00:00 [queued]>
[2025-10-26T15:43:43.215-0300] {taskinstance.py:2306} INFO - Starting attempt 1 of 2
[2025-10-26T15:43:43.224-0300] {taskinstance.py:2330} INFO - Executing <Task(BashOperator): run_dbt_models> on 2025-10-26 18:43:26.571718+00:00
[2025-10-26T15:43:43.230-0300] {standard_task_runner.py:90} INFO - Running: ['airflow', 'tasks', 'run', 'spotify_pipeline', 'run_dbt_models', 'manual__2025-10-26T18:43:26.571718+00:00', '--job-id', '8', '--raw', '--subdir', 'DAGS_FOLDER/pipeline_spotify.py', '--cfg-path', '/tmp/tmpkrf3u4ng']
[2025-10-26T15:43:43.231-0300] {standard_task_runner.py:91} INFO - Job 8: Subtask run_dbt_models
[2025-10-26T15:43:43.233-0300] {logging_mixin.py:188} WARNING - /home/joaosousa/projects/spotify-project/venv/lib/python3.12/site-packages/airflow/task/task_runner/standard_task_runner.py:61 DeprecationWarning: This process (pid=15509) is multi-threaded, use of fork() may lead to deadlocks in the child.
[2025-10-26T15:43:43.233-0300] {standard_task_runner.py:63} INFO - Started process 15523 to run task
[2025-10-26T15:43:43.254-0300] {task_command.py:426} INFO - Running <TaskInstance: spotify_pipeline.run_dbt_models manual__2025-10-26T18:43:26.571718+00:00 [running]> on host DESKTOP-9L7P50Q.localdomain
[2025-10-26T15:43:43.294-0300] {taskinstance.py:2648} INFO - Exporting env vars: AIRFLOW_CTX_DAG_OWNER='joao' AIRFLOW_CTX_DAG_ID='spotify_pipeline' AIRFLOW_CTX_TASK_ID='run_dbt_models' AIRFLOW_CTX_EXECUTION_DATE='2025-10-26T18:43:26.571718+00:00' AIRFLOW_CTX_TRY_NUMBER='1' AIRFLOW_CTX_DAG_RUN_ID='manual__2025-10-26T18:43:26.571718+00:00'
[2025-10-26T15:43:43.295-0300] {taskinstance.py:430} INFO - ::endgroup::
[2025-10-26T15:43:43.295-0300] {subprocess.py:63} INFO - Tmp dir root location: /tmp
[2025-10-26T15:43:43.296-0300] {subprocess.py:75} INFO - Running command: ['/usr/bin/bash', '-c', 'cd ~/projects/spotify-project/spotify-dbt/spotify_project && dbt run --profiles-dir .']
[2025-10-26T15:43:43.305-0300] {subprocess.py:86} INFO - Output:
[2025-10-26T15:43:44.426-0300] {subprocess.py:93} INFO - [0m18:43:44  Running with dbt=1.11.0-b3
[2025-10-26T15:43:46.548-0300] {subprocess.py:93} INFO - [0m18:43:46  Registered adapter: bigquery=1.10.2
[2025-10-26T15:43:46.817-0300] {subprocess.py:93} INFO - [0m18:43:46  [[33mWARNING[0m]: Configuration paths exist in your dbt_project.yml file which do not apply to any resources.
[2025-10-26T15:43:46.818-0300] {subprocess.py:93} INFO - There are 1 unused configuration paths:
[2025-10-26T15:43:46.818-0300] {subprocess.py:93} INFO - - models.spotify_project.landing
[2025-10-26T15:43:46.914-0300] {subprocess.py:93} INFO - [0m18:43:46  Found 6 models, 3 data tests, 1 source, 509 macros
[2025-10-26T15:43:46.916-0300] {subprocess.py:93} INFO - [0m18:43:46
[2025-10-26T15:43:46.916-0300] {subprocess.py:93} INFO - [0m18:43:46  Concurrency: 1 threads (target='dev')
[2025-10-26T15:43:46.916-0300] {subprocess.py:93} INFO - [0m18:43:46
[2025-10-26T15:43:49.484-0300] {subprocess.py:93} INFO - [0m18:43:49  1 of 6 START sql table model datalake.album_to_artists ......................... [RUN]
[2025-10-26T15:43:52.489-0300] {subprocess.py:93} INFO - [0m18:43:52  1 of 6 OK created sql table model datalake.album_to_artists .................... [[32mCREATE TABLE (89.0 rows, 14.4 KiB processed)[0m in 3.00s]
[2025-10-26T15:43:52.490-0300] {subprocess.py:93} INFO - [0m18:43:52  2 of 6 START sql table model datalake.listened_tracks .......................... [RUN]
[2025-10-26T15:43:55.436-0300] {subprocess.py:93} INFO - [0m18:43:55  2 of 6 OK created sql table model datalake.listened_tracks ..................... [[32mCREATE TABLE (89.0 rows, 29.3 KiB processed)[0m in 2.95s]
[2025-10-26T15:43:55.438-0300] {subprocess.py:93} INFO - [0m18:43:55  3 of 6 START sql table model datalake.track_to_artists ......................... [RUN]
[2025-10-26T15:44:01.143-0300] {subprocess.py:93} INFO - [0m18:44:01  3 of 6 OK created sql table model datalake.track_to_artists .................... [[32mCREATE TABLE (91.0 rows, 16.2 KiB processed)[0m in 5.70s]
[2025-10-26T15:44:01.144-0300] {subprocess.py:93} INFO - [0m18:44:01  4 of 6 START sql table model datawarehouse.dim_albums .......................... [RUN]
[2025-10-26T15:44:04.476-0300] {subprocess.py:93} INFO - [0m18:44:04  4 of 6 OK created sql table model datawarehouse.dim_albums ..................... [[32mCREATE TABLE (57.0 rows, 6.4 KiB processed)[0m in 3.33s]
[2025-10-26T15:44:04.477-0300] {subprocess.py:93} INFO - [0m18:44:04  5 of 6 START sql table model datawarehouse.dim_artists ......................... [RUN]
[2025-10-26T15:44:07.742-0300] {subprocess.py:93} INFO - [0m18:44:07  5 of 6 OK created sql table model datawarehouse.dim_artists .................... [[32mCREATE TABLE (68.0 rows, 23.0 KiB processed)[0m in 3.26s]
[2025-10-26T15:44:07.743-0300] {subprocess.py:93} INFO - [0m18:44:07  6 of 6 START sql table model datawarehouse.fact_listened_tracks ................ [RUN]
[2025-10-26T15:44:10.773-0300] {subprocess.py:93} INFO - [0m18:44:10  6 of 6 OK created sql table model datawarehouse.fact_listened_tracks ........... [[32mCREATE TABLE (115.0 rows, 15.3 KiB processed)[0m in 3.03s]
[2025-10-26T15:44:10.775-0300] {subprocess.py:93} INFO - [0m18:44:10
[2025-10-26T15:44:10.775-0300] {subprocess.py:93} INFO - [0m18:44:10  Finished running 6 table models in 0 hours 0 minutes and 23.86 seconds (23.86s).
[2025-10-26T15:44:10.797-0300] {subprocess.py:93} INFO - [0m18:44:10
[2025-10-26T15:44:10.797-0300] {subprocess.py:93} INFO - [0m18:44:10  [32mCompleted successfully[0m
[2025-10-26T15:44:10.797-0300] {subprocess.py:93} INFO - [0m18:44:10
[2025-10-26T15:44:10.798-0300] {subprocess.py:93} INFO - [0m18:44:10  Done. PASS=6 WARN=0 ERROR=0 SKIP=0 NO-OP=0 TOTAL=6
[2025-10-26T15:44:11.983-0300] {subprocess.py:97} INFO - Command exited with return code 0
[2025-10-26T15:44:11.983-0300] {taskinstance.py:441} INFO - ::group::Post task execution logs
[2025-10-26T15:44:11.996-0300] {taskinstance.py:1206} INFO - Marking task as SUCCESS. dag_id=spotify_pipeline, task_id=run_dbt_models, run_id=manual__2025-10-26T18:43:26.571718+00:00, execution_date=20251026T184326, start_date=20251026T184343, end_date=20251026T184411
[2025-10-26T15:44:12.024-0300] {local_task_job_runner.py:240} INFO - Task exited with return code 0
[2025-10-26T15:44:12.029-0300] {taskinstance.py:3503} INFO - 0 downstream tasks scheduled from follow-on schedule check
[2025-10-26T15:44:12.030-0300] {local_task_job_runner.py:222} INFO - ::endgroup::
