[2025-10-27T21:29:27.662-0300] {local_task_job_runner.py:120} INFO - ::group::Pre task execution logs
[2025-10-27T21:29:27.676-0300] {taskinstance.py:2076} INFO - Dependencies all met for dep_context=non-requeueable deps ti=<TaskInstance: spotify_pipeline.run_dbt_models scheduled__2025-10-27T00:00:00+00:00 [queued]>
[2025-10-27T21:29:27.680-0300] {taskinstance.py:2076} INFO - Dependencies all met for dep_context=requeueable deps ti=<TaskInstance: spotify_pipeline.run_dbt_models scheduled__2025-10-27T00:00:00+00:00 [queued]>
[2025-10-27T21:29:27.680-0300] {taskinstance.py:2306} INFO - Starting attempt 1 of 2
[2025-10-27T21:29:27.691-0300] {taskinstance.py:2330} INFO - Executing <Task(BashOperator): run_dbt_models> on 2025-10-27 00:00:00+00:00
[2025-10-27T21:29:27.699-0300] {standard_task_runner.py:90} INFO - Running: ['airflow', 'tasks', 'run', 'spotify_pipeline', 'run_dbt_models', 'scheduled__2025-10-27T00:00:00+00:00', '--job-id', '11', '--raw', '--subdir', 'DAGS_FOLDER/pipeline_spotify.py', '--cfg-path', '/tmp/tmp4a9d6a7u']
[2025-10-27T21:29:27.700-0300] {standard_task_runner.py:91} INFO - Job 11: Subtask run_dbt_models
[2025-10-27T21:29:27.702-0300] {logging_mixin.py:188} WARNING - /home/joaosousa/projects/spotify-project/venv/lib/python3.12/site-packages/airflow/task/task_runner/standard_task_runner.py:61 DeprecationWarning: This process (pid=926) is multi-threaded, use of fork() may lead to deadlocks in the child.
[2025-10-27T21:29:27.703-0300] {standard_task_runner.py:63} INFO - Started process 940 to run task
[2025-10-27T21:29:27.734-0300] {task_command.py:426} INFO - Running <TaskInstance: spotify_pipeline.run_dbt_models scheduled__2025-10-27T00:00:00+00:00 [running]> on host DESKTOP-9L7P50Q.localdomain
[2025-10-27T21:29:27.778-0300] {taskinstance.py:2648} INFO - Exporting env vars: AIRFLOW_CTX_DAG_OWNER='joao' AIRFLOW_CTX_DAG_ID='spotify_pipeline' AIRFLOW_CTX_TASK_ID='run_dbt_models' AIRFLOW_CTX_EXECUTION_DATE='2025-10-27T00:00:00+00:00' AIRFLOW_CTX_TRY_NUMBER='1' AIRFLOW_CTX_DAG_RUN_ID='scheduled__2025-10-27T00:00:00+00:00'
[2025-10-27T21:29:27.779-0300] {taskinstance.py:430} INFO - ::endgroup::
[2025-10-27T21:29:27.780-0300] {subprocess.py:63} INFO - Tmp dir root location: /tmp
[2025-10-27T21:29:27.781-0300] {subprocess.py:75} INFO - Running command: ['/usr/bin/bash', '-c', 'cd ~/projects/spotify-project/spotify-dbt/spotify_project && dbt run --profiles-dir .']
[2025-10-27T21:29:27.791-0300] {subprocess.py:86} INFO - Output:
[2025-10-27T21:29:29.381-0300] {subprocess.py:93} INFO - [0m00:29:29  Running with dbt=1.11.0-b3
[2025-10-27T21:29:32.677-0300] {subprocess.py:93} INFO - [0m00:29:32  Registered adapter: bigquery=1.10.2
[2025-10-27T21:29:33.044-0300] {subprocess.py:93} INFO - [0m00:29:33  [[33mWARNING[0m]: Configuration paths exist in your dbt_project.yml file which do not apply to any resources.
[2025-10-27T21:29:33.045-0300] {subprocess.py:93} INFO - There are 1 unused configuration paths:
[2025-10-27T21:29:33.045-0300] {subprocess.py:93} INFO - - models.spotify_project.landing
[2025-10-27T21:29:33.180-0300] {subprocess.py:93} INFO - [0m00:29:33  Found 6 models, 3 data tests, 1 source, 509 macros
[2025-10-27T21:29:33.181-0300] {subprocess.py:93} INFO - [0m00:29:33
[2025-10-27T21:29:33.182-0300] {subprocess.py:93} INFO - [0m00:29:33  Concurrency: 1 threads (target='dev')
[2025-10-27T21:29:33.182-0300] {subprocess.py:93} INFO - [0m00:29:33
[2025-10-27T21:29:36.580-0300] {subprocess.py:93} INFO - [0m00:29:36  1 of 6 START sql table model datalake.album_to_artists ......................... [RUN]
[2025-10-27T21:29:40.443-0300] {subprocess.py:93} INFO - [0m00:29:40  1 of 6 OK created sql table model datalake.album_to_artists .................... [[32mCREATE TABLE (139.0 rows, 22.5 KiB processed)[0m in 3.86s]
[2025-10-27T21:29:40.444-0300] {subprocess.py:93} INFO - [0m00:29:40  2 of 6 START sql table model datalake.listened_tracks .......................... [RUN]
[2025-10-27T21:29:44.011-0300] {subprocess.py:93} INFO - [0m00:29:44  2 of 6 OK created sql table model datalake.listened_tracks ..................... [[32mCREATE TABLE (139.0 rows, 46.1 KiB processed)[0m in 3.57s]
[2025-10-27T21:29:44.013-0300] {subprocess.py:93} INFO - [0m00:29:44  3 of 6 START sql table model datalake.track_to_artists ......................... [RUN]
[2025-10-27T21:29:46.629-0300] {subprocess.py:93} INFO - [0m00:29:46  3 of 6 OK created sql table model datalake.track_to_artists .................... [[32mCREATE TABLE (143.0 rows, 25.5 KiB processed)[0m in 2.62s]
[2025-10-27T21:29:46.630-0300] {subprocess.py:93} INFO - [0m00:29:46  4 of 6 START sql table model datawarehouse.dim_albums .......................... [RUN]
[2025-10-27T21:29:50.239-0300] {subprocess.py:93} INFO - [0m00:29:50  4 of 6 OK created sql table model datawarehouse.dim_albums ..................... [[32mCREATE TABLE (98.0 rows, 10.1 KiB processed)[0m in 3.61s]
[2025-10-27T21:29:50.240-0300] {subprocess.py:93} INFO - [0m00:29:50  5 of 6 START sql table model datawarehouse.dim_artists ......................... [RUN]
[2025-10-27T21:29:54.944-0300] {subprocess.py:93} INFO - [0m00:29:54  5 of 6 OK created sql table model datawarehouse.dim_artists .................... [[32mCREATE TABLE (112.0 rows, 36.2 KiB processed)[0m in 4.70s]
[2025-10-27T21:29:54.945-0300] {subprocess.py:93} INFO - [0m00:29:54  6 of 6 START sql table model datawarehouse.fact_listened_tracks ................ [RUN]
[2025-10-27T21:29:58.866-0300] {subprocess.py:93} INFO - [0m00:29:58  6 of 6 OK created sql table model datawarehouse.fact_listened_tracks ........... [[32mCREATE TABLE (169.0 rows, 24.1 KiB processed)[0m in 3.92s]
[2025-10-27T21:29:58.869-0300] {subprocess.py:93} INFO - [0m00:29:58
[2025-10-27T21:29:58.869-0300] {subprocess.py:93} INFO - [0m00:29:58  Finished running 6 table models in 0 hours 0 minutes and 25.69 seconds (25.69s).
[2025-10-27T21:29:58.893-0300] {subprocess.py:93} INFO - [0m00:29:58
[2025-10-27T21:29:58.893-0300] {subprocess.py:93} INFO - [0m00:29:58  [32mCompleted successfully[0m
[2025-10-27T21:29:58.893-0300] {subprocess.py:93} INFO - [0m00:29:58
[2025-10-27T21:29:58.894-0300] {subprocess.py:93} INFO - [0m00:29:58  Done. PASS=6 WARN=0 ERROR=0 SKIP=0 NO-OP=0 TOTAL=6
[2025-10-27T21:30:00.498-0300] {subprocess.py:97} INFO - Command exited with return code 0
[2025-10-27T21:30:00.499-0300] {taskinstance.py:441} INFO - ::group::Post task execution logs
[2025-10-27T21:30:00.513-0300] {taskinstance.py:1206} INFO - Marking task as SUCCESS. dag_id=spotify_pipeline, task_id=run_dbt_models, run_id=scheduled__2025-10-27T00:00:00+00:00, execution_date=20251027T000000, start_date=20251028T002927, end_date=20251028T003000
[2025-10-27T21:30:00.547-0300] {local_task_job_runner.py:240} INFO - Task exited with return code 0
[2025-10-27T21:30:00.553-0300] {taskinstance.py:3503} INFO - 0 downstream tasks scheduled from follow-on schedule check
[2025-10-27T21:30:00.553-0300] {local_task_job_runner.py:222} INFO - ::endgroup::
