[2025-10-27T21:31:13.527-0300] {processor.py:161} INFO - Started process (PID=1099) to work on /home/joaosousa/projects/spotify-project/venv/lib/python3.12/site-packages/airflow/example_dags/example_sensor_decorator.py
[2025-10-27T21:31:13.527-0300] {processor.py:830} INFO - Processing file /home/joaosousa/projects/spotify-project/venv/lib/python3.12/site-packages/airflow/example_dags/example_sensor_decorator.py for tasks to queue
[2025-10-27T21:31:13.529-0300] {logging_mixin.py:188} INFO - [2025-10-27T21:31:13.528-0300] {dagbag.py:545} INFO - Filling up the DagBag from /home/joaosousa/projects/spotify-project/venv/lib/python3.12/site-packages/airflow/example_dags/example_sensor_decorator.py
[2025-10-27T21:31:13.533-0300] {processor.py:840} INFO - DAG(s) 'example_sensor_decorator' retrieved from /home/joaosousa/projects/spotify-project/venv/lib/python3.12/site-packages/airflow/example_dags/example_sensor_decorator.py
[2025-10-27T21:31:13.545-0300] {logging_mixin.py:188} INFO - [2025-10-27T21:31:13.545-0300] {dag.py:3096} INFO - Sync 1 DAGs
[2025-10-27T21:31:13.552-0300] {logging_mixin.py:188} INFO - [2025-10-27T21:31:13.552-0300] {dag.py:3954} INFO - Setting next_dagrun for example_sensor_decorator to None, run_after=None
[2025-10-27T21:31:13.568-0300] {processor.py:183} INFO - Processing /home/joaosousa/projects/spotify-project/venv/lib/python3.12/site-packages/airflow/example_dags/example_sensor_decorator.py took 0.045 seconds
[2025-10-27T21:32:11.239-0300] {processor.py:161} INFO - Started process (PID=1316) to work on /home/joaosousa/projects/spotify-project/venv/lib/python3.12/site-packages/airflow/example_dags/example_sensor_decorator.py
[2025-10-27T21:32:11.241-0300] {processor.py:830} INFO - Processing file /home/joaosousa/projects/spotify-project/venv/lib/python3.12/site-packages/airflow/example_dags/example_sensor_decorator.py for tasks to queue
[2025-10-27T21:32:11.243-0300] {logging_mixin.py:188} INFO - [2025-10-27T21:32:11.242-0300] {dagbag.py:545} INFO - Filling up the DagBag from /home/joaosousa/projects/spotify-project/venv/lib/python3.12/site-packages/airflow/example_dags/example_sensor_decorator.py
[2025-10-27T21:32:11.247-0300] {processor.py:840} INFO - DAG(s) 'example_sensor_decorator' retrieved from /home/joaosousa/projects/spotify-project/venv/lib/python3.12/site-packages/airflow/example_dags/example_sensor_decorator.py
[2025-10-27T21:32:11.258-0300] {logging_mixin.py:188} INFO - [2025-10-27T21:32:11.257-0300] {dag.py:3096} INFO - Sync 1 DAGs
[2025-10-27T21:32:11.265-0300] {logging_mixin.py:188} INFO - [2025-10-27T21:32:11.265-0300] {dag.py:3954} INFO - Setting next_dagrun for example_sensor_decorator to None, run_after=None
[2025-10-27T21:32:11.279-0300] {processor.py:183} INFO - Processing /home/joaosousa/projects/spotify-project/venv/lib/python3.12/site-packages/airflow/example_dags/example_sensor_decorator.py took 0.044 seconds
[2025-10-27T21:33:04.787-0300] {processor.py:161} INFO - Started process (PID=1394) to work on /home/joaosousa/projects/spotify-project/venv/lib/python3.12/site-packages/airflow/example_dags/example_sensor_decorator.py
[2025-10-27T21:33:04.789-0300] {processor.py:830} INFO - Processing file /home/joaosousa/projects/spotify-project/venv/lib/python3.12/site-packages/airflow/example_dags/example_sensor_decorator.py for tasks to queue
[2025-10-27T21:33:04.790-0300] {logging_mixin.py:188} INFO - [2025-10-27T21:33:04.790-0300] {dagbag.py:545} INFO - Filling up the DagBag from /home/joaosousa/projects/spotify-project/venv/lib/python3.12/site-packages/airflow/example_dags/example_sensor_decorator.py
[2025-10-27T21:33:04.794-0300] {processor.py:840} INFO - DAG(s) 'example_sensor_decorator' retrieved from /home/joaosousa/projects/spotify-project/venv/lib/python3.12/site-packages/airflow/example_dags/example_sensor_decorator.py
[2025-10-27T21:33:04.805-0300] {logging_mixin.py:188} INFO - [2025-10-27T21:33:04.805-0300] {dag.py:3096} INFO - Sync 1 DAGs
[2025-10-27T21:33:04.812-0300] {logging_mixin.py:188} INFO - [2025-10-27T21:33:04.812-0300] {dag.py:3954} INFO - Setting next_dagrun for example_sensor_decorator to None, run_after=None
[2025-10-27T21:33:04.827-0300] {processor.py:183} INFO - Processing /home/joaosousa/projects/spotify-project/venv/lib/python3.12/site-packages/airflow/example_dags/example_sensor_decorator.py took 0.044 seconds
[2025-10-27T21:34:06.347-0300] {processor.py:161} INFO - Started process (PID=1482) to work on /home/joaosousa/projects/spotify-project/venv/lib/python3.12/site-packages/airflow/example_dags/example_sensor_decorator.py
[2025-10-27T21:34:06.349-0300] {processor.py:830} INFO - Processing file /home/joaosousa/projects/spotify-project/venv/lib/python3.12/site-packages/airflow/example_dags/example_sensor_decorator.py for tasks to queue
[2025-10-27T21:34:06.350-0300] {logging_mixin.py:188} INFO - [2025-10-27T21:34:06.350-0300] {dagbag.py:545} INFO - Filling up the DagBag from /home/joaosousa/projects/spotify-project/venv/lib/python3.12/site-packages/airflow/example_dags/example_sensor_decorator.py
[2025-10-27T21:34:06.355-0300] {processor.py:840} INFO - DAG(s) 'example_sensor_decorator' retrieved from /home/joaosousa/projects/spotify-project/venv/lib/python3.12/site-packages/airflow/example_dags/example_sensor_decorator.py
[2025-10-27T21:34:06.365-0300] {logging_mixin.py:188} INFO - [2025-10-27T21:34:06.365-0300] {dag.py:3096} INFO - Sync 1 DAGs
[2025-10-27T21:34:06.372-0300] {logging_mixin.py:188} INFO - [2025-10-27T21:34:06.372-0300] {dag.py:3954} INFO - Setting next_dagrun for example_sensor_decorator to None, run_after=None
[2025-10-27T21:34:06.387-0300] {processor.py:183} INFO - Processing /home/joaosousa/projects/spotify-project/venv/lib/python3.12/site-packages/airflow/example_dags/example_sensor_decorator.py took 0.044 seconds
[2025-10-27T21:35:04.770-0300] {processor.py:161} INFO - Started process (PID=1592) to work on /home/joaosousa/projects/spotify-project/venv/lib/python3.12/site-packages/airflow/example_dags/example_sensor_decorator.py
[2025-10-27T21:35:04.772-0300] {processor.py:830} INFO - Processing file /home/joaosousa/projects/spotify-project/venv/lib/python3.12/site-packages/airflow/example_dags/example_sensor_decorator.py for tasks to queue
[2025-10-27T21:35:04.774-0300] {logging_mixin.py:188} INFO - [2025-10-27T21:35:04.773-0300] {dagbag.py:545} INFO - Filling up the DagBag from /home/joaosousa/projects/spotify-project/venv/lib/python3.12/site-packages/airflow/example_dags/example_sensor_decorator.py
[2025-10-27T21:35:04.779-0300] {processor.py:840} INFO - DAG(s) 'example_sensor_decorator' retrieved from /home/joaosousa/projects/spotify-project/venv/lib/python3.12/site-packages/airflow/example_dags/example_sensor_decorator.py
[2025-10-27T21:35:04.792-0300] {logging_mixin.py:188} INFO - [2025-10-27T21:35:04.792-0300] {dag.py:3096} INFO - Sync 1 DAGs
[2025-10-27T21:35:04.800-0300] {logging_mixin.py:188} INFO - [2025-10-27T21:35:04.800-0300] {dag.py:3954} INFO - Setting next_dagrun for example_sensor_decorator to None, run_after=None
[2025-10-27T21:35:04.816-0300] {processor.py:183} INFO - Processing /home/joaosousa/projects/spotify-project/venv/lib/python3.12/site-packages/airflow/example_dags/example_sensor_decorator.py took 0.051 seconds
[2025-10-27T21:36:10.812-0300] {processor.py:161} INFO - Started process (PID=1684) to work on /home/joaosousa/projects/spotify-project/venv/lib/python3.12/site-packages/airflow/example_dags/example_sensor_decorator.py
[2025-10-27T21:36:10.813-0300] {processor.py:830} INFO - Processing file /home/joaosousa/projects/spotify-project/venv/lib/python3.12/site-packages/airflow/example_dags/example_sensor_decorator.py for tasks to queue
[2025-10-27T21:36:10.815-0300] {logging_mixin.py:188} INFO - [2025-10-27T21:36:10.815-0300] {dagbag.py:545} INFO - Filling up the DagBag from /home/joaosousa/projects/spotify-project/venv/lib/python3.12/site-packages/airflow/example_dags/example_sensor_decorator.py
[2025-10-27T21:36:10.819-0300] {processor.py:840} INFO - DAG(s) 'example_sensor_decorator' retrieved from /home/joaosousa/projects/spotify-project/venv/lib/python3.12/site-packages/airflow/example_dags/example_sensor_decorator.py
[2025-10-27T21:36:10.832-0300] {logging_mixin.py:188} INFO - [2025-10-27T21:36:10.831-0300] {dag.py:3096} INFO - Sync 1 DAGs
[2025-10-27T21:36:10.839-0300] {logging_mixin.py:188} INFO - [2025-10-27T21:36:10.839-0300] {dag.py:3954} INFO - Setting next_dagrun for example_sensor_decorator to None, run_after=None
[2025-10-27T21:36:10.947-0300] {processor.py:183} INFO - Processing /home/joaosousa/projects/spotify-project/venv/lib/python3.12/site-packages/airflow/example_dags/example_sensor_decorator.py took 0.140 seconds
[2025-10-27T21:37:04.324-0300] {processor.py:161} INFO - Started process (PID=1760) to work on /home/joaosousa/projects/spotify-project/venv/lib/python3.12/site-packages/airflow/example_dags/example_sensor_decorator.py
[2025-10-27T21:37:04.326-0300] {processor.py:830} INFO - Processing file /home/joaosousa/projects/spotify-project/venv/lib/python3.12/site-packages/airflow/example_dags/example_sensor_decorator.py for tasks to queue
[2025-10-27T21:37:04.327-0300] {logging_mixin.py:188} INFO - [2025-10-27T21:37:04.327-0300] {dagbag.py:545} INFO - Filling up the DagBag from /home/joaosousa/projects/spotify-project/venv/lib/python3.12/site-packages/airflow/example_dags/example_sensor_decorator.py
[2025-10-27T21:37:04.332-0300] {processor.py:840} INFO - DAG(s) 'example_sensor_decorator' retrieved from /home/joaosousa/projects/spotify-project/venv/lib/python3.12/site-packages/airflow/example_dags/example_sensor_decorator.py
[2025-10-27T21:37:04.344-0300] {logging_mixin.py:188} INFO - [2025-10-27T21:37:04.343-0300] {dag.py:3096} INFO - Sync 1 DAGs
[2025-10-27T21:37:04.351-0300] {logging_mixin.py:188} INFO - [2025-10-27T21:37:04.351-0300] {dag.py:3954} INFO - Setting next_dagrun for example_sensor_decorator to None, run_after=None
[2025-10-27T21:37:04.366-0300] {processor.py:183} INFO - Processing /home/joaosousa/projects/spotify-project/venv/lib/python3.12/site-packages/airflow/example_dags/example_sensor_decorator.py took 0.047 seconds
[2025-10-27T21:38:09.569-0300] {processor.py:161} INFO - Started process (PID=1876) to work on /home/joaosousa/projects/spotify-project/venv/lib/python3.12/site-packages/airflow/example_dags/example_sensor_decorator.py
[2025-10-27T21:38:09.571-0300] {processor.py:830} INFO - Processing file /home/joaosousa/projects/spotify-project/venv/lib/python3.12/site-packages/airflow/example_dags/example_sensor_decorator.py for tasks to queue
[2025-10-27T21:38:09.573-0300] {logging_mixin.py:188} INFO - [2025-10-27T21:38:09.573-0300] {dagbag.py:545} INFO - Filling up the DagBag from /home/joaosousa/projects/spotify-project/venv/lib/python3.12/site-packages/airflow/example_dags/example_sensor_decorator.py
[2025-10-27T21:38:09.578-0300] {processor.py:840} INFO - DAG(s) 'example_sensor_decorator' retrieved from /home/joaosousa/projects/spotify-project/venv/lib/python3.12/site-packages/airflow/example_dags/example_sensor_decorator.py
[2025-10-27T21:38:09.589-0300] {logging_mixin.py:188} INFO - [2025-10-27T21:38:09.589-0300] {dag.py:3096} INFO - Sync 1 DAGs
[2025-10-27T21:38:09.596-0300] {logging_mixin.py:188} INFO - [2025-10-27T21:38:09.596-0300] {dag.py:3954} INFO - Setting next_dagrun for example_sensor_decorator to None, run_after=None
[2025-10-27T21:38:09.613-0300] {processor.py:183} INFO - Processing /home/joaosousa/projects/spotify-project/venv/lib/python3.12/site-packages/airflow/example_dags/example_sensor_decorator.py took 0.048 seconds
[2025-10-27T21:39:05.017-0300] {processor.py:161} INFO - Started process (PID=1968) to work on /home/joaosousa/projects/spotify-project/venv/lib/python3.12/site-packages/airflow/example_dags/example_sensor_decorator.py
[2025-10-27T21:39:05.019-0300] {processor.py:830} INFO - Processing file /home/joaosousa/projects/spotify-project/venv/lib/python3.12/site-packages/airflow/example_dags/example_sensor_decorator.py for tasks to queue
[2025-10-27T21:39:05.021-0300] {logging_mixin.py:188} INFO - [2025-10-27T21:39:05.020-0300] {dagbag.py:545} INFO - Filling up the DagBag from /home/joaosousa/projects/spotify-project/venv/lib/python3.12/site-packages/airflow/example_dags/example_sensor_decorator.py
[2025-10-27T21:39:05.025-0300] {processor.py:840} INFO - DAG(s) 'example_sensor_decorator' retrieved from /home/joaosousa/projects/spotify-project/venv/lib/python3.12/site-packages/airflow/example_dags/example_sensor_decorator.py
[2025-10-27T21:39:05.036-0300] {logging_mixin.py:188} INFO - [2025-10-27T21:39:05.036-0300] {dag.py:3096} INFO - Sync 1 DAGs
[2025-10-27T21:39:05.044-0300] {logging_mixin.py:188} INFO - [2025-10-27T21:39:05.043-0300] {dag.py:3954} INFO - Setting next_dagrun for example_sensor_decorator to None, run_after=None
[2025-10-27T21:39:05.058-0300] {processor.py:183} INFO - Processing /home/joaosousa/projects/spotify-project/venv/lib/python3.12/site-packages/airflow/example_dags/example_sensor_decorator.py took 0.046 seconds
[2025-10-27T21:40:06.605-0300] {processor.py:161} INFO - Started process (PID=2071) to work on /home/joaosousa/projects/spotify-project/venv/lib/python3.12/site-packages/airflow/example_dags/example_sensor_decorator.py
[2025-10-27T21:40:06.607-0300] {processor.py:830} INFO - Processing file /home/joaosousa/projects/spotify-project/venv/lib/python3.12/site-packages/airflow/example_dags/example_sensor_decorator.py for tasks to queue
[2025-10-27T21:40:06.609-0300] {logging_mixin.py:188} INFO - [2025-10-27T21:40:06.608-0300] {dagbag.py:545} INFO - Filling up the DagBag from /home/joaosousa/projects/spotify-project/venv/lib/python3.12/site-packages/airflow/example_dags/example_sensor_decorator.py
[2025-10-27T21:40:06.613-0300] {processor.py:840} INFO - DAG(s) 'example_sensor_decorator' retrieved from /home/joaosousa/projects/spotify-project/venv/lib/python3.12/site-packages/airflow/example_dags/example_sensor_decorator.py
[2025-10-27T21:40:06.624-0300] {logging_mixin.py:188} INFO - [2025-10-27T21:40:06.624-0300] {dag.py:3096} INFO - Sync 1 DAGs
[2025-10-27T21:40:06.632-0300] {logging_mixin.py:188} INFO - [2025-10-27T21:40:06.632-0300] {dag.py:3954} INFO - Setting next_dagrun for example_sensor_decorator to None, run_after=None
[2025-10-27T21:40:06.648-0300] {processor.py:183} INFO - Processing /home/joaosousa/projects/spotify-project/venv/lib/python3.12/site-packages/airflow/example_dags/example_sensor_decorator.py took 0.047 seconds
[2025-10-27T21:41:05.901-0300] {processor.py:161} INFO - Started process (PID=2175) to work on /home/joaosousa/projects/spotify-project/venv/lib/python3.12/site-packages/airflow/example_dags/example_sensor_decorator.py
[2025-10-27T21:41:05.904-0300] {processor.py:830} INFO - Processing file /home/joaosousa/projects/spotify-project/venv/lib/python3.12/site-packages/airflow/example_dags/example_sensor_decorator.py for tasks to queue
[2025-10-27T21:41:05.906-0300] {logging_mixin.py:188} INFO - [2025-10-27T21:41:05.905-0300] {dagbag.py:545} INFO - Filling up the DagBag from /home/joaosousa/projects/spotify-project/venv/lib/python3.12/site-packages/airflow/example_dags/example_sensor_decorator.py
[2025-10-27T21:41:05.913-0300] {processor.py:840} INFO - DAG(s) 'example_sensor_decorator' retrieved from /home/joaosousa/projects/spotify-project/venv/lib/python3.12/site-packages/airflow/example_dags/example_sensor_decorator.py
[2025-10-27T21:41:05.932-0300] {logging_mixin.py:188} INFO - [2025-10-27T21:41:05.932-0300] {dag.py:3096} INFO - Sync 1 DAGs
[2025-10-27T21:41:05.947-0300] {logging_mixin.py:188} INFO - [2025-10-27T21:41:05.946-0300] {dag.py:3954} INFO - Setting next_dagrun for example_sensor_decorator to None, run_after=None
[2025-10-27T21:41:05.969-0300] {processor.py:183} INFO - Processing /home/joaosousa/projects/spotify-project/venv/lib/python3.12/site-packages/airflow/example_dags/example_sensor_decorator.py took 0.074 seconds
[2025-10-27T21:42:05.763-0300] {processor.py:161} INFO - Started process (PID=2316) to work on /home/joaosousa/projects/spotify-project/venv/lib/python3.12/site-packages/airflow/example_dags/example_sensor_decorator.py
[2025-10-27T21:42:05.765-0300] {processor.py:830} INFO - Processing file /home/joaosousa/projects/spotify-project/venv/lib/python3.12/site-packages/airflow/example_dags/example_sensor_decorator.py for tasks to queue
[2025-10-27T21:42:05.766-0300] {logging_mixin.py:188} INFO - [2025-10-27T21:42:05.766-0300] {dagbag.py:545} INFO - Filling up the DagBag from /home/joaosousa/projects/spotify-project/venv/lib/python3.12/site-packages/airflow/example_dags/example_sensor_decorator.py
[2025-10-27T21:42:05.771-0300] {processor.py:840} INFO - DAG(s) 'example_sensor_decorator' retrieved from /home/joaosousa/projects/spotify-project/venv/lib/python3.12/site-packages/airflow/example_dags/example_sensor_decorator.py
[2025-10-27T21:42:05.784-0300] {logging_mixin.py:188} INFO - [2025-10-27T21:42:05.784-0300] {dag.py:3096} INFO - Sync 1 DAGs
[2025-10-27T21:42:05.792-0300] {logging_mixin.py:188} INFO - [2025-10-27T21:42:05.792-0300] {dag.py:3954} INFO - Setting next_dagrun for example_sensor_decorator to None, run_after=None
[2025-10-27T21:42:05.806-0300] {processor.py:183} INFO - Processing /home/joaosousa/projects/spotify-project/venv/lib/python3.12/site-packages/airflow/example_dags/example_sensor_decorator.py took 0.048 seconds
[2025-10-27T21:43:05.035-0300] {processor.py:161} INFO - Started process (PID=2495) to work on /home/joaosousa/projects/spotify-project/venv/lib/python3.12/site-packages/airflow/example_dags/example_sensor_decorator.py
[2025-10-27T21:43:05.037-0300] {processor.py:830} INFO - Processing file /home/joaosousa/projects/spotify-project/venv/lib/python3.12/site-packages/airflow/example_dags/example_sensor_decorator.py for tasks to queue
[2025-10-27T21:43:05.039-0300] {logging_mixin.py:188} INFO - [2025-10-27T21:43:05.038-0300] {dagbag.py:545} INFO - Filling up the DagBag from /home/joaosousa/projects/spotify-project/venv/lib/python3.12/site-packages/airflow/example_dags/example_sensor_decorator.py
[2025-10-27T21:43:05.045-0300] {processor.py:840} INFO - DAG(s) 'example_sensor_decorator' retrieved from /home/joaosousa/projects/spotify-project/venv/lib/python3.12/site-packages/airflow/example_dags/example_sensor_decorator.py
[2025-10-27T21:43:05.060-0300] {logging_mixin.py:188} INFO - [2025-10-27T21:43:05.060-0300] {dag.py:3096} INFO - Sync 1 DAGs
[2025-10-27T21:43:05.071-0300] {logging_mixin.py:188} INFO - [2025-10-27T21:43:05.070-0300] {dag.py:3954} INFO - Setting next_dagrun for example_sensor_decorator to None, run_after=None
[2025-10-27T21:43:05.088-0300] {processor.py:183} INFO - Processing /home/joaosousa/projects/spotify-project/venv/lib/python3.12/site-packages/airflow/example_dags/example_sensor_decorator.py took 0.057 seconds
[2025-10-27T21:44:04.194-0300] {processor.py:161} INFO - Started process (PID=2600) to work on /home/joaosousa/projects/spotify-project/venv/lib/python3.12/site-packages/airflow/example_dags/example_sensor_decorator.py
[2025-10-27T21:44:04.195-0300] {processor.py:830} INFO - Processing file /home/joaosousa/projects/spotify-project/venv/lib/python3.12/site-packages/airflow/example_dags/example_sensor_decorator.py for tasks to queue
[2025-10-27T21:44:04.196-0300] {logging_mixin.py:188} INFO - [2025-10-27T21:44:04.196-0300] {dagbag.py:545} INFO - Filling up the DagBag from /home/joaosousa/projects/spotify-project/venv/lib/python3.12/site-packages/airflow/example_dags/example_sensor_decorator.py
[2025-10-27T21:44:04.201-0300] {processor.py:840} INFO - DAG(s) 'example_sensor_decorator' retrieved from /home/joaosousa/projects/spotify-project/venv/lib/python3.12/site-packages/airflow/example_dags/example_sensor_decorator.py
[2025-10-27T21:44:04.212-0300] {logging_mixin.py:188} INFO - [2025-10-27T21:44:04.212-0300] {dag.py:3096} INFO - Sync 1 DAGs
[2025-10-27T21:44:04.220-0300] {logging_mixin.py:188} INFO - [2025-10-27T21:44:04.220-0300] {dag.py:3954} INFO - Setting next_dagrun for example_sensor_decorator to None, run_after=None
[2025-10-27T21:44:04.234-0300] {processor.py:183} INFO - Processing /home/joaosousa/projects/spotify-project/venv/lib/python3.12/site-packages/airflow/example_dags/example_sensor_decorator.py took 0.045 seconds
[2025-10-27T21:45:05.126-0300] {processor.py:161} INFO - Started process (PID=2702) to work on /home/joaosousa/projects/spotify-project/venv/lib/python3.12/site-packages/airflow/example_dags/example_sensor_decorator.py
[2025-10-27T21:45:05.128-0300] {processor.py:830} INFO - Processing file /home/joaosousa/projects/spotify-project/venv/lib/python3.12/site-packages/airflow/example_dags/example_sensor_decorator.py for tasks to queue
[2025-10-27T21:45:05.129-0300] {logging_mixin.py:188} INFO - [2025-10-27T21:45:05.129-0300] {dagbag.py:545} INFO - Filling up the DagBag from /home/joaosousa/projects/spotify-project/venv/lib/python3.12/site-packages/airflow/example_dags/example_sensor_decorator.py
[2025-10-27T21:45:05.134-0300] {processor.py:840} INFO - DAG(s) 'example_sensor_decorator' retrieved from /home/joaosousa/projects/spotify-project/venv/lib/python3.12/site-packages/airflow/example_dags/example_sensor_decorator.py
[2025-10-27T21:45:05.145-0300] {logging_mixin.py:188} INFO - [2025-10-27T21:45:05.144-0300] {dag.py:3096} INFO - Sync 1 DAGs
[2025-10-27T21:45:05.153-0300] {logging_mixin.py:188} INFO - [2025-10-27T21:45:05.153-0300] {dag.py:3954} INFO - Setting next_dagrun for example_sensor_decorator to None, run_after=None
[2025-10-27T21:45:05.168-0300] {processor.py:183} INFO - Processing /home/joaosousa/projects/spotify-project/venv/lib/python3.12/site-packages/airflow/example_dags/example_sensor_decorator.py took 0.047 seconds
[2025-10-27T21:46:03.215-0300] {processor.py:161} INFO - Started process (PID=3008) to work on /home/joaosousa/projects/spotify-project/venv/lib/python3.12/site-packages/airflow/example_dags/example_sensor_decorator.py
[2025-10-27T21:46:03.218-0300] {processor.py:830} INFO - Processing file /home/joaosousa/projects/spotify-project/venv/lib/python3.12/site-packages/airflow/example_dags/example_sensor_decorator.py for tasks to queue
[2025-10-27T21:46:03.220-0300] {logging_mixin.py:188} INFO - [2025-10-27T21:46:03.219-0300] {dagbag.py:545} INFO - Filling up the DagBag from /home/joaosousa/projects/spotify-project/venv/lib/python3.12/site-packages/airflow/example_dags/example_sensor_decorator.py
[2025-10-27T21:46:03.227-0300] {processor.py:840} INFO - DAG(s) 'example_sensor_decorator' retrieved from /home/joaosousa/projects/spotify-project/venv/lib/python3.12/site-packages/airflow/example_dags/example_sensor_decorator.py
[2025-10-27T21:46:03.240-0300] {logging_mixin.py:188} INFO - [2025-10-27T21:46:03.240-0300] {dag.py:3096} INFO - Sync 1 DAGs
[2025-10-27T21:46:03.247-0300] {logging_mixin.py:188} INFO - [2025-10-27T21:46:03.247-0300] {dag.py:3954} INFO - Setting next_dagrun for example_sensor_decorator to None, run_after=None
[2025-10-27T21:46:03.263-0300] {processor.py:183} INFO - Processing /home/joaosousa/projects/spotify-project/venv/lib/python3.12/site-packages/airflow/example_dags/example_sensor_decorator.py took 0.053 seconds
[2025-10-27T21:47:10.986-0300] {processor.py:161} INFO - Started process (PID=3149) to work on /home/joaosousa/projects/spotify-project/venv/lib/python3.12/site-packages/airflow/example_dags/example_sensor_decorator.py
[2025-10-27T21:47:10.988-0300] {processor.py:830} INFO - Processing file /home/joaosousa/projects/spotify-project/venv/lib/python3.12/site-packages/airflow/example_dags/example_sensor_decorator.py for tasks to queue
[2025-10-27T21:47:10.990-0300] {logging_mixin.py:188} INFO - [2025-10-27T21:47:10.990-0300] {dagbag.py:545} INFO - Filling up the DagBag from /home/joaosousa/projects/spotify-project/venv/lib/python3.12/site-packages/airflow/example_dags/example_sensor_decorator.py
[2025-10-27T21:47:10.995-0300] {processor.py:840} INFO - DAG(s) 'example_sensor_decorator' retrieved from /home/joaosousa/projects/spotify-project/venv/lib/python3.12/site-packages/airflow/example_dags/example_sensor_decorator.py
[2025-10-27T21:47:11.006-0300] {logging_mixin.py:188} INFO - [2025-10-27T21:47:11.006-0300] {dag.py:3096} INFO - Sync 1 DAGs
[2025-10-27T21:47:11.013-0300] {logging_mixin.py:188} INFO - [2025-10-27T21:47:11.013-0300] {dag.py:3954} INFO - Setting next_dagrun for example_sensor_decorator to None, run_after=None
[2025-10-27T21:47:11.029-0300] {processor.py:183} INFO - Processing /home/joaosousa/projects/spotify-project/venv/lib/python3.12/site-packages/airflow/example_dags/example_sensor_decorator.py took 0.046 seconds
[2025-10-27T21:48:15.950-0300] {processor.py:161} INFO - Started process (PID=3481) to work on /home/joaosousa/projects/spotify-project/venv/lib/python3.12/site-packages/airflow/example_dags/example_sensor_decorator.py
[2025-10-27T21:48:15.951-0300] {processor.py:830} INFO - Processing file /home/joaosousa/projects/spotify-project/venv/lib/python3.12/site-packages/airflow/example_dags/example_sensor_decorator.py for tasks to queue
[2025-10-27T21:48:15.953-0300] {logging_mixin.py:188} INFO - [2025-10-27T21:48:15.952-0300] {dagbag.py:545} INFO - Filling up the DagBag from /home/joaosousa/projects/spotify-project/venv/lib/python3.12/site-packages/airflow/example_dags/example_sensor_decorator.py
[2025-10-27T21:48:15.958-0300] {processor.py:840} INFO - DAG(s) 'example_sensor_decorator' retrieved from /home/joaosousa/projects/spotify-project/venv/lib/python3.12/site-packages/airflow/example_dags/example_sensor_decorator.py
[2025-10-27T21:48:15.970-0300] {logging_mixin.py:188} INFO - [2025-10-27T21:48:15.969-0300] {dag.py:3096} INFO - Sync 1 DAGs
[2025-10-27T21:48:15.978-0300] {logging_mixin.py:188} INFO - [2025-10-27T21:48:15.978-0300] {dag.py:3954} INFO - Setting next_dagrun for example_sensor_decorator to None, run_after=None
[2025-10-27T21:48:15.993-0300] {processor.py:183} INFO - Processing /home/joaosousa/projects/spotify-project/venv/lib/python3.12/site-packages/airflow/example_dags/example_sensor_decorator.py took 0.048 seconds
[2025-10-27T21:49:15.798-0300] {processor.py:161} INFO - Started process (PID=3580) to work on /home/joaosousa/projects/spotify-project/venv/lib/python3.12/site-packages/airflow/example_dags/example_sensor_decorator.py
[2025-10-27T21:49:15.800-0300] {processor.py:830} INFO - Processing file /home/joaosousa/projects/spotify-project/venv/lib/python3.12/site-packages/airflow/example_dags/example_sensor_decorator.py for tasks to queue
[2025-10-27T21:49:15.801-0300] {logging_mixin.py:188} INFO - [2025-10-27T21:49:15.801-0300] {dagbag.py:545} INFO - Filling up the DagBag from /home/joaosousa/projects/spotify-project/venv/lib/python3.12/site-packages/airflow/example_dags/example_sensor_decorator.py
[2025-10-27T21:49:15.807-0300] {processor.py:840} INFO - DAG(s) 'example_sensor_decorator' retrieved from /home/joaosousa/projects/spotify-project/venv/lib/python3.12/site-packages/airflow/example_dags/example_sensor_decorator.py
[2025-10-27T21:49:15.817-0300] {logging_mixin.py:188} INFO - [2025-10-27T21:49:15.817-0300] {dag.py:3096} INFO - Sync 1 DAGs
[2025-10-27T21:49:15.825-0300] {logging_mixin.py:188} INFO - [2025-10-27T21:49:15.825-0300] {dag.py:3954} INFO - Setting next_dagrun for example_sensor_decorator to None, run_after=None
[2025-10-27T21:49:15.843-0300] {processor.py:183} INFO - Processing /home/joaosousa/projects/spotify-project/venv/lib/python3.12/site-packages/airflow/example_dags/example_sensor_decorator.py took 0.049 seconds
[2025-10-27T21:50:14.820-0300] {processor.py:161} INFO - Started process (PID=3680) to work on /home/joaosousa/projects/spotify-project/venv/lib/python3.12/site-packages/airflow/example_dags/example_sensor_decorator.py
[2025-10-27T21:50:14.822-0300] {processor.py:830} INFO - Processing file /home/joaosousa/projects/spotify-project/venv/lib/python3.12/site-packages/airflow/example_dags/example_sensor_decorator.py for tasks to queue
[2025-10-27T21:50:14.823-0300] {logging_mixin.py:188} INFO - [2025-10-27T21:50:14.823-0300] {dagbag.py:545} INFO - Filling up the DagBag from /home/joaosousa/projects/spotify-project/venv/lib/python3.12/site-packages/airflow/example_dags/example_sensor_decorator.py
[2025-10-27T21:50:14.828-0300] {processor.py:840} INFO - DAG(s) 'example_sensor_decorator' retrieved from /home/joaosousa/projects/spotify-project/venv/lib/python3.12/site-packages/airflow/example_dags/example_sensor_decorator.py
[2025-10-27T21:50:14.840-0300] {logging_mixin.py:188} INFO - [2025-10-27T21:50:14.839-0300] {dag.py:3096} INFO - Sync 1 DAGs
[2025-10-27T21:50:14.847-0300] {logging_mixin.py:188} INFO - [2025-10-27T21:50:14.847-0300] {dag.py:3954} INFO - Setting next_dagrun for example_sensor_decorator to None, run_after=None
[2025-10-27T21:50:14.863-0300] {processor.py:183} INFO - Processing /home/joaosousa/projects/spotify-project/venv/lib/python3.12/site-packages/airflow/example_dags/example_sensor_decorator.py took 0.048 seconds
[2025-10-27T21:51:20.676-0300] {processor.py:161} INFO - Started process (PID=3793) to work on /home/joaosousa/projects/spotify-project/venv/lib/python3.12/site-packages/airflow/example_dags/example_sensor_decorator.py
[2025-10-27T21:51:20.678-0300] {processor.py:830} INFO - Processing file /home/joaosousa/projects/spotify-project/venv/lib/python3.12/site-packages/airflow/example_dags/example_sensor_decorator.py for tasks to queue
[2025-10-27T21:51:20.680-0300] {logging_mixin.py:188} INFO - [2025-10-27T21:51:20.679-0300] {dagbag.py:545} INFO - Filling up the DagBag from /home/joaosousa/projects/spotify-project/venv/lib/python3.12/site-packages/airflow/example_dags/example_sensor_decorator.py
[2025-10-27T21:51:20.684-0300] {processor.py:840} INFO - DAG(s) 'example_sensor_decorator' retrieved from /home/joaosousa/projects/spotify-project/venv/lib/python3.12/site-packages/airflow/example_dags/example_sensor_decorator.py
[2025-10-27T21:51:20.695-0300] {logging_mixin.py:188} INFO - [2025-10-27T21:51:20.695-0300] {dag.py:3096} INFO - Sync 1 DAGs
[2025-10-27T21:51:20.702-0300] {logging_mixin.py:188} INFO - [2025-10-27T21:51:20.702-0300] {dag.py:3954} INFO - Setting next_dagrun for example_sensor_decorator to None, run_after=None
[2025-10-27T21:51:20.717-0300] {processor.py:183} INFO - Processing /home/joaosousa/projects/spotify-project/venv/lib/python3.12/site-packages/airflow/example_dags/example_sensor_decorator.py took 0.045 seconds
[2025-10-27T21:52:24.950-0300] {processor.py:161} INFO - Started process (PID=3930) to work on /home/joaosousa/projects/spotify-project/venv/lib/python3.12/site-packages/airflow/example_dags/example_sensor_decorator.py
[2025-10-27T21:52:24.952-0300] {processor.py:830} INFO - Processing file /home/joaosousa/projects/spotify-project/venv/lib/python3.12/site-packages/airflow/example_dags/example_sensor_decorator.py for tasks to queue
[2025-10-27T21:52:24.953-0300] {logging_mixin.py:188} INFO - [2025-10-27T21:52:24.953-0300] {dagbag.py:545} INFO - Filling up the DagBag from /home/joaosousa/projects/spotify-project/venv/lib/python3.12/site-packages/airflow/example_dags/example_sensor_decorator.py
[2025-10-27T21:52:24.958-0300] {processor.py:840} INFO - DAG(s) 'example_sensor_decorator' retrieved from /home/joaosousa/projects/spotify-project/venv/lib/python3.12/site-packages/airflow/example_dags/example_sensor_decorator.py
[2025-10-27T21:52:24.969-0300] {logging_mixin.py:188} INFO - [2025-10-27T21:52:24.969-0300] {dag.py:3096} INFO - Sync 1 DAGs
[2025-10-27T21:52:24.977-0300] {logging_mixin.py:188} INFO - [2025-10-27T21:52:24.977-0300] {dag.py:3954} INFO - Setting next_dagrun for example_sensor_decorator to None, run_after=None
[2025-10-27T21:52:24.991-0300] {processor.py:183} INFO - Processing /home/joaosousa/projects/spotify-project/venv/lib/python3.12/site-packages/airflow/example_dags/example_sensor_decorator.py took 0.045 seconds
[2025-10-27T21:53:24.643-0300] {processor.py:161} INFO - Started process (PID=4054) to work on /home/joaosousa/projects/spotify-project/venv/lib/python3.12/site-packages/airflow/example_dags/example_sensor_decorator.py
[2025-10-27T21:53:24.645-0300] {processor.py:830} INFO - Processing file /home/joaosousa/projects/spotify-project/venv/lib/python3.12/site-packages/airflow/example_dags/example_sensor_decorator.py for tasks to queue
[2025-10-27T21:53:24.646-0300] {logging_mixin.py:188} INFO - [2025-10-27T21:53:24.646-0300] {dagbag.py:545} INFO - Filling up the DagBag from /home/joaosousa/projects/spotify-project/venv/lib/python3.12/site-packages/airflow/example_dags/example_sensor_decorator.py
[2025-10-27T21:53:24.651-0300] {processor.py:840} INFO - DAG(s) 'example_sensor_decorator' retrieved from /home/joaosousa/projects/spotify-project/venv/lib/python3.12/site-packages/airflow/example_dags/example_sensor_decorator.py
[2025-10-27T21:53:24.662-0300] {logging_mixin.py:188} INFO - [2025-10-27T21:53:24.662-0300] {dag.py:3096} INFO - Sync 1 DAGs
[2025-10-27T21:53:24.670-0300] {logging_mixin.py:188} INFO - [2025-10-27T21:53:24.670-0300] {dag.py:3954} INFO - Setting next_dagrun for example_sensor_decorator to None, run_after=None
[2025-10-27T21:53:24.684-0300] {processor.py:183} INFO - Processing /home/joaosousa/projects/spotify-project/venv/lib/python3.12/site-packages/airflow/example_dags/example_sensor_decorator.py took 0.046 seconds
[2025-10-27T21:54:26.478-0300] {processor.py:161} INFO - Started process (PID=4195) to work on /home/joaosousa/projects/spotify-project/venv/lib/python3.12/site-packages/airflow/example_dags/example_sensor_decorator.py
[2025-10-27T21:54:26.480-0300] {processor.py:830} INFO - Processing file /home/joaosousa/projects/spotify-project/venv/lib/python3.12/site-packages/airflow/example_dags/example_sensor_decorator.py for tasks to queue
[2025-10-27T21:54:26.481-0300] {logging_mixin.py:188} INFO - [2025-10-27T21:54:26.481-0300] {dagbag.py:545} INFO - Filling up the DagBag from /home/joaosousa/projects/spotify-project/venv/lib/python3.12/site-packages/airflow/example_dags/example_sensor_decorator.py
[2025-10-27T21:54:26.486-0300] {processor.py:840} INFO - DAG(s) 'example_sensor_decorator' retrieved from /home/joaosousa/projects/spotify-project/venv/lib/python3.12/site-packages/airflow/example_dags/example_sensor_decorator.py
[2025-10-27T21:54:26.497-0300] {logging_mixin.py:188} INFO - [2025-10-27T21:54:26.497-0300] {dag.py:3096} INFO - Sync 1 DAGs
[2025-10-27T21:54:26.504-0300] {logging_mixin.py:188} INFO - [2025-10-27T21:54:26.504-0300] {dag.py:3954} INFO - Setting next_dagrun for example_sensor_decorator to None, run_after=None
[2025-10-27T21:54:26.521-0300] {processor.py:183} INFO - Processing /home/joaosousa/projects/spotify-project/venv/lib/python3.12/site-packages/airflow/example_dags/example_sensor_decorator.py took 0.048 seconds
[2025-10-27T21:55:30.434-0300] {processor.py:161} INFO - Started process (PID=4300) to work on /home/joaosousa/projects/spotify-project/venv/lib/python3.12/site-packages/airflow/example_dags/example_sensor_decorator.py
[2025-10-27T21:55:30.436-0300] {processor.py:830} INFO - Processing file /home/joaosousa/projects/spotify-project/venv/lib/python3.12/site-packages/airflow/example_dags/example_sensor_decorator.py for tasks to queue
[2025-10-27T21:55:30.437-0300] {logging_mixin.py:188} INFO - [2025-10-27T21:55:30.437-0300] {dagbag.py:545} INFO - Filling up the DagBag from /home/joaosousa/projects/spotify-project/venv/lib/python3.12/site-packages/airflow/example_dags/example_sensor_decorator.py
[2025-10-27T21:55:30.442-0300] {processor.py:840} INFO - DAG(s) 'example_sensor_decorator' retrieved from /home/joaosousa/projects/spotify-project/venv/lib/python3.12/site-packages/airflow/example_dags/example_sensor_decorator.py
[2025-10-27T21:55:30.453-0300] {logging_mixin.py:188} INFO - [2025-10-27T21:55:30.453-0300] {dag.py:3096} INFO - Sync 1 DAGs
[2025-10-27T21:55:30.461-0300] {logging_mixin.py:188} INFO - [2025-10-27T21:55:30.460-0300] {dag.py:3954} INFO - Setting next_dagrun for example_sensor_decorator to None, run_after=None
[2025-10-27T21:55:30.475-0300] {processor.py:183} INFO - Processing /home/joaosousa/projects/spotify-project/venv/lib/python3.12/site-packages/airflow/example_dags/example_sensor_decorator.py took 0.047 seconds
[2025-10-27T21:56:34.631-0300] {processor.py:161} INFO - Started process (PID=4403) to work on /home/joaosousa/projects/spotify-project/venv/lib/python3.12/site-packages/airflow/example_dags/example_sensor_decorator.py
[2025-10-27T21:56:34.633-0300] {processor.py:830} INFO - Processing file /home/joaosousa/projects/spotify-project/venv/lib/python3.12/site-packages/airflow/example_dags/example_sensor_decorator.py for tasks to queue
[2025-10-27T21:56:34.635-0300] {logging_mixin.py:188} INFO - [2025-10-27T21:56:34.634-0300] {dagbag.py:545} INFO - Filling up the DagBag from /home/joaosousa/projects/spotify-project/venv/lib/python3.12/site-packages/airflow/example_dags/example_sensor_decorator.py
[2025-10-27T21:56:34.640-0300] {processor.py:840} INFO - DAG(s) 'example_sensor_decorator' retrieved from /home/joaosousa/projects/spotify-project/venv/lib/python3.12/site-packages/airflow/example_dags/example_sensor_decorator.py
[2025-10-27T21:56:34.651-0300] {logging_mixin.py:188} INFO - [2025-10-27T21:56:34.651-0300] {dag.py:3096} INFO - Sync 1 DAGs
[2025-10-27T21:56:34.659-0300] {logging_mixin.py:188} INFO - [2025-10-27T21:56:34.658-0300] {dag.py:3954} INFO - Setting next_dagrun for example_sensor_decorator to None, run_after=None
[2025-10-27T21:56:34.674-0300] {processor.py:183} INFO - Processing /home/joaosousa/projects/spotify-project/venv/lib/python3.12/site-packages/airflow/example_dags/example_sensor_decorator.py took 0.047 seconds
[2025-10-27T21:57:35.971-0300] {processor.py:161} INFO - Started process (PID=4599) to work on /home/joaosousa/projects/spotify-project/venv/lib/python3.12/site-packages/airflow/example_dags/example_sensor_decorator.py
[2025-10-27T21:57:35.973-0300] {processor.py:830} INFO - Processing file /home/joaosousa/projects/spotify-project/venv/lib/python3.12/site-packages/airflow/example_dags/example_sensor_decorator.py for tasks to queue
[2025-10-27T21:57:35.974-0300] {logging_mixin.py:188} INFO - [2025-10-27T21:57:35.974-0300] {dagbag.py:545} INFO - Filling up the DagBag from /home/joaosousa/projects/spotify-project/venv/lib/python3.12/site-packages/airflow/example_dags/example_sensor_decorator.py
[2025-10-27T21:57:35.979-0300] {processor.py:840} INFO - DAG(s) 'example_sensor_decorator' retrieved from /home/joaosousa/projects/spotify-project/venv/lib/python3.12/site-packages/airflow/example_dags/example_sensor_decorator.py
[2025-10-27T21:57:35.990-0300] {logging_mixin.py:188} INFO - [2025-10-27T21:57:35.989-0300] {dag.py:3096} INFO - Sync 1 DAGs
[2025-10-27T21:57:35.997-0300] {logging_mixin.py:188} INFO - [2025-10-27T21:57:35.997-0300] {dag.py:3954} INFO - Setting next_dagrun for example_sensor_decorator to None, run_after=None
[2025-10-27T21:57:36.011-0300] {processor.py:183} INFO - Processing /home/joaosousa/projects/spotify-project/venv/lib/python3.12/site-packages/airflow/example_dags/example_sensor_decorator.py took 0.044 seconds
[2025-10-27T21:58:35.933-0300] {processor.py:161} INFO - Started process (PID=4703) to work on /home/joaosousa/projects/spotify-project/venv/lib/python3.12/site-packages/airflow/example_dags/example_sensor_decorator.py
[2025-10-27T21:58:35.935-0300] {processor.py:830} INFO - Processing file /home/joaosousa/projects/spotify-project/venv/lib/python3.12/site-packages/airflow/example_dags/example_sensor_decorator.py for tasks to queue
[2025-10-27T21:58:35.936-0300] {logging_mixin.py:188} INFO - [2025-10-27T21:58:35.936-0300] {dagbag.py:545} INFO - Filling up the DagBag from /home/joaosousa/projects/spotify-project/venv/lib/python3.12/site-packages/airflow/example_dags/example_sensor_decorator.py
[2025-10-27T21:58:35.941-0300] {processor.py:840} INFO - DAG(s) 'example_sensor_decorator' retrieved from /home/joaosousa/projects/spotify-project/venv/lib/python3.12/site-packages/airflow/example_dags/example_sensor_decorator.py
[2025-10-27T21:58:35.952-0300] {logging_mixin.py:188} INFO - [2025-10-27T21:58:35.951-0300] {dag.py:3096} INFO - Sync 1 DAGs
[2025-10-27T21:58:35.959-0300] {logging_mixin.py:188} INFO - [2025-10-27T21:58:35.959-0300] {dag.py:3954} INFO - Setting next_dagrun for example_sensor_decorator to None, run_after=None
[2025-10-27T21:58:35.974-0300] {processor.py:183} INFO - Processing /home/joaosousa/projects/spotify-project/venv/lib/python3.12/site-packages/airflow/example_dags/example_sensor_decorator.py took 0.045 seconds
[2025-10-27T21:59:34.255-0300] {processor.py:161} INFO - Started process (PID=4807) to work on /home/joaosousa/projects/spotify-project/venv/lib/python3.12/site-packages/airflow/example_dags/example_sensor_decorator.py
[2025-10-27T21:59:34.257-0300] {processor.py:830} INFO - Processing file /home/joaosousa/projects/spotify-project/venv/lib/python3.12/site-packages/airflow/example_dags/example_sensor_decorator.py for tasks to queue
[2025-10-27T21:59:34.258-0300] {logging_mixin.py:188} INFO - [2025-10-27T21:59:34.258-0300] {dagbag.py:545} INFO - Filling up the DagBag from /home/joaosousa/projects/spotify-project/venv/lib/python3.12/site-packages/airflow/example_dags/example_sensor_decorator.py
[2025-10-27T21:59:34.263-0300] {processor.py:840} INFO - DAG(s) 'example_sensor_decorator' retrieved from /home/joaosousa/projects/spotify-project/venv/lib/python3.12/site-packages/airflow/example_dags/example_sensor_decorator.py
[2025-10-27T21:59:34.274-0300] {logging_mixin.py:188} INFO - [2025-10-27T21:59:34.274-0300] {dag.py:3096} INFO - Sync 1 DAGs
[2025-10-27T21:59:34.282-0300] {logging_mixin.py:188} INFO - [2025-10-27T21:59:34.282-0300] {dag.py:3954} INFO - Setting next_dagrun for example_sensor_decorator to None, run_after=None
[2025-10-27T21:59:34.297-0300] {processor.py:183} INFO - Processing /home/joaosousa/projects/spotify-project/venv/lib/python3.12/site-packages/airflow/example_dags/example_sensor_decorator.py took 0.047 seconds
[2025-10-27T22:00:42.106-0300] {processor.py:161} INFO - Started process (PID=4933) to work on /home/joaosousa/projects/spotify-project/venv/lib/python3.12/site-packages/airflow/example_dags/example_sensor_decorator.py
[2025-10-27T22:00:42.108-0300] {processor.py:830} INFO - Processing file /home/joaosousa/projects/spotify-project/venv/lib/python3.12/site-packages/airflow/example_dags/example_sensor_decorator.py for tasks to queue
[2025-10-27T22:00:42.109-0300] {logging_mixin.py:188} INFO - [2025-10-27T22:00:42.109-0300] {dagbag.py:545} INFO - Filling up the DagBag from /home/joaosousa/projects/spotify-project/venv/lib/python3.12/site-packages/airflow/example_dags/example_sensor_decorator.py
[2025-10-27T22:00:42.114-0300] {processor.py:840} INFO - DAG(s) 'example_sensor_decorator' retrieved from /home/joaosousa/projects/spotify-project/venv/lib/python3.12/site-packages/airflow/example_dags/example_sensor_decorator.py
[2025-10-27T22:00:42.125-0300] {logging_mixin.py:188} INFO - [2025-10-27T22:00:42.125-0300] {dag.py:3096} INFO - Sync 1 DAGs
[2025-10-27T22:00:42.132-0300] {logging_mixin.py:188} INFO - [2025-10-27T22:00:42.132-0300] {dag.py:3954} INFO - Setting next_dagrun for example_sensor_decorator to None, run_after=None
[2025-10-27T22:00:42.147-0300] {processor.py:183} INFO - Processing /home/joaosousa/projects/spotify-project/venv/lib/python3.12/site-packages/airflow/example_dags/example_sensor_decorator.py took 0.046 seconds
[2025-10-27T22:01:42.557-0300] {processor.py:161} INFO - Started process (PID=5043) to work on /home/joaosousa/projects/spotify-project/venv/lib/python3.12/site-packages/airflow/example_dags/example_sensor_decorator.py
[2025-10-27T22:01:42.559-0300] {processor.py:830} INFO - Processing file /home/joaosousa/projects/spotify-project/venv/lib/python3.12/site-packages/airflow/example_dags/example_sensor_decorator.py for tasks to queue
[2025-10-27T22:01:42.560-0300] {logging_mixin.py:188} INFO - [2025-10-27T22:01:42.560-0300] {dagbag.py:545} INFO - Filling up the DagBag from /home/joaosousa/projects/spotify-project/venv/lib/python3.12/site-packages/airflow/example_dags/example_sensor_decorator.py
[2025-10-27T22:01:42.565-0300] {processor.py:840} INFO - DAG(s) 'example_sensor_decorator' retrieved from /home/joaosousa/projects/spotify-project/venv/lib/python3.12/site-packages/airflow/example_dags/example_sensor_decorator.py
[2025-10-27T22:01:42.576-0300] {logging_mixin.py:188} INFO - [2025-10-27T22:01:42.576-0300] {dag.py:3096} INFO - Sync 1 DAGs
[2025-10-27T22:01:42.584-0300] {logging_mixin.py:188} INFO - [2025-10-27T22:01:42.583-0300] {dag.py:3954} INFO - Setting next_dagrun for example_sensor_decorator to None, run_after=None
[2025-10-27T22:01:42.598-0300] {processor.py:183} INFO - Processing /home/joaosousa/projects/spotify-project/venv/lib/python3.12/site-packages/airflow/example_dags/example_sensor_decorator.py took 0.047 seconds
[2025-10-27T22:02:42.821-0300] {processor.py:161} INFO - Started process (PID=5147) to work on /home/joaosousa/projects/spotify-project/venv/lib/python3.12/site-packages/airflow/example_dags/example_sensor_decorator.py
[2025-10-27T22:02:42.823-0300] {processor.py:830} INFO - Processing file /home/joaosousa/projects/spotify-project/venv/lib/python3.12/site-packages/airflow/example_dags/example_sensor_decorator.py for tasks to queue
[2025-10-27T22:02:42.824-0300] {logging_mixin.py:188} INFO - [2025-10-27T22:02:42.824-0300] {dagbag.py:545} INFO - Filling up the DagBag from /home/joaosousa/projects/spotify-project/venv/lib/python3.12/site-packages/airflow/example_dags/example_sensor_decorator.py
[2025-10-27T22:02:42.829-0300] {processor.py:840} INFO - DAG(s) 'example_sensor_decorator' retrieved from /home/joaosousa/projects/spotify-project/venv/lib/python3.12/site-packages/airflow/example_dags/example_sensor_decorator.py
[2025-10-27T22:02:42.839-0300] {logging_mixin.py:188} INFO - [2025-10-27T22:02:42.839-0300] {dag.py:3096} INFO - Sync 1 DAGs
[2025-10-27T22:02:42.847-0300] {logging_mixin.py:188} INFO - [2025-10-27T22:02:42.847-0300] {dag.py:3954} INFO - Setting next_dagrun for example_sensor_decorator to None, run_after=None
[2025-10-27T22:02:42.861-0300] {processor.py:183} INFO - Processing /home/joaosousa/projects/spotify-project/venv/lib/python3.12/site-packages/airflow/example_dags/example_sensor_decorator.py took 0.044 seconds
[2025-10-27T22:03:43.388-0300] {processor.py:161} INFO - Started process (PID=5265) to work on /home/joaosousa/projects/spotify-project/venv/lib/python3.12/site-packages/airflow/example_dags/example_sensor_decorator.py
[2025-10-27T22:03:43.389-0300] {processor.py:830} INFO - Processing file /home/joaosousa/projects/spotify-project/venv/lib/python3.12/site-packages/airflow/example_dags/example_sensor_decorator.py for tasks to queue
[2025-10-27T22:03:43.391-0300] {logging_mixin.py:188} INFO - [2025-10-27T22:03:43.390-0300] {dagbag.py:545} INFO - Filling up the DagBag from /home/joaosousa/projects/spotify-project/venv/lib/python3.12/site-packages/airflow/example_dags/example_sensor_decorator.py
[2025-10-27T22:03:43.395-0300] {processor.py:840} INFO - DAG(s) 'example_sensor_decorator' retrieved from /home/joaosousa/projects/spotify-project/venv/lib/python3.12/site-packages/airflow/example_dags/example_sensor_decorator.py
[2025-10-27T22:03:43.406-0300] {logging_mixin.py:188} INFO - [2025-10-27T22:03:43.406-0300] {dag.py:3096} INFO - Sync 1 DAGs
[2025-10-27T22:03:43.414-0300] {logging_mixin.py:188} INFO - [2025-10-27T22:03:43.414-0300] {dag.py:3954} INFO - Setting next_dagrun for example_sensor_decorator to None, run_after=None
[2025-10-27T22:03:43.429-0300] {processor.py:183} INFO - Processing /home/joaosousa/projects/spotify-project/venv/lib/python3.12/site-packages/airflow/example_dags/example_sensor_decorator.py took 0.046 seconds
[2025-10-27T22:04:41.164-0300] {processor.py:161} INFO - Started process (PID=5353) to work on /home/joaosousa/projects/spotify-project/venv/lib/python3.12/site-packages/airflow/example_dags/example_sensor_decorator.py
[2025-10-27T22:04:41.165-0300] {processor.py:830} INFO - Processing file /home/joaosousa/projects/spotify-project/venv/lib/python3.12/site-packages/airflow/example_dags/example_sensor_decorator.py for tasks to queue
[2025-10-27T22:04:41.166-0300] {logging_mixin.py:188} INFO - [2025-10-27T22:04:41.166-0300] {dagbag.py:545} INFO - Filling up the DagBag from /home/joaosousa/projects/spotify-project/venv/lib/python3.12/site-packages/airflow/example_dags/example_sensor_decorator.py
[2025-10-27T22:04:41.171-0300] {processor.py:840} INFO - DAG(s) 'example_sensor_decorator' retrieved from /home/joaosousa/projects/spotify-project/venv/lib/python3.12/site-packages/airflow/example_dags/example_sensor_decorator.py
[2025-10-27T22:04:41.182-0300] {logging_mixin.py:188} INFO - [2025-10-27T22:04:41.181-0300] {dag.py:3096} INFO - Sync 1 DAGs
[2025-10-27T22:04:41.189-0300] {logging_mixin.py:188} INFO - [2025-10-27T22:04:41.189-0300] {dag.py:3954} INFO - Setting next_dagrun for example_sensor_decorator to None, run_after=None
[2025-10-27T22:04:41.204-0300] {processor.py:183} INFO - Processing /home/joaosousa/projects/spotify-project/venv/lib/python3.12/site-packages/airflow/example_dags/example_sensor_decorator.py took 0.045 seconds
[2025-10-27T22:05:39.853-0300] {processor.py:161} INFO - Started process (PID=5468) to work on /home/joaosousa/projects/spotify-project/venv/lib/python3.12/site-packages/airflow/example_dags/example_sensor_decorator.py
[2025-10-27T22:05:39.855-0300] {processor.py:830} INFO - Processing file /home/joaosousa/projects/spotify-project/venv/lib/python3.12/site-packages/airflow/example_dags/example_sensor_decorator.py for tasks to queue
[2025-10-27T22:05:39.856-0300] {logging_mixin.py:188} INFO - [2025-10-27T22:05:39.856-0300] {dagbag.py:545} INFO - Filling up the DagBag from /home/joaosousa/projects/spotify-project/venv/lib/python3.12/site-packages/airflow/example_dags/example_sensor_decorator.py
[2025-10-27T22:05:39.861-0300] {processor.py:840} INFO - DAG(s) 'example_sensor_decorator' retrieved from /home/joaosousa/projects/spotify-project/venv/lib/python3.12/site-packages/airflow/example_dags/example_sensor_decorator.py
[2025-10-27T22:05:39.873-0300] {logging_mixin.py:188} INFO - [2025-10-27T22:05:39.873-0300] {dag.py:3096} INFO - Sync 1 DAGs
[2025-10-27T22:05:39.880-0300] {logging_mixin.py:188} INFO - [2025-10-27T22:05:39.880-0300] {dag.py:3954} INFO - Setting next_dagrun for example_sensor_decorator to None, run_after=None
[2025-10-27T22:05:39.897-0300] {processor.py:183} INFO - Processing /home/joaosousa/projects/spotify-project/venv/lib/python3.12/site-packages/airflow/example_dags/example_sensor_decorator.py took 0.050 seconds
[2025-10-27T22:06:39.185-0300] {processor.py:161} INFO - Started process (PID=5564) to work on /home/joaosousa/projects/spotify-project/venv/lib/python3.12/site-packages/airflow/example_dags/example_sensor_decorator.py
[2025-10-27T22:06:39.186-0300] {processor.py:830} INFO - Processing file /home/joaosousa/projects/spotify-project/venv/lib/python3.12/site-packages/airflow/example_dags/example_sensor_decorator.py for tasks to queue
[2025-10-27T22:06:39.187-0300] {logging_mixin.py:188} INFO - [2025-10-27T22:06:39.187-0300] {dagbag.py:545} INFO - Filling up the DagBag from /home/joaosousa/projects/spotify-project/venv/lib/python3.12/site-packages/airflow/example_dags/example_sensor_decorator.py
[2025-10-27T22:06:39.192-0300] {processor.py:840} INFO - DAG(s) 'example_sensor_decorator' retrieved from /home/joaosousa/projects/spotify-project/venv/lib/python3.12/site-packages/airflow/example_dags/example_sensor_decorator.py
[2025-10-27T22:06:39.202-0300] {logging_mixin.py:188} INFO - [2025-10-27T22:06:39.202-0300] {dag.py:3096} INFO - Sync 1 DAGs
[2025-10-27T22:06:39.210-0300] {logging_mixin.py:188} INFO - [2025-10-27T22:06:39.210-0300] {dag.py:3954} INFO - Setting next_dagrun for example_sensor_decorator to None, run_after=None
[2025-10-27T22:06:39.225-0300] {processor.py:183} INFO - Processing /home/joaosousa/projects/spotify-project/venv/lib/python3.12/site-packages/airflow/example_dags/example_sensor_decorator.py took 0.044 seconds
[2025-10-27T22:07:41.049-0300] {processor.py:161} INFO - Started process (PID=5683) to work on /home/joaosousa/projects/spotify-project/venv/lib/python3.12/site-packages/airflow/example_dags/example_sensor_decorator.py
[2025-10-27T22:07:41.050-0300] {processor.py:830} INFO - Processing file /home/joaosousa/projects/spotify-project/venv/lib/python3.12/site-packages/airflow/example_dags/example_sensor_decorator.py for tasks to queue
[2025-10-27T22:07:41.052-0300] {logging_mixin.py:188} INFO - [2025-10-27T22:07:41.051-0300] {dagbag.py:545} INFO - Filling up the DagBag from /home/joaosousa/projects/spotify-project/venv/lib/python3.12/site-packages/airflow/example_dags/example_sensor_decorator.py
[2025-10-27T22:07:41.057-0300] {processor.py:840} INFO - DAG(s) 'example_sensor_decorator' retrieved from /home/joaosousa/projects/spotify-project/venv/lib/python3.12/site-packages/airflow/example_dags/example_sensor_decorator.py
[2025-10-27T22:07:41.068-0300] {logging_mixin.py:188} INFO - [2025-10-27T22:07:41.068-0300] {dag.py:3096} INFO - Sync 1 DAGs
[2025-10-27T22:07:41.077-0300] {logging_mixin.py:188} INFO - [2025-10-27T22:07:41.076-0300] {dag.py:3954} INFO - Setting next_dagrun for example_sensor_decorator to None, run_after=None
[2025-10-27T22:07:41.092-0300] {processor.py:183} INFO - Processing /home/joaosousa/projects/spotify-project/venv/lib/python3.12/site-packages/airflow/example_dags/example_sensor_decorator.py took 0.047 seconds
[2025-10-27T22:08:37.275-0300] {processor.py:161} INFO - Started process (PID=5768) to work on /home/joaosousa/projects/spotify-project/venv/lib/python3.12/site-packages/airflow/example_dags/example_sensor_decorator.py
[2025-10-27T22:08:37.277-0300] {processor.py:830} INFO - Processing file /home/joaosousa/projects/spotify-project/venv/lib/python3.12/site-packages/airflow/example_dags/example_sensor_decorator.py for tasks to queue
[2025-10-27T22:08:37.279-0300] {logging_mixin.py:188} INFO - [2025-10-27T22:08:37.278-0300] {dagbag.py:545} INFO - Filling up the DagBag from /home/joaosousa/projects/spotify-project/venv/lib/python3.12/site-packages/airflow/example_dags/example_sensor_decorator.py
[2025-10-27T22:08:37.284-0300] {processor.py:840} INFO - DAG(s) 'example_sensor_decorator' retrieved from /home/joaosousa/projects/spotify-project/venv/lib/python3.12/site-packages/airflow/example_dags/example_sensor_decorator.py
[2025-10-27T22:08:37.296-0300] {logging_mixin.py:188} INFO - [2025-10-27T22:08:37.295-0300] {dag.py:3096} INFO - Sync 1 DAGs
[2025-10-27T22:08:37.304-0300] {logging_mixin.py:188} INFO - [2025-10-27T22:08:37.304-0300] {dag.py:3954} INFO - Setting next_dagrun for example_sensor_decorator to None, run_after=None
[2025-10-27T22:08:37.324-0300] {processor.py:183} INFO - Processing /home/joaosousa/projects/spotify-project/venv/lib/python3.12/site-packages/airflow/example_dags/example_sensor_decorator.py took 0.054 seconds
[2025-10-27T22:09:39.694-0300] {processor.py:161} INFO - Started process (PID=5880) to work on /home/joaosousa/projects/spotify-project/venv/lib/python3.12/site-packages/airflow/example_dags/example_sensor_decorator.py
[2025-10-27T22:09:39.696-0300] {processor.py:830} INFO - Processing file /home/joaosousa/projects/spotify-project/venv/lib/python3.12/site-packages/airflow/example_dags/example_sensor_decorator.py for tasks to queue
[2025-10-27T22:09:39.697-0300] {logging_mixin.py:188} INFO - [2025-10-27T22:09:39.697-0300] {dagbag.py:545} INFO - Filling up the DagBag from /home/joaosousa/projects/spotify-project/venv/lib/python3.12/site-packages/airflow/example_dags/example_sensor_decorator.py
[2025-10-27T22:09:39.702-0300] {processor.py:840} INFO - DAG(s) 'example_sensor_decorator' retrieved from /home/joaosousa/projects/spotify-project/venv/lib/python3.12/site-packages/airflow/example_dags/example_sensor_decorator.py
[2025-10-27T22:09:39.713-0300] {logging_mixin.py:188} INFO - [2025-10-27T22:09:39.713-0300] {dag.py:3096} INFO - Sync 1 DAGs
[2025-10-27T22:09:39.722-0300] {logging_mixin.py:188} INFO - [2025-10-27T22:09:39.721-0300] {dag.py:3954} INFO - Setting next_dagrun for example_sensor_decorator to None, run_after=None
[2025-10-27T22:09:39.736-0300] {processor.py:183} INFO - Processing /home/joaosousa/projects/spotify-project/venv/lib/python3.12/site-packages/airflow/example_dags/example_sensor_decorator.py took 0.047 seconds
[2025-10-27T22:10:37.125-0300] {processor.py:161} INFO - Started process (PID=5967) to work on /home/joaosousa/projects/spotify-project/venv/lib/python3.12/site-packages/airflow/example_dags/example_sensor_decorator.py
[2025-10-27T22:10:37.126-0300] {processor.py:830} INFO - Processing file /home/joaosousa/projects/spotify-project/venv/lib/python3.12/site-packages/airflow/example_dags/example_sensor_decorator.py for tasks to queue
[2025-10-27T22:10:37.128-0300] {logging_mixin.py:188} INFO - [2025-10-27T22:10:37.127-0300] {dagbag.py:545} INFO - Filling up the DagBag from /home/joaosousa/projects/spotify-project/venv/lib/python3.12/site-packages/airflow/example_dags/example_sensor_decorator.py
[2025-10-27T22:10:37.132-0300] {processor.py:840} INFO - DAG(s) 'example_sensor_decorator' retrieved from /home/joaosousa/projects/spotify-project/venv/lib/python3.12/site-packages/airflow/example_dags/example_sensor_decorator.py
[2025-10-27T22:10:37.144-0300] {logging_mixin.py:188} INFO - [2025-10-27T22:10:37.144-0300] {dag.py:3096} INFO - Sync 1 DAGs
[2025-10-27T22:10:37.152-0300] {logging_mixin.py:188} INFO - [2025-10-27T22:10:37.152-0300] {dag.py:3954} INFO - Setting next_dagrun for example_sensor_decorator to None, run_after=None
[2025-10-27T22:10:37.167-0300] {processor.py:183} INFO - Processing /home/joaosousa/projects/spotify-project/venv/lib/python3.12/site-packages/airflow/example_dags/example_sensor_decorator.py took 0.047 seconds
[2025-10-27T22:11:35.386-0300] {processor.py:161} INFO - Started process (PID=6075) to work on /home/joaosousa/projects/spotify-project/venv/lib/python3.12/site-packages/airflow/example_dags/example_sensor_decorator.py
[2025-10-27T22:11:35.388-0300] {processor.py:830} INFO - Processing file /home/joaosousa/projects/spotify-project/venv/lib/python3.12/site-packages/airflow/example_dags/example_sensor_decorator.py for tasks to queue
[2025-10-27T22:11:35.389-0300] {logging_mixin.py:188} INFO - [2025-10-27T22:11:35.389-0300] {dagbag.py:545} INFO - Filling up the DagBag from /home/joaosousa/projects/spotify-project/venv/lib/python3.12/site-packages/airflow/example_dags/example_sensor_decorator.py
[2025-10-27T22:11:35.394-0300] {processor.py:840} INFO - DAG(s) 'example_sensor_decorator' retrieved from /home/joaosousa/projects/spotify-project/venv/lib/python3.12/site-packages/airflow/example_dags/example_sensor_decorator.py
[2025-10-27T22:11:35.406-0300] {logging_mixin.py:188} INFO - [2025-10-27T22:11:35.406-0300] {dag.py:3096} INFO - Sync 1 DAGs
[2025-10-27T22:11:35.413-0300] {logging_mixin.py:188} INFO - [2025-10-27T22:11:35.413-0300] {dag.py:3954} INFO - Setting next_dagrun for example_sensor_decorator to None, run_after=None
[2025-10-27T22:11:35.430-0300] {processor.py:183} INFO - Processing /home/joaosousa/projects/spotify-project/venv/lib/python3.12/site-packages/airflow/example_dags/example_sensor_decorator.py took 0.048 seconds
[2025-10-27T22:12:31.642-0300] {processor.py:161} INFO - Started process (PID=6181) to work on /home/joaosousa/projects/spotify-project/venv/lib/python3.12/site-packages/airflow/example_dags/example_sensor_decorator.py
[2025-10-27T22:12:31.644-0300] {processor.py:830} INFO - Processing file /home/joaosousa/projects/spotify-project/venv/lib/python3.12/site-packages/airflow/example_dags/example_sensor_decorator.py for tasks to queue
[2025-10-27T22:12:31.646-0300] {logging_mixin.py:188} INFO - [2025-10-27T22:12:31.645-0300] {dagbag.py:545} INFO - Filling up the DagBag from /home/joaosousa/projects/spotify-project/venv/lib/python3.12/site-packages/airflow/example_dags/example_sensor_decorator.py
[2025-10-27T22:12:31.650-0300] {processor.py:840} INFO - DAG(s) 'example_sensor_decorator' retrieved from /home/joaosousa/projects/spotify-project/venv/lib/python3.12/site-packages/airflow/example_dags/example_sensor_decorator.py
[2025-10-27T22:12:31.661-0300] {logging_mixin.py:188} INFO - [2025-10-27T22:12:31.661-0300] {dag.py:3096} INFO - Sync 1 DAGs
[2025-10-27T22:12:31.669-0300] {logging_mixin.py:188} INFO - [2025-10-27T22:12:31.669-0300] {dag.py:3954} INFO - Setting next_dagrun for example_sensor_decorator to None, run_after=None
[2025-10-27T22:12:31.683-0300] {processor.py:183} INFO - Processing /home/joaosousa/projects/spotify-project/venv/lib/python3.12/site-packages/airflow/example_dags/example_sensor_decorator.py took 0.046 seconds
[2025-10-27T22:13:29.550-0300] {processor.py:161} INFO - Started process (PID=6290) to work on /home/joaosousa/projects/spotify-project/venv/lib/python3.12/site-packages/airflow/example_dags/example_sensor_decorator.py
[2025-10-27T22:13:29.551-0300] {processor.py:830} INFO - Processing file /home/joaosousa/projects/spotify-project/venv/lib/python3.12/site-packages/airflow/example_dags/example_sensor_decorator.py for tasks to queue
[2025-10-27T22:13:29.553-0300] {logging_mixin.py:188} INFO - [2025-10-27T22:13:29.552-0300] {dagbag.py:545} INFO - Filling up the DagBag from /home/joaosousa/projects/spotify-project/venv/lib/python3.12/site-packages/airflow/example_dags/example_sensor_decorator.py
[2025-10-27T22:13:29.558-0300] {processor.py:840} INFO - DAG(s) 'example_sensor_decorator' retrieved from /home/joaosousa/projects/spotify-project/venv/lib/python3.12/site-packages/airflow/example_dags/example_sensor_decorator.py
[2025-10-27T22:13:29.571-0300] {logging_mixin.py:188} INFO - [2025-10-27T22:13:29.570-0300] {dag.py:3096} INFO - Sync 1 DAGs
[2025-10-27T22:13:29.581-0300] {logging_mixin.py:188} INFO - [2025-10-27T22:13:29.581-0300] {dag.py:3954} INFO - Setting next_dagrun for example_sensor_decorator to None, run_after=None
[2025-10-27T22:13:29.597-0300] {processor.py:183} INFO - Processing /home/joaosousa/projects/spotify-project/venv/lib/python3.12/site-packages/airflow/example_dags/example_sensor_decorator.py took 0.051 seconds
[2025-10-27T22:14:33.913-0300] {processor.py:161} INFO - Started process (PID=6379) to work on /home/joaosousa/projects/spotify-project/venv/lib/python3.12/site-packages/airflow/example_dags/example_sensor_decorator.py
[2025-10-27T22:14:33.915-0300] {processor.py:830} INFO - Processing file /home/joaosousa/projects/spotify-project/venv/lib/python3.12/site-packages/airflow/example_dags/example_sensor_decorator.py for tasks to queue
[2025-10-27T22:14:33.916-0300] {logging_mixin.py:188} INFO - [2025-10-27T22:14:33.916-0300] {dagbag.py:545} INFO - Filling up the DagBag from /home/joaosousa/projects/spotify-project/venv/lib/python3.12/site-packages/airflow/example_dags/example_sensor_decorator.py
[2025-10-27T22:14:33.922-0300] {processor.py:840} INFO - DAG(s) 'example_sensor_decorator' retrieved from /home/joaosousa/projects/spotify-project/venv/lib/python3.12/site-packages/airflow/example_dags/example_sensor_decorator.py
[2025-10-27T22:14:33.934-0300] {logging_mixin.py:188} INFO - [2025-10-27T22:14:33.934-0300] {dag.py:3096} INFO - Sync 1 DAGs
[2025-10-27T22:14:33.942-0300] {logging_mixin.py:188} INFO - [2025-10-27T22:14:33.942-0300] {dag.py:3954} INFO - Setting next_dagrun for example_sensor_decorator to None, run_after=None
[2025-10-27T22:14:33.958-0300] {processor.py:183} INFO - Processing /home/joaosousa/projects/spotify-project/venv/lib/python3.12/site-packages/airflow/example_dags/example_sensor_decorator.py took 0.050 seconds
[2025-10-27T22:15:38.541-0300] {processor.py:161} INFO - Started process (PID=6493) to work on /home/joaosousa/projects/spotify-project/venv/lib/python3.12/site-packages/airflow/example_dags/example_sensor_decorator.py
[2025-10-27T22:15:38.542-0300] {processor.py:830} INFO - Processing file /home/joaosousa/projects/spotify-project/venv/lib/python3.12/site-packages/airflow/example_dags/example_sensor_decorator.py for tasks to queue
[2025-10-27T22:15:38.544-0300] {logging_mixin.py:188} INFO - [2025-10-27T22:15:38.543-0300] {dagbag.py:545} INFO - Filling up the DagBag from /home/joaosousa/projects/spotify-project/venv/lib/python3.12/site-packages/airflow/example_dags/example_sensor_decorator.py
[2025-10-27T22:15:38.549-0300] {processor.py:840} INFO - DAG(s) 'example_sensor_decorator' retrieved from /home/joaosousa/projects/spotify-project/venv/lib/python3.12/site-packages/airflow/example_dags/example_sensor_decorator.py
[2025-10-27T22:15:38.559-0300] {logging_mixin.py:188} INFO - [2025-10-27T22:15:38.559-0300] {dag.py:3096} INFO - Sync 1 DAGs
[2025-10-27T22:15:38.567-0300] {logging_mixin.py:188} INFO - [2025-10-27T22:15:38.567-0300] {dag.py:3954} INFO - Setting next_dagrun for example_sensor_decorator to None, run_after=None
[2025-10-27T22:15:38.583-0300] {processor.py:183} INFO - Processing /home/joaosousa/projects/spotify-project/venv/lib/python3.12/site-packages/airflow/example_dags/example_sensor_decorator.py took 0.047 seconds
[2025-10-27T22:16:34.702-0300] {processor.py:161} INFO - Started process (PID=6602) to work on /home/joaosousa/projects/spotify-project/venv/lib/python3.12/site-packages/airflow/example_dags/example_sensor_decorator.py
[2025-10-27T22:16:34.704-0300] {processor.py:830} INFO - Processing file /home/joaosousa/projects/spotify-project/venv/lib/python3.12/site-packages/airflow/example_dags/example_sensor_decorator.py for tasks to queue
[2025-10-27T22:16:34.705-0300] {logging_mixin.py:188} INFO - [2025-10-27T22:16:34.705-0300] {dagbag.py:545} INFO - Filling up the DagBag from /home/joaosousa/projects/spotify-project/venv/lib/python3.12/site-packages/airflow/example_dags/example_sensor_decorator.py
[2025-10-27T22:16:34.710-0300] {processor.py:840} INFO - DAG(s) 'example_sensor_decorator' retrieved from /home/joaosousa/projects/spotify-project/venv/lib/python3.12/site-packages/airflow/example_dags/example_sensor_decorator.py
[2025-10-27T22:16:34.720-0300] {logging_mixin.py:188} INFO - [2025-10-27T22:16:34.720-0300] {dag.py:3096} INFO - Sync 1 DAGs
[2025-10-27T22:16:34.728-0300] {logging_mixin.py:188} INFO - [2025-10-27T22:16:34.728-0300] {dag.py:3954} INFO - Setting next_dagrun for example_sensor_decorator to None, run_after=None
[2025-10-27T22:16:34.742-0300] {processor.py:183} INFO - Processing /home/joaosousa/projects/spotify-project/venv/lib/python3.12/site-packages/airflow/example_dags/example_sensor_decorator.py took 0.044 seconds
[2025-10-27T22:17:36.489-0300] {processor.py:161} INFO - Started process (PID=6729) to work on /home/joaosousa/projects/spotify-project/venv/lib/python3.12/site-packages/airflow/example_dags/example_sensor_decorator.py
[2025-10-27T22:17:36.491-0300] {processor.py:830} INFO - Processing file /home/joaosousa/projects/spotify-project/venv/lib/python3.12/site-packages/airflow/example_dags/example_sensor_decorator.py for tasks to queue
[2025-10-27T22:17:36.492-0300] {logging_mixin.py:188} INFO - [2025-10-27T22:17:36.492-0300] {dagbag.py:545} INFO - Filling up the DagBag from /home/joaosousa/projects/spotify-project/venv/lib/python3.12/site-packages/airflow/example_dags/example_sensor_decorator.py
[2025-10-27T22:17:36.497-0300] {processor.py:840} INFO - DAG(s) 'example_sensor_decorator' retrieved from /home/joaosousa/projects/spotify-project/venv/lib/python3.12/site-packages/airflow/example_dags/example_sensor_decorator.py
[2025-10-27T22:17:36.508-0300] {logging_mixin.py:188} INFO - [2025-10-27T22:17:36.507-0300] {dag.py:3096} INFO - Sync 1 DAGs
[2025-10-27T22:17:36.515-0300] {logging_mixin.py:188} INFO - [2025-10-27T22:17:36.515-0300] {dag.py:3954} INFO - Setting next_dagrun for example_sensor_decorator to None, run_after=None
[2025-10-27T22:17:36.530-0300] {processor.py:183} INFO - Processing /home/joaosousa/projects/spotify-project/venv/lib/python3.12/site-packages/airflow/example_dags/example_sensor_decorator.py took 0.046 seconds
[2025-10-27T22:18:35.277-0300] {processor.py:161} INFO - Started process (PID=6831) to work on /home/joaosousa/projects/spotify-project/venv/lib/python3.12/site-packages/airflow/example_dags/example_sensor_decorator.py
[2025-10-27T22:18:35.279-0300] {processor.py:830} INFO - Processing file /home/joaosousa/projects/spotify-project/venv/lib/python3.12/site-packages/airflow/example_dags/example_sensor_decorator.py for tasks to queue
[2025-10-27T22:18:35.280-0300] {logging_mixin.py:188} INFO - [2025-10-27T22:18:35.280-0300] {dagbag.py:545} INFO - Filling up the DagBag from /home/joaosousa/projects/spotify-project/venv/lib/python3.12/site-packages/airflow/example_dags/example_sensor_decorator.py
[2025-10-27T22:18:35.285-0300] {processor.py:840} INFO - DAG(s) 'example_sensor_decorator' retrieved from /home/joaosousa/projects/spotify-project/venv/lib/python3.12/site-packages/airflow/example_dags/example_sensor_decorator.py
[2025-10-27T22:18:35.296-0300] {logging_mixin.py:188} INFO - [2025-10-27T22:18:35.296-0300] {dag.py:3096} INFO - Sync 1 DAGs
[2025-10-27T22:18:35.303-0300] {logging_mixin.py:188} INFO - [2025-10-27T22:18:35.303-0300] {dag.py:3954} INFO - Setting next_dagrun for example_sensor_decorator to None, run_after=None
[2025-10-27T22:18:35.318-0300] {processor.py:183} INFO - Processing /home/joaosousa/projects/spotify-project/venv/lib/python3.12/site-packages/airflow/example_dags/example_sensor_decorator.py took 0.046 seconds
[2025-10-27T22:19:37.227-0300] {processor.py:161} INFO - Started process (PID=6942) to work on /home/joaosousa/projects/spotify-project/venv/lib/python3.12/site-packages/airflow/example_dags/example_sensor_decorator.py
[2025-10-27T22:19:37.228-0300] {processor.py:830} INFO - Processing file /home/joaosousa/projects/spotify-project/venv/lib/python3.12/site-packages/airflow/example_dags/example_sensor_decorator.py for tasks to queue
[2025-10-27T22:19:37.229-0300] {logging_mixin.py:188} INFO - [2025-10-27T22:19:37.229-0300] {dagbag.py:545} INFO - Filling up the DagBag from /home/joaosousa/projects/spotify-project/venv/lib/python3.12/site-packages/airflow/example_dags/example_sensor_decorator.py
[2025-10-27T22:19:37.234-0300] {processor.py:840} INFO - DAG(s) 'example_sensor_decorator' retrieved from /home/joaosousa/projects/spotify-project/venv/lib/python3.12/site-packages/airflow/example_dags/example_sensor_decorator.py
[2025-10-27T22:19:37.245-0300] {logging_mixin.py:188} INFO - [2025-10-27T22:19:37.245-0300] {dag.py:3096} INFO - Sync 1 DAGs
[2025-10-27T22:19:37.253-0300] {logging_mixin.py:188} INFO - [2025-10-27T22:19:37.253-0300] {dag.py:3954} INFO - Setting next_dagrun for example_sensor_decorator to None, run_after=None
[2025-10-27T22:19:37.268-0300] {processor.py:183} INFO - Processing /home/joaosousa/projects/spotify-project/venv/lib/python3.12/site-packages/airflow/example_dags/example_sensor_decorator.py took 0.045 seconds
[2025-10-27T22:20:29.343-0300] {processor.py:161} INFO - Started process (PID=7024) to work on /home/joaosousa/projects/spotify-project/venv/lib/python3.12/site-packages/airflow/example_dags/example_sensor_decorator.py
[2025-10-27T22:20:29.345-0300] {processor.py:830} INFO - Processing file /home/joaosousa/projects/spotify-project/venv/lib/python3.12/site-packages/airflow/example_dags/example_sensor_decorator.py for tasks to queue
[2025-10-27T22:20:29.346-0300] {logging_mixin.py:188} INFO - [2025-10-27T22:20:29.346-0300] {dagbag.py:545} INFO - Filling up the DagBag from /home/joaosousa/projects/spotify-project/venv/lib/python3.12/site-packages/airflow/example_dags/example_sensor_decorator.py
[2025-10-27T22:20:29.351-0300] {processor.py:840} INFO - DAG(s) 'example_sensor_decorator' retrieved from /home/joaosousa/projects/spotify-project/venv/lib/python3.12/site-packages/airflow/example_dags/example_sensor_decorator.py
[2025-10-27T22:20:29.362-0300] {logging_mixin.py:188} INFO - [2025-10-27T22:20:29.362-0300] {dag.py:3096} INFO - Sync 1 DAGs
[2025-10-27T22:20:29.369-0300] {logging_mixin.py:188} INFO - [2025-10-27T22:20:29.369-0300] {dag.py:3954} INFO - Setting next_dagrun for example_sensor_decorator to None, run_after=None
[2025-10-27T22:20:29.384-0300] {processor.py:183} INFO - Processing /home/joaosousa/projects/spotify-project/venv/lib/python3.12/site-packages/airflow/example_dags/example_sensor_decorator.py took 0.045 seconds
[2025-10-27T22:21:28.609-0300] {processor.py:161} INFO - Started process (PID=7134) to work on /home/joaosousa/projects/spotify-project/venv/lib/python3.12/site-packages/airflow/example_dags/example_sensor_decorator.py
[2025-10-27T22:21:28.611-0300] {processor.py:830} INFO - Processing file /home/joaosousa/projects/spotify-project/venv/lib/python3.12/site-packages/airflow/example_dags/example_sensor_decorator.py for tasks to queue
[2025-10-27T22:21:28.612-0300] {logging_mixin.py:188} INFO - [2025-10-27T22:21:28.612-0300] {dagbag.py:545} INFO - Filling up the DagBag from /home/joaosousa/projects/spotify-project/venv/lib/python3.12/site-packages/airflow/example_dags/example_sensor_decorator.py
[2025-10-27T22:21:28.617-0300] {processor.py:840} INFO - DAG(s) 'example_sensor_decorator' retrieved from /home/joaosousa/projects/spotify-project/venv/lib/python3.12/site-packages/airflow/example_dags/example_sensor_decorator.py
[2025-10-27T22:21:28.628-0300] {logging_mixin.py:188} INFO - [2025-10-27T22:21:28.628-0300] {dag.py:3096} INFO - Sync 1 DAGs
[2025-10-27T22:21:28.636-0300] {logging_mixin.py:188} INFO - [2025-10-27T22:21:28.636-0300] {dag.py:3954} INFO - Setting next_dagrun for example_sensor_decorator to None, run_after=None
[2025-10-27T22:21:28.650-0300] {processor.py:183} INFO - Processing /home/joaosousa/projects/spotify-project/venv/lib/python3.12/site-packages/airflow/example_dags/example_sensor_decorator.py took 0.046 seconds
