[2025-10-27T21:31:22.688-0300] {processor.py:161} INFO - Started process (PID=1111) to work on /home/joaosousa/projects/spotify-project/venv/lib/python3.12/site-packages/airflow/example_dags/example_branch_datetime_operator.py
[2025-10-27T21:31:22.689-0300] {processor.py:830} INFO - Processing file /home/joaosousa/projects/spotify-project/venv/lib/python3.12/site-packages/airflow/example_dags/example_branch_datetime_operator.py for tasks to queue
[2025-10-27T21:31:22.690-0300] {logging_mixin.py:188} INFO - [2025-10-27T21:31:22.690-0300] {dagbag.py:545} INFO - Filling up the DagBag from /home/joaosousa/projects/spotify-project/venv/lib/python3.12/site-packages/airflow/example_dags/example_branch_datetime_operator.py
[2025-10-27T21:31:22.697-0300] {processor.py:840} INFO - DAG(s) 'example_branch_datetime_operator_2', 'example_branch_datetime_operator', 'example_branch_datetime_operator_3' retrieved from /home/joaosousa/projects/spotify-project/venv/lib/python3.12/site-packages/airflow/example_dags/example_branch_datetime_operator.py
[2025-10-27T21:31:22.711-0300] {logging_mixin.py:188} INFO - [2025-10-27T21:31:22.711-0300] {dag.py:3096} INFO - Sync 3 DAGs
[2025-10-27T21:31:22.724-0300] {logging_mixin.py:188} INFO - [2025-10-27T21:31:22.724-0300] {dag.py:3954} INFO - Setting next_dagrun for example_branch_datetime_operator to 2025-10-27 00:00:00+00:00, run_after=2025-10-28 00:00:00+00:00
[2025-10-27T21:31:22.727-0300] {logging_mixin.py:188} INFO - [2025-10-27T21:31:22.727-0300] {dag.py:3954} INFO - Setting next_dagrun for example_branch_datetime_operator_2 to 2025-10-27 00:00:00+00:00, run_after=2025-10-28 00:00:00+00:00
[2025-10-27T21:31:22.728-0300] {logging_mixin.py:188} INFO - [2025-10-27T21:31:22.728-0300] {dag.py:3954} INFO - Setting next_dagrun for example_branch_datetime_operator_3 to 2025-10-27 00:00:00+00:00, run_after=2025-10-28 00:00:00+00:00
[2025-10-27T21:31:22.742-0300] {processor.py:183} INFO - Processing /home/joaosousa/projects/spotify-project/venv/lib/python3.12/site-packages/airflow/example_dags/example_branch_datetime_operator.py took 0.058 seconds
[2025-10-27T21:32:21.508-0300] {processor.py:161} INFO - Started process (PID=1326) to work on /home/joaosousa/projects/spotify-project/venv/lib/python3.12/site-packages/airflow/example_dags/example_branch_datetime_operator.py
[2025-10-27T21:32:21.510-0300] {processor.py:830} INFO - Processing file /home/joaosousa/projects/spotify-project/venv/lib/python3.12/site-packages/airflow/example_dags/example_branch_datetime_operator.py for tasks to queue
[2025-10-27T21:32:21.511-0300] {logging_mixin.py:188} INFO - [2025-10-27T21:32:21.511-0300] {dagbag.py:545} INFO - Filling up the DagBag from /home/joaosousa/projects/spotify-project/venv/lib/python3.12/site-packages/airflow/example_dags/example_branch_datetime_operator.py
[2025-10-27T21:32:21.518-0300] {processor.py:840} INFO - DAG(s) 'example_branch_datetime_operator', 'example_branch_datetime_operator_2', 'example_branch_datetime_operator_3' retrieved from /home/joaosousa/projects/spotify-project/venv/lib/python3.12/site-packages/airflow/example_dags/example_branch_datetime_operator.py
[2025-10-27T21:32:21.532-0300] {logging_mixin.py:188} INFO - [2025-10-27T21:32:21.532-0300] {dag.py:3096} INFO - Sync 3 DAGs
[2025-10-27T21:32:21.544-0300] {logging_mixin.py:188} INFO - [2025-10-27T21:32:21.544-0300] {dag.py:3954} INFO - Setting next_dagrun for example_branch_datetime_operator to 2025-10-27 00:00:00+00:00, run_after=2025-10-28 00:00:00+00:00
[2025-10-27T21:32:21.546-0300] {logging_mixin.py:188} INFO - [2025-10-27T21:32:21.546-0300] {dag.py:3954} INFO - Setting next_dagrun for example_branch_datetime_operator_2 to 2025-10-27 00:00:00+00:00, run_after=2025-10-28 00:00:00+00:00
[2025-10-27T21:32:21.547-0300] {logging_mixin.py:188} INFO - [2025-10-27T21:32:21.547-0300] {dag.py:3954} INFO - Setting next_dagrun for example_branch_datetime_operator_3 to 2025-10-27 00:00:00+00:00, run_after=2025-10-28 00:00:00+00:00
[2025-10-27T21:32:21.560-0300] {processor.py:183} INFO - Processing /home/joaosousa/projects/spotify-project/venv/lib/python3.12/site-packages/airflow/example_dags/example_branch_datetime_operator.py took 0.056 seconds
[2025-10-27T21:33:28.826-0300] {processor.py:161} INFO - Started process (PID=1421) to work on /home/joaosousa/projects/spotify-project/venv/lib/python3.12/site-packages/airflow/example_dags/example_branch_datetime_operator.py
[2025-10-27T21:33:28.826-0300] {processor.py:830} INFO - Processing file /home/joaosousa/projects/spotify-project/venv/lib/python3.12/site-packages/airflow/example_dags/example_branch_datetime_operator.py for tasks to queue
[2025-10-27T21:33:28.828-0300] {logging_mixin.py:188} INFO - [2025-10-27T21:33:28.827-0300] {dagbag.py:545} INFO - Filling up the DagBag from /home/joaosousa/projects/spotify-project/venv/lib/python3.12/site-packages/airflow/example_dags/example_branch_datetime_operator.py
[2025-10-27T21:33:28.835-0300] {processor.py:840} INFO - DAG(s) 'example_branch_datetime_operator_3', 'example_branch_datetime_operator', 'example_branch_datetime_operator_2' retrieved from /home/joaosousa/projects/spotify-project/venv/lib/python3.12/site-packages/airflow/example_dags/example_branch_datetime_operator.py
[2025-10-27T21:33:28.849-0300] {logging_mixin.py:188} INFO - [2025-10-27T21:33:28.848-0300] {dag.py:3096} INFO - Sync 3 DAGs
[2025-10-27T21:33:28.861-0300] {logging_mixin.py:188} INFO - [2025-10-27T21:33:28.861-0300] {dag.py:3954} INFO - Setting next_dagrun for example_branch_datetime_operator to 2025-10-27 00:00:00+00:00, run_after=2025-10-28 00:00:00+00:00
[2025-10-27T21:33:28.864-0300] {logging_mixin.py:188} INFO - [2025-10-27T21:33:28.864-0300] {dag.py:3954} INFO - Setting next_dagrun for example_branch_datetime_operator_2 to 2025-10-27 00:00:00+00:00, run_after=2025-10-28 00:00:00+00:00
[2025-10-27T21:33:28.865-0300] {logging_mixin.py:188} INFO - [2025-10-27T21:33:28.865-0300] {dag.py:3954} INFO - Setting next_dagrun for example_branch_datetime_operator_3 to 2025-10-27 00:00:00+00:00, run_after=2025-10-28 00:00:00+00:00
[2025-10-27T21:33:28.878-0300] {processor.py:183} INFO - Processing /home/joaosousa/projects/spotify-project/venv/lib/python3.12/site-packages/airflow/example_dags/example_branch_datetime_operator.py took 0.057 seconds
[2025-10-27T21:34:32.450-0300] {processor.py:161} INFO - Started process (PID=1533) to work on /home/joaosousa/projects/spotify-project/venv/lib/python3.12/site-packages/airflow/example_dags/example_branch_datetime_operator.py
[2025-10-27T21:34:32.452-0300] {processor.py:830} INFO - Processing file /home/joaosousa/projects/spotify-project/venv/lib/python3.12/site-packages/airflow/example_dags/example_branch_datetime_operator.py for tasks to queue
[2025-10-27T21:34:31.949-0300] {logging_mixin.py:188} INFO - [2025-10-27T21:34:31.949-0300] {dagbag.py:545} INFO - Filling up the DagBag from /home/joaosousa/projects/spotify-project/venv/lib/python3.12/site-packages/airflow/example_dags/example_branch_datetime_operator.py
[2025-10-27T21:34:31.956-0300] {processor.py:840} INFO - DAG(s) 'example_branch_datetime_operator_3', 'example_branch_datetime_operator_2', 'example_branch_datetime_operator' retrieved from /home/joaosousa/projects/spotify-project/venv/lib/python3.12/site-packages/airflow/example_dags/example_branch_datetime_operator.py
[2025-10-27T21:34:31.970-0300] {logging_mixin.py:188} INFO - [2025-10-27T21:34:31.970-0300] {dag.py:3096} INFO - Sync 3 DAGs
[2025-10-27T21:34:31.982-0300] {logging_mixin.py:188} INFO - [2025-10-27T21:34:31.982-0300] {dag.py:3954} INFO - Setting next_dagrun for example_branch_datetime_operator to 2025-10-27 00:00:00+00:00, run_after=2025-10-28 00:00:00+00:00
[2025-10-27T21:34:31.984-0300] {logging_mixin.py:188} INFO - [2025-10-27T21:34:31.984-0300] {dag.py:3954} INFO - Setting next_dagrun for example_branch_datetime_operator_2 to 2025-10-27 00:00:00+00:00, run_after=2025-10-28 00:00:00+00:00
[2025-10-27T21:34:31.985-0300] {logging_mixin.py:188} INFO - [2025-10-27T21:34:31.985-0300] {dag.py:3954} INFO - Setting next_dagrun for example_branch_datetime_operator_3 to 2025-10-27 00:00:00+00:00, run_after=2025-10-28 00:00:00+00:00
[2025-10-27T21:34:31.998-0300] {processor.py:183} INFO - Processing /home/joaosousa/projects/spotify-project/venv/lib/python3.12/site-packages/airflow/example_dags/example_branch_datetime_operator.py took 0.055 seconds
[2025-10-27T21:35:29.262-0300] {processor.py:161} INFO - Started process (PID=1618) to work on /home/joaosousa/projects/spotify-project/venv/lib/python3.12/site-packages/airflow/example_dags/example_branch_datetime_operator.py
[2025-10-27T21:35:29.264-0300] {processor.py:830} INFO - Processing file /home/joaosousa/projects/spotify-project/venv/lib/python3.12/site-packages/airflow/example_dags/example_branch_datetime_operator.py for tasks to queue
[2025-10-27T21:35:29.265-0300] {logging_mixin.py:188} INFO - [2025-10-27T21:35:29.265-0300] {dagbag.py:545} INFO - Filling up the DagBag from /home/joaosousa/projects/spotify-project/venv/lib/python3.12/site-packages/airflow/example_dags/example_branch_datetime_operator.py
[2025-10-27T21:35:29.273-0300] {processor.py:840} INFO - DAG(s) 'example_branch_datetime_operator', 'example_branch_datetime_operator_2', 'example_branch_datetime_operator_3' retrieved from /home/joaosousa/projects/spotify-project/venv/lib/python3.12/site-packages/airflow/example_dags/example_branch_datetime_operator.py
[2025-10-27T21:35:29.288-0300] {logging_mixin.py:188} INFO - [2025-10-27T21:35:29.288-0300] {dag.py:3096} INFO - Sync 3 DAGs
[2025-10-27T21:35:29.301-0300] {logging_mixin.py:188} INFO - [2025-10-27T21:35:29.301-0300] {dag.py:3954} INFO - Setting next_dagrun for example_branch_datetime_operator to 2025-10-27 00:00:00+00:00, run_after=2025-10-28 00:00:00+00:00
[2025-10-27T21:35:29.304-0300] {logging_mixin.py:188} INFO - [2025-10-27T21:35:29.304-0300] {dag.py:3954} INFO - Setting next_dagrun for example_branch_datetime_operator_2 to 2025-10-27 00:00:00+00:00, run_after=2025-10-28 00:00:00+00:00
[2025-10-27T21:35:29.305-0300] {logging_mixin.py:188} INFO - [2025-10-27T21:35:29.305-0300] {dag.py:3954} INFO - Setting next_dagrun for example_branch_datetime_operator_3 to 2025-10-27 00:00:00+00:00, run_after=2025-10-28 00:00:00+00:00
[2025-10-27T21:35:29.319-0300] {processor.py:183} INFO - Processing /home/joaosousa/projects/spotify-project/venv/lib/python3.12/site-packages/airflow/example_dags/example_branch_datetime_operator.py took 0.061 seconds
[2025-10-27T21:36:41.472-0300] {processor.py:161} INFO - Started process (PID=1736) to work on /home/joaosousa/projects/spotify-project/venv/lib/python3.12/site-packages/airflow/example_dags/example_branch_datetime_operator.py
[2025-10-27T21:36:41.474-0300] {processor.py:830} INFO - Processing file /home/joaosousa/projects/spotify-project/venv/lib/python3.12/site-packages/airflow/example_dags/example_branch_datetime_operator.py for tasks to queue
[2025-10-27T21:36:41.476-0300] {logging_mixin.py:188} INFO - [2025-10-27T21:36:41.476-0300] {dagbag.py:545} INFO - Filling up the DagBag from /home/joaosousa/projects/spotify-project/venv/lib/python3.12/site-packages/airflow/example_dags/example_branch_datetime_operator.py
[2025-10-27T21:36:41.485-0300] {processor.py:840} INFO - DAG(s) 'example_branch_datetime_operator_2', 'example_branch_datetime_operator_3', 'example_branch_datetime_operator' retrieved from /home/joaosousa/projects/spotify-project/venv/lib/python3.12/site-packages/airflow/example_dags/example_branch_datetime_operator.py
[2025-10-27T21:36:41.598-0300] {logging_mixin.py:188} INFO - [2025-10-27T21:36:41.598-0300] {dag.py:3096} INFO - Sync 3 DAGs
[2025-10-27T21:36:41.610-0300] {logging_mixin.py:188} INFO - [2025-10-27T21:36:41.610-0300] {dag.py:3954} INFO - Setting next_dagrun for example_branch_datetime_operator to 2025-10-27 00:00:00+00:00, run_after=2025-10-28 00:00:00+00:00
[2025-10-27T21:36:41.613-0300] {logging_mixin.py:188} INFO - [2025-10-27T21:36:41.613-0300] {dag.py:3954} INFO - Setting next_dagrun for example_branch_datetime_operator_2 to 2025-10-27 00:00:00+00:00, run_after=2025-10-28 00:00:00+00:00
[2025-10-27T21:36:41.614-0300] {logging_mixin.py:188} INFO - [2025-10-27T21:36:41.614-0300] {dag.py:3954} INFO - Setting next_dagrun for example_branch_datetime_operator_3 to 2025-10-27 00:00:00+00:00, run_after=2025-10-28 00:00:00+00:00
[2025-10-27T21:36:41.628-0300] {processor.py:183} INFO - Processing /home/joaosousa/projects/spotify-project/venv/lib/python3.12/site-packages/airflow/example_dags/example_branch_datetime_operator.py took 0.160 seconds
[2025-10-27T21:37:46.425-0300] {processor.py:161} INFO - Started process (PID=1830) to work on /home/joaosousa/projects/spotify-project/venv/lib/python3.12/site-packages/airflow/example_dags/example_branch_datetime_operator.py
[2025-10-27T21:37:46.427-0300] {processor.py:830} INFO - Processing file /home/joaosousa/projects/spotify-project/venv/lib/python3.12/site-packages/airflow/example_dags/example_branch_datetime_operator.py for tasks to queue
[2025-10-27T21:37:46.429-0300] {logging_mixin.py:188} INFO - [2025-10-27T21:37:46.428-0300] {dagbag.py:545} INFO - Filling up the DagBag from /home/joaosousa/projects/spotify-project/venv/lib/python3.12/site-packages/airflow/example_dags/example_branch_datetime_operator.py
[2025-10-27T21:37:46.436-0300] {processor.py:840} INFO - DAG(s) 'example_branch_datetime_operator_3', 'example_branch_datetime_operator', 'example_branch_datetime_operator_2' retrieved from /home/joaosousa/projects/spotify-project/venv/lib/python3.12/site-packages/airflow/example_dags/example_branch_datetime_operator.py
[2025-10-27T21:37:46.451-0300] {logging_mixin.py:188} INFO - [2025-10-27T21:37:46.451-0300] {dag.py:3096} INFO - Sync 3 DAGs
[2025-10-27T21:37:46.465-0300] {logging_mixin.py:188} INFO - [2025-10-27T21:37:46.465-0300] {dag.py:3954} INFO - Setting next_dagrun for example_branch_datetime_operator to 2025-10-27 00:00:00+00:00, run_after=2025-10-28 00:00:00+00:00
[2025-10-27T21:37:46.468-0300] {logging_mixin.py:188} INFO - [2025-10-27T21:37:46.468-0300] {dag.py:3954} INFO - Setting next_dagrun for example_branch_datetime_operator_2 to 2025-10-27 00:00:00+00:00, run_after=2025-10-28 00:00:00+00:00
[2025-10-27T21:37:46.469-0300] {logging_mixin.py:188} INFO - [2025-10-27T21:37:46.469-0300] {dag.py:3954} INFO - Setting next_dagrun for example_branch_datetime_operator_3 to 2025-10-27 00:00:00+00:00, run_after=2025-10-28 00:00:00+00:00
[2025-10-27T21:37:46.483-0300] {processor.py:183} INFO - Processing /home/joaosousa/projects/spotify-project/venv/lib/python3.12/site-packages/airflow/example_dags/example_branch_datetime_operator.py took 0.062 seconds
[2025-10-27T21:38:48.445-0300] {processor.py:161} INFO - Started process (PID=1947) to work on /home/joaosousa/projects/spotify-project/venv/lib/python3.12/site-packages/airflow/example_dags/example_branch_datetime_operator.py
[2025-10-27T21:38:48.446-0300] {processor.py:830} INFO - Processing file /home/joaosousa/projects/spotify-project/venv/lib/python3.12/site-packages/airflow/example_dags/example_branch_datetime_operator.py for tasks to queue
[2025-10-27T21:38:48.447-0300] {logging_mixin.py:188} INFO - [2025-10-27T21:38:48.447-0300] {dagbag.py:545} INFO - Filling up the DagBag from /home/joaosousa/projects/spotify-project/venv/lib/python3.12/site-packages/airflow/example_dags/example_branch_datetime_operator.py
[2025-10-27T21:38:48.456-0300] {processor.py:840} INFO - DAG(s) 'example_branch_datetime_operator_2', 'example_branch_datetime_operator', 'example_branch_datetime_operator_3' retrieved from /home/joaosousa/projects/spotify-project/venv/lib/python3.12/site-packages/airflow/example_dags/example_branch_datetime_operator.py
[2025-10-27T21:38:48.470-0300] {logging_mixin.py:188} INFO - [2025-10-27T21:38:48.470-0300] {dag.py:3096} INFO - Sync 3 DAGs
[2025-10-27T21:38:48.484-0300] {logging_mixin.py:188} INFO - [2025-10-27T21:38:48.484-0300] {dag.py:3954} INFO - Setting next_dagrun for example_branch_datetime_operator to 2025-10-27 00:00:00+00:00, run_after=2025-10-28 00:00:00+00:00
[2025-10-27T21:38:48.487-0300] {logging_mixin.py:188} INFO - [2025-10-27T21:38:48.487-0300] {dag.py:3954} INFO - Setting next_dagrun for example_branch_datetime_operator_2 to 2025-10-27 00:00:00+00:00, run_after=2025-10-28 00:00:00+00:00
[2025-10-27T21:38:48.488-0300] {logging_mixin.py:188} INFO - [2025-10-27T21:38:48.488-0300] {dag.py:3954} INFO - Setting next_dagrun for example_branch_datetime_operator_3 to 2025-10-27 00:00:00+00:00, run_after=2025-10-28 00:00:00+00:00
[2025-10-27T21:38:48.502-0300] {processor.py:183} INFO - Processing /home/joaosousa/projects/spotify-project/venv/lib/python3.12/site-packages/airflow/example_dags/example_branch_datetime_operator.py took 0.061 seconds
[2025-10-27T21:39:43.229-0300] {processor.py:161} INFO - Started process (PID=2036) to work on /home/joaosousa/projects/spotify-project/venv/lib/python3.12/site-packages/airflow/example_dags/example_branch_datetime_operator.py
[2025-10-27T21:39:43.231-0300] {processor.py:830} INFO - Processing file /home/joaosousa/projects/spotify-project/venv/lib/python3.12/site-packages/airflow/example_dags/example_branch_datetime_operator.py for tasks to queue
[2025-10-27T21:39:43.232-0300] {logging_mixin.py:188} INFO - [2025-10-27T21:39:43.232-0300] {dagbag.py:545} INFO - Filling up the DagBag from /home/joaosousa/projects/spotify-project/venv/lib/python3.12/site-packages/airflow/example_dags/example_branch_datetime_operator.py
[2025-10-27T21:39:43.240-0300] {processor.py:840} INFO - DAG(s) 'example_branch_datetime_operator_3', 'example_branch_datetime_operator', 'example_branch_datetime_operator_2' retrieved from /home/joaosousa/projects/spotify-project/venv/lib/python3.12/site-packages/airflow/example_dags/example_branch_datetime_operator.py
[2025-10-27T21:39:43.253-0300] {logging_mixin.py:188} INFO - [2025-10-27T21:39:43.253-0300] {dag.py:3096} INFO - Sync 3 DAGs
[2025-10-27T21:39:43.266-0300] {logging_mixin.py:188} INFO - [2025-10-27T21:39:43.266-0300] {dag.py:3954} INFO - Setting next_dagrun for example_branch_datetime_operator to 2025-10-27 00:00:00+00:00, run_after=2025-10-28 00:00:00+00:00
[2025-10-27T21:39:43.269-0300] {logging_mixin.py:188} INFO - [2025-10-27T21:39:43.269-0300] {dag.py:3954} INFO - Setting next_dagrun for example_branch_datetime_operator_2 to 2025-10-27 00:00:00+00:00, run_after=2025-10-28 00:00:00+00:00
[2025-10-27T21:39:43.270-0300] {logging_mixin.py:188} INFO - [2025-10-27T21:39:43.270-0300] {dag.py:3954} INFO - Setting next_dagrun for example_branch_datetime_operator_3 to 2025-10-27 00:00:00+00:00, run_after=2025-10-28 00:00:00+00:00
[2025-10-27T21:39:43.283-0300] {processor.py:183} INFO - Processing /home/joaosousa/projects/spotify-project/venv/lib/python3.12/site-packages/airflow/example_dags/example_branch_datetime_operator.py took 0.058 seconds
