[2025-10-27T21:31:08.397-0300] {processor.py:161} INFO - Started process (PID=1093) to work on /home/joaosousa/projects/spotify-project/venv/lib/python3.12/site-packages/airflow/example_dags/example_trigger_target_dag.py
[2025-10-27T21:31:08.397-0300] {processor.py:830} INFO - Processing file /home/joaosousa/projects/spotify-project/venv/lib/python3.12/site-packages/airflow/example_dags/example_trigger_target_dag.py for tasks to queue
[2025-10-27T21:31:08.398-0300] {logging_mixin.py:188} INFO - [2025-10-27T21:31:08.398-0300] {dagbag.py:545} INFO - Filling up the DagBag from /home/joaosousa/projects/spotify-project/venv/lib/python3.12/site-packages/airflow/example_dags/example_trigger_target_dag.py
[2025-10-27T21:31:08.404-0300] {processor.py:840} INFO - DAG(s) 'example_trigger_target_dag' retrieved from /home/joaosousa/projects/spotify-project/venv/lib/python3.12/site-packages/airflow/example_dags/example_trigger_target_dag.py
[2025-10-27T21:31:08.415-0300] {logging_mixin.py:188} INFO - [2025-10-27T21:31:08.415-0300] {dag.py:3096} INFO - Sync 1 DAGs
[2025-10-27T21:31:08.422-0300] {logging_mixin.py:188} INFO - [2025-10-27T21:31:08.422-0300] {dag.py:3954} INFO - Setting next_dagrun for example_trigger_target_dag to None, run_after=None
[2025-10-27T21:31:08.437-0300] {processor.py:183} INFO - Processing /home/joaosousa/projects/spotify-project/venv/lib/python3.12/site-packages/airflow/example_dags/example_trigger_target_dag.py took 0.044 seconds
[2025-10-27T21:31:56.976-0300] {processor.py:161} INFO - Started process (PID=1278) to work on /home/joaosousa/projects/spotify-project/venv/lib/python3.12/site-packages/airflow/example_dags/example_trigger_target_dag.py
[2025-10-27T21:31:56.978-0300] {processor.py:830} INFO - Processing file /home/joaosousa/projects/spotify-project/venv/lib/python3.12/site-packages/airflow/example_dags/example_trigger_target_dag.py for tasks to queue
[2025-10-27T21:31:56.979-0300] {logging_mixin.py:188} INFO - [2025-10-27T21:31:56.979-0300] {dagbag.py:545} INFO - Filling up the DagBag from /home/joaosousa/projects/spotify-project/venv/lib/python3.12/site-packages/airflow/example_dags/example_trigger_target_dag.py
[2025-10-27T21:31:56.983-0300] {processor.py:840} INFO - DAG(s) 'example_trigger_target_dag' retrieved from /home/joaosousa/projects/spotify-project/venv/lib/python3.12/site-packages/airflow/example_dags/example_trigger_target_dag.py
[2025-10-27T21:31:56.993-0300] {logging_mixin.py:188} INFO - [2025-10-27T21:31:56.993-0300] {dag.py:3096} INFO - Sync 1 DAGs
[2025-10-27T21:31:57.001-0300] {logging_mixin.py:188} INFO - [2025-10-27T21:31:57.000-0300] {dag.py:3954} INFO - Setting next_dagrun for example_trigger_target_dag to None, run_after=None
[2025-10-27T21:31:57.015-0300] {processor.py:183} INFO - Processing /home/joaosousa/projects/spotify-project/venv/lib/python3.12/site-packages/airflow/example_dags/example_trigger_target_dag.py took 0.043 seconds
[2025-10-27T21:32:58.973-0300] {processor.py:161} INFO - Started process (PID=1388) to work on /home/joaosousa/projects/spotify-project/venv/lib/python3.12/site-packages/airflow/example_dags/example_trigger_target_dag.py
[2025-10-27T21:32:58.975-0300] {processor.py:830} INFO - Processing file /home/joaosousa/projects/spotify-project/venv/lib/python3.12/site-packages/airflow/example_dags/example_trigger_target_dag.py for tasks to queue
[2025-10-27T21:32:58.976-0300] {logging_mixin.py:188} INFO - [2025-10-27T21:32:58.976-0300] {dagbag.py:545} INFO - Filling up the DagBag from /home/joaosousa/projects/spotify-project/venv/lib/python3.12/site-packages/airflow/example_dags/example_trigger_target_dag.py
[2025-10-27T21:32:58.981-0300] {processor.py:840} INFO - DAG(s) 'example_trigger_target_dag' retrieved from /home/joaosousa/projects/spotify-project/venv/lib/python3.12/site-packages/airflow/example_dags/example_trigger_target_dag.py
[2025-10-27T21:32:58.993-0300] {logging_mixin.py:188} INFO - [2025-10-27T21:32:58.992-0300] {dag.py:3096} INFO - Sync 1 DAGs
[2025-10-27T21:32:59.001-0300] {logging_mixin.py:188} INFO - [2025-10-27T21:32:59.001-0300] {dag.py:3954} INFO - Setting next_dagrun for example_trigger_target_dag to None, run_after=None
[2025-10-27T21:32:59.019-0300] {processor.py:183} INFO - Processing /home/joaosousa/projects/spotify-project/venv/lib/python3.12/site-packages/airflow/example_dags/example_trigger_target_dag.py took 0.051 seconds
[2025-10-27T21:33:47.947-0300] {processor.py:161} INFO - Started process (PID=1464) to work on /home/joaosousa/projects/spotify-project/venv/lib/python3.12/site-packages/airflow/example_dags/example_trigger_target_dag.py
[2025-10-27T21:33:47.948-0300] {processor.py:830} INFO - Processing file /home/joaosousa/projects/spotify-project/venv/lib/python3.12/site-packages/airflow/example_dags/example_trigger_target_dag.py for tasks to queue
[2025-10-27T21:33:47.950-0300] {logging_mixin.py:188} INFO - [2025-10-27T21:33:47.949-0300] {dagbag.py:545} INFO - Filling up the DagBag from /home/joaosousa/projects/spotify-project/venv/lib/python3.12/site-packages/airflow/example_dags/example_trigger_target_dag.py
[2025-10-27T21:33:47.954-0300] {processor.py:840} INFO - DAG(s) 'example_trigger_target_dag' retrieved from /home/joaosousa/projects/spotify-project/venv/lib/python3.12/site-packages/airflow/example_dags/example_trigger_target_dag.py
[2025-10-27T21:33:47.964-0300] {logging_mixin.py:188} INFO - [2025-10-27T21:33:47.964-0300] {dag.py:3096} INFO - Sync 1 DAGs
[2025-10-27T21:33:47.971-0300] {logging_mixin.py:188} INFO - [2025-10-27T21:33:47.971-0300] {dag.py:3954} INFO - Setting next_dagrun for example_trigger_target_dag to None, run_after=None
[2025-10-27T21:33:47.984-0300] {processor.py:183} INFO - Processing /home/joaosousa/projects/spotify-project/venv/lib/python3.12/site-packages/airflow/example_dags/example_trigger_target_dag.py took 0.041 seconds
[2025-10-27T21:34:48.684-0300] {processor.py:161} INFO - Started process (PID=1552) to work on /home/joaosousa/projects/spotify-project/venv/lib/python3.12/site-packages/airflow/example_dags/example_trigger_target_dag.py
[2025-10-27T21:34:48.686-0300] {processor.py:830} INFO - Processing file /home/joaosousa/projects/spotify-project/venv/lib/python3.12/site-packages/airflow/example_dags/example_trigger_target_dag.py for tasks to queue
[2025-10-27T21:34:48.687-0300] {logging_mixin.py:188} INFO - [2025-10-27T21:34:48.687-0300] {dagbag.py:545} INFO - Filling up the DagBag from /home/joaosousa/projects/spotify-project/venv/lib/python3.12/site-packages/airflow/example_dags/example_trigger_target_dag.py
[2025-10-27T21:34:48.691-0300] {processor.py:840} INFO - DAG(s) 'example_trigger_target_dag' retrieved from /home/joaosousa/projects/spotify-project/venv/lib/python3.12/site-packages/airflow/example_dags/example_trigger_target_dag.py
[2025-10-27T21:34:48.703-0300] {logging_mixin.py:188} INFO - [2025-10-27T21:34:48.703-0300] {dag.py:3096} INFO - Sync 1 DAGs
[2025-10-27T21:34:48.713-0300] {logging_mixin.py:188} INFO - [2025-10-27T21:34:48.713-0300] {dag.py:3954} INFO - Setting next_dagrun for example_trigger_target_dag to None, run_after=None
[2025-10-27T21:34:48.730-0300] {processor.py:183} INFO - Processing /home/joaosousa/projects/spotify-project/venv/lib/python3.12/site-packages/airflow/example_dags/example_trigger_target_dag.py took 0.050 seconds
[2025-10-27T21:35:49.322-0300] {processor.py:161} INFO - Started process (PID=1663) to work on /home/joaosousa/projects/spotify-project/venv/lib/python3.12/site-packages/airflow/example_dags/example_trigger_target_dag.py
[2025-10-27T21:35:49.324-0300] {processor.py:830} INFO - Processing file /home/joaosousa/projects/spotify-project/venv/lib/python3.12/site-packages/airflow/example_dags/example_trigger_target_dag.py for tasks to queue
[2025-10-27T21:35:49.325-0300] {logging_mixin.py:188} INFO - [2025-10-27T21:35:49.325-0300] {dagbag.py:545} INFO - Filling up the DagBag from /home/joaosousa/projects/spotify-project/venv/lib/python3.12/site-packages/airflow/example_dags/example_trigger_target_dag.py
[2025-10-27T21:35:49.329-0300] {processor.py:840} INFO - DAG(s) 'example_trigger_target_dag' retrieved from /home/joaosousa/projects/spotify-project/venv/lib/python3.12/site-packages/airflow/example_dags/example_trigger_target_dag.py
[2025-10-27T21:35:49.340-0300] {logging_mixin.py:188} INFO - [2025-10-27T21:35:49.340-0300] {dag.py:3096} INFO - Sync 1 DAGs
[2025-10-27T21:35:49.347-0300] {logging_mixin.py:188} INFO - [2025-10-27T21:35:49.347-0300] {dag.py:3954} INFO - Setting next_dagrun for example_trigger_target_dag to None, run_after=None
[2025-10-27T21:35:49.361-0300] {processor.py:183} INFO - Processing /home/joaosousa/projects/spotify-project/venv/lib/python3.12/site-packages/airflow/example_dags/example_trigger_target_dag.py took 0.043 seconds
[2025-10-27T21:36:59.201-0300] {processor.py:161} INFO - Started process (PID=1754) to work on /home/joaosousa/projects/spotify-project/venv/lib/python3.12/site-packages/airflow/example_dags/example_trigger_target_dag.py
[2025-10-27T21:36:59.203-0300] {processor.py:830} INFO - Processing file /home/joaosousa/projects/spotify-project/venv/lib/python3.12/site-packages/airflow/example_dags/example_trigger_target_dag.py for tasks to queue
[2025-10-27T21:36:59.204-0300] {logging_mixin.py:188} INFO - [2025-10-27T21:36:59.204-0300] {dagbag.py:545} INFO - Filling up the DagBag from /home/joaosousa/projects/spotify-project/venv/lib/python3.12/site-packages/airflow/example_dags/example_trigger_target_dag.py
[2025-10-27T21:36:59.209-0300] {processor.py:840} INFO - DAG(s) 'example_trigger_target_dag' retrieved from /home/joaosousa/projects/spotify-project/venv/lib/python3.12/site-packages/airflow/example_dags/example_trigger_target_dag.py
[2025-10-27T21:36:59.220-0300] {logging_mixin.py:188} INFO - [2025-10-27T21:36:59.220-0300] {dag.py:3096} INFO - Sync 1 DAGs
[2025-10-27T21:36:59.227-0300] {logging_mixin.py:188} INFO - [2025-10-27T21:36:59.227-0300] {dag.py:3954} INFO - Setting next_dagrun for example_trigger_target_dag to None, run_after=None
[2025-10-27T21:36:59.243-0300] {processor.py:183} INFO - Processing /home/joaosousa/projects/spotify-project/venv/lib/python3.12/site-packages/airflow/example_dags/example_trigger_target_dag.py took 0.046 seconds
[2025-10-27T21:38:04.012-0300] {processor.py:161} INFO - Started process (PID=1870) to work on /home/joaosousa/projects/spotify-project/venv/lib/python3.12/site-packages/airflow/example_dags/example_trigger_target_dag.py
[2025-10-27T21:38:04.014-0300] {processor.py:830} INFO - Processing file /home/joaosousa/projects/spotify-project/venv/lib/python3.12/site-packages/airflow/example_dags/example_trigger_target_dag.py for tasks to queue
[2025-10-27T21:38:04.016-0300] {logging_mixin.py:188} INFO - [2025-10-27T21:38:04.015-0300] {dagbag.py:545} INFO - Filling up the DagBag from /home/joaosousa/projects/spotify-project/venv/lib/python3.12/site-packages/airflow/example_dags/example_trigger_target_dag.py
[2025-10-27T21:38:04.020-0300] {processor.py:840} INFO - DAG(s) 'example_trigger_target_dag' retrieved from /home/joaosousa/projects/spotify-project/venv/lib/python3.12/site-packages/airflow/example_dags/example_trigger_target_dag.py
[2025-10-27T21:38:04.032-0300] {logging_mixin.py:188} INFO - [2025-10-27T21:38:04.032-0300] {dag.py:3096} INFO - Sync 1 DAGs
[2025-10-27T21:38:04.040-0300] {logging_mixin.py:188} INFO - [2025-10-27T21:38:04.040-0300] {dag.py:3954} INFO - Setting next_dagrun for example_trigger_target_dag to None, run_after=None
[2025-10-27T21:38:04.056-0300] {processor.py:183} INFO - Processing /home/joaosousa/projects/spotify-project/venv/lib/python3.12/site-packages/airflow/example_dags/example_trigger_target_dag.py took 0.048 seconds
[2025-10-27T21:38:59.021-0300] {processor.py:161} INFO - Started process (PID=1959) to work on /home/joaosousa/projects/spotify-project/venv/lib/python3.12/site-packages/airflow/example_dags/example_trigger_target_dag.py
[2025-10-27T21:38:59.023-0300] {processor.py:830} INFO - Processing file /home/joaosousa/projects/spotify-project/venv/lib/python3.12/site-packages/airflow/example_dags/example_trigger_target_dag.py for tasks to queue
[2025-10-27T21:38:59.025-0300] {logging_mixin.py:188} INFO - [2025-10-27T21:38:59.025-0300] {dagbag.py:545} INFO - Filling up the DagBag from /home/joaosousa/projects/spotify-project/venv/lib/python3.12/site-packages/airflow/example_dags/example_trigger_target_dag.py
[2025-10-27T21:38:59.030-0300] {processor.py:840} INFO - DAG(s) 'example_trigger_target_dag' retrieved from /home/joaosousa/projects/spotify-project/venv/lib/python3.12/site-packages/airflow/example_dags/example_trigger_target_dag.py
[2025-10-27T21:38:59.041-0300] {logging_mixin.py:188} INFO - [2025-10-27T21:38:59.041-0300] {dag.py:3096} INFO - Sync 1 DAGs
[2025-10-27T21:38:59.050-0300] {logging_mixin.py:188} INFO - [2025-10-27T21:38:59.050-0300] {dag.py:3954} INFO - Setting next_dagrun for example_trigger_target_dag to None, run_after=None
[2025-10-27T21:38:59.067-0300] {processor.py:183} INFO - Processing /home/joaosousa/projects/spotify-project/venv/lib/python3.12/site-packages/airflow/example_dags/example_trigger_target_dag.py took 0.050 seconds
[2025-10-27T21:39:59.862-0300] {processor.py:161} INFO - Started process (PID=2064) to work on /home/joaosousa/projects/spotify-project/venv/lib/python3.12/site-packages/airflow/example_dags/example_trigger_target_dag.py
[2025-10-27T21:39:59.864-0300] {processor.py:830} INFO - Processing file /home/joaosousa/projects/spotify-project/venv/lib/python3.12/site-packages/airflow/example_dags/example_trigger_target_dag.py for tasks to queue
[2025-10-27T21:39:59.865-0300] {logging_mixin.py:188} INFO - [2025-10-27T21:39:59.865-0300] {dagbag.py:545} INFO - Filling up the DagBag from /home/joaosousa/projects/spotify-project/venv/lib/python3.12/site-packages/airflow/example_dags/example_trigger_target_dag.py
[2025-10-27T21:39:59.870-0300] {processor.py:840} INFO - DAG(s) 'example_trigger_target_dag' retrieved from /home/joaosousa/projects/spotify-project/venv/lib/python3.12/site-packages/airflow/example_dags/example_trigger_target_dag.py
[2025-10-27T21:39:59.881-0300] {logging_mixin.py:188} INFO - [2025-10-27T21:39:59.880-0300] {dag.py:3096} INFO - Sync 1 DAGs
[2025-10-27T21:39:59.892-0300] {logging_mixin.py:188} INFO - [2025-10-27T21:39:59.891-0300] {dag.py:3954} INFO - Setting next_dagrun for example_trigger_target_dag to None, run_after=None
[2025-10-27T21:39:59.907-0300] {processor.py:183} INFO - Processing /home/joaosousa/projects/spotify-project/venv/lib/python3.12/site-packages/airflow/example_dags/example_trigger_target_dag.py took 0.049 seconds
[2025-10-27T21:40:59.611-0300] {processor.py:161} INFO - Started process (PID=2169) to work on /home/joaosousa/projects/spotify-project/venv/lib/python3.12/site-packages/airflow/example_dags/example_trigger_target_dag.py
[2025-10-27T21:40:59.612-0300] {processor.py:830} INFO - Processing file /home/joaosousa/projects/spotify-project/venv/lib/python3.12/site-packages/airflow/example_dags/example_trigger_target_dag.py for tasks to queue
[2025-10-27T21:40:59.614-0300] {logging_mixin.py:188} INFO - [2025-10-27T21:40:59.613-0300] {dagbag.py:545} INFO - Filling up the DagBag from /home/joaosousa/projects/spotify-project/venv/lib/python3.12/site-packages/airflow/example_dags/example_trigger_target_dag.py
[2025-10-27T21:40:59.620-0300] {processor.py:840} INFO - DAG(s) 'example_trigger_target_dag' retrieved from /home/joaosousa/projects/spotify-project/venv/lib/python3.12/site-packages/airflow/example_dags/example_trigger_target_dag.py
[2025-10-27T21:40:59.635-0300] {logging_mixin.py:188} INFO - [2025-10-27T21:40:59.634-0300] {dag.py:3096} INFO - Sync 1 DAGs
[2025-10-27T21:40:59.644-0300] {logging_mixin.py:188} INFO - [2025-10-27T21:40:59.644-0300] {dag.py:3954} INFO - Setting next_dagrun for example_trigger_target_dag to None, run_after=None
[2025-10-27T21:40:59.672-0300] {processor.py:183} INFO - Processing /home/joaosousa/projects/spotify-project/venv/lib/python3.12/site-packages/airflow/example_dags/example_trigger_target_dag.py took 0.068 seconds
[2025-10-27T21:41:59.743-0300] {processor.py:161} INFO - Started process (PID=2310) to work on /home/joaosousa/projects/spotify-project/venv/lib/python3.12/site-packages/airflow/example_dags/example_trigger_target_dag.py
[2025-10-27T21:41:59.745-0300] {processor.py:830} INFO - Processing file /home/joaosousa/projects/spotify-project/venv/lib/python3.12/site-packages/airflow/example_dags/example_trigger_target_dag.py for tasks to queue
[2025-10-27T21:41:59.746-0300] {logging_mixin.py:188} INFO - [2025-10-27T21:41:59.745-0300] {dagbag.py:545} INFO - Filling up the DagBag from /home/joaosousa/projects/spotify-project/venv/lib/python3.12/site-packages/airflow/example_dags/example_trigger_target_dag.py
[2025-10-27T21:41:59.750-0300] {processor.py:840} INFO - DAG(s) 'example_trigger_target_dag' retrieved from /home/joaosousa/projects/spotify-project/venv/lib/python3.12/site-packages/airflow/example_dags/example_trigger_target_dag.py
[2025-10-27T21:41:59.761-0300] {logging_mixin.py:188} INFO - [2025-10-27T21:41:59.761-0300] {dag.py:3096} INFO - Sync 1 DAGs
[2025-10-27T21:41:59.770-0300] {logging_mixin.py:188} INFO - [2025-10-27T21:41:59.770-0300] {dag.py:3954} INFO - Setting next_dagrun for example_trigger_target_dag to None, run_after=None
[2025-10-27T21:41:59.785-0300] {processor.py:183} INFO - Processing /home/joaosousa/projects/spotify-project/venv/lib/python3.12/site-packages/airflow/example_dags/example_trigger_target_dag.py took 0.047 seconds
[2025-10-27T21:42:59.214-0300] {processor.py:161} INFO - Started process (PID=2486) to work on /home/joaosousa/projects/spotify-project/venv/lib/python3.12/site-packages/airflow/example_dags/example_trigger_target_dag.py
[2025-10-27T21:42:59.216-0300] {processor.py:830} INFO - Processing file /home/joaosousa/projects/spotify-project/venv/lib/python3.12/site-packages/airflow/example_dags/example_trigger_target_dag.py for tasks to queue
[2025-10-27T21:42:59.217-0300] {logging_mixin.py:188} INFO - [2025-10-27T21:42:59.217-0300] {dagbag.py:545} INFO - Filling up the DagBag from /home/joaosousa/projects/spotify-project/venv/lib/python3.12/site-packages/airflow/example_dags/example_trigger_target_dag.py
[2025-10-27T21:42:59.222-0300] {processor.py:840} INFO - DAG(s) 'example_trigger_target_dag' retrieved from /home/joaosousa/projects/spotify-project/venv/lib/python3.12/site-packages/airflow/example_dags/example_trigger_target_dag.py
[2025-10-27T21:42:59.232-0300] {logging_mixin.py:188} INFO - [2025-10-27T21:42:59.232-0300] {dag.py:3096} INFO - Sync 1 DAGs
[2025-10-27T21:42:59.240-0300] {logging_mixin.py:188} INFO - [2025-10-27T21:42:59.240-0300] {dag.py:3954} INFO - Setting next_dagrun for example_trigger_target_dag to None, run_after=None
[2025-10-27T21:42:59.256-0300] {processor.py:183} INFO - Processing /home/joaosousa/projects/spotify-project/venv/lib/python3.12/site-packages/airflow/example_dags/example_trigger_target_dag.py took 0.046 seconds
[2025-10-27T21:43:59.670-0300] {processor.py:161} INFO - Started process (PID=2590) to work on /home/joaosousa/projects/spotify-project/venv/lib/python3.12/site-packages/airflow/example_dags/example_trigger_target_dag.py
[2025-10-27T21:43:59.672-0300] {processor.py:830} INFO - Processing file /home/joaosousa/projects/spotify-project/venv/lib/python3.12/site-packages/airflow/example_dags/example_trigger_target_dag.py for tasks to queue
[2025-10-27T21:43:59.674-0300] {logging_mixin.py:188} INFO - [2025-10-27T21:43:59.674-0300] {dagbag.py:545} INFO - Filling up the DagBag from /home/joaosousa/projects/spotify-project/venv/lib/python3.12/site-packages/airflow/example_dags/example_trigger_target_dag.py
[2025-10-27T21:43:59.678-0300] {processor.py:840} INFO - DAG(s) 'example_trigger_target_dag' retrieved from /home/joaosousa/projects/spotify-project/venv/lib/python3.12/site-packages/airflow/example_dags/example_trigger_target_dag.py
[2025-10-27T21:43:59.689-0300] {logging_mixin.py:188} INFO - [2025-10-27T21:43:59.689-0300] {dag.py:3096} INFO - Sync 1 DAGs
[2025-10-27T21:43:59.697-0300] {logging_mixin.py:188} INFO - [2025-10-27T21:43:59.697-0300] {dag.py:3954} INFO - Setting next_dagrun for example_trigger_target_dag to None, run_after=None
[2025-10-27T21:43:59.711-0300] {processor.py:183} INFO - Processing /home/joaosousa/projects/spotify-project/venv/lib/python3.12/site-packages/airflow/example_dags/example_trigger_target_dag.py took 0.045 seconds
[2025-10-27T21:44:59.391-0300] {processor.py:161} INFO - Started process (PID=2696) to work on /home/joaosousa/projects/spotify-project/venv/lib/python3.12/site-packages/airflow/example_dags/example_trigger_target_dag.py
[2025-10-27T21:44:59.393-0300] {processor.py:830} INFO - Processing file /home/joaosousa/projects/spotify-project/venv/lib/python3.12/site-packages/airflow/example_dags/example_trigger_target_dag.py for tasks to queue
[2025-10-27T21:44:59.395-0300] {logging_mixin.py:188} INFO - [2025-10-27T21:44:59.394-0300] {dagbag.py:545} INFO - Filling up the DagBag from /home/joaosousa/projects/spotify-project/venv/lib/python3.12/site-packages/airflow/example_dags/example_trigger_target_dag.py
[2025-10-27T21:44:59.400-0300] {processor.py:840} INFO - DAG(s) 'example_trigger_target_dag' retrieved from /home/joaosousa/projects/spotify-project/venv/lib/python3.12/site-packages/airflow/example_dags/example_trigger_target_dag.py
[2025-10-27T21:44:59.412-0300] {logging_mixin.py:188} INFO - [2025-10-27T21:44:59.411-0300] {dag.py:3096} INFO - Sync 1 DAGs
[2025-10-27T21:44:59.420-0300] {logging_mixin.py:188} INFO - [2025-10-27T21:44:59.420-0300] {dag.py:3954} INFO - Setting next_dagrun for example_trigger_target_dag to None, run_after=None
[2025-10-27T21:44:59.436-0300] {processor.py:183} INFO - Processing /home/joaosousa/projects/spotify-project/venv/lib/python3.12/site-packages/airflow/example_dags/example_trigger_target_dag.py took 0.050 seconds
[2025-10-27T21:45:57.711-0300] {processor.py:161} INFO - Started process (PID=3000) to work on /home/joaosousa/projects/spotify-project/venv/lib/python3.12/site-packages/airflow/example_dags/example_trigger_target_dag.py
[2025-10-27T21:45:57.713-0300] {processor.py:830} INFO - Processing file /home/joaosousa/projects/spotify-project/venv/lib/python3.12/site-packages/airflow/example_dags/example_trigger_target_dag.py for tasks to queue
[2025-10-27T21:45:57.714-0300] {logging_mixin.py:188} INFO - [2025-10-27T21:45:57.714-0300] {dagbag.py:545} INFO - Filling up the DagBag from /home/joaosousa/projects/spotify-project/venv/lib/python3.12/site-packages/airflow/example_dags/example_trigger_target_dag.py
[2025-10-27T21:45:57.719-0300] {processor.py:840} INFO - DAG(s) 'example_trigger_target_dag' retrieved from /home/joaosousa/projects/spotify-project/venv/lib/python3.12/site-packages/airflow/example_dags/example_trigger_target_dag.py
[2025-10-27T21:45:57.729-0300] {logging_mixin.py:188} INFO - [2025-10-27T21:45:57.729-0300] {dag.py:3096} INFO - Sync 1 DAGs
[2025-10-27T21:45:57.736-0300] {logging_mixin.py:188} INFO - [2025-10-27T21:45:57.736-0300] {dag.py:3954} INFO - Setting next_dagrun for example_trigger_target_dag to None, run_after=None
[2025-10-27T21:45:57.751-0300] {processor.py:183} INFO - Processing /home/joaosousa/projects/spotify-project/venv/lib/python3.12/site-packages/airflow/example_dags/example_trigger_target_dag.py took 0.044 seconds
[2025-10-27T21:46:44.877-0300] {processor.py:161} INFO - Started process (PID=3077) to work on /home/joaosousa/projects/spotify-project/venv/lib/python3.12/site-packages/airflow/example_dags/example_trigger_target_dag.py
[2025-10-27T21:46:44.878-0300] {processor.py:830} INFO - Processing file /home/joaosousa/projects/spotify-project/venv/lib/python3.12/site-packages/airflow/example_dags/example_trigger_target_dag.py for tasks to queue
[2025-10-27T21:46:44.880-0300] {logging_mixin.py:188} INFO - [2025-10-27T21:46:44.879-0300] {dagbag.py:545} INFO - Filling up the DagBag from /home/joaosousa/projects/spotify-project/venv/lib/python3.12/site-packages/airflow/example_dags/example_trigger_target_dag.py
[2025-10-27T21:46:44.884-0300] {processor.py:840} INFO - DAG(s) 'example_trigger_target_dag' retrieved from /home/joaosousa/projects/spotify-project/venv/lib/python3.12/site-packages/airflow/example_dags/example_trigger_target_dag.py
[2025-10-27T21:46:44.894-0300] {logging_mixin.py:188} INFO - [2025-10-27T21:46:44.894-0300] {dag.py:3096} INFO - Sync 1 DAGs
[2025-10-27T21:46:44.902-0300] {logging_mixin.py:188} INFO - [2025-10-27T21:46:44.901-0300] {dag.py:3954} INFO - Setting next_dagrun for example_trigger_target_dag to None, run_after=None
[2025-10-27T21:46:44.917-0300] {processor.py:183} INFO - Processing /home/joaosousa/projects/spotify-project/venv/lib/python3.12/site-packages/airflow/example_dags/example_trigger_target_dag.py took 0.044 seconds
[2025-10-27T21:47:51.406-0300] {processor.py:161} INFO - Started process (PID=3268) to work on /home/joaosousa/projects/spotify-project/venv/lib/python3.12/site-packages/airflow/example_dags/example_trigger_target_dag.py
[2025-10-27T21:47:51.408-0300] {processor.py:830} INFO - Processing file /home/joaosousa/projects/spotify-project/venv/lib/python3.12/site-packages/airflow/example_dags/example_trigger_target_dag.py for tasks to queue
[2025-10-27T21:47:51.409-0300] {logging_mixin.py:188} INFO - [2025-10-27T21:47:51.408-0300] {dagbag.py:545} INFO - Filling up the DagBag from /home/joaosousa/projects/spotify-project/venv/lib/python3.12/site-packages/airflow/example_dags/example_trigger_target_dag.py
[2025-10-27T21:47:51.413-0300] {processor.py:840} INFO - DAG(s) 'example_trigger_target_dag' retrieved from /home/joaosousa/projects/spotify-project/venv/lib/python3.12/site-packages/airflow/example_dags/example_trigger_target_dag.py
[2025-10-27T21:47:51.425-0300] {logging_mixin.py:188} INFO - [2025-10-27T21:47:51.424-0300] {dag.py:3096} INFO - Sync 1 DAGs
[2025-10-27T21:47:51.433-0300] {logging_mixin.py:188} INFO - [2025-10-27T21:47:51.433-0300] {dag.py:3954} INFO - Setting next_dagrun for example_trigger_target_dag to None, run_after=None
[2025-10-27T21:47:51.450-0300] {processor.py:183} INFO - Processing /home/joaosousa/projects/spotify-project/venv/lib/python3.12/site-packages/airflow/example_dags/example_trigger_target_dag.py took 0.049 seconds
[2025-10-27T21:48:53.729-0300] {processor.py:161} INFO - Started process (PID=3544) to work on /home/joaosousa/projects/spotify-project/venv/lib/python3.12/site-packages/airflow/example_dags/example_trigger_target_dag.py
[2025-10-27T21:48:53.759-0300] {processor.py:830} INFO - Processing file /home/joaosousa/projects/spotify-project/venv/lib/python3.12/site-packages/airflow/example_dags/example_trigger_target_dag.py for tasks to queue
[2025-10-27T21:48:53.760-0300] {logging_mixin.py:188} INFO - [2025-10-27T21:48:53.760-0300] {dagbag.py:545} INFO - Filling up the DagBag from /home/joaosousa/projects/spotify-project/venv/lib/python3.12/site-packages/airflow/example_dags/example_trigger_target_dag.py
[2025-10-27T21:48:53.765-0300] {processor.py:840} INFO - DAG(s) 'example_trigger_target_dag' retrieved from /home/joaosousa/projects/spotify-project/venv/lib/python3.12/site-packages/airflow/example_dags/example_trigger_target_dag.py
[2025-10-27T21:48:53.775-0300] {logging_mixin.py:188} INFO - [2025-10-27T21:48:53.775-0300] {dag.py:3096} INFO - Sync 1 DAGs
[2025-10-27T21:48:53.783-0300] {logging_mixin.py:188} INFO - [2025-10-27T21:48:53.783-0300] {dag.py:3954} INFO - Setting next_dagrun for example_trigger_target_dag to None, run_after=None
[2025-10-27T21:48:53.797-0300] {processor.py:183} INFO - Processing /home/joaosousa/projects/spotify-project/venv/lib/python3.12/site-packages/airflow/example_dags/example_trigger_target_dag.py took 0.073 seconds
[2025-10-27T21:49:50.669-0300] {processor.py:161} INFO - Started process (PID=3642) to work on /home/joaosousa/projects/spotify-project/venv/lib/python3.12/site-packages/airflow/example_dags/example_trigger_target_dag.py
[2025-10-27T21:49:50.671-0300] {processor.py:830} INFO - Processing file /home/joaosousa/projects/spotify-project/venv/lib/python3.12/site-packages/airflow/example_dags/example_trigger_target_dag.py for tasks to queue
[2025-10-27T21:49:50.672-0300] {logging_mixin.py:188} INFO - [2025-10-27T21:49:50.672-0300] {dagbag.py:545} INFO - Filling up the DagBag from /home/joaosousa/projects/spotify-project/venv/lib/python3.12/site-packages/airflow/example_dags/example_trigger_target_dag.py
[2025-10-27T21:49:50.677-0300] {processor.py:840} INFO - DAG(s) 'example_trigger_target_dag' retrieved from /home/joaosousa/projects/spotify-project/venv/lib/python3.12/site-packages/airflow/example_dags/example_trigger_target_dag.py
[2025-10-27T21:49:50.687-0300] {logging_mixin.py:188} INFO - [2025-10-27T21:49:50.687-0300] {dag.py:3096} INFO - Sync 1 DAGs
[2025-10-27T21:49:50.697-0300] {logging_mixin.py:188} INFO - [2025-10-27T21:49:50.696-0300] {dag.py:3954} INFO - Setting next_dagrun for example_trigger_target_dag to None, run_after=None
[2025-10-27T21:49:50.713-0300] {processor.py:183} INFO - Processing /home/joaosousa/projects/spotify-project/venv/lib/python3.12/site-packages/airflow/example_dags/example_trigger_target_dag.py took 0.048 seconds
[2025-10-27T21:50:55.205-0300] {processor.py:161} INFO - Started process (PID=3749) to work on /home/joaosousa/projects/spotify-project/venv/lib/python3.12/site-packages/airflow/example_dags/example_trigger_target_dag.py
[2025-10-27T21:50:55.207-0300] {processor.py:830} INFO - Processing file /home/joaosousa/projects/spotify-project/venv/lib/python3.12/site-packages/airflow/example_dags/example_trigger_target_dag.py for tasks to queue
[2025-10-27T21:50:55.209-0300] {logging_mixin.py:188} INFO - [2025-10-27T21:50:55.208-0300] {dagbag.py:545} INFO - Filling up the DagBag from /home/joaosousa/projects/spotify-project/venv/lib/python3.12/site-packages/airflow/example_dags/example_trigger_target_dag.py
[2025-10-27T21:50:55.213-0300] {processor.py:840} INFO - DAG(s) 'example_trigger_target_dag' retrieved from /home/joaosousa/projects/spotify-project/venv/lib/python3.12/site-packages/airflow/example_dags/example_trigger_target_dag.py
[2025-10-27T21:50:55.225-0300] {logging_mixin.py:188} INFO - [2025-10-27T21:50:55.225-0300] {dag.py:3096} INFO - Sync 1 DAGs
[2025-10-27T21:50:55.233-0300] {logging_mixin.py:188} INFO - [2025-10-27T21:50:55.232-0300] {dag.py:3954} INFO - Setting next_dagrun for example_trigger_target_dag to None, run_after=None
[2025-10-27T21:50:55.248-0300] {processor.py:183} INFO - Processing /home/joaosousa/projects/spotify-project/venv/lib/python3.12/site-packages/airflow/example_dags/example_trigger_target_dag.py took 0.047 seconds
[2025-10-27T21:51:59.244-0300] {processor.py:161} INFO - Started process (PID=3882) to work on /home/joaosousa/projects/spotify-project/venv/lib/python3.12/site-packages/airflow/example_dags/example_trigger_target_dag.py
[2025-10-27T21:51:59.246-0300] {processor.py:830} INFO - Processing file /home/joaosousa/projects/spotify-project/venv/lib/python3.12/site-packages/airflow/example_dags/example_trigger_target_dag.py for tasks to queue
[2025-10-27T21:51:59.247-0300] {logging_mixin.py:188} INFO - [2025-10-27T21:51:59.247-0300] {dagbag.py:545} INFO - Filling up the DagBag from /home/joaosousa/projects/spotify-project/venv/lib/python3.12/site-packages/airflow/example_dags/example_trigger_target_dag.py
[2025-10-27T21:51:59.251-0300] {processor.py:840} INFO - DAG(s) 'example_trigger_target_dag' retrieved from /home/joaosousa/projects/spotify-project/venv/lib/python3.12/site-packages/airflow/example_dags/example_trigger_target_dag.py
[2025-10-27T21:51:59.262-0300] {logging_mixin.py:188} INFO - [2025-10-27T21:51:59.262-0300] {dag.py:3096} INFO - Sync 1 DAGs
[2025-10-27T21:51:59.269-0300] {logging_mixin.py:188} INFO - [2025-10-27T21:51:59.269-0300] {dag.py:3954} INFO - Setting next_dagrun for example_trigger_target_dag to None, run_after=None
[2025-10-27T21:51:59.283-0300] {processor.py:183} INFO - Processing /home/joaosousa/projects/spotify-project/venv/lib/python3.12/site-packages/airflow/example_dags/example_trigger_target_dag.py took 0.044 seconds
[2025-10-27T21:52:59.554-0300] {processor.py:161} INFO - Started process (PID=4014) to work on /home/joaosousa/projects/spotify-project/venv/lib/python3.12/site-packages/airflow/example_dags/example_trigger_target_dag.py
[2025-10-27T21:52:59.556-0300] {processor.py:830} INFO - Processing file /home/joaosousa/projects/spotify-project/venv/lib/python3.12/site-packages/airflow/example_dags/example_trigger_target_dag.py for tasks to queue
[2025-10-27T21:52:59.557-0300] {logging_mixin.py:188} INFO - [2025-10-27T21:52:59.557-0300] {dagbag.py:545} INFO - Filling up the DagBag from /home/joaosousa/projects/spotify-project/venv/lib/python3.12/site-packages/airflow/example_dags/example_trigger_target_dag.py
[2025-10-27T21:52:59.562-0300] {processor.py:840} INFO - DAG(s) 'example_trigger_target_dag' retrieved from /home/joaosousa/projects/spotify-project/venv/lib/python3.12/site-packages/airflow/example_dags/example_trigger_target_dag.py
[2025-10-27T21:52:59.573-0300] {logging_mixin.py:188} INFO - [2025-10-27T21:52:59.573-0300] {dag.py:3096} INFO - Sync 1 DAGs
[2025-10-27T21:52:59.580-0300] {logging_mixin.py:188} INFO - [2025-10-27T21:52:59.580-0300] {dag.py:3954} INFO - Setting next_dagrun for example_trigger_target_dag to None, run_after=None
[2025-10-27T21:52:59.596-0300] {processor.py:183} INFO - Processing /home/joaosousa/projects/spotify-project/venv/lib/python3.12/site-packages/airflow/example_dags/example_trigger_target_dag.py took 0.046 seconds
[2025-10-27T21:54:01.529-0300] {processor.py:161} INFO - Started process (PID=4137) to work on /home/joaosousa/projects/spotify-project/venv/lib/python3.12/site-packages/airflow/example_dags/example_trigger_target_dag.py
[2025-10-27T21:54:01.531-0300] {processor.py:830} INFO - Processing file /home/joaosousa/projects/spotify-project/venv/lib/python3.12/site-packages/airflow/example_dags/example_trigger_target_dag.py for tasks to queue
[2025-10-27T21:54:01.533-0300] {logging_mixin.py:188} INFO - [2025-10-27T21:54:01.532-0300] {dagbag.py:545} INFO - Filling up the DagBag from /home/joaosousa/projects/spotify-project/venv/lib/python3.12/site-packages/airflow/example_dags/example_trigger_target_dag.py
[2025-10-27T21:54:01.537-0300] {processor.py:840} INFO - DAG(s) 'example_trigger_target_dag' retrieved from /home/joaosousa/projects/spotify-project/venv/lib/python3.12/site-packages/airflow/example_dags/example_trigger_target_dag.py
[2025-10-27T21:54:01.549-0300] {logging_mixin.py:188} INFO - [2025-10-27T21:54:01.549-0300] {dag.py:3096} INFO - Sync 1 DAGs
[2025-10-27T21:54:01.557-0300] {logging_mixin.py:188} INFO - [2025-10-27T21:54:01.557-0300] {dag.py:3954} INFO - Setting next_dagrun for example_trigger_target_dag to None, run_after=None
[2025-10-27T21:54:01.574-0300] {processor.py:183} INFO - Processing /home/joaosousa/projects/spotify-project/venv/lib/python3.12/site-packages/airflow/example_dags/example_trigger_target_dag.py took 0.050 seconds
[2025-10-27T21:55:07.065-0300] {processor.py:161} INFO - Started process (PID=4262) to work on /home/joaosousa/projects/spotify-project/venv/lib/python3.12/site-packages/airflow/example_dags/example_trigger_target_dag.py
[2025-10-27T21:55:07.067-0300] {processor.py:830} INFO - Processing file /home/joaosousa/projects/spotify-project/venv/lib/python3.12/site-packages/airflow/example_dags/example_trigger_target_dag.py for tasks to queue
[2025-10-27T21:55:07.068-0300] {logging_mixin.py:188} INFO - [2025-10-27T21:55:07.068-0300] {dagbag.py:545} INFO - Filling up the DagBag from /home/joaosousa/projects/spotify-project/venv/lib/python3.12/site-packages/airflow/example_dags/example_trigger_target_dag.py
[2025-10-27T21:55:07.073-0300] {processor.py:840} INFO - DAG(s) 'example_trigger_target_dag' retrieved from /home/joaosousa/projects/spotify-project/venv/lib/python3.12/site-packages/airflow/example_dags/example_trigger_target_dag.py
[2025-10-27T21:55:07.085-0300] {logging_mixin.py:188} INFO - [2025-10-27T21:55:07.085-0300] {dag.py:3096} INFO - Sync 1 DAGs
[2025-10-27T21:55:07.093-0300] {logging_mixin.py:188} INFO - [2025-10-27T21:55:07.093-0300] {dag.py:3954} INFO - Setting next_dagrun for example_trigger_target_dag to None, run_after=None
[2025-10-27T21:55:07.108-0300] {processor.py:183} INFO - Processing /home/joaosousa/projects/spotify-project/venv/lib/python3.12/site-packages/airflow/example_dags/example_trigger_target_dag.py took 0.048 seconds
[2025-10-27T21:56:08.510-0300] {processor.py:161} INFO - Started process (PID=4364) to work on /home/joaosousa/projects/spotify-project/venv/lib/python3.12/site-packages/airflow/example_dags/example_trigger_target_dag.py
[2025-10-27T21:56:08.511-0300] {processor.py:830} INFO - Processing file /home/joaosousa/projects/spotify-project/venv/lib/python3.12/site-packages/airflow/example_dags/example_trigger_target_dag.py for tasks to queue
[2025-10-27T21:56:08.512-0300] {logging_mixin.py:188} INFO - [2025-10-27T21:56:08.512-0300] {dagbag.py:545} INFO - Filling up the DagBag from /home/joaosousa/projects/spotify-project/venv/lib/python3.12/site-packages/airflow/example_dags/example_trigger_target_dag.py
[2025-10-27T21:56:08.517-0300] {processor.py:840} INFO - DAG(s) 'example_trigger_target_dag' retrieved from /home/joaosousa/projects/spotify-project/venv/lib/python3.12/site-packages/airflow/example_dags/example_trigger_target_dag.py
[2025-10-27T21:56:08.528-0300] {logging_mixin.py:188} INFO - [2025-10-27T21:56:08.527-0300] {dag.py:3096} INFO - Sync 1 DAGs
[2025-10-27T21:56:08.536-0300] {logging_mixin.py:188} INFO - [2025-10-27T21:56:08.536-0300] {dag.py:3954} INFO - Setting next_dagrun for example_trigger_target_dag to None, run_after=None
[2025-10-27T21:56:08.550-0300] {processor.py:183} INFO - Processing /home/joaosousa/projects/spotify-project/venv/lib/python3.12/site-packages/airflow/example_dags/example_trigger_target_dag.py took 0.045 seconds
[2025-10-27T21:57:11.604-0300] {processor.py:161} INFO - Started process (PID=4563) to work on /home/joaosousa/projects/spotify-project/venv/lib/python3.12/site-packages/airflow/example_dags/example_trigger_target_dag.py
[2025-10-27T21:57:11.606-0300] {processor.py:830} INFO - Processing file /home/joaosousa/projects/spotify-project/venv/lib/python3.12/site-packages/airflow/example_dags/example_trigger_target_dag.py for tasks to queue
[2025-10-27T21:57:11.607-0300] {logging_mixin.py:188} INFO - [2025-10-27T21:57:11.607-0300] {dagbag.py:545} INFO - Filling up the DagBag from /home/joaosousa/projects/spotify-project/venv/lib/python3.12/site-packages/airflow/example_dags/example_trigger_target_dag.py
[2025-10-27T21:57:11.611-0300] {processor.py:840} INFO - DAG(s) 'example_trigger_target_dag' retrieved from /home/joaosousa/projects/spotify-project/venv/lib/python3.12/site-packages/airflow/example_dags/example_trigger_target_dag.py
[2025-10-27T21:57:11.622-0300] {logging_mixin.py:188} INFO - [2025-10-27T21:57:11.622-0300] {dag.py:3096} INFO - Sync 1 DAGs
[2025-10-27T21:57:11.630-0300] {logging_mixin.py:188} INFO - [2025-10-27T21:57:11.629-0300] {dag.py:3954} INFO - Setting next_dagrun for example_trigger_target_dag to None, run_after=None
[2025-10-27T21:57:11.644-0300] {processor.py:183} INFO - Processing /home/joaosousa/projects/spotify-project/venv/lib/python3.12/site-packages/airflow/example_dags/example_trigger_target_dag.py took 0.045 seconds
[2025-10-27T21:58:11.411-0300] {processor.py:161} INFO - Started process (PID=4667) to work on /home/joaosousa/projects/spotify-project/venv/lib/python3.12/site-packages/airflow/example_dags/example_trigger_target_dag.py
[2025-10-27T21:58:11.413-0300] {processor.py:830} INFO - Processing file /home/joaosousa/projects/spotify-project/venv/lib/python3.12/site-packages/airflow/example_dags/example_trigger_target_dag.py for tasks to queue
[2025-10-27T21:58:11.415-0300] {logging_mixin.py:188} INFO - [2025-10-27T21:58:11.414-0300] {dagbag.py:545} INFO - Filling up the DagBag from /home/joaosousa/projects/spotify-project/venv/lib/python3.12/site-packages/airflow/example_dags/example_trigger_target_dag.py
[2025-10-27T21:58:11.419-0300] {processor.py:840} INFO - DAG(s) 'example_trigger_target_dag' retrieved from /home/joaosousa/projects/spotify-project/venv/lib/python3.12/site-packages/airflow/example_dags/example_trigger_target_dag.py
[2025-10-27T21:58:11.430-0300] {logging_mixin.py:188} INFO - [2025-10-27T21:58:11.430-0300] {dag.py:3096} INFO - Sync 1 DAGs
[2025-10-27T21:58:11.439-0300] {logging_mixin.py:188} INFO - [2025-10-27T21:58:11.439-0300] {dag.py:3954} INFO - Setting next_dagrun for example_trigger_target_dag to None, run_after=None
[2025-10-27T21:58:11.454-0300] {processor.py:183} INFO - Processing /home/joaosousa/projects/spotify-project/venv/lib/python3.12/site-packages/airflow/example_dags/example_trigger_target_dag.py took 0.047 seconds
[2025-10-27T21:59:09.239-0300] {processor.py:161} INFO - Started process (PID=4763) to work on /home/joaosousa/projects/spotify-project/venv/lib/python3.12/site-packages/airflow/example_dags/example_trigger_target_dag.py
[2025-10-27T21:59:09.241-0300] {processor.py:830} INFO - Processing file /home/joaosousa/projects/spotify-project/venv/lib/python3.12/site-packages/airflow/example_dags/example_trigger_target_dag.py for tasks to queue
[2025-10-27T21:59:09.242-0300] {logging_mixin.py:188} INFO - [2025-10-27T21:59:09.242-0300] {dagbag.py:545} INFO - Filling up the DagBag from /home/joaosousa/projects/spotify-project/venv/lib/python3.12/site-packages/airflow/example_dags/example_trigger_target_dag.py
[2025-10-27T21:59:09.247-0300] {processor.py:840} INFO - DAG(s) 'example_trigger_target_dag' retrieved from /home/joaosousa/projects/spotify-project/venv/lib/python3.12/site-packages/airflow/example_dags/example_trigger_target_dag.py
[2025-10-27T21:59:09.258-0300] {logging_mixin.py:188} INFO - [2025-10-27T21:59:09.258-0300] {dag.py:3096} INFO - Sync 1 DAGs
[2025-10-27T21:59:09.266-0300] {logging_mixin.py:188} INFO - [2025-10-27T21:59:09.266-0300] {dag.py:3954} INFO - Setting next_dagrun for example_trigger_target_dag to None, run_after=None
[2025-10-27T21:59:09.281-0300] {processor.py:183} INFO - Processing /home/joaosousa/projects/spotify-project/venv/lib/python3.12/site-packages/airflow/example_dags/example_trigger_target_dag.py took 0.046 seconds
[2025-10-27T22:00:15.848-0300] {processor.py:161} INFO - Started process (PID=4900) to work on /home/joaosousa/projects/spotify-project/venv/lib/python3.12/site-packages/airflow/example_dags/example_trigger_target_dag.py
[2025-10-27T22:00:15.850-0300] {processor.py:830} INFO - Processing file /home/joaosousa/projects/spotify-project/venv/lib/python3.12/site-packages/airflow/example_dags/example_trigger_target_dag.py for tasks to queue
[2025-10-27T22:00:15.852-0300] {logging_mixin.py:188} INFO - [2025-10-27T22:00:15.851-0300] {dagbag.py:545} INFO - Filling up the DagBag from /home/joaosousa/projects/spotify-project/venv/lib/python3.12/site-packages/airflow/example_dags/example_trigger_target_dag.py
[2025-10-27T22:00:15.856-0300] {processor.py:840} INFO - DAG(s) 'example_trigger_target_dag' retrieved from /home/joaosousa/projects/spotify-project/venv/lib/python3.12/site-packages/airflow/example_dags/example_trigger_target_dag.py
[2025-10-27T22:00:15.867-0300] {logging_mixin.py:188} INFO - [2025-10-27T22:00:15.867-0300] {dag.py:3096} INFO - Sync 1 DAGs
[2025-10-27T22:00:15.875-0300] {logging_mixin.py:188} INFO - [2025-10-27T22:00:15.875-0300] {dag.py:3954} INFO - Setting next_dagrun for example_trigger_target_dag to None, run_after=None
[2025-10-27T22:00:15.889-0300] {processor.py:183} INFO - Processing /home/joaosousa/projects/spotify-project/venv/lib/python3.12/site-packages/airflow/example_dags/example_trigger_target_dag.py took 0.045 seconds
[2025-10-27T22:01:18.199-0300] {processor.py:161} INFO - Started process (PID=4995) to work on /home/joaosousa/projects/spotify-project/venv/lib/python3.12/site-packages/airflow/example_dags/example_trigger_target_dag.py
[2025-10-27T22:01:18.201-0300] {processor.py:830} INFO - Processing file /home/joaosousa/projects/spotify-project/venv/lib/python3.12/site-packages/airflow/example_dags/example_trigger_target_dag.py for tasks to queue
[2025-10-27T22:01:18.202-0300] {logging_mixin.py:188} INFO - [2025-10-27T22:01:18.202-0300] {dagbag.py:545} INFO - Filling up the DagBag from /home/joaosousa/projects/spotify-project/venv/lib/python3.12/site-packages/airflow/example_dags/example_trigger_target_dag.py
[2025-10-27T22:01:18.207-0300] {processor.py:840} INFO - DAG(s) 'example_trigger_target_dag' retrieved from /home/joaosousa/projects/spotify-project/venv/lib/python3.12/site-packages/airflow/example_dags/example_trigger_target_dag.py
[2025-10-27T22:01:18.218-0300] {logging_mixin.py:188} INFO - [2025-10-27T22:01:18.218-0300] {dag.py:3096} INFO - Sync 1 DAGs
[2025-10-27T22:01:18.225-0300] {logging_mixin.py:188} INFO - [2025-10-27T22:01:18.225-0300] {dag.py:3954} INFO - Setting next_dagrun for example_trigger_target_dag to None, run_after=None
[2025-10-27T22:01:18.241-0300] {processor.py:183} INFO - Processing /home/joaosousa/projects/spotify-project/venv/lib/python3.12/site-packages/airflow/example_dags/example_trigger_target_dag.py took 0.047 seconds
[2025-10-27T22:02:16.929-0300] {processor.py:161} INFO - Started process (PID=5117) to work on /home/joaosousa/projects/spotify-project/venv/lib/python3.12/site-packages/airflow/example_dags/example_trigger_target_dag.py
[2025-10-27T22:02:16.930-0300] {processor.py:830} INFO - Processing file /home/joaosousa/projects/spotify-project/venv/lib/python3.12/site-packages/airflow/example_dags/example_trigger_target_dag.py for tasks to queue
[2025-10-27T22:02:16.932-0300] {logging_mixin.py:188} INFO - [2025-10-27T22:02:16.931-0300] {dagbag.py:545} INFO - Filling up the DagBag from /home/joaosousa/projects/spotify-project/venv/lib/python3.12/site-packages/airflow/example_dags/example_trigger_target_dag.py
[2025-10-27T22:02:16.936-0300] {processor.py:840} INFO - DAG(s) 'example_trigger_target_dag' retrieved from /home/joaosousa/projects/spotify-project/venv/lib/python3.12/site-packages/airflow/example_dags/example_trigger_target_dag.py
[2025-10-27T22:02:16.946-0300] {logging_mixin.py:188} INFO - [2025-10-27T22:02:16.946-0300] {dag.py:3096} INFO - Sync 1 DAGs
[2025-10-27T22:02:16.954-0300] {logging_mixin.py:188} INFO - [2025-10-27T22:02:16.953-0300] {dag.py:3954} INFO - Setting next_dagrun for example_trigger_target_dag to None, run_after=None
[2025-10-27T22:02:16.968-0300] {processor.py:183} INFO - Processing /home/joaosousa/projects/spotify-project/venv/lib/python3.12/site-packages/airflow/example_dags/example_trigger_target_dag.py took 0.043 seconds
[2025-10-27T22:03:21.100-0300] {processor.py:161} INFO - Started process (PID=5215) to work on /home/joaosousa/projects/spotify-project/venv/lib/python3.12/site-packages/airflow/example_dags/example_trigger_target_dag.py
[2025-10-27T22:03:21.101-0300] {processor.py:830} INFO - Processing file /home/joaosousa/projects/spotify-project/venv/lib/python3.12/site-packages/airflow/example_dags/example_trigger_target_dag.py for tasks to queue
[2025-10-27T22:03:21.103-0300] {logging_mixin.py:188} INFO - [2025-10-27T22:03:21.102-0300] {dagbag.py:545} INFO - Filling up the DagBag from /home/joaosousa/projects/spotify-project/venv/lib/python3.12/site-packages/airflow/example_dags/example_trigger_target_dag.py
[2025-10-27T22:03:21.107-0300] {processor.py:840} INFO - DAG(s) 'example_trigger_target_dag' retrieved from /home/joaosousa/projects/spotify-project/venv/lib/python3.12/site-packages/airflow/example_dags/example_trigger_target_dag.py
[2025-10-27T22:03:21.117-0300] {logging_mixin.py:188} INFO - [2025-10-27T22:03:21.117-0300] {dag.py:3096} INFO - Sync 1 DAGs
[2025-10-27T22:03:21.125-0300] {logging_mixin.py:188} INFO - [2025-10-27T22:03:21.125-0300] {dag.py:3954} INFO - Setting next_dagrun for example_trigger_target_dag to None, run_after=None
[2025-10-27T22:03:21.139-0300] {processor.py:183} INFO - Processing /home/joaosousa/projects/spotify-project/venv/lib/python3.12/site-packages/airflow/example_dags/example_trigger_target_dag.py took 0.044 seconds
[2025-10-27T22:04:18.818-0300] {processor.py:161} INFO - Started process (PID=5326) to work on /home/joaosousa/projects/spotify-project/venv/lib/python3.12/site-packages/airflow/example_dags/example_trigger_target_dag.py
[2025-10-27T22:04:18.821-0300] {processor.py:830} INFO - Processing file /home/joaosousa/projects/spotify-project/venv/lib/python3.12/site-packages/airflow/example_dags/example_trigger_target_dag.py for tasks to queue
[2025-10-27T22:04:18.823-0300] {logging_mixin.py:188} INFO - [2025-10-27T22:04:18.823-0300] {dagbag.py:545} INFO - Filling up the DagBag from /home/joaosousa/projects/spotify-project/venv/lib/python3.12/site-packages/airflow/example_dags/example_trigger_target_dag.py
[2025-10-27T22:04:18.828-0300] {processor.py:840} INFO - DAG(s) 'example_trigger_target_dag' retrieved from /home/joaosousa/projects/spotify-project/venv/lib/python3.12/site-packages/airflow/example_dags/example_trigger_target_dag.py
[2025-10-27T22:04:18.840-0300] {logging_mixin.py:188} INFO - [2025-10-27T22:04:18.840-0300] {dag.py:3096} INFO - Sync 1 DAGs
[2025-10-27T22:04:18.848-0300] {logging_mixin.py:188} INFO - [2025-10-27T22:04:18.848-0300] {dag.py:3954} INFO - Setting next_dagrun for example_trigger_target_dag to None, run_after=None
[2025-10-27T22:04:18.865-0300] {processor.py:183} INFO - Processing /home/joaosousa/projects/spotify-project/venv/lib/python3.12/site-packages/airflow/example_dags/example_trigger_target_dag.py took 0.053 seconds
[2025-10-27T22:05:16.128-0300] {processor.py:161} INFO - Started process (PID=5421) to work on /home/joaosousa/projects/spotify-project/venv/lib/python3.12/site-packages/airflow/example_dags/example_trigger_target_dag.py
[2025-10-27T22:05:16.129-0300] {processor.py:830} INFO - Processing file /home/joaosousa/projects/spotify-project/venv/lib/python3.12/site-packages/airflow/example_dags/example_trigger_target_dag.py for tasks to queue
[2025-10-27T22:05:16.130-0300] {logging_mixin.py:188} INFO - [2025-10-27T22:05:16.130-0300] {dagbag.py:545} INFO - Filling up the DagBag from /home/joaosousa/projects/spotify-project/venv/lib/python3.12/site-packages/airflow/example_dags/example_trigger_target_dag.py
[2025-10-27T22:05:16.135-0300] {processor.py:840} INFO - DAG(s) 'example_trigger_target_dag' retrieved from /home/joaosousa/projects/spotify-project/venv/lib/python3.12/site-packages/airflow/example_dags/example_trigger_target_dag.py
[2025-10-27T22:05:16.146-0300] {logging_mixin.py:188} INFO - [2025-10-27T22:05:16.146-0300] {dag.py:3096} INFO - Sync 1 DAGs
[2025-10-27T22:05:16.154-0300] {logging_mixin.py:188} INFO - [2025-10-27T22:05:16.154-0300] {dag.py:3954} INFO - Setting next_dagrun for example_trigger_target_dag to None, run_after=None
[2025-10-27T22:05:16.169-0300] {processor.py:183} INFO - Processing /home/joaosousa/projects/spotify-project/venv/lib/python3.12/site-packages/airflow/example_dags/example_trigger_target_dag.py took 0.046 seconds
[2025-10-27T22:06:16.342-0300] {processor.py:161} INFO - Started process (PID=5531) to work on /home/joaosousa/projects/spotify-project/venv/lib/python3.12/site-packages/airflow/example_dags/example_trigger_target_dag.py
[2025-10-27T22:06:16.343-0300] {processor.py:830} INFO - Processing file /home/joaosousa/projects/spotify-project/venv/lib/python3.12/site-packages/airflow/example_dags/example_trigger_target_dag.py for tasks to queue
[2025-10-27T22:06:16.344-0300] {logging_mixin.py:188} INFO - [2025-10-27T22:06:16.344-0300] {dagbag.py:545} INFO - Filling up the DagBag from /home/joaosousa/projects/spotify-project/venv/lib/python3.12/site-packages/airflow/example_dags/example_trigger_target_dag.py
[2025-10-27T22:06:16.349-0300] {processor.py:840} INFO - DAG(s) 'example_trigger_target_dag' retrieved from /home/joaosousa/projects/spotify-project/venv/lib/python3.12/site-packages/airflow/example_dags/example_trigger_target_dag.py
[2025-10-27T22:06:16.360-0300] {logging_mixin.py:188} INFO - [2025-10-27T22:06:16.360-0300] {dag.py:3096} INFO - Sync 1 DAGs
[2025-10-27T22:06:16.369-0300] {logging_mixin.py:188} INFO - [2025-10-27T22:06:16.369-0300] {dag.py:3954} INFO - Setting next_dagrun for example_trigger_target_dag to None, run_after=None
[2025-10-27T22:06:16.385-0300] {processor.py:183} INFO - Processing /home/joaosousa/projects/spotify-project/venv/lib/python3.12/site-packages/airflow/example_dags/example_trigger_target_dag.py took 0.048 seconds
[2025-10-27T22:07:14.347-0300] {processor.py:161} INFO - Started process (PID=5633) to work on /home/joaosousa/projects/spotify-project/venv/lib/python3.12/site-packages/airflow/example_dags/example_trigger_target_dag.py
[2025-10-27T22:07:14.349-0300] {processor.py:830} INFO - Processing file /home/joaosousa/projects/spotify-project/venv/lib/python3.12/site-packages/airflow/example_dags/example_trigger_target_dag.py for tasks to queue
[2025-10-27T22:07:14.350-0300] {logging_mixin.py:188} INFO - [2025-10-27T22:07:14.350-0300] {dagbag.py:545} INFO - Filling up the DagBag from /home/joaosousa/projects/spotify-project/venv/lib/python3.12/site-packages/airflow/example_dags/example_trigger_target_dag.py
[2025-10-27T22:07:14.355-0300] {processor.py:840} INFO - DAG(s) 'example_trigger_target_dag' retrieved from /home/joaosousa/projects/spotify-project/venv/lib/python3.12/site-packages/airflow/example_dags/example_trigger_target_dag.py
[2025-10-27T22:07:14.366-0300] {logging_mixin.py:188} INFO - [2025-10-27T22:07:14.366-0300] {dag.py:3096} INFO - Sync 1 DAGs
[2025-10-27T22:07:14.373-0300] {logging_mixin.py:188} INFO - [2025-10-27T22:07:14.373-0300] {dag.py:3954} INFO - Setting next_dagrun for example_trigger_target_dag to None, run_after=None
[2025-10-27T22:07:14.388-0300] {processor.py:183} INFO - Processing /home/joaosousa/projects/spotify-project/venv/lib/python3.12/site-packages/airflow/example_dags/example_trigger_target_dag.py took 0.046 seconds
[2025-10-27T22:08:13.878-0300] {processor.py:161} INFO - Started process (PID=5743) to work on /home/joaosousa/projects/spotify-project/venv/lib/python3.12/site-packages/airflow/example_dags/example_trigger_target_dag.py
[2025-10-27T22:08:13.879-0300] {processor.py:830} INFO - Processing file /home/joaosousa/projects/spotify-project/venv/lib/python3.12/site-packages/airflow/example_dags/example_trigger_target_dag.py for tasks to queue
[2025-10-27T22:08:13.880-0300] {logging_mixin.py:188} INFO - [2025-10-27T22:08:13.880-0300] {dagbag.py:545} INFO - Filling up the DagBag from /home/joaosousa/projects/spotify-project/venv/lib/python3.12/site-packages/airflow/example_dags/example_trigger_target_dag.py
[2025-10-27T22:08:13.886-0300] {processor.py:840} INFO - DAG(s) 'example_trigger_target_dag' retrieved from /home/joaosousa/projects/spotify-project/venv/lib/python3.12/site-packages/airflow/example_dags/example_trigger_target_dag.py
[2025-10-27T22:08:13.898-0300] {logging_mixin.py:188} INFO - [2025-10-27T22:08:13.898-0300] {dag.py:3096} INFO - Sync 1 DAGs
[2025-10-27T22:08:13.907-0300] {logging_mixin.py:188} INFO - [2025-10-27T22:08:13.907-0300] {dag.py:3954} INFO - Setting next_dagrun for example_trigger_target_dag to None, run_after=None
[2025-10-27T22:08:13.925-0300] {processor.py:183} INFO - Processing /home/joaosousa/projects/spotify-project/venv/lib/python3.12/site-packages/airflow/example_dags/example_trigger_target_dag.py took 0.052 seconds
[2025-10-27T22:09:15.398-0300] {processor.py:161} INFO - Started process (PID=5832) to work on /home/joaosousa/projects/spotify-project/venv/lib/python3.12/site-packages/airflow/example_dags/example_trigger_target_dag.py
[2025-10-27T22:09:15.399-0300] {processor.py:830} INFO - Processing file /home/joaosousa/projects/spotify-project/venv/lib/python3.12/site-packages/airflow/example_dags/example_trigger_target_dag.py for tasks to queue
[2025-10-27T22:09:15.400-0300] {logging_mixin.py:188} INFO - [2025-10-27T22:09:15.399-0300] {dagbag.py:545} INFO - Filling up the DagBag from /home/joaosousa/projects/spotify-project/venv/lib/python3.12/site-packages/airflow/example_dags/example_trigger_target_dag.py
[2025-10-27T22:09:15.405-0300] {processor.py:840} INFO - DAG(s) 'example_trigger_target_dag' retrieved from /home/joaosousa/projects/spotify-project/venv/lib/python3.12/site-packages/airflow/example_dags/example_trigger_target_dag.py
[2025-10-27T22:09:15.416-0300] {logging_mixin.py:188} INFO - [2025-10-27T22:09:15.416-0300] {dag.py:3096} INFO - Sync 1 DAGs
[2025-10-27T22:09:15.425-0300] {logging_mixin.py:188} INFO - [2025-10-27T22:09:15.425-0300] {dag.py:3954} INFO - Setting next_dagrun for example_trigger_target_dag to None, run_after=None
[2025-10-27T22:09:15.442-0300] {processor.py:183} INFO - Processing /home/joaosousa/projects/spotify-project/venv/lib/python3.12/site-packages/airflow/example_dags/example_trigger_target_dag.py took 0.049 seconds
[2025-10-27T22:10:14.393-0300] {processor.py:161} INFO - Started process (PID=5941) to work on /home/joaosousa/projects/spotify-project/venv/lib/python3.12/site-packages/airflow/example_dags/example_trigger_target_dag.py
[2025-10-27T22:10:14.395-0300] {processor.py:830} INFO - Processing file /home/joaosousa/projects/spotify-project/venv/lib/python3.12/site-packages/airflow/example_dags/example_trigger_target_dag.py for tasks to queue
[2025-10-27T22:10:14.396-0300] {logging_mixin.py:188} INFO - [2025-10-27T22:10:14.396-0300] {dagbag.py:545} INFO - Filling up the DagBag from /home/joaosousa/projects/spotify-project/venv/lib/python3.12/site-packages/airflow/example_dags/example_trigger_target_dag.py
[2025-10-27T22:10:14.401-0300] {processor.py:840} INFO - DAG(s) 'example_trigger_target_dag' retrieved from /home/joaosousa/projects/spotify-project/venv/lib/python3.12/site-packages/airflow/example_dags/example_trigger_target_dag.py
[2025-10-27T22:10:14.412-0300] {logging_mixin.py:188} INFO - [2025-10-27T22:10:14.412-0300] {dag.py:3096} INFO - Sync 1 DAGs
[2025-10-27T22:10:14.419-0300] {logging_mixin.py:188} INFO - [2025-10-27T22:10:14.419-0300] {dag.py:3954} INFO - Setting next_dagrun for example_trigger_target_dag to None, run_after=None
[2025-10-27T22:10:14.434-0300] {processor.py:183} INFO - Processing /home/joaosousa/projects/spotify-project/venv/lib/python3.12/site-packages/airflow/example_dags/example_trigger_target_dag.py took 0.046 seconds
[2025-10-27T22:11:12.293-0300] {processor.py:161} INFO - Started process (PID=6026) to work on /home/joaosousa/projects/spotify-project/venv/lib/python3.12/site-packages/airflow/example_dags/example_trigger_target_dag.py
[2025-10-27T22:11:12.295-0300] {processor.py:830} INFO - Processing file /home/joaosousa/projects/spotify-project/venv/lib/python3.12/site-packages/airflow/example_dags/example_trigger_target_dag.py for tasks to queue
[2025-10-27T22:11:12.296-0300] {logging_mixin.py:188} INFO - [2025-10-27T22:11:12.296-0300] {dagbag.py:545} INFO - Filling up the DagBag from /home/joaosousa/projects/spotify-project/venv/lib/python3.12/site-packages/airflow/example_dags/example_trigger_target_dag.py
[2025-10-27T22:11:12.301-0300] {processor.py:840} INFO - DAG(s) 'example_trigger_target_dag' retrieved from /home/joaosousa/projects/spotify-project/venv/lib/python3.12/site-packages/airflow/example_dags/example_trigger_target_dag.py
[2025-10-27T22:11:12.312-0300] {logging_mixin.py:188} INFO - [2025-10-27T22:11:12.311-0300] {dag.py:3096} INFO - Sync 1 DAGs
[2025-10-27T22:11:12.319-0300] {logging_mixin.py:188} INFO - [2025-10-27T22:11:12.319-0300] {dag.py:3954} INFO - Setting next_dagrun for example_trigger_target_dag to None, run_after=None
[2025-10-27T22:11:12.334-0300] {processor.py:183} INFO - Processing /home/joaosousa/projects/spotify-project/venv/lib/python3.12/site-packages/airflow/example_dags/example_trigger_target_dag.py took 0.046 seconds
[2025-10-27T22:12:08.352-0300] {processor.py:161} INFO - Started process (PID=6136) to work on /home/joaosousa/projects/spotify-project/venv/lib/python3.12/site-packages/airflow/example_dags/example_trigger_target_dag.py
[2025-10-27T22:12:08.354-0300] {processor.py:830} INFO - Processing file /home/joaosousa/projects/spotify-project/venv/lib/python3.12/site-packages/airflow/example_dags/example_trigger_target_dag.py for tasks to queue
[2025-10-27T22:12:08.355-0300] {logging_mixin.py:188} INFO - [2025-10-27T22:12:08.355-0300] {dagbag.py:545} INFO - Filling up the DagBag from /home/joaosousa/projects/spotify-project/venv/lib/python3.12/site-packages/airflow/example_dags/example_trigger_target_dag.py
[2025-10-27T22:12:08.360-0300] {processor.py:840} INFO - DAG(s) 'example_trigger_target_dag' retrieved from /home/joaosousa/projects/spotify-project/venv/lib/python3.12/site-packages/airflow/example_dags/example_trigger_target_dag.py
[2025-10-27T22:12:08.371-0300] {logging_mixin.py:188} INFO - [2025-10-27T22:12:08.371-0300] {dag.py:3096} INFO - Sync 1 DAGs
[2025-10-27T22:12:08.379-0300] {logging_mixin.py:188} INFO - [2025-10-27T22:12:08.379-0300] {dag.py:3954} INFO - Setting next_dagrun for example_trigger_target_dag to None, run_after=None
[2025-10-27T22:12:08.393-0300] {processor.py:183} INFO - Processing /home/joaosousa/projects/spotify-project/venv/lib/python3.12/site-packages/airflow/example_dags/example_trigger_target_dag.py took 0.046 seconds
[2025-10-27T22:13:06.880-0300] {processor.py:161} INFO - Started process (PID=6242) to work on /home/joaosousa/projects/spotify-project/venv/lib/python3.12/site-packages/airflow/example_dags/example_trigger_target_dag.py
[2025-10-27T22:13:06.882-0300] {processor.py:830} INFO - Processing file /home/joaosousa/projects/spotify-project/venv/lib/python3.12/site-packages/airflow/example_dags/example_trigger_target_dag.py for tasks to queue
[2025-10-27T22:13:06.883-0300] {logging_mixin.py:188} INFO - [2025-10-27T22:13:06.883-0300] {dagbag.py:545} INFO - Filling up the DagBag from /home/joaosousa/projects/spotify-project/venv/lib/python3.12/site-packages/airflow/example_dags/example_trigger_target_dag.py
[2025-10-27T22:13:06.888-0300] {processor.py:840} INFO - DAG(s) 'example_trigger_target_dag' retrieved from /home/joaosousa/projects/spotify-project/venv/lib/python3.12/site-packages/airflow/example_dags/example_trigger_target_dag.py
[2025-10-27T22:13:06.899-0300] {logging_mixin.py:188} INFO - [2025-10-27T22:13:06.899-0300] {dag.py:3096} INFO - Sync 1 DAGs
[2025-10-27T22:13:06.907-0300] {logging_mixin.py:188} INFO - [2025-10-27T22:13:06.906-0300] {dag.py:3954} INFO - Setting next_dagrun for example_trigger_target_dag to None, run_after=None
[2025-10-27T22:13:06.922-0300] {processor.py:183} INFO - Processing /home/joaosousa/projects/spotify-project/venv/lib/python3.12/site-packages/airflow/example_dags/example_trigger_target_dag.py took 0.047 seconds
[2025-10-27T22:14:08.453-0300] {processor.py:161} INFO - Started process (PID=6353) to work on /home/joaosousa/projects/spotify-project/venv/lib/python3.12/site-packages/airflow/example_dags/example_trigger_target_dag.py
[2025-10-27T22:14:08.455-0300] {processor.py:830} INFO - Processing file /home/joaosousa/projects/spotify-project/venv/lib/python3.12/site-packages/airflow/example_dags/example_trigger_target_dag.py for tasks to queue
[2025-10-27T22:14:08.456-0300] {logging_mixin.py:188} INFO - [2025-10-27T22:14:08.456-0300] {dagbag.py:545} INFO - Filling up the DagBag from /home/joaosousa/projects/spotify-project/venv/lib/python3.12/site-packages/airflow/example_dags/example_trigger_target_dag.py
[2025-10-27T22:14:08.461-0300] {processor.py:840} INFO - DAG(s) 'example_trigger_target_dag' retrieved from /home/joaosousa/projects/spotify-project/venv/lib/python3.12/site-packages/airflow/example_dags/example_trigger_target_dag.py
[2025-10-27T22:14:08.472-0300] {logging_mixin.py:188} INFO - [2025-10-27T22:14:08.471-0300] {dag.py:3096} INFO - Sync 1 DAGs
[2025-10-27T22:14:08.479-0300] {logging_mixin.py:188} INFO - [2025-10-27T22:14:08.479-0300] {dag.py:3954} INFO - Setting next_dagrun for example_trigger_target_dag to None, run_after=None
[2025-10-27T22:14:08.495-0300] {processor.py:183} INFO - Processing /home/joaosousa/projects/spotify-project/venv/lib/python3.12/site-packages/airflow/example_dags/example_trigger_target_dag.py took 0.046 seconds
[2025-10-27T22:15:12.803-0300] {processor.py:161} INFO - Started process (PID=6443) to work on /home/joaosousa/projects/spotify-project/venv/lib/python3.12/site-packages/airflow/example_dags/example_trigger_target_dag.py
[2025-10-27T22:15:12.805-0300] {processor.py:830} INFO - Processing file /home/joaosousa/projects/spotify-project/venv/lib/python3.12/site-packages/airflow/example_dags/example_trigger_target_dag.py for tasks to queue
[2025-10-27T22:15:12.806-0300] {logging_mixin.py:188} INFO - [2025-10-27T22:15:12.806-0300] {dagbag.py:545} INFO - Filling up the DagBag from /home/joaosousa/projects/spotify-project/venv/lib/python3.12/site-packages/airflow/example_dags/example_trigger_target_dag.py
[2025-10-27T22:15:12.811-0300] {processor.py:840} INFO - DAG(s) 'example_trigger_target_dag' retrieved from /home/joaosousa/projects/spotify-project/venv/lib/python3.12/site-packages/airflow/example_dags/example_trigger_target_dag.py
[2025-10-27T22:15:12.822-0300] {logging_mixin.py:188} INFO - [2025-10-27T22:15:12.822-0300] {dag.py:3096} INFO - Sync 1 DAGs
[2025-10-27T22:15:12.830-0300] {logging_mixin.py:188} INFO - [2025-10-27T22:15:12.830-0300] {dag.py:3954} INFO - Setting next_dagrun for example_trigger_target_dag to None, run_after=None
[2025-10-27T22:15:12.845-0300] {processor.py:183} INFO - Processing /home/joaosousa/projects/spotify-project/venv/lib/python3.12/site-packages/airflow/example_dags/example_trigger_target_dag.py took 0.046 seconds
[2025-10-27T22:16:10.721-0300] {processor.py:161} INFO - Started process (PID=6569) to work on /home/joaosousa/projects/spotify-project/venv/lib/python3.12/site-packages/airflow/example_dags/example_trigger_target_dag.py
[2025-10-27T22:16:10.722-0300] {processor.py:830} INFO - Processing file /home/joaosousa/projects/spotify-project/venv/lib/python3.12/site-packages/airflow/example_dags/example_trigger_target_dag.py for tasks to queue
[2025-10-27T22:16:10.723-0300] {logging_mixin.py:188} INFO - [2025-10-27T22:16:10.723-0300] {dagbag.py:545} INFO - Filling up the DagBag from /home/joaosousa/projects/spotify-project/venv/lib/python3.12/site-packages/airflow/example_dags/example_trigger_target_dag.py
[2025-10-27T22:16:10.728-0300] {processor.py:840} INFO - DAG(s) 'example_trigger_target_dag' retrieved from /home/joaosousa/projects/spotify-project/venv/lib/python3.12/site-packages/airflow/example_dags/example_trigger_target_dag.py
[2025-10-27T22:16:10.738-0300] {logging_mixin.py:188} INFO - [2025-10-27T22:16:10.738-0300] {dag.py:3096} INFO - Sync 1 DAGs
[2025-10-27T22:16:10.745-0300] {logging_mixin.py:188} INFO - [2025-10-27T22:16:10.745-0300] {dag.py:3954} INFO - Setting next_dagrun for example_trigger_target_dag to None, run_after=None
[2025-10-27T22:16:10.760-0300] {processor.py:183} INFO - Processing /home/joaosousa/projects/spotify-project/venv/lib/python3.12/site-packages/airflow/example_dags/example_trigger_target_dag.py took 0.043 seconds
[2025-10-27T22:17:10.631-0300] {processor.py:161} INFO - Started process (PID=6667) to work on /home/joaosousa/projects/spotify-project/venv/lib/python3.12/site-packages/airflow/example_dags/example_trigger_target_dag.py
[2025-10-27T22:17:10.633-0300] {processor.py:830} INFO - Processing file /home/joaosousa/projects/spotify-project/venv/lib/python3.12/site-packages/airflow/example_dags/example_trigger_target_dag.py for tasks to queue
[2025-10-27T22:17:10.634-0300] {logging_mixin.py:188} INFO - [2025-10-27T22:17:10.634-0300] {dagbag.py:545} INFO - Filling up the DagBag from /home/joaosousa/projects/spotify-project/venv/lib/python3.12/site-packages/airflow/example_dags/example_trigger_target_dag.py
[2025-10-27T22:17:10.639-0300] {processor.py:840} INFO - DAG(s) 'example_trigger_target_dag' retrieved from /home/joaosousa/projects/spotify-project/venv/lib/python3.12/site-packages/airflow/example_dags/example_trigger_target_dag.py
[2025-10-27T22:17:09.940-0300] {logging_mixin.py:188} INFO - [2025-10-27T22:17:09.940-0300] {dag.py:3096} INFO - Sync 1 DAGs
[2025-10-27T22:17:09.948-0300] {logging_mixin.py:188} INFO - [2025-10-27T22:17:09.948-0300] {dag.py:3954} INFO - Setting next_dagrun for example_trigger_target_dag to None, run_after=None
[2025-10-27T22:17:09.963-0300] {processor.py:183} INFO - Processing /home/joaosousa/projects/spotify-project/venv/lib/python3.12/site-packages/airflow/example_dags/example_trigger_target_dag.py took 0.047 seconds
[2025-10-27T22:18:13.158-0300] {processor.py:161} INFO - Started process (PID=6791) to work on /home/joaosousa/projects/spotify-project/venv/lib/python3.12/site-packages/airflow/example_dags/example_trigger_target_dag.py
[2025-10-27T22:18:13.160-0300] {processor.py:830} INFO - Processing file /home/joaosousa/projects/spotify-project/venv/lib/python3.12/site-packages/airflow/example_dags/example_trigger_target_dag.py for tasks to queue
[2025-10-27T22:18:13.161-0300] {logging_mixin.py:188} INFO - [2025-10-27T22:18:13.161-0300] {dagbag.py:545} INFO - Filling up the DagBag from /home/joaosousa/projects/spotify-project/venv/lib/python3.12/site-packages/airflow/example_dags/example_trigger_target_dag.py
[2025-10-27T22:18:13.166-0300] {processor.py:840} INFO - DAG(s) 'example_trigger_target_dag' retrieved from /home/joaosousa/projects/spotify-project/venv/lib/python3.12/site-packages/airflow/example_dags/example_trigger_target_dag.py
[2025-10-27T22:18:13.176-0300] {logging_mixin.py:188} INFO - [2025-10-27T22:18:13.176-0300] {dag.py:3096} INFO - Sync 1 DAGs
[2025-10-27T22:18:13.183-0300] {logging_mixin.py:188} INFO - [2025-10-27T22:18:13.183-0300] {dag.py:3954} INFO - Setting next_dagrun for example_trigger_target_dag to None, run_after=None
[2025-10-27T22:18:13.198-0300] {processor.py:183} INFO - Processing /home/joaosousa/projects/spotify-project/venv/lib/python3.12/site-packages/airflow/example_dags/example_trigger_target_dag.py took 0.044 seconds
[2025-10-27T22:19:12.216-0300] {processor.py:161} INFO - Started process (PID=6893) to work on /home/joaosousa/projects/spotify-project/venv/lib/python3.12/site-packages/airflow/example_dags/example_trigger_target_dag.py
[2025-10-27T22:19:12.218-0300] {processor.py:830} INFO - Processing file /home/joaosousa/projects/spotify-project/venv/lib/python3.12/site-packages/airflow/example_dags/example_trigger_target_dag.py for tasks to queue
[2025-10-27T22:19:12.220-0300] {logging_mixin.py:188} INFO - [2025-10-27T22:19:12.219-0300] {dagbag.py:545} INFO - Filling up the DagBag from /home/joaosousa/projects/spotify-project/venv/lib/python3.12/site-packages/airflow/example_dags/example_trigger_target_dag.py
[2025-10-27T22:19:12.224-0300] {processor.py:840} INFO - DAG(s) 'example_trigger_target_dag' retrieved from /home/joaosousa/projects/spotify-project/venv/lib/python3.12/site-packages/airflow/example_dags/example_trigger_target_dag.py
[2025-10-27T22:19:12.234-0300] {logging_mixin.py:188} INFO - [2025-10-27T22:19:12.234-0300] {dag.py:3096} INFO - Sync 1 DAGs
[2025-10-27T22:19:12.242-0300] {logging_mixin.py:188} INFO - [2025-10-27T22:19:12.242-0300] {dag.py:3954} INFO - Setting next_dagrun for example_trigger_target_dag to None, run_after=None
[2025-10-27T22:19:12.256-0300] {processor.py:183} INFO - Processing /home/joaosousa/projects/spotify-project/venv/lib/python3.12/site-packages/airflow/example_dags/example_trigger_target_dag.py took 0.044 seconds
[2025-10-27T22:20:08.502-0300] {processor.py:161} INFO - Started process (PID=7001) to work on /home/joaosousa/projects/spotify-project/venv/lib/python3.12/site-packages/airflow/example_dags/example_trigger_target_dag.py
[2025-10-27T22:20:08.504-0300] {processor.py:830} INFO - Processing file /home/joaosousa/projects/spotify-project/venv/lib/python3.12/site-packages/airflow/example_dags/example_trigger_target_dag.py for tasks to queue
[2025-10-27T22:20:08.505-0300] {logging_mixin.py:188} INFO - [2025-10-27T22:20:08.505-0300] {dagbag.py:545} INFO - Filling up the DagBag from /home/joaosousa/projects/spotify-project/venv/lib/python3.12/site-packages/airflow/example_dags/example_trigger_target_dag.py
[2025-10-27T22:20:08.509-0300] {processor.py:840} INFO - DAG(s) 'example_trigger_target_dag' retrieved from /home/joaosousa/projects/spotify-project/venv/lib/python3.12/site-packages/airflow/example_dags/example_trigger_target_dag.py
[2025-10-27T22:20:08.520-0300] {logging_mixin.py:188} INFO - [2025-10-27T22:20:08.519-0300] {dag.py:3096} INFO - Sync 1 DAGs
[2025-10-27T22:20:08.527-0300] {logging_mixin.py:188} INFO - [2025-10-27T22:20:08.527-0300] {dag.py:3954} INFO - Setting next_dagrun for example_trigger_target_dag to None, run_after=None
[2025-10-27T22:20:08.540-0300] {processor.py:183} INFO - Processing /home/joaosousa/projects/spotify-project/venv/lib/python3.12/site-packages/airflow/example_dags/example_trigger_target_dag.py took 0.043 seconds
[2025-10-27T22:21:05.319-0300] {processor.py:161} INFO - Started process (PID=7085) to work on /home/joaosousa/projects/spotify-project/venv/lib/python3.12/site-packages/airflow/example_dags/example_trigger_target_dag.py
[2025-10-27T22:21:05.321-0300] {processor.py:830} INFO - Processing file /home/joaosousa/projects/spotify-project/venv/lib/python3.12/site-packages/airflow/example_dags/example_trigger_target_dag.py for tasks to queue
[2025-10-27T22:21:05.322-0300] {logging_mixin.py:188} INFO - [2025-10-27T22:21:05.322-0300] {dagbag.py:545} INFO - Filling up the DagBag from /home/joaosousa/projects/spotify-project/venv/lib/python3.12/site-packages/airflow/example_dags/example_trigger_target_dag.py
[2025-10-27T22:21:05.327-0300] {processor.py:840} INFO - DAG(s) 'example_trigger_target_dag' retrieved from /home/joaosousa/projects/spotify-project/venv/lib/python3.12/site-packages/airflow/example_dags/example_trigger_target_dag.py
[2025-10-27T22:21:05.337-0300] {logging_mixin.py:188} INFO - [2025-10-27T22:21:05.337-0300] {dag.py:3096} INFO - Sync 1 DAGs
[2025-10-27T22:21:05.345-0300] {logging_mixin.py:188} INFO - [2025-10-27T22:21:05.345-0300] {dag.py:3954} INFO - Setting next_dagrun for example_trigger_target_dag to None, run_after=None
[2025-10-27T22:21:05.361-0300] {processor.py:183} INFO - Processing /home/joaosousa/projects/spotify-project/venv/lib/python3.12/site-packages/airflow/example_dags/example_trigger_target_dag.py took 0.046 seconds
[2025-10-27T22:22:07.579-0300] {processor.py:161} INFO - Started process (PID=7198) to work on /home/joaosousa/projects/spotify-project/venv/lib/python3.12/site-packages/airflow/example_dags/example_trigger_target_dag.py
[2025-10-27T22:22:07.580-0300] {processor.py:830} INFO - Processing file /home/joaosousa/projects/spotify-project/venv/lib/python3.12/site-packages/airflow/example_dags/example_trigger_target_dag.py for tasks to queue
[2025-10-27T22:22:07.582-0300] {logging_mixin.py:188} INFO - [2025-10-27T22:22:07.582-0300] {dagbag.py:545} INFO - Filling up the DagBag from /home/joaosousa/projects/spotify-project/venv/lib/python3.12/site-packages/airflow/example_dags/example_trigger_target_dag.py
[2025-10-27T22:22:07.586-0300] {processor.py:840} INFO - DAG(s) 'example_trigger_target_dag' retrieved from /home/joaosousa/projects/spotify-project/venv/lib/python3.12/site-packages/airflow/example_dags/example_trigger_target_dag.py
[2025-10-27T22:22:07.597-0300] {logging_mixin.py:188} INFO - [2025-10-27T22:22:07.597-0300] {dag.py:3096} INFO - Sync 1 DAGs
[2025-10-27T22:22:07.604-0300] {logging_mixin.py:188} INFO - [2025-10-27T22:22:07.604-0300] {dag.py:3954} INFO - Setting next_dagrun for example_trigger_target_dag to None, run_after=None
[2025-10-27T22:22:07.619-0300] {processor.py:183} INFO - Processing /home/joaosousa/projects/spotify-project/venv/lib/python3.12/site-packages/airflow/example_dags/example_trigger_target_dag.py took 0.045 seconds
