[2025-10-27T21:30:44.501-0300] {processor.py:161} INFO - Started process (PID=1068) to work on /home/joaosousa/projects/spotify-project/venv/lib/python3.12/site-packages/airflow/example_dags/example_setup_teardown_taskflow.py
[2025-10-27T21:30:44.502-0300] {processor.py:830} INFO - Processing file /home/joaosousa/projects/spotify-project/venv/lib/python3.12/site-packages/airflow/example_dags/example_setup_teardown_taskflow.py for tasks to queue
[2025-10-27T21:30:44.504-0300] {logging_mixin.py:188} INFO - [2025-10-27T21:30:44.503-0300] {dagbag.py:545} INFO - Filling up the DagBag from /home/joaosousa/projects/spotify-project/venv/lib/python3.12/site-packages/airflow/example_dags/example_setup_teardown_taskflow.py
[2025-10-27T21:30:44.515-0300] {processor.py:840} INFO - DAG(s) 'example_setup_teardown_taskflow' retrieved from /home/joaosousa/projects/spotify-project/venv/lib/python3.12/site-packages/airflow/example_dags/example_setup_teardown_taskflow.py
[2025-10-27T21:30:44.537-0300] {logging_mixin.py:188} INFO - [2025-10-27T21:30:44.537-0300] {dag.py:3096} INFO - Sync 1 DAGs
[2025-10-27T21:30:44.557-0300] {logging_mixin.py:188} INFO - [2025-10-27T21:30:44.556-0300] {dag.py:3954} INFO - Setting next_dagrun for example_setup_teardown_taskflow to 2025-10-27 00:00:00+00:00, run_after=2025-10-28 00:00:00+00:00
[2025-10-27T21:30:44.577-0300] {processor.py:183} INFO - Processing /home/joaosousa/projects/spotify-project/venv/lib/python3.12/site-packages/airflow/example_dags/example_setup_teardown_taskflow.py took 0.083 seconds
[2025-10-27T21:31:33.581-0300] {processor.py:161} INFO - Started process (PID=1146) to work on /home/joaosousa/projects/spotify-project/venv/lib/python3.12/site-packages/airflow/example_dags/example_setup_teardown_taskflow.py
[2025-10-27T21:31:33.583-0300] {processor.py:830} INFO - Processing file /home/joaosousa/projects/spotify-project/venv/lib/python3.12/site-packages/airflow/example_dags/example_setup_teardown_taskflow.py for tasks to queue
[2025-10-27T21:31:33.584-0300] {logging_mixin.py:188} INFO - [2025-10-27T21:31:33.584-0300] {dagbag.py:545} INFO - Filling up the DagBag from /home/joaosousa/projects/spotify-project/venv/lib/python3.12/site-packages/airflow/example_dags/example_setup_teardown_taskflow.py
[2025-10-27T21:31:33.591-0300] {processor.py:840} INFO - DAG(s) 'example_setup_teardown_taskflow' retrieved from /home/joaosousa/projects/spotify-project/venv/lib/python3.12/site-packages/airflow/example_dags/example_setup_teardown_taskflow.py
[2025-10-27T21:31:33.602-0300] {logging_mixin.py:188} INFO - [2025-10-27T21:31:33.602-0300] {dag.py:3096} INFO - Sync 1 DAGs
[2025-10-27T21:31:33.615-0300] {logging_mixin.py:188} INFO - [2025-10-27T21:31:33.615-0300] {dag.py:3954} INFO - Setting next_dagrun for example_setup_teardown_taskflow to 2025-10-27 00:00:00+00:00, run_after=2025-10-28 00:00:00+00:00
[2025-10-27T21:31:33.630-0300] {processor.py:183} INFO - Processing /home/joaosousa/projects/spotify-project/venv/lib/python3.12/site-packages/airflow/example_dags/example_setup_teardown_taskflow.py took 0.053 seconds
[2025-10-27T21:32:24.381-0300] {processor.py:161} INFO - Started process (PID=1329) to work on /home/joaosousa/projects/spotify-project/venv/lib/python3.12/site-packages/airflow/example_dags/example_setup_teardown_taskflow.py
[2025-10-27T21:32:24.383-0300] {processor.py:830} INFO - Processing file /home/joaosousa/projects/spotify-project/venv/lib/python3.12/site-packages/airflow/example_dags/example_setup_teardown_taskflow.py for tasks to queue
[2025-10-27T21:32:24.384-0300] {logging_mixin.py:188} INFO - [2025-10-27T21:32:24.384-0300] {dagbag.py:545} INFO - Filling up the DagBag from /home/joaosousa/projects/spotify-project/venv/lib/python3.12/site-packages/airflow/example_dags/example_setup_teardown_taskflow.py
[2025-10-27T21:32:24.390-0300] {processor.py:840} INFO - DAG(s) 'example_setup_teardown_taskflow' retrieved from /home/joaosousa/projects/spotify-project/venv/lib/python3.12/site-packages/airflow/example_dags/example_setup_teardown_taskflow.py
[2025-10-27T21:32:24.401-0300] {logging_mixin.py:188} INFO - [2025-10-27T21:32:24.401-0300] {dag.py:3096} INFO - Sync 1 DAGs
[2025-10-27T21:32:24.413-0300] {logging_mixin.py:188} INFO - [2025-10-27T21:32:24.413-0300] {dag.py:3954} INFO - Setting next_dagrun for example_setup_teardown_taskflow to 2025-10-27 00:00:00+00:00, run_after=2025-10-28 00:00:00+00:00
[2025-10-27T21:32:24.429-0300] {processor.py:183} INFO - Processing /home/joaosousa/projects/spotify-project/venv/lib/python3.12/site-packages/airflow/example_dags/example_setup_teardown_taskflow.py took 0.052 seconds
[2025-10-27T21:33:11.111-0300] {processor.py:161} INFO - Started process (PID=1402) to work on /home/joaosousa/projects/spotify-project/venv/lib/python3.12/site-packages/airflow/example_dags/example_setup_teardown_taskflow.py
[2025-10-27T21:33:11.113-0300] {processor.py:830} INFO - Processing file /home/joaosousa/projects/spotify-project/venv/lib/python3.12/site-packages/airflow/example_dags/example_setup_teardown_taskflow.py for tasks to queue
[2025-10-27T21:33:11.114-0300] {logging_mixin.py:188} INFO - [2025-10-27T21:33:11.114-0300] {dagbag.py:545} INFO - Filling up the DagBag from /home/joaosousa/projects/spotify-project/venv/lib/python3.12/site-packages/airflow/example_dags/example_setup_teardown_taskflow.py
[2025-10-27T21:33:11.120-0300] {processor.py:840} INFO - DAG(s) 'example_setup_teardown_taskflow' retrieved from /home/joaosousa/projects/spotify-project/venv/lib/python3.12/site-packages/airflow/example_dags/example_setup_teardown_taskflow.py
[2025-10-27T21:33:11.133-0300] {logging_mixin.py:188} INFO - [2025-10-27T21:33:11.133-0300] {dag.py:3096} INFO - Sync 1 DAGs
[2025-10-27T21:33:11.145-0300] {logging_mixin.py:188} INFO - [2025-10-27T21:33:11.145-0300] {dag.py:3954} INFO - Setting next_dagrun for example_setup_teardown_taskflow to 2025-10-27 00:00:00+00:00, run_after=2025-10-28 00:00:00+00:00
[2025-10-27T21:33:11.160-0300] {processor.py:183} INFO - Processing /home/joaosousa/projects/spotify-project/venv/lib/python3.12/site-packages/airflow/example_dags/example_setup_teardown_taskflow.py took 0.053 seconds
[2025-10-27T21:33:51.952-0300] {processor.py:161} INFO - Started process (PID=1468) to work on /home/joaosousa/projects/spotify-project/venv/lib/python3.12/site-packages/airflow/example_dags/example_setup_teardown_taskflow.py
[2025-10-27T21:33:51.954-0300] {processor.py:830} INFO - Processing file /home/joaosousa/projects/spotify-project/venv/lib/python3.12/site-packages/airflow/example_dags/example_setup_teardown_taskflow.py for tasks to queue
[2025-10-27T21:33:51.956-0300] {logging_mixin.py:188} INFO - [2025-10-27T21:33:51.955-0300] {dagbag.py:545} INFO - Filling up the DagBag from /home/joaosousa/projects/spotify-project/venv/lib/python3.12/site-packages/airflow/example_dags/example_setup_teardown_taskflow.py
[2025-10-27T21:33:51.962-0300] {processor.py:840} INFO - DAG(s) 'example_setup_teardown_taskflow' retrieved from /home/joaosousa/projects/spotify-project/venv/lib/python3.12/site-packages/airflow/example_dags/example_setup_teardown_taskflow.py
[2025-10-27T21:33:51.973-0300] {logging_mixin.py:188} INFO - [2025-10-27T21:33:51.973-0300] {dag.py:3096} INFO - Sync 1 DAGs
[2025-10-27T21:33:51.985-0300] {logging_mixin.py:188} INFO - [2025-10-27T21:33:51.985-0300] {dag.py:3954} INFO - Setting next_dagrun for example_setup_teardown_taskflow to 2025-10-27 00:00:00+00:00, run_after=2025-10-28 00:00:00+00:00
[2025-10-27T21:33:51.999-0300] {processor.py:183} INFO - Processing /home/joaosousa/projects/spotify-project/venv/lib/python3.12/site-packages/airflow/example_dags/example_setup_teardown_taskflow.py took 0.051 seconds
[2025-10-27T21:34:34.415-0300] {processor.py:161} INFO - Started process (PID=1536) to work on /home/joaosousa/projects/spotify-project/venv/lib/python3.12/site-packages/airflow/example_dags/example_setup_teardown_taskflow.py
[2025-10-27T21:34:34.417-0300] {processor.py:830} INFO - Processing file /home/joaosousa/projects/spotify-project/venv/lib/python3.12/site-packages/airflow/example_dags/example_setup_teardown_taskflow.py for tasks to queue
[2025-10-27T21:34:34.418-0300] {logging_mixin.py:188} INFO - [2025-10-27T21:34:34.418-0300] {dagbag.py:545} INFO - Filling up the DagBag from /home/joaosousa/projects/spotify-project/venv/lib/python3.12/site-packages/airflow/example_dags/example_setup_teardown_taskflow.py
[2025-10-27T21:34:34.424-0300] {processor.py:840} INFO - DAG(s) 'example_setup_teardown_taskflow' retrieved from /home/joaosousa/projects/spotify-project/venv/lib/python3.12/site-packages/airflow/example_dags/example_setup_teardown_taskflow.py
[2025-10-27T21:34:34.435-0300] {logging_mixin.py:188} INFO - [2025-10-27T21:34:34.435-0300] {dag.py:3096} INFO - Sync 1 DAGs
[2025-10-27T21:34:34.447-0300] {logging_mixin.py:188} INFO - [2025-10-27T21:34:34.446-0300] {dag.py:3954} INFO - Setting next_dagrun for example_setup_teardown_taskflow to 2025-10-27 00:00:00+00:00, run_after=2025-10-28 00:00:00+00:00
[2025-10-27T21:34:34.461-0300] {processor.py:183} INFO - Processing /home/joaosousa/projects/spotify-project/venv/lib/python3.12/site-packages/airflow/example_dags/example_setup_teardown_taskflow.py took 0.050 seconds
[2025-10-27T21:35:11.651-0300] {processor.py:161} INFO - Started process (PID=1600) to work on /home/joaosousa/projects/spotify-project/venv/lib/python3.12/site-packages/airflow/example_dags/example_setup_teardown_taskflow.py
[2025-10-27T21:35:11.652-0300] {processor.py:830} INFO - Processing file /home/joaosousa/projects/spotify-project/venv/lib/python3.12/site-packages/airflow/example_dags/example_setup_teardown_taskflow.py for tasks to queue
[2025-10-27T21:35:11.653-0300] {logging_mixin.py:188} INFO - [2025-10-27T21:35:11.653-0300] {dagbag.py:545} INFO - Filling up the DagBag from /home/joaosousa/projects/spotify-project/venv/lib/python3.12/site-packages/airflow/example_dags/example_setup_teardown_taskflow.py
[2025-10-27T21:35:11.660-0300] {processor.py:840} INFO - DAG(s) 'example_setup_teardown_taskflow' retrieved from /home/joaosousa/projects/spotify-project/venv/lib/python3.12/site-packages/airflow/example_dags/example_setup_teardown_taskflow.py
[2025-10-27T21:35:11.673-0300] {logging_mixin.py:188} INFO - [2025-10-27T21:35:11.673-0300] {dag.py:3096} INFO - Sync 1 DAGs
[2025-10-27T21:35:11.688-0300] {logging_mixin.py:188} INFO - [2025-10-27T21:35:11.688-0300] {dag.py:3954} INFO - Setting next_dagrun for example_setup_teardown_taskflow to 2025-10-27 00:00:00+00:00, run_after=2025-10-28 00:00:00+00:00
[2025-10-27T21:35:11.711-0300] {processor.py:183} INFO - Processing /home/joaosousa/projects/spotify-project/venv/lib/python3.12/site-packages/airflow/example_dags/example_setup_teardown_taskflow.py took 0.065 seconds
[2025-10-27T21:35:54.460-0300] {processor.py:161} INFO - Started process (PID=1668) to work on /home/joaosousa/projects/spotify-project/venv/lib/python3.12/site-packages/airflow/example_dags/example_setup_teardown_taskflow.py
[2025-10-27T21:35:54.462-0300] {processor.py:830} INFO - Processing file /home/joaosousa/projects/spotify-project/venv/lib/python3.12/site-packages/airflow/example_dags/example_setup_teardown_taskflow.py for tasks to queue
[2025-10-27T21:35:54.463-0300] {logging_mixin.py:188} INFO - [2025-10-27T21:35:54.462-0300] {dagbag.py:545} INFO - Filling up the DagBag from /home/joaosousa/projects/spotify-project/venv/lib/python3.12/site-packages/airflow/example_dags/example_setup_teardown_taskflow.py
[2025-10-27T21:35:54.469-0300] {processor.py:840} INFO - DAG(s) 'example_setup_teardown_taskflow' retrieved from /home/joaosousa/projects/spotify-project/venv/lib/python3.12/site-packages/airflow/example_dags/example_setup_teardown_taskflow.py
[2025-10-27T21:35:54.481-0300] {logging_mixin.py:188} INFO - [2025-10-27T21:35:54.480-0300] {dag.py:3096} INFO - Sync 1 DAGs
[2025-10-27T21:35:54.492-0300] {logging_mixin.py:188} INFO - [2025-10-27T21:35:54.492-0300] {dag.py:3954} INFO - Setting next_dagrun for example_setup_teardown_taskflow to 2025-10-27 00:00:00+00:00, run_after=2025-10-28 00:00:00+00:00
[2025-10-27T21:35:54.604-0300] {processor.py:183} INFO - Processing /home/joaosousa/projects/spotify-project/venv/lib/python3.12/site-packages/airflow/example_dags/example_setup_teardown_taskflow.py took 0.148 seconds
[2025-10-27T21:36:45.061-0300] {processor.py:161} INFO - Started process (PID=1739) to work on /home/joaosousa/projects/spotify-project/venv/lib/python3.12/site-packages/airflow/example_dags/example_setup_teardown_taskflow.py
[2025-10-27T21:36:45.063-0300] {processor.py:830} INFO - Processing file /home/joaosousa/projects/spotify-project/venv/lib/python3.12/site-packages/airflow/example_dags/example_setup_teardown_taskflow.py for tasks to queue
[2025-10-27T21:36:45.064-0300] {logging_mixin.py:188} INFO - [2025-10-27T21:36:45.064-0300] {dagbag.py:545} INFO - Filling up the DagBag from /home/joaosousa/projects/spotify-project/venv/lib/python3.12/site-packages/airflow/example_dags/example_setup_teardown_taskflow.py
[2025-10-27T21:36:45.070-0300] {processor.py:840} INFO - DAG(s) 'example_setup_teardown_taskflow' retrieved from /home/joaosousa/projects/spotify-project/venv/lib/python3.12/site-packages/airflow/example_dags/example_setup_teardown_taskflow.py
[2025-10-27T21:36:45.082-0300] {logging_mixin.py:188} INFO - [2025-10-27T21:36:45.082-0300] {dag.py:3096} INFO - Sync 1 DAGs
[2025-10-27T21:36:45.094-0300] {logging_mixin.py:188} INFO - [2025-10-27T21:36:45.094-0300] {dag.py:3954} INFO - Setting next_dagrun for example_setup_teardown_taskflow to 2025-10-27 00:00:00+00:00, run_after=2025-10-28 00:00:00+00:00
[2025-10-27T21:36:45.108-0300] {processor.py:183} INFO - Processing /home/joaosousa/projects/spotify-project/venv/lib/python3.12/site-packages/airflow/example_dags/example_setup_teardown_taskflow.py took 0.052 seconds
[2025-10-27T21:37:28.726-0300] {processor.py:161} INFO - Started process (PID=1809) to work on /home/joaosousa/projects/spotify-project/venv/lib/python3.12/site-packages/airflow/example_dags/example_setup_teardown_taskflow.py
[2025-10-27T21:37:28.728-0300] {processor.py:830} INFO - Processing file /home/joaosousa/projects/spotify-project/venv/lib/python3.12/site-packages/airflow/example_dags/example_setup_teardown_taskflow.py for tasks to queue
[2025-10-27T21:37:28.729-0300] {logging_mixin.py:188} INFO - [2025-10-27T21:37:28.729-0300] {dagbag.py:545} INFO - Filling up the DagBag from /home/joaosousa/projects/spotify-project/venv/lib/python3.12/site-packages/airflow/example_dags/example_setup_teardown_taskflow.py
[2025-10-27T21:37:28.736-0300] {processor.py:840} INFO - DAG(s) 'example_setup_teardown_taskflow' retrieved from /home/joaosousa/projects/spotify-project/venv/lib/python3.12/site-packages/airflow/example_dags/example_setup_teardown_taskflow.py
[2025-10-27T21:37:28.748-0300] {logging_mixin.py:188} INFO - [2025-10-27T21:37:28.748-0300] {dag.py:3096} INFO - Sync 1 DAGs
[2025-10-27T21:37:28.761-0300] {logging_mixin.py:188} INFO - [2025-10-27T21:37:28.761-0300] {dag.py:3954} INFO - Setting next_dagrun for example_setup_teardown_taskflow to 2025-10-27 00:00:00+00:00, run_after=2025-10-28 00:00:00+00:00
[2025-10-27T21:37:28.777-0300] {processor.py:183} INFO - Processing /home/joaosousa/projects/spotify-project/venv/lib/python3.12/site-packages/airflow/example_dags/example_setup_teardown_taskflow.py took 0.055 seconds
[2025-10-27T21:38:13.156-0300] {processor.py:161} INFO - Started process (PID=1880) to work on /home/joaosousa/projects/spotify-project/venv/lib/python3.12/site-packages/airflow/example_dags/example_setup_teardown_taskflow.py
[2025-10-27T21:38:13.158-0300] {processor.py:830} INFO - Processing file /home/joaosousa/projects/spotify-project/venv/lib/python3.12/site-packages/airflow/example_dags/example_setup_teardown_taskflow.py for tasks to queue
[2025-10-27T21:38:13.159-0300] {logging_mixin.py:188} INFO - [2025-10-27T21:38:13.159-0300] {dagbag.py:545} INFO - Filling up the DagBag from /home/joaosousa/projects/spotify-project/venv/lib/python3.12/site-packages/airflow/example_dags/example_setup_teardown_taskflow.py
[2025-10-27T21:38:13.166-0300] {processor.py:840} INFO - DAG(s) 'example_setup_teardown_taskflow' retrieved from /home/joaosousa/projects/spotify-project/venv/lib/python3.12/site-packages/airflow/example_dags/example_setup_teardown_taskflow.py
[2025-10-27T21:38:13.180-0300] {logging_mixin.py:188} INFO - [2025-10-27T21:38:13.180-0300] {dag.py:3096} INFO - Sync 1 DAGs
[2025-10-27T21:38:13.193-0300] {logging_mixin.py:188} INFO - [2025-10-27T21:38:13.193-0300] {dag.py:3954} INFO - Setting next_dagrun for example_setup_teardown_taskflow to 2025-10-27 00:00:00+00:00, run_after=2025-10-28 00:00:00+00:00
[2025-10-27T21:38:13.208-0300] {processor.py:183} INFO - Processing /home/joaosousa/projects/spotify-project/venv/lib/python3.12/site-packages/airflow/example_dags/example_setup_teardown_taskflow.py took 0.057 seconds
[2025-10-27T21:38:51.157-0300] {processor.py:161} INFO - Started process (PID=1950) to work on /home/joaosousa/projects/spotify-project/venv/lib/python3.12/site-packages/airflow/example_dags/example_setup_teardown_taskflow.py
[2025-10-27T21:38:51.159-0300] {processor.py:830} INFO - Processing file /home/joaosousa/projects/spotify-project/venv/lib/python3.12/site-packages/airflow/example_dags/example_setup_teardown_taskflow.py for tasks to queue
[2025-10-27T21:38:51.161-0300] {logging_mixin.py:188} INFO - [2025-10-27T21:38:51.161-0300] {dagbag.py:545} INFO - Filling up the DagBag from /home/joaosousa/projects/spotify-project/venv/lib/python3.12/site-packages/airflow/example_dags/example_setup_teardown_taskflow.py
[2025-10-27T21:38:51.168-0300] {processor.py:840} INFO - DAG(s) 'example_setup_teardown_taskflow' retrieved from /home/joaosousa/projects/spotify-project/venv/lib/python3.12/site-packages/airflow/example_dags/example_setup_teardown_taskflow.py
[2025-10-27T21:38:51.180-0300] {logging_mixin.py:188} INFO - [2025-10-27T21:38:51.180-0300] {dag.py:3096} INFO - Sync 1 DAGs
[2025-10-27T21:38:51.192-0300] {logging_mixin.py:188} INFO - [2025-10-27T21:38:51.192-0300] {dag.py:3954} INFO - Setting next_dagrun for example_setup_teardown_taskflow to 2025-10-27 00:00:00+00:00, run_after=2025-10-28 00:00:00+00:00
[2025-10-27T21:38:51.210-0300] {processor.py:183} INFO - Processing /home/joaosousa/projects/spotify-project/venv/lib/python3.12/site-packages/airflow/example_dags/example_setup_teardown_taskflow.py took 0.058 seconds
[2025-10-27T21:39:28.824-0300] {processor.py:161} INFO - Started process (PID=2020) to work on /home/joaosousa/projects/spotify-project/venv/lib/python3.12/site-packages/airflow/example_dags/example_setup_teardown_taskflow.py
[2025-10-27T21:39:28.824-0300] {processor.py:830} INFO - Processing file /home/joaosousa/projects/spotify-project/venv/lib/python3.12/site-packages/airflow/example_dags/example_setup_teardown_taskflow.py for tasks to queue
[2025-10-27T21:39:28.826-0300] {logging_mixin.py:188} INFO - [2025-10-27T21:39:28.825-0300] {dagbag.py:545} INFO - Filling up the DagBag from /home/joaosousa/projects/spotify-project/venv/lib/python3.12/site-packages/airflow/example_dags/example_setup_teardown_taskflow.py
[2025-10-27T21:39:28.833-0300] {processor.py:840} INFO - DAG(s) 'example_setup_teardown_taskflow' retrieved from /home/joaosousa/projects/spotify-project/venv/lib/python3.12/site-packages/airflow/example_dags/example_setup_teardown_taskflow.py
[2025-10-27T21:39:28.845-0300] {logging_mixin.py:188} INFO - [2025-10-27T21:39:28.845-0300] {dag.py:3096} INFO - Sync 1 DAGs
[2025-10-27T21:39:28.860-0300] {logging_mixin.py:188} INFO - [2025-10-27T21:39:28.859-0300] {dag.py:3954} INFO - Setting next_dagrun for example_setup_teardown_taskflow to 2025-10-27 00:00:00+00:00, run_after=2025-10-28 00:00:00+00:00
[2025-10-27T21:39:28.880-0300] {processor.py:183} INFO - Processing /home/joaosousa/projects/spotify-project/venv/lib/python3.12/site-packages/airflow/example_dags/example_setup_teardown_taskflow.py took 0.061 seconds
[2025-10-27T21:40:12.276-0300] {processor.py:161} INFO - Started process (PID=2093) to work on /home/joaosousa/projects/spotify-project/venv/lib/python3.12/site-packages/airflow/example_dags/example_setup_teardown_taskflow.py
[2025-10-27T21:40:12.278-0300] {processor.py:830} INFO - Processing file /home/joaosousa/projects/spotify-project/venv/lib/python3.12/site-packages/airflow/example_dags/example_setup_teardown_taskflow.py for tasks to queue
[2025-10-27T21:40:12.279-0300] {logging_mixin.py:188} INFO - [2025-10-27T21:40:12.279-0300] {dagbag.py:545} INFO - Filling up the DagBag from /home/joaosousa/projects/spotify-project/venv/lib/python3.12/site-packages/airflow/example_dags/example_setup_teardown_taskflow.py
[2025-10-27T21:40:12.286-0300] {processor.py:840} INFO - DAG(s) 'example_setup_teardown_taskflow' retrieved from /home/joaosousa/projects/spotify-project/venv/lib/python3.12/site-packages/airflow/example_dags/example_setup_teardown_taskflow.py
[2025-10-27T21:40:12.297-0300] {logging_mixin.py:188} INFO - [2025-10-27T21:40:12.297-0300] {dag.py:3096} INFO - Sync 1 DAGs
[2025-10-27T21:40:12.309-0300] {logging_mixin.py:188} INFO - [2025-10-27T21:40:12.309-0300] {dag.py:3954} INFO - Setting next_dagrun for example_setup_teardown_taskflow to 2025-10-27 00:00:00+00:00, run_after=2025-10-28 00:00:00+00:00
[2025-10-27T21:40:12.324-0300] {processor.py:183} INFO - Processing /home/joaosousa/projects/spotify-project/venv/lib/python3.12/site-packages/airflow/example_dags/example_setup_teardown_taskflow.py took 0.052 seconds
