[2025-10-27T21:31:15.793-0300] {processor.py:161} INFO - Started process (PID=1101) to work on /home/joaosousa/projects/spotify-project/venv/lib/python3.12/site-packages/airflow/example_dags/example_trigger_controller_dag.py
[2025-10-27T21:31:15.793-0300] {processor.py:830} INFO - Processing file /home/joaosousa/projects/spotify-project/venv/lib/python3.12/site-packages/airflow/example_dags/example_trigger_controller_dag.py for tasks to queue
[2025-10-27T21:31:15.794-0300] {logging_mixin.py:188} INFO - [2025-10-27T21:31:15.794-0300] {dagbag.py:545} INFO - Filling up the DagBag from /home/joaosousa/projects/spotify-project/venv/lib/python3.12/site-packages/airflow/example_dags/example_trigger_controller_dag.py
[2025-10-27T21:31:15.798-0300] {processor.py:840} INFO - DAG(s) 'example_trigger_controller_dag' retrieved from /home/joaosousa/projects/spotify-project/venv/lib/python3.12/site-packages/airflow/example_dags/example_trigger_controller_dag.py
[2025-10-27T21:31:15.808-0300] {logging_mixin.py:188} INFO - [2025-10-27T21:31:15.808-0300] {dag.py:3096} INFO - Sync 1 DAGs
[2025-10-27T21:31:15.820-0300] {logging_mixin.py:188} INFO - [2025-10-27T21:31:15.820-0300] {dag.py:3954} INFO - Setting next_dagrun for example_trigger_controller_dag to 2021-01-01 00:00:00+00:00, run_after=2021-01-01 00:00:00+00:00
[2025-10-27T21:31:15.835-0300] {processor.py:183} INFO - Processing /home/joaosousa/projects/spotify-project/venv/lib/python3.12/site-packages/airflow/example_dags/example_trigger_controller_dag.py took 0.047 seconds
[2025-10-27T21:32:13.493-0300] {processor.py:161} INFO - Started process (PID=1318) to work on /home/joaosousa/projects/spotify-project/venv/lib/python3.12/site-packages/airflow/example_dags/example_trigger_controller_dag.py
[2025-10-27T21:32:13.494-0300] {processor.py:830} INFO - Processing file /home/joaosousa/projects/spotify-project/venv/lib/python3.12/site-packages/airflow/example_dags/example_trigger_controller_dag.py for tasks to queue
[2025-10-27T21:32:13.496-0300] {logging_mixin.py:188} INFO - [2025-10-27T21:32:13.495-0300] {dagbag.py:545} INFO - Filling up the DagBag from /home/joaosousa/projects/spotify-project/venv/lib/python3.12/site-packages/airflow/example_dags/example_trigger_controller_dag.py
[2025-10-27T21:32:13.500-0300] {processor.py:840} INFO - DAG(s) 'example_trigger_controller_dag' retrieved from /home/joaosousa/projects/spotify-project/venv/lib/python3.12/site-packages/airflow/example_dags/example_trigger_controller_dag.py
[2025-10-27T21:32:13.511-0300] {logging_mixin.py:188} INFO - [2025-10-27T21:32:13.510-0300] {dag.py:3096} INFO - Sync 1 DAGs
[2025-10-27T21:32:13.527-0300] {logging_mixin.py:188} INFO - [2025-10-27T21:32:13.527-0300] {dag.py:3954} INFO - Setting next_dagrun for example_trigger_controller_dag to 2021-01-01 00:00:00+00:00, run_after=2021-01-01 00:00:00+00:00
[2025-10-27T21:32:13.541-0300] {processor.py:183} INFO - Processing /home/joaosousa/projects/spotify-project/venv/lib/python3.12/site-packages/airflow/example_dags/example_trigger_controller_dag.py took 0.053 seconds
[2025-10-27T21:33:06.539-0300] {processor.py:161} INFO - Started process (PID=1396) to work on /home/joaosousa/projects/spotify-project/venv/lib/python3.12/site-packages/airflow/example_dags/example_trigger_controller_dag.py
[2025-10-27T21:33:06.541-0300] {processor.py:830} INFO - Processing file /home/joaosousa/projects/spotify-project/venv/lib/python3.12/site-packages/airflow/example_dags/example_trigger_controller_dag.py for tasks to queue
[2025-10-27T21:33:06.542-0300] {logging_mixin.py:188} INFO - [2025-10-27T21:33:06.542-0300] {dagbag.py:545} INFO - Filling up the DagBag from /home/joaosousa/projects/spotify-project/venv/lib/python3.12/site-packages/airflow/example_dags/example_trigger_controller_dag.py
[2025-10-27T21:33:06.545-0300] {processor.py:840} INFO - DAG(s) 'example_trigger_controller_dag' retrieved from /home/joaosousa/projects/spotify-project/venv/lib/python3.12/site-packages/airflow/example_dags/example_trigger_controller_dag.py
[2025-10-27T21:33:06.556-0300] {logging_mixin.py:188} INFO - [2025-10-27T21:33:06.556-0300] {dag.py:3096} INFO - Sync 1 DAGs
[2025-10-27T21:33:06.567-0300] {logging_mixin.py:188} INFO - [2025-10-27T21:33:06.567-0300] {dag.py:3954} INFO - Setting next_dagrun for example_trigger_controller_dag to 2021-01-01 00:00:00+00:00, run_after=2021-01-01 00:00:00+00:00
[2025-10-27T21:33:06.582-0300] {processor.py:183} INFO - Processing /home/joaosousa/projects/spotify-project/venv/lib/python3.12/site-packages/airflow/example_dags/example_trigger_controller_dag.py took 0.047 seconds
[2025-10-27T21:34:07.640-0300] {processor.py:161} INFO - Started process (PID=1484) to work on /home/joaosousa/projects/spotify-project/venv/lib/python3.12/site-packages/airflow/example_dags/example_trigger_controller_dag.py
[2025-10-27T21:34:07.642-0300] {processor.py:830} INFO - Processing file /home/joaosousa/projects/spotify-project/venv/lib/python3.12/site-packages/airflow/example_dags/example_trigger_controller_dag.py for tasks to queue
[2025-10-27T21:34:07.644-0300] {logging_mixin.py:188} INFO - [2025-10-27T21:34:07.643-0300] {dagbag.py:545} INFO - Filling up the DagBag from /home/joaosousa/projects/spotify-project/venv/lib/python3.12/site-packages/airflow/example_dags/example_trigger_controller_dag.py
[2025-10-27T21:34:07.647-0300] {processor.py:840} INFO - DAG(s) 'example_trigger_controller_dag' retrieved from /home/joaosousa/projects/spotify-project/venv/lib/python3.12/site-packages/airflow/example_dags/example_trigger_controller_dag.py
[2025-10-27T21:34:07.658-0300] {logging_mixin.py:188} INFO - [2025-10-27T21:34:07.658-0300] {dag.py:3096} INFO - Sync 1 DAGs
[2025-10-27T21:34:07.670-0300] {logging_mixin.py:188} INFO - [2025-10-27T21:34:07.670-0300] {dag.py:3954} INFO - Setting next_dagrun for example_trigger_controller_dag to 2021-01-01 00:00:00+00:00, run_after=2021-01-01 00:00:00+00:00
[2025-10-27T21:34:07.685-0300] {processor.py:183} INFO - Processing /home/joaosousa/projects/spotify-project/venv/lib/python3.12/site-packages/airflow/example_dags/example_trigger_controller_dag.py took 0.048 seconds
[2025-10-27T21:35:07.025-0300] {processor.py:161} INFO - Started process (PID=1594) to work on /home/joaosousa/projects/spotify-project/venv/lib/python3.12/site-packages/airflow/example_dags/example_trigger_controller_dag.py
[2025-10-27T21:35:07.027-0300] {processor.py:830} INFO - Processing file /home/joaosousa/projects/spotify-project/venv/lib/python3.12/site-packages/airflow/example_dags/example_trigger_controller_dag.py for tasks to queue
[2025-10-27T21:35:07.028-0300] {logging_mixin.py:188} INFO - [2025-10-27T21:35:07.027-0300] {dagbag.py:545} INFO - Filling up the DagBag from /home/joaosousa/projects/spotify-project/venv/lib/python3.12/site-packages/airflow/example_dags/example_trigger_controller_dag.py
[2025-10-27T21:35:07.031-0300] {processor.py:840} INFO - DAG(s) 'example_trigger_controller_dag' retrieved from /home/joaosousa/projects/spotify-project/venv/lib/python3.12/site-packages/airflow/example_dags/example_trigger_controller_dag.py
[2025-10-27T21:35:07.042-0300] {logging_mixin.py:188} INFO - [2025-10-27T21:35:07.041-0300] {dag.py:3096} INFO - Sync 1 DAGs
[2025-10-27T21:35:07.053-0300] {logging_mixin.py:188} INFO - [2025-10-27T21:35:07.053-0300] {dag.py:3954} INFO - Setting next_dagrun for example_trigger_controller_dag to 2021-01-01 00:00:00+00:00, run_after=2021-01-01 00:00:00+00:00
[2025-10-27T21:35:07.067-0300] {processor.py:183} INFO - Processing /home/joaosousa/projects/spotify-project/venv/lib/python3.12/site-packages/airflow/example_dags/example_trigger_controller_dag.py took 0.045 seconds
[2025-10-27T21:36:13.302-0300] {processor.py:161} INFO - Started process (PID=1686) to work on /home/joaosousa/projects/spotify-project/venv/lib/python3.12/site-packages/airflow/example_dags/example_trigger_controller_dag.py
[2025-10-27T21:36:13.304-0300] {processor.py:830} INFO - Processing file /home/joaosousa/projects/spotify-project/venv/lib/python3.12/site-packages/airflow/example_dags/example_trigger_controller_dag.py for tasks to queue
[2025-10-27T21:36:13.306-0300] {logging_mixin.py:188} INFO - [2025-10-27T21:36:13.306-0300] {dagbag.py:545} INFO - Filling up the DagBag from /home/joaosousa/projects/spotify-project/venv/lib/python3.12/site-packages/airflow/example_dags/example_trigger_controller_dag.py
[2025-10-27T21:36:13.309-0300] {processor.py:840} INFO - DAG(s) 'example_trigger_controller_dag' retrieved from /home/joaosousa/projects/spotify-project/venv/lib/python3.12/site-packages/airflow/example_dags/example_trigger_controller_dag.py
[2025-10-27T21:36:13.320-0300] {logging_mixin.py:188} INFO - [2025-10-27T21:36:13.320-0300] {dag.py:3096} INFO - Sync 1 DAGs
[2025-10-27T21:36:13.331-0300] {logging_mixin.py:188} INFO - [2025-10-27T21:36:13.331-0300] {dag.py:3954} INFO - Setting next_dagrun for example_trigger_controller_dag to 2021-01-01 00:00:00+00:00, run_after=2021-01-01 00:00:00+00:00
[2025-10-27T21:36:13.437-0300] {processor.py:183} INFO - Processing /home/joaosousa/projects/spotify-project/venv/lib/python3.12/site-packages/airflow/example_dags/example_trigger_controller_dag.py took 0.139 seconds
[2025-10-27T21:37:06.051-0300] {processor.py:161} INFO - Started process (PID=1762) to work on /home/joaosousa/projects/spotify-project/venv/lib/python3.12/site-packages/airflow/example_dags/example_trigger_controller_dag.py
[2025-10-27T21:37:06.053-0300] {processor.py:830} INFO - Processing file /home/joaosousa/projects/spotify-project/venv/lib/python3.12/site-packages/airflow/example_dags/example_trigger_controller_dag.py for tasks to queue
[2025-10-27T21:37:06.054-0300] {logging_mixin.py:188} INFO - [2025-10-27T21:37:06.054-0300] {dagbag.py:545} INFO - Filling up the DagBag from /home/joaosousa/projects/spotify-project/venv/lib/python3.12/site-packages/airflow/example_dags/example_trigger_controller_dag.py
[2025-10-27T21:37:06.058-0300] {processor.py:840} INFO - DAG(s) 'example_trigger_controller_dag' retrieved from /home/joaosousa/projects/spotify-project/venv/lib/python3.12/site-packages/airflow/example_dags/example_trigger_controller_dag.py
[2025-10-27T21:37:06.069-0300] {logging_mixin.py:188} INFO - [2025-10-27T21:37:06.068-0300] {dag.py:3096} INFO - Sync 1 DAGs
[2025-10-27T21:37:06.081-0300] {logging_mixin.py:188} INFO - [2025-10-27T21:37:06.080-0300] {dag.py:3954} INFO - Setting next_dagrun for example_trigger_controller_dag to 2021-01-01 00:00:00+00:00, run_after=2021-01-01 00:00:00+00:00
[2025-10-27T21:37:06.096-0300] {processor.py:183} INFO - Processing /home/joaosousa/projects/spotify-project/venv/lib/python3.12/site-packages/airflow/example_dags/example_trigger_controller_dag.py took 0.049 seconds
[2025-10-27T21:38:11.847-0300] {processor.py:161} INFO - Started process (PID=1878) to work on /home/joaosousa/projects/spotify-project/venv/lib/python3.12/site-packages/airflow/example_dags/example_trigger_controller_dag.py
[2025-10-27T21:38:11.849-0300] {processor.py:830} INFO - Processing file /home/joaosousa/projects/spotify-project/venv/lib/python3.12/site-packages/airflow/example_dags/example_trigger_controller_dag.py for tasks to queue
[2025-10-27T21:38:11.850-0300] {logging_mixin.py:188} INFO - [2025-10-27T21:38:11.850-0300] {dagbag.py:545} INFO - Filling up the DagBag from /home/joaosousa/projects/spotify-project/venv/lib/python3.12/site-packages/airflow/example_dags/example_trigger_controller_dag.py
[2025-10-27T21:38:11.854-0300] {processor.py:840} INFO - DAG(s) 'example_trigger_controller_dag' retrieved from /home/joaosousa/projects/spotify-project/venv/lib/python3.12/site-packages/airflow/example_dags/example_trigger_controller_dag.py
[2025-10-27T21:38:11.866-0300] {logging_mixin.py:188} INFO - [2025-10-27T21:38:11.865-0300] {dag.py:3096} INFO - Sync 1 DAGs
[2025-10-27T21:38:11.878-0300] {logging_mixin.py:188} INFO - [2025-10-27T21:38:11.877-0300] {dag.py:3954} INFO - Setting next_dagrun for example_trigger_controller_dag to 2021-01-01 00:00:00+00:00, run_after=2021-01-01 00:00:00+00:00
[2025-10-27T21:38:11.893-0300] {processor.py:183} INFO - Processing /home/joaosousa/projects/spotify-project/venv/lib/python3.12/site-packages/airflow/example_dags/example_trigger_controller_dag.py took 0.050 seconds
[2025-10-27T21:39:06.055-0300] {processor.py:161} INFO - Started process (PID=1970) to work on /home/joaosousa/projects/spotify-project/venv/lib/python3.12/site-packages/airflow/example_dags/example_trigger_controller_dag.py
[2025-10-27T21:39:06.057-0300] {processor.py:830} INFO - Processing file /home/joaosousa/projects/spotify-project/venv/lib/python3.12/site-packages/airflow/example_dags/example_trigger_controller_dag.py for tasks to queue
[2025-10-27T21:39:06.058-0300] {logging_mixin.py:188} INFO - [2025-10-27T21:39:06.058-0300] {dagbag.py:545} INFO - Filling up the DagBag from /home/joaosousa/projects/spotify-project/venv/lib/python3.12/site-packages/airflow/example_dags/example_trigger_controller_dag.py
[2025-10-27T21:39:06.062-0300] {processor.py:840} INFO - DAG(s) 'example_trigger_controller_dag' retrieved from /home/joaosousa/projects/spotify-project/venv/lib/python3.12/site-packages/airflow/example_dags/example_trigger_controller_dag.py
[2025-10-27T21:39:06.073-0300] {logging_mixin.py:188} INFO - [2025-10-27T21:39:06.073-0300] {dag.py:3096} INFO - Sync 1 DAGs
[2025-10-27T21:39:06.085-0300] {logging_mixin.py:188} INFO - [2025-10-27T21:39:06.085-0300] {dag.py:3954} INFO - Setting next_dagrun for example_trigger_controller_dag to 2021-01-01 00:00:00+00:00, run_after=2021-01-01 00:00:00+00:00
[2025-10-27T21:39:06.102-0300] {processor.py:183} INFO - Processing /home/joaosousa/projects/spotify-project/venv/lib/python3.12/site-packages/airflow/example_dags/example_trigger_controller_dag.py took 0.051 seconds
[2025-10-27T21:40:08.117-0300] {processor.py:161} INFO - Started process (PID=2073) to work on /home/joaosousa/projects/spotify-project/venv/lib/python3.12/site-packages/airflow/example_dags/example_trigger_controller_dag.py
[2025-10-27T21:40:08.126-0300] {processor.py:830} INFO - Processing file /home/joaosousa/projects/spotify-project/venv/lib/python3.12/site-packages/airflow/example_dags/example_trigger_controller_dag.py for tasks to queue
[2025-10-27T21:40:08.127-0300] {logging_mixin.py:188} INFO - [2025-10-27T21:40:08.127-0300] {dagbag.py:545} INFO - Filling up the DagBag from /home/joaosousa/projects/spotify-project/venv/lib/python3.12/site-packages/airflow/example_dags/example_trigger_controller_dag.py
[2025-10-27T21:40:08.131-0300] {processor.py:840} INFO - DAG(s) 'example_trigger_controller_dag' retrieved from /home/joaosousa/projects/spotify-project/venv/lib/python3.12/site-packages/airflow/example_dags/example_trigger_controller_dag.py
[2025-10-27T21:40:08.141-0300] {logging_mixin.py:188} INFO - [2025-10-27T21:40:08.141-0300] {dag.py:3096} INFO - Sync 1 DAGs
[2025-10-27T21:40:08.153-0300] {logging_mixin.py:188} INFO - [2025-10-27T21:40:08.153-0300] {dag.py:3954} INFO - Setting next_dagrun for example_trigger_controller_dag to 2021-01-01 00:00:00+00:00, run_after=2021-01-01 00:00:00+00:00
[2025-10-27T21:40:08.167-0300] {processor.py:183} INFO - Processing /home/joaosousa/projects/spotify-project/venv/lib/python3.12/site-packages/airflow/example_dags/example_trigger_controller_dag.py took 0.054 seconds
[2025-10-27T21:41:07.449-0300] {processor.py:161} INFO - Started process (PID=2177) to work on /home/joaosousa/projects/spotify-project/venv/lib/python3.12/site-packages/airflow/example_dags/example_trigger_controller_dag.py
[2025-10-27T21:41:07.451-0300] {processor.py:830} INFO - Processing file /home/joaosousa/projects/spotify-project/venv/lib/python3.12/site-packages/airflow/example_dags/example_trigger_controller_dag.py for tasks to queue
[2025-10-27T21:41:07.452-0300] {logging_mixin.py:188} INFO - [2025-10-27T21:41:07.452-0300] {dagbag.py:545} INFO - Filling up the DagBag from /home/joaosousa/projects/spotify-project/venv/lib/python3.12/site-packages/airflow/example_dags/example_trigger_controller_dag.py
[2025-10-27T21:41:07.456-0300] {processor.py:840} INFO - DAG(s) 'example_trigger_controller_dag' retrieved from /home/joaosousa/projects/spotify-project/venv/lib/python3.12/site-packages/airflow/example_dags/example_trigger_controller_dag.py
[2025-10-27T21:41:07.467-0300] {logging_mixin.py:188} INFO - [2025-10-27T21:41:07.467-0300] {dag.py:3096} INFO - Sync 1 DAGs
[2025-10-27T21:41:07.481-0300] {logging_mixin.py:188} INFO - [2025-10-27T21:41:07.480-0300] {dag.py:3954} INFO - Setting next_dagrun for example_trigger_controller_dag to 2021-01-01 00:00:00+00:00, run_after=2021-01-01 00:00:00+00:00
[2025-10-27T21:41:07.500-0300] {processor.py:183} INFO - Processing /home/joaosousa/projects/spotify-project/venv/lib/python3.12/site-packages/airflow/example_dags/example_trigger_controller_dag.py took 0.056 seconds
[2025-10-27T21:42:08.067-0300] {processor.py:161} INFO - Started process (PID=2318) to work on /home/joaosousa/projects/spotify-project/venv/lib/python3.12/site-packages/airflow/example_dags/example_trigger_controller_dag.py
[2025-10-27T21:42:08.069-0300] {processor.py:830} INFO - Processing file /home/joaosousa/projects/spotify-project/venv/lib/python3.12/site-packages/airflow/example_dags/example_trigger_controller_dag.py for tasks to queue
[2025-10-27T21:42:08.071-0300] {logging_mixin.py:188} INFO - [2025-10-27T21:42:08.071-0300] {dagbag.py:545} INFO - Filling up the DagBag from /home/joaosousa/projects/spotify-project/venv/lib/python3.12/site-packages/airflow/example_dags/example_trigger_controller_dag.py
[2025-10-27T21:42:08.075-0300] {processor.py:840} INFO - DAG(s) 'example_trigger_controller_dag' retrieved from /home/joaosousa/projects/spotify-project/venv/lib/python3.12/site-packages/airflow/example_dags/example_trigger_controller_dag.py
[2025-10-27T21:42:08.086-0300] {logging_mixin.py:188} INFO - [2025-10-27T21:42:08.086-0300] {dag.py:3096} INFO - Sync 1 DAGs
[2025-10-27T21:42:08.099-0300] {logging_mixin.py:188} INFO - [2025-10-27T21:42:08.098-0300] {dag.py:3954} INFO - Setting next_dagrun for example_trigger_controller_dag to 2021-01-01 00:00:00+00:00, run_after=2021-01-01 00:00:00+00:00
[2025-10-27T21:42:08.113-0300] {processor.py:183} INFO - Processing /home/joaosousa/projects/spotify-project/venv/lib/python3.12/site-packages/airflow/example_dags/example_trigger_controller_dag.py took 0.050 seconds
[2025-10-27T21:43:06.437-0300] {processor.py:161} INFO - Started process (PID=2497) to work on /home/joaosousa/projects/spotify-project/venv/lib/python3.12/site-packages/airflow/example_dags/example_trigger_controller_dag.py
[2025-10-27T21:43:06.439-0300] {processor.py:830} INFO - Processing file /home/joaosousa/projects/spotify-project/venv/lib/python3.12/site-packages/airflow/example_dags/example_trigger_controller_dag.py for tasks to queue
[2025-10-27T21:43:06.440-0300] {logging_mixin.py:188} INFO - [2025-10-27T21:43:06.440-0300] {dagbag.py:545} INFO - Filling up the DagBag from /home/joaosousa/projects/spotify-project/venv/lib/python3.12/site-packages/airflow/example_dags/example_trigger_controller_dag.py
[2025-10-27T21:43:06.444-0300] {processor.py:840} INFO - DAG(s) 'example_trigger_controller_dag' retrieved from /home/joaosousa/projects/spotify-project/venv/lib/python3.12/site-packages/airflow/example_dags/example_trigger_controller_dag.py
[2025-10-27T21:43:06.455-0300] {logging_mixin.py:188} INFO - [2025-10-27T21:43:06.455-0300] {dag.py:3096} INFO - Sync 1 DAGs
[2025-10-27T21:43:06.467-0300] {logging_mixin.py:188} INFO - [2025-10-27T21:43:06.467-0300] {dag.py:3954} INFO - Setting next_dagrun for example_trigger_controller_dag to 2021-01-01 00:00:00+00:00, run_after=2021-01-01 00:00:00+00:00
[2025-10-27T21:43:06.482-0300] {processor.py:183} INFO - Processing /home/joaosousa/projects/spotify-project/venv/lib/python3.12/site-packages/airflow/example_dags/example_trigger_controller_dag.py took 0.050 seconds
[2025-10-27T21:44:05.576-0300] {processor.py:161} INFO - Started process (PID=2602) to work on /home/joaosousa/projects/spotify-project/venv/lib/python3.12/site-packages/airflow/example_dags/example_trigger_controller_dag.py
[2025-10-27T21:44:05.578-0300] {processor.py:830} INFO - Processing file /home/joaosousa/projects/spotify-project/venv/lib/python3.12/site-packages/airflow/example_dags/example_trigger_controller_dag.py for tasks to queue
[2025-10-27T21:44:05.579-0300] {logging_mixin.py:188} INFO - [2025-10-27T21:44:05.579-0300] {dagbag.py:545} INFO - Filling up the DagBag from /home/joaosousa/projects/spotify-project/venv/lib/python3.12/site-packages/airflow/example_dags/example_trigger_controller_dag.py
[2025-10-27T21:44:05.583-0300] {processor.py:840} INFO - DAG(s) 'example_trigger_controller_dag' retrieved from /home/joaosousa/projects/spotify-project/venv/lib/python3.12/site-packages/airflow/example_dags/example_trigger_controller_dag.py
[2025-10-27T21:44:05.594-0300] {logging_mixin.py:188} INFO - [2025-10-27T21:44:05.593-0300] {dag.py:3096} INFO - Sync 1 DAGs
[2025-10-27T21:44:05.605-0300] {logging_mixin.py:188} INFO - [2025-10-27T21:44:05.605-0300] {dag.py:3954} INFO - Setting next_dagrun for example_trigger_controller_dag to 2021-01-01 00:00:00+00:00, run_after=2021-01-01 00:00:00+00:00
[2025-10-27T21:44:05.619-0300] {processor.py:183} INFO - Processing /home/joaosousa/projects/spotify-project/venv/lib/python3.12/site-packages/airflow/example_dags/example_trigger_controller_dag.py took 0.047 seconds
[2025-10-27T21:45:05.886-0300] {processor.py:161} INFO - Started process (PID=2756) to work on /home/joaosousa/projects/spotify-project/venv/lib/python3.12/site-packages/airflow/example_dags/example_trigger_controller_dag.py
[2025-10-27T21:45:05.887-0300] {processor.py:830} INFO - Processing file /home/joaosousa/projects/spotify-project/venv/lib/python3.12/site-packages/airflow/example_dags/example_trigger_controller_dag.py for tasks to queue
[2025-10-27T21:45:05.888-0300] {logging_mixin.py:188} INFO - [2025-10-27T21:45:05.888-0300] {dagbag.py:545} INFO - Filling up the DagBag from /home/joaosousa/projects/spotify-project/venv/lib/python3.12/site-packages/airflow/example_dags/example_trigger_controller_dag.py
[2025-10-27T21:45:05.893-0300] {processor.py:840} INFO - DAG(s) 'example_trigger_controller_dag' retrieved from /home/joaosousa/projects/spotify-project/venv/lib/python3.12/site-packages/airflow/example_dags/example_trigger_controller_dag.py
[2025-10-27T21:45:05.907-0300] {logging_mixin.py:188} INFO - [2025-10-27T21:45:05.907-0300] {dag.py:3096} INFO - Sync 1 DAGs
[2025-10-27T21:45:05.923-0300] {logging_mixin.py:188} INFO - [2025-10-27T21:45:05.923-0300] {dag.py:3954} INFO - Setting next_dagrun for example_trigger_controller_dag to 2021-01-01 00:00:00+00:00, run_after=2021-01-01 00:00:00+00:00
[2025-10-27T21:45:05.945-0300] {processor.py:183} INFO - Processing /home/joaosousa/projects/spotify-project/venv/lib/python3.12/site-packages/airflow/example_dags/example_trigger_controller_dag.py took 0.065 seconds
[2025-10-27T21:46:05.494-0300] {processor.py:161} INFO - Started process (PID=3010) to work on /home/joaosousa/projects/spotify-project/venv/lib/python3.12/site-packages/airflow/example_dags/example_trigger_controller_dag.py
[2025-10-27T21:46:05.495-0300] {processor.py:830} INFO - Processing file /home/joaosousa/projects/spotify-project/venv/lib/python3.12/site-packages/airflow/example_dags/example_trigger_controller_dag.py for tasks to queue
[2025-10-27T21:46:05.497-0300] {logging_mixin.py:188} INFO - [2025-10-27T21:46:05.496-0300] {dagbag.py:545} INFO - Filling up the DagBag from /home/joaosousa/projects/spotify-project/venv/lib/python3.12/site-packages/airflow/example_dags/example_trigger_controller_dag.py
[2025-10-27T21:46:05.501-0300] {processor.py:840} INFO - DAG(s) 'example_trigger_controller_dag' retrieved from /home/joaosousa/projects/spotify-project/venv/lib/python3.12/site-packages/airflow/example_dags/example_trigger_controller_dag.py
[2025-10-27T21:46:05.511-0300] {logging_mixin.py:188} INFO - [2025-10-27T21:46:05.511-0300] {dag.py:3096} INFO - Sync 1 DAGs
[2025-10-27T21:46:05.523-0300] {logging_mixin.py:188} INFO - [2025-10-27T21:46:05.523-0300] {dag.py:3954} INFO - Setting next_dagrun for example_trigger_controller_dag to 2021-01-01 00:00:00+00:00, run_after=2021-01-01 00:00:00+00:00
[2025-10-27T21:46:05.559-0300] {processor.py:183} INFO - Processing /home/joaosousa/projects/spotify-project/venv/lib/python3.12/site-packages/airflow/example_dags/example_trigger_controller_dag.py took 0.069 seconds
[2025-10-27T21:47:12.636-0300] {processor.py:161} INFO - Started process (PID=3151) to work on /home/joaosousa/projects/spotify-project/venv/lib/python3.12/site-packages/airflow/example_dags/example_trigger_controller_dag.py
[2025-10-27T21:47:12.637-0300] {processor.py:830} INFO - Processing file /home/joaosousa/projects/spotify-project/venv/lib/python3.12/site-packages/airflow/example_dags/example_trigger_controller_dag.py for tasks to queue
[2025-10-27T21:47:12.639-0300] {logging_mixin.py:188} INFO - [2025-10-27T21:47:12.638-0300] {dagbag.py:545} INFO - Filling up the DagBag from /home/joaosousa/projects/spotify-project/venv/lib/python3.12/site-packages/airflow/example_dags/example_trigger_controller_dag.py
[2025-10-27T21:47:12.643-0300] {processor.py:840} INFO - DAG(s) 'example_trigger_controller_dag' retrieved from /home/joaosousa/projects/spotify-project/venv/lib/python3.12/site-packages/airflow/example_dags/example_trigger_controller_dag.py
[2025-10-27T21:47:12.653-0300] {logging_mixin.py:188} INFO - [2025-10-27T21:47:12.653-0300] {dag.py:3096} INFO - Sync 1 DAGs
[2025-10-27T21:47:12.665-0300] {logging_mixin.py:188} INFO - [2025-10-27T21:47:12.665-0300] {dag.py:3954} INFO - Setting next_dagrun for example_trigger_controller_dag to 2021-01-01 00:00:00+00:00, run_after=2021-01-01 00:00:00+00:00
[2025-10-27T21:47:12.681-0300] {processor.py:183} INFO - Processing /home/joaosousa/projects/spotify-project/venv/lib/python3.12/site-packages/airflow/example_dags/example_trigger_controller_dag.py took 0.050 seconds
[2025-10-27T21:48:17.444-0300] {processor.py:161} INFO - Started process (PID=3483) to work on /home/joaosousa/projects/spotify-project/venv/lib/python3.12/site-packages/airflow/example_dags/example_trigger_controller_dag.py
[2025-10-27T21:48:17.445-0300] {processor.py:830} INFO - Processing file /home/joaosousa/projects/spotify-project/venv/lib/python3.12/site-packages/airflow/example_dags/example_trigger_controller_dag.py for tasks to queue
[2025-10-27T21:48:17.447-0300] {logging_mixin.py:188} INFO - [2025-10-27T21:48:17.446-0300] {dagbag.py:545} INFO - Filling up the DagBag from /home/joaosousa/projects/spotify-project/venv/lib/python3.12/site-packages/airflow/example_dags/example_trigger_controller_dag.py
[2025-10-27T21:48:17.451-0300] {processor.py:840} INFO - DAG(s) 'example_trigger_controller_dag' retrieved from /home/joaosousa/projects/spotify-project/venv/lib/python3.12/site-packages/airflow/example_dags/example_trigger_controller_dag.py
[2025-10-27T21:48:17.467-0300] {logging_mixin.py:188} INFO - [2025-10-27T21:48:17.467-0300] {dag.py:3096} INFO - Sync 1 DAGs
[2025-10-27T21:48:17.485-0300] {logging_mixin.py:188} INFO - [2025-10-27T21:48:17.485-0300] {dag.py:3954} INFO - Setting next_dagrun for example_trigger_controller_dag to 2021-01-01 00:00:00+00:00, run_after=2021-01-01 00:00:00+00:00
[2025-10-27T21:48:17.505-0300] {processor.py:183} INFO - Processing /home/joaosousa/projects/spotify-project/venv/lib/python3.12/site-packages/airflow/example_dags/example_trigger_controller_dag.py took 0.067 seconds
[2025-10-27T21:49:17.356-0300] {processor.py:161} INFO - Started process (PID=3582) to work on /home/joaosousa/projects/spotify-project/venv/lib/python3.12/site-packages/airflow/example_dags/example_trigger_controller_dag.py
[2025-10-27T21:49:17.358-0300] {processor.py:830} INFO - Processing file /home/joaosousa/projects/spotify-project/venv/lib/python3.12/site-packages/airflow/example_dags/example_trigger_controller_dag.py for tasks to queue
[2025-10-27T21:49:17.360-0300] {logging_mixin.py:188} INFO - [2025-10-27T21:49:17.359-0300] {dagbag.py:545} INFO - Filling up the DagBag from /home/joaosousa/projects/spotify-project/venv/lib/python3.12/site-packages/airflow/example_dags/example_trigger_controller_dag.py
[2025-10-27T21:49:17.364-0300] {processor.py:840} INFO - DAG(s) 'example_trigger_controller_dag' retrieved from /home/joaosousa/projects/spotify-project/venv/lib/python3.12/site-packages/airflow/example_dags/example_trigger_controller_dag.py
[2025-10-27T21:49:17.377-0300] {logging_mixin.py:188} INFO - [2025-10-27T21:49:17.377-0300] {dag.py:3096} INFO - Sync 1 DAGs
[2025-10-27T21:49:17.390-0300] {logging_mixin.py:188} INFO - [2025-10-27T21:49:17.390-0300] {dag.py:3954} INFO - Setting next_dagrun for example_trigger_controller_dag to 2021-01-01 00:00:00+00:00, run_after=2021-01-01 00:00:00+00:00
[2025-10-27T21:49:17.404-0300] {processor.py:183} INFO - Processing /home/joaosousa/projects/spotify-project/venv/lib/python3.12/site-packages/airflow/example_dags/example_trigger_controller_dag.py took 0.052 seconds
[2025-10-27T21:50:17.096-0300] {processor.py:161} INFO - Started process (PID=3682) to work on /home/joaosousa/projects/spotify-project/venv/lib/python3.12/site-packages/airflow/example_dags/example_trigger_controller_dag.py
[2025-10-27T21:50:17.098-0300] {processor.py:830} INFO - Processing file /home/joaosousa/projects/spotify-project/venv/lib/python3.12/site-packages/airflow/example_dags/example_trigger_controller_dag.py for tasks to queue
[2025-10-27T21:50:17.099-0300] {logging_mixin.py:188} INFO - [2025-10-27T21:50:17.099-0300] {dagbag.py:545} INFO - Filling up the DagBag from /home/joaosousa/projects/spotify-project/venv/lib/python3.12/site-packages/airflow/example_dags/example_trigger_controller_dag.py
[2025-10-27T21:50:17.103-0300] {processor.py:840} INFO - DAG(s) 'example_trigger_controller_dag' retrieved from /home/joaosousa/projects/spotify-project/venv/lib/python3.12/site-packages/airflow/example_dags/example_trigger_controller_dag.py
[2025-10-27T21:50:17.114-0300] {logging_mixin.py:188} INFO - [2025-10-27T21:50:17.114-0300] {dag.py:3096} INFO - Sync 1 DAGs
[2025-10-27T21:50:17.126-0300] {logging_mixin.py:188} INFO - [2025-10-27T21:50:17.126-0300] {dag.py:3954} INFO - Setting next_dagrun for example_trigger_controller_dag to 2021-01-01 00:00:00+00:00, run_after=2021-01-01 00:00:00+00:00
[2025-10-27T21:50:17.142-0300] {processor.py:183} INFO - Processing /home/joaosousa/projects/spotify-project/venv/lib/python3.12/site-packages/airflow/example_dags/example_trigger_controller_dag.py took 0.050 seconds
[2025-10-27T21:51:22.950-0300] {processor.py:161} INFO - Started process (PID=3795) to work on /home/joaosousa/projects/spotify-project/venv/lib/python3.12/site-packages/airflow/example_dags/example_trigger_controller_dag.py
[2025-10-27T21:51:22.952-0300] {processor.py:830} INFO - Processing file /home/joaosousa/projects/spotify-project/venv/lib/python3.12/site-packages/airflow/example_dags/example_trigger_controller_dag.py for tasks to queue
[2025-10-27T21:51:22.954-0300] {logging_mixin.py:188} INFO - [2025-10-27T21:51:22.953-0300] {dagbag.py:545} INFO - Filling up the DagBag from /home/joaosousa/projects/spotify-project/venv/lib/python3.12/site-packages/airflow/example_dags/example_trigger_controller_dag.py
[2025-10-27T21:51:22.958-0300] {processor.py:840} INFO - DAG(s) 'example_trigger_controller_dag' retrieved from /home/joaosousa/projects/spotify-project/venv/lib/python3.12/site-packages/airflow/example_dags/example_trigger_controller_dag.py
[2025-10-27T21:51:22.969-0300] {logging_mixin.py:188} INFO - [2025-10-27T21:51:22.969-0300] {dag.py:3096} INFO - Sync 1 DAGs
[2025-10-27T21:51:22.982-0300] {logging_mixin.py:188} INFO - [2025-10-27T21:51:22.981-0300] {dag.py:3954} INFO - Setting next_dagrun for example_trigger_controller_dag to 2021-01-01 00:00:00+00:00, run_after=2021-01-01 00:00:00+00:00
[2025-10-27T21:51:22.998-0300] {processor.py:183} INFO - Processing /home/joaosousa/projects/spotify-project/venv/lib/python3.12/site-packages/airflow/example_dags/example_trigger_controller_dag.py took 0.054 seconds
[2025-10-27T21:52:27.221-0300] {processor.py:161} INFO - Started process (PID=3935) to work on /home/joaosousa/projects/spotify-project/venv/lib/python3.12/site-packages/airflow/example_dags/example_trigger_controller_dag.py
[2025-10-27T21:52:27.223-0300] {processor.py:830} INFO - Processing file /home/joaosousa/projects/spotify-project/venv/lib/python3.12/site-packages/airflow/example_dags/example_trigger_controller_dag.py for tasks to queue
[2025-10-27T21:52:27.224-0300] {logging_mixin.py:188} INFO - [2025-10-27T21:52:27.224-0300] {dagbag.py:545} INFO - Filling up the DagBag from /home/joaosousa/projects/spotify-project/venv/lib/python3.12/site-packages/airflow/example_dags/example_trigger_controller_dag.py
[2025-10-27T21:52:27.228-0300] {processor.py:840} INFO - DAG(s) 'example_trigger_controller_dag' retrieved from /home/joaosousa/projects/spotify-project/venv/lib/python3.12/site-packages/airflow/example_dags/example_trigger_controller_dag.py
[2025-10-27T21:52:27.239-0300] {logging_mixin.py:188} INFO - [2025-10-27T21:52:27.239-0300] {dag.py:3096} INFO - Sync 1 DAGs
[2025-10-27T21:52:27.250-0300] {logging_mixin.py:188} INFO - [2025-10-27T21:52:27.250-0300] {dag.py:3954} INFO - Setting next_dagrun for example_trigger_controller_dag to 2021-01-01 00:00:00+00:00, run_after=2021-01-01 00:00:00+00:00
[2025-10-27T21:52:27.265-0300] {processor.py:183} INFO - Processing /home/joaosousa/projects/spotify-project/venv/lib/python3.12/site-packages/airflow/example_dags/example_trigger_controller_dag.py took 0.049 seconds
[2025-10-27T21:53:26.358-0300] {processor.py:161} INFO - Started process (PID=4056) to work on /home/joaosousa/projects/spotify-project/venv/lib/python3.12/site-packages/airflow/example_dags/example_trigger_controller_dag.py
[2025-10-27T21:53:26.360-0300] {processor.py:830} INFO - Processing file /home/joaosousa/projects/spotify-project/venv/lib/python3.12/site-packages/airflow/example_dags/example_trigger_controller_dag.py for tasks to queue
[2025-10-27T21:53:26.361-0300] {logging_mixin.py:188} INFO - [2025-10-27T21:53:26.361-0300] {dagbag.py:545} INFO - Filling up the DagBag from /home/joaosousa/projects/spotify-project/venv/lib/python3.12/site-packages/airflow/example_dags/example_trigger_controller_dag.py
[2025-10-27T21:53:26.365-0300] {processor.py:840} INFO - DAG(s) 'example_trigger_controller_dag' retrieved from /home/joaosousa/projects/spotify-project/venv/lib/python3.12/site-packages/airflow/example_dags/example_trigger_controller_dag.py
[2025-10-27T21:53:26.375-0300] {logging_mixin.py:188} INFO - [2025-10-27T21:53:26.375-0300] {dag.py:3096} INFO - Sync 1 DAGs
[2025-10-27T21:53:26.387-0300] {logging_mixin.py:188} INFO - [2025-10-27T21:53:26.387-0300] {dag.py:3954} INFO - Setting next_dagrun for example_trigger_controller_dag to 2021-01-01 00:00:00+00:00, run_after=2021-01-01 00:00:00+00:00
[2025-10-27T21:53:26.402-0300] {processor.py:183} INFO - Processing /home/joaosousa/projects/spotify-project/venv/lib/python3.12/site-packages/airflow/example_dags/example_trigger_controller_dag.py took 0.048 seconds
[2025-10-27T21:54:28.223-0300] {processor.py:161} INFO - Started process (PID=4197) to work on /home/joaosousa/projects/spotify-project/venv/lib/python3.12/site-packages/airflow/example_dags/example_trigger_controller_dag.py
[2025-10-27T21:54:28.224-0300] {processor.py:830} INFO - Processing file /home/joaosousa/projects/spotify-project/venv/lib/python3.12/site-packages/airflow/example_dags/example_trigger_controller_dag.py for tasks to queue
[2025-10-27T21:54:28.226-0300] {logging_mixin.py:188} INFO - [2025-10-27T21:54:28.226-0300] {dagbag.py:545} INFO - Filling up the DagBag from /home/joaosousa/projects/spotify-project/venv/lib/python3.12/site-packages/airflow/example_dags/example_trigger_controller_dag.py
[2025-10-27T21:54:28.230-0300] {processor.py:840} INFO - DAG(s) 'example_trigger_controller_dag' retrieved from /home/joaosousa/projects/spotify-project/venv/lib/python3.12/site-packages/airflow/example_dags/example_trigger_controller_dag.py
[2025-10-27T21:54:28.241-0300] {logging_mixin.py:188} INFO - [2025-10-27T21:54:28.241-0300] {dag.py:3096} INFO - Sync 1 DAGs
[2025-10-27T21:54:28.253-0300] {logging_mixin.py:188} INFO - [2025-10-27T21:54:28.253-0300] {dag.py:3954} INFO - Setting next_dagrun for example_trigger_controller_dag to 2021-01-01 00:00:00+00:00, run_after=2021-01-01 00:00:00+00:00
[2025-10-27T21:54:28.267-0300] {processor.py:183} INFO - Processing /home/joaosousa/projects/spotify-project/venv/lib/python3.12/site-packages/airflow/example_dags/example_trigger_controller_dag.py took 0.049 seconds
[2025-10-27T21:55:32.737-0300] {processor.py:161} INFO - Started process (PID=4302) to work on /home/joaosousa/projects/spotify-project/venv/lib/python3.12/site-packages/airflow/example_dags/example_trigger_controller_dag.py
[2025-10-27T21:55:32.739-0300] {processor.py:830} INFO - Processing file /home/joaosousa/projects/spotify-project/venv/lib/python3.12/site-packages/airflow/example_dags/example_trigger_controller_dag.py for tasks to queue
[2025-10-27T21:55:32.741-0300] {logging_mixin.py:188} INFO - [2025-10-27T21:55:32.741-0300] {dagbag.py:545} INFO - Filling up the DagBag from /home/joaosousa/projects/spotify-project/venv/lib/python3.12/site-packages/airflow/example_dags/example_trigger_controller_dag.py
[2025-10-27T21:55:32.745-0300] {processor.py:840} INFO - DAG(s) 'example_trigger_controller_dag' retrieved from /home/joaosousa/projects/spotify-project/venv/lib/python3.12/site-packages/airflow/example_dags/example_trigger_controller_dag.py
[2025-10-27T21:55:32.755-0300] {logging_mixin.py:188} INFO - [2025-10-27T21:55:32.755-0300] {dag.py:3096} INFO - Sync 1 DAGs
[2025-10-27T21:55:32.767-0300] {logging_mixin.py:188} INFO - [2025-10-27T21:55:32.767-0300] {dag.py:3954} INFO - Setting next_dagrun for example_trigger_controller_dag to 2021-01-01 00:00:00+00:00, run_after=2021-01-01 00:00:00+00:00
[2025-10-27T21:55:32.781-0300] {processor.py:183} INFO - Processing /home/joaosousa/projects/spotify-project/venv/lib/python3.12/site-packages/airflow/example_dags/example_trigger_controller_dag.py took 0.048 seconds
[2025-10-27T21:56:36.342-0300] {processor.py:161} INFO - Started process (PID=4405) to work on /home/joaosousa/projects/spotify-project/venv/lib/python3.12/site-packages/airflow/example_dags/example_trigger_controller_dag.py
[2025-10-27T21:56:36.343-0300] {processor.py:830} INFO - Processing file /home/joaosousa/projects/spotify-project/venv/lib/python3.12/site-packages/airflow/example_dags/example_trigger_controller_dag.py for tasks to queue
[2025-10-27T21:56:36.345-0300] {logging_mixin.py:188} INFO - [2025-10-27T21:56:36.344-0300] {dagbag.py:545} INFO - Filling up the DagBag from /home/joaosousa/projects/spotify-project/venv/lib/python3.12/site-packages/airflow/example_dags/example_trigger_controller_dag.py
[2025-10-27T21:56:36.348-0300] {processor.py:840} INFO - DAG(s) 'example_trigger_controller_dag' retrieved from /home/joaosousa/projects/spotify-project/venv/lib/python3.12/site-packages/airflow/example_dags/example_trigger_controller_dag.py
[2025-10-27T21:56:36.359-0300] {logging_mixin.py:188} INFO - [2025-10-27T21:56:36.359-0300] {dag.py:3096} INFO - Sync 1 DAGs
[2025-10-27T21:56:36.371-0300] {logging_mixin.py:188} INFO - [2025-10-27T21:56:36.371-0300] {dag.py:3954} INFO - Setting next_dagrun for example_trigger_controller_dag to 2021-01-01 00:00:00+00:00, run_after=2021-01-01 00:00:00+00:00
[2025-10-27T21:56:36.385-0300] {processor.py:183} INFO - Processing /home/joaosousa/projects/spotify-project/venv/lib/python3.12/site-packages/airflow/example_dags/example_trigger_controller_dag.py took 0.047 seconds
[2025-10-27T21:57:36.991-0300] {processor.py:161} INFO - Started process (PID=4601) to work on /home/joaosousa/projects/spotify-project/venv/lib/python3.12/site-packages/airflow/example_dags/example_trigger_controller_dag.py
[2025-10-27T21:57:36.992-0300] {processor.py:830} INFO - Processing file /home/joaosousa/projects/spotify-project/venv/lib/python3.12/site-packages/airflow/example_dags/example_trigger_controller_dag.py for tasks to queue
[2025-10-27T21:57:36.993-0300] {logging_mixin.py:188} INFO - [2025-10-27T21:57:36.993-0300] {dagbag.py:545} INFO - Filling up the DagBag from /home/joaosousa/projects/spotify-project/venv/lib/python3.12/site-packages/airflow/example_dags/example_trigger_controller_dag.py
[2025-10-27T21:57:36.997-0300] {processor.py:840} INFO - DAG(s) 'example_trigger_controller_dag' retrieved from /home/joaosousa/projects/spotify-project/venv/lib/python3.12/site-packages/airflow/example_dags/example_trigger_controller_dag.py
[2025-10-27T21:57:37.007-0300] {logging_mixin.py:188} INFO - [2025-10-27T21:57:37.007-0300] {dag.py:3096} INFO - Sync 1 DAGs
[2025-10-27T21:57:37.019-0300] {logging_mixin.py:188} INFO - [2025-10-27T21:57:37.019-0300] {dag.py:3954} INFO - Setting next_dagrun for example_trigger_controller_dag to 2021-01-01 00:00:00+00:00, run_after=2021-01-01 00:00:00+00:00
[2025-10-27T21:57:37.033-0300] {processor.py:183} INFO - Processing /home/joaosousa/projects/spotify-project/venv/lib/python3.12/site-packages/airflow/example_dags/example_trigger_controller_dag.py took 0.046 seconds
[2025-10-27T21:58:36.512-0300] {processor.py:161} INFO - Started process (PID=4705) to work on /home/joaosousa/projects/spotify-project/venv/lib/python3.12/site-packages/airflow/example_dags/example_trigger_controller_dag.py
[2025-10-27T21:58:36.514-0300] {processor.py:830} INFO - Processing file /home/joaosousa/projects/spotify-project/venv/lib/python3.12/site-packages/airflow/example_dags/example_trigger_controller_dag.py for tasks to queue
[2025-10-27T21:58:36.515-0300] {logging_mixin.py:188} INFO - [2025-10-27T21:58:36.515-0300] {dagbag.py:545} INFO - Filling up the DagBag from /home/joaosousa/projects/spotify-project/venv/lib/python3.12/site-packages/airflow/example_dags/example_trigger_controller_dag.py
[2025-10-27T21:58:36.519-0300] {processor.py:840} INFO - DAG(s) 'example_trigger_controller_dag' retrieved from /home/joaosousa/projects/spotify-project/venv/lib/python3.12/site-packages/airflow/example_dags/example_trigger_controller_dag.py
[2025-10-27T21:58:36.529-0300] {logging_mixin.py:188} INFO - [2025-10-27T21:58:36.529-0300] {dag.py:3096} INFO - Sync 1 DAGs
[2025-10-27T21:58:36.541-0300] {logging_mixin.py:188} INFO - [2025-10-27T21:58:36.540-0300] {dag.py:3954} INFO - Setting next_dagrun for example_trigger_controller_dag to 2021-01-01 00:00:00+00:00, run_after=2021-01-01 00:00:00+00:00
[2025-10-27T21:58:36.555-0300] {processor.py:183} INFO - Processing /home/joaosousa/projects/spotify-project/venv/lib/python3.12/site-packages/airflow/example_dags/example_trigger_controller_dag.py took 0.047 seconds
[2025-10-27T21:59:36.069-0300] {processor.py:161} INFO - Started process (PID=4809) to work on /home/joaosousa/projects/spotify-project/venv/lib/python3.12/site-packages/airflow/example_dags/example_trigger_controller_dag.py
[2025-10-27T21:59:36.071-0300] {processor.py:830} INFO - Processing file /home/joaosousa/projects/spotify-project/venv/lib/python3.12/site-packages/airflow/example_dags/example_trigger_controller_dag.py for tasks to queue
[2025-10-27T21:59:36.072-0300] {logging_mixin.py:188} INFO - [2025-10-27T21:59:36.072-0300] {dagbag.py:545} INFO - Filling up the DagBag from /home/joaosousa/projects/spotify-project/venv/lib/python3.12/site-packages/airflow/example_dags/example_trigger_controller_dag.py
[2025-10-27T21:59:36.076-0300] {processor.py:840} INFO - DAG(s) 'example_trigger_controller_dag' retrieved from /home/joaosousa/projects/spotify-project/venv/lib/python3.12/site-packages/airflow/example_dags/example_trigger_controller_dag.py
[2025-10-27T21:59:36.087-0300] {logging_mixin.py:188} INFO - [2025-10-27T21:59:36.086-0300] {dag.py:3096} INFO - Sync 1 DAGs
[2025-10-27T21:59:36.098-0300] {logging_mixin.py:188} INFO - [2025-10-27T21:59:36.098-0300] {dag.py:3954} INFO - Setting next_dagrun for example_trigger_controller_dag to 2021-01-01 00:00:00+00:00, run_after=2021-01-01 00:00:00+00:00
[2025-10-27T21:59:36.112-0300] {processor.py:183} INFO - Processing /home/joaosousa/projects/spotify-project/venv/lib/python3.12/site-packages/airflow/example_dags/example_trigger_controller_dag.py took 0.047 seconds
[2025-10-27T22:00:44.096-0300] {processor.py:161} INFO - Started process (PID=4935) to work on /home/joaosousa/projects/spotify-project/venv/lib/python3.12/site-packages/airflow/example_dags/example_trigger_controller_dag.py
[2025-10-27T22:00:44.097-0300] {processor.py:830} INFO - Processing file /home/joaosousa/projects/spotify-project/venv/lib/python3.12/site-packages/airflow/example_dags/example_trigger_controller_dag.py for tasks to queue
[2025-10-27T22:00:44.099-0300] {logging_mixin.py:188} INFO - [2025-10-27T22:00:44.098-0300] {dagbag.py:545} INFO - Filling up the DagBag from /home/joaosousa/projects/spotify-project/venv/lib/python3.12/site-packages/airflow/example_dags/example_trigger_controller_dag.py
[2025-10-27T22:00:44.102-0300] {processor.py:840} INFO - DAG(s) 'example_trigger_controller_dag' retrieved from /home/joaosousa/projects/spotify-project/venv/lib/python3.12/site-packages/airflow/example_dags/example_trigger_controller_dag.py
[2025-10-27T22:00:44.113-0300] {logging_mixin.py:188} INFO - [2025-10-27T22:00:44.113-0300] {dag.py:3096} INFO - Sync 1 DAGs
[2025-10-27T22:00:44.125-0300] {logging_mixin.py:188} INFO - [2025-10-27T22:00:44.125-0300] {dag.py:3954} INFO - Setting next_dagrun for example_trigger_controller_dag to 2021-01-01 00:00:00+00:00, run_after=2021-01-01 00:00:00+00:00
[2025-10-27T22:00:44.140-0300] {processor.py:183} INFO - Processing /home/joaosousa/projects/spotify-project/venv/lib/python3.12/site-packages/airflow/example_dags/example_trigger_controller_dag.py took 0.049 seconds
[2025-10-27T22:01:44.301-0300] {processor.py:161} INFO - Started process (PID=5045) to work on /home/joaosousa/projects/spotify-project/venv/lib/python3.12/site-packages/airflow/example_dags/example_trigger_controller_dag.py
[2025-10-27T22:01:44.303-0300] {processor.py:830} INFO - Processing file /home/joaosousa/projects/spotify-project/venv/lib/python3.12/site-packages/airflow/example_dags/example_trigger_controller_dag.py for tasks to queue
[2025-10-27T22:01:44.304-0300] {logging_mixin.py:188} INFO - [2025-10-27T22:01:44.304-0300] {dagbag.py:545} INFO - Filling up the DagBag from /home/joaosousa/projects/spotify-project/venv/lib/python3.12/site-packages/airflow/example_dags/example_trigger_controller_dag.py
[2025-10-27T22:01:44.308-0300] {processor.py:840} INFO - DAG(s) 'example_trigger_controller_dag' retrieved from /home/joaosousa/projects/spotify-project/venv/lib/python3.12/site-packages/airflow/example_dags/example_trigger_controller_dag.py
[2025-10-27T22:01:44.319-0300] {logging_mixin.py:188} INFO - [2025-10-27T22:01:44.319-0300] {dag.py:3096} INFO - Sync 1 DAGs
[2025-10-27T22:01:44.331-0300] {logging_mixin.py:188} INFO - [2025-10-27T22:01:44.331-0300] {dag.py:3954} INFO - Setting next_dagrun for example_trigger_controller_dag to 2021-01-01 00:00:00+00:00, run_after=2021-01-01 00:00:00+00:00
[2025-10-27T22:01:44.346-0300] {processor.py:183} INFO - Processing /home/joaosousa/projects/spotify-project/venv/lib/python3.12/site-packages/airflow/example_dags/example_trigger_controller_dag.py took 0.049 seconds
[2025-10-27T22:02:44.555-0300] {processor.py:161} INFO - Started process (PID=5149) to work on /home/joaosousa/projects/spotify-project/venv/lib/python3.12/site-packages/airflow/example_dags/example_trigger_controller_dag.py
[2025-10-27T22:02:44.557-0300] {processor.py:830} INFO - Processing file /home/joaosousa/projects/spotify-project/venv/lib/python3.12/site-packages/airflow/example_dags/example_trigger_controller_dag.py for tasks to queue
[2025-10-27T22:02:44.558-0300] {logging_mixin.py:188} INFO - [2025-10-27T22:02:44.557-0300] {dagbag.py:545} INFO - Filling up the DagBag from /home/joaosousa/projects/spotify-project/venv/lib/python3.12/site-packages/airflow/example_dags/example_trigger_controller_dag.py
[2025-10-27T22:02:44.561-0300] {processor.py:840} INFO - DAG(s) 'example_trigger_controller_dag' retrieved from /home/joaosousa/projects/spotify-project/venv/lib/python3.12/site-packages/airflow/example_dags/example_trigger_controller_dag.py
[2025-10-27T22:02:44.572-0300] {logging_mixin.py:188} INFO - [2025-10-27T22:02:44.572-0300] {dag.py:3096} INFO - Sync 1 DAGs
[2025-10-27T22:02:44.583-0300] {logging_mixin.py:188} INFO - [2025-10-27T22:02:44.583-0300] {dag.py:3954} INFO - Setting next_dagrun for example_trigger_controller_dag to 2021-01-01 00:00:00+00:00, run_after=2021-01-01 00:00:00+00:00
[2025-10-27T22:02:44.597-0300] {processor.py:183} INFO - Processing /home/joaosousa/projects/spotify-project/venv/lib/python3.12/site-packages/airflow/example_dags/example_trigger_controller_dag.py took 0.047 seconds
[2025-10-27T22:03:45.104-0300] {processor.py:161} INFO - Started process (PID=5267) to work on /home/joaosousa/projects/spotify-project/venv/lib/python3.12/site-packages/airflow/example_dags/example_trigger_controller_dag.py
[2025-10-27T22:03:45.106-0300] {processor.py:830} INFO - Processing file /home/joaosousa/projects/spotify-project/venv/lib/python3.12/site-packages/airflow/example_dags/example_trigger_controller_dag.py for tasks to queue
[2025-10-27T22:03:45.107-0300] {logging_mixin.py:188} INFO - [2025-10-27T22:03:45.107-0300] {dagbag.py:545} INFO - Filling up the DagBag from /home/joaosousa/projects/spotify-project/venv/lib/python3.12/site-packages/airflow/example_dags/example_trigger_controller_dag.py
[2025-10-27T22:03:45.111-0300] {processor.py:840} INFO - DAG(s) 'example_trigger_controller_dag' retrieved from /home/joaosousa/projects/spotify-project/venv/lib/python3.12/site-packages/airflow/example_dags/example_trigger_controller_dag.py
[2025-10-27T22:03:45.122-0300] {logging_mixin.py:188} INFO - [2025-10-27T22:03:45.122-0300] {dag.py:3096} INFO - Sync 1 DAGs
[2025-10-27T22:03:45.134-0300] {logging_mixin.py:188} INFO - [2025-10-27T22:03:45.134-0300] {dag.py:3954} INFO - Setting next_dagrun for example_trigger_controller_dag to 2021-01-01 00:00:00+00:00, run_after=2021-01-01 00:00:00+00:00
[2025-10-27T22:03:45.149-0300] {processor.py:183} INFO - Processing /home/joaosousa/projects/spotify-project/venv/lib/python3.12/site-packages/airflow/example_dags/example_trigger_controller_dag.py took 0.049 seconds
[2025-10-27T22:04:43.446-0300] {processor.py:161} INFO - Started process (PID=5357) to work on /home/joaosousa/projects/spotify-project/venv/lib/python3.12/site-packages/airflow/example_dags/example_trigger_controller_dag.py
[2025-10-27T22:04:43.448-0300] {processor.py:830} INFO - Processing file /home/joaosousa/projects/spotify-project/venv/lib/python3.12/site-packages/airflow/example_dags/example_trigger_controller_dag.py for tasks to queue
[2025-10-27T22:04:43.450-0300] {logging_mixin.py:188} INFO - [2025-10-27T22:04:43.449-0300] {dagbag.py:545} INFO - Filling up the DagBag from /home/joaosousa/projects/spotify-project/venv/lib/python3.12/site-packages/airflow/example_dags/example_trigger_controller_dag.py
[2025-10-27T22:04:43.454-0300] {processor.py:840} INFO - DAG(s) 'example_trigger_controller_dag' retrieved from /home/joaosousa/projects/spotify-project/venv/lib/python3.12/site-packages/airflow/example_dags/example_trigger_controller_dag.py
[2025-10-27T22:04:43.464-0300] {logging_mixin.py:188} INFO - [2025-10-27T22:04:43.464-0300] {dag.py:3096} INFO - Sync 1 DAGs
[2025-10-27T22:04:43.478-0300] {logging_mixin.py:188} INFO - [2025-10-27T22:04:43.478-0300] {dag.py:3954} INFO - Setting next_dagrun for example_trigger_controller_dag to 2021-01-01 00:00:00+00:00, run_after=2021-01-01 00:00:00+00:00
[2025-10-27T22:04:43.493-0300] {processor.py:183} INFO - Processing /home/joaosousa/projects/spotify-project/venv/lib/python3.12/site-packages/airflow/example_dags/example_trigger_controller_dag.py took 0.051 seconds
[2025-10-27T22:05:42.124-0300] {processor.py:161} INFO - Started process (PID=5470) to work on /home/joaosousa/projects/spotify-project/venv/lib/python3.12/site-packages/airflow/example_dags/example_trigger_controller_dag.py
[2025-10-27T22:05:42.126-0300] {processor.py:830} INFO - Processing file /home/joaosousa/projects/spotify-project/venv/lib/python3.12/site-packages/airflow/example_dags/example_trigger_controller_dag.py for tasks to queue
[2025-10-27T22:05:42.128-0300] {logging_mixin.py:188} INFO - [2025-10-27T22:05:42.127-0300] {dagbag.py:545} INFO - Filling up the DagBag from /home/joaosousa/projects/spotify-project/venv/lib/python3.12/site-packages/airflow/example_dags/example_trigger_controller_dag.py
[2025-10-27T22:05:42.131-0300] {processor.py:840} INFO - DAG(s) 'example_trigger_controller_dag' retrieved from /home/joaosousa/projects/spotify-project/venv/lib/python3.12/site-packages/airflow/example_dags/example_trigger_controller_dag.py
[2025-10-27T22:05:42.143-0300] {logging_mixin.py:188} INFO - [2025-10-27T22:05:42.143-0300] {dag.py:3096} INFO - Sync 1 DAGs
[2025-10-27T22:05:42.156-0300] {logging_mixin.py:188} INFO - [2025-10-27T22:05:42.156-0300] {dag.py:3954} INFO - Setting next_dagrun for example_trigger_controller_dag to 2021-01-01 00:00:00+00:00, run_after=2021-01-01 00:00:00+00:00
[2025-10-27T22:05:42.170-0300] {processor.py:183} INFO - Processing /home/joaosousa/projects/spotify-project/venv/lib/python3.12/site-packages/airflow/example_dags/example_trigger_controller_dag.py took 0.051 seconds
[2025-10-27T22:06:40.184-0300] {processor.py:161} INFO - Started process (PID=5566) to work on /home/joaosousa/projects/spotify-project/venv/lib/python3.12/site-packages/airflow/example_dags/example_trigger_controller_dag.py
[2025-10-27T22:06:40.186-0300] {processor.py:830} INFO - Processing file /home/joaosousa/projects/spotify-project/venv/lib/python3.12/site-packages/airflow/example_dags/example_trigger_controller_dag.py for tasks to queue
[2025-10-27T22:06:40.188-0300] {logging_mixin.py:188} INFO - [2025-10-27T22:06:40.187-0300] {dagbag.py:545} INFO - Filling up the DagBag from /home/joaosousa/projects/spotify-project/venv/lib/python3.12/site-packages/airflow/example_dags/example_trigger_controller_dag.py
[2025-10-27T22:06:40.192-0300] {processor.py:840} INFO - DAG(s) 'example_trigger_controller_dag' retrieved from /home/joaosousa/projects/spotify-project/venv/lib/python3.12/site-packages/airflow/example_dags/example_trigger_controller_dag.py
[2025-10-27T22:06:40.202-0300] {logging_mixin.py:188} INFO - [2025-10-27T22:06:40.202-0300] {dag.py:3096} INFO - Sync 1 DAGs
[2025-10-27T22:06:40.215-0300] {logging_mixin.py:188} INFO - [2025-10-27T22:06:40.215-0300] {dag.py:3954} INFO - Setting next_dagrun for example_trigger_controller_dag to 2021-01-01 00:00:00+00:00, run_after=2021-01-01 00:00:00+00:00
[2025-10-27T22:06:40.229-0300] {processor.py:183} INFO - Processing /home/joaosousa/projects/spotify-project/venv/lib/python3.12/site-packages/airflow/example_dags/example_trigger_controller_dag.py took 0.049 seconds
[2025-10-27T22:07:42.615-0300] {processor.py:161} INFO - Started process (PID=5685) to work on /home/joaosousa/projects/spotify-project/venv/lib/python3.12/site-packages/airflow/example_dags/example_trigger_controller_dag.py
[2025-10-27T22:07:42.617-0300] {processor.py:830} INFO - Processing file /home/joaosousa/projects/spotify-project/venv/lib/python3.12/site-packages/airflow/example_dags/example_trigger_controller_dag.py for tasks to queue
[2025-10-27T22:07:42.619-0300] {logging_mixin.py:188} INFO - [2025-10-27T22:07:42.618-0300] {dagbag.py:545} INFO - Filling up the DagBag from /home/joaosousa/projects/spotify-project/venv/lib/python3.12/site-packages/airflow/example_dags/example_trigger_controller_dag.py
[2025-10-27T22:07:42.623-0300] {processor.py:840} INFO - DAG(s) 'example_trigger_controller_dag' retrieved from /home/joaosousa/projects/spotify-project/venv/lib/python3.12/site-packages/airflow/example_dags/example_trigger_controller_dag.py
[2025-10-27T22:07:42.635-0300] {logging_mixin.py:188} INFO - [2025-10-27T22:07:42.635-0300] {dag.py:3096} INFO - Sync 1 DAGs
[2025-10-27T22:07:42.649-0300] {logging_mixin.py:188} INFO - [2025-10-27T22:07:42.649-0300] {dag.py:3954} INFO - Setting next_dagrun for example_trigger_controller_dag to 2021-01-01 00:00:00+00:00, run_after=2021-01-01 00:00:00+00:00
[2025-10-27T22:07:42.664-0300] {processor.py:183} INFO - Processing /home/joaosousa/projects/spotify-project/venv/lib/python3.12/site-packages/airflow/example_dags/example_trigger_controller_dag.py took 0.054 seconds
[2025-10-27T22:08:39.581-0300] {processor.py:161} INFO - Started process (PID=5770) to work on /home/joaosousa/projects/spotify-project/venv/lib/python3.12/site-packages/airflow/example_dags/example_trigger_controller_dag.py
[2025-10-27T22:08:39.582-0300] {processor.py:830} INFO - Processing file /home/joaosousa/projects/spotify-project/venv/lib/python3.12/site-packages/airflow/example_dags/example_trigger_controller_dag.py for tasks to queue
[2025-10-27T22:08:39.584-0300] {logging_mixin.py:188} INFO - [2025-10-27T22:08:39.583-0300] {dagbag.py:545} INFO - Filling up the DagBag from /home/joaosousa/projects/spotify-project/venv/lib/python3.12/site-packages/airflow/example_dags/example_trigger_controller_dag.py
[2025-10-27T22:08:39.588-0300] {processor.py:840} INFO - DAG(s) 'example_trigger_controller_dag' retrieved from /home/joaosousa/projects/spotify-project/venv/lib/python3.12/site-packages/airflow/example_dags/example_trigger_controller_dag.py
[2025-10-27T22:08:39.600-0300] {logging_mixin.py:188} INFO - [2025-10-27T22:08:39.599-0300] {dag.py:3096} INFO - Sync 1 DAGs
[2025-10-27T22:08:39.612-0300] {logging_mixin.py:188} INFO - [2025-10-27T22:08:39.612-0300] {dag.py:3954} INFO - Setting next_dagrun for example_trigger_controller_dag to 2021-01-01 00:00:00+00:00, run_after=2021-01-01 00:00:00+00:00
[2025-10-27T22:08:39.628-0300] {processor.py:183} INFO - Processing /home/joaosousa/projects/spotify-project/venv/lib/python3.12/site-packages/airflow/example_dags/example_trigger_controller_dag.py took 0.053 seconds
[2025-10-27T22:09:41.436-0300] {processor.py:161} INFO - Started process (PID=5882) to work on /home/joaosousa/projects/spotify-project/venv/lib/python3.12/site-packages/airflow/example_dags/example_trigger_controller_dag.py
[2025-10-27T22:09:41.438-0300] {processor.py:830} INFO - Processing file /home/joaosousa/projects/spotify-project/venv/lib/python3.12/site-packages/airflow/example_dags/example_trigger_controller_dag.py for tasks to queue
[2025-10-27T22:09:41.440-0300] {logging_mixin.py:188} INFO - [2025-10-27T22:09:41.439-0300] {dagbag.py:545} INFO - Filling up the DagBag from /home/joaosousa/projects/spotify-project/venv/lib/python3.12/site-packages/airflow/example_dags/example_trigger_controller_dag.py
[2025-10-27T22:09:41.445-0300] {processor.py:840} INFO - DAG(s) 'example_trigger_controller_dag' retrieved from /home/joaosousa/projects/spotify-project/venv/lib/python3.12/site-packages/airflow/example_dags/example_trigger_controller_dag.py
[2025-10-27T22:09:41.460-0300] {logging_mixin.py:188} INFO - [2025-10-27T22:09:41.460-0300] {dag.py:3096} INFO - Sync 1 DAGs
[2025-10-27T22:09:41.477-0300] {logging_mixin.py:188} INFO - [2025-10-27T22:09:41.476-0300] {dag.py:3954} INFO - Setting next_dagrun for example_trigger_controller_dag to 2021-01-01 00:00:00+00:00, run_after=2021-01-01 00:00:00+00:00
[2025-10-27T22:09:41.499-0300] {processor.py:183} INFO - Processing /home/joaosousa/projects/spotify-project/venv/lib/python3.12/site-packages/airflow/example_dags/example_trigger_controller_dag.py took 0.070 seconds
[2025-10-27T22:10:39.386-0300] {processor.py:161} INFO - Started process (PID=5969) to work on /home/joaosousa/projects/spotify-project/venv/lib/python3.12/site-packages/airflow/example_dags/example_trigger_controller_dag.py
[2025-10-27T22:10:39.387-0300] {processor.py:830} INFO - Processing file /home/joaosousa/projects/spotify-project/venv/lib/python3.12/site-packages/airflow/example_dags/example_trigger_controller_dag.py for tasks to queue
[2025-10-27T22:10:39.389-0300] {logging_mixin.py:188} INFO - [2025-10-27T22:10:39.389-0300] {dagbag.py:545} INFO - Filling up the DagBag from /home/joaosousa/projects/spotify-project/venv/lib/python3.12/site-packages/airflow/example_dags/example_trigger_controller_dag.py
[2025-10-27T22:10:39.393-0300] {processor.py:840} INFO - DAG(s) 'example_trigger_controller_dag' retrieved from /home/joaosousa/projects/spotify-project/venv/lib/python3.12/site-packages/airflow/example_dags/example_trigger_controller_dag.py
[2025-10-27T22:10:39.407-0300] {logging_mixin.py:188} INFO - [2025-10-27T22:10:39.407-0300] {dag.py:3096} INFO - Sync 1 DAGs
[2025-10-27T22:10:39.428-0300] {logging_mixin.py:188} INFO - [2025-10-27T22:10:39.427-0300] {dag.py:3954} INFO - Setting next_dagrun for example_trigger_controller_dag to 2021-01-01 00:00:00+00:00, run_after=2021-01-01 00:00:00+00:00
[2025-10-27T22:10:39.447-0300] {processor.py:183} INFO - Processing /home/joaosousa/projects/spotify-project/venv/lib/python3.12/site-packages/airflow/example_dags/example_trigger_controller_dag.py took 0.066 seconds
[2025-10-27T22:11:37.672-0300] {processor.py:161} INFO - Started process (PID=6077) to work on /home/joaosousa/projects/spotify-project/venv/lib/python3.12/site-packages/airflow/example_dags/example_trigger_controller_dag.py
[2025-10-27T22:11:37.673-0300] {processor.py:830} INFO - Processing file /home/joaosousa/projects/spotify-project/venv/lib/python3.12/site-packages/airflow/example_dags/example_trigger_controller_dag.py for tasks to queue
[2025-10-27T22:11:37.674-0300] {logging_mixin.py:188} INFO - [2025-10-27T22:11:37.674-0300] {dagbag.py:545} INFO - Filling up the DagBag from /home/joaosousa/projects/spotify-project/venv/lib/python3.12/site-packages/airflow/example_dags/example_trigger_controller_dag.py
[2025-10-27T22:11:37.678-0300] {processor.py:840} INFO - DAG(s) 'example_trigger_controller_dag' retrieved from /home/joaosousa/projects/spotify-project/venv/lib/python3.12/site-packages/airflow/example_dags/example_trigger_controller_dag.py
[2025-10-27T22:11:37.690-0300] {logging_mixin.py:188} INFO - [2025-10-27T22:11:37.689-0300] {dag.py:3096} INFO - Sync 1 DAGs
[2025-10-27T22:11:37.702-0300] {logging_mixin.py:188} INFO - [2025-10-27T22:11:37.702-0300] {dag.py:3954} INFO - Setting next_dagrun for example_trigger_controller_dag to 2021-01-01 00:00:00+00:00, run_after=2021-01-01 00:00:00+00:00
[2025-10-27T22:11:37.717-0300] {processor.py:183} INFO - Processing /home/joaosousa/projects/spotify-project/venv/lib/python3.12/site-packages/airflow/example_dags/example_trigger_controller_dag.py took 0.050 seconds
[2025-10-27T22:12:33.357-0300] {processor.py:161} INFO - Started process (PID=6183) to work on /home/joaosousa/projects/spotify-project/venv/lib/python3.12/site-packages/airflow/example_dags/example_trigger_controller_dag.py
[2025-10-27T22:12:33.359-0300] {processor.py:830} INFO - Processing file /home/joaosousa/projects/spotify-project/venv/lib/python3.12/site-packages/airflow/example_dags/example_trigger_controller_dag.py for tasks to queue
[2025-10-27T22:12:33.360-0300] {logging_mixin.py:188} INFO - [2025-10-27T22:12:33.360-0300] {dagbag.py:545} INFO - Filling up the DagBag from /home/joaosousa/projects/spotify-project/venv/lib/python3.12/site-packages/airflow/example_dags/example_trigger_controller_dag.py
[2025-10-27T22:12:33.364-0300] {processor.py:840} INFO - DAG(s) 'example_trigger_controller_dag' retrieved from /home/joaosousa/projects/spotify-project/venv/lib/python3.12/site-packages/airflow/example_dags/example_trigger_controller_dag.py
[2025-10-27T22:12:33.375-0300] {logging_mixin.py:188} INFO - [2025-10-27T22:12:33.375-0300] {dag.py:3096} INFO - Sync 1 DAGs
[2025-10-27T22:12:33.387-0300] {logging_mixin.py:188} INFO - [2025-10-27T22:12:33.387-0300] {dag.py:3954} INFO - Setting next_dagrun for example_trigger_controller_dag to 2021-01-01 00:00:00+00:00, run_after=2021-01-01 00:00:00+00:00
[2025-10-27T22:12:33.401-0300] {processor.py:183} INFO - Processing /home/joaosousa/projects/spotify-project/venv/lib/python3.12/site-packages/airflow/example_dags/example_trigger_controller_dag.py took 0.049 seconds
[2025-10-27T22:13:31.616-0300] {processor.py:161} INFO - Started process (PID=6292) to work on /home/joaosousa/projects/spotify-project/venv/lib/python3.12/site-packages/airflow/example_dags/example_trigger_controller_dag.py
[2025-10-27T22:13:31.618-0300] {processor.py:830} INFO - Processing file /home/joaosousa/projects/spotify-project/venv/lib/python3.12/site-packages/airflow/example_dags/example_trigger_controller_dag.py for tasks to queue
[2025-10-27T22:13:31.620-0300] {logging_mixin.py:188} INFO - [2025-10-27T22:13:31.619-0300] {dagbag.py:545} INFO - Filling up the DagBag from /home/joaosousa/projects/spotify-project/venv/lib/python3.12/site-packages/airflow/example_dags/example_trigger_controller_dag.py
[2025-10-27T22:13:31.623-0300] {processor.py:840} INFO - DAG(s) 'example_trigger_controller_dag' retrieved from /home/joaosousa/projects/spotify-project/venv/lib/python3.12/site-packages/airflow/example_dags/example_trigger_controller_dag.py
[2025-10-27T22:13:31.635-0300] {logging_mixin.py:188} INFO - [2025-10-27T22:13:31.635-0300] {dag.py:3096} INFO - Sync 1 DAGs
[2025-10-27T22:13:31.647-0300] {logging_mixin.py:188} INFO - [2025-10-27T22:13:31.647-0300] {dag.py:3954} INFO - Setting next_dagrun for example_trigger_controller_dag to 2021-01-01 00:00:00+00:00, run_after=2021-01-01 00:00:00+00:00
[2025-10-27T22:13:31.661-0300] {processor.py:183} INFO - Processing /home/joaosousa/projects/spotify-project/venv/lib/python3.12/site-packages/airflow/example_dags/example_trigger_controller_dag.py took 0.049 seconds
[2025-10-27T22:14:36.215-0300] {processor.py:161} INFO - Started process (PID=6381) to work on /home/joaosousa/projects/spotify-project/venv/lib/python3.12/site-packages/airflow/example_dags/example_trigger_controller_dag.py
[2025-10-27T22:14:36.217-0300] {processor.py:830} INFO - Processing file /home/joaosousa/projects/spotify-project/venv/lib/python3.12/site-packages/airflow/example_dags/example_trigger_controller_dag.py for tasks to queue
[2025-10-27T22:14:36.223-0300] {logging_mixin.py:188} INFO - [2025-10-27T22:14:36.218-0300] {dagbag.py:545} INFO - Filling up the DagBag from /home/joaosousa/projects/spotify-project/venv/lib/python3.12/site-packages/airflow/example_dags/example_trigger_controller_dag.py
[2025-10-27T22:14:36.230-0300] {processor.py:840} INFO - DAG(s) 'example_trigger_controller_dag' retrieved from /home/joaosousa/projects/spotify-project/venv/lib/python3.12/site-packages/airflow/example_dags/example_trigger_controller_dag.py
[2025-10-27T22:14:36.244-0300] {logging_mixin.py:188} INFO - [2025-10-27T22:14:36.244-0300] {dag.py:3096} INFO - Sync 1 DAGs
[2025-10-27T22:14:36.259-0300] {logging_mixin.py:188} INFO - [2025-10-27T22:14:36.259-0300] {dag.py:3954} INFO - Setting next_dagrun for example_trigger_controller_dag to 2021-01-01 00:00:00+00:00, run_after=2021-01-01 00:00:00+00:00
[2025-10-27T22:14:36.274-0300] {processor.py:183} INFO - Processing /home/joaosousa/projects/spotify-project/venv/lib/python3.12/site-packages/airflow/example_dags/example_trigger_controller_dag.py took 0.063 seconds
[2025-10-27T22:15:39.948-0300] {processor.py:161} INFO - Started process (PID=6495) to work on /home/joaosousa/projects/spotify-project/venv/lib/python3.12/site-packages/airflow/example_dags/example_trigger_controller_dag.py
[2025-10-27T22:15:39.950-0300] {processor.py:830} INFO - Processing file /home/joaosousa/projects/spotify-project/venv/lib/python3.12/site-packages/airflow/example_dags/example_trigger_controller_dag.py for tasks to queue
[2025-10-27T22:15:39.951-0300] {logging_mixin.py:188} INFO - [2025-10-27T22:15:39.951-0300] {dagbag.py:545} INFO - Filling up the DagBag from /home/joaosousa/projects/spotify-project/venv/lib/python3.12/site-packages/airflow/example_dags/example_trigger_controller_dag.py
[2025-10-27T22:15:39.955-0300] {processor.py:840} INFO - DAG(s) 'example_trigger_controller_dag' retrieved from /home/joaosousa/projects/spotify-project/venv/lib/python3.12/site-packages/airflow/example_dags/example_trigger_controller_dag.py
[2025-10-27T22:15:39.966-0300] {logging_mixin.py:188} INFO - [2025-10-27T22:15:39.966-0300] {dag.py:3096} INFO - Sync 1 DAGs
[2025-10-27T22:15:39.978-0300] {logging_mixin.py:188} INFO - [2025-10-27T22:15:39.978-0300] {dag.py:3954} INFO - Setting next_dagrun for example_trigger_controller_dag to 2021-01-01 00:00:00+00:00, run_after=2021-01-01 00:00:00+00:00
[2025-10-27T22:15:39.992-0300] {processor.py:183} INFO - Processing /home/joaosousa/projects/spotify-project/venv/lib/python3.12/site-packages/airflow/example_dags/example_trigger_controller_dag.py took 0.049 seconds
[2025-10-27T22:16:36.408-0300] {processor.py:161} INFO - Started process (PID=6604) to work on /home/joaosousa/projects/spotify-project/venv/lib/python3.12/site-packages/airflow/example_dags/example_trigger_controller_dag.py
[2025-10-27T22:16:36.410-0300] {processor.py:830} INFO - Processing file /home/joaosousa/projects/spotify-project/venv/lib/python3.12/site-packages/airflow/example_dags/example_trigger_controller_dag.py for tasks to queue
[2025-10-27T22:16:36.411-0300] {logging_mixin.py:188} INFO - [2025-10-27T22:16:36.411-0300] {dagbag.py:545} INFO - Filling up the DagBag from /home/joaosousa/projects/spotify-project/venv/lib/python3.12/site-packages/airflow/example_dags/example_trigger_controller_dag.py
[2025-10-27T22:16:36.415-0300] {processor.py:840} INFO - DAG(s) 'example_trigger_controller_dag' retrieved from /home/joaosousa/projects/spotify-project/venv/lib/python3.12/site-packages/airflow/example_dags/example_trigger_controller_dag.py
[2025-10-27T22:16:36.425-0300] {logging_mixin.py:188} INFO - [2025-10-27T22:16:36.425-0300] {dag.py:3096} INFO - Sync 1 DAGs
[2025-10-27T22:16:36.437-0300] {logging_mixin.py:188} INFO - [2025-10-27T22:16:36.437-0300] {dag.py:3954} INFO - Setting next_dagrun for example_trigger_controller_dag to 2021-01-01 00:00:00+00:00, run_after=2021-01-01 00:00:00+00:00
[2025-10-27T22:16:36.450-0300] {processor.py:183} INFO - Processing /home/joaosousa/projects/spotify-project/venv/lib/python3.12/site-packages/airflow/example_dags/example_trigger_controller_dag.py took 0.047 seconds
[2025-10-27T22:17:38.789-0300] {processor.py:161} INFO - Started process (PID=6731) to work on /home/joaosousa/projects/spotify-project/venv/lib/python3.12/site-packages/airflow/example_dags/example_trigger_controller_dag.py
[2025-10-27T22:17:38.790-0300] {processor.py:830} INFO - Processing file /home/joaosousa/projects/spotify-project/venv/lib/python3.12/site-packages/airflow/example_dags/example_trigger_controller_dag.py for tasks to queue
[2025-10-27T22:17:38.792-0300] {logging_mixin.py:188} INFO - [2025-10-27T22:17:38.792-0300] {dagbag.py:545} INFO - Filling up the DagBag from /home/joaosousa/projects/spotify-project/venv/lib/python3.12/site-packages/airflow/example_dags/example_trigger_controller_dag.py
[2025-10-27T22:17:38.796-0300] {processor.py:840} INFO - DAG(s) 'example_trigger_controller_dag' retrieved from /home/joaosousa/projects/spotify-project/venv/lib/python3.12/site-packages/airflow/example_dags/example_trigger_controller_dag.py
[2025-10-27T22:17:38.806-0300] {logging_mixin.py:188} INFO - [2025-10-27T22:17:38.806-0300] {dag.py:3096} INFO - Sync 1 DAGs
[2025-10-27T22:17:38.818-0300] {logging_mixin.py:188} INFO - [2025-10-27T22:17:38.818-0300] {dag.py:3954} INFO - Setting next_dagrun for example_trigger_controller_dag to 2021-01-01 00:00:00+00:00, run_after=2021-01-01 00:00:00+00:00
[2025-10-27T22:17:38.832-0300] {processor.py:183} INFO - Processing /home/joaosousa/projects/spotify-project/venv/lib/python3.12/site-packages/airflow/example_dags/example_trigger_controller_dag.py took 0.048 seconds
[2025-10-27T22:18:36.987-0300] {processor.py:161} INFO - Started process (PID=6833) to work on /home/joaosousa/projects/spotify-project/venv/lib/python3.12/site-packages/airflow/example_dags/example_trigger_controller_dag.py
[2025-10-27T22:18:36.989-0300] {processor.py:830} INFO - Processing file /home/joaosousa/projects/spotify-project/venv/lib/python3.12/site-packages/airflow/example_dags/example_trigger_controller_dag.py for tasks to queue
[2025-10-27T22:18:36.990-0300] {logging_mixin.py:188} INFO - [2025-10-27T22:18:36.990-0300] {dagbag.py:545} INFO - Filling up the DagBag from /home/joaosousa/projects/spotify-project/venv/lib/python3.12/site-packages/airflow/example_dags/example_trigger_controller_dag.py
[2025-10-27T22:18:36.994-0300] {processor.py:840} INFO - DAG(s) 'example_trigger_controller_dag' retrieved from /home/joaosousa/projects/spotify-project/venv/lib/python3.12/site-packages/airflow/example_dags/example_trigger_controller_dag.py
[2025-10-27T22:18:37.005-0300] {logging_mixin.py:188} INFO - [2025-10-27T22:18:37.005-0300] {dag.py:3096} INFO - Sync 1 DAGs
[2025-10-27T22:18:37.017-0300] {logging_mixin.py:188} INFO - [2025-10-27T22:18:37.017-0300] {dag.py:3954} INFO - Setting next_dagrun for example_trigger_controller_dag to 2021-01-01 00:00:00+00:00, run_after=2021-01-01 00:00:00+00:00
[2025-10-27T22:18:37.032-0300] {processor.py:183} INFO - Processing /home/joaosousa/projects/spotify-project/venv/lib/python3.12/site-packages/airflow/example_dags/example_trigger_controller_dag.py took 0.050 seconds
[2025-10-27T22:19:38.673-0300] {processor.py:161} INFO - Started process (PID=6944) to work on /home/joaosousa/projects/spotify-project/venv/lib/python3.12/site-packages/airflow/example_dags/example_trigger_controller_dag.py
[2025-10-27T22:19:38.675-0300] {processor.py:830} INFO - Processing file /home/joaosousa/projects/spotify-project/venv/lib/python3.12/site-packages/airflow/example_dags/example_trigger_controller_dag.py for tasks to queue
[2025-10-27T22:19:38.676-0300] {logging_mixin.py:188} INFO - [2025-10-27T22:19:38.676-0300] {dagbag.py:545} INFO - Filling up the DagBag from /home/joaosousa/projects/spotify-project/venv/lib/python3.12/site-packages/airflow/example_dags/example_trigger_controller_dag.py
[2025-10-27T22:19:38.680-0300] {processor.py:840} INFO - DAG(s) 'example_trigger_controller_dag' retrieved from /home/joaosousa/projects/spotify-project/venv/lib/python3.12/site-packages/airflow/example_dags/example_trigger_controller_dag.py
[2025-10-27T22:19:38.691-0300] {logging_mixin.py:188} INFO - [2025-10-27T22:19:38.691-0300] {dag.py:3096} INFO - Sync 1 DAGs
[2025-10-27T22:19:38.703-0300] {logging_mixin.py:188} INFO - [2025-10-27T22:19:38.703-0300] {dag.py:3954} INFO - Setting next_dagrun for example_trigger_controller_dag to 2021-01-01 00:00:00+00:00, run_after=2021-01-01 00:00:00+00:00
[2025-10-27T22:19:38.717-0300] {processor.py:183} INFO - Processing /home/joaosousa/projects/spotify-project/venv/lib/python3.12/site-packages/airflow/example_dags/example_trigger_controller_dag.py took 0.049 seconds
[2025-10-27T22:20:31.628-0300] {processor.py:161} INFO - Started process (PID=7026) to work on /home/joaosousa/projects/spotify-project/venv/lib/python3.12/site-packages/airflow/example_dags/example_trigger_controller_dag.py
[2025-10-27T22:20:31.630-0300] {processor.py:830} INFO - Processing file /home/joaosousa/projects/spotify-project/venv/lib/python3.12/site-packages/airflow/example_dags/example_trigger_controller_dag.py for tasks to queue
[2025-10-27T22:20:31.632-0300] {logging_mixin.py:188} INFO - [2025-10-27T22:20:31.631-0300] {dagbag.py:545} INFO - Filling up the DagBag from /home/joaosousa/projects/spotify-project/venv/lib/python3.12/site-packages/airflow/example_dags/example_trigger_controller_dag.py
[2025-10-27T22:20:31.636-0300] {processor.py:840} INFO - DAG(s) 'example_trigger_controller_dag' retrieved from /home/joaosousa/projects/spotify-project/venv/lib/python3.12/site-packages/airflow/example_dags/example_trigger_controller_dag.py
[2025-10-27T22:20:31.647-0300] {logging_mixin.py:188} INFO - [2025-10-27T22:20:31.647-0300] {dag.py:3096} INFO - Sync 1 DAGs
[2025-10-27T22:20:31.665-0300] {logging_mixin.py:188} INFO - [2025-10-27T22:20:31.665-0300] {dag.py:3954} INFO - Setting next_dagrun for example_trigger_controller_dag to 2021-01-01 00:00:00+00:00, run_after=2021-01-01 00:00:00+00:00
[2025-10-27T22:20:31.682-0300] {processor.py:183} INFO - Processing /home/joaosousa/projects/spotify-project/venv/lib/python3.12/site-packages/airflow/example_dags/example_trigger_controller_dag.py took 0.058 seconds
[2025-10-27T22:21:30.886-0300] {processor.py:161} INFO - Started process (PID=7136) to work on /home/joaosousa/projects/spotify-project/venv/lib/python3.12/site-packages/airflow/example_dags/example_trigger_controller_dag.py
[2025-10-27T22:21:30.888-0300] {processor.py:830} INFO - Processing file /home/joaosousa/projects/spotify-project/venv/lib/python3.12/site-packages/airflow/example_dags/example_trigger_controller_dag.py for tasks to queue
[2025-10-27T22:21:30.889-0300] {logging_mixin.py:188} INFO - [2025-10-27T22:21:30.889-0300] {dagbag.py:545} INFO - Filling up the DagBag from /home/joaosousa/projects/spotify-project/venv/lib/python3.12/site-packages/airflow/example_dags/example_trigger_controller_dag.py
[2025-10-27T22:21:30.893-0300] {processor.py:840} INFO - DAG(s) 'example_trigger_controller_dag' retrieved from /home/joaosousa/projects/spotify-project/venv/lib/python3.12/site-packages/airflow/example_dags/example_trigger_controller_dag.py
[2025-10-27T22:21:30.904-0300] {logging_mixin.py:188} INFO - [2025-10-27T22:21:30.904-0300] {dag.py:3096} INFO - Sync 1 DAGs
[2025-10-27T22:21:30.918-0300] {logging_mixin.py:188} INFO - [2025-10-27T22:21:30.918-0300] {dag.py:3954} INFO - Setting next_dagrun for example_trigger_controller_dag to 2021-01-01 00:00:00+00:00, run_after=2021-01-01 00:00:00+00:00
[2025-10-27T22:21:30.934-0300] {processor.py:183} INFO - Processing /home/joaosousa/projects/spotify-project/venv/lib/python3.12/site-packages/airflow/example_dags/example_trigger_controller_dag.py took 0.053 seconds
