[2025-10-27T21:30:51.297-0300] {processor.py:161} INFO - Started process (PID=1075) to work on /home/joaosousa/projects/spotify-project/venv/lib/python3.12/site-packages/airflow/example_dags/example_kubernetes_executor.py
[2025-10-27T21:30:51.297-0300] {processor.py:830} INFO - Processing file /home/joaosousa/projects/spotify-project/venv/lib/python3.12/site-packages/airflow/example_dags/example_kubernetes_executor.py for tasks to queue
[2025-10-27T21:30:51.299-0300] {logging_mixin.py:188} INFO - [2025-10-27T21:30:51.298-0300] {dagbag.py:545} INFO - Filling up the DagBag from /home/joaosousa/projects/spotify-project/venv/lib/python3.12/site-packages/airflow/example_dags/example_kubernetes_executor.py
[2025-10-27T21:30:51.301-0300] {logging_mixin.py:188} INFO - [2025-10-27T21:30:51.300-0300] {example_kubernetes_executor.py:39} WARNING - The example_kubernetes_executor example DAG requires the kubernetes provider. Please install it with: pip install apache-airflow[cncf.kubernetes]
[2025-10-27T21:30:51.301-0300] {processor.py:842} WARNING - No viable dags retrieved from /home/joaosousa/projects/spotify-project/venv/lib/python3.12/site-packages/airflow/example_dags/example_kubernetes_executor.py
[2025-10-27T21:30:51.308-0300] {processor.py:183} INFO - Processing /home/joaosousa/projects/spotify-project/venv/lib/python3.12/site-packages/airflow/example_dags/example_kubernetes_executor.py took 0.015 seconds
[2025-10-27T21:31:38.718-0300] {processor.py:161} INFO - Started process (PID=1153) to work on /home/joaosousa/projects/spotify-project/venv/lib/python3.12/site-packages/airflow/example_dags/example_kubernetes_executor.py
[2025-10-27T21:31:38.720-0300] {processor.py:830} INFO - Processing file /home/joaosousa/projects/spotify-project/venv/lib/python3.12/site-packages/airflow/example_dags/example_kubernetes_executor.py for tasks to queue
[2025-10-27T21:31:38.722-0300] {logging_mixin.py:188} INFO - [2025-10-27T21:31:38.722-0300] {dagbag.py:545} INFO - Filling up the DagBag from /home/joaosousa/projects/spotify-project/venv/lib/python3.12/site-packages/airflow/example_dags/example_kubernetes_executor.py
[2025-10-27T21:31:38.724-0300] {logging_mixin.py:188} INFO - [2025-10-27T21:31:38.724-0300] {example_kubernetes_executor.py:39} WARNING - The example_kubernetes_executor example DAG requires the kubernetes provider. Please install it with: pip install apache-airflow[cncf.kubernetes]
[2025-10-27T21:31:38.724-0300] {processor.py:842} WARNING - No viable dags retrieved from /home/joaosousa/projects/spotify-project/venv/lib/python3.12/site-packages/airflow/example_dags/example_kubernetes_executor.py
[2025-10-27T21:31:38.731-0300] {processor.py:183} INFO - Processing /home/joaosousa/projects/spotify-project/venv/lib/python3.12/site-packages/airflow/example_dags/example_kubernetes_executor.py took 0.016 seconds
[2025-10-27T21:32:31.785-0300] {processor.py:161} INFO - Started process (PID=1336) to work on /home/joaosousa/projects/spotify-project/venv/lib/python3.12/site-packages/airflow/example_dags/example_kubernetes_executor.py
[2025-10-27T21:32:31.787-0300] {processor.py:830} INFO - Processing file /home/joaosousa/projects/spotify-project/venv/lib/python3.12/site-packages/airflow/example_dags/example_kubernetes_executor.py for tasks to queue
[2025-10-27T21:32:31.788-0300] {logging_mixin.py:188} INFO - [2025-10-27T21:32:31.787-0300] {dagbag.py:545} INFO - Filling up the DagBag from /home/joaosousa/projects/spotify-project/venv/lib/python3.12/site-packages/airflow/example_dags/example_kubernetes_executor.py
[2025-10-27T21:32:31.790-0300] {logging_mixin.py:188} INFO - [2025-10-27T21:32:31.790-0300] {example_kubernetes_executor.py:39} WARNING - The example_kubernetes_executor example DAG requires the kubernetes provider. Please install it with: pip install apache-airflow[cncf.kubernetes]
[2025-10-27T21:32:31.790-0300] {processor.py:842} WARNING - No viable dags retrieved from /home/joaosousa/projects/spotify-project/venv/lib/python3.12/site-packages/airflow/example_dags/example_kubernetes_executor.py
[2025-10-27T21:32:31.798-0300] {processor.py:183} INFO - Processing /home/joaosousa/projects/spotify-project/venv/lib/python3.12/site-packages/airflow/example_dags/example_kubernetes_executor.py took 0.017 seconds
[2025-10-27T21:33:19.014-0300] {processor.py:161} INFO - Started process (PID=1409) to work on /home/joaosousa/projects/spotify-project/venv/lib/python3.12/site-packages/airflow/example_dags/example_kubernetes_executor.py
[2025-10-27T21:33:19.016-0300] {processor.py:830} INFO - Processing file /home/joaosousa/projects/spotify-project/venv/lib/python3.12/site-packages/airflow/example_dags/example_kubernetes_executor.py for tasks to queue
[2025-10-27T21:33:19.018-0300] {logging_mixin.py:188} INFO - [2025-10-27T21:33:19.017-0300] {dagbag.py:545} INFO - Filling up the DagBag from /home/joaosousa/projects/spotify-project/venv/lib/python3.12/site-packages/airflow/example_dags/example_kubernetes_executor.py
[2025-10-27T21:33:19.020-0300] {logging_mixin.py:188} INFO - [2025-10-27T21:33:19.019-0300] {example_kubernetes_executor.py:39} WARNING - The example_kubernetes_executor example DAG requires the kubernetes provider. Please install it with: pip install apache-airflow[cncf.kubernetes]
[2025-10-27T21:33:19.020-0300] {processor.py:842} WARNING - No viable dags retrieved from /home/joaosousa/projects/spotify-project/venv/lib/python3.12/site-packages/airflow/example_dags/example_kubernetes_executor.py
[2025-10-27T21:33:19.027-0300] {processor.py:183} INFO - Processing /home/joaosousa/projects/spotify-project/venv/lib/python3.12/site-packages/airflow/example_dags/example_kubernetes_executor.py took 0.017 seconds
[2025-10-27T21:33:59.240-0300] {processor.py:161} INFO - Started process (PID=1475) to work on /home/joaosousa/projects/spotify-project/venv/lib/python3.12/site-packages/airflow/example_dags/example_kubernetes_executor.py
[2025-10-27T21:33:59.241-0300] {processor.py:830} INFO - Processing file /home/joaosousa/projects/spotify-project/venv/lib/python3.12/site-packages/airflow/example_dags/example_kubernetes_executor.py for tasks to queue
[2025-10-27T21:33:59.242-0300] {logging_mixin.py:188} INFO - [2025-10-27T21:33:59.242-0300] {dagbag.py:545} INFO - Filling up the DagBag from /home/joaosousa/projects/spotify-project/venv/lib/python3.12/site-packages/airflow/example_dags/example_kubernetes_executor.py
[2025-10-27T21:33:59.244-0300] {logging_mixin.py:188} INFO - [2025-10-27T21:33:59.244-0300] {example_kubernetes_executor.py:39} WARNING - The example_kubernetes_executor example DAG requires the kubernetes provider. Please install it with: pip install apache-airflow[cncf.kubernetes]
[2025-10-27T21:33:59.244-0300] {processor.py:842} WARNING - No viable dags retrieved from /home/joaosousa/projects/spotify-project/venv/lib/python3.12/site-packages/airflow/example_dags/example_kubernetes_executor.py
[2025-10-27T21:33:59.251-0300] {processor.py:183} INFO - Processing /home/joaosousa/projects/spotify-project/venv/lib/python3.12/site-packages/airflow/example_dags/example_kubernetes_executor.py took 0.016 seconds
[2025-10-27T21:34:39.809-0300] {processor.py:161} INFO - Started process (PID=1543) to work on /home/joaosousa/projects/spotify-project/venv/lib/python3.12/site-packages/airflow/example_dags/example_kubernetes_executor.py
[2025-10-27T21:34:39.811-0300] {processor.py:830} INFO - Processing file /home/joaosousa/projects/spotify-project/venv/lib/python3.12/site-packages/airflow/example_dags/example_kubernetes_executor.py for tasks to queue
[2025-10-27T21:34:39.813-0300] {logging_mixin.py:188} INFO - [2025-10-27T21:34:39.812-0300] {dagbag.py:545} INFO - Filling up the DagBag from /home/joaosousa/projects/spotify-project/venv/lib/python3.12/site-packages/airflow/example_dags/example_kubernetes_executor.py
[2025-10-27T21:34:39.815-0300] {logging_mixin.py:188} INFO - [2025-10-27T21:34:39.815-0300] {example_kubernetes_executor.py:39} WARNING - The example_kubernetes_executor example DAG requires the kubernetes provider. Please install it with: pip install apache-airflow[cncf.kubernetes]
[2025-10-27T21:34:39.815-0300] {processor.py:842} WARNING - No viable dags retrieved from /home/joaosousa/projects/spotify-project/venv/lib/python3.12/site-packages/airflow/example_dags/example_kubernetes_executor.py
[2025-10-27T21:34:39.822-0300] {processor.py:183} INFO - Processing /home/joaosousa/projects/spotify-project/venv/lib/python3.12/site-packages/airflow/example_dags/example_kubernetes_executor.py took 0.016 seconds
[2025-10-27T21:35:18.606-0300] {processor.py:161} INFO - Started process (PID=1607) to work on /home/joaosousa/projects/spotify-project/venv/lib/python3.12/site-packages/airflow/example_dags/example_kubernetes_executor.py
[2025-10-27T21:35:18.608-0300] {processor.py:830} INFO - Processing file /home/joaosousa/projects/spotify-project/venv/lib/python3.12/site-packages/airflow/example_dags/example_kubernetes_executor.py for tasks to queue
[2025-10-27T21:35:18.610-0300] {logging_mixin.py:188} INFO - [2025-10-27T21:35:18.609-0300] {dagbag.py:545} INFO - Filling up the DagBag from /home/joaosousa/projects/spotify-project/venv/lib/python3.12/site-packages/airflow/example_dags/example_kubernetes_executor.py
[2025-10-27T21:35:18.613-0300] {logging_mixin.py:188} INFO - [2025-10-27T21:35:18.612-0300] {example_kubernetes_executor.py:39} WARNING - The example_kubernetes_executor example DAG requires the kubernetes provider. Please install it with: pip install apache-airflow[cncf.kubernetes]
[2025-10-27T21:35:18.613-0300] {processor.py:842} WARNING - No viable dags retrieved from /home/joaosousa/projects/spotify-project/venv/lib/python3.12/site-packages/airflow/example_dags/example_kubernetes_executor.py
[2025-10-27T21:35:18.623-0300] {processor.py:183} INFO - Processing /home/joaosousa/projects/spotify-project/venv/lib/python3.12/site-packages/airflow/example_dags/example_kubernetes_executor.py took 0.022 seconds
[2025-10-27T21:36:02.086-0300] {processor.py:161} INFO - Started process (PID=1675) to work on /home/joaosousa/projects/spotify-project/venv/lib/python3.12/site-packages/airflow/example_dags/example_kubernetes_executor.py
[2025-10-27T21:36:02.088-0300] {processor.py:830} INFO - Processing file /home/joaosousa/projects/spotify-project/venv/lib/python3.12/site-packages/airflow/example_dags/example_kubernetes_executor.py for tasks to queue
[2025-10-27T21:36:02.090-0300] {logging_mixin.py:188} INFO - [2025-10-27T21:36:02.089-0300] {dagbag.py:545} INFO - Filling up the DagBag from /home/joaosousa/projects/spotify-project/venv/lib/python3.12/site-packages/airflow/example_dags/example_kubernetes_executor.py
[2025-10-27T21:36:02.091-0300] {logging_mixin.py:188} INFO - [2025-10-27T21:36:02.091-0300] {example_kubernetes_executor.py:39} WARNING - The example_kubernetes_executor example DAG requires the kubernetes provider. Please install it with: pip install apache-airflow[cncf.kubernetes]
[2025-10-27T21:36:02.092-0300] {processor.py:842} WARNING - No viable dags retrieved from /home/joaosousa/projects/spotify-project/venv/lib/python3.12/site-packages/airflow/example_dags/example_kubernetes_executor.py
[2025-10-27T21:36:02.099-0300] {processor.py:183} INFO - Processing /home/joaosousa/projects/spotify-project/venv/lib/python3.12/site-packages/airflow/example_dags/example_kubernetes_executor.py took 0.018 seconds
[2025-10-27T21:36:50.605-0300] {processor.py:161} INFO - Started process (PID=1746) to work on /home/joaosousa/projects/spotify-project/venv/lib/python3.12/site-packages/airflow/example_dags/example_kubernetes_executor.py
[2025-10-27T21:36:50.606-0300] {processor.py:830} INFO - Processing file /home/joaosousa/projects/spotify-project/venv/lib/python3.12/site-packages/airflow/example_dags/example_kubernetes_executor.py for tasks to queue
[2025-10-27T21:36:50.607-0300] {logging_mixin.py:188} INFO - [2025-10-27T21:36:50.607-0300] {dagbag.py:545} INFO - Filling up the DagBag from /home/joaosousa/projects/spotify-project/venv/lib/python3.12/site-packages/airflow/example_dags/example_kubernetes_executor.py
[2025-10-27T21:36:50.609-0300] {logging_mixin.py:188} INFO - [2025-10-27T21:36:50.609-0300] {example_kubernetes_executor.py:39} WARNING - The example_kubernetes_executor example DAG requires the kubernetes provider. Please install it with: pip install apache-airflow[cncf.kubernetes]
[2025-10-27T21:36:50.609-0300] {processor.py:842} WARNING - No viable dags retrieved from /home/joaosousa/projects/spotify-project/venv/lib/python3.12/site-packages/airflow/example_dags/example_kubernetes_executor.py
[2025-10-27T21:36:50.619-0300] {processor.py:183} INFO - Processing /home/joaosousa/projects/spotify-project/venv/lib/python3.12/site-packages/airflow/example_dags/example_kubernetes_executor.py took 0.020 seconds
[2025-10-27T21:37:36.108-0300] {processor.py:161} INFO - Started process (PID=1818) to work on /home/joaosousa/projects/spotify-project/venv/lib/python3.12/site-packages/airflow/example_dags/example_kubernetes_executor.py
[2025-10-27T21:37:36.109-0300] {processor.py:830} INFO - Processing file /home/joaosousa/projects/spotify-project/venv/lib/python3.12/site-packages/airflow/example_dags/example_kubernetes_executor.py for tasks to queue
[2025-10-27T21:37:36.111-0300] {logging_mixin.py:188} INFO - [2025-10-27T21:37:36.111-0300] {dagbag.py:545} INFO - Filling up the DagBag from /home/joaosousa/projects/spotify-project/venv/lib/python3.12/site-packages/airflow/example_dags/example_kubernetes_executor.py
[2025-10-27T21:37:36.114-0300] {logging_mixin.py:188} INFO - [2025-10-27T21:37:36.114-0300] {example_kubernetes_executor.py:39} WARNING - The example_kubernetes_executor example DAG requires the kubernetes provider. Please install it with: pip install apache-airflow[cncf.kubernetes]
[2025-10-27T21:37:36.114-0300] {processor.py:842} WARNING - No viable dags retrieved from /home/joaosousa/projects/spotify-project/venv/lib/python3.12/site-packages/airflow/example_dags/example_kubernetes_executor.py
[2025-10-27T21:37:36.126-0300] {processor.py:183} INFO - Processing /home/joaosousa/projects/spotify-project/venv/lib/python3.12/site-packages/airflow/example_dags/example_kubernetes_executor.py took 0.027 seconds
[2025-10-27T21:38:19.090-0300] {processor.py:161} INFO - Started process (PID=1887) to work on /home/joaosousa/projects/spotify-project/venv/lib/python3.12/site-packages/airflow/example_dags/example_kubernetes_executor.py
[2025-10-27T21:38:19.092-0300] {processor.py:830} INFO - Processing file /home/joaosousa/projects/spotify-project/venv/lib/python3.12/site-packages/airflow/example_dags/example_kubernetes_executor.py for tasks to queue
[2025-10-27T21:38:19.094-0300] {logging_mixin.py:188} INFO - [2025-10-27T21:38:19.094-0300] {dagbag.py:545} INFO - Filling up the DagBag from /home/joaosousa/projects/spotify-project/venv/lib/python3.12/site-packages/airflow/example_dags/example_kubernetes_executor.py
[2025-10-27T21:38:19.096-0300] {logging_mixin.py:188} INFO - [2025-10-27T21:38:19.096-0300] {example_kubernetes_executor.py:39} WARNING - The example_kubernetes_executor example DAG requires the kubernetes provider. Please install it with: pip install apache-airflow[cncf.kubernetes]
[2025-10-27T21:38:19.096-0300] {processor.py:842} WARNING - No viable dags retrieved from /home/joaosousa/projects/spotify-project/venv/lib/python3.12/site-packages/airflow/example_dags/example_kubernetes_executor.py
[2025-10-27T21:38:19.104-0300] {processor.py:183} INFO - Processing /home/joaosousa/projects/spotify-project/venv/lib/python3.12/site-packages/airflow/example_dags/example_kubernetes_executor.py took 0.017 seconds
[2025-10-27T21:38:57.601-0300] {processor.py:161} INFO - Started process (PID=1957) to work on /home/joaosousa/projects/spotify-project/venv/lib/python3.12/site-packages/airflow/example_dags/example_kubernetes_executor.py
[2025-10-27T21:38:57.604-0300] {processor.py:830} INFO - Processing file /home/joaosousa/projects/spotify-project/venv/lib/python3.12/site-packages/airflow/example_dags/example_kubernetes_executor.py for tasks to queue
[2025-10-27T21:38:57.606-0300] {logging_mixin.py:188} INFO - [2025-10-27T21:38:57.606-0300] {dagbag.py:545} INFO - Filling up the DagBag from /home/joaosousa/projects/spotify-project/venv/lib/python3.12/site-packages/airflow/example_dags/example_kubernetes_executor.py
[2025-10-27T21:38:57.609-0300] {logging_mixin.py:188} INFO - [2025-10-27T21:38:57.609-0300] {example_kubernetes_executor.py:39} WARNING - The example_kubernetes_executor example DAG requires the kubernetes provider. Please install it with: pip install apache-airflow[cncf.kubernetes]
[2025-10-27T21:38:57.609-0300] {processor.py:842} WARNING - No viable dags retrieved from /home/joaosousa/projects/spotify-project/venv/lib/python3.12/site-packages/airflow/example_dags/example_kubernetes_executor.py
[2025-10-27T21:38:57.617-0300] {processor.py:183} INFO - Processing /home/joaosousa/projects/spotify-project/venv/lib/python3.12/site-packages/airflow/example_dags/example_kubernetes_executor.py took 0.020 seconds
[2025-10-27T21:39:52.930-0300] {processor.py:161} INFO - Started process (PID=2057) to work on /home/joaosousa/projects/spotify-project/venv/lib/python3.12/site-packages/airflow/example_dags/example_kubernetes_executor.py
[2025-10-27T21:39:52.932-0300] {processor.py:830} INFO - Processing file /home/joaosousa/projects/spotify-project/venv/lib/python3.12/site-packages/airflow/example_dags/example_kubernetes_executor.py for tasks to queue
[2025-10-27T21:39:52.934-0300] {logging_mixin.py:188} INFO - [2025-10-27T21:39:52.933-0300] {dagbag.py:545} INFO - Filling up the DagBag from /home/joaosousa/projects/spotify-project/venv/lib/python3.12/site-packages/airflow/example_dags/example_kubernetes_executor.py
[2025-10-27T21:39:52.935-0300] {logging_mixin.py:188} INFO - [2025-10-27T21:39:52.935-0300] {example_kubernetes_executor.py:39} WARNING - The example_kubernetes_executor example DAG requires the kubernetes provider. Please install it with: pip install apache-airflow[cncf.kubernetes]
[2025-10-27T21:39:52.936-0300] {processor.py:842} WARNING - No viable dags retrieved from /home/joaosousa/projects/spotify-project/venv/lib/python3.12/site-packages/airflow/example_dags/example_kubernetes_executor.py
[2025-10-27T21:39:52.943-0300] {processor.py:183} INFO - Processing /home/joaosousa/projects/spotify-project/venv/lib/python3.12/site-packages/airflow/example_dags/example_kubernetes_executor.py took 0.017 seconds
