[2025-10-27T21:31:18.181-0300] {processor.py:161} INFO - Started process (PID=1104) to work on /home/joaosousa/projects/spotify-project/venv/lib/python3.12/site-packages/airflow/example_dags/example_branch_labels.py
[2025-10-27T21:31:18.181-0300] {processor.py:830} INFO - Processing file /home/joaosousa/projects/spotify-project/venv/lib/python3.12/site-packages/airflow/example_dags/example_branch_labels.py for tasks to queue
[2025-10-27T21:31:18.183-0300] {logging_mixin.py:188} INFO - [2025-10-27T21:31:18.182-0300] {dagbag.py:545} INFO - Filling up the DagBag from /home/joaosousa/projects/spotify-project/venv/lib/python3.12/site-packages/airflow/example_dags/example_branch_labels.py
[2025-10-27T21:31:18.188-0300] {processor.py:840} INFO - DAG(s) 'example_branch_labels' retrieved from /home/joaosousa/projects/spotify-project/venv/lib/python3.12/site-packages/airflow/example_dags/example_branch_labels.py
[2025-10-27T21:31:18.200-0300] {logging_mixin.py:188} INFO - [2025-10-27T21:31:18.199-0300] {dag.py:3096} INFO - Sync 1 DAGs
[2025-10-27T21:31:18.212-0300] {logging_mixin.py:188} INFO - [2025-10-27T21:31:18.212-0300] {dag.py:3954} INFO - Setting next_dagrun for example_branch_labels to 2025-10-27 00:00:00+00:00, run_after=2025-10-28 00:00:00+00:00
[2025-10-27T21:31:18.228-0300] {processor.py:183} INFO - Processing /home/joaosousa/projects/spotify-project/venv/lib/python3.12/site-packages/airflow/example_dags/example_branch_labels.py took 0.051 seconds
[2025-10-27T21:32:16.374-0300] {processor.py:161} INFO - Started process (PID=1321) to work on /home/joaosousa/projects/spotify-project/venv/lib/python3.12/site-packages/airflow/example_dags/example_branch_labels.py
[2025-10-27T21:32:16.376-0300] {processor.py:830} INFO - Processing file /home/joaosousa/projects/spotify-project/venv/lib/python3.12/site-packages/airflow/example_dags/example_branch_labels.py for tasks to queue
[2025-10-27T21:32:16.377-0300] {logging_mixin.py:188} INFO - [2025-10-27T21:32:16.377-0300] {dagbag.py:545} INFO - Filling up the DagBag from /home/joaosousa/projects/spotify-project/venv/lib/python3.12/site-packages/airflow/example_dags/example_branch_labels.py
[2025-10-27T21:32:16.383-0300] {processor.py:840} INFO - DAG(s) 'example_branch_labels' retrieved from /home/joaosousa/projects/spotify-project/venv/lib/python3.12/site-packages/airflow/example_dags/example_branch_labels.py
[2025-10-27T21:32:16.394-0300] {logging_mixin.py:188} INFO - [2025-10-27T21:32:16.394-0300] {dag.py:3096} INFO - Sync 1 DAGs
[2025-10-27T21:32:16.405-0300] {logging_mixin.py:188} INFO - [2025-10-27T21:32:16.405-0300] {dag.py:3954} INFO - Setting next_dagrun for example_branch_labels to 2025-10-27 00:00:00+00:00, run_after=2025-10-28 00:00:00+00:00
[2025-10-27T21:32:16.419-0300] {processor.py:183} INFO - Processing /home/joaosousa/projects/spotify-project/venv/lib/python3.12/site-packages/airflow/example_dags/example_branch_labels.py took 0.049 seconds
[2025-10-27T21:33:09.103-0300] {processor.py:161} INFO - Started process (PID=1399) to work on /home/joaosousa/projects/spotify-project/venv/lib/python3.12/site-packages/airflow/example_dags/example_branch_labels.py
[2025-10-27T21:33:09.105-0300] {processor.py:830} INFO - Processing file /home/joaosousa/projects/spotify-project/venv/lib/python3.12/site-packages/airflow/example_dags/example_branch_labels.py for tasks to queue
[2025-10-27T21:33:09.106-0300] {logging_mixin.py:188} INFO - [2025-10-27T21:33:09.106-0300] {dagbag.py:545} INFO - Filling up the DagBag from /home/joaosousa/projects/spotify-project/venv/lib/python3.12/site-packages/airflow/example_dags/example_branch_labels.py
[2025-10-27T21:33:09.112-0300] {processor.py:840} INFO - DAG(s) 'example_branch_labels' retrieved from /home/joaosousa/projects/spotify-project/venv/lib/python3.12/site-packages/airflow/example_dags/example_branch_labels.py
[2025-10-27T21:33:09.123-0300] {logging_mixin.py:188} INFO - [2025-10-27T21:33:09.123-0300] {dag.py:3096} INFO - Sync 1 DAGs
[2025-10-27T21:33:09.135-0300] {logging_mixin.py:188} INFO - [2025-10-27T21:33:09.135-0300] {dag.py:3954} INFO - Setting next_dagrun for example_branch_labels to 2025-10-27 00:00:00+00:00, run_after=2025-10-28 00:00:00+00:00
[2025-10-27T21:33:09.148-0300] {processor.py:183} INFO - Processing /home/joaosousa/projects/spotify-project/venv/lib/python3.12/site-packages/airflow/example_dags/example_branch_labels.py took 0.049 seconds
[2025-10-27T21:34:10.064-0300] {processor.py:161} INFO - Started process (PID=1487) to work on /home/joaosousa/projects/spotify-project/venv/lib/python3.12/site-packages/airflow/example_dags/example_branch_labels.py
[2025-10-27T21:34:10.066-0300] {processor.py:830} INFO - Processing file /home/joaosousa/projects/spotify-project/venv/lib/python3.12/site-packages/airflow/example_dags/example_branch_labels.py for tasks to queue
[2025-10-27T21:34:10.067-0300] {logging_mixin.py:188} INFO - [2025-10-27T21:34:10.067-0300] {dagbag.py:545} INFO - Filling up the DagBag from /home/joaosousa/projects/spotify-project/venv/lib/python3.12/site-packages/airflow/example_dags/example_branch_labels.py
[2025-10-27T21:34:10.072-0300] {processor.py:840} INFO - DAG(s) 'example_branch_labels' retrieved from /home/joaosousa/projects/spotify-project/venv/lib/python3.12/site-packages/airflow/example_dags/example_branch_labels.py
[2025-10-27T21:34:10.084-0300] {logging_mixin.py:188} INFO - [2025-10-27T21:34:10.084-0300] {dag.py:3096} INFO - Sync 1 DAGs
[2025-10-27T21:34:10.096-0300] {logging_mixin.py:188} INFO - [2025-10-27T21:34:10.096-0300] {dag.py:3954} INFO - Setting next_dagrun for example_branch_labels to 2025-10-27 00:00:00+00:00, run_after=2025-10-28 00:00:00+00:00
[2025-10-27T21:34:10.110-0300] {processor.py:183} INFO - Processing /home/joaosousa/projects/spotify-project/venv/lib/python3.12/site-packages/airflow/example_dags/example_branch_labels.py took 0.050 seconds
[2025-10-27T21:35:08.768-0300] {processor.py:161} INFO - Started process (PID=1597) to work on /home/joaosousa/projects/spotify-project/venv/lib/python3.12/site-packages/airflow/example_dags/example_branch_labels.py
[2025-10-27T21:35:08.769-0300] {processor.py:830} INFO - Processing file /home/joaosousa/projects/spotify-project/venv/lib/python3.12/site-packages/airflow/example_dags/example_branch_labels.py for tasks to queue
[2025-10-27T21:35:08.771-0300] {logging_mixin.py:188} INFO - [2025-10-27T21:35:08.770-0300] {dagbag.py:545} INFO - Filling up the DagBag from /home/joaosousa/projects/spotify-project/venv/lib/python3.12/site-packages/airflow/example_dags/example_branch_labels.py
[2025-10-27T21:35:08.776-0300] {processor.py:840} INFO - DAG(s) 'example_branch_labels' retrieved from /home/joaosousa/projects/spotify-project/venv/lib/python3.12/site-packages/airflow/example_dags/example_branch_labels.py
[2025-10-27T21:35:08.787-0300] {logging_mixin.py:188} INFO - [2025-10-27T21:35:08.787-0300] {dag.py:3096} INFO - Sync 1 DAGs
[2025-10-27T21:35:08.799-0300] {logging_mixin.py:188} INFO - [2025-10-27T21:35:08.799-0300] {dag.py:3954} INFO - Setting next_dagrun for example_branch_labels to 2025-10-27 00:00:00+00:00, run_after=2025-10-28 00:00:00+00:00
[2025-10-27T21:35:08.813-0300] {processor.py:183} INFO - Processing /home/joaosousa/projects/spotify-project/venv/lib/python3.12/site-packages/airflow/example_dags/example_branch_labels.py took 0.050 seconds
[2025-10-27T21:36:16.047-0300] {processor.py:161} INFO - Started process (PID=1689) to work on /home/joaosousa/projects/spotify-project/venv/lib/python3.12/site-packages/airflow/example_dags/example_branch_labels.py
[2025-10-27T21:36:16.048-0300] {processor.py:830} INFO - Processing file /home/joaosousa/projects/spotify-project/venv/lib/python3.12/site-packages/airflow/example_dags/example_branch_labels.py for tasks to queue
[2025-10-27T21:36:16.050-0300] {logging_mixin.py:188} INFO - [2025-10-27T21:36:16.049-0300] {dagbag.py:545} INFO - Filling up the DagBag from /home/joaosousa/projects/spotify-project/venv/lib/python3.12/site-packages/airflow/example_dags/example_branch_labels.py
[2025-10-27T21:36:16.055-0300] {processor.py:840} INFO - DAG(s) 'example_branch_labels' retrieved from /home/joaosousa/projects/spotify-project/venv/lib/python3.12/site-packages/airflow/example_dags/example_branch_labels.py
[2025-10-27T21:36:16.066-0300] {logging_mixin.py:188} INFO - [2025-10-27T21:36:16.066-0300] {dag.py:3096} INFO - Sync 1 DAGs
[2025-10-27T21:36:16.079-0300] {logging_mixin.py:188} INFO - [2025-10-27T21:36:16.079-0300] {dag.py:3954} INFO - Setting next_dagrun for example_branch_labels to 2025-10-27 00:00:00+00:00, run_after=2025-10-28 00:00:00+00:00
[2025-10-27T21:36:16.182-0300] {processor.py:183} INFO - Processing /home/joaosousa/projects/spotify-project/venv/lib/python3.12/site-packages/airflow/example_dags/example_branch_labels.py took 0.139 seconds
[2025-10-27T21:37:25.864-0300] {processor.py:161} INFO - Started process (PID=1806) to work on /home/joaosousa/projects/spotify-project/venv/lib/python3.12/site-packages/airflow/example_dags/example_branch_labels.py
[2025-10-27T21:37:25.866-0300] {processor.py:830} INFO - Processing file /home/joaosousa/projects/spotify-project/venv/lib/python3.12/site-packages/airflow/example_dags/example_branch_labels.py for tasks to queue
[2025-10-27T21:37:25.867-0300] {logging_mixin.py:188} INFO - [2025-10-27T21:37:25.866-0300] {dagbag.py:545} INFO - Filling up the DagBag from /home/joaosousa/projects/spotify-project/venv/lib/python3.12/site-packages/airflow/example_dags/example_branch_labels.py
[2025-10-27T21:37:25.873-0300] {processor.py:840} INFO - DAG(s) 'example_branch_labels' retrieved from /home/joaosousa/projects/spotify-project/venv/lib/python3.12/site-packages/airflow/example_dags/example_branch_labels.py
[2025-10-27T21:37:25.884-0300] {logging_mixin.py:188} INFO - [2025-10-27T21:37:25.884-0300] {dag.py:3096} INFO - Sync 1 DAGs
[2025-10-27T21:37:25.898-0300] {logging_mixin.py:188} INFO - [2025-10-27T21:37:25.898-0300] {dag.py:3954} INFO - Setting next_dagrun for example_branch_labels to 2025-10-27 00:00:00+00:00, run_after=2025-10-28 00:00:00+00:00
[2025-10-27T21:37:25.913-0300] {processor.py:183} INFO - Processing /home/joaosousa/projects/spotify-project/venv/lib/python3.12/site-packages/airflow/example_dags/example_branch_labels.py took 0.053 seconds
[2025-10-27T21:38:30.351-0300] {processor.py:161} INFO - Started process (PID=1903) to work on /home/joaosousa/projects/spotify-project/venv/lib/python3.12/site-packages/airflow/example_dags/example_branch_labels.py
[2025-10-27T21:38:30.352-0300] {processor.py:830} INFO - Processing file /home/joaosousa/projects/spotify-project/venv/lib/python3.12/site-packages/airflow/example_dags/example_branch_labels.py for tasks to queue
[2025-10-27T21:38:30.353-0300] {logging_mixin.py:188} INFO - [2025-10-27T21:38:30.353-0300] {dagbag.py:545} INFO - Filling up the DagBag from /home/joaosousa/projects/spotify-project/venv/lib/python3.12/site-packages/airflow/example_dags/example_branch_labels.py
[2025-10-27T21:38:30.360-0300] {processor.py:840} INFO - DAG(s) 'example_branch_labels' retrieved from /home/joaosousa/projects/spotify-project/venv/lib/python3.12/site-packages/airflow/example_dags/example_branch_labels.py
[2025-10-27T21:38:30.373-0300] {logging_mixin.py:188} INFO - [2025-10-27T21:38:30.372-0300] {dag.py:3096} INFO - Sync 1 DAGs
[2025-10-27T21:38:30.387-0300] {logging_mixin.py:188} INFO - [2025-10-27T21:38:30.387-0300] {dag.py:3954} INFO - Setting next_dagrun for example_branch_labels to 2025-10-27 00:00:00+00:00, run_after=2025-10-28 00:00:00+00:00
[2025-10-27T21:38:30.406-0300] {processor.py:183} INFO - Processing /home/joaosousa/projects/spotify-project/venv/lib/python3.12/site-packages/airflow/example_dags/example_branch_labels.py took 0.060 seconds
[2025-10-27T21:39:22.673-0300] {processor.py:161} INFO - Started process (PID=2000) to work on /home/joaosousa/projects/spotify-project/venv/lib/python3.12/site-packages/airflow/example_dags/example_branch_labels.py
[2025-10-27T21:39:22.675-0300] {processor.py:830} INFO - Processing file /home/joaosousa/projects/spotify-project/venv/lib/python3.12/site-packages/airflow/example_dags/example_branch_labels.py for tasks to queue
[2025-10-27T21:39:22.677-0300] {logging_mixin.py:188} INFO - [2025-10-27T21:39:22.676-0300] {dagbag.py:545} INFO - Filling up the DagBag from /home/joaosousa/projects/spotify-project/venv/lib/python3.12/site-packages/airflow/example_dags/example_branch_labels.py
[2025-10-27T21:39:22.682-0300] {processor.py:840} INFO - DAG(s) 'example_branch_labels' retrieved from /home/joaosousa/projects/spotify-project/venv/lib/python3.12/site-packages/airflow/example_dags/example_branch_labels.py
[2025-10-27T21:39:22.695-0300] {logging_mixin.py:188} INFO - [2025-10-27T21:39:22.694-0300] {dag.py:3096} INFO - Sync 1 DAGs
[2025-10-27T21:39:22.708-0300] {logging_mixin.py:188} INFO - [2025-10-27T21:39:22.708-0300] {dag.py:3954} INFO - Setting next_dagrun for example_branch_labels to 2025-10-27 00:00:00+00:00, run_after=2025-10-28 00:00:00+00:00
[2025-10-27T21:39:22.723-0300] {processor.py:183} INFO - Processing /home/joaosousa/projects/spotify-project/venv/lib/python3.12/site-packages/airflow/example_dags/example_branch_labels.py took 0.055 seconds
[2025-10-27T21:40:27.851-0300] {processor.py:161} INFO - Started process (PID=2111) to work on /home/joaosousa/projects/spotify-project/venv/lib/python3.12/site-packages/airflow/example_dags/example_branch_labels.py
[2025-10-27T21:40:27.853-0300] {processor.py:830} INFO - Processing file /home/joaosousa/projects/spotify-project/venv/lib/python3.12/site-packages/airflow/example_dags/example_branch_labels.py for tasks to queue
[2025-10-27T21:40:27.854-0300] {logging_mixin.py:188} INFO - [2025-10-27T21:40:27.854-0300] {dagbag.py:545} INFO - Filling up the DagBag from /home/joaosousa/projects/spotify-project/venv/lib/python3.12/site-packages/airflow/example_dags/example_branch_labels.py
[2025-10-27T21:40:27.860-0300] {processor.py:840} INFO - DAG(s) 'example_branch_labels' retrieved from /home/joaosousa/projects/spotify-project/venv/lib/python3.12/site-packages/airflow/example_dags/example_branch_labels.py
[2025-10-27T21:40:27.871-0300] {logging_mixin.py:188} INFO - [2025-10-27T21:40:27.871-0300] {dag.py:3096} INFO - Sync 1 DAGs
[2025-10-27T21:40:27.883-0300] {logging_mixin.py:188} INFO - [2025-10-27T21:40:27.883-0300] {dag.py:3954} INFO - Setting next_dagrun for example_branch_labels to 2025-10-27 00:00:00+00:00, run_after=2025-10-28 00:00:00+00:00
[2025-10-27T21:40:27.897-0300] {processor.py:183} INFO - Processing /home/joaosousa/projects/spotify-project/venv/lib/python3.12/site-packages/airflow/example_dags/example_branch_labels.py took 0.051 seconds
