[2025-10-27T21:30:55.348-0300] {processor.py:161} INFO - Started process (PID=1079) to work on /home/joaosousa/projects/spotify-project/venv/lib/python3.12/site-packages/airflow/example_dags/example_datasets.py
[2025-10-27T21:30:55.349-0300] {processor.py:830} INFO - Processing file /home/joaosousa/projects/spotify-project/venv/lib/python3.12/site-packages/airflow/example_dags/example_datasets.py for tasks to queue
[2025-10-27T21:30:55.350-0300] {logging_mixin.py:188} INFO - [2025-10-27T21:30:55.350-0300] {dagbag.py:545} INFO - Filling up the DagBag from /home/joaosousa/projects/spotify-project/venv/lib/python3.12/site-packages/airflow/example_dags/example_datasets.py
[2025-10-27T21:30:55.362-0300] {processor.py:840} INFO - DAG(s) 'dataset_consumes_1_and_2', 'dataset_consumes_unknown_never_scheduled', 'consume_1_or_2_with_dataset_expressions', 'consume_1_or_both_2_and_3_with_dataset_expressions', 'conditional_dataset_and_time_based_timetable', 'consume_1_and_2_with_dataset_expressions', 'dataset_consumes_1_never_scheduled', 'dataset_consumes_1', 'dataset_produces_2', 'dataset_produces_1' retrieved from /home/joaosousa/projects/spotify-project/venv/lib/python3.12/site-packages/airflow/example_dags/example_datasets.py
[2025-10-27T21:30:55.385-0300] {logging_mixin.py:188} INFO - [2025-10-27T21:30:55.385-0300] {dag.py:3096} INFO - Sync 10 DAGs
[2025-10-27T21:30:55.399-0300] {logging_mixin.py:188} INFO - [2025-10-27T21:30:55.399-0300] {dag.py:3954} INFO - Setting next_dagrun for conditional_dataset_and_time_based_timetable to 2025-10-22 01:00:00+00:00, run_after=2025-10-22 01:00:00+00:00
[2025-10-27T21:30:55.401-0300] {logging_mixin.py:188} INFO - [2025-10-27T21:30:55.401-0300] {dag.py:3954} INFO - Setting next_dagrun for consume_1_and_2_with_dataset_expressions to None, run_after=None
[2025-10-27T21:30:55.401-0300] {logging_mixin.py:188} INFO - [2025-10-27T21:30:55.401-0300] {dag.py:3954} INFO - Setting next_dagrun for consume_1_or_2_with_dataset_expressions to None, run_after=None
[2025-10-27T21:30:55.402-0300] {logging_mixin.py:188} INFO - [2025-10-27T21:30:55.402-0300] {dag.py:3954} INFO - Setting next_dagrun for consume_1_or_both_2_and_3_with_dataset_expressions to None, run_after=None
[2025-10-27T21:30:55.402-0300] {logging_mixin.py:188} INFO - [2025-10-27T21:30:55.402-0300] {dag.py:3954} INFO - Setting next_dagrun for dataset_consumes_1 to None, run_after=None
[2025-10-27T21:30:55.403-0300] {logging_mixin.py:188} INFO - [2025-10-27T21:30:55.403-0300] {dag.py:3954} INFO - Setting next_dagrun for dataset_consumes_1_and_2 to None, run_after=None
[2025-10-27T21:30:55.403-0300] {logging_mixin.py:188} INFO - [2025-10-27T21:30:55.403-0300] {dag.py:3954} INFO - Setting next_dagrun for dataset_consumes_1_never_scheduled to None, run_after=None
[2025-10-27T21:30:55.404-0300] {logging_mixin.py:188} INFO - [2025-10-27T21:30:55.404-0300] {dag.py:3954} INFO - Setting next_dagrun for dataset_consumes_unknown_never_scheduled to None, run_after=None
[2025-10-27T21:30:55.405-0300] {logging_mixin.py:188} INFO - [2025-10-27T21:30:55.405-0300] {dag.py:3954} INFO - Setting next_dagrun for dataset_produces_1 to 2025-10-27 00:00:00+00:00, run_after=2025-10-28 00:00:00+00:00
[2025-10-27T21:30:55.405-0300] {logging_mixin.py:188} INFO - [2025-10-27T21:30:55.405-0300] {dag.py:3954} INFO - Setting next_dagrun for dataset_produces_2 to None, run_after=None
[2025-10-27T21:30:55.428-0300] {processor.py:183} INFO - Processing /home/joaosousa/projects/spotify-project/venv/lib/python3.12/site-packages/airflow/example_dags/example_datasets.py took 0.084 seconds
[2025-10-27T21:31:43.235-0300] {processor.py:161} INFO - Started process (PID=1157) to work on /home/joaosousa/projects/spotify-project/venv/lib/python3.12/site-packages/airflow/example_dags/example_datasets.py
[2025-10-27T21:31:43.237-0300] {processor.py:830} INFO - Processing file /home/joaosousa/projects/spotify-project/venv/lib/python3.12/site-packages/airflow/example_dags/example_datasets.py for tasks to queue
[2025-10-27T21:31:43.238-0300] {logging_mixin.py:188} INFO - [2025-10-27T21:31:43.238-0300] {dagbag.py:545} INFO - Filling up the DagBag from /home/joaosousa/projects/spotify-project/venv/lib/python3.12/site-packages/airflow/example_dags/example_datasets.py
[2025-10-27T21:31:43.247-0300] {processor.py:840} INFO - DAG(s) 'dataset_consumes_1_never_scheduled', 'dataset_consumes_1', 'dataset_produces_1', 'consume_1_or_both_2_and_3_with_dataset_expressions', 'conditional_dataset_and_time_based_timetable', 'consume_1_and_2_with_dataset_expressions', 'dataset_produces_2', 'consume_1_or_2_with_dataset_expressions', 'dataset_consumes_unknown_never_scheduled', 'dataset_consumes_1_and_2' retrieved from /home/joaosousa/projects/spotify-project/venv/lib/python3.12/site-packages/airflow/example_dags/example_datasets.py
[2025-10-27T21:31:43.270-0300] {logging_mixin.py:188} INFO - [2025-10-27T21:31:43.270-0300] {dag.py:3096} INFO - Sync 10 DAGs
[2025-10-27T21:31:43.286-0300] {logging_mixin.py:188} INFO - [2025-10-27T21:31:43.286-0300] {dag.py:3954} INFO - Setting next_dagrun for conditional_dataset_and_time_based_timetable to 2025-10-22 01:00:00+00:00, run_after=2025-10-22 01:00:00+00:00
[2025-10-27T21:31:43.288-0300] {logging_mixin.py:188} INFO - [2025-10-27T21:31:43.288-0300] {dag.py:3954} INFO - Setting next_dagrun for consume_1_and_2_with_dataset_expressions to None, run_after=None
[2025-10-27T21:31:43.289-0300] {logging_mixin.py:188} INFO - [2025-10-27T21:31:43.289-0300] {dag.py:3954} INFO - Setting next_dagrun for consume_1_or_2_with_dataset_expressions to None, run_after=None
[2025-10-27T21:31:43.289-0300] {logging_mixin.py:188} INFO - [2025-10-27T21:31:43.289-0300] {dag.py:3954} INFO - Setting next_dagrun for consume_1_or_both_2_and_3_with_dataset_expressions to None, run_after=None
[2025-10-27T21:31:43.290-0300] {logging_mixin.py:188} INFO - [2025-10-27T21:31:43.290-0300] {dag.py:3954} INFO - Setting next_dagrun for dataset_consumes_1 to None, run_after=None
[2025-10-27T21:31:43.290-0300] {logging_mixin.py:188} INFO - [2025-10-27T21:31:43.290-0300] {dag.py:3954} INFO - Setting next_dagrun for dataset_consumes_1_and_2 to None, run_after=None
[2025-10-27T21:31:43.291-0300] {logging_mixin.py:188} INFO - [2025-10-27T21:31:43.291-0300] {dag.py:3954} INFO - Setting next_dagrun for dataset_consumes_1_never_scheduled to None, run_after=None
[2025-10-27T21:31:43.291-0300] {logging_mixin.py:188} INFO - [2025-10-27T21:31:43.291-0300] {dag.py:3954} INFO - Setting next_dagrun for dataset_consumes_unknown_never_scheduled to None, run_after=None
[2025-10-27T21:31:43.292-0300] {logging_mixin.py:188} INFO - [2025-10-27T21:31:43.292-0300] {dag.py:3954} INFO - Setting next_dagrun for dataset_produces_1 to 2025-10-27 00:00:00+00:00, run_after=2025-10-28 00:00:00+00:00
[2025-10-27T21:31:43.293-0300] {logging_mixin.py:188} INFO - [2025-10-27T21:31:43.293-0300] {dag.py:3954} INFO - Setting next_dagrun for dataset_produces_2 to None, run_after=None
[2025-10-27T21:31:43.312-0300] {processor.py:183} INFO - Processing /home/joaosousa/projects/spotify-project/venv/lib/python3.12/site-packages/airflow/example_dags/example_datasets.py took 0.081 seconds
[2025-10-27T21:32:35.794-0300] {processor.py:161} INFO - Started process (PID=1342) to work on /home/joaosousa/projects/spotify-project/venv/lib/python3.12/site-packages/airflow/example_dags/example_datasets.py
[2025-10-27T21:32:35.795-0300] {processor.py:830} INFO - Processing file /home/joaosousa/projects/spotify-project/venv/lib/python3.12/site-packages/airflow/example_dags/example_datasets.py for tasks to queue
[2025-10-27T21:32:35.796-0300] {logging_mixin.py:188} INFO - [2025-10-27T21:32:35.796-0300] {dagbag.py:545} INFO - Filling up the DagBag from /home/joaosousa/projects/spotify-project/venv/lib/python3.12/site-packages/airflow/example_dags/example_datasets.py
[2025-10-27T21:32:35.805-0300] {processor.py:840} INFO - DAG(s) 'dataset_consumes_unknown_never_scheduled', 'consume_1_or_both_2_and_3_with_dataset_expressions', 'dataset_produces_2', 'consume_1_and_2_with_dataset_expressions', 'conditional_dataset_and_time_based_timetable', 'dataset_consumes_1', 'dataset_consumes_1_never_scheduled', 'consume_1_or_2_with_dataset_expressions', 'dataset_produces_1', 'dataset_consumes_1_and_2' retrieved from /home/joaosousa/projects/spotify-project/venv/lib/python3.12/site-packages/airflow/example_dags/example_datasets.py
[2025-10-27T21:32:35.826-0300] {logging_mixin.py:188} INFO - [2025-10-27T21:32:35.826-0300] {dag.py:3096} INFO - Sync 10 DAGs
[2025-10-27T21:32:35.840-0300] {logging_mixin.py:188} INFO - [2025-10-27T21:32:35.840-0300] {dag.py:3954} INFO - Setting next_dagrun for conditional_dataset_and_time_based_timetable to 2025-10-22 01:00:00+00:00, run_after=2025-10-22 01:00:00+00:00
[2025-10-27T21:32:35.842-0300] {logging_mixin.py:188} INFO - [2025-10-27T21:32:35.841-0300] {dag.py:3954} INFO - Setting next_dagrun for consume_1_and_2_with_dataset_expressions to None, run_after=None
[2025-10-27T21:32:35.842-0300] {logging_mixin.py:188} INFO - [2025-10-27T21:32:35.842-0300] {dag.py:3954} INFO - Setting next_dagrun for consume_1_or_2_with_dataset_expressions to None, run_after=None
[2025-10-27T21:32:35.843-0300] {logging_mixin.py:188} INFO - [2025-10-27T21:32:35.842-0300] {dag.py:3954} INFO - Setting next_dagrun for consume_1_or_both_2_and_3_with_dataset_expressions to None, run_after=None
[2025-10-27T21:32:35.843-0300] {logging_mixin.py:188} INFO - [2025-10-27T21:32:35.843-0300] {dag.py:3954} INFO - Setting next_dagrun for dataset_consumes_1 to None, run_after=None
[2025-10-27T21:32:35.844-0300] {logging_mixin.py:188} INFO - [2025-10-27T21:32:35.844-0300] {dag.py:3954} INFO - Setting next_dagrun for dataset_consumes_1_and_2 to None, run_after=None
[2025-10-27T21:32:35.844-0300] {logging_mixin.py:188} INFO - [2025-10-27T21:32:35.844-0300] {dag.py:3954} INFO - Setting next_dagrun for dataset_consumes_1_never_scheduled to None, run_after=None
[2025-10-27T21:32:35.845-0300] {logging_mixin.py:188} INFO - [2025-10-27T21:32:35.845-0300] {dag.py:3954} INFO - Setting next_dagrun for dataset_consumes_unknown_never_scheduled to None, run_after=None
[2025-10-27T21:32:35.846-0300] {logging_mixin.py:188} INFO - [2025-10-27T21:32:35.846-0300] {dag.py:3954} INFO - Setting next_dagrun for dataset_produces_1 to 2025-10-27 00:00:00+00:00, run_after=2025-10-28 00:00:00+00:00
[2025-10-27T21:32:35.846-0300] {logging_mixin.py:188} INFO - [2025-10-27T21:32:35.846-0300] {dag.py:3954} INFO - Setting next_dagrun for dataset_produces_2 to None, run_after=None
[2025-10-27T21:32:35.866-0300] {processor.py:183} INFO - Processing /home/joaosousa/projects/spotify-project/venv/lib/python3.12/site-packages/airflow/example_dags/example_datasets.py took 0.076 seconds
[2025-10-27T21:33:21.893-0300] {processor.py:161} INFO - Started process (PID=1413) to work on /home/joaosousa/projects/spotify-project/venv/lib/python3.12/site-packages/airflow/example_dags/example_datasets.py
[2025-10-27T21:33:21.895-0300] {processor.py:830} INFO - Processing file /home/joaosousa/projects/spotify-project/venv/lib/python3.12/site-packages/airflow/example_dags/example_datasets.py for tasks to queue
[2025-10-27T21:33:21.897-0300] {logging_mixin.py:188} INFO - [2025-10-27T21:33:21.896-0300] {dagbag.py:545} INFO - Filling up the DagBag from /home/joaosousa/projects/spotify-project/venv/lib/python3.12/site-packages/airflow/example_dags/example_datasets.py
[2025-10-27T21:33:21.906-0300] {processor.py:840} INFO - DAG(s) 'consume_1_and_2_with_dataset_expressions', 'conditional_dataset_and_time_based_timetable', 'dataset_consumes_1_never_scheduled', 'dataset_produces_2', 'dataset_produces_1', 'consume_1_or_2_with_dataset_expressions', 'consume_1_or_both_2_and_3_with_dataset_expressions', 'dataset_consumes_1', 'dataset_consumes_unknown_never_scheduled', 'dataset_consumes_1_and_2' retrieved from /home/joaosousa/projects/spotify-project/venv/lib/python3.12/site-packages/airflow/example_dags/example_datasets.py
[2025-10-27T21:33:21.927-0300] {logging_mixin.py:188} INFO - [2025-10-27T21:33:21.926-0300] {dag.py:3096} INFO - Sync 10 DAGs
[2025-10-27T21:33:21.940-0300] {logging_mixin.py:188} INFO - [2025-10-27T21:33:21.940-0300] {dag.py:3954} INFO - Setting next_dagrun for conditional_dataset_and_time_based_timetable to 2025-10-22 01:00:00+00:00, run_after=2025-10-22 01:00:00+00:00
[2025-10-27T21:33:21.942-0300] {logging_mixin.py:188} INFO - [2025-10-27T21:33:21.942-0300] {dag.py:3954} INFO - Setting next_dagrun for consume_1_and_2_with_dataset_expressions to None, run_after=None
[2025-10-27T21:33:21.942-0300] {logging_mixin.py:188} INFO - [2025-10-27T21:33:21.942-0300] {dag.py:3954} INFO - Setting next_dagrun for consume_1_or_2_with_dataset_expressions to None, run_after=None
[2025-10-27T21:33:21.943-0300] {logging_mixin.py:188} INFO - [2025-10-27T21:33:21.943-0300] {dag.py:3954} INFO - Setting next_dagrun for consume_1_or_both_2_and_3_with_dataset_expressions to None, run_after=None
[2025-10-27T21:33:21.943-0300] {logging_mixin.py:188} INFO - [2025-10-27T21:33:21.943-0300] {dag.py:3954} INFO - Setting next_dagrun for dataset_consumes_1 to None, run_after=None
[2025-10-27T21:33:21.944-0300] {logging_mixin.py:188} INFO - [2025-10-27T21:33:21.943-0300] {dag.py:3954} INFO - Setting next_dagrun for dataset_consumes_1_and_2 to None, run_after=None
[2025-10-27T21:33:21.944-0300] {logging_mixin.py:188} INFO - [2025-10-27T21:33:21.944-0300] {dag.py:3954} INFO - Setting next_dagrun for dataset_consumes_1_never_scheduled to None, run_after=None
[2025-10-27T21:33:21.944-0300] {logging_mixin.py:188} INFO - [2025-10-27T21:33:21.944-0300] {dag.py:3954} INFO - Setting next_dagrun for dataset_consumes_unknown_never_scheduled to None, run_after=None
[2025-10-27T21:33:21.945-0300] {logging_mixin.py:188} INFO - [2025-10-27T21:33:21.945-0300] {dag.py:3954} INFO - Setting next_dagrun for dataset_produces_1 to 2025-10-27 00:00:00+00:00, run_after=2025-10-28 00:00:00+00:00
[2025-10-27T21:33:21.946-0300] {logging_mixin.py:188} INFO - [2025-10-27T21:33:21.946-0300] {dag.py:3954} INFO - Setting next_dagrun for dataset_produces_2 to None, run_after=None
[2025-10-27T21:33:21.967-0300] {processor.py:183} INFO - Processing /home/joaosousa/projects/spotify-project/venv/lib/python3.12/site-packages/airflow/example_dags/example_datasets.py took 0.077 seconds
[2025-10-27T21:34:21.176-0300] {processor.py:161} INFO - Started process (PID=1521) to work on /home/joaosousa/projects/spotify-project/venv/lib/python3.12/site-packages/airflow/example_dags/example_datasets.py
[2025-10-27T21:34:21.177-0300] {processor.py:830} INFO - Processing file /home/joaosousa/projects/spotify-project/venv/lib/python3.12/site-packages/airflow/example_dags/example_datasets.py for tasks to queue
[2025-10-27T21:34:21.178-0300] {logging_mixin.py:188} INFO - [2025-10-27T21:34:21.178-0300] {dagbag.py:545} INFO - Filling up the DagBag from /home/joaosousa/projects/spotify-project/venv/lib/python3.12/site-packages/airflow/example_dags/example_datasets.py
[2025-10-27T21:34:21.188-0300] {processor.py:840} INFO - DAG(s) 'dataset_consumes_unknown_never_scheduled', 'consume_1_and_2_with_dataset_expressions', 'dataset_consumes_1', 'dataset_consumes_1_never_scheduled', 'consume_1_or_both_2_and_3_with_dataset_expressions', 'conditional_dataset_and_time_based_timetable', 'dataset_consumes_1_and_2', 'dataset_produces_1', 'dataset_produces_2', 'consume_1_or_2_with_dataset_expressions' retrieved from /home/joaosousa/projects/spotify-project/venv/lib/python3.12/site-packages/airflow/example_dags/example_datasets.py
[2025-10-27T21:34:21.210-0300] {logging_mixin.py:188} INFO - [2025-10-27T21:34:21.209-0300] {dag.py:3096} INFO - Sync 10 DAGs
[2025-10-27T21:34:21.224-0300] {logging_mixin.py:188} INFO - [2025-10-27T21:34:21.224-0300] {dag.py:3954} INFO - Setting next_dagrun for conditional_dataset_and_time_based_timetable to 2025-10-22 01:00:00+00:00, run_after=2025-10-22 01:00:00+00:00
[2025-10-27T21:34:21.226-0300] {logging_mixin.py:188} INFO - [2025-10-27T21:34:21.226-0300] {dag.py:3954} INFO - Setting next_dagrun for consume_1_and_2_with_dataset_expressions to None, run_after=None
[2025-10-27T21:34:21.227-0300] {logging_mixin.py:188} INFO - [2025-10-27T21:34:21.227-0300] {dag.py:3954} INFO - Setting next_dagrun for consume_1_or_2_with_dataset_expressions to None, run_after=None
[2025-10-27T21:34:21.227-0300] {logging_mixin.py:188} INFO - [2025-10-27T21:34:21.227-0300] {dag.py:3954} INFO - Setting next_dagrun for consume_1_or_both_2_and_3_with_dataset_expressions to None, run_after=None
[2025-10-27T21:34:21.228-0300] {logging_mixin.py:188} INFO - [2025-10-27T21:34:21.228-0300] {dag.py:3954} INFO - Setting next_dagrun for dataset_consumes_1 to None, run_after=None
[2025-10-27T21:34:21.228-0300] {logging_mixin.py:188} INFO - [2025-10-27T21:34:21.228-0300] {dag.py:3954} INFO - Setting next_dagrun for dataset_consumes_1_and_2 to None, run_after=None
[2025-10-27T21:34:21.229-0300] {logging_mixin.py:188} INFO - [2025-10-27T21:34:21.228-0300] {dag.py:3954} INFO - Setting next_dagrun for dataset_consumes_1_never_scheduled to None, run_after=None
[2025-10-27T21:34:21.229-0300] {logging_mixin.py:188} INFO - [2025-10-27T21:34:21.229-0300] {dag.py:3954} INFO - Setting next_dagrun for dataset_consumes_unknown_never_scheduled to None, run_after=None
[2025-10-27T21:34:21.230-0300] {logging_mixin.py:188} INFO - [2025-10-27T21:34:21.230-0300] {dag.py:3954} INFO - Setting next_dagrun for dataset_produces_1 to 2025-10-27 00:00:00+00:00, run_after=2025-10-28 00:00:00+00:00
[2025-10-27T21:34:21.230-0300] {logging_mixin.py:188} INFO - [2025-10-27T21:34:21.230-0300] {dag.py:3954} INFO - Setting next_dagrun for dataset_produces_2 to None, run_after=None
[2025-10-27T21:34:21.252-0300] {processor.py:183} INFO - Processing /home/joaosousa/projects/spotify-project/venv/lib/python3.12/site-packages/airflow/example_dags/example_datasets.py took 0.079 seconds
[2025-10-27T21:35:01.197-0300] {processor.py:161} INFO - Started process (PID=1588) to work on /home/joaosousa/projects/spotify-project/venv/lib/python3.12/site-packages/airflow/example_dags/example_datasets.py
[2025-10-27T21:35:01.199-0300] {processor.py:830} INFO - Processing file /home/joaosousa/projects/spotify-project/venv/lib/python3.12/site-packages/airflow/example_dags/example_datasets.py for tasks to queue
[2025-10-27T21:35:01.201-0300] {logging_mixin.py:188} INFO - [2025-10-27T21:35:01.200-0300] {dagbag.py:545} INFO - Filling up the DagBag from /home/joaosousa/projects/spotify-project/venv/lib/python3.12/site-packages/airflow/example_dags/example_datasets.py
[2025-10-27T21:35:01.210-0300] {processor.py:840} INFO - DAG(s) 'consume_1_and_2_with_dataset_expressions', 'consume_1_or_both_2_and_3_with_dataset_expressions', 'consume_1_or_2_with_dataset_expressions', 'dataset_consumes_1', 'dataset_produces_1', 'conditional_dataset_and_time_based_timetable', 'dataset_consumes_unknown_never_scheduled', 'dataset_produces_2', 'dataset_consumes_1_never_scheduled', 'dataset_consumes_1_and_2' retrieved from /home/joaosousa/projects/spotify-project/venv/lib/python3.12/site-packages/airflow/example_dags/example_datasets.py
[2025-10-27T21:35:01.231-0300] {logging_mixin.py:188} INFO - [2025-10-27T21:35:01.231-0300] {dag.py:3096} INFO - Sync 10 DAGs
[2025-10-27T21:35:01.244-0300] {logging_mixin.py:188} INFO - [2025-10-27T21:35:01.244-0300] {dag.py:3954} INFO - Setting next_dagrun for conditional_dataset_and_time_based_timetable to 2025-10-22 01:00:00+00:00, run_after=2025-10-22 01:00:00+00:00
[2025-10-27T21:35:01.246-0300] {logging_mixin.py:188} INFO - [2025-10-27T21:35:01.246-0300] {dag.py:3954} INFO - Setting next_dagrun for consume_1_and_2_with_dataset_expressions to None, run_after=None
[2025-10-27T21:35:01.247-0300] {logging_mixin.py:188} INFO - [2025-10-27T21:35:01.246-0300] {dag.py:3954} INFO - Setting next_dagrun for consume_1_or_2_with_dataset_expressions to None, run_after=None
[2025-10-27T21:35:01.247-0300] {logging_mixin.py:188} INFO - [2025-10-27T21:35:01.247-0300] {dag.py:3954} INFO - Setting next_dagrun for consume_1_or_both_2_and_3_with_dataset_expressions to None, run_after=None
[2025-10-27T21:35:01.247-0300] {logging_mixin.py:188} INFO - [2025-10-27T21:35:01.247-0300] {dag.py:3954} INFO - Setting next_dagrun for dataset_consumes_1 to None, run_after=None
[2025-10-27T21:35:01.248-0300] {logging_mixin.py:188} INFO - [2025-10-27T21:35:01.248-0300] {dag.py:3954} INFO - Setting next_dagrun for dataset_consumes_1_and_2 to None, run_after=None
[2025-10-27T21:35:01.248-0300] {logging_mixin.py:188} INFO - [2025-10-27T21:35:01.248-0300] {dag.py:3954} INFO - Setting next_dagrun for dataset_consumes_1_never_scheduled to None, run_after=None
[2025-10-27T21:35:01.249-0300] {logging_mixin.py:188} INFO - [2025-10-27T21:35:01.249-0300] {dag.py:3954} INFO - Setting next_dagrun for dataset_consumes_unknown_never_scheduled to None, run_after=None
[2025-10-27T21:35:01.250-0300] {logging_mixin.py:188} INFO - [2025-10-27T21:35:01.250-0300] {dag.py:3954} INFO - Setting next_dagrun for dataset_produces_1 to 2025-10-27 00:00:00+00:00, run_after=2025-10-28 00:00:00+00:00
[2025-10-27T21:35:01.250-0300] {logging_mixin.py:188} INFO - [2025-10-27T21:35:01.250-0300] {dag.py:3954} INFO - Setting next_dagrun for dataset_produces_2 to None, run_after=None
[2025-10-27T21:35:01.268-0300] {processor.py:183} INFO - Processing /home/joaosousa/projects/spotify-project/venv/lib/python3.12/site-packages/airflow/example_dags/example_datasets.py took 0.075 seconds
[2025-10-27T21:35:43.636-0300] {processor.py:161} INFO - Started process (PID=1657) to work on /home/joaosousa/projects/spotify-project/venv/lib/python3.12/site-packages/airflow/example_dags/example_datasets.py
[2025-10-27T21:35:43.638-0300] {processor.py:830} INFO - Processing file /home/joaosousa/projects/spotify-project/venv/lib/python3.12/site-packages/airflow/example_dags/example_datasets.py for tasks to queue
[2025-10-27T21:35:43.639-0300] {logging_mixin.py:188} INFO - [2025-10-27T21:35:43.639-0300] {dagbag.py:545} INFO - Filling up the DagBag from /home/joaosousa/projects/spotify-project/venv/lib/python3.12/site-packages/airflow/example_dags/example_datasets.py
[2025-10-27T21:35:43.649-0300] {processor.py:840} INFO - DAG(s) 'consume_1_and_2_with_dataset_expressions', 'dataset_consumes_1_never_scheduled', 'consume_1_or_2_with_dataset_expressions', 'consume_1_or_both_2_and_3_with_dataset_expressions', 'dataset_produces_1', 'dataset_consumes_unknown_never_scheduled', 'dataset_consumes_1_and_2', 'dataset_consumes_1', 'dataset_produces_2', 'conditional_dataset_and_time_based_timetable' retrieved from /home/joaosousa/projects/spotify-project/venv/lib/python3.12/site-packages/airflow/example_dags/example_datasets.py
[2025-10-27T21:35:43.671-0300] {logging_mixin.py:188} INFO - [2025-10-27T21:35:43.671-0300] {dag.py:3096} INFO - Sync 10 DAGs
[2025-10-27T21:35:43.685-0300] {logging_mixin.py:188} INFO - [2025-10-27T21:35:43.685-0300] {dag.py:3954} INFO - Setting next_dagrun for conditional_dataset_and_time_based_timetable to 2025-10-22 01:00:00+00:00, run_after=2025-10-22 01:00:00+00:00
[2025-10-27T21:35:43.687-0300] {logging_mixin.py:188} INFO - [2025-10-27T21:35:43.687-0300] {dag.py:3954} INFO - Setting next_dagrun for consume_1_and_2_with_dataset_expressions to None, run_after=None
[2025-10-27T21:35:43.688-0300] {logging_mixin.py:188} INFO - [2025-10-27T21:35:43.688-0300] {dag.py:3954} INFO - Setting next_dagrun for consume_1_or_2_with_dataset_expressions to None, run_after=None
[2025-10-27T21:35:43.689-0300] {logging_mixin.py:188} INFO - [2025-10-27T21:35:43.689-0300] {dag.py:3954} INFO - Setting next_dagrun for consume_1_or_both_2_and_3_with_dataset_expressions to None, run_after=None
[2025-10-27T21:35:43.689-0300] {logging_mixin.py:188} INFO - [2025-10-27T21:35:43.689-0300] {dag.py:3954} INFO - Setting next_dagrun for dataset_consumes_1 to None, run_after=None
[2025-10-27T21:35:43.690-0300] {logging_mixin.py:188} INFO - [2025-10-27T21:35:43.690-0300] {dag.py:3954} INFO - Setting next_dagrun for dataset_consumes_1_and_2 to None, run_after=None
[2025-10-27T21:35:43.690-0300] {logging_mixin.py:188} INFO - [2025-10-27T21:35:43.690-0300] {dag.py:3954} INFO - Setting next_dagrun for dataset_consumes_1_never_scheduled to None, run_after=None
[2025-10-27T21:35:43.691-0300] {logging_mixin.py:188} INFO - [2025-10-27T21:35:43.690-0300] {dag.py:3954} INFO - Setting next_dagrun for dataset_consumes_unknown_never_scheduled to None, run_after=None
[2025-10-27T21:35:43.692-0300] {logging_mixin.py:188} INFO - [2025-10-27T21:35:43.692-0300] {dag.py:3954} INFO - Setting next_dagrun for dataset_produces_1 to 2025-10-27 00:00:00+00:00, run_after=2025-10-28 00:00:00+00:00
[2025-10-27T21:35:43.692-0300] {logging_mixin.py:188} INFO - [2025-10-27T21:35:43.692-0300] {dag.py:3954} INFO - Setting next_dagrun for dataset_produces_2 to None, run_after=None
[2025-10-27T21:35:43.814-0300] {processor.py:183} INFO - Processing /home/joaosousa/projects/spotify-project/venv/lib/python3.12/site-packages/airflow/example_dags/example_datasets.py took 0.182 seconds
[2025-10-27T21:36:31.497-0300] {processor.py:161} INFO - Started process (PID=1726) to work on /home/joaosousa/projects/spotify-project/venv/lib/python3.12/site-packages/airflow/example_dags/example_datasets.py
[2025-10-27T21:36:31.499-0300] {processor.py:830} INFO - Processing file /home/joaosousa/projects/spotify-project/venv/lib/python3.12/site-packages/airflow/example_dags/example_datasets.py for tasks to queue
[2025-10-27T21:36:31.500-0300] {logging_mixin.py:188} INFO - [2025-10-27T21:36:31.500-0300] {dagbag.py:545} INFO - Filling up the DagBag from /home/joaosousa/projects/spotify-project/venv/lib/python3.12/site-packages/airflow/example_dags/example_datasets.py
[2025-10-27T21:36:31.509-0300] {processor.py:840} INFO - DAG(s) 'dataset_consumes_1_never_scheduled', 'dataset_produces_2', 'consume_1_or_2_with_dataset_expressions', 'dataset_consumes_1_and_2', 'dataset_produces_1', 'dataset_consumes_unknown_never_scheduled', 'consume_1_and_2_with_dataset_expressions', 'consume_1_or_both_2_and_3_with_dataset_expressions', 'conditional_dataset_and_time_based_timetable', 'dataset_consumes_1' retrieved from /home/joaosousa/projects/spotify-project/venv/lib/python3.12/site-packages/airflow/example_dags/example_datasets.py
[2025-10-27T21:36:31.625-0300] {logging_mixin.py:188} INFO - [2025-10-27T21:36:31.625-0300] {dag.py:3096} INFO - Sync 10 DAGs
[2025-10-27T21:36:31.636-0300] {logging_mixin.py:188} INFO - [2025-10-27T21:36:31.636-0300] {dag.py:3954} INFO - Setting next_dagrun for conditional_dataset_and_time_based_timetable to 2025-10-22 01:00:00+00:00, run_after=2025-10-22 01:00:00+00:00
[2025-10-27T21:36:31.638-0300] {logging_mixin.py:188} INFO - [2025-10-27T21:36:31.638-0300] {dag.py:3954} INFO - Setting next_dagrun for consume_1_and_2_with_dataset_expressions to None, run_after=None
[2025-10-27T21:36:31.639-0300] {logging_mixin.py:188} INFO - [2025-10-27T21:36:31.639-0300] {dag.py:3954} INFO - Setting next_dagrun for consume_1_or_2_with_dataset_expressions to None, run_after=None
[2025-10-27T21:36:31.639-0300] {logging_mixin.py:188} INFO - [2025-10-27T21:36:31.639-0300] {dag.py:3954} INFO - Setting next_dagrun for consume_1_or_both_2_and_3_with_dataset_expressions to None, run_after=None
[2025-10-27T21:36:31.640-0300] {logging_mixin.py:188} INFO - [2025-10-27T21:36:31.640-0300] {dag.py:3954} INFO - Setting next_dagrun for dataset_consumes_1 to None, run_after=None
[2025-10-27T21:36:31.640-0300] {logging_mixin.py:188} INFO - [2025-10-27T21:36:31.640-0300] {dag.py:3954} INFO - Setting next_dagrun for dataset_consumes_1_and_2 to None, run_after=None
[2025-10-27T21:36:31.640-0300] {logging_mixin.py:188} INFO - [2025-10-27T21:36:31.640-0300] {dag.py:3954} INFO - Setting next_dagrun for dataset_consumes_1_never_scheduled to None, run_after=None
[2025-10-27T21:36:31.641-0300] {logging_mixin.py:188} INFO - [2025-10-27T21:36:31.641-0300] {dag.py:3954} INFO - Setting next_dagrun for dataset_consumes_unknown_never_scheduled to None, run_after=None
[2025-10-27T21:36:31.642-0300] {logging_mixin.py:188} INFO - [2025-10-27T21:36:31.642-0300] {dag.py:3954} INFO - Setting next_dagrun for dataset_produces_1 to 2025-10-27 00:00:00+00:00, run_after=2025-10-28 00:00:00+00:00
[2025-10-27T21:36:31.642-0300] {logging_mixin.py:188} INFO - [2025-10-27T21:36:31.642-0300] {dag.py:3954} INFO - Setting next_dagrun for dataset_produces_2 to None, run_after=None
[2025-10-27T21:36:31.661-0300] {processor.py:183} INFO - Processing /home/joaosousa/projects/spotify-project/venv/lib/python3.12/site-packages/airflow/example_dags/example_datasets.py took 0.168 seconds
[2025-10-27T21:37:17.283-0300] {processor.py:161} INFO - Started process (PID=1798) to work on /home/joaosousa/projects/spotify-project/venv/lib/python3.12/site-packages/airflow/example_dags/example_datasets.py
[2025-10-27T21:37:17.284-0300] {processor.py:830} INFO - Processing file /home/joaosousa/projects/spotify-project/venv/lib/python3.12/site-packages/airflow/example_dags/example_datasets.py for tasks to queue
[2025-10-27T21:37:17.286-0300] {logging_mixin.py:188} INFO - [2025-10-27T21:37:17.286-0300] {dagbag.py:545} INFO - Filling up the DagBag from /home/joaosousa/projects/spotify-project/venv/lib/python3.12/site-packages/airflow/example_dags/example_datasets.py
[2025-10-27T21:37:17.295-0300] {processor.py:840} INFO - DAG(s) 'dataset_produces_1', 'consume_1_and_2_with_dataset_expressions', 'conditional_dataset_and_time_based_timetable', 'consume_1_or_2_with_dataset_expressions', 'dataset_consumes_1_never_scheduled', 'consume_1_or_both_2_and_3_with_dataset_expressions', 'dataset_consumes_1_and_2', 'dataset_consumes_1', 'dataset_consumes_unknown_never_scheduled', 'dataset_produces_2' retrieved from /home/joaosousa/projects/spotify-project/venv/lib/python3.12/site-packages/airflow/example_dags/example_datasets.py
[2025-10-27T21:37:17.328-0300] {logging_mixin.py:188} INFO - [2025-10-27T21:37:17.328-0300] {dag.py:3096} INFO - Sync 10 DAGs
[2025-10-27T21:37:17.346-0300] {logging_mixin.py:188} INFO - [2025-10-27T21:37:17.345-0300] {dag.py:3954} INFO - Setting next_dagrun for conditional_dataset_and_time_based_timetable to 2025-10-22 01:00:00+00:00, run_after=2025-10-22 01:00:00+00:00
[2025-10-27T21:37:17.348-0300] {logging_mixin.py:188} INFO - [2025-10-27T21:37:17.348-0300] {dag.py:3954} INFO - Setting next_dagrun for consume_1_and_2_with_dataset_expressions to None, run_after=None
[2025-10-27T21:37:17.349-0300] {logging_mixin.py:188} INFO - [2025-10-27T21:37:17.349-0300] {dag.py:3954} INFO - Setting next_dagrun for consume_1_or_2_with_dataset_expressions to None, run_after=None
[2025-10-27T21:37:17.350-0300] {logging_mixin.py:188} INFO - [2025-10-27T21:37:17.349-0300] {dag.py:3954} INFO - Setting next_dagrun for consume_1_or_both_2_and_3_with_dataset_expressions to None, run_after=None
[2025-10-27T21:37:17.350-0300] {logging_mixin.py:188} INFO - [2025-10-27T21:37:17.350-0300] {dag.py:3954} INFO - Setting next_dagrun for dataset_consumes_1 to None, run_after=None
[2025-10-27T21:37:17.350-0300] {logging_mixin.py:188} INFO - [2025-10-27T21:37:17.350-0300] {dag.py:3954} INFO - Setting next_dagrun for dataset_consumes_1_and_2 to None, run_after=None
[2025-10-27T21:37:17.351-0300] {logging_mixin.py:188} INFO - [2025-10-27T21:37:17.351-0300] {dag.py:3954} INFO - Setting next_dagrun for dataset_consumes_1_never_scheduled to None, run_after=None
[2025-10-27T21:37:17.351-0300] {logging_mixin.py:188} INFO - [2025-10-27T21:37:17.351-0300] {dag.py:3954} INFO - Setting next_dagrun for dataset_consumes_unknown_never_scheduled to None, run_after=None
[2025-10-27T21:37:17.352-0300] {logging_mixin.py:188} INFO - [2025-10-27T21:37:17.352-0300] {dag.py:3954} INFO - Setting next_dagrun for dataset_produces_1 to 2025-10-27 00:00:00+00:00, run_after=2025-10-28 00:00:00+00:00
[2025-10-27T21:37:17.353-0300] {logging_mixin.py:188} INFO - [2025-10-27T21:37:17.353-0300] {dag.py:3954} INFO - Setting next_dagrun for dataset_produces_2 to None, run_after=None
[2025-10-27T21:37:17.389-0300] {processor.py:183} INFO - Processing /home/joaosousa/projects/spotify-project/venv/lib/python3.12/site-packages/airflow/example_dags/example_datasets.py took 0.112 seconds
[2025-10-27T21:38:00.579-0300] {processor.py:161} INFO - Started process (PID=1867) to work on /home/joaosousa/projects/spotify-project/venv/lib/python3.12/site-packages/airflow/example_dags/example_datasets.py
[2025-10-27T21:38:00.581-0300] {processor.py:830} INFO - Processing file /home/joaosousa/projects/spotify-project/venv/lib/python3.12/site-packages/airflow/example_dags/example_datasets.py for tasks to queue
[2025-10-27T21:38:00.583-0300] {logging_mixin.py:188} INFO - [2025-10-27T21:38:00.582-0300] {dagbag.py:545} INFO - Filling up the DagBag from /home/joaosousa/projects/spotify-project/venv/lib/python3.12/site-packages/airflow/example_dags/example_datasets.py
[2025-10-27T21:38:00.592-0300] {processor.py:840} INFO - DAG(s) 'consume_1_or_2_with_dataset_expressions', 'dataset_consumes_1_never_scheduled', 'dataset_produces_2', 'dataset_produces_1', 'dataset_consumes_1', 'dataset_consumes_1_and_2', 'consume_1_or_both_2_and_3_with_dataset_expressions', 'conditional_dataset_and_time_based_timetable', 'dataset_consumes_unknown_never_scheduled', 'consume_1_and_2_with_dataset_expressions' retrieved from /home/joaosousa/projects/spotify-project/venv/lib/python3.12/site-packages/airflow/example_dags/example_datasets.py
[2025-10-27T21:38:00.616-0300] {logging_mixin.py:188} INFO - [2025-10-27T21:38:00.616-0300] {dag.py:3096} INFO - Sync 10 DAGs
[2025-10-27T21:38:00.635-0300] {logging_mixin.py:188} INFO - [2025-10-27T21:38:00.635-0300] {dag.py:3954} INFO - Setting next_dagrun for conditional_dataset_and_time_based_timetable to 2025-10-22 01:00:00+00:00, run_after=2025-10-22 01:00:00+00:00
[2025-10-27T21:38:00.637-0300] {logging_mixin.py:188} INFO - [2025-10-27T21:38:00.637-0300] {dag.py:3954} INFO - Setting next_dagrun for consume_1_and_2_with_dataset_expressions to None, run_after=None
[2025-10-27T21:38:00.638-0300] {logging_mixin.py:188} INFO - [2025-10-27T21:38:00.638-0300] {dag.py:3954} INFO - Setting next_dagrun for consume_1_or_2_with_dataset_expressions to None, run_after=None
[2025-10-27T21:38:00.638-0300] {logging_mixin.py:188} INFO - [2025-10-27T21:38:00.638-0300] {dag.py:3954} INFO - Setting next_dagrun for consume_1_or_both_2_and_3_with_dataset_expressions to None, run_after=None
[2025-10-27T21:38:00.639-0300] {logging_mixin.py:188} INFO - [2025-10-27T21:38:00.639-0300] {dag.py:3954} INFO - Setting next_dagrun for dataset_consumes_1 to None, run_after=None
[2025-10-27T21:38:00.639-0300] {logging_mixin.py:188} INFO - [2025-10-27T21:38:00.639-0300] {dag.py:3954} INFO - Setting next_dagrun for dataset_consumes_1_and_2 to None, run_after=None
[2025-10-27T21:38:00.640-0300] {logging_mixin.py:188} INFO - [2025-10-27T21:38:00.640-0300] {dag.py:3954} INFO - Setting next_dagrun for dataset_consumes_1_never_scheduled to None, run_after=None
[2025-10-27T21:38:00.640-0300] {logging_mixin.py:188} INFO - [2025-10-27T21:38:00.640-0300] {dag.py:3954} INFO - Setting next_dagrun for dataset_consumes_unknown_never_scheduled to None, run_after=None
[2025-10-27T21:38:00.641-0300] {logging_mixin.py:188} INFO - [2025-10-27T21:38:00.641-0300] {dag.py:3954} INFO - Setting next_dagrun for dataset_produces_1 to 2025-10-27 00:00:00+00:00, run_after=2025-10-28 00:00:00+00:00
[2025-10-27T21:38:00.642-0300] {logging_mixin.py:188} INFO - [2025-10-27T21:38:00.642-0300] {dag.py:3954} INFO - Setting next_dagrun for dataset_produces_2 to None, run_after=None
[2025-10-27T21:38:00.661-0300] {processor.py:183} INFO - Processing /home/joaosousa/projects/spotify-project/venv/lib/python3.12/site-packages/airflow/example_dags/example_datasets.py took 0.086 seconds
[2025-10-27T21:38:42.777-0300] {processor.py:161} INFO - Started process (PID=1941) to work on /home/joaosousa/projects/spotify-project/venv/lib/python3.12/site-packages/airflow/example_dags/example_datasets.py
[2025-10-27T21:38:42.779-0300] {processor.py:830} INFO - Processing file /home/joaosousa/projects/spotify-project/venv/lib/python3.12/site-packages/airflow/example_dags/example_datasets.py for tasks to queue
[2025-10-27T21:38:42.780-0300] {logging_mixin.py:188} INFO - [2025-10-27T21:38:42.780-0300] {dagbag.py:545} INFO - Filling up the DagBag from /home/joaosousa/projects/spotify-project/venv/lib/python3.12/site-packages/airflow/example_dags/example_datasets.py
[2025-10-27T21:38:42.790-0300] {processor.py:840} INFO - DAG(s) 'consume_1_or_both_2_and_3_with_dataset_expressions', 'dataset_consumes_1_never_scheduled', 'dataset_produces_2', 'dataset_produces_1', 'dataset_consumes_unknown_never_scheduled', 'dataset_consumes_1_and_2', 'conditional_dataset_and_time_based_timetable', 'consume_1_or_2_with_dataset_expressions', 'dataset_consumes_1', 'consume_1_and_2_with_dataset_expressions' retrieved from /home/joaosousa/projects/spotify-project/venv/lib/python3.12/site-packages/airflow/example_dags/example_datasets.py
[2025-10-27T21:38:42.812-0300] {logging_mixin.py:188} INFO - [2025-10-27T21:38:42.812-0300] {dag.py:3096} INFO - Sync 10 DAGs
[2025-10-27T21:38:42.826-0300] {logging_mixin.py:188} INFO - [2025-10-27T21:38:42.826-0300] {dag.py:3954} INFO - Setting next_dagrun for conditional_dataset_and_time_based_timetable to 2025-10-22 01:00:00+00:00, run_after=2025-10-22 01:00:00+00:00
[2025-10-27T21:38:42.828-0300] {logging_mixin.py:188} INFO - [2025-10-27T21:38:42.828-0300] {dag.py:3954} INFO - Setting next_dagrun for consume_1_and_2_with_dataset_expressions to None, run_after=None
[2025-10-27T21:38:42.829-0300] {logging_mixin.py:188} INFO - [2025-10-27T21:38:42.829-0300] {dag.py:3954} INFO - Setting next_dagrun for consume_1_or_2_with_dataset_expressions to None, run_after=None
[2025-10-27T21:38:42.829-0300] {logging_mixin.py:188} INFO - [2025-10-27T21:38:42.829-0300] {dag.py:3954} INFO - Setting next_dagrun for consume_1_or_both_2_and_3_with_dataset_expressions to None, run_after=None
[2025-10-27T21:38:42.830-0300] {logging_mixin.py:188} INFO - [2025-10-27T21:38:42.830-0300] {dag.py:3954} INFO - Setting next_dagrun for dataset_consumes_1 to None, run_after=None
[2025-10-27T21:38:42.830-0300] {logging_mixin.py:188} INFO - [2025-10-27T21:38:42.830-0300] {dag.py:3954} INFO - Setting next_dagrun for dataset_consumes_1_and_2 to None, run_after=None
[2025-10-27T21:38:42.831-0300] {logging_mixin.py:188} INFO - [2025-10-27T21:38:42.831-0300] {dag.py:3954} INFO - Setting next_dagrun for dataset_consumes_1_never_scheduled to None, run_after=None
[2025-10-27T21:38:42.831-0300] {logging_mixin.py:188} INFO - [2025-10-27T21:38:42.831-0300] {dag.py:3954} INFO - Setting next_dagrun for dataset_consumes_unknown_never_scheduled to None, run_after=None
[2025-10-27T21:38:42.832-0300] {logging_mixin.py:188} INFO - [2025-10-27T21:38:42.832-0300] {dag.py:3954} INFO - Setting next_dagrun for dataset_produces_1 to 2025-10-27 00:00:00+00:00, run_after=2025-10-28 00:00:00+00:00
[2025-10-27T21:38:42.833-0300] {logging_mixin.py:188} INFO - [2025-10-27T21:38:42.833-0300] {dag.py:3954} INFO - Setting next_dagrun for dataset_produces_2 to None, run_after=None
[2025-10-27T21:38:42.855-0300] {processor.py:183} INFO - Processing /home/joaosousa/projects/spotify-project/venv/lib/python3.12/site-packages/airflow/example_dags/example_datasets.py took 0.082 seconds
[2025-10-27T21:39:37.228-0300] {processor.py:161} INFO - Started process (PID=2030) to work on /home/joaosousa/projects/spotify-project/venv/lib/python3.12/site-packages/airflow/example_dags/example_datasets.py
[2025-10-27T21:39:37.230-0300] {processor.py:830} INFO - Processing file /home/joaosousa/projects/spotify-project/venv/lib/python3.12/site-packages/airflow/example_dags/example_datasets.py for tasks to queue
[2025-10-27T21:39:37.231-0300] {logging_mixin.py:188} INFO - [2025-10-27T21:39:37.231-0300] {dagbag.py:545} INFO - Filling up the DagBag from /home/joaosousa/projects/spotify-project/venv/lib/python3.12/site-packages/airflow/example_dags/example_datasets.py
[2025-10-27T21:39:37.241-0300] {processor.py:840} INFO - DAG(s) 'dataset_produces_2', 'dataset_consumes_1_and_2', 'consume_1_or_2_with_dataset_expressions', 'conditional_dataset_and_time_based_timetable', 'dataset_consumes_1_never_scheduled', 'consume_1_or_both_2_and_3_with_dataset_expressions', 'dataset_produces_1', 'consume_1_and_2_with_dataset_expressions', 'dataset_consumes_1', 'dataset_consumes_unknown_never_scheduled' retrieved from /home/joaosousa/projects/spotify-project/venv/lib/python3.12/site-packages/airflow/example_dags/example_datasets.py
[2025-10-27T21:39:37.265-0300] {logging_mixin.py:188} INFO - [2025-10-27T21:39:37.264-0300] {dag.py:3096} INFO - Sync 10 DAGs
[2025-10-27T21:39:37.279-0300] {logging_mixin.py:188} INFO - [2025-10-27T21:39:37.279-0300] {dag.py:3954} INFO - Setting next_dagrun for conditional_dataset_and_time_based_timetable to 2025-10-22 01:00:00+00:00, run_after=2025-10-22 01:00:00+00:00
[2025-10-27T21:39:37.281-0300] {logging_mixin.py:188} INFO - [2025-10-27T21:39:37.281-0300] {dag.py:3954} INFO - Setting next_dagrun for consume_1_and_2_with_dataset_expressions to None, run_after=None
[2025-10-27T21:39:37.282-0300] {logging_mixin.py:188} INFO - [2025-10-27T21:39:37.282-0300] {dag.py:3954} INFO - Setting next_dagrun for consume_1_or_2_with_dataset_expressions to None, run_after=None
[2025-10-27T21:39:37.282-0300] {logging_mixin.py:188} INFO - [2025-10-27T21:39:37.282-0300] {dag.py:3954} INFO - Setting next_dagrun for consume_1_or_both_2_and_3_with_dataset_expressions to None, run_after=None
[2025-10-27T21:39:37.283-0300] {logging_mixin.py:188} INFO - [2025-10-27T21:39:37.283-0300] {dag.py:3954} INFO - Setting next_dagrun for dataset_consumes_1 to None, run_after=None
[2025-10-27T21:39:37.283-0300] {logging_mixin.py:188} INFO - [2025-10-27T21:39:37.283-0300] {dag.py:3954} INFO - Setting next_dagrun for dataset_consumes_1_and_2 to None, run_after=None
[2025-10-27T21:39:37.284-0300] {logging_mixin.py:188} INFO - [2025-10-27T21:39:37.284-0300] {dag.py:3954} INFO - Setting next_dagrun for dataset_consumes_1_never_scheduled to None, run_after=None
[2025-10-27T21:39:37.284-0300] {logging_mixin.py:188} INFO - [2025-10-27T21:39:37.284-0300] {dag.py:3954} INFO - Setting next_dagrun for dataset_consumes_unknown_never_scheduled to None, run_after=None
[2025-10-27T21:39:37.285-0300] {logging_mixin.py:188} INFO - [2025-10-27T21:39:37.285-0300] {dag.py:3954} INFO - Setting next_dagrun for dataset_produces_1 to 2025-10-27 00:00:00+00:00, run_after=2025-10-28 00:00:00+00:00
[2025-10-27T21:39:37.286-0300] {logging_mixin.py:188} INFO - [2025-10-27T21:39:37.286-0300] {dag.py:3954} INFO - Setting next_dagrun for dataset_produces_2 to None, run_after=None
[2025-10-27T21:39:37.305-0300] {processor.py:183} INFO - Processing /home/joaosousa/projects/spotify-project/venv/lib/python3.12/site-packages/airflow/example_dags/example_datasets.py took 0.081 seconds
[2025-10-27T21:40:18.993-0300] {processor.py:161} INFO - Started process (PID=2101) to work on /home/joaosousa/projects/spotify-project/venv/lib/python3.12/site-packages/airflow/example_dags/example_datasets.py
[2025-10-27T21:40:18.995-0300] {processor.py:830} INFO - Processing file /home/joaosousa/projects/spotify-project/venv/lib/python3.12/site-packages/airflow/example_dags/example_datasets.py for tasks to queue
[2025-10-27T21:40:18.996-0300] {logging_mixin.py:188} INFO - [2025-10-27T21:40:18.996-0300] {dagbag.py:545} INFO - Filling up the DagBag from /home/joaosousa/projects/spotify-project/venv/lib/python3.12/site-packages/airflow/example_dags/example_datasets.py
[2025-10-27T21:40:19.006-0300] {processor.py:840} INFO - DAG(s) 'dataset_consumes_1', 'dataset_consumes_1_never_scheduled', 'dataset_produces_1', 'conditional_dataset_and_time_based_timetable', 'dataset_produces_2', 'consume_1_or_both_2_and_3_with_dataset_expressions', 'dataset_consumes_unknown_never_scheduled', 'consume_1_or_2_with_dataset_expressions', 'consume_1_and_2_with_dataset_expressions', 'dataset_consumes_1_and_2' retrieved from /home/joaosousa/projects/spotify-project/venv/lib/python3.12/site-packages/airflow/example_dags/example_datasets.py
[2025-10-27T21:40:19.030-0300] {logging_mixin.py:188} INFO - [2025-10-27T21:40:19.029-0300] {dag.py:3096} INFO - Sync 10 DAGs
[2025-10-27T21:40:19.045-0300] {logging_mixin.py:188} INFO - [2025-10-27T21:40:19.045-0300] {dag.py:3954} INFO - Setting next_dagrun for conditional_dataset_and_time_based_timetable to 2025-10-22 01:00:00+00:00, run_after=2025-10-22 01:00:00+00:00
[2025-10-27T21:40:19.047-0300] {logging_mixin.py:188} INFO - [2025-10-27T21:40:19.047-0300] {dag.py:3954} INFO - Setting next_dagrun for consume_1_and_2_with_dataset_expressions to None, run_after=None
[2025-10-27T21:40:19.048-0300] {logging_mixin.py:188} INFO - [2025-10-27T21:40:19.048-0300] {dag.py:3954} INFO - Setting next_dagrun for consume_1_or_2_with_dataset_expressions to None, run_after=None
[2025-10-27T21:40:19.048-0300] {logging_mixin.py:188} INFO - [2025-10-27T21:40:19.048-0300] {dag.py:3954} INFO - Setting next_dagrun for consume_1_or_both_2_and_3_with_dataset_expressions to None, run_after=None
[2025-10-27T21:40:19.049-0300] {logging_mixin.py:188} INFO - [2025-10-27T21:40:19.049-0300] {dag.py:3954} INFO - Setting next_dagrun for dataset_consumes_1 to None, run_after=None
[2025-10-27T21:40:19.049-0300] {logging_mixin.py:188} INFO - [2025-10-27T21:40:19.049-0300] {dag.py:3954} INFO - Setting next_dagrun for dataset_consumes_1_and_2 to None, run_after=None
[2025-10-27T21:40:19.050-0300] {logging_mixin.py:188} INFO - [2025-10-27T21:40:19.049-0300] {dag.py:3954} INFO - Setting next_dagrun for dataset_consumes_1_never_scheduled to None, run_after=None
[2025-10-27T21:40:19.050-0300] {logging_mixin.py:188} INFO - [2025-10-27T21:40:19.050-0300] {dag.py:3954} INFO - Setting next_dagrun for dataset_consumes_unknown_never_scheduled to None, run_after=None
[2025-10-27T21:40:19.051-0300] {logging_mixin.py:188} INFO - [2025-10-27T21:40:19.051-0300] {dag.py:3954} INFO - Setting next_dagrun for dataset_produces_1 to 2025-10-27 00:00:00+00:00, run_after=2025-10-28 00:00:00+00:00
[2025-10-27T21:40:19.052-0300] {logging_mixin.py:188} INFO - [2025-10-27T21:40:19.052-0300] {dag.py:3954} INFO - Setting next_dagrun for dataset_produces_2 to None, run_after=None
[2025-10-27T21:40:19.071-0300] {processor.py:183} INFO - Processing /home/joaosousa/projects/spotify-project/venv/lib/python3.12/site-packages/airflow/example_dags/example_datasets.py took 0.083 seconds
