[2025-10-27T21:30:49.037-0300] {processor.py:161} INFO - Started process (PID=1073) to work on /home/joaosousa/projects/spotify-project/venv/lib/python3.12/site-packages/airflow/example_dags/example_branch_python_dop_operator_3.py
[2025-10-27T21:30:49.038-0300] {processor.py:830} INFO - Processing file /home/joaosousa/projects/spotify-project/venv/lib/python3.12/site-packages/airflow/example_dags/example_branch_python_dop_operator_3.py for tasks to queue
[2025-10-27T21:30:49.040-0300] {logging_mixin.py:188} INFO - [2025-10-27T21:30:49.039-0300] {dagbag.py:545} INFO - Filling up the DagBag from /home/joaosousa/projects/spotify-project/venv/lib/python3.12/site-packages/airflow/example_dags/example_branch_python_dop_operator_3.py
[2025-10-27T21:30:49.050-0300] {processor.py:840} INFO - DAG(s) 'example_branch_dop_operator_v3' retrieved from /home/joaosousa/projects/spotify-project/venv/lib/python3.12/site-packages/airflow/example_dags/example_branch_python_dop_operator_3.py
[2025-10-27T21:30:49.062-0300] {logging_mixin.py:188} INFO - [2025-10-27T21:30:49.061-0300] {dag.py:3096} INFO - Sync 1 DAGs
[2025-10-27T21:30:49.081-0300] {logging_mixin.py:188} INFO - [2025-10-27T21:30:49.081-0300] {dag.py:3954} INFO - Setting next_dagrun for example_branch_dop_operator_v3 to 2025-10-28 00:29:00+00:00, run_after=2025-10-28 00:30:00+00:00
[2025-10-27T21:30:49.100-0300] {processor.py:183} INFO - Processing /home/joaosousa/projects/spotify-project/venv/lib/python3.12/site-packages/airflow/example_dags/example_branch_python_dop_operator_3.py took 0.068 seconds
[2025-10-27T21:31:37.818-0300] {processor.py:161} INFO - Started process (PID=1151) to work on /home/joaosousa/projects/spotify-project/venv/lib/python3.12/site-packages/airflow/example_dags/example_branch_python_dop_operator_3.py
[2025-10-27T21:31:37.819-0300] {processor.py:830} INFO - Processing file /home/joaosousa/projects/spotify-project/venv/lib/python3.12/site-packages/airflow/example_dags/example_branch_python_dop_operator_3.py for tasks to queue
[2025-10-27T21:31:37.821-0300] {logging_mixin.py:188} INFO - [2025-10-27T21:31:37.821-0300] {dagbag.py:545} INFO - Filling up the DagBag from /home/joaosousa/projects/spotify-project/venv/lib/python3.12/site-packages/airflow/example_dags/example_branch_python_dop_operator_3.py
[2025-10-27T21:31:37.827-0300] {processor.py:840} INFO - DAG(s) 'example_branch_dop_operator_v3' retrieved from /home/joaosousa/projects/spotify-project/venv/lib/python3.12/site-packages/airflow/example_dags/example_branch_python_dop_operator_3.py
[2025-10-27T21:31:37.838-0300] {logging_mixin.py:188} INFO - [2025-10-27T21:31:37.838-0300] {dag.py:3096} INFO - Sync 1 DAGs
[2025-10-27T21:31:37.851-0300] {logging_mixin.py:188} INFO - [2025-10-27T21:31:37.851-0300] {dag.py:3954} INFO - Setting next_dagrun for example_branch_dop_operator_v3 to 2025-10-28 00:30:00+00:00, run_after=2025-10-28 00:31:00+00:00
[2025-10-27T21:31:37.865-0300] {processor.py:183} INFO - Processing /home/joaosousa/projects/spotify-project/venv/lib/python3.12/site-packages/airflow/example_dags/example_branch_python_dop_operator_3.py took 0.052 seconds
[2025-10-27T21:32:29.520-0300] {processor.py:161} INFO - Started process (PID=1334) to work on /home/joaosousa/projects/spotify-project/venv/lib/python3.12/site-packages/airflow/example_dags/example_branch_python_dop_operator_3.py
[2025-10-27T21:32:29.522-0300] {processor.py:830} INFO - Processing file /home/joaosousa/projects/spotify-project/venv/lib/python3.12/site-packages/airflow/example_dags/example_branch_python_dop_operator_3.py for tasks to queue
[2025-10-27T21:32:29.524-0300] {logging_mixin.py:188} INFO - [2025-10-27T21:32:29.523-0300] {dagbag.py:545} INFO - Filling up the DagBag from /home/joaosousa/projects/spotify-project/venv/lib/python3.12/site-packages/airflow/example_dags/example_branch_python_dop_operator_3.py
[2025-10-27T21:32:29.530-0300] {processor.py:840} INFO - DAG(s) 'example_branch_dop_operator_v3' retrieved from /home/joaosousa/projects/spotify-project/venv/lib/python3.12/site-packages/airflow/example_dags/example_branch_python_dop_operator_3.py
[2025-10-27T21:32:29.543-0300] {logging_mixin.py:188} INFO - [2025-10-27T21:32:29.543-0300] {dag.py:3096} INFO - Sync 1 DAGs
[2025-10-27T21:32:29.561-0300] {logging_mixin.py:188} INFO - [2025-10-27T21:32:29.560-0300] {dag.py:3954} INFO - Setting next_dagrun for example_branch_dop_operator_v3 to 2025-10-28 00:31:00+00:00, run_after=2025-10-28 00:32:00+00:00
[2025-10-27T21:32:29.579-0300] {processor.py:183} INFO - Processing /home/joaosousa/projects/spotify-project/venv/lib/python3.12/site-packages/airflow/example_dags/example_branch_python_dop_operator_3.py took 0.063 seconds
[2025-10-27T21:33:16.758-0300] {processor.py:161} INFO - Started process (PID=1407) to work on /home/joaosousa/projects/spotify-project/venv/lib/python3.12/site-packages/airflow/example_dags/example_branch_python_dop_operator_3.py
[2025-10-27T21:33:16.760-0300] {processor.py:830} INFO - Processing file /home/joaosousa/projects/spotify-project/venv/lib/python3.12/site-packages/airflow/example_dags/example_branch_python_dop_operator_3.py for tasks to queue
[2025-10-27T21:33:16.762-0300] {logging_mixin.py:188} INFO - [2025-10-27T21:33:16.762-0300] {dagbag.py:545} INFO - Filling up the DagBag from /home/joaosousa/projects/spotify-project/venv/lib/python3.12/site-packages/airflow/example_dags/example_branch_python_dop_operator_3.py
[2025-10-27T21:33:16.768-0300] {processor.py:840} INFO - DAG(s) 'example_branch_dop_operator_v3' retrieved from /home/joaosousa/projects/spotify-project/venv/lib/python3.12/site-packages/airflow/example_dags/example_branch_python_dop_operator_3.py
[2025-10-27T21:33:16.778-0300] {logging_mixin.py:188} INFO - [2025-10-27T21:33:16.778-0300] {dag.py:3096} INFO - Sync 1 DAGs
[2025-10-27T21:33:16.792-0300] {logging_mixin.py:188} INFO - [2025-10-27T21:33:16.792-0300] {dag.py:3954} INFO - Setting next_dagrun for example_branch_dop_operator_v3 to 2025-10-28 00:32:00+00:00, run_after=2025-10-28 00:33:00+00:00
[2025-10-27T21:33:16.808-0300] {processor.py:183} INFO - Processing /home/joaosousa/projects/spotify-project/venv/lib/python3.12/site-packages/airflow/example_dags/example_branch_python_dop_operator_3.py took 0.054 seconds
[2025-10-27T21:33:57.097-0300] {processor.py:161} INFO - Started process (PID=1473) to work on /home/joaosousa/projects/spotify-project/venv/lib/python3.12/site-packages/airflow/example_dags/example_branch_python_dop_operator_3.py
[2025-10-27T21:33:57.099-0300] {processor.py:830} INFO - Processing file /home/joaosousa/projects/spotify-project/venv/lib/python3.12/site-packages/airflow/example_dags/example_branch_python_dop_operator_3.py for tasks to queue
[2025-10-27T21:33:57.100-0300] {logging_mixin.py:188} INFO - [2025-10-27T21:33:57.100-0300] {dagbag.py:545} INFO - Filling up the DagBag from /home/joaosousa/projects/spotify-project/venv/lib/python3.12/site-packages/airflow/example_dags/example_branch_python_dop_operator_3.py
[2025-10-27T21:33:57.107-0300] {processor.py:840} INFO - DAG(s) 'example_branch_dop_operator_v3' retrieved from /home/joaosousa/projects/spotify-project/venv/lib/python3.12/site-packages/airflow/example_dags/example_branch_python_dop_operator_3.py
[2025-10-27T21:33:57.120-0300] {logging_mixin.py:188} INFO - [2025-10-27T21:33:57.119-0300] {dag.py:3096} INFO - Sync 1 DAGs
[2025-10-27T21:33:57.137-0300] {logging_mixin.py:188} INFO - [2025-10-27T21:33:57.136-0300] {dag.py:3954} INFO - Setting next_dagrun for example_branch_dop_operator_v3 to 2025-10-28 00:32:00+00:00, run_after=2025-10-28 00:33:00+00:00
[2025-10-27T21:33:57.154-0300] {processor.py:183} INFO - Processing /home/joaosousa/projects/spotify-project/venv/lib/python3.12/site-packages/airflow/example_dags/example_branch_python_dop_operator_3.py took 0.062 seconds
[2025-10-27T21:34:38.417-0300] {processor.py:161} INFO - Started process (PID=1541) to work on /home/joaosousa/projects/spotify-project/venv/lib/python3.12/site-packages/airflow/example_dags/example_branch_python_dop_operator_3.py
[2025-10-27T21:34:38.419-0300] {processor.py:830} INFO - Processing file /home/joaosousa/projects/spotify-project/venv/lib/python3.12/site-packages/airflow/example_dags/example_branch_python_dop_operator_3.py for tasks to queue
[2025-10-27T21:34:38.420-0300] {logging_mixin.py:188} INFO - [2025-10-27T21:34:38.419-0300] {dagbag.py:545} INFO - Filling up the DagBag from /home/joaosousa/projects/spotify-project/venv/lib/python3.12/site-packages/airflow/example_dags/example_branch_python_dop_operator_3.py
[2025-10-27T21:34:38.426-0300] {processor.py:840} INFO - DAG(s) 'example_branch_dop_operator_v3' retrieved from /home/joaosousa/projects/spotify-project/venv/lib/python3.12/site-packages/airflow/example_dags/example_branch_python_dop_operator_3.py
[2025-10-27T21:34:38.436-0300] {logging_mixin.py:188} INFO - [2025-10-27T21:34:38.436-0300] {dag.py:3096} INFO - Sync 1 DAGs
[2025-10-27T21:34:38.449-0300] {logging_mixin.py:188} INFO - [2025-10-27T21:34:38.449-0300] {dag.py:3954} INFO - Setting next_dagrun for example_branch_dop_operator_v3 to 2025-10-28 00:33:00+00:00, run_after=2025-10-28 00:34:00+00:00
[2025-10-27T21:34:38.463-0300] {processor.py:183} INFO - Processing /home/joaosousa/projects/spotify-project/venv/lib/python3.12/site-packages/airflow/example_dags/example_branch_python_dop_operator_3.py took 0.050 seconds
[2025-10-27T21:35:17.338-0300] {processor.py:161} INFO - Started process (PID=1605) to work on /home/joaosousa/projects/spotify-project/venv/lib/python3.12/site-packages/airflow/example_dags/example_branch_python_dop_operator_3.py
[2025-10-27T21:35:17.340-0300] {processor.py:830} INFO - Processing file /home/joaosousa/projects/spotify-project/venv/lib/python3.12/site-packages/airflow/example_dags/example_branch_python_dop_operator_3.py for tasks to queue
[2025-10-27T21:35:17.341-0300] {logging_mixin.py:188} INFO - [2025-10-27T21:35:17.341-0300] {dagbag.py:545} INFO - Filling up the DagBag from /home/joaosousa/projects/spotify-project/venv/lib/python3.12/site-packages/airflow/example_dags/example_branch_python_dop_operator_3.py
[2025-10-27T21:35:17.347-0300] {processor.py:840} INFO - DAG(s) 'example_branch_dop_operator_v3' retrieved from /home/joaosousa/projects/spotify-project/venv/lib/python3.12/site-packages/airflow/example_dags/example_branch_python_dop_operator_3.py
[2025-10-27T21:35:17.358-0300] {logging_mixin.py:188} INFO - [2025-10-27T21:35:17.357-0300] {dag.py:3096} INFO - Sync 1 DAGs
[2025-10-27T21:35:17.371-0300] {logging_mixin.py:188} INFO - [2025-10-27T21:35:17.371-0300] {dag.py:3954} INFO - Setting next_dagrun for example_branch_dop_operator_v3 to 2025-10-28 00:34:00+00:00, run_after=2025-10-28 00:35:00+00:00
[2025-10-27T21:35:17.385-0300] {processor.py:183} INFO - Processing /home/joaosousa/projects/spotify-project/venv/lib/python3.12/site-packages/airflow/example_dags/example_branch_python_dop_operator_3.py took 0.052 seconds
[2025-10-27T21:35:59.704-0300] {processor.py:161} INFO - Started process (PID=1673) to work on /home/joaosousa/projects/spotify-project/venv/lib/python3.12/site-packages/airflow/example_dags/example_branch_python_dop_operator_3.py
[2025-10-27T21:35:59.705-0300] {processor.py:830} INFO - Processing file /home/joaosousa/projects/spotify-project/venv/lib/python3.12/site-packages/airflow/example_dags/example_branch_python_dop_operator_3.py for tasks to queue
[2025-10-27T21:35:59.707-0300] {logging_mixin.py:188} INFO - [2025-10-27T21:35:59.706-0300] {dagbag.py:545} INFO - Filling up the DagBag from /home/joaosousa/projects/spotify-project/venv/lib/python3.12/site-packages/airflow/example_dags/example_branch_python_dop_operator_3.py
[2025-10-27T21:35:59.713-0300] {processor.py:840} INFO - DAG(s) 'example_branch_dop_operator_v3' retrieved from /home/joaosousa/projects/spotify-project/venv/lib/python3.12/site-packages/airflow/example_dags/example_branch_python_dop_operator_3.py
[2025-10-27T21:35:59.723-0300] {logging_mixin.py:188} INFO - [2025-10-27T21:35:59.723-0300] {dag.py:3096} INFO - Sync 1 DAGs
[2025-10-27T21:35:59.737-0300] {logging_mixin.py:188} INFO - [2025-10-27T21:35:59.737-0300] {dag.py:3954} INFO - Setting next_dagrun for example_branch_dop_operator_v3 to 2025-10-28 00:34:00+00:00, run_after=2025-10-28 00:35:00+00:00
[2025-10-27T21:35:59.752-0300] {processor.py:183} INFO - Processing /home/joaosousa/projects/spotify-project/venv/lib/python3.12/site-packages/airflow/example_dags/example_branch_python_dop_operator_3.py took 0.052 seconds
[2025-10-27T21:36:49.216-0300] {processor.py:161} INFO - Started process (PID=1744) to work on /home/joaosousa/projects/spotify-project/venv/lib/python3.12/site-packages/airflow/example_dags/example_branch_python_dop_operator_3.py
[2025-10-27T21:36:49.218-0300] {processor.py:830} INFO - Processing file /home/joaosousa/projects/spotify-project/venv/lib/python3.12/site-packages/airflow/example_dags/example_branch_python_dop_operator_3.py for tasks to queue
[2025-10-27T21:36:49.219-0300] {logging_mixin.py:188} INFO - [2025-10-27T21:36:49.219-0300] {dagbag.py:545} INFO - Filling up the DagBag from /home/joaosousa/projects/spotify-project/venv/lib/python3.12/site-packages/airflow/example_dags/example_branch_python_dop_operator_3.py
[2025-10-27T21:36:49.226-0300] {processor.py:840} INFO - DAG(s) 'example_branch_dop_operator_v3' retrieved from /home/joaosousa/projects/spotify-project/venv/lib/python3.12/site-packages/airflow/example_dags/example_branch_python_dop_operator_3.py
[2025-10-27T21:36:49.236-0300] {logging_mixin.py:188} INFO - [2025-10-27T21:36:49.236-0300] {dag.py:3096} INFO - Sync 1 DAGs
[2025-10-27T21:36:49.253-0300] {logging_mixin.py:188} INFO - [2025-10-27T21:36:49.252-0300] {dag.py:3954} INFO - Setting next_dagrun for example_branch_dop_operator_v3 to 2025-10-28 00:35:00+00:00, run_after=2025-10-28 00:36:00+00:00
[2025-10-27T21:36:49.267-0300] {processor.py:183} INFO - Processing /home/joaosousa/projects/spotify-project/venv/lib/python3.12/site-packages/airflow/example_dags/example_branch_python_dop_operator_3.py took 0.056 seconds
[2025-10-27T21:37:33.831-0300] {processor.py:161} INFO - Started process (PID=1816) to work on /home/joaosousa/projects/spotify-project/venv/lib/python3.12/site-packages/airflow/example_dags/example_branch_python_dop_operator_3.py
[2025-10-27T21:37:33.833-0300] {processor.py:830} INFO - Processing file /home/joaosousa/projects/spotify-project/venv/lib/python3.12/site-packages/airflow/example_dags/example_branch_python_dop_operator_3.py for tasks to queue
[2025-10-27T21:37:33.834-0300] {logging_mixin.py:188} INFO - [2025-10-27T21:37:33.834-0300] {dagbag.py:545} INFO - Filling up the DagBag from /home/joaosousa/projects/spotify-project/venv/lib/python3.12/site-packages/airflow/example_dags/example_branch_python_dop_operator_3.py
[2025-10-27T21:37:33.841-0300] {processor.py:840} INFO - DAG(s) 'example_branch_dop_operator_v3' retrieved from /home/joaosousa/projects/spotify-project/venv/lib/python3.12/site-packages/airflow/example_dags/example_branch_python_dop_operator_3.py
[2025-10-27T21:37:33.852-0300] {logging_mixin.py:188} INFO - [2025-10-27T21:37:33.852-0300] {dag.py:3096} INFO - Sync 1 DAGs
[2025-10-27T21:37:33.869-0300] {logging_mixin.py:188} INFO - [2025-10-27T21:37:33.869-0300] {dag.py:3954} INFO - Setting next_dagrun for example_branch_dop_operator_v3 to 2025-10-28 00:36:00+00:00, run_after=2025-10-28 00:37:00+00:00
[2025-10-27T21:37:33.891-0300] {processor.py:183} INFO - Processing /home/joaosousa/projects/spotify-project/venv/lib/python3.12/site-packages/airflow/example_dags/example_branch_python_dop_operator_3.py took 0.066 seconds
[2025-10-27T21:38:17.673-0300] {processor.py:161} INFO - Started process (PID=1885) to work on /home/joaosousa/projects/spotify-project/venv/lib/python3.12/site-packages/airflow/example_dags/example_branch_python_dop_operator_3.py
[2025-10-27T21:38:17.675-0300] {processor.py:830} INFO - Processing file /home/joaosousa/projects/spotify-project/venv/lib/python3.12/site-packages/airflow/example_dags/example_branch_python_dop_operator_3.py for tasks to queue
[2025-10-27T21:38:17.676-0300] {logging_mixin.py:188} INFO - [2025-10-27T21:38:17.676-0300] {dagbag.py:545} INFO - Filling up the DagBag from /home/joaosousa/projects/spotify-project/venv/lib/python3.12/site-packages/airflow/example_dags/example_branch_python_dop_operator_3.py
[2025-10-27T21:38:17.683-0300] {processor.py:840} INFO - DAG(s) 'example_branch_dop_operator_v3' retrieved from /home/joaosousa/projects/spotify-project/venv/lib/python3.12/site-packages/airflow/example_dags/example_branch_python_dop_operator_3.py
[2025-10-27T21:38:17.694-0300] {logging_mixin.py:188} INFO - [2025-10-27T21:38:17.694-0300] {dag.py:3096} INFO - Sync 1 DAGs
[2025-10-27T21:38:17.710-0300] {logging_mixin.py:188} INFO - [2025-10-27T21:38:17.709-0300] {dag.py:3954} INFO - Setting next_dagrun for example_branch_dop_operator_v3 to 2025-10-28 00:37:00+00:00, run_after=2025-10-28 00:38:00+00:00
[2025-10-27T21:38:17.725-0300] {processor.py:183} INFO - Processing /home/joaosousa/projects/spotify-project/venv/lib/python3.12/site-packages/airflow/example_dags/example_branch_python_dop_operator_3.py took 0.057 seconds
[2025-10-27T21:38:55.861-0300] {processor.py:161} INFO - Started process (PID=1955) to work on /home/joaosousa/projects/spotify-project/venv/lib/python3.12/site-packages/airflow/example_dags/example_branch_python_dop_operator_3.py
[2025-10-27T21:38:55.863-0300] {processor.py:830} INFO - Processing file /home/joaosousa/projects/spotify-project/venv/lib/python3.12/site-packages/airflow/example_dags/example_branch_python_dop_operator_3.py for tasks to queue
[2025-10-27T21:38:55.864-0300] {logging_mixin.py:188} INFO - [2025-10-27T21:38:55.864-0300] {dagbag.py:545} INFO - Filling up the DagBag from /home/joaosousa/projects/spotify-project/venv/lib/python3.12/site-packages/airflow/example_dags/example_branch_python_dop_operator_3.py
[2025-10-27T21:38:55.871-0300] {processor.py:840} INFO - DAG(s) 'example_branch_dop_operator_v3' retrieved from /home/joaosousa/projects/spotify-project/venv/lib/python3.12/site-packages/airflow/example_dags/example_branch_python_dop_operator_3.py
[2025-10-27T21:38:55.881-0300] {logging_mixin.py:188} INFO - [2025-10-27T21:38:55.881-0300] {dag.py:3096} INFO - Sync 1 DAGs
[2025-10-27T21:38:55.895-0300] {logging_mixin.py:188} INFO - [2025-10-27T21:38:55.895-0300] {dag.py:3954} INFO - Setting next_dagrun for example_branch_dop_operator_v3 to 2025-10-28 00:37:00+00:00, run_after=2025-10-28 00:38:00+00:00
[2025-10-27T21:38:55.909-0300] {processor.py:183} INFO - Processing /home/joaosousa/projects/spotify-project/venv/lib/python3.12/site-packages/airflow/example_dags/example_branch_python_dop_operator_3.py took 0.053 seconds
[2025-10-27T21:39:50.856-0300] {processor.py:161} INFO - Started process (PID=2055) to work on /home/joaosousa/projects/spotify-project/venv/lib/python3.12/site-packages/airflow/example_dags/example_branch_python_dop_operator_3.py
[2025-10-27T21:39:50.858-0300] {processor.py:830} INFO - Processing file /home/joaosousa/projects/spotify-project/venv/lib/python3.12/site-packages/airflow/example_dags/example_branch_python_dop_operator_3.py for tasks to queue
[2025-10-27T21:39:50.859-0300] {logging_mixin.py:188} INFO - [2025-10-27T21:39:50.859-0300] {dagbag.py:545} INFO - Filling up the DagBag from /home/joaosousa/projects/spotify-project/venv/lib/python3.12/site-packages/airflow/example_dags/example_branch_python_dop_operator_3.py
[2025-10-27T21:39:50.866-0300] {processor.py:840} INFO - DAG(s) 'example_branch_dop_operator_v3' retrieved from /home/joaosousa/projects/spotify-project/venv/lib/python3.12/site-packages/airflow/example_dags/example_branch_python_dop_operator_3.py
[2025-10-27T21:39:50.876-0300] {logging_mixin.py:188} INFO - [2025-10-27T21:39:50.876-0300] {dag.py:3096} INFO - Sync 1 DAGs
[2025-10-27T21:39:50.890-0300] {logging_mixin.py:188} INFO - [2025-10-27T21:39:50.890-0300] {dag.py:3954} INFO - Setting next_dagrun for example_branch_dop_operator_v3 to 2025-10-28 00:38:00+00:00, run_after=2025-10-28 00:39:00+00:00
[2025-10-27T21:39:50.905-0300] {processor.py:183} INFO - Processing /home/joaosousa/projects/spotify-project/venv/lib/python3.12/site-packages/airflow/example_dags/example_branch_python_dop_operator_3.py took 0.054 seconds
