[2025-10-27T21:30:47.899-0300] {processor.py:161} INFO - Started process (PID=1071) to work on /home/joaosousa/projects/spotify-project/venv/lib/python3.12/site-packages/airflow/example_dags/example_sensors.py
[2025-10-27T21:30:47.900-0300] {processor.py:830} INFO - Processing file /home/joaosousa/projects/spotify-project/venv/lib/python3.12/site-packages/airflow/example_dags/example_sensors.py for tasks to queue
[2025-10-27T21:30:47.901-0300] {logging_mixin.py:188} INFO - [2025-10-27T21:30:47.901-0300] {dagbag.py:545} INFO - Filling up the DagBag from /home/joaosousa/projects/spotify-project/venv/lib/python3.12/site-packages/airflow/example_dags/example_sensors.py
[2025-10-27T21:30:47.909-0300] {processor.py:840} INFO - DAG(s) 'example_sensors' retrieved from /home/joaosousa/projects/spotify-project/venv/lib/python3.12/site-packages/airflow/example_dags/example_sensors.py
[2025-10-27T21:30:47.928-0300] {logging_mixin.py:188} INFO - [2025-10-27T21:30:47.928-0300] {dag.py:3096} INFO - Sync 1 DAGs
[2025-10-27T21:30:47.935-0300] {logging_mixin.py:188} INFO - [2025-10-27T21:30:47.935-0300] {dag.py:3954} INFO - Setting next_dagrun for example_sensors to None, run_after=None
[2025-10-27T21:30:47.950-0300] {processor.py:183} INFO - Processing /home/joaosousa/projects/spotify-project/venv/lib/python3.12/site-packages/airflow/example_dags/example_sensors.py took 0.055 seconds
[2025-10-27T21:31:37.002-0300] {processor.py:161} INFO - Started process (PID=1149) to work on /home/joaosousa/projects/spotify-project/venv/lib/python3.12/site-packages/airflow/example_dags/example_sensors.py
[2025-10-27T21:31:37.004-0300] {processor.py:830} INFO - Processing file /home/joaosousa/projects/spotify-project/venv/lib/python3.12/site-packages/airflow/example_dags/example_sensors.py for tasks to queue
[2025-10-27T21:31:37.005-0300] {logging_mixin.py:188} INFO - [2025-10-27T21:31:37.005-0300] {dagbag.py:545} INFO - Filling up the DagBag from /home/joaosousa/projects/spotify-project/venv/lib/python3.12/site-packages/airflow/example_dags/example_sensors.py
[2025-10-27T21:31:37.010-0300] {processor.py:840} INFO - DAG(s) 'example_sensors' retrieved from /home/joaosousa/projects/spotify-project/venv/lib/python3.12/site-packages/airflow/example_dags/example_sensors.py
[2025-10-27T21:31:37.023-0300] {logging_mixin.py:188} INFO - [2025-10-27T21:31:37.023-0300] {dag.py:3096} INFO - Sync 1 DAGs
[2025-10-27T21:31:37.031-0300] {logging_mixin.py:188} INFO - [2025-10-27T21:31:37.030-0300] {dag.py:3954} INFO - Setting next_dagrun for example_sensors to None, run_after=None
[2025-10-27T21:31:37.044-0300] {processor.py:183} INFO - Processing /home/joaosousa/projects/spotify-project/venv/lib/python3.12/site-packages/airflow/example_dags/example_sensors.py took 0.046 seconds
[2025-10-27T21:32:27.780-0300] {processor.py:161} INFO - Started process (PID=1332) to work on /home/joaosousa/projects/spotify-project/venv/lib/python3.12/site-packages/airflow/example_dags/example_sensors.py
[2025-10-27T21:32:27.781-0300] {processor.py:830} INFO - Processing file /home/joaosousa/projects/spotify-project/venv/lib/python3.12/site-packages/airflow/example_dags/example_sensors.py for tasks to queue
[2025-10-27T21:32:27.783-0300] {logging_mixin.py:188} INFO - [2025-10-27T21:32:27.783-0300] {dagbag.py:545} INFO - Filling up the DagBag from /home/joaosousa/projects/spotify-project/venv/lib/python3.12/site-packages/airflow/example_dags/example_sensors.py
[2025-10-27T21:32:27.789-0300] {processor.py:840} INFO - DAG(s) 'example_sensors' retrieved from /home/joaosousa/projects/spotify-project/venv/lib/python3.12/site-packages/airflow/example_dags/example_sensors.py
[2025-10-27T21:32:27.803-0300] {logging_mixin.py:188} INFO - [2025-10-27T21:32:27.802-0300] {dag.py:3096} INFO - Sync 1 DAGs
[2025-10-27T21:32:27.810-0300] {logging_mixin.py:188} INFO - [2025-10-27T21:32:27.810-0300] {dag.py:3954} INFO - Setting next_dagrun for example_sensors to None, run_after=None
[2025-10-27T21:32:27.825-0300] {processor.py:183} INFO - Processing /home/joaosousa/projects/spotify-project/venv/lib/python3.12/site-packages/airflow/example_dags/example_sensors.py took 0.049 seconds
[2025-10-27T21:33:14.494-0300] {processor.py:161} INFO - Started process (PID=1405) to work on /home/joaosousa/projects/spotify-project/venv/lib/python3.12/site-packages/airflow/example_dags/example_sensors.py
[2025-10-27T21:33:14.495-0300] {processor.py:830} INFO - Processing file /home/joaosousa/projects/spotify-project/venv/lib/python3.12/site-packages/airflow/example_dags/example_sensors.py for tasks to queue
[2025-10-27T21:33:14.497-0300] {logging_mixin.py:188} INFO - [2025-10-27T21:33:14.496-0300] {dagbag.py:545} INFO - Filling up the DagBag from /home/joaosousa/projects/spotify-project/venv/lib/python3.12/site-packages/airflow/example_dags/example_sensors.py
[2025-10-27T21:33:14.502-0300] {processor.py:840} INFO - DAG(s) 'example_sensors' retrieved from /home/joaosousa/projects/spotify-project/venv/lib/python3.12/site-packages/airflow/example_dags/example_sensors.py
[2025-10-27T21:33:14.515-0300] {logging_mixin.py:188} INFO - [2025-10-27T21:33:14.515-0300] {dag.py:3096} INFO - Sync 1 DAGs
[2025-10-27T21:33:14.522-0300] {logging_mixin.py:188} INFO - [2025-10-27T21:33:14.522-0300] {dag.py:3954} INFO - Setting next_dagrun for example_sensors to None, run_after=None
[2025-10-27T21:33:14.536-0300] {processor.py:183} INFO - Processing /home/joaosousa/projects/spotify-project/venv/lib/python3.12/site-packages/airflow/example_dags/example_sensors.py took 0.047 seconds
[2025-10-27T21:33:55.263-0300] {processor.py:161} INFO - Started process (PID=1471) to work on /home/joaosousa/projects/spotify-project/venv/lib/python3.12/site-packages/airflow/example_dags/example_sensors.py
[2025-10-27T21:33:55.265-0300] {processor.py:830} INFO - Processing file /home/joaosousa/projects/spotify-project/venv/lib/python3.12/site-packages/airflow/example_dags/example_sensors.py for tasks to queue
[2025-10-27T21:33:55.266-0300] {logging_mixin.py:188} INFO - [2025-10-27T21:33:55.266-0300] {dagbag.py:545} INFO - Filling up the DagBag from /home/joaosousa/projects/spotify-project/venv/lib/python3.12/site-packages/airflow/example_dags/example_sensors.py
[2025-10-27T21:33:55.272-0300] {processor.py:840} INFO - DAG(s) 'example_sensors' retrieved from /home/joaosousa/projects/spotify-project/venv/lib/python3.12/site-packages/airflow/example_dags/example_sensors.py
[2025-10-27T21:33:55.286-0300] {logging_mixin.py:188} INFO - [2025-10-27T21:33:55.286-0300] {dag.py:3096} INFO - Sync 1 DAGs
[2025-10-27T21:33:55.294-0300] {logging_mixin.py:188} INFO - [2025-10-27T21:33:55.294-0300] {dag.py:3954} INFO - Setting next_dagrun for example_sensors to None, run_after=None
[2025-10-27T21:33:55.309-0300] {processor.py:183} INFO - Processing /home/joaosousa/projects/spotify-project/venv/lib/python3.12/site-packages/airflow/example_dags/example_sensors.py took 0.050 seconds
[2025-10-27T21:34:36.834-0300] {processor.py:161} INFO - Started process (PID=1539) to work on /home/joaosousa/projects/spotify-project/venv/lib/python3.12/site-packages/airflow/example_dags/example_sensors.py
[2025-10-27T21:34:36.836-0300] {processor.py:830} INFO - Processing file /home/joaosousa/projects/spotify-project/venv/lib/python3.12/site-packages/airflow/example_dags/example_sensors.py for tasks to queue
[2025-10-27T21:34:36.838-0300] {logging_mixin.py:188} INFO - [2025-10-27T21:34:36.837-0300] {dagbag.py:545} INFO - Filling up the DagBag from /home/joaosousa/projects/spotify-project/venv/lib/python3.12/site-packages/airflow/example_dags/example_sensors.py
[2025-10-27T21:34:36.843-0300] {processor.py:840} INFO - DAG(s) 'example_sensors' retrieved from /home/joaosousa/projects/spotify-project/venv/lib/python3.12/site-packages/airflow/example_dags/example_sensors.py
[2025-10-27T21:34:36.857-0300] {logging_mixin.py:188} INFO - [2025-10-27T21:34:36.857-0300] {dag.py:3096} INFO - Sync 1 DAGs
[2025-10-27T21:34:36.864-0300] {logging_mixin.py:188} INFO - [2025-10-27T21:34:36.864-0300] {dag.py:3954} INFO - Setting next_dagrun for example_sensors to None, run_after=None
[2025-10-27T21:34:36.880-0300] {processor.py:183} INFO - Processing /home/joaosousa/projects/spotify-project/venv/lib/python3.12/site-packages/airflow/example_dags/example_sensors.py took 0.050 seconds
[2025-10-27T21:35:15.072-0300] {processor.py:161} INFO - Started process (PID=1603) to work on /home/joaosousa/projects/spotify-project/venv/lib/python3.12/site-packages/airflow/example_dags/example_sensors.py
[2025-10-27T21:35:15.073-0300] {processor.py:830} INFO - Processing file /home/joaosousa/projects/spotify-project/venv/lib/python3.12/site-packages/airflow/example_dags/example_sensors.py for tasks to queue
[2025-10-27T21:35:15.074-0300] {logging_mixin.py:188} INFO - [2025-10-27T21:35:15.074-0300] {dagbag.py:545} INFO - Filling up the DagBag from /home/joaosousa/projects/spotify-project/venv/lib/python3.12/site-packages/airflow/example_dags/example_sensors.py
[2025-10-27T21:35:15.080-0300] {processor.py:840} INFO - DAG(s) 'example_sensors' retrieved from /home/joaosousa/projects/spotify-project/venv/lib/python3.12/site-packages/airflow/example_dags/example_sensors.py
[2025-10-27T21:35:15.096-0300] {logging_mixin.py:188} INFO - [2025-10-27T21:35:15.096-0300] {dag.py:3096} INFO - Sync 1 DAGs
[2025-10-27T21:35:15.105-0300] {logging_mixin.py:188} INFO - [2025-10-27T21:35:15.105-0300] {dag.py:3954} INFO - Setting next_dagrun for example_sensors to None, run_after=None
[2025-10-27T21:35:15.120-0300] {processor.py:183} INFO - Processing /home/joaosousa/projects/spotify-project/venv/lib/python3.12/site-packages/airflow/example_dags/example_sensors.py took 0.053 seconds
[2025-10-27T21:35:58.173-0300] {processor.py:161} INFO - Started process (PID=1671) to work on /home/joaosousa/projects/spotify-project/venv/lib/python3.12/site-packages/airflow/example_dags/example_sensors.py
[2025-10-27T21:35:58.175-0300] {processor.py:830} INFO - Processing file /home/joaosousa/projects/spotify-project/venv/lib/python3.12/site-packages/airflow/example_dags/example_sensors.py for tasks to queue
[2025-10-27T21:35:58.176-0300] {logging_mixin.py:188} INFO - [2025-10-27T21:35:58.176-0300] {dagbag.py:545} INFO - Filling up the DagBag from /home/joaosousa/projects/spotify-project/venv/lib/python3.12/site-packages/airflow/example_dags/example_sensors.py
[2025-10-27T21:35:58.182-0300] {processor.py:840} INFO - DAG(s) 'example_sensors' retrieved from /home/joaosousa/projects/spotify-project/venv/lib/python3.12/site-packages/airflow/example_dags/example_sensors.py
[2025-10-27T21:35:58.195-0300] {logging_mixin.py:188} INFO - [2025-10-27T21:35:58.195-0300] {dag.py:3096} INFO - Sync 1 DAGs
[2025-10-27T21:35:58.203-0300] {logging_mixin.py:188} INFO - [2025-10-27T21:35:58.203-0300] {dag.py:3954} INFO - Setting next_dagrun for example_sensors to None, run_after=None
[2025-10-27T21:35:58.218-0300] {processor.py:183} INFO - Processing /home/joaosousa/projects/spotify-project/venv/lib/python3.12/site-packages/airflow/example_dags/example_sensors.py took 0.050 seconds
[2025-10-27T21:36:47.756-0300] {processor.py:161} INFO - Started process (PID=1742) to work on /home/joaosousa/projects/spotify-project/venv/lib/python3.12/site-packages/airflow/example_dags/example_sensors.py
[2025-10-27T21:36:47.758-0300] {processor.py:830} INFO - Processing file /home/joaosousa/projects/spotify-project/venv/lib/python3.12/site-packages/airflow/example_dags/example_sensors.py for tasks to queue
[2025-10-27T21:36:47.759-0300] {logging_mixin.py:188} INFO - [2025-10-27T21:36:47.758-0300] {dagbag.py:545} INFO - Filling up the DagBag from /home/joaosousa/projects/spotify-project/venv/lib/python3.12/site-packages/airflow/example_dags/example_sensors.py
[2025-10-27T21:36:47.765-0300] {processor.py:840} INFO - DAG(s) 'example_sensors' retrieved from /home/joaosousa/projects/spotify-project/venv/lib/python3.12/site-packages/airflow/example_dags/example_sensors.py
[2025-10-27T21:36:47.779-0300] {logging_mixin.py:188} INFO - [2025-10-27T21:36:47.779-0300] {dag.py:3096} INFO - Sync 1 DAGs
[2025-10-27T21:36:47.787-0300] {logging_mixin.py:188} INFO - [2025-10-27T21:36:47.787-0300] {dag.py:3954} INFO - Setting next_dagrun for example_sensors to None, run_after=None
[2025-10-27T21:36:47.802-0300] {processor.py:183} INFO - Processing /home/joaosousa/projects/spotify-project/venv/lib/python3.12/site-packages/airflow/example_dags/example_sensors.py took 0.051 seconds
[2025-10-27T21:37:31.567-0300] {processor.py:161} INFO - Started process (PID=1812) to work on /home/joaosousa/projects/spotify-project/venv/lib/python3.12/site-packages/airflow/example_dags/example_sensors.py
[2025-10-27T21:37:31.569-0300] {processor.py:830} INFO - Processing file /home/joaosousa/projects/spotify-project/venv/lib/python3.12/site-packages/airflow/example_dags/example_sensors.py for tasks to queue
[2025-10-27T21:37:31.570-0300] {logging_mixin.py:188} INFO - [2025-10-27T21:37:31.570-0300] {dagbag.py:545} INFO - Filling up the DagBag from /home/joaosousa/projects/spotify-project/venv/lib/python3.12/site-packages/airflow/example_dags/example_sensors.py
[2025-10-27T21:37:31.577-0300] {processor.py:840} INFO - DAG(s) 'example_sensors' retrieved from /home/joaosousa/projects/spotify-project/venv/lib/python3.12/site-packages/airflow/example_dags/example_sensors.py
[2025-10-27T21:37:31.592-0300] {logging_mixin.py:188} INFO - [2025-10-27T21:37:31.592-0300] {dag.py:3096} INFO - Sync 1 DAGs
[2025-10-27T21:37:31.601-0300] {logging_mixin.py:188} INFO - [2025-10-27T21:37:31.601-0300] {dag.py:3954} INFO - Setting next_dagrun for example_sensors to None, run_after=None
[2025-10-27T21:37:31.619-0300] {processor.py:183} INFO - Processing /home/joaosousa/projects/spotify-project/venv/lib/python3.12/site-packages/airflow/example_dags/example_sensors.py took 0.057 seconds
[2025-10-27T21:38:15.949-0300] {processor.py:161} INFO - Started process (PID=1883) to work on /home/joaosousa/projects/spotify-project/venv/lib/python3.12/site-packages/airflow/example_dags/example_sensors.py
[2025-10-27T21:38:15.951-0300] {processor.py:830} INFO - Processing file /home/joaosousa/projects/spotify-project/venv/lib/python3.12/site-packages/airflow/example_dags/example_sensors.py for tasks to queue
[2025-10-27T21:38:15.952-0300] {logging_mixin.py:188} INFO - [2025-10-27T21:38:15.952-0300] {dagbag.py:545} INFO - Filling up the DagBag from /home/joaosousa/projects/spotify-project/venv/lib/python3.12/site-packages/airflow/example_dags/example_sensors.py
[2025-10-27T21:38:15.958-0300] {processor.py:840} INFO - DAG(s) 'example_sensors' retrieved from /home/joaosousa/projects/spotify-project/venv/lib/python3.12/site-packages/airflow/example_dags/example_sensors.py
[2025-10-27T21:38:15.972-0300] {logging_mixin.py:188} INFO - [2025-10-27T21:38:15.972-0300] {dag.py:3096} INFO - Sync 1 DAGs
[2025-10-27T21:38:15.980-0300] {logging_mixin.py:188} INFO - [2025-10-27T21:38:15.980-0300] {dag.py:3954} INFO - Setting next_dagrun for example_sensors to None, run_after=None
[2025-10-27T21:38:15.997-0300] {processor.py:183} INFO - Processing /home/joaosousa/projects/spotify-project/venv/lib/python3.12/site-packages/airflow/example_dags/example_sensors.py took 0.052 seconds
[2025-10-27T21:38:53.588-0300] {processor.py:161} INFO - Started process (PID=1953) to work on /home/joaosousa/projects/spotify-project/venv/lib/python3.12/site-packages/airflow/example_dags/example_sensors.py
[2025-10-27T21:38:53.590-0300] {processor.py:830} INFO - Processing file /home/joaosousa/projects/spotify-project/venv/lib/python3.12/site-packages/airflow/example_dags/example_sensors.py for tasks to queue
[2025-10-27T21:38:53.592-0300] {logging_mixin.py:188} INFO - [2025-10-27T21:38:53.592-0300] {dagbag.py:545} INFO - Filling up the DagBag from /home/joaosousa/projects/spotify-project/venv/lib/python3.12/site-packages/airflow/example_dags/example_sensors.py
[2025-10-27T21:38:53.598-0300] {processor.py:840} INFO - DAG(s) 'example_sensors' retrieved from /home/joaosousa/projects/spotify-project/venv/lib/python3.12/site-packages/airflow/example_dags/example_sensors.py
[2025-10-27T21:38:53.612-0300] {logging_mixin.py:188} INFO - [2025-10-27T21:38:53.612-0300] {dag.py:3096} INFO - Sync 1 DAGs
[2025-10-27T21:38:53.620-0300] {logging_mixin.py:188} INFO - [2025-10-27T21:38:53.620-0300] {dag.py:3954} INFO - Setting next_dagrun for example_sensors to None, run_after=None
[2025-10-27T21:38:53.635-0300] {processor.py:183} INFO - Processing /home/joaosousa/projects/spotify-project/venv/lib/python3.12/site-packages/airflow/example_dags/example_sensors.py took 0.051 seconds
[2025-10-27T21:39:31.799-0300] {processor.py:161} INFO - Started process (PID=2025) to work on /home/joaosousa/projects/spotify-project/venv/lib/python3.12/site-packages/airflow/example_dags/example_sensors.py
[2025-10-27T21:39:31.800-0300] {processor.py:830} INFO - Processing file /home/joaosousa/projects/spotify-project/venv/lib/python3.12/site-packages/airflow/example_dags/example_sensors.py for tasks to queue
[2025-10-27T21:39:31.802-0300] {logging_mixin.py:188} INFO - [2025-10-27T21:39:31.801-0300] {dagbag.py:545} INFO - Filling up the DagBag from /home/joaosousa/projects/spotify-project/venv/lib/python3.12/site-packages/airflow/example_dags/example_sensors.py
[2025-10-27T21:39:31.808-0300] {processor.py:840} INFO - DAG(s) 'example_sensors' retrieved from /home/joaosousa/projects/spotify-project/venv/lib/python3.12/site-packages/airflow/example_dags/example_sensors.py
[2025-10-27T21:39:31.822-0300] {logging_mixin.py:188} INFO - [2025-10-27T21:39:31.822-0300] {dag.py:3096} INFO - Sync 1 DAGs
[2025-10-27T21:39:31.831-0300] {logging_mixin.py:188} INFO - [2025-10-27T21:39:31.831-0300] {dag.py:3954} INFO - Setting next_dagrun for example_sensors to None, run_after=None
[2025-10-27T21:39:31.850-0300] {processor.py:183} INFO - Processing /home/joaosousa/projects/spotify-project/venv/lib/python3.12/site-packages/airflow/example_dags/example_sensors.py took 0.054 seconds
[2025-10-27T21:40:14.829-0300] {processor.py:161} INFO - Started process (PID=2096) to work on /home/joaosousa/projects/spotify-project/venv/lib/python3.12/site-packages/airflow/example_dags/example_sensors.py
[2025-10-27T21:40:14.831-0300] {processor.py:830} INFO - Processing file /home/joaosousa/projects/spotify-project/venv/lib/python3.12/site-packages/airflow/example_dags/example_sensors.py for tasks to queue
[2025-10-27T21:40:14.832-0300] {logging_mixin.py:188} INFO - [2025-10-27T21:40:14.832-0300] {dagbag.py:545} INFO - Filling up the DagBag from /home/joaosousa/projects/spotify-project/venv/lib/python3.12/site-packages/airflow/example_dags/example_sensors.py
[2025-10-27T21:40:14.838-0300] {processor.py:840} INFO - DAG(s) 'example_sensors' retrieved from /home/joaosousa/projects/spotify-project/venv/lib/python3.12/site-packages/airflow/example_dags/example_sensors.py
[2025-10-27T21:40:14.852-0300] {logging_mixin.py:188} INFO - [2025-10-27T21:40:14.852-0300] {dag.py:3096} INFO - Sync 1 DAGs
[2025-10-27T21:40:14.859-0300] {logging_mixin.py:188} INFO - [2025-10-27T21:40:14.859-0300] {dag.py:3954} INFO - Setting next_dagrun for example_sensors to None, run_after=None
[2025-10-27T21:40:14.874-0300] {processor.py:183} INFO - Processing /home/joaosousa/projects/spotify-project/venv/lib/python3.12/site-packages/airflow/example_dags/example_sensors.py took 0.049 seconds
