[2025-10-27T21:30:57.615-0300] {processor.py:161} INFO - Started process (PID=1081) to work on /home/joaosousa/projects/spotify-project/venv/lib/python3.12/site-packages/airflow/example_dags/example_task_group_decorator.py
[2025-10-27T21:30:57.615-0300] {processor.py:830} INFO - Processing file /home/joaosousa/projects/spotify-project/venv/lib/python3.12/site-packages/airflow/example_dags/example_task_group_decorator.py for tasks to queue
[2025-10-27T21:30:57.617-0300] {logging_mixin.py:188} INFO - [2025-10-27T21:30:57.616-0300] {dagbag.py:545} INFO - Filling up the DagBag from /home/joaosousa/projects/spotify-project/venv/lib/python3.12/site-packages/airflow/example_dags/example_task_group_decorator.py
[2025-10-27T21:30:57.627-0300] {processor.py:840} INFO - DAG(s) 'example_task_group_decorator' retrieved from /home/joaosousa/projects/spotify-project/venv/lib/python3.12/site-packages/airflow/example_dags/example_task_group_decorator.py
[2025-10-27T21:30:57.640-0300] {logging_mixin.py:188} INFO - [2025-10-27T21:30:57.640-0300] {dag.py:3096} INFO - Sync 1 DAGs
[2025-10-27T21:30:57.651-0300] {logging_mixin.py:188} INFO - [2025-10-27T21:30:57.651-0300] {dag.py:3954} INFO - Setting next_dagrun for example_task_group_decorator to 2025-10-27 00:00:00+00:00, run_after=2025-10-28 00:00:00+00:00
[2025-10-27T21:30:57.666-0300] {processor.py:183} INFO - Processing /home/joaosousa/projects/spotify-project/venv/lib/python3.12/site-packages/airflow/example_dags/example_task_group_decorator.py took 0.056 seconds
[2025-10-27T21:31:44.977-0300] {processor.py:161} INFO - Started process (PID=1159) to work on /home/joaosousa/projects/spotify-project/venv/lib/python3.12/site-packages/airflow/example_dags/example_task_group_decorator.py
[2025-10-27T21:31:44.978-0300] {processor.py:830} INFO - Processing file /home/joaosousa/projects/spotify-project/venv/lib/python3.12/site-packages/airflow/example_dags/example_task_group_decorator.py for tasks to queue
[2025-10-27T21:31:44.980-0300] {logging_mixin.py:188} INFO - [2025-10-27T21:31:44.980-0300] {dagbag.py:545} INFO - Filling up the DagBag from /home/joaosousa/projects/spotify-project/venv/lib/python3.12/site-packages/airflow/example_dags/example_task_group_decorator.py
[2025-10-27T21:31:44.989-0300] {processor.py:840} INFO - DAG(s) 'example_task_group_decorator' retrieved from /home/joaosousa/projects/spotify-project/venv/lib/python3.12/site-packages/airflow/example_dags/example_task_group_decorator.py
[2025-10-27T21:31:45.001-0300] {logging_mixin.py:188} INFO - [2025-10-27T21:31:45.001-0300] {dag.py:3096} INFO - Sync 1 DAGs
[2025-10-27T21:31:45.012-0300] {logging_mixin.py:188} INFO - [2025-10-27T21:31:45.012-0300] {dag.py:3954} INFO - Setting next_dagrun for example_task_group_decorator to 2025-10-27 00:00:00+00:00, run_after=2025-10-28 00:00:00+00:00
[2025-10-27T21:31:45.026-0300] {processor.py:183} INFO - Processing /home/joaosousa/projects/spotify-project/venv/lib/python3.12/site-packages/airflow/example_dags/example_task_group_decorator.py took 0.053 seconds
[2025-10-27T21:32:37.770-0300] {processor.py:161} INFO - Started process (PID=1344) to work on /home/joaosousa/projects/spotify-project/venv/lib/python3.12/site-packages/airflow/example_dags/example_task_group_decorator.py
[2025-10-27T21:32:37.771-0300] {processor.py:830} INFO - Processing file /home/joaosousa/projects/spotify-project/venv/lib/python3.12/site-packages/airflow/example_dags/example_task_group_decorator.py for tasks to queue
[2025-10-27T21:32:37.773-0300] {logging_mixin.py:188} INFO - [2025-10-27T21:32:37.772-0300] {dagbag.py:545} INFO - Filling up the DagBag from /home/joaosousa/projects/spotify-project/venv/lib/python3.12/site-packages/airflow/example_dags/example_task_group_decorator.py
[2025-10-27T21:32:37.781-0300] {processor.py:840} INFO - DAG(s) 'example_task_group_decorator' retrieved from /home/joaosousa/projects/spotify-project/venv/lib/python3.12/site-packages/airflow/example_dags/example_task_group_decorator.py
[2025-10-27T21:32:37.793-0300] {logging_mixin.py:188} INFO - [2025-10-27T21:32:37.793-0300] {dag.py:3096} INFO - Sync 1 DAGs
[2025-10-27T21:32:37.805-0300] {logging_mixin.py:188} INFO - [2025-10-27T21:32:37.805-0300] {dag.py:3954} INFO - Setting next_dagrun for example_task_group_decorator to 2025-10-27 00:00:00+00:00, run_after=2025-10-28 00:00:00+00:00
[2025-10-27T21:32:37.819-0300] {processor.py:183} INFO - Processing /home/joaosousa/projects/spotify-project/venv/lib/python3.12/site-packages/airflow/example_dags/example_task_group_decorator.py took 0.053 seconds
[2025-10-27T21:33:23.158-0300] {processor.py:161} INFO - Started process (PID=1415) to work on /home/joaosousa/projects/spotify-project/venv/lib/python3.12/site-packages/airflow/example_dags/example_task_group_decorator.py
[2025-10-27T21:33:23.160-0300] {processor.py:830} INFO - Processing file /home/joaosousa/projects/spotify-project/venv/lib/python3.12/site-packages/airflow/example_dags/example_task_group_decorator.py for tasks to queue
[2025-10-27T21:33:23.161-0300] {logging_mixin.py:188} INFO - [2025-10-27T21:33:23.161-0300] {dagbag.py:545} INFO - Filling up the DagBag from /home/joaosousa/projects/spotify-project/venv/lib/python3.12/site-packages/airflow/example_dags/example_task_group_decorator.py
[2025-10-27T21:33:23.170-0300] {processor.py:840} INFO - DAG(s) 'example_task_group_decorator' retrieved from /home/joaosousa/projects/spotify-project/venv/lib/python3.12/site-packages/airflow/example_dags/example_task_group_decorator.py
[2025-10-27T21:33:23.183-0300] {logging_mixin.py:188} INFO - [2025-10-27T21:33:23.183-0300] {dag.py:3096} INFO - Sync 1 DAGs
[2025-10-27T21:33:23.195-0300] {logging_mixin.py:188} INFO - [2025-10-27T21:33:23.195-0300] {dag.py:3954} INFO - Setting next_dagrun for example_task_group_decorator to 2025-10-27 00:00:00+00:00, run_after=2025-10-28 00:00:00+00:00
[2025-10-27T21:33:23.209-0300] {processor.py:183} INFO - Processing /home/joaosousa/projects/spotify-project/venv/lib/python3.12/site-packages/airflow/example_dags/example_task_group_decorator.py took 0.055 seconds
[2025-10-27T21:34:22.772-0300] {processor.py:161} INFO - Started process (PID=1523) to work on /home/joaosousa/projects/spotify-project/venv/lib/python3.12/site-packages/airflow/example_dags/example_task_group_decorator.py
[2025-10-27T21:34:22.774-0300] {processor.py:830} INFO - Processing file /home/joaosousa/projects/spotify-project/venv/lib/python3.12/site-packages/airflow/example_dags/example_task_group_decorator.py for tasks to queue
[2025-10-27T21:34:22.776-0300] {logging_mixin.py:188} INFO - [2025-10-27T21:34:22.775-0300] {dagbag.py:545} INFO - Filling up the DagBag from /home/joaosousa/projects/spotify-project/venv/lib/python3.12/site-packages/airflow/example_dags/example_task_group_decorator.py
[2025-10-27T21:34:22.785-0300] {processor.py:840} INFO - DAG(s) 'example_task_group_decorator' retrieved from /home/joaosousa/projects/spotify-project/venv/lib/python3.12/site-packages/airflow/example_dags/example_task_group_decorator.py
[2025-10-27T21:34:22.799-0300] {logging_mixin.py:188} INFO - [2025-10-27T21:34:22.799-0300] {dag.py:3096} INFO - Sync 1 DAGs
[2025-10-27T21:34:22.811-0300] {logging_mixin.py:188} INFO - [2025-10-27T21:34:22.811-0300] {dag.py:3954} INFO - Setting next_dagrun for example_task_group_decorator to 2025-10-27 00:00:00+00:00, run_after=2025-10-28 00:00:00+00:00
[2025-10-27T21:34:22.826-0300] {processor.py:183} INFO - Processing /home/joaosousa/projects/spotify-project/venv/lib/python3.12/site-packages/airflow/example_dags/example_task_group_decorator.py took 0.058 seconds
[2025-10-27T21:35:19.062-0300] {processor.py:161} INFO - Started process (PID=1608) to work on /home/joaosousa/projects/spotify-project/venv/lib/python3.12/site-packages/airflow/example_dags/example_task_group_decorator.py
[2025-10-27T21:35:19.063-0300] {processor.py:830} INFO - Processing file /home/joaosousa/projects/spotify-project/venv/lib/python3.12/site-packages/airflow/example_dags/example_task_group_decorator.py for tasks to queue
[2025-10-27T21:35:19.065-0300] {logging_mixin.py:188} INFO - [2025-10-27T21:35:19.064-0300] {dagbag.py:545} INFO - Filling up the DagBag from /home/joaosousa/projects/spotify-project/venv/lib/python3.12/site-packages/airflow/example_dags/example_task_group_decorator.py
[2025-10-27T21:35:19.074-0300] {processor.py:840} INFO - DAG(s) 'example_task_group_decorator' retrieved from /home/joaosousa/projects/spotify-project/venv/lib/python3.12/site-packages/airflow/example_dags/example_task_group_decorator.py
[2025-10-27T21:35:19.088-0300] {logging_mixin.py:188} INFO - [2025-10-27T21:35:19.088-0300] {dag.py:3096} INFO - Sync 1 DAGs
[2025-10-27T21:35:19.102-0300] {logging_mixin.py:188} INFO - [2025-10-27T21:35:19.101-0300] {dag.py:3954} INFO - Setting next_dagrun for example_task_group_decorator to 2025-10-27 00:00:00+00:00, run_after=2025-10-28 00:00:00+00:00
[2025-10-27T21:35:19.117-0300] {processor.py:183} INFO - Processing /home/joaosousa/projects/spotify-project/venv/lib/python3.12/site-packages/airflow/example_dags/example_task_group_decorator.py took 0.060 seconds
[2025-10-27T21:36:04.473-0300] {processor.py:161} INFO - Started process (PID=1677) to work on /home/joaosousa/projects/spotify-project/venv/lib/python3.12/site-packages/airflow/example_dags/example_task_group_decorator.py
[2025-10-27T21:36:04.475-0300] {processor.py:830} INFO - Processing file /home/joaosousa/projects/spotify-project/venv/lib/python3.12/site-packages/airflow/example_dags/example_task_group_decorator.py for tasks to queue
[2025-10-27T21:36:04.476-0300] {logging_mixin.py:188} INFO - [2025-10-27T21:36:04.476-0300] {dagbag.py:545} INFO - Filling up the DagBag from /home/joaosousa/projects/spotify-project/venv/lib/python3.12/site-packages/airflow/example_dags/example_task_group_decorator.py
[2025-10-27T21:36:04.485-0300] {processor.py:840} INFO - DAG(s) 'example_task_group_decorator' retrieved from /home/joaosousa/projects/spotify-project/venv/lib/python3.12/site-packages/airflow/example_dags/example_task_group_decorator.py
[2025-10-27T21:36:04.498-0300] {logging_mixin.py:188} INFO - [2025-10-27T21:36:04.498-0300] {dag.py:3096} INFO - Sync 1 DAGs
[2025-10-27T21:36:04.510-0300] {logging_mixin.py:188} INFO - [2025-10-27T21:36:04.510-0300] {dag.py:3954} INFO - Setting next_dagrun for example_task_group_decorator to 2025-10-27 00:00:00+00:00, run_after=2025-10-28 00:00:00+00:00
[2025-10-27T21:36:04.617-0300] {processor.py:183} INFO - Processing /home/joaosousa/projects/spotify-project/venv/lib/python3.12/site-packages/airflow/example_dags/example_task_group_decorator.py took 0.148 seconds
[2025-10-27T21:36:52.437-0300] {processor.py:161} INFO - Started process (PID=1748) to work on /home/joaosousa/projects/spotify-project/venv/lib/python3.12/site-packages/airflow/example_dags/example_task_group_decorator.py
[2025-10-27T21:36:52.439-0300] {processor.py:830} INFO - Processing file /home/joaosousa/projects/spotify-project/venv/lib/python3.12/site-packages/airflow/example_dags/example_task_group_decorator.py for tasks to queue
[2025-10-27T21:36:52.440-0300] {logging_mixin.py:188} INFO - [2025-10-27T21:36:52.440-0300] {dagbag.py:545} INFO - Filling up the DagBag from /home/joaosousa/projects/spotify-project/venv/lib/python3.12/site-packages/airflow/example_dags/example_task_group_decorator.py
[2025-10-27T21:36:52.450-0300] {processor.py:840} INFO - DAG(s) 'example_task_group_decorator' retrieved from /home/joaosousa/projects/spotify-project/venv/lib/python3.12/site-packages/airflow/example_dags/example_task_group_decorator.py
[2025-10-27T21:36:52.466-0300] {logging_mixin.py:188} INFO - [2025-10-27T21:36:52.466-0300] {dag.py:3096} INFO - Sync 1 DAGs
[2025-10-27T21:36:52.479-0300] {logging_mixin.py:188} INFO - [2025-10-27T21:36:52.479-0300] {dag.py:3954} INFO - Setting next_dagrun for example_task_group_decorator to 2025-10-27 00:00:00+00:00, run_after=2025-10-28 00:00:00+00:00
[2025-10-27T21:36:52.494-0300] {processor.py:183} INFO - Processing /home/joaosousa/projects/spotify-project/venv/lib/python3.12/site-packages/airflow/example_dags/example_task_group_decorator.py took 0.062 seconds
[2025-10-27T21:37:37.620-0300] {processor.py:161} INFO - Started process (PID=1820) to work on /home/joaosousa/projects/spotify-project/venv/lib/python3.12/site-packages/airflow/example_dags/example_task_group_decorator.py
[2025-10-27T21:37:37.622-0300] {processor.py:830} INFO - Processing file /home/joaosousa/projects/spotify-project/venv/lib/python3.12/site-packages/airflow/example_dags/example_task_group_decorator.py for tasks to queue
[2025-10-27T21:37:37.623-0300] {logging_mixin.py:188} INFO - [2025-10-27T21:37:37.623-0300] {dagbag.py:545} INFO - Filling up the DagBag from /home/joaosousa/projects/spotify-project/venv/lib/python3.12/site-packages/airflow/example_dags/example_task_group_decorator.py
[2025-10-27T21:37:37.633-0300] {processor.py:840} INFO - DAG(s) 'example_task_group_decorator' retrieved from /home/joaosousa/projects/spotify-project/venv/lib/python3.12/site-packages/airflow/example_dags/example_task_group_decorator.py
[2025-10-27T21:37:37.647-0300] {logging_mixin.py:188} INFO - [2025-10-27T21:37:37.647-0300] {dag.py:3096} INFO - Sync 1 DAGs
[2025-10-27T21:37:37.660-0300] {logging_mixin.py:188} INFO - [2025-10-27T21:37:37.659-0300] {dag.py:3954} INFO - Setting next_dagrun for example_task_group_decorator to 2025-10-27 00:00:00+00:00, run_after=2025-10-28 00:00:00+00:00
[2025-10-27T21:37:37.677-0300] {processor.py:183} INFO - Processing /home/joaosousa/projects/spotify-project/venv/lib/python3.12/site-packages/airflow/example_dags/example_task_group_decorator.py took 0.062 seconds
[2025-10-27T21:38:21.359-0300] {processor.py:161} INFO - Started process (PID=1889) to work on /home/joaosousa/projects/spotify-project/venv/lib/python3.12/site-packages/airflow/example_dags/example_task_group_decorator.py
[2025-10-27T21:38:21.361-0300] {processor.py:830} INFO - Processing file /home/joaosousa/projects/spotify-project/venv/lib/python3.12/site-packages/airflow/example_dags/example_task_group_decorator.py for tasks to queue
[2025-10-27T21:38:21.362-0300] {logging_mixin.py:188} INFO - [2025-10-27T21:38:21.362-0300] {dagbag.py:545} INFO - Filling up the DagBag from /home/joaosousa/projects/spotify-project/venv/lib/python3.12/site-packages/airflow/example_dags/example_task_group_decorator.py
[2025-10-27T21:38:21.371-0300] {processor.py:840} INFO - DAG(s) 'example_task_group_decorator' retrieved from /home/joaosousa/projects/spotify-project/venv/lib/python3.12/site-packages/airflow/example_dags/example_task_group_decorator.py
[2025-10-27T21:38:21.384-0300] {logging_mixin.py:188} INFO - [2025-10-27T21:38:21.384-0300] {dag.py:3096} INFO - Sync 1 DAGs
[2025-10-27T21:38:21.397-0300] {logging_mixin.py:188} INFO - [2025-10-27T21:38:21.397-0300] {dag.py:3954} INFO - Setting next_dagrun for example_task_group_decorator to 2025-10-27 00:00:00+00:00, run_after=2025-10-28 00:00:00+00:00
[2025-10-27T21:38:21.411-0300] {processor.py:183} INFO - Processing /home/joaosousa/projects/spotify-project/venv/lib/python3.12/site-packages/airflow/example_dags/example_task_group_decorator.py took 0.057 seconds
[2025-10-27T21:39:12.584-0300] {processor.py:161} INFO - Started process (PID=1989) to work on /home/joaosousa/projects/spotify-project/venv/lib/python3.12/site-packages/airflow/example_dags/example_task_group_decorator.py
[2025-10-27T21:39:12.586-0300] {processor.py:830} INFO - Processing file /home/joaosousa/projects/spotify-project/venv/lib/python3.12/site-packages/airflow/example_dags/example_task_group_decorator.py for tasks to queue
[2025-10-27T21:39:12.587-0300] {logging_mixin.py:188} INFO - [2025-10-27T21:39:12.587-0300] {dagbag.py:545} INFO - Filling up the DagBag from /home/joaosousa/projects/spotify-project/venv/lib/python3.12/site-packages/airflow/example_dags/example_task_group_decorator.py
[2025-10-27T21:39:12.596-0300] {processor.py:840} INFO - DAG(s) 'example_task_group_decorator' retrieved from /home/joaosousa/projects/spotify-project/venv/lib/python3.12/site-packages/airflow/example_dags/example_task_group_decorator.py
[2025-10-27T21:39:12.610-0300] {logging_mixin.py:188} INFO - [2025-10-27T21:39:12.609-0300] {dag.py:3096} INFO - Sync 1 DAGs
[2025-10-27T21:39:12.622-0300] {logging_mixin.py:188} INFO - [2025-10-27T21:39:12.622-0300] {dag.py:3954} INFO - Setting next_dagrun for example_task_group_decorator to 2025-10-27 00:00:00+00:00, run_after=2025-10-28 00:00:00+00:00
[2025-10-27T21:39:12.638-0300] {processor.py:183} INFO - Processing /home/joaosousa/projects/spotify-project/venv/lib/python3.12/site-packages/airflow/example_dags/example_task_group_decorator.py took 0.059 seconds
[2025-10-27T21:39:55.192-0300] {processor.py:161} INFO - Started process (PID=2059) to work on /home/joaosousa/projects/spotify-project/venv/lib/python3.12/site-packages/airflow/example_dags/example_task_group_decorator.py
[2025-10-27T21:39:55.194-0300] {processor.py:830} INFO - Processing file /home/joaosousa/projects/spotify-project/venv/lib/python3.12/site-packages/airflow/example_dags/example_task_group_decorator.py for tasks to queue
[2025-10-27T21:39:55.195-0300] {logging_mixin.py:188} INFO - [2025-10-27T21:39:55.195-0300] {dagbag.py:545} INFO - Filling up the DagBag from /home/joaosousa/projects/spotify-project/venv/lib/python3.12/site-packages/airflow/example_dags/example_task_group_decorator.py
[2025-10-27T21:39:55.205-0300] {processor.py:840} INFO - DAG(s) 'example_task_group_decorator' retrieved from /home/joaosousa/projects/spotify-project/venv/lib/python3.12/site-packages/airflow/example_dags/example_task_group_decorator.py
[2025-10-27T21:39:55.218-0300] {logging_mixin.py:188} INFO - [2025-10-27T21:39:55.218-0300] {dag.py:3096} INFO - Sync 1 DAGs
[2025-10-27T21:39:55.231-0300] {logging_mixin.py:188} INFO - [2025-10-27T21:39:55.231-0300] {dag.py:3954} INFO - Setting next_dagrun for example_task_group_decorator to 2025-10-27 00:00:00+00:00, run_after=2025-10-28 00:00:00+00:00
[2025-10-27T21:39:55.246-0300] {processor.py:183} INFO - Processing /home/joaosousa/projects/spotify-project/venv/lib/python3.12/site-packages/airflow/example_dags/example_task_group_decorator.py took 0.058 seconds
