[2025-10-27T21:31:11.796-0300] {processor.py:161} INFO - Started process (PID=1096) to work on /home/joaosousa/projects/spotify-project/venv/lib/python3.12/site-packages/airflow/example_dags/example_complex.py
[2025-10-27T21:31:11.797-0300] {processor.py:830} INFO - Processing file /home/joaosousa/projects/spotify-project/venv/lib/python3.12/site-packages/airflow/example_dags/example_complex.py for tasks to queue
[2025-10-27T21:31:11.798-0300] {logging_mixin.py:188} INFO - [2025-10-27T21:31:11.798-0300] {dagbag.py:545} INFO - Filling up the DagBag from /home/joaosousa/projects/spotify-project/venv/lib/python3.12/site-packages/airflow/example_dags/example_complex.py
[2025-10-27T21:31:11.805-0300] {processor.py:840} INFO - DAG(s) 'example_complex' retrieved from /home/joaosousa/projects/spotify-project/venv/lib/python3.12/site-packages/airflow/example_dags/example_complex.py
[2025-10-27T21:31:11.822-0300] {logging_mixin.py:188} INFO - [2025-10-27T21:31:11.822-0300] {dag.py:3096} INFO - Sync 1 DAGs
[2025-10-27T21:31:11.831-0300] {logging_mixin.py:188} INFO - [2025-10-27T21:31:11.830-0300] {dag.py:3954} INFO - Setting next_dagrun for example_complex to None, run_after=None
[2025-10-27T21:31:11.847-0300] {processor.py:183} INFO - Processing /home/joaosousa/projects/spotify-project/venv/lib/python3.12/site-packages/airflow/example_dags/example_complex.py took 0.055 seconds
[2025-10-27T21:31:59.851-0300] {processor.py:161} INFO - Started process (PID=1281) to work on /home/joaosousa/projects/spotify-project/venv/lib/python3.12/site-packages/airflow/example_dags/example_complex.py
[2025-10-27T21:31:59.852-0300] {processor.py:830} INFO - Processing file /home/joaosousa/projects/spotify-project/venv/lib/python3.12/site-packages/airflow/example_dags/example_complex.py for tasks to queue
[2025-10-27T21:31:59.854-0300] {logging_mixin.py:188} INFO - [2025-10-27T21:31:59.853-0300] {dagbag.py:545} INFO - Filling up the DagBag from /home/joaosousa/projects/spotify-project/venv/lib/python3.12/site-packages/airflow/example_dags/example_complex.py
[2025-10-27T21:31:59.860-0300] {processor.py:840} INFO - DAG(s) 'example_complex' retrieved from /home/joaosousa/projects/spotify-project/venv/lib/python3.12/site-packages/airflow/example_dags/example_complex.py
[2025-10-27T21:31:59.877-0300] {logging_mixin.py:188} INFO - [2025-10-27T21:31:59.876-0300] {dag.py:3096} INFO - Sync 1 DAGs
[2025-10-27T21:31:59.885-0300] {logging_mixin.py:188} INFO - [2025-10-27T21:31:59.884-0300] {dag.py:3954} INFO - Setting next_dagrun for example_complex to None, run_after=None
[2025-10-27T21:31:59.899-0300] {processor.py:183} INFO - Processing /home/joaosousa/projects/spotify-project/venv/lib/python3.12/site-packages/airflow/example_dags/example_complex.py took 0.052 seconds
[2025-10-27T21:33:01.407-0300] {processor.py:161} INFO - Started process (PID=1391) to work on /home/joaosousa/projects/spotify-project/venv/lib/python3.12/site-packages/airflow/example_dags/example_complex.py
[2025-10-27T21:33:01.409-0300] {processor.py:830} INFO - Processing file /home/joaosousa/projects/spotify-project/venv/lib/python3.12/site-packages/airflow/example_dags/example_complex.py for tasks to queue
[2025-10-27T21:33:01.411-0300] {logging_mixin.py:188} INFO - [2025-10-27T21:33:01.410-0300] {dagbag.py:545} INFO - Filling up the DagBag from /home/joaosousa/projects/spotify-project/venv/lib/python3.12/site-packages/airflow/example_dags/example_complex.py
[2025-10-27T21:33:01.420-0300] {processor.py:840} INFO - DAG(s) 'example_complex' retrieved from /home/joaosousa/projects/spotify-project/venv/lib/python3.12/site-packages/airflow/example_dags/example_complex.py
[2025-10-27T21:33:01.443-0300] {logging_mixin.py:188} INFO - [2025-10-27T21:33:01.443-0300] {dag.py:3096} INFO - Sync 1 DAGs
[2025-10-27T21:33:01.452-0300] {logging_mixin.py:188} INFO - [2025-10-27T21:33:01.452-0300] {dag.py:3954} INFO - Setting next_dagrun for example_complex to None, run_after=None
[2025-10-27T21:33:01.470-0300] {processor.py:183} INFO - Processing /home/joaosousa/projects/spotify-project/venv/lib/python3.12/site-packages/airflow/example_dags/example_complex.py took 0.068 seconds
[2025-10-27T21:34:02.922-0300] {processor.py:161} INFO - Started process (PID=1479) to work on /home/joaosousa/projects/spotify-project/venv/lib/python3.12/site-packages/airflow/example_dags/example_complex.py
[2025-10-27T21:34:02.923-0300] {processor.py:830} INFO - Processing file /home/joaosousa/projects/spotify-project/venv/lib/python3.12/site-packages/airflow/example_dags/example_complex.py for tasks to queue
[2025-10-27T21:34:02.924-0300] {logging_mixin.py:188} INFO - [2025-10-27T21:34:02.924-0300] {dagbag.py:545} INFO - Filling up the DagBag from /home/joaosousa/projects/spotify-project/venv/lib/python3.12/site-packages/airflow/example_dags/example_complex.py
[2025-10-27T21:34:02.931-0300] {processor.py:840} INFO - DAG(s) 'example_complex' retrieved from /home/joaosousa/projects/spotify-project/venv/lib/python3.12/site-packages/airflow/example_dags/example_complex.py
[2025-10-27T21:34:02.947-0300] {logging_mixin.py:188} INFO - [2025-10-27T21:34:02.947-0300] {dag.py:3096} INFO - Sync 1 DAGs
[2025-10-27T21:34:02.955-0300] {logging_mixin.py:188} INFO - [2025-10-27T21:34:02.955-0300] {dag.py:3954} INFO - Setting next_dagrun for example_complex to None, run_after=None
[2025-10-27T21:34:02.970-0300] {processor.py:183} INFO - Processing /home/joaosousa/projects/spotify-project/venv/lib/python3.12/site-packages/airflow/example_dags/example_complex.py took 0.052 seconds
[2025-10-27T21:34:52.093-0300] {processor.py:161} INFO - Started process (PID=1555) to work on /home/joaosousa/projects/spotify-project/venv/lib/python3.12/site-packages/airflow/example_dags/example_complex.py
[2025-10-27T21:34:52.095-0300] {processor.py:830} INFO - Processing file /home/joaosousa/projects/spotify-project/venv/lib/python3.12/site-packages/airflow/example_dags/example_complex.py for tasks to queue
[2025-10-27T21:34:52.096-0300] {logging_mixin.py:188} INFO - [2025-10-27T21:34:52.096-0300] {dagbag.py:545} INFO - Filling up the DagBag from /home/joaosousa/projects/spotify-project/venv/lib/python3.12/site-packages/airflow/example_dags/example_complex.py
[2025-10-27T21:34:52.102-0300] {processor.py:840} INFO - DAG(s) 'example_complex' retrieved from /home/joaosousa/projects/spotify-project/venv/lib/python3.12/site-packages/airflow/example_dags/example_complex.py
[2025-10-27T21:34:52.118-0300] {logging_mixin.py:188} INFO - [2025-10-27T21:34:52.118-0300] {dag.py:3096} INFO - Sync 1 DAGs
[2025-10-27T21:34:52.126-0300] {logging_mixin.py:188} INFO - [2025-10-27T21:34:52.126-0300] {dag.py:3954} INFO - Setting next_dagrun for example_complex to None, run_after=None
[2025-10-27T21:34:52.141-0300] {processor.py:183} INFO - Processing /home/joaosousa/projects/spotify-project/venv/lib/python3.12/site-packages/airflow/example_dags/example_complex.py took 0.053 seconds
[2025-10-27T21:35:52.760-0300] {processor.py:161} INFO - Started process (PID=1666) to work on /home/joaosousa/projects/spotify-project/venv/lib/python3.12/site-packages/airflow/example_dags/example_complex.py
[2025-10-27T21:35:52.762-0300] {processor.py:830} INFO - Processing file /home/joaosousa/projects/spotify-project/venv/lib/python3.12/site-packages/airflow/example_dags/example_complex.py for tasks to queue
[2025-10-27T21:35:52.764-0300] {logging_mixin.py:188} INFO - [2025-10-27T21:35:52.764-0300] {dagbag.py:545} INFO - Filling up the DagBag from /home/joaosousa/projects/spotify-project/venv/lib/python3.12/site-packages/airflow/example_dags/example_complex.py
[2025-10-27T21:35:52.770-0300] {processor.py:840} INFO - DAG(s) 'example_complex' retrieved from /home/joaosousa/projects/spotify-project/venv/lib/python3.12/site-packages/airflow/example_dags/example_complex.py
[2025-10-27T21:35:52.787-0300] {logging_mixin.py:188} INFO - [2025-10-27T21:35:52.787-0300] {dag.py:3096} INFO - Sync 1 DAGs
[2025-10-27T21:35:52.795-0300] {logging_mixin.py:188} INFO - [2025-10-27T21:35:52.795-0300] {dag.py:3954} INFO - Setting next_dagrun for example_complex to None, run_after=None
[2025-10-27T21:35:52.811-0300] {processor.py:183} INFO - Processing /home/joaosousa/projects/spotify-project/venv/lib/python3.12/site-packages/airflow/example_dags/example_complex.py took 0.055 seconds
[2025-10-27T21:37:00.906-0300] {processor.py:161} INFO - Started process (PID=1757) to work on /home/joaosousa/projects/spotify-project/venv/lib/python3.12/site-packages/airflow/example_dags/example_complex.py
[2025-10-27T21:37:00.908-0300] {processor.py:830} INFO - Processing file /home/joaosousa/projects/spotify-project/venv/lib/python3.12/site-packages/airflow/example_dags/example_complex.py for tasks to queue
[2025-10-27T21:37:00.909-0300] {logging_mixin.py:188} INFO - [2025-10-27T21:37:00.909-0300] {dagbag.py:545} INFO - Filling up the DagBag from /home/joaosousa/projects/spotify-project/venv/lib/python3.12/site-packages/airflow/example_dags/example_complex.py
[2025-10-27T21:37:00.916-0300] {processor.py:840} INFO - DAG(s) 'example_complex' retrieved from /home/joaosousa/projects/spotify-project/venv/lib/python3.12/site-packages/airflow/example_dags/example_complex.py
[2025-10-27T21:37:00.932-0300] {logging_mixin.py:188} INFO - [2025-10-27T21:37:00.932-0300] {dag.py:3096} INFO - Sync 1 DAGs
[2025-10-27T21:37:00.940-0300] {logging_mixin.py:188} INFO - [2025-10-27T21:37:00.940-0300] {dag.py:3954} INFO - Setting next_dagrun for example_complex to None, run_after=None
[2025-10-27T21:37:00.955-0300] {processor.py:183} INFO - Processing /home/joaosousa/projects/spotify-project/venv/lib/python3.12/site-packages/airflow/example_dags/example_complex.py took 0.053 seconds
[2025-10-27T21:38:06.867-0300] {processor.py:161} INFO - Started process (PID=1873) to work on /home/joaosousa/projects/spotify-project/venv/lib/python3.12/site-packages/airflow/example_dags/example_complex.py
[2025-10-27T21:38:06.869-0300] {processor.py:830} INFO - Processing file /home/joaosousa/projects/spotify-project/venv/lib/python3.12/site-packages/airflow/example_dags/example_complex.py for tasks to queue
[2025-10-27T21:38:06.870-0300] {logging_mixin.py:188} INFO - [2025-10-27T21:38:06.870-0300] {dagbag.py:545} INFO - Filling up the DagBag from /home/joaosousa/projects/spotify-project/venv/lib/python3.12/site-packages/airflow/example_dags/example_complex.py
[2025-10-27T21:38:06.877-0300] {processor.py:840} INFO - DAG(s) 'example_complex' retrieved from /home/joaosousa/projects/spotify-project/venv/lib/python3.12/site-packages/airflow/example_dags/example_complex.py
[2025-10-27T21:38:06.894-0300] {logging_mixin.py:188} INFO - [2025-10-27T21:38:06.894-0300] {dag.py:3096} INFO - Sync 1 DAGs
[2025-10-27T21:38:06.902-0300] {logging_mixin.py:188} INFO - [2025-10-27T21:38:06.902-0300] {dag.py:3954} INFO - Setting next_dagrun for example_complex to None, run_after=None
[2025-10-27T21:38:06.918-0300] {processor.py:183} INFO - Processing /home/joaosousa/projects/spotify-project/venv/lib/python3.12/site-packages/airflow/example_dags/example_complex.py took 0.055 seconds
[2025-10-27T21:39:02.475-0300] {processor.py:161} INFO - Started process (PID=1965) to work on /home/joaosousa/projects/spotify-project/venv/lib/python3.12/site-packages/airflow/example_dags/example_complex.py
[2025-10-27T21:39:02.477-0300] {processor.py:830} INFO - Processing file /home/joaosousa/projects/spotify-project/venv/lib/python3.12/site-packages/airflow/example_dags/example_complex.py for tasks to queue
[2025-10-27T21:39:02.478-0300] {logging_mixin.py:188} INFO - [2025-10-27T21:39:02.478-0300] {dagbag.py:545} INFO - Filling up the DagBag from /home/joaosousa/projects/spotify-project/venv/lib/python3.12/site-packages/airflow/example_dags/example_complex.py
[2025-10-27T21:39:02.484-0300] {processor.py:840} INFO - DAG(s) 'example_complex' retrieved from /home/joaosousa/projects/spotify-project/venv/lib/python3.12/site-packages/airflow/example_dags/example_complex.py
[2025-10-27T21:39:02.501-0300] {logging_mixin.py:188} INFO - [2025-10-27T21:39:02.501-0300] {dag.py:3096} INFO - Sync 1 DAGs
[2025-10-27T21:39:02.509-0300] {logging_mixin.py:188} INFO - [2025-10-27T21:39:02.509-0300] {dag.py:3954} INFO - Setting next_dagrun for example_complex to None, run_after=None
[2025-10-27T21:39:02.527-0300] {processor.py:183} INFO - Processing /home/joaosousa/projects/spotify-project/venv/lib/python3.12/site-packages/airflow/example_dags/example_complex.py took 0.056 seconds
[2025-10-27T21:40:03.190-0300] {processor.py:161} INFO - Started process (PID=2067) to work on /home/joaosousa/projects/spotify-project/venv/lib/python3.12/site-packages/airflow/example_dags/example_complex.py
[2025-10-27T21:40:03.192-0300] {processor.py:830} INFO - Processing file /home/joaosousa/projects/spotify-project/venv/lib/python3.12/site-packages/airflow/example_dags/example_complex.py for tasks to queue
[2025-10-27T21:40:03.193-0300] {logging_mixin.py:188} INFO - [2025-10-27T21:40:03.193-0300] {dagbag.py:545} INFO - Filling up the DagBag from /home/joaosousa/projects/spotify-project/venv/lib/python3.12/site-packages/airflow/example_dags/example_complex.py
[2025-10-27T21:40:03.200-0300] {processor.py:840} INFO - DAG(s) 'example_complex' retrieved from /home/joaosousa/projects/spotify-project/venv/lib/python3.12/site-packages/airflow/example_dags/example_complex.py
[2025-10-27T21:40:03.219-0300] {logging_mixin.py:188} INFO - [2025-10-27T21:40:03.219-0300] {dag.py:3096} INFO - Sync 1 DAGs
[2025-10-27T21:40:03.227-0300] {logging_mixin.py:188} INFO - [2025-10-27T21:40:03.227-0300] {dag.py:3954} INFO - Setting next_dagrun for example_complex to None, run_after=None
[2025-10-27T21:40:03.242-0300] {processor.py:183} INFO - Processing /home/joaosousa/projects/spotify-project/venv/lib/python3.12/site-packages/airflow/example_dags/example_complex.py took 0.056 seconds
[2025-10-27T21:41:03.030-0300] {processor.py:161} INFO - Started process (PID=2172) to work on /home/joaosousa/projects/spotify-project/venv/lib/python3.12/site-packages/airflow/example_dags/example_complex.py
[2025-10-27T21:41:03.032-0300] {processor.py:830} INFO - Processing file /home/joaosousa/projects/spotify-project/venv/lib/python3.12/site-packages/airflow/example_dags/example_complex.py for tasks to queue
[2025-10-27T21:41:03.033-0300] {logging_mixin.py:188} INFO - [2025-10-27T21:41:03.033-0300] {dagbag.py:545} INFO - Filling up the DagBag from /home/joaosousa/projects/spotify-project/venv/lib/python3.12/site-packages/airflow/example_dags/example_complex.py
[2025-10-27T21:41:03.040-0300] {processor.py:840} INFO - DAG(s) 'example_complex' retrieved from /home/joaosousa/projects/spotify-project/venv/lib/python3.12/site-packages/airflow/example_dags/example_complex.py
[2025-10-27T21:41:03.057-0300] {logging_mixin.py:188} INFO - [2025-10-27T21:41:03.057-0300] {dag.py:3096} INFO - Sync 1 DAGs
[2025-10-27T21:41:03.066-0300] {logging_mixin.py:188} INFO - [2025-10-27T21:41:03.065-0300] {dag.py:3954} INFO - Setting next_dagrun for example_complex to None, run_after=None
[2025-10-27T21:41:03.081-0300] {processor.py:183} INFO - Processing /home/joaosousa/projects/spotify-project/venv/lib/python3.12/site-packages/airflow/example_dags/example_complex.py took 0.055 seconds
[2025-10-27T21:42:03.150-0300] {processor.py:161} INFO - Started process (PID=2313) to work on /home/joaosousa/projects/spotify-project/venv/lib/python3.12/site-packages/airflow/example_dags/example_complex.py
[2025-10-27T21:42:03.151-0300] {processor.py:830} INFO - Processing file /home/joaosousa/projects/spotify-project/venv/lib/python3.12/site-packages/airflow/example_dags/example_complex.py for tasks to queue
[2025-10-27T21:42:03.153-0300] {logging_mixin.py:188} INFO - [2025-10-27T21:42:03.152-0300] {dagbag.py:545} INFO - Filling up the DagBag from /home/joaosousa/projects/spotify-project/venv/lib/python3.12/site-packages/airflow/example_dags/example_complex.py
[2025-10-27T21:42:03.159-0300] {processor.py:840} INFO - DAG(s) 'example_complex' retrieved from /home/joaosousa/projects/spotify-project/venv/lib/python3.12/site-packages/airflow/example_dags/example_complex.py
[2025-10-27T21:42:03.178-0300] {logging_mixin.py:188} INFO - [2025-10-27T21:42:03.178-0300] {dag.py:3096} INFO - Sync 1 DAGs
[2025-10-27T21:42:03.187-0300] {logging_mixin.py:188} INFO - [2025-10-27T21:42:03.187-0300] {dag.py:3954} INFO - Setting next_dagrun for example_complex to None, run_after=None
[2025-10-27T21:42:03.210-0300] {processor.py:183} INFO - Processing /home/joaosousa/projects/spotify-project/venv/lib/python3.12/site-packages/airflow/example_dags/example_complex.py took 0.065 seconds
[2025-10-27T21:43:02.448-0300] {processor.py:161} INFO - Started process (PID=2492) to work on /home/joaosousa/projects/spotify-project/venv/lib/python3.12/site-packages/airflow/example_dags/example_complex.py
[2025-10-27T21:43:02.450-0300] {processor.py:830} INFO - Processing file /home/joaosousa/projects/spotify-project/venv/lib/python3.12/site-packages/airflow/example_dags/example_complex.py for tasks to queue
[2025-10-27T21:43:02.451-0300] {logging_mixin.py:188} INFO - [2025-10-27T21:43:02.451-0300] {dagbag.py:545} INFO - Filling up the DagBag from /home/joaosousa/projects/spotify-project/venv/lib/python3.12/site-packages/airflow/example_dags/example_complex.py
[2025-10-27T21:43:02.458-0300] {processor.py:840} INFO - DAG(s) 'example_complex' retrieved from /home/joaosousa/projects/spotify-project/venv/lib/python3.12/site-packages/airflow/example_dags/example_complex.py
[2025-10-27T21:43:02.475-0300] {logging_mixin.py:188} INFO - [2025-10-27T21:43:02.475-0300] {dag.py:3096} INFO - Sync 1 DAGs
[2025-10-27T21:43:02.483-0300] {logging_mixin.py:188} INFO - [2025-10-27T21:43:02.483-0300] {dag.py:3954} INFO - Setting next_dagrun for example_complex to None, run_after=None
[2025-10-27T21:43:02.497-0300] {processor.py:183} INFO - Processing /home/joaosousa/projects/spotify-project/venv/lib/python3.12/site-packages/airflow/example_dags/example_complex.py took 0.053 seconds
[2025-10-27T21:44:02.281-0300] {processor.py:161} INFO - Started process (PID=2593) to work on /home/joaosousa/projects/spotify-project/venv/lib/python3.12/site-packages/airflow/example_dags/example_complex.py
[2025-10-27T21:44:02.283-0300] {processor.py:830} INFO - Processing file /home/joaosousa/projects/spotify-project/venv/lib/python3.12/site-packages/airflow/example_dags/example_complex.py for tasks to queue
[2025-10-27T21:44:02.285-0300] {logging_mixin.py:188} INFO - [2025-10-27T21:44:02.284-0300] {dagbag.py:545} INFO - Filling up the DagBag from /home/joaosousa/projects/spotify-project/venv/lib/python3.12/site-packages/airflow/example_dags/example_complex.py
[2025-10-27T21:44:02.291-0300] {processor.py:840} INFO - DAG(s) 'example_complex' retrieved from /home/joaosousa/projects/spotify-project/venv/lib/python3.12/site-packages/airflow/example_dags/example_complex.py
[2025-10-27T21:44:02.308-0300] {logging_mixin.py:188} INFO - [2025-10-27T21:44:02.308-0300] {dag.py:3096} INFO - Sync 1 DAGs
[2025-10-27T21:44:02.316-0300] {logging_mixin.py:188} INFO - [2025-10-27T21:44:02.316-0300] {dag.py:3954} INFO - Setting next_dagrun for example_complex to None, run_after=None
[2025-10-27T21:44:02.330-0300] {processor.py:183} INFO - Processing /home/joaosousa/projects/spotify-project/venv/lib/python3.12/site-packages/airflow/example_dags/example_complex.py took 0.053 seconds
[2025-10-27T21:45:02.571-0300] {processor.py:161} INFO - Started process (PID=2699) to work on /home/joaosousa/projects/spotify-project/venv/lib/python3.12/site-packages/airflow/example_dags/example_complex.py
[2025-10-27T21:45:02.573-0300] {processor.py:830} INFO - Processing file /home/joaosousa/projects/spotify-project/venv/lib/python3.12/site-packages/airflow/example_dags/example_complex.py for tasks to queue
[2025-10-27T21:45:02.574-0300] {logging_mixin.py:188} INFO - [2025-10-27T21:45:02.574-0300] {dagbag.py:545} INFO - Filling up the DagBag from /home/joaosousa/projects/spotify-project/venv/lib/python3.12/site-packages/airflow/example_dags/example_complex.py
[2025-10-27T21:45:02.581-0300] {processor.py:840} INFO - DAG(s) 'example_complex' retrieved from /home/joaosousa/projects/spotify-project/venv/lib/python3.12/site-packages/airflow/example_dags/example_complex.py
[2025-10-27T21:45:02.598-0300] {logging_mixin.py:188} INFO - [2025-10-27T21:45:02.598-0300] {dag.py:3096} INFO - Sync 1 DAGs
[2025-10-27T21:45:02.606-0300] {logging_mixin.py:188} INFO - [2025-10-27T21:45:02.606-0300] {dag.py:3954} INFO - Setting next_dagrun for example_complex to None, run_after=None
[2025-10-27T21:45:02.620-0300] {processor.py:183} INFO - Processing /home/joaosousa/projects/spotify-project/venv/lib/python3.12/site-packages/airflow/example_dags/example_complex.py took 0.054 seconds
[2025-10-27T21:46:00.761-0300] {processor.py:161} INFO - Started process (PID=3003) to work on /home/joaosousa/projects/spotify-project/venv/lib/python3.12/site-packages/airflow/example_dags/example_complex.py
[2025-10-27T21:46:00.763-0300] {processor.py:830} INFO - Processing file /home/joaosousa/projects/spotify-project/venv/lib/python3.12/site-packages/airflow/example_dags/example_complex.py for tasks to queue
[2025-10-27T21:46:00.764-0300] {logging_mixin.py:188} INFO - [2025-10-27T21:46:00.764-0300] {dagbag.py:545} INFO - Filling up the DagBag from /home/joaosousa/projects/spotify-project/venv/lib/python3.12/site-packages/airflow/example_dags/example_complex.py
[2025-10-27T21:46:00.771-0300] {processor.py:840} INFO - DAG(s) 'example_complex' retrieved from /home/joaosousa/projects/spotify-project/venv/lib/python3.12/site-packages/airflow/example_dags/example_complex.py
[2025-10-27T21:46:00.787-0300] {logging_mixin.py:188} INFO - [2025-10-27T21:46:00.787-0300] {dag.py:3096} INFO - Sync 1 DAGs
[2025-10-27T21:46:00.794-0300] {logging_mixin.py:188} INFO - [2025-10-27T21:46:00.794-0300] {dag.py:3954} INFO - Setting next_dagrun for example_complex to None, run_after=None
[2025-10-27T21:46:00.809-0300] {processor.py:183} INFO - Processing /home/joaosousa/projects/spotify-project/venv/lib/python3.12/site-packages/airflow/example_dags/example_complex.py took 0.053 seconds
[2025-10-27T21:47:08.219-0300] {processor.py:161} INFO - Started process (PID=3146) to work on /home/joaosousa/projects/spotify-project/venv/lib/python3.12/site-packages/airflow/example_dags/example_complex.py
[2025-10-27T21:47:08.220-0300] {processor.py:830} INFO - Processing file /home/joaosousa/projects/spotify-project/venv/lib/python3.12/site-packages/airflow/example_dags/example_complex.py for tasks to queue
[2025-10-27T21:47:08.221-0300] {logging_mixin.py:188} INFO - [2025-10-27T21:47:08.221-0300] {dagbag.py:545} INFO - Filling up the DagBag from /home/joaosousa/projects/spotify-project/venv/lib/python3.12/site-packages/airflow/example_dags/example_complex.py
[2025-10-27T21:47:08.227-0300] {processor.py:840} INFO - DAG(s) 'example_complex' retrieved from /home/joaosousa/projects/spotify-project/venv/lib/python3.12/site-packages/airflow/example_dags/example_complex.py
[2025-10-27T21:47:08.244-0300] {logging_mixin.py:188} INFO - [2025-10-27T21:47:08.244-0300] {dag.py:3096} INFO - Sync 1 DAGs
[2025-10-27T21:47:08.252-0300] {logging_mixin.py:188} INFO - [2025-10-27T21:47:08.252-0300] {dag.py:3954} INFO - Setting next_dagrun for example_complex to None, run_after=None
[2025-10-27T21:47:08.267-0300] {processor.py:183} INFO - Processing /home/joaosousa/projects/spotify-project/venv/lib/python3.12/site-packages/airflow/example_dags/example_complex.py took 0.052 seconds
[2025-10-27T21:48:14.115-0300] {processor.py:161} INFO - Started process (PID=3478) to work on /home/joaosousa/projects/spotify-project/venv/lib/python3.12/site-packages/airflow/example_dags/example_complex.py
[2025-10-27T21:48:14.116-0300] {processor.py:830} INFO - Processing file /home/joaosousa/projects/spotify-project/venv/lib/python3.12/site-packages/airflow/example_dags/example_complex.py for tasks to queue
[2025-10-27T21:48:14.118-0300] {logging_mixin.py:188} INFO - [2025-10-27T21:48:14.117-0300] {dagbag.py:545} INFO - Filling up the DagBag from /home/joaosousa/projects/spotify-project/venv/lib/python3.12/site-packages/airflow/example_dags/example_complex.py
[2025-10-27T21:48:14.125-0300] {processor.py:840} INFO - DAG(s) 'example_complex' retrieved from /home/joaosousa/projects/spotify-project/venv/lib/python3.12/site-packages/airflow/example_dags/example_complex.py
[2025-10-27T21:48:14.144-0300] {logging_mixin.py:188} INFO - [2025-10-27T21:48:14.144-0300] {dag.py:3096} INFO - Sync 1 DAGs
[2025-10-27T21:48:14.153-0300] {logging_mixin.py:188} INFO - [2025-10-27T21:48:14.153-0300] {dag.py:3954} INFO - Setting next_dagrun for example_complex to None, run_after=None
[2025-10-27T21:48:14.170-0300] {processor.py:183} INFO - Processing /home/joaosousa/projects/spotify-project/venv/lib/python3.12/site-packages/airflow/example_dags/example_complex.py took 0.061 seconds
[2025-10-27T21:49:13.363-0300] {processor.py:161} INFO - Started process (PID=3577) to work on /home/joaosousa/projects/spotify-project/venv/lib/python3.12/site-packages/airflow/example_dags/example_complex.py
[2025-10-27T21:49:13.364-0300] {processor.py:830} INFO - Processing file /home/joaosousa/projects/spotify-project/venv/lib/python3.12/site-packages/airflow/example_dags/example_complex.py for tasks to queue
[2025-10-27T21:49:13.365-0300] {logging_mixin.py:188} INFO - [2025-10-27T21:49:13.365-0300] {dagbag.py:545} INFO - Filling up the DagBag from /home/joaosousa/projects/spotify-project/venv/lib/python3.12/site-packages/airflow/example_dags/example_complex.py
[2025-10-27T21:49:13.373-0300] {processor.py:840} INFO - DAG(s) 'example_complex' retrieved from /home/joaosousa/projects/spotify-project/venv/lib/python3.12/site-packages/airflow/example_dags/example_complex.py
[2025-10-27T21:49:13.390-0300] {logging_mixin.py:188} INFO - [2025-10-27T21:49:13.390-0300] {dag.py:3096} INFO - Sync 1 DAGs
[2025-10-27T21:49:13.398-0300] {logging_mixin.py:188} INFO - [2025-10-27T21:49:13.398-0300] {dag.py:3954} INFO - Setting next_dagrun for example_complex to None, run_after=None
[2025-10-27T21:49:13.413-0300] {processor.py:183} INFO - Processing /home/joaosousa/projects/spotify-project/venv/lib/python3.12/site-packages/airflow/example_dags/example_complex.py took 0.055 seconds
[2025-10-27T21:50:12.087-0300] {processor.py:161} INFO - Started process (PID=3677) to work on /home/joaosousa/projects/spotify-project/venv/lib/python3.12/site-packages/airflow/example_dags/example_complex.py
[2025-10-27T21:50:12.089-0300] {processor.py:830} INFO - Processing file /home/joaosousa/projects/spotify-project/venv/lib/python3.12/site-packages/airflow/example_dags/example_complex.py for tasks to queue
[2025-10-27T21:50:12.090-0300] {logging_mixin.py:188} INFO - [2025-10-27T21:50:12.090-0300] {dagbag.py:545} INFO - Filling up the DagBag from /home/joaosousa/projects/spotify-project/venv/lib/python3.12/site-packages/airflow/example_dags/example_complex.py
[2025-10-27T21:50:12.097-0300] {processor.py:840} INFO - DAG(s) 'example_complex' retrieved from /home/joaosousa/projects/spotify-project/venv/lib/python3.12/site-packages/airflow/example_dags/example_complex.py
[2025-10-27T21:50:12.114-0300] {logging_mixin.py:188} INFO - [2025-10-27T21:50:12.114-0300] {dag.py:3096} INFO - Sync 1 DAGs
[2025-10-27T21:50:12.122-0300] {logging_mixin.py:188} INFO - [2025-10-27T21:50:12.121-0300] {dag.py:3954} INFO - Setting next_dagrun for example_complex to None, run_after=None
[2025-10-27T21:50:12.140-0300] {processor.py:183} INFO - Processing /home/joaosousa/projects/spotify-project/venv/lib/python3.12/site-packages/airflow/example_dags/example_complex.py took 0.057 seconds
[2025-10-27T21:51:18.298-0300] {processor.py:161} INFO - Started process (PID=3790) to work on /home/joaosousa/projects/spotify-project/venv/lib/python3.12/site-packages/airflow/example_dags/example_complex.py
[2025-10-27T21:51:18.300-0300] {processor.py:830} INFO - Processing file /home/joaosousa/projects/spotify-project/venv/lib/python3.12/site-packages/airflow/example_dags/example_complex.py for tasks to queue
[2025-10-27T21:51:18.301-0300] {logging_mixin.py:188} INFO - [2025-10-27T21:51:18.301-0300] {dagbag.py:545} INFO - Filling up the DagBag from /home/joaosousa/projects/spotify-project/venv/lib/python3.12/site-packages/airflow/example_dags/example_complex.py
[2025-10-27T21:51:18.311-0300] {processor.py:840} INFO - DAG(s) 'example_complex' retrieved from /home/joaosousa/projects/spotify-project/venv/lib/python3.12/site-packages/airflow/example_dags/example_complex.py
[2025-10-27T21:51:18.328-0300] {logging_mixin.py:188} INFO - [2025-10-27T21:51:18.328-0300] {dag.py:3096} INFO - Sync 1 DAGs
[2025-10-27T21:51:18.335-0300] {logging_mixin.py:188} INFO - [2025-10-27T21:51:18.335-0300] {dag.py:3954} INFO - Setting next_dagrun for example_complex to None, run_after=None
[2025-10-27T21:51:18.350-0300] {processor.py:183} INFO - Processing /home/joaosousa/projects/spotify-project/venv/lib/python3.12/site-packages/airflow/example_dags/example_complex.py took 0.056 seconds
[2025-10-27T21:52:22.078-0300] {processor.py:161} INFO - Started process (PID=3926) to work on /home/joaosousa/projects/spotify-project/venv/lib/python3.12/site-packages/airflow/example_dags/example_complex.py
[2025-10-27T21:52:22.079-0300] {processor.py:830} INFO - Processing file /home/joaosousa/projects/spotify-project/venv/lib/python3.12/site-packages/airflow/example_dags/example_complex.py for tasks to queue
[2025-10-27T21:52:22.081-0300] {logging_mixin.py:188} INFO - [2025-10-27T21:52:22.080-0300] {dagbag.py:545} INFO - Filling up the DagBag from /home/joaosousa/projects/spotify-project/venv/lib/python3.12/site-packages/airflow/example_dags/example_complex.py
[2025-10-27T21:52:22.088-0300] {processor.py:840} INFO - DAG(s) 'example_complex' retrieved from /home/joaosousa/projects/spotify-project/venv/lib/python3.12/site-packages/airflow/example_dags/example_complex.py
[2025-10-27T21:52:22.104-0300] {logging_mixin.py:188} INFO - [2025-10-27T21:52:22.104-0300] {dag.py:3096} INFO - Sync 1 DAGs
[2025-10-27T21:52:22.112-0300] {logging_mixin.py:188} INFO - [2025-10-27T21:52:22.112-0300] {dag.py:3954} INFO - Setting next_dagrun for example_complex to None, run_after=None
[2025-10-27T21:52:22.126-0300] {processor.py:183} INFO - Processing /home/joaosousa/projects/spotify-project/venv/lib/python3.12/site-packages/airflow/example_dags/example_complex.py took 0.052 seconds
[2025-10-27T21:53:21.229-0300] {processor.py:161} INFO - Started process (PID=4051) to work on /home/joaosousa/projects/spotify-project/venv/lib/python3.12/site-packages/airflow/example_dags/example_complex.py
[2025-10-27T21:53:21.231-0300] {processor.py:830} INFO - Processing file /home/joaosousa/projects/spotify-project/venv/lib/python3.12/site-packages/airflow/example_dags/example_complex.py for tasks to queue
[2025-10-27T21:53:21.232-0300] {logging_mixin.py:188} INFO - [2025-10-27T21:53:21.232-0300] {dagbag.py:545} INFO - Filling up the DagBag from /home/joaosousa/projects/spotify-project/venv/lib/python3.12/site-packages/airflow/example_dags/example_complex.py
[2025-10-27T21:53:21.239-0300] {processor.py:840} INFO - DAG(s) 'example_complex' retrieved from /home/joaosousa/projects/spotify-project/venv/lib/python3.12/site-packages/airflow/example_dags/example_complex.py
[2025-10-27T21:53:21.256-0300] {logging_mixin.py:188} INFO - [2025-10-27T21:53:21.256-0300] {dag.py:3096} INFO - Sync 1 DAGs
[2025-10-27T21:53:21.264-0300] {logging_mixin.py:188} INFO - [2025-10-27T21:53:21.264-0300] {dag.py:3954} INFO - Setting next_dagrun for example_complex to None, run_after=None
[2025-10-27T21:53:21.280-0300] {processor.py:183} INFO - Processing /home/joaosousa/projects/spotify-project/venv/lib/python3.12/site-packages/airflow/example_dags/example_complex.py took 0.056 seconds
[2025-10-27T21:54:23.620-0300] {processor.py:161} INFO - Started process (PID=4192) to work on /home/joaosousa/projects/spotify-project/venv/lib/python3.12/site-packages/airflow/example_dags/example_complex.py
[2025-10-27T21:54:23.622-0300] {processor.py:830} INFO - Processing file /home/joaosousa/projects/spotify-project/venv/lib/python3.12/site-packages/airflow/example_dags/example_complex.py for tasks to queue
[2025-10-27T21:54:23.623-0300] {logging_mixin.py:188} INFO - [2025-10-27T21:54:23.623-0300] {dagbag.py:545} INFO - Filling up the DagBag from /home/joaosousa/projects/spotify-project/venv/lib/python3.12/site-packages/airflow/example_dags/example_complex.py
[2025-10-27T21:54:23.630-0300] {processor.py:840} INFO - DAG(s) 'example_complex' retrieved from /home/joaosousa/projects/spotify-project/venv/lib/python3.12/site-packages/airflow/example_dags/example_complex.py
[2025-10-27T21:54:23.646-0300] {logging_mixin.py:188} INFO - [2025-10-27T21:54:23.646-0300] {dag.py:3096} INFO - Sync 1 DAGs
[2025-10-27T21:54:23.653-0300] {logging_mixin.py:188} INFO - [2025-10-27T21:54:23.653-0300] {dag.py:3954} INFO - Setting next_dagrun for example_complex to None, run_after=None
[2025-10-27T21:54:23.669-0300] {processor.py:183} INFO - Processing /home/joaosousa/projects/spotify-project/venv/lib/python3.12/site-packages/airflow/example_dags/example_complex.py took 0.054 seconds
[2025-10-27T21:55:27.487-0300] {processor.py:161} INFO - Started process (PID=4297) to work on /home/joaosousa/projects/spotify-project/venv/lib/python3.12/site-packages/airflow/example_dags/example_complex.py
[2025-10-27T21:55:27.489-0300] {processor.py:830} INFO - Processing file /home/joaosousa/projects/spotify-project/venv/lib/python3.12/site-packages/airflow/example_dags/example_complex.py for tasks to queue
[2025-10-27T21:55:27.490-0300] {logging_mixin.py:188} INFO - [2025-10-27T21:55:27.490-0300] {dagbag.py:545} INFO - Filling up the DagBag from /home/joaosousa/projects/spotify-project/venv/lib/python3.12/site-packages/airflow/example_dags/example_complex.py
[2025-10-27T21:55:27.498-0300] {processor.py:840} INFO - DAG(s) 'example_complex' retrieved from /home/joaosousa/projects/spotify-project/venv/lib/python3.12/site-packages/airflow/example_dags/example_complex.py
[2025-10-27T21:55:27.514-0300] {logging_mixin.py:188} INFO - [2025-10-27T21:55:27.514-0300] {dag.py:3096} INFO - Sync 1 DAGs
[2025-10-27T21:55:27.522-0300] {logging_mixin.py:188} INFO - [2025-10-27T21:55:27.522-0300] {dag.py:3954} INFO - Setting next_dagrun for example_complex to None, run_after=None
[2025-10-27T21:55:27.536-0300] {processor.py:183} INFO - Processing /home/joaosousa/projects/spotify-project/venv/lib/python3.12/site-packages/airflow/example_dags/example_complex.py took 0.054 seconds
[2025-10-27T21:56:31.203-0300] {processor.py:161} INFO - Started process (PID=4400) to work on /home/joaosousa/projects/spotify-project/venv/lib/python3.12/site-packages/airflow/example_dags/example_complex.py
[2025-10-27T21:56:31.204-0300] {processor.py:830} INFO - Processing file /home/joaosousa/projects/spotify-project/venv/lib/python3.12/site-packages/airflow/example_dags/example_complex.py for tasks to queue
[2025-10-27T21:56:31.206-0300] {logging_mixin.py:188} INFO - [2025-10-27T21:56:31.206-0300] {dagbag.py:545} INFO - Filling up the DagBag from /home/joaosousa/projects/spotify-project/venv/lib/python3.12/site-packages/airflow/example_dags/example_complex.py
[2025-10-27T21:56:31.213-0300] {processor.py:840} INFO - DAG(s) 'example_complex' retrieved from /home/joaosousa/projects/spotify-project/venv/lib/python3.12/site-packages/airflow/example_dags/example_complex.py
[2025-10-27T21:56:31.229-0300] {logging_mixin.py:188} INFO - [2025-10-27T21:56:31.229-0300] {dag.py:3096} INFO - Sync 1 DAGs
[2025-10-27T21:56:31.236-0300] {logging_mixin.py:188} INFO - [2025-10-27T21:56:31.236-0300] {dag.py:3954} INFO - Setting next_dagrun for example_complex to None, run_after=None
[2025-10-27T21:56:31.251-0300] {processor.py:183} INFO - Processing /home/joaosousa/projects/spotify-project/venv/lib/python3.12/site-packages/airflow/example_dags/example_complex.py took 0.052 seconds
[2025-10-27T21:57:32.556-0300] {processor.py:161} INFO - Started process (PID=4596) to work on /home/joaosousa/projects/spotify-project/venv/lib/python3.12/site-packages/airflow/example_dags/example_complex.py
[2025-10-27T21:57:32.558-0300] {processor.py:830} INFO - Processing file /home/joaosousa/projects/spotify-project/venv/lib/python3.12/site-packages/airflow/example_dags/example_complex.py for tasks to queue
[2025-10-27T21:57:32.559-0300] {logging_mixin.py:188} INFO - [2025-10-27T21:57:32.559-0300] {dagbag.py:545} INFO - Filling up the DagBag from /home/joaosousa/projects/spotify-project/venv/lib/python3.12/site-packages/airflow/example_dags/example_complex.py
[2025-10-27T21:57:32.566-0300] {processor.py:840} INFO - DAG(s) 'example_complex' retrieved from /home/joaosousa/projects/spotify-project/venv/lib/python3.12/site-packages/airflow/example_dags/example_complex.py
[2025-10-27T21:57:32.583-0300] {logging_mixin.py:188} INFO - [2025-10-27T21:57:32.583-0300] {dag.py:3096} INFO - Sync 1 DAGs
[2025-10-27T21:57:32.591-0300] {logging_mixin.py:188} INFO - [2025-10-27T21:57:32.591-0300] {dag.py:3954} INFO - Setting next_dagrun for example_complex to None, run_after=None
[2025-10-27T21:57:32.606-0300] {processor.py:183} INFO - Processing /home/joaosousa/projects/spotify-project/venv/lib/python3.12/site-packages/airflow/example_dags/example_complex.py took 0.054 seconds
[2025-10-27T21:58:32.532-0300] {processor.py:161} INFO - Started process (PID=4700) to work on /home/joaosousa/projects/spotify-project/venv/lib/python3.12/site-packages/airflow/example_dags/example_complex.py
[2025-10-27T21:58:32.534-0300] {processor.py:830} INFO - Processing file /home/joaosousa/projects/spotify-project/venv/lib/python3.12/site-packages/airflow/example_dags/example_complex.py for tasks to queue
[2025-10-27T21:58:32.535-0300] {logging_mixin.py:188} INFO - [2025-10-27T21:58:32.535-0300] {dagbag.py:545} INFO - Filling up the DagBag from /home/joaosousa/projects/spotify-project/venv/lib/python3.12/site-packages/airflow/example_dags/example_complex.py
[2025-10-27T21:58:32.541-0300] {processor.py:840} INFO - DAG(s) 'example_complex' retrieved from /home/joaosousa/projects/spotify-project/venv/lib/python3.12/site-packages/airflow/example_dags/example_complex.py
[2025-10-27T21:58:32.558-0300] {logging_mixin.py:188} INFO - [2025-10-27T21:58:32.558-0300] {dag.py:3096} INFO - Sync 1 DAGs
[2025-10-27T21:58:32.566-0300] {logging_mixin.py:188} INFO - [2025-10-27T21:58:32.565-0300] {dag.py:3954} INFO - Setting next_dagrun for example_complex to None, run_after=None
[2025-10-27T21:58:32.580-0300] {processor.py:183} INFO - Processing /home/joaosousa/projects/spotify-project/venv/lib/python3.12/site-packages/airflow/example_dags/example_complex.py took 0.052 seconds
[2025-10-27T21:59:31.415-0300] {processor.py:161} INFO - Started process (PID=4801) to work on /home/joaosousa/projects/spotify-project/venv/lib/python3.12/site-packages/airflow/example_dags/example_complex.py
[2025-10-27T21:59:31.417-0300] {processor.py:830} INFO - Processing file /home/joaosousa/projects/spotify-project/venv/lib/python3.12/site-packages/airflow/example_dags/example_complex.py for tasks to queue
[2025-10-27T21:59:31.419-0300] {logging_mixin.py:188} INFO - [2025-10-27T21:59:31.418-0300] {dagbag.py:545} INFO - Filling up the DagBag from /home/joaosousa/projects/spotify-project/venv/lib/python3.12/site-packages/airflow/example_dags/example_complex.py
[2025-10-27T21:59:31.425-0300] {processor.py:840} INFO - DAG(s) 'example_complex' retrieved from /home/joaosousa/projects/spotify-project/venv/lib/python3.12/site-packages/airflow/example_dags/example_complex.py
[2025-10-27T21:59:31.442-0300] {logging_mixin.py:188} INFO - [2025-10-27T21:59:31.442-0300] {dag.py:3096} INFO - Sync 1 DAGs
[2025-10-27T21:59:31.450-0300] {logging_mixin.py:188} INFO - [2025-10-27T21:59:31.450-0300] {dag.py:3954} INFO - Setting next_dagrun for example_complex to None, run_after=None
[2025-10-27T21:59:31.469-0300] {processor.py:183} INFO - Processing /home/joaosousa/projects/spotify-project/venv/lib/python3.12/site-packages/airflow/example_dags/example_complex.py took 0.057 seconds
[2025-10-27T22:00:38.967-0300] {processor.py:161} INFO - Started process (PID=4930) to work on /home/joaosousa/projects/spotify-project/venv/lib/python3.12/site-packages/airflow/example_dags/example_complex.py
[2025-10-27T22:00:38.969-0300] {processor.py:830} INFO - Processing file /home/joaosousa/projects/spotify-project/venv/lib/python3.12/site-packages/airflow/example_dags/example_complex.py for tasks to queue
[2025-10-27T22:00:38.970-0300] {logging_mixin.py:188} INFO - [2025-10-27T22:00:38.970-0300] {dagbag.py:545} INFO - Filling up the DagBag from /home/joaosousa/projects/spotify-project/venv/lib/python3.12/site-packages/airflow/example_dags/example_complex.py
[2025-10-27T22:00:38.977-0300] {processor.py:840} INFO - DAG(s) 'example_complex' retrieved from /home/joaosousa/projects/spotify-project/venv/lib/python3.12/site-packages/airflow/example_dags/example_complex.py
[2025-10-27T22:00:38.994-0300] {logging_mixin.py:188} INFO - [2025-10-27T22:00:38.994-0300] {dag.py:3096} INFO - Sync 1 DAGs
[2025-10-27T22:00:39.002-0300] {logging_mixin.py:188} INFO - [2025-10-27T22:00:39.002-0300] {dag.py:3954} INFO - Setting next_dagrun for example_complex to None, run_after=None
[2025-10-27T22:00:39.016-0300] {processor.py:183} INFO - Processing /home/joaosousa/projects/spotify-project/venv/lib/python3.12/site-packages/airflow/example_dags/example_complex.py took 0.054 seconds
[2025-10-27T22:01:39.164-0300] {processor.py:161} INFO - Started process (PID=5040) to work on /home/joaosousa/projects/spotify-project/venv/lib/python3.12/site-packages/airflow/example_dags/example_complex.py
[2025-10-27T22:01:39.166-0300] {processor.py:830} INFO - Processing file /home/joaosousa/projects/spotify-project/venv/lib/python3.12/site-packages/airflow/example_dags/example_complex.py for tasks to queue
[2025-10-27T22:01:39.168-0300] {logging_mixin.py:188} INFO - [2025-10-27T22:01:39.168-0300] {dagbag.py:545} INFO - Filling up the DagBag from /home/joaosousa/projects/spotify-project/venv/lib/python3.12/site-packages/airflow/example_dags/example_complex.py
[2025-10-27T22:01:39.174-0300] {processor.py:840} INFO - DAG(s) 'example_complex' retrieved from /home/joaosousa/projects/spotify-project/venv/lib/python3.12/site-packages/airflow/example_dags/example_complex.py
[2025-10-27T22:01:39.191-0300] {logging_mixin.py:188} INFO - [2025-10-27T22:01:39.191-0300] {dag.py:3096} INFO - Sync 1 DAGs
[2025-10-27T22:01:39.199-0300] {logging_mixin.py:188} INFO - [2025-10-27T22:01:39.199-0300] {dag.py:3954} INFO - Setting next_dagrun for example_complex to None, run_after=None
[2025-10-27T22:01:39.214-0300] {processor.py:183} INFO - Processing /home/joaosousa/projects/spotify-project/venv/lib/python3.12/site-packages/airflow/example_dags/example_complex.py took 0.054 seconds
[2025-10-27T22:02:39.405-0300] {processor.py:161} INFO - Started process (PID=5144) to work on /home/joaosousa/projects/spotify-project/venv/lib/python3.12/site-packages/airflow/example_dags/example_complex.py
[2025-10-27T22:02:39.407-0300] {processor.py:830} INFO - Processing file /home/joaosousa/projects/spotify-project/venv/lib/python3.12/site-packages/airflow/example_dags/example_complex.py for tasks to queue
[2025-10-27T22:02:39.408-0300] {logging_mixin.py:188} INFO - [2025-10-27T22:02:39.408-0300] {dagbag.py:545} INFO - Filling up the DagBag from /home/joaosousa/projects/spotify-project/venv/lib/python3.12/site-packages/airflow/example_dags/example_complex.py
[2025-10-27T22:02:39.415-0300] {processor.py:840} INFO - DAG(s) 'example_complex' retrieved from /home/joaosousa/projects/spotify-project/venv/lib/python3.12/site-packages/airflow/example_dags/example_complex.py
[2025-10-27T22:02:39.432-0300] {logging_mixin.py:188} INFO - [2025-10-27T22:02:39.432-0300] {dag.py:3096} INFO - Sync 1 DAGs
[2025-10-27T22:02:39.439-0300] {logging_mixin.py:188} INFO - [2025-10-27T22:02:39.439-0300] {dag.py:3954} INFO - Setting next_dagrun for example_complex to None, run_after=None
[2025-10-27T22:02:39.454-0300] {processor.py:183} INFO - Processing /home/joaosousa/projects/spotify-project/venv/lib/python3.12/site-packages/airflow/example_dags/example_complex.py took 0.053 seconds
[2025-10-27T22:03:39.959-0300] {processor.py:161} INFO - Started process (PID=5262) to work on /home/joaosousa/projects/spotify-project/venv/lib/python3.12/site-packages/airflow/example_dags/example_complex.py
[2025-10-27T22:03:39.961-0300] {processor.py:830} INFO - Processing file /home/joaosousa/projects/spotify-project/venv/lib/python3.12/site-packages/airflow/example_dags/example_complex.py for tasks to queue
[2025-10-27T22:03:39.963-0300] {logging_mixin.py:188} INFO - [2025-10-27T22:03:39.962-0300] {dagbag.py:545} INFO - Filling up the DagBag from /home/joaosousa/projects/spotify-project/venv/lib/python3.12/site-packages/airflow/example_dags/example_complex.py
[2025-10-27T22:03:39.969-0300] {processor.py:840} INFO - DAG(s) 'example_complex' retrieved from /home/joaosousa/projects/spotify-project/venv/lib/python3.12/site-packages/airflow/example_dags/example_complex.py
[2025-10-27T22:03:39.986-0300] {logging_mixin.py:188} INFO - [2025-10-27T22:03:39.986-0300] {dag.py:3096} INFO - Sync 1 DAGs
[2025-10-27T22:03:39.994-0300] {logging_mixin.py:188} INFO - [2025-10-27T22:03:39.994-0300] {dag.py:3954} INFO - Setting next_dagrun for example_complex to None, run_after=None
[2025-10-27T22:03:40.009-0300] {processor.py:183} INFO - Processing /home/joaosousa/projects/spotify-project/venv/lib/python3.12/site-packages/airflow/example_dags/example_complex.py took 0.054 seconds
[2025-10-27T22:04:38.142-0300] {processor.py:161} INFO - Started process (PID=5350) to work on /home/joaosousa/projects/spotify-project/venv/lib/python3.12/site-packages/airflow/example_dags/example_complex.py
[2025-10-27T22:04:38.144-0300] {processor.py:830} INFO - Processing file /home/joaosousa/projects/spotify-project/venv/lib/python3.12/site-packages/airflow/example_dags/example_complex.py for tasks to queue
[2025-10-27T22:04:38.145-0300] {logging_mixin.py:188} INFO - [2025-10-27T22:04:38.145-0300] {dagbag.py:545} INFO - Filling up the DagBag from /home/joaosousa/projects/spotify-project/venv/lib/python3.12/site-packages/airflow/example_dags/example_complex.py
[2025-10-27T22:04:38.151-0300] {processor.py:840} INFO - DAG(s) 'example_complex' retrieved from /home/joaosousa/projects/spotify-project/venv/lib/python3.12/site-packages/airflow/example_dags/example_complex.py
[2025-10-27T22:04:38.169-0300] {logging_mixin.py:188} INFO - [2025-10-27T22:04:38.168-0300] {dag.py:3096} INFO - Sync 1 DAGs
[2025-10-27T22:04:38.176-0300] {logging_mixin.py:188} INFO - [2025-10-27T22:04:38.176-0300] {dag.py:3954} INFO - Setting next_dagrun for example_complex to None, run_after=None
[2025-10-27T22:04:38.192-0300] {processor.py:183} INFO - Processing /home/joaosousa/projects/spotify-project/venv/lib/python3.12/site-packages/airflow/example_dags/example_complex.py took 0.054 seconds
[2025-10-27T22:05:36.991-0300] {processor.py:161} INFO - Started process (PID=5465) to work on /home/joaosousa/projects/spotify-project/venv/lib/python3.12/site-packages/airflow/example_dags/example_complex.py
[2025-10-27T22:05:36.993-0300] {processor.py:830} INFO - Processing file /home/joaosousa/projects/spotify-project/venv/lib/python3.12/site-packages/airflow/example_dags/example_complex.py for tasks to queue
[2025-10-27T22:05:36.995-0300] {logging_mixin.py:188} INFO - [2025-10-27T22:05:36.994-0300] {dagbag.py:545} INFO - Filling up the DagBag from /home/joaosousa/projects/spotify-project/venv/lib/python3.12/site-packages/airflow/example_dags/example_complex.py
[2025-10-27T22:05:37.001-0300] {processor.py:840} INFO - DAG(s) 'example_complex' retrieved from /home/joaosousa/projects/spotify-project/venv/lib/python3.12/site-packages/airflow/example_dags/example_complex.py
[2025-10-27T22:05:37.019-0300] {logging_mixin.py:188} INFO - [2025-10-27T22:05:37.019-0300] {dag.py:3096} INFO - Sync 1 DAGs
[2025-10-27T22:05:37.027-0300] {logging_mixin.py:188} INFO - [2025-10-27T22:05:37.026-0300] {dag.py:3954} INFO - Setting next_dagrun for example_complex to None, run_after=None
[2025-10-27T22:05:37.042-0300] {processor.py:183} INFO - Processing /home/joaosousa/projects/spotify-project/venv/lib/python3.12/site-packages/airflow/example_dags/example_complex.py took 0.056 seconds
[2025-10-27T22:06:35.751-0300] {processor.py:161} INFO - Started process (PID=5560) to work on /home/joaosousa/projects/spotify-project/venv/lib/python3.12/site-packages/airflow/example_dags/example_complex.py
[2025-10-27T22:06:35.753-0300] {processor.py:830} INFO - Processing file /home/joaosousa/projects/spotify-project/venv/lib/python3.12/site-packages/airflow/example_dags/example_complex.py for tasks to queue
[2025-10-27T22:06:35.755-0300] {logging_mixin.py:188} INFO - [2025-10-27T22:06:35.755-0300] {dagbag.py:545} INFO - Filling up the DagBag from /home/joaosousa/projects/spotify-project/venv/lib/python3.12/site-packages/airflow/example_dags/example_complex.py
[2025-10-27T22:06:35.762-0300] {processor.py:840} INFO - DAG(s) 'example_complex' retrieved from /home/joaosousa/projects/spotify-project/venv/lib/python3.12/site-packages/airflow/example_dags/example_complex.py
[2025-10-27T22:06:35.779-0300] {logging_mixin.py:188} INFO - [2025-10-27T22:06:35.779-0300] {dag.py:3096} INFO - Sync 1 DAGs
[2025-10-27T22:06:35.787-0300] {logging_mixin.py:188} INFO - [2025-10-27T22:06:35.787-0300] {dag.py:3954} INFO - Setting next_dagrun for example_complex to None, run_after=None
[2025-10-27T22:06:35.801-0300] {processor.py:183} INFO - Processing /home/joaosousa/projects/spotify-project/venv/lib/python3.12/site-packages/airflow/example_dags/example_complex.py took 0.054 seconds
[2025-10-27T22:07:38.195-0300] {processor.py:161} INFO - Started process (PID=5680) to work on /home/joaosousa/projects/spotify-project/venv/lib/python3.12/site-packages/airflow/example_dags/example_complex.py
[2025-10-27T22:07:38.197-0300] {processor.py:830} INFO - Processing file /home/joaosousa/projects/spotify-project/venv/lib/python3.12/site-packages/airflow/example_dags/example_complex.py for tasks to queue
[2025-10-27T22:07:38.198-0300] {logging_mixin.py:188} INFO - [2025-10-27T22:07:38.198-0300] {dagbag.py:545} INFO - Filling up the DagBag from /home/joaosousa/projects/spotify-project/venv/lib/python3.12/site-packages/airflow/example_dags/example_complex.py
[2025-10-27T22:07:38.205-0300] {processor.py:840} INFO - DAG(s) 'example_complex' retrieved from /home/joaosousa/projects/spotify-project/venv/lib/python3.12/site-packages/airflow/example_dags/example_complex.py
[2025-10-27T22:07:38.223-0300] {logging_mixin.py:188} INFO - [2025-10-27T22:07:38.222-0300] {dag.py:3096} INFO - Sync 1 DAGs
[2025-10-27T22:07:38.231-0300] {logging_mixin.py:188} INFO - [2025-10-27T22:07:38.231-0300] {dag.py:3954} INFO - Setting next_dagrun for example_complex to None, run_after=None
[2025-10-27T22:07:38.247-0300] {processor.py:183} INFO - Processing /home/joaosousa/projects/spotify-project/venv/lib/python3.12/site-packages/airflow/example_dags/example_complex.py took 0.057 seconds
[2025-10-27T22:08:34.162-0300] {processor.py:161} INFO - Started process (PID=5765) to work on /home/joaosousa/projects/spotify-project/venv/lib/python3.12/site-packages/airflow/example_dags/example_complex.py
[2025-10-27T22:08:34.164-0300] {processor.py:830} INFO - Processing file /home/joaosousa/projects/spotify-project/venv/lib/python3.12/site-packages/airflow/example_dags/example_complex.py for tasks to queue
[2025-10-27T22:08:34.165-0300] {logging_mixin.py:188} INFO - [2025-10-27T22:08:34.165-0300] {dagbag.py:545} INFO - Filling up the DagBag from /home/joaosousa/projects/spotify-project/venv/lib/python3.12/site-packages/airflow/example_dags/example_complex.py
[2025-10-27T22:08:34.172-0300] {processor.py:840} INFO - DAG(s) 'example_complex' retrieved from /home/joaosousa/projects/spotify-project/venv/lib/python3.12/site-packages/airflow/example_dags/example_complex.py
[2025-10-27T22:08:34.190-0300] {logging_mixin.py:188} INFO - [2025-10-27T22:08:34.189-0300] {dag.py:3096} INFO - Sync 1 DAGs
[2025-10-27T22:08:34.198-0300] {logging_mixin.py:188} INFO - [2025-10-27T22:08:34.198-0300] {dag.py:3954} INFO - Setting next_dagrun for example_complex to None, run_after=None
[2025-10-27T22:08:34.214-0300] {processor.py:183} INFO - Processing /home/joaosousa/projects/spotify-project/venv/lib/python3.12/site-packages/airflow/example_dags/example_complex.py took 0.057 seconds
[2025-10-27T22:09:36.294-0300] {processor.py:161} INFO - Started process (PID=5877) to work on /home/joaosousa/projects/spotify-project/venv/lib/python3.12/site-packages/airflow/example_dags/example_complex.py
[2025-10-27T22:09:36.296-0300] {processor.py:830} INFO - Processing file /home/joaosousa/projects/spotify-project/venv/lib/python3.12/site-packages/airflow/example_dags/example_complex.py for tasks to queue
[2025-10-27T22:09:36.297-0300] {logging_mixin.py:188} INFO - [2025-10-27T22:09:36.297-0300] {dagbag.py:545} INFO - Filling up the DagBag from /home/joaosousa/projects/spotify-project/venv/lib/python3.12/site-packages/airflow/example_dags/example_complex.py
[2025-10-27T22:09:36.303-0300] {processor.py:840} INFO - DAG(s) 'example_complex' retrieved from /home/joaosousa/projects/spotify-project/venv/lib/python3.12/site-packages/airflow/example_dags/example_complex.py
[2025-10-27T22:09:36.320-0300] {logging_mixin.py:188} INFO - [2025-10-27T22:09:36.320-0300] {dag.py:3096} INFO - Sync 1 DAGs
[2025-10-27T22:09:36.328-0300] {logging_mixin.py:188} INFO - [2025-10-27T22:09:36.328-0300] {dag.py:3954} INFO - Setting next_dagrun for example_complex to None, run_after=None
[2025-10-27T22:09:36.343-0300] {processor.py:183} INFO - Processing /home/joaosousa/projects/spotify-project/venv/lib/python3.12/site-packages/airflow/example_dags/example_complex.py took 0.054 seconds
[2025-10-27T22:10:34.542-0300] {processor.py:161} INFO - Started process (PID=5964) to work on /home/joaosousa/projects/spotify-project/venv/lib/python3.12/site-packages/airflow/example_dags/example_complex.py
[2025-10-27T22:10:34.543-0300] {processor.py:830} INFO - Processing file /home/joaosousa/projects/spotify-project/venv/lib/python3.12/site-packages/airflow/example_dags/example_complex.py for tasks to queue
[2025-10-27T22:10:34.545-0300] {logging_mixin.py:188} INFO - [2025-10-27T22:10:34.545-0300] {dagbag.py:545} INFO - Filling up the DagBag from /home/joaosousa/projects/spotify-project/venv/lib/python3.12/site-packages/airflow/example_dags/example_complex.py
[2025-10-27T22:10:34.552-0300] {processor.py:840} INFO - DAG(s) 'example_complex' retrieved from /home/joaosousa/projects/spotify-project/venv/lib/python3.12/site-packages/airflow/example_dags/example_complex.py
[2025-10-27T22:10:34.569-0300] {logging_mixin.py:188} INFO - [2025-10-27T22:10:34.569-0300] {dag.py:3096} INFO - Sync 1 DAGs
[2025-10-27T22:10:34.577-0300] {logging_mixin.py:188} INFO - [2025-10-27T22:10:34.577-0300] {dag.py:3954} INFO - Setting next_dagrun for example_complex to None, run_after=None
[2025-10-27T22:10:34.595-0300] {processor.py:183} INFO - Processing /home/joaosousa/projects/spotify-project/venv/lib/python3.12/site-packages/airflow/example_dags/example_complex.py took 0.058 seconds
[2025-10-27T22:11:32.802-0300] {processor.py:161} INFO - Started process (PID=6072) to work on /home/joaosousa/projects/spotify-project/venv/lib/python3.12/site-packages/airflow/example_dags/example_complex.py
[2025-10-27T22:11:32.804-0300] {processor.py:830} INFO - Processing file /home/joaosousa/projects/spotify-project/venv/lib/python3.12/site-packages/airflow/example_dags/example_complex.py for tasks to queue
[2025-10-27T22:11:32.805-0300] {logging_mixin.py:188} INFO - [2025-10-27T22:11:32.805-0300] {dagbag.py:545} INFO - Filling up the DagBag from /home/joaosousa/projects/spotify-project/venv/lib/python3.12/site-packages/airflow/example_dags/example_complex.py
[2025-10-27T22:11:32.812-0300] {processor.py:840} INFO - DAG(s) 'example_complex' retrieved from /home/joaosousa/projects/spotify-project/venv/lib/python3.12/site-packages/airflow/example_dags/example_complex.py
[2025-10-27T22:11:32.829-0300] {logging_mixin.py:188} INFO - [2025-10-27T22:11:32.829-0300] {dag.py:3096} INFO - Sync 1 DAGs
[2025-10-27T22:11:32.837-0300] {logging_mixin.py:188} INFO - [2025-10-27T22:11:32.837-0300] {dag.py:3954} INFO - Setting next_dagrun for example_complex to None, run_after=None
[2025-10-27T22:11:32.852-0300] {processor.py:183} INFO - Processing /home/joaosousa/projects/spotify-project/venv/lib/python3.12/site-packages/airflow/example_dags/example_complex.py took 0.055 seconds
[2025-10-27T22:12:28.211-0300] {processor.py:161} INFO - Started process (PID=6173) to work on /home/joaosousa/projects/spotify-project/venv/lib/python3.12/site-packages/airflow/example_dags/example_complex.py
[2025-10-27T22:12:28.212-0300] {processor.py:830} INFO - Processing file /home/joaosousa/projects/spotify-project/venv/lib/python3.12/site-packages/airflow/example_dags/example_complex.py for tasks to queue
[2025-10-27T22:12:28.213-0300] {logging_mixin.py:188} INFO - [2025-10-27T22:12:28.213-0300] {dagbag.py:545} INFO - Filling up the DagBag from /home/joaosousa/projects/spotify-project/venv/lib/python3.12/site-packages/airflow/example_dags/example_complex.py
[2025-10-27T22:12:28.219-0300] {processor.py:840} INFO - DAG(s) 'example_complex' retrieved from /home/joaosousa/projects/spotify-project/venv/lib/python3.12/site-packages/airflow/example_dags/example_complex.py
[2025-10-27T22:12:28.236-0300] {logging_mixin.py:188} INFO - [2025-10-27T22:12:28.236-0300] {dag.py:3096} INFO - Sync 1 DAGs
[2025-10-27T22:12:28.244-0300] {logging_mixin.py:188} INFO - [2025-10-27T22:12:28.244-0300] {dag.py:3954} INFO - Setting next_dagrun for example_complex to None, run_after=None
[2025-10-27T22:12:28.259-0300] {processor.py:183} INFO - Processing /home/joaosousa/projects/spotify-project/venv/lib/python3.12/site-packages/airflow/example_dags/example_complex.py took 0.053 seconds
[2025-10-27T22:13:27.235-0300] {processor.py:161} INFO - Started process (PID=6287) to work on /home/joaosousa/projects/spotify-project/venv/lib/python3.12/site-packages/airflow/example_dags/example_complex.py
[2025-10-27T22:13:27.237-0300] {processor.py:830} INFO - Processing file /home/joaosousa/projects/spotify-project/venv/lib/python3.12/site-packages/airflow/example_dags/example_complex.py for tasks to queue
[2025-10-27T22:13:27.239-0300] {logging_mixin.py:188} INFO - [2025-10-27T22:13:27.238-0300] {dagbag.py:545} INFO - Filling up the DagBag from /home/joaosousa/projects/spotify-project/venv/lib/python3.12/site-packages/airflow/example_dags/example_complex.py
[2025-10-27T22:13:27.245-0300] {processor.py:840} INFO - DAG(s) 'example_complex' retrieved from /home/joaosousa/projects/spotify-project/venv/lib/python3.12/site-packages/airflow/example_dags/example_complex.py
[2025-10-27T22:13:27.262-0300] {logging_mixin.py:188} INFO - [2025-10-27T22:13:27.261-0300] {dag.py:3096} INFO - Sync 1 DAGs
[2025-10-27T22:13:27.269-0300] {logging_mixin.py:188} INFO - [2025-10-27T22:13:27.269-0300] {dag.py:3954} INFO - Setting next_dagrun for example_complex to None, run_after=None
[2025-10-27T22:13:27.283-0300] {processor.py:183} INFO - Processing /home/joaosousa/projects/spotify-project/venv/lib/python3.12/site-packages/airflow/example_dags/example_complex.py took 0.052 seconds
[2025-10-27T22:14:31.498-0300] {processor.py:161} INFO - Started process (PID=6376) to work on /home/joaosousa/projects/spotify-project/venv/lib/python3.12/site-packages/airflow/example_dags/example_complex.py
[2025-10-27T22:14:31.499-0300] {processor.py:830} INFO - Processing file /home/joaosousa/projects/spotify-project/venv/lib/python3.12/site-packages/airflow/example_dags/example_complex.py for tasks to queue
[2025-10-27T22:14:31.500-0300] {logging_mixin.py:188} INFO - [2025-10-27T22:14:31.500-0300] {dagbag.py:545} INFO - Filling up the DagBag from /home/joaosousa/projects/spotify-project/venv/lib/python3.12/site-packages/airflow/example_dags/example_complex.py
[2025-10-27T22:14:31.507-0300] {processor.py:840} INFO - DAG(s) 'example_complex' retrieved from /home/joaosousa/projects/spotify-project/venv/lib/python3.12/site-packages/airflow/example_dags/example_complex.py
[2025-10-27T22:14:31.524-0300] {logging_mixin.py:188} INFO - [2025-10-27T22:14:31.524-0300] {dag.py:3096} INFO - Sync 1 DAGs
[2025-10-27T22:14:31.532-0300] {logging_mixin.py:188} INFO - [2025-10-27T22:14:31.532-0300] {dag.py:3954} INFO - Setting next_dagrun for example_complex to None, run_after=None
[2025-10-27T22:14:31.547-0300] {processor.py:183} INFO - Processing /home/joaosousa/projects/spotify-project/venv/lib/python3.12/site-packages/airflow/example_dags/example_complex.py took 0.054 seconds
[2025-10-27T22:15:35.802-0300] {processor.py:161} INFO - Started process (PID=6490) to work on /home/joaosousa/projects/spotify-project/venv/lib/python3.12/site-packages/airflow/example_dags/example_complex.py
[2025-10-27T22:15:35.804-0300] {processor.py:830} INFO - Processing file /home/joaosousa/projects/spotify-project/venv/lib/python3.12/site-packages/airflow/example_dags/example_complex.py for tasks to queue
[2025-10-27T22:15:35.805-0300] {logging_mixin.py:188} INFO - [2025-10-27T22:15:35.805-0300] {dagbag.py:545} INFO - Filling up the DagBag from /home/joaosousa/projects/spotify-project/venv/lib/python3.12/site-packages/airflow/example_dags/example_complex.py
[2025-10-27T22:15:35.812-0300] {processor.py:840} INFO - DAG(s) 'example_complex' retrieved from /home/joaosousa/projects/spotify-project/venv/lib/python3.12/site-packages/airflow/example_dags/example_complex.py
[2025-10-27T22:15:35.829-0300] {logging_mixin.py:188} INFO - [2025-10-27T22:15:35.829-0300] {dag.py:3096} INFO - Sync 1 DAGs
[2025-10-27T22:15:35.837-0300] {logging_mixin.py:188} INFO - [2025-10-27T22:15:35.836-0300] {dag.py:3954} INFO - Setting next_dagrun for example_complex to None, run_after=None
[2025-10-27T22:15:35.851-0300] {processor.py:183} INFO - Processing /home/joaosousa/projects/spotify-project/venv/lib/python3.12/site-packages/airflow/example_dags/example_complex.py took 0.054 seconds
[2025-10-27T22:16:31.267-0300] {processor.py:161} INFO - Started process (PID=6599) to work on /home/joaosousa/projects/spotify-project/venv/lib/python3.12/site-packages/airflow/example_dags/example_complex.py
[2025-10-27T22:16:31.269-0300] {processor.py:830} INFO - Processing file /home/joaosousa/projects/spotify-project/venv/lib/python3.12/site-packages/airflow/example_dags/example_complex.py for tasks to queue
[2025-10-27T22:16:31.271-0300] {logging_mixin.py:188} INFO - [2025-10-27T22:16:31.270-0300] {dagbag.py:545} INFO - Filling up the DagBag from /home/joaosousa/projects/spotify-project/venv/lib/python3.12/site-packages/airflow/example_dags/example_complex.py
[2025-10-27T22:16:31.277-0300] {processor.py:840} INFO - DAG(s) 'example_complex' retrieved from /home/joaosousa/projects/spotify-project/venv/lib/python3.12/site-packages/airflow/example_dags/example_complex.py
[2025-10-27T22:16:31.293-0300] {logging_mixin.py:188} INFO - [2025-10-27T22:16:31.293-0300] {dag.py:3096} INFO - Sync 1 DAGs
[2025-10-27T22:16:31.301-0300] {logging_mixin.py:188} INFO - [2025-10-27T22:16:31.301-0300] {dag.py:3954} INFO - Setting next_dagrun for example_complex to None, run_after=None
[2025-10-27T22:16:31.316-0300] {processor.py:183} INFO - Processing /home/joaosousa/projects/spotify-project/venv/lib/python3.12/site-packages/airflow/example_dags/example_complex.py took 0.053 seconds
[2025-10-27T22:17:33.639-0300] {processor.py:161} INFO - Started process (PID=6726) to work on /home/joaosousa/projects/spotify-project/venv/lib/python3.12/site-packages/airflow/example_dags/example_complex.py
[2025-10-27T22:17:33.641-0300] {processor.py:830} INFO - Processing file /home/joaosousa/projects/spotify-project/venv/lib/python3.12/site-packages/airflow/example_dags/example_complex.py for tasks to queue
[2025-10-27T22:17:33.642-0300] {logging_mixin.py:188} INFO - [2025-10-27T22:17:33.642-0300] {dagbag.py:545} INFO - Filling up the DagBag from /home/joaosousa/projects/spotify-project/venv/lib/python3.12/site-packages/airflow/example_dags/example_complex.py
[2025-10-27T22:17:33.648-0300] {processor.py:840} INFO - DAG(s) 'example_complex' retrieved from /home/joaosousa/projects/spotify-project/venv/lib/python3.12/site-packages/airflow/example_dags/example_complex.py
[2025-10-27T22:17:33.665-0300] {logging_mixin.py:188} INFO - [2025-10-27T22:17:33.665-0300] {dag.py:3096} INFO - Sync 1 DAGs
[2025-10-27T22:17:33.673-0300] {logging_mixin.py:188} INFO - [2025-10-27T22:17:33.673-0300] {dag.py:3954} INFO - Setting next_dagrun for example_complex to None, run_after=None
[2025-10-27T22:17:33.687-0300] {processor.py:183} INFO - Processing /home/joaosousa/projects/spotify-project/venv/lib/python3.12/site-packages/airflow/example_dags/example_complex.py took 0.053 seconds
[2025-10-27T22:18:31.846-0300] {processor.py:161} INFO - Started process (PID=6823) to work on /home/joaosousa/projects/spotify-project/venv/lib/python3.12/site-packages/airflow/example_dags/example_complex.py
[2025-10-27T22:18:31.848-0300] {processor.py:830} INFO - Processing file /home/joaosousa/projects/spotify-project/venv/lib/python3.12/site-packages/airflow/example_dags/example_complex.py for tasks to queue
[2025-10-27T22:18:31.850-0300] {logging_mixin.py:188} INFO - [2025-10-27T22:18:31.849-0300] {dagbag.py:545} INFO - Filling up the DagBag from /home/joaosousa/projects/spotify-project/venv/lib/python3.12/site-packages/airflow/example_dags/example_complex.py
[2025-10-27T22:18:31.857-0300] {processor.py:840} INFO - DAG(s) 'example_complex' retrieved from /home/joaosousa/projects/spotify-project/venv/lib/python3.12/site-packages/airflow/example_dags/example_complex.py
[2025-10-27T22:18:31.873-0300] {logging_mixin.py:188} INFO - [2025-10-27T22:18:31.873-0300] {dag.py:3096} INFO - Sync 1 DAGs
[2025-10-27T22:18:31.880-0300] {logging_mixin.py:188} INFO - [2025-10-27T22:18:31.880-0300] {dag.py:3954} INFO - Setting next_dagrun for example_complex to None, run_after=None
[2025-10-27T22:18:31.894-0300] {processor.py:183} INFO - Processing /home/joaosousa/projects/spotify-project/venv/lib/python3.12/site-packages/airflow/example_dags/example_complex.py took 0.052 seconds
[2025-10-27T22:19:34.374-0300] {processor.py:161} INFO - Started process (PID=6939) to work on /home/joaosousa/projects/spotify-project/venv/lib/python3.12/site-packages/airflow/example_dags/example_complex.py
[2025-10-27T22:19:34.376-0300] {processor.py:830} INFO - Processing file /home/joaosousa/projects/spotify-project/venv/lib/python3.12/site-packages/airflow/example_dags/example_complex.py for tasks to queue
[2025-10-27T22:19:34.378-0300] {logging_mixin.py:188} INFO - [2025-10-27T22:19:34.378-0300] {dagbag.py:545} INFO - Filling up the DagBag from /home/joaosousa/projects/spotify-project/venv/lib/python3.12/site-packages/airflow/example_dags/example_complex.py
[2025-10-27T22:19:34.384-0300] {processor.py:840} INFO - DAG(s) 'example_complex' retrieved from /home/joaosousa/projects/spotify-project/venv/lib/python3.12/site-packages/airflow/example_dags/example_complex.py
[2025-10-27T22:19:34.401-0300] {logging_mixin.py:188} INFO - [2025-10-27T22:19:34.401-0300] {dag.py:3096} INFO - Sync 1 DAGs
[2025-10-27T22:19:34.409-0300] {logging_mixin.py:188} INFO - [2025-10-27T22:19:34.409-0300] {dag.py:3954} INFO - Setting next_dagrun for example_complex to None, run_after=None
[2025-10-27T22:19:34.424-0300] {processor.py:183} INFO - Processing /home/joaosousa/projects/spotify-project/venv/lib/python3.12/site-packages/airflow/example_dags/example_complex.py took 0.054 seconds
[2025-10-27T22:20:26.633-0300] {processor.py:161} INFO - Started process (PID=7021) to work on /home/joaosousa/projects/spotify-project/venv/lib/python3.12/site-packages/airflow/example_dags/example_complex.py
[2025-10-27T22:20:26.634-0300] {processor.py:830} INFO - Processing file /home/joaosousa/projects/spotify-project/venv/lib/python3.12/site-packages/airflow/example_dags/example_complex.py for tasks to queue
[2025-10-27T22:20:26.635-0300] {logging_mixin.py:188} INFO - [2025-10-27T22:20:26.635-0300] {dagbag.py:545} INFO - Filling up the DagBag from /home/joaosousa/projects/spotify-project/venv/lib/python3.12/site-packages/airflow/example_dags/example_complex.py
[2025-10-27T22:20:26.642-0300] {processor.py:840} INFO - DAG(s) 'example_complex' retrieved from /home/joaosousa/projects/spotify-project/venv/lib/python3.12/site-packages/airflow/example_dags/example_complex.py
[2025-10-27T22:20:26.662-0300] {logging_mixin.py:188} INFO - [2025-10-27T22:20:26.661-0300] {dag.py:3096} INFO - Sync 1 DAGs
[2025-10-27T22:20:26.670-0300] {logging_mixin.py:188} INFO - [2025-10-27T22:20:26.670-0300] {dag.py:3954} INFO - Setting next_dagrun for example_complex to None, run_after=None
[2025-10-27T22:20:26.688-0300] {processor.py:183} INFO - Processing /home/joaosousa/projects/spotify-project/venv/lib/python3.12/site-packages/airflow/example_dags/example_complex.py took 0.060 seconds
[2025-10-27T22:21:26.606-0300] {processor.py:161} INFO - Started process (PID=7131) to work on /home/joaosousa/projects/spotify-project/venv/lib/python3.12/site-packages/airflow/example_dags/example_complex.py
[2025-10-27T22:21:26.608-0300] {processor.py:830} INFO - Processing file /home/joaosousa/projects/spotify-project/venv/lib/python3.12/site-packages/airflow/example_dags/example_complex.py for tasks to queue
[2025-10-27T22:21:26.609-0300] {logging_mixin.py:188} INFO - [2025-10-27T22:21:26.609-0300] {dagbag.py:545} INFO - Filling up the DagBag from /home/joaosousa/projects/spotify-project/venv/lib/python3.12/site-packages/airflow/example_dags/example_complex.py
[2025-10-27T22:21:26.615-0300] {processor.py:840} INFO - DAG(s) 'example_complex' retrieved from /home/joaosousa/projects/spotify-project/venv/lib/python3.12/site-packages/airflow/example_dags/example_complex.py
[2025-10-27T22:21:26.632-0300] {logging_mixin.py:188} INFO - [2025-10-27T22:21:26.632-0300] {dag.py:3096} INFO - Sync 1 DAGs
[2025-10-27T22:21:26.639-0300] {logging_mixin.py:188} INFO - [2025-10-27T22:21:26.639-0300] {dag.py:3954} INFO - Setting next_dagrun for example_complex to None, run_after=None
[2025-10-27T22:21:26.654-0300] {processor.py:183} INFO - Processing /home/joaosousa/projects/spotify-project/venv/lib/python3.12/site-packages/airflow/example_dags/example_complex.py took 0.052 seconds
