[2025-10-27T21:30:50.168-0300] {processor.py:161} INFO - Started process (PID=1074) to work on /home/joaosousa/projects/spotify-project/venv/lib/python3.12/site-packages/airflow/example_dags/example_latest_only_with_trigger.py
[2025-10-27T21:30:50.169-0300] {processor.py:830} INFO - Processing file /home/joaosousa/projects/spotify-project/venv/lib/python3.12/site-packages/airflow/example_dags/example_latest_only_with_trigger.py for tasks to queue
[2025-10-27T21:30:50.170-0300] {logging_mixin.py:188} INFO - [2025-10-27T21:30:50.170-0300] {dagbag.py:545} INFO - Filling up the DagBag from /home/joaosousa/projects/spotify-project/venv/lib/python3.12/site-packages/airflow/example_dags/example_latest_only_with_trigger.py
[2025-10-27T21:30:50.179-0300] {processor.py:840} INFO - DAG(s) 'latest_only_with_trigger' retrieved from /home/joaosousa/projects/spotify-project/venv/lib/python3.12/site-packages/airflow/example_dags/example_latest_only_with_trigger.py
[2025-10-27T21:30:50.192-0300] {logging_mixin.py:188} INFO - [2025-10-27T21:30:50.192-0300] {dag.py:3096} INFO - Sync 1 DAGs
[2025-10-27T21:30:50.212-0300] {logging_mixin.py:188} INFO - [2025-10-27T21:30:50.212-0300] {dag.py:3954} INFO - Setting next_dagrun for latest_only_with_trigger to 2025-10-27 20:00:00+00:00, run_after=2025-10-28 00:00:00+00:00
[2025-10-27T21:30:50.235-0300] {processor.py:183} INFO - Processing /home/joaosousa/projects/spotify-project/venv/lib/python3.12/site-packages/airflow/example_dags/example_latest_only_with_trigger.py took 0.071 seconds
[2025-10-27T21:31:37.969-0300] {processor.py:161} INFO - Started process (PID=1152) to work on /home/joaosousa/projects/spotify-project/venv/lib/python3.12/site-packages/airflow/example_dags/example_latest_only_with_trigger.py
[2025-10-27T21:31:37.971-0300] {processor.py:830} INFO - Processing file /home/joaosousa/projects/spotify-project/venv/lib/python3.12/site-packages/airflow/example_dags/example_latest_only_with_trigger.py for tasks to queue
[2025-10-27T21:31:37.972-0300] {logging_mixin.py:188} INFO - [2025-10-27T21:31:37.972-0300] {dagbag.py:545} INFO - Filling up the DagBag from /home/joaosousa/projects/spotify-project/venv/lib/python3.12/site-packages/airflow/example_dags/example_latest_only_with_trigger.py
[2025-10-27T21:31:37.976-0300] {processor.py:840} INFO - DAG(s) 'latest_only_with_trigger' retrieved from /home/joaosousa/projects/spotify-project/venv/lib/python3.12/site-packages/airflow/example_dags/example_latest_only_with_trigger.py
[2025-10-27T21:31:37.986-0300] {logging_mixin.py:188} INFO - [2025-10-27T21:31:37.986-0300] {dag.py:3096} INFO - Sync 1 DAGs
[2025-10-27T21:31:37.998-0300] {logging_mixin.py:188} INFO - [2025-10-27T21:31:37.997-0300] {dag.py:3954} INFO - Setting next_dagrun for latest_only_with_trigger to 2025-10-27 20:00:00+00:00, run_after=2025-10-28 00:00:00+00:00
[2025-10-27T21:31:38.011-0300] {processor.py:183} INFO - Processing /home/joaosousa/projects/spotify-project/venv/lib/python3.12/site-packages/airflow/example_dags/example_latest_only_with_trigger.py took 0.046 seconds
[2025-10-27T21:32:30.658-0300] {processor.py:161} INFO - Started process (PID=1335) to work on /home/joaosousa/projects/spotify-project/venv/lib/python3.12/site-packages/airflow/example_dags/example_latest_only_with_trigger.py
[2025-10-27T21:32:30.659-0300] {processor.py:830} INFO - Processing file /home/joaosousa/projects/spotify-project/venv/lib/python3.12/site-packages/airflow/example_dags/example_latest_only_with_trigger.py for tasks to queue
[2025-10-27T21:32:30.661-0300] {logging_mixin.py:188} INFO - [2025-10-27T21:32:30.660-0300] {dagbag.py:545} INFO - Filling up the DagBag from /home/joaosousa/projects/spotify-project/venv/lib/python3.12/site-packages/airflow/example_dags/example_latest_only_with_trigger.py
[2025-10-27T21:32:30.664-0300] {processor.py:840} INFO - DAG(s) 'latest_only_with_trigger' retrieved from /home/joaosousa/projects/spotify-project/venv/lib/python3.12/site-packages/airflow/example_dags/example_latest_only_with_trigger.py
[2025-10-27T21:32:30.676-0300] {logging_mixin.py:188} INFO - [2025-10-27T21:32:30.675-0300] {dag.py:3096} INFO - Sync 1 DAGs
[2025-10-27T21:32:30.687-0300] {logging_mixin.py:188} INFO - [2025-10-27T21:32:30.687-0300] {dag.py:3954} INFO - Setting next_dagrun for latest_only_with_trigger to 2025-10-27 20:00:00+00:00, run_after=2025-10-28 00:00:00+00:00
[2025-10-27T21:32:30.702-0300] {processor.py:183} INFO - Processing /home/joaosousa/projects/spotify-project/venv/lib/python3.12/site-packages/airflow/example_dags/example_latest_only_with_trigger.py took 0.048 seconds
[2025-10-27T21:33:17.885-0300] {processor.py:161} INFO - Started process (PID=1408) to work on /home/joaosousa/projects/spotify-project/venv/lib/python3.12/site-packages/airflow/example_dags/example_latest_only_with_trigger.py
[2025-10-27T21:33:17.887-0300] {processor.py:830} INFO - Processing file /home/joaosousa/projects/spotify-project/venv/lib/python3.12/site-packages/airflow/example_dags/example_latest_only_with_trigger.py for tasks to queue
[2025-10-27T21:33:17.889-0300] {logging_mixin.py:188} INFO - [2025-10-27T21:33:17.888-0300] {dagbag.py:545} INFO - Filling up the DagBag from /home/joaosousa/projects/spotify-project/venv/lib/python3.12/site-packages/airflow/example_dags/example_latest_only_with_trigger.py
[2025-10-27T21:33:17.893-0300] {processor.py:840} INFO - DAG(s) 'latest_only_with_trigger' retrieved from /home/joaosousa/projects/spotify-project/venv/lib/python3.12/site-packages/airflow/example_dags/example_latest_only_with_trigger.py
[2025-10-27T21:33:17.903-0300] {logging_mixin.py:188} INFO - [2025-10-27T21:33:17.903-0300] {dag.py:3096} INFO - Sync 1 DAGs
[2025-10-27T21:33:17.914-0300] {logging_mixin.py:188} INFO - [2025-10-27T21:33:17.914-0300] {dag.py:3954} INFO - Setting next_dagrun for latest_only_with_trigger to 2025-10-27 20:00:00+00:00, run_after=2025-10-28 00:00:00+00:00
[2025-10-27T21:33:17.927-0300] {processor.py:183} INFO - Processing /home/joaosousa/projects/spotify-project/venv/lib/python3.12/site-packages/airflow/example_dags/example_latest_only_with_trigger.py took 0.046 seconds
[2025-10-27T21:33:58.248-0300] {processor.py:161} INFO - Started process (PID=1474) to work on /home/joaosousa/projects/spotify-project/venv/lib/python3.12/site-packages/airflow/example_dags/example_latest_only_with_trigger.py
[2025-10-27T21:33:58.250-0300] {processor.py:830} INFO - Processing file /home/joaosousa/projects/spotify-project/venv/lib/python3.12/site-packages/airflow/example_dags/example_latest_only_with_trigger.py for tasks to queue
[2025-10-27T21:33:58.252-0300] {logging_mixin.py:188} INFO - [2025-10-27T21:33:58.251-0300] {dagbag.py:545} INFO - Filling up the DagBag from /home/joaosousa/projects/spotify-project/venv/lib/python3.12/site-packages/airflow/example_dags/example_latest_only_with_trigger.py
[2025-10-27T21:33:58.255-0300] {processor.py:840} INFO - DAG(s) 'latest_only_with_trigger' retrieved from /home/joaosousa/projects/spotify-project/venv/lib/python3.12/site-packages/airflow/example_dags/example_latest_only_with_trigger.py
[2025-10-27T21:33:58.266-0300] {logging_mixin.py:188} INFO - [2025-10-27T21:33:58.266-0300] {dag.py:3096} INFO - Sync 1 DAGs
[2025-10-27T21:33:58.280-0300] {logging_mixin.py:188} INFO - [2025-10-27T21:33:58.279-0300] {dag.py:3954} INFO - Setting next_dagrun for latest_only_with_trigger to 2025-10-27 20:00:00+00:00, run_after=2025-10-28 00:00:00+00:00
[2025-10-27T21:33:58.297-0300] {processor.py:183} INFO - Processing /home/joaosousa/projects/spotify-project/venv/lib/python3.12/site-packages/airflow/example_dags/example_latest_only_with_trigger.py took 0.052 seconds
[2025-10-27T21:34:38.679-0300] {processor.py:161} INFO - Started process (PID=1542) to work on /home/joaosousa/projects/spotify-project/venv/lib/python3.12/site-packages/airflow/example_dags/example_latest_only_with_trigger.py
[2025-10-27T21:34:38.681-0300] {processor.py:830} INFO - Processing file /home/joaosousa/projects/spotify-project/venv/lib/python3.12/site-packages/airflow/example_dags/example_latest_only_with_trigger.py for tasks to queue
[2025-10-27T21:34:38.683-0300] {logging_mixin.py:188} INFO - [2025-10-27T21:34:38.682-0300] {dagbag.py:545} INFO - Filling up the DagBag from /home/joaosousa/projects/spotify-project/venv/lib/python3.12/site-packages/airflow/example_dags/example_latest_only_with_trigger.py
[2025-10-27T21:34:38.686-0300] {processor.py:840} INFO - DAG(s) 'latest_only_with_trigger' retrieved from /home/joaosousa/projects/spotify-project/venv/lib/python3.12/site-packages/airflow/example_dags/example_latest_only_with_trigger.py
[2025-10-27T21:34:38.697-0300] {logging_mixin.py:188} INFO - [2025-10-27T21:34:38.697-0300] {dag.py:3096} INFO - Sync 1 DAGs
[2025-10-27T21:34:38.709-0300] {logging_mixin.py:188} INFO - [2025-10-27T21:34:38.709-0300] {dag.py:3954} INFO - Setting next_dagrun for latest_only_with_trigger to 2025-10-27 20:00:00+00:00, run_after=2025-10-28 00:00:00+00:00
[2025-10-27T21:34:38.723-0300] {processor.py:183} INFO - Processing /home/joaosousa/projects/spotify-project/venv/lib/python3.12/site-packages/airflow/example_dags/example_latest_only_with_trigger.py took 0.048 seconds
[2025-10-27T21:35:18.466-0300] {processor.py:161} INFO - Started process (PID=1606) to work on /home/joaosousa/projects/spotify-project/venv/lib/python3.12/site-packages/airflow/example_dags/example_latest_only_with_trigger.py
[2025-10-27T21:35:18.467-0300] {processor.py:830} INFO - Processing file /home/joaosousa/projects/spotify-project/venv/lib/python3.12/site-packages/airflow/example_dags/example_latest_only_with_trigger.py for tasks to queue
[2025-10-27T21:35:18.469-0300] {logging_mixin.py:188} INFO - [2025-10-27T21:35:18.468-0300] {dagbag.py:545} INFO - Filling up the DagBag from /home/joaosousa/projects/spotify-project/venv/lib/python3.12/site-packages/airflow/example_dags/example_latest_only_with_trigger.py
[2025-10-27T21:35:18.473-0300] {processor.py:840} INFO - DAG(s) 'latest_only_with_trigger' retrieved from /home/joaosousa/projects/spotify-project/venv/lib/python3.12/site-packages/airflow/example_dags/example_latest_only_with_trigger.py
[2025-10-27T21:35:18.486-0300] {logging_mixin.py:188} INFO - [2025-10-27T21:35:18.486-0300] {dag.py:3096} INFO - Sync 1 DAGs
[2025-10-27T21:35:18.499-0300] {logging_mixin.py:188} INFO - [2025-10-27T21:35:18.499-0300] {dag.py:3954} INFO - Setting next_dagrun for latest_only_with_trigger to 2025-10-27 20:00:00+00:00, run_after=2025-10-28 00:00:00+00:00
[2025-10-27T21:35:18.516-0300] {processor.py:183} INFO - Processing /home/joaosousa/projects/spotify-project/venv/lib/python3.12/site-packages/airflow/example_dags/example_latest_only_with_trigger.py took 0.054 seconds
[2025-10-27T21:36:00.839-0300] {processor.py:161} INFO - Started process (PID=1674) to work on /home/joaosousa/projects/spotify-project/venv/lib/python3.12/site-packages/airflow/example_dags/example_latest_only_with_trigger.py
[2025-10-27T21:36:00.841-0300] {processor.py:830} INFO - Processing file /home/joaosousa/projects/spotify-project/venv/lib/python3.12/site-packages/airflow/example_dags/example_latest_only_with_trigger.py for tasks to queue
[2025-10-27T21:36:00.842-0300] {logging_mixin.py:188} INFO - [2025-10-27T21:36:00.842-0300] {dagbag.py:545} INFO - Filling up the DagBag from /home/joaosousa/projects/spotify-project/venv/lib/python3.12/site-packages/airflow/example_dags/example_latest_only_with_trigger.py
[2025-10-27T21:36:00.846-0300] {processor.py:840} INFO - DAG(s) 'latest_only_with_trigger' retrieved from /home/joaosousa/projects/spotify-project/venv/lib/python3.12/site-packages/airflow/example_dags/example_latest_only_with_trigger.py
[2025-10-27T21:36:00.857-0300] {logging_mixin.py:188} INFO - [2025-10-27T21:36:00.857-0300] {dag.py:3096} INFO - Sync 1 DAGs
[2025-10-27T21:36:00.872-0300] {logging_mixin.py:188} INFO - [2025-10-27T21:36:00.871-0300] {dag.py:3954} INFO - Setting next_dagrun for latest_only_with_trigger to 2025-10-27 20:00:00+00:00, run_after=2025-10-28 00:00:00+00:00
[2025-10-27T21:36:00.981-0300] {processor.py:183} INFO - Processing /home/joaosousa/projects/spotify-project/venv/lib/python3.12/site-packages/airflow/example_dags/example_latest_only_with_trigger.py took 0.147 seconds
[2025-10-27T21:36:50.358-0300] {processor.py:161} INFO - Started process (PID=1745) to work on /home/joaosousa/projects/spotify-project/venv/lib/python3.12/site-packages/airflow/example_dags/example_latest_only_with_trigger.py
[2025-10-27T21:36:50.359-0300] {processor.py:830} INFO - Processing file /home/joaosousa/projects/spotify-project/venv/lib/python3.12/site-packages/airflow/example_dags/example_latest_only_with_trigger.py for tasks to queue
[2025-10-27T21:36:50.361-0300] {logging_mixin.py:188} INFO - [2025-10-27T21:36:50.361-0300] {dagbag.py:545} INFO - Filling up the DagBag from /home/joaosousa/projects/spotify-project/venv/lib/python3.12/site-packages/airflow/example_dags/example_latest_only_with_trigger.py
[2025-10-27T21:36:50.366-0300] {processor.py:840} INFO - DAG(s) 'latest_only_with_trigger' retrieved from /home/joaosousa/projects/spotify-project/venv/lib/python3.12/site-packages/airflow/example_dags/example_latest_only_with_trigger.py
[2025-10-27T21:36:50.380-0300] {logging_mixin.py:188} INFO - [2025-10-27T21:36:50.380-0300] {dag.py:3096} INFO - Sync 1 DAGs
[2025-10-27T21:36:50.396-0300] {logging_mixin.py:188} INFO - [2025-10-27T21:36:50.396-0300] {dag.py:3954} INFO - Setting next_dagrun for latest_only_with_trigger to 2025-10-27 20:00:00+00:00, run_after=2025-10-28 00:00:00+00:00
[2025-10-27T21:36:50.417-0300] {processor.py:183} INFO - Processing /home/joaosousa/projects/spotify-project/venv/lib/python3.12/site-packages/airflow/example_dags/example_latest_only_with_trigger.py took 0.065 seconds
[2025-10-27T21:37:34.961-0300] {processor.py:161} INFO - Started process (PID=1817) to work on /home/joaosousa/projects/spotify-project/venv/lib/python3.12/site-packages/airflow/example_dags/example_latest_only_with_trigger.py
[2025-10-27T21:37:34.963-0300] {processor.py:830} INFO - Processing file /home/joaosousa/projects/spotify-project/venv/lib/python3.12/site-packages/airflow/example_dags/example_latest_only_with_trigger.py for tasks to queue
[2025-10-27T21:37:34.964-0300] {logging_mixin.py:188} INFO - [2025-10-27T21:37:34.964-0300] {dagbag.py:545} INFO - Filling up the DagBag from /home/joaosousa/projects/spotify-project/venv/lib/python3.12/site-packages/airflow/example_dags/example_latest_only_with_trigger.py
[2025-10-27T21:37:34.968-0300] {processor.py:840} INFO - DAG(s) 'latest_only_with_trigger' retrieved from /home/joaosousa/projects/spotify-project/venv/lib/python3.12/site-packages/airflow/example_dags/example_latest_only_with_trigger.py
[2025-10-27T21:37:34.980-0300] {logging_mixin.py:188} INFO - [2025-10-27T21:37:34.980-0300] {dag.py:3096} INFO - Sync 1 DAGs
[2025-10-27T21:37:34.993-0300] {logging_mixin.py:188} INFO - [2025-10-27T21:37:34.993-0300] {dag.py:3954} INFO - Setting next_dagrun for latest_only_with_trigger to 2025-10-27 20:00:00+00:00, run_after=2025-10-28 00:00:00+00:00
[2025-10-27T21:37:35.007-0300] {processor.py:183} INFO - Processing /home/joaosousa/projects/spotify-project/venv/lib/python3.12/site-packages/airflow/example_dags/example_latest_only_with_trigger.py took 0.051 seconds
[2025-10-27T21:38:18.806-0300] {processor.py:161} INFO - Started process (PID=1886) to work on /home/joaosousa/projects/spotify-project/venv/lib/python3.12/site-packages/airflow/example_dags/example_latest_only_with_trigger.py
[2025-10-27T21:38:18.808-0300] {processor.py:830} INFO - Processing file /home/joaosousa/projects/spotify-project/venv/lib/python3.12/site-packages/airflow/example_dags/example_latest_only_with_trigger.py for tasks to queue
[2025-10-27T21:38:18.809-0300] {logging_mixin.py:188} INFO - [2025-10-27T21:38:18.809-0300] {dagbag.py:545} INFO - Filling up the DagBag from /home/joaosousa/projects/spotify-project/venv/lib/python3.12/site-packages/airflow/example_dags/example_latest_only_with_trigger.py
[2025-10-27T21:38:18.814-0300] {processor.py:840} INFO - DAG(s) 'latest_only_with_trigger' retrieved from /home/joaosousa/projects/spotify-project/venv/lib/python3.12/site-packages/airflow/example_dags/example_latest_only_with_trigger.py
[2025-10-27T21:38:18.825-0300] {logging_mixin.py:188} INFO - [2025-10-27T21:38:18.825-0300] {dag.py:3096} INFO - Sync 1 DAGs
[2025-10-27T21:38:18.838-0300] {logging_mixin.py:188} INFO - [2025-10-27T21:38:18.838-0300] {dag.py:3954} INFO - Setting next_dagrun for latest_only_with_trigger to 2025-10-27 20:00:00+00:00, run_after=2025-10-28 00:00:00+00:00
[2025-10-27T21:38:18.854-0300] {processor.py:183} INFO - Processing /home/joaosousa/projects/spotify-project/venv/lib/python3.12/site-packages/airflow/example_dags/example_latest_only_with_trigger.py took 0.052 seconds
[2025-10-27T21:38:57.010-0300] {processor.py:161} INFO - Started process (PID=1956) to work on /home/joaosousa/projects/spotify-project/venv/lib/python3.12/site-packages/airflow/example_dags/example_latest_only_with_trigger.py
[2025-10-27T21:38:57.012-0300] {processor.py:830} INFO - Processing file /home/joaosousa/projects/spotify-project/venv/lib/python3.12/site-packages/airflow/example_dags/example_latest_only_with_trigger.py for tasks to queue
[2025-10-27T21:38:57.013-0300] {logging_mixin.py:188} INFO - [2025-10-27T21:38:57.013-0300] {dagbag.py:545} INFO - Filling up the DagBag from /home/joaosousa/projects/spotify-project/venv/lib/python3.12/site-packages/airflow/example_dags/example_latest_only_with_trigger.py
[2025-10-27T21:38:57.018-0300] {processor.py:840} INFO - DAG(s) 'latest_only_with_trigger' retrieved from /home/joaosousa/projects/spotify-project/venv/lib/python3.12/site-packages/airflow/example_dags/example_latest_only_with_trigger.py
[2025-10-27T21:38:57.029-0300] {logging_mixin.py:188} INFO - [2025-10-27T21:38:57.029-0300] {dag.py:3096} INFO - Sync 1 DAGs
[2025-10-27T21:38:57.042-0300] {logging_mixin.py:188} INFO - [2025-10-27T21:38:57.042-0300] {dag.py:3954} INFO - Setting next_dagrun for latest_only_with_trigger to 2025-10-27 20:00:00+00:00, run_after=2025-10-28 00:00:00+00:00
[2025-10-27T21:38:57.057-0300] {processor.py:183} INFO - Processing /home/joaosousa/projects/spotify-project/venv/lib/python3.12/site-packages/airflow/example_dags/example_latest_only_with_trigger.py took 0.052 seconds
[2025-10-27T21:39:51.849-0300] {processor.py:161} INFO - Started process (PID=2056) to work on /home/joaosousa/projects/spotify-project/venv/lib/python3.12/site-packages/airflow/example_dags/example_latest_only_with_trigger.py
[2025-10-27T21:39:51.850-0300] {processor.py:830} INFO - Processing file /home/joaosousa/projects/spotify-project/venv/lib/python3.12/site-packages/airflow/example_dags/example_latest_only_with_trigger.py for tasks to queue
[2025-10-27T21:39:51.851-0300] {logging_mixin.py:188} INFO - [2025-10-27T21:39:51.850-0300] {dagbag.py:545} INFO - Filling up the DagBag from /home/joaosousa/projects/spotify-project/venv/lib/python3.12/site-packages/airflow/example_dags/example_latest_only_with_trigger.py
[2025-10-27T21:39:51.855-0300] {processor.py:840} INFO - DAG(s) 'latest_only_with_trigger' retrieved from /home/joaosousa/projects/spotify-project/venv/lib/python3.12/site-packages/airflow/example_dags/example_latest_only_with_trigger.py
[2025-10-27T21:39:51.866-0300] {logging_mixin.py:188} INFO - [2025-10-27T21:39:51.866-0300] {dag.py:3096} INFO - Sync 1 DAGs
[2025-10-27T21:39:51.878-0300] {logging_mixin.py:188} INFO - [2025-10-27T21:39:51.878-0300] {dag.py:3954} INFO - Setting next_dagrun for latest_only_with_trigger to 2025-10-27 20:00:00+00:00, run_after=2025-10-28 00:00:00+00:00
[2025-10-27T21:39:51.892-0300] {processor.py:183} INFO - Processing /home/joaosousa/projects/spotify-project/venv/lib/python3.12/site-packages/airflow/example_dags/example_latest_only_with_trigger.py took 0.048 seconds
