[2025-10-27T21:31:11.956-0300] {processor.py:161} INFO - Started process (PID=1097) to work on /home/joaosousa/projects/spotify-project/venv/lib/python3.12/site-packages/airflow/example_dags/example_python_operator.py
[2025-10-27T21:31:11.957-0300] {processor.py:830} INFO - Processing file /home/joaosousa/projects/spotify-project/venv/lib/python3.12/site-packages/airflow/example_dags/example_python_operator.py for tasks to queue
[2025-10-27T21:31:11.958-0300] {logging_mixin.py:188} INFO - [2025-10-27T21:31:11.958-0300] {dagbag.py:545} INFO - Filling up the DagBag from /home/joaosousa/projects/spotify-project/venv/lib/python3.12/site-packages/airflow/example_dags/example_python_operator.py
[2025-10-27T21:31:11.993-0300] {logging_mixin.py:188} INFO - [2025-10-27T21:31:11.993-0300] {example_python_operator.py:93} WARNING - The virtalenv_python example task requires virtualenv, please install it.
[2025-10-27T21:31:11.994-0300] {processor.py:840} INFO - DAG(s) 'example_python_operator' retrieved from /home/joaosousa/projects/spotify-project/venv/lib/python3.12/site-packages/airflow/example_dags/example_python_operator.py
[2025-10-27T21:31:12.008-0300] {logging_mixin.py:188} INFO - [2025-10-27T21:31:12.008-0300] {dag.py:3096} INFO - Sync 1 DAGs
[2025-10-27T21:31:12.017-0300] {logging_mixin.py:188} INFO - [2025-10-27T21:31:12.017-0300] {dag.py:3954} INFO - Setting next_dagrun for example_python_operator to None, run_after=None
[2025-10-27T21:31:12.032-0300] {processor.py:183} INFO - Processing /home/joaosousa/projects/spotify-project/venv/lib/python3.12/site-packages/airflow/example_dags/example_python_operator.py took 0.079 seconds
[2025-10-27T21:32:00.978-0300] {processor.py:161} INFO - Started process (PID=1282) to work on /home/joaosousa/projects/spotify-project/venv/lib/python3.12/site-packages/airflow/example_dags/example_python_operator.py
[2025-10-27T21:32:00.980-0300] {processor.py:830} INFO - Processing file /home/joaosousa/projects/spotify-project/venv/lib/python3.12/site-packages/airflow/example_dags/example_python_operator.py for tasks to queue
[2025-10-27T21:32:00.981-0300] {logging_mixin.py:188} INFO - [2025-10-27T21:32:00.981-0300] {dagbag.py:545} INFO - Filling up the DagBag from /home/joaosousa/projects/spotify-project/venv/lib/python3.12/site-packages/airflow/example_dags/example_python_operator.py
[2025-10-27T21:32:01.015-0300] {logging_mixin.py:188} INFO - [2025-10-27T21:32:01.015-0300] {example_python_operator.py:93} WARNING - The virtalenv_python example task requires virtualenv, please install it.
[2025-10-27T21:32:01.015-0300] {processor.py:840} INFO - DAG(s) 'example_python_operator' retrieved from /home/joaosousa/projects/spotify-project/venv/lib/python3.12/site-packages/airflow/example_dags/example_python_operator.py
[2025-10-27T21:32:01.027-0300] {logging_mixin.py:188} INFO - [2025-10-27T21:32:01.027-0300] {dag.py:3096} INFO - Sync 1 DAGs
[2025-10-27T21:32:01.035-0300] {logging_mixin.py:188} INFO - [2025-10-27T21:32:01.034-0300] {dag.py:3954} INFO - Setting next_dagrun for example_python_operator to None, run_after=None
[2025-10-27T21:32:01.049-0300] {processor.py:183} INFO - Processing /home/joaosousa/projects/spotify-project/venv/lib/python3.12/site-packages/airflow/example_dags/example_python_operator.py took 0.075 seconds
[2025-10-27T21:33:02.533-0300] {processor.py:161} INFO - Started process (PID=1392) to work on /home/joaosousa/projects/spotify-project/venv/lib/python3.12/site-packages/airflow/example_dags/example_python_operator.py
[2025-10-27T21:33:02.535-0300] {processor.py:830} INFO - Processing file /home/joaosousa/projects/spotify-project/venv/lib/python3.12/site-packages/airflow/example_dags/example_python_operator.py for tasks to queue
[2025-10-27T21:33:02.536-0300] {logging_mixin.py:188} INFO - [2025-10-27T21:33:02.536-0300] {dagbag.py:545} INFO - Filling up the DagBag from /home/joaosousa/projects/spotify-project/venv/lib/python3.12/site-packages/airflow/example_dags/example_python_operator.py
[2025-10-27T21:33:02.573-0300] {logging_mixin.py:188} INFO - [2025-10-27T21:33:02.573-0300] {example_python_operator.py:93} WARNING - The virtalenv_python example task requires virtualenv, please install it.
[2025-10-27T21:33:02.574-0300] {processor.py:840} INFO - DAG(s) 'example_python_operator' retrieved from /home/joaosousa/projects/spotify-project/venv/lib/python3.12/site-packages/airflow/example_dags/example_python_operator.py
[2025-10-27T21:33:02.587-0300] {logging_mixin.py:188} INFO - [2025-10-27T21:33:02.587-0300] {dag.py:3096} INFO - Sync 1 DAGs
[2025-10-27T21:33:02.596-0300] {logging_mixin.py:188} INFO - [2025-10-27T21:33:02.596-0300] {dag.py:3954} INFO - Setting next_dagrun for example_python_operator to None, run_after=None
[2025-10-27T21:33:02.612-0300] {processor.py:183} INFO - Processing /home/joaosousa/projects/spotify-project/venv/lib/python3.12/site-packages/airflow/example_dags/example_python_operator.py took 0.083 seconds
[2025-10-27T21:34:04.081-0300] {processor.py:161} INFO - Started process (PID=1480) to work on /home/joaosousa/projects/spotify-project/venv/lib/python3.12/site-packages/airflow/example_dags/example_python_operator.py
[2025-10-27T21:34:04.083-0300] {processor.py:830} INFO - Processing file /home/joaosousa/projects/spotify-project/venv/lib/python3.12/site-packages/airflow/example_dags/example_python_operator.py for tasks to queue
[2025-10-27T21:34:04.085-0300] {logging_mixin.py:188} INFO - [2025-10-27T21:34:04.085-0300] {dagbag.py:545} INFO - Filling up the DagBag from /home/joaosousa/projects/spotify-project/venv/lib/python3.12/site-packages/airflow/example_dags/example_python_operator.py
[2025-10-27T21:34:04.123-0300] {logging_mixin.py:188} INFO - [2025-10-27T21:34:04.123-0300] {example_python_operator.py:93} WARNING - The virtalenv_python example task requires virtualenv, please install it.
[2025-10-27T21:34:04.124-0300] {processor.py:840} INFO - DAG(s) 'example_python_operator' retrieved from /home/joaosousa/projects/spotify-project/venv/lib/python3.12/site-packages/airflow/example_dags/example_python_operator.py
[2025-10-27T21:34:04.137-0300] {logging_mixin.py:188} INFO - [2025-10-27T21:34:04.137-0300] {dag.py:3096} INFO - Sync 1 DAGs
[2025-10-27T21:34:04.145-0300] {logging_mixin.py:188} INFO - [2025-10-27T21:34:04.145-0300] {dag.py:3954} INFO - Setting next_dagrun for example_python_operator to None, run_after=None
[2025-10-27T21:34:04.164-0300] {processor.py:183} INFO - Processing /home/joaosousa/projects/spotify-project/venv/lib/python3.12/site-packages/airflow/example_dags/example_python_operator.py took 0.086 seconds
[2025-10-27T21:35:03.468-0300] {processor.py:161} INFO - Started process (PID=1590) to work on /home/joaosousa/projects/spotify-project/venv/lib/python3.12/site-packages/airflow/example_dags/example_python_operator.py
[2025-10-27T21:35:03.470-0300] {processor.py:830} INFO - Processing file /home/joaosousa/projects/spotify-project/venv/lib/python3.12/site-packages/airflow/example_dags/example_python_operator.py for tasks to queue
[2025-10-27T21:35:03.472-0300] {logging_mixin.py:188} INFO - [2025-10-27T21:35:03.472-0300] {dagbag.py:545} INFO - Filling up the DagBag from /home/joaosousa/projects/spotify-project/venv/lib/python3.12/site-packages/airflow/example_dags/example_python_operator.py
[2025-10-27T21:35:03.513-0300] {logging_mixin.py:188} INFO - [2025-10-27T21:35:03.512-0300] {example_python_operator.py:93} WARNING - The virtalenv_python example task requires virtualenv, please install it.
[2025-10-27T21:35:03.513-0300] {processor.py:840} INFO - DAG(s) 'example_python_operator' retrieved from /home/joaosousa/projects/spotify-project/venv/lib/python3.12/site-packages/airflow/example_dags/example_python_operator.py
[2025-10-27T21:35:03.526-0300] {logging_mixin.py:188} INFO - [2025-10-27T21:35:03.526-0300] {dag.py:3096} INFO - Sync 1 DAGs
[2025-10-27T21:35:03.536-0300] {logging_mixin.py:188} INFO - [2025-10-27T21:35:03.535-0300] {dag.py:3954} INFO - Setting next_dagrun for example_python_operator to None, run_after=None
[2025-10-27T21:35:03.555-0300] {processor.py:183} INFO - Processing /home/joaosousa/projects/spotify-project/venv/lib/python3.12/site-packages/airflow/example_dags/example_python_operator.py took 0.092 seconds
[2025-10-27T21:36:08.336-0300] {processor.py:161} INFO - Started process (PID=1682) to work on /home/joaosousa/projects/spotify-project/venv/lib/python3.12/site-packages/airflow/example_dags/example_python_operator.py
[2025-10-27T21:36:08.338-0300] {processor.py:830} INFO - Processing file /home/joaosousa/projects/spotify-project/venv/lib/python3.12/site-packages/airflow/example_dags/example_python_operator.py for tasks to queue
[2025-10-27T21:36:08.339-0300] {logging_mixin.py:188} INFO - [2025-10-27T21:36:08.339-0300] {dagbag.py:545} INFO - Filling up the DagBag from /home/joaosousa/projects/spotify-project/venv/lib/python3.12/site-packages/airflow/example_dags/example_python_operator.py
[2025-10-27T21:36:08.377-0300] {logging_mixin.py:188} INFO - [2025-10-27T21:36:08.376-0300] {example_python_operator.py:93} WARNING - The virtalenv_python example task requires virtualenv, please install it.
[2025-10-27T21:36:08.377-0300] {processor.py:840} INFO - DAG(s) 'example_python_operator' retrieved from /home/joaosousa/projects/spotify-project/venv/lib/python3.12/site-packages/airflow/example_dags/example_python_operator.py
[2025-10-27T21:36:08.389-0300] {logging_mixin.py:188} INFO - [2025-10-27T21:36:08.389-0300] {dag.py:3096} INFO - Sync 1 DAGs
[2025-10-27T21:36:08.397-0300] {logging_mixin.py:188} INFO - [2025-10-27T21:36:08.397-0300] {dag.py:3954} INFO - Setting next_dagrun for example_python_operator to None, run_after=None
[2025-10-27T21:36:08.506-0300] {processor.py:183} INFO - Processing /home/joaosousa/projects/spotify-project/venv/lib/python3.12/site-packages/airflow/example_dags/example_python_operator.py took 0.175 seconds
[2025-10-27T21:37:02.042-0300] {processor.py:161} INFO - Started process (PID=1758) to work on /home/joaosousa/projects/spotify-project/venv/lib/python3.12/site-packages/airflow/example_dags/example_python_operator.py
[2025-10-27T21:37:02.044-0300] {processor.py:830} INFO - Processing file /home/joaosousa/projects/spotify-project/venv/lib/python3.12/site-packages/airflow/example_dags/example_python_operator.py for tasks to queue
[2025-10-27T21:37:02.045-0300] {logging_mixin.py:188} INFO - [2025-10-27T21:37:02.045-0300] {dagbag.py:545} INFO - Filling up the DagBag from /home/joaosousa/projects/spotify-project/venv/lib/python3.12/site-packages/airflow/example_dags/example_python_operator.py
[2025-10-27T21:37:02.081-0300] {logging_mixin.py:188} INFO - [2025-10-27T21:37:02.081-0300] {example_python_operator.py:93} WARNING - The virtalenv_python example task requires virtualenv, please install it.
[2025-10-27T21:37:02.081-0300] {processor.py:840} INFO - DAG(s) 'example_python_operator' retrieved from /home/joaosousa/projects/spotify-project/venv/lib/python3.12/site-packages/airflow/example_dags/example_python_operator.py
[2025-10-27T21:37:02.097-0300] {logging_mixin.py:188} INFO - [2025-10-27T21:37:02.097-0300] {dag.py:3096} INFO - Sync 1 DAGs
[2025-10-27T21:37:02.107-0300] {logging_mixin.py:188} INFO - [2025-10-27T21:37:02.107-0300] {dag.py:3954} INFO - Setting next_dagrun for example_python_operator to None, run_after=None
[2025-10-27T21:37:02.127-0300] {processor.py:183} INFO - Processing /home/joaosousa/projects/spotify-project/venv/lib/python3.12/site-packages/airflow/example_dags/example_python_operator.py took 0.090 seconds
[2025-10-27T21:38:07.424-0300] {processor.py:161} INFO - Started process (PID=1874) to work on /home/joaosousa/projects/spotify-project/venv/lib/python3.12/site-packages/airflow/example_dags/example_python_operator.py
[2025-10-27T21:38:07.426-0300] {processor.py:830} INFO - Processing file /home/joaosousa/projects/spotify-project/venv/lib/python3.12/site-packages/airflow/example_dags/example_python_operator.py for tasks to queue
[2025-10-27T21:38:07.427-0300] {logging_mixin.py:188} INFO - [2025-10-27T21:38:07.427-0300] {dagbag.py:545} INFO - Filling up the DagBag from /home/joaosousa/projects/spotify-project/venv/lib/python3.12/site-packages/airflow/example_dags/example_python_operator.py
[2025-10-27T21:38:07.461-0300] {logging_mixin.py:188} INFO - [2025-10-27T21:38:07.461-0300] {example_python_operator.py:93} WARNING - The virtalenv_python example task requires virtualenv, please install it.
[2025-10-27T21:38:07.461-0300] {processor.py:840} INFO - DAG(s) 'example_python_operator' retrieved from /home/joaosousa/projects/spotify-project/venv/lib/python3.12/site-packages/airflow/example_dags/example_python_operator.py
[2025-10-27T21:38:07.476-0300] {logging_mixin.py:188} INFO - [2025-10-27T21:38:07.476-0300] {dag.py:3096} INFO - Sync 1 DAGs
[2025-10-27T21:38:07.484-0300] {logging_mixin.py:188} INFO - [2025-10-27T21:38:07.484-0300] {dag.py:3954} INFO - Setting next_dagrun for example_python_operator to None, run_after=None
[2025-10-27T21:38:07.503-0300] {processor.py:183} INFO - Processing /home/joaosousa/projects/spotify-project/venv/lib/python3.12/site-packages/airflow/example_dags/example_python_operator.py took 0.083 seconds
[2025-10-27T21:39:02.735-0300] {processor.py:161} INFO - Started process (PID=1966) to work on /home/joaosousa/projects/spotify-project/venv/lib/python3.12/site-packages/airflow/example_dags/example_python_operator.py
[2025-10-27T21:39:02.737-0300] {processor.py:830} INFO - Processing file /home/joaosousa/projects/spotify-project/venv/lib/python3.12/site-packages/airflow/example_dags/example_python_operator.py for tasks to queue
[2025-10-27T21:39:02.738-0300] {logging_mixin.py:188} INFO - [2025-10-27T21:39:02.738-0300] {dagbag.py:545} INFO - Filling up the DagBag from /home/joaosousa/projects/spotify-project/venv/lib/python3.12/site-packages/airflow/example_dags/example_python_operator.py
[2025-10-27T21:39:02.776-0300] {logging_mixin.py:188} INFO - [2025-10-27T21:39:02.776-0300] {example_python_operator.py:93} WARNING - The virtalenv_python example task requires virtualenv, please install it.
[2025-10-27T21:39:02.777-0300] {processor.py:840} INFO - DAG(s) 'example_python_operator' retrieved from /home/joaosousa/projects/spotify-project/venv/lib/python3.12/site-packages/airflow/example_dags/example_python_operator.py
[2025-10-27T21:39:02.792-0300] {logging_mixin.py:188} INFO - [2025-10-27T21:39:02.792-0300] {dag.py:3096} INFO - Sync 1 DAGs
[2025-10-27T21:39:02.802-0300] {logging_mixin.py:188} INFO - [2025-10-27T21:39:02.802-0300] {dag.py:3954} INFO - Setting next_dagrun for example_python_operator to None, run_after=None
[2025-10-27T21:39:02.821-0300] {processor.py:183} INFO - Processing /home/joaosousa/projects/spotify-project/venv/lib/python3.12/site-packages/airflow/example_dags/example_python_operator.py took 0.090 seconds
[2025-10-27T21:40:04.328-0300] {processor.py:161} INFO - Started process (PID=2068) to work on /home/joaosousa/projects/spotify-project/venv/lib/python3.12/site-packages/airflow/example_dags/example_python_operator.py
[2025-10-27T21:40:04.329-0300] {processor.py:830} INFO - Processing file /home/joaosousa/projects/spotify-project/venv/lib/python3.12/site-packages/airflow/example_dags/example_python_operator.py for tasks to queue
[2025-10-27T21:40:04.330-0300] {logging_mixin.py:188} INFO - [2025-10-27T21:40:04.330-0300] {dagbag.py:545} INFO - Filling up the DagBag from /home/joaosousa/projects/spotify-project/venv/lib/python3.12/site-packages/airflow/example_dags/example_python_operator.py
[2025-10-27T21:40:04.369-0300] {logging_mixin.py:188} INFO - [2025-10-27T21:40:04.368-0300] {example_python_operator.py:93} WARNING - The virtalenv_python example task requires virtualenv, please install it.
[2025-10-27T21:40:04.369-0300] {processor.py:840} INFO - DAG(s) 'example_python_operator' retrieved from /home/joaosousa/projects/spotify-project/venv/lib/python3.12/site-packages/airflow/example_dags/example_python_operator.py
[2025-10-27T21:40:04.381-0300] {logging_mixin.py:188} INFO - [2025-10-27T21:40:04.381-0300] {dag.py:3096} INFO - Sync 1 DAGs
[2025-10-27T21:40:04.389-0300] {logging_mixin.py:188} INFO - [2025-10-27T21:40:04.389-0300] {dag.py:3954} INFO - Setting next_dagrun for example_python_operator to None, run_after=None
[2025-10-27T21:40:04.405-0300] {processor.py:183} INFO - Processing /home/joaosousa/projects/spotify-project/venv/lib/python3.12/site-packages/airflow/example_dags/example_python_operator.py took 0.081 seconds
