[2025-10-27T21:31:23.292-0300] {processor.py:161} INFO - Started process (PID=1112) to work on /home/joaosousa/projects/spotify-project/venv/lib/python3.12/site-packages/airflow/example_dags/example_branch_operator.py
[2025-10-27T21:31:23.293-0300] {processor.py:830} INFO - Processing file /home/joaosousa/projects/spotify-project/venv/lib/python3.12/site-packages/airflow/example_dags/example_branch_operator.py for tasks to queue
[2025-10-27T21:31:23.294-0300] {logging_mixin.py:188} INFO - [2025-10-27T21:31:23.294-0300] {dagbag.py:545} INFO - Filling up the DagBag from /home/joaosousa/projects/spotify-project/venv/lib/python3.12/site-packages/airflow/example_dags/example_branch_operator.py
[2025-10-27T21:31:23.327-0300] {processor.py:842} WARNING - No viable dags retrieved from /home/joaosousa/projects/spotify-project/venv/lib/python3.12/site-packages/airflow/example_dags/example_branch_operator.py
[2025-10-27T21:31:23.335-0300] {processor.py:183} INFO - Processing /home/joaosousa/projects/spotify-project/venv/lib/python3.12/site-packages/airflow/example_dags/example_branch_operator.py took 0.046 seconds
[2025-10-27T21:32:22.637-0300] {processor.py:161} INFO - Started process (PID=1327) to work on /home/joaosousa/projects/spotify-project/venv/lib/python3.12/site-packages/airflow/example_dags/example_branch_operator.py
[2025-10-27T21:32:22.639-0300] {processor.py:830} INFO - Processing file /home/joaosousa/projects/spotify-project/venv/lib/python3.12/site-packages/airflow/example_dags/example_branch_operator.py for tasks to queue
[2025-10-27T21:32:22.641-0300] {logging_mixin.py:188} INFO - [2025-10-27T21:32:22.640-0300] {dagbag.py:545} INFO - Filling up the DagBag from /home/joaosousa/projects/spotify-project/venv/lib/python3.12/site-packages/airflow/example_dags/example_branch_operator.py
[2025-10-27T21:32:22.674-0300] {processor.py:842} WARNING - No viable dags retrieved from /home/joaosousa/projects/spotify-project/venv/lib/python3.12/site-packages/airflow/example_dags/example_branch_operator.py
[2025-10-27T21:32:22.682-0300] {processor.py:183} INFO - Processing /home/joaosousa/projects/spotify-project/venv/lib/python3.12/site-packages/airflow/example_dags/example_branch_operator.py took 0.049 seconds
[2025-10-27T21:33:29.958-0300] {processor.py:161} INFO - Started process (PID=1422) to work on /home/joaosousa/projects/spotify-project/venv/lib/python3.12/site-packages/airflow/example_dags/example_branch_operator.py
[2025-10-27T21:33:29.959-0300] {processor.py:830} INFO - Processing file /home/joaosousa/projects/spotify-project/venv/lib/python3.12/site-packages/airflow/example_dags/example_branch_operator.py for tasks to queue
[2025-10-27T21:33:29.961-0300] {logging_mixin.py:188} INFO - [2025-10-27T21:33:29.960-0300] {dagbag.py:545} INFO - Filling up the DagBag from /home/joaosousa/projects/spotify-project/venv/lib/python3.12/site-packages/airflow/example_dags/example_branch_operator.py
[2025-10-27T21:33:29.995-0300] {processor.py:842} WARNING - No viable dags retrieved from /home/joaosousa/projects/spotify-project/venv/lib/python3.12/site-packages/airflow/example_dags/example_branch_operator.py
[2025-10-27T21:33:30.006-0300] {processor.py:183} INFO - Processing /home/joaosousa/projects/spotify-project/venv/lib/python3.12/site-packages/airflow/example_dags/example_branch_operator.py took 0.053 seconds
[2025-10-27T21:34:33.076-0300] {processor.py:161} INFO - Started process (PID=1534) to work on /home/joaosousa/projects/spotify-project/venv/lib/python3.12/site-packages/airflow/example_dags/example_branch_operator.py
[2025-10-27T21:34:33.078-0300] {processor.py:830} INFO - Processing file /home/joaosousa/projects/spotify-project/venv/lib/python3.12/site-packages/airflow/example_dags/example_branch_operator.py for tasks to queue
[2025-10-27T21:34:33.079-0300] {logging_mixin.py:188} INFO - [2025-10-27T21:34:33.079-0300] {dagbag.py:545} INFO - Filling up the DagBag from /home/joaosousa/projects/spotify-project/venv/lib/python3.12/site-packages/airflow/example_dags/example_branch_operator.py
[2025-10-27T21:34:33.110-0300] {processor.py:842} WARNING - No viable dags retrieved from /home/joaosousa/projects/spotify-project/venv/lib/python3.12/site-packages/airflow/example_dags/example_branch_operator.py
[2025-10-27T21:34:33.117-0300] {processor.py:183} INFO - Processing /home/joaosousa/projects/spotify-project/venv/lib/python3.12/site-packages/airflow/example_dags/example_branch_operator.py took 0.045 seconds
[2025-10-27T21:35:30.402-0300] {processor.py:161} INFO - Started process (PID=1619) to work on /home/joaosousa/projects/spotify-project/venv/lib/python3.12/site-packages/airflow/example_dags/example_branch_operator.py
[2025-10-27T21:35:30.404-0300] {processor.py:830} INFO - Processing file /home/joaosousa/projects/spotify-project/venv/lib/python3.12/site-packages/airflow/example_dags/example_branch_operator.py for tasks to queue
[2025-10-27T21:35:30.405-0300] {logging_mixin.py:188} INFO - [2025-10-27T21:35:30.405-0300] {dagbag.py:545} INFO - Filling up the DagBag from /home/joaosousa/projects/spotify-project/venv/lib/python3.12/site-packages/airflow/example_dags/example_branch_operator.py
[2025-10-27T21:35:30.438-0300] {processor.py:842} WARNING - No viable dags retrieved from /home/joaosousa/projects/spotify-project/venv/lib/python3.12/site-packages/airflow/example_dags/example_branch_operator.py
[2025-10-27T21:35:30.446-0300] {processor.py:183} INFO - Processing /home/joaosousa/projects/spotify-project/venv/lib/python3.12/site-packages/airflow/example_dags/example_branch_operator.py took 0.048 seconds
[2025-10-27T21:36:42.789-0300] {processor.py:161} INFO - Started process (PID=1737) to work on /home/joaosousa/projects/spotify-project/venv/lib/python3.12/site-packages/airflow/example_dags/example_branch_operator.py
[2025-10-27T21:36:42.791-0300] {processor.py:830} INFO - Processing file /home/joaosousa/projects/spotify-project/venv/lib/python3.12/site-packages/airflow/example_dags/example_branch_operator.py for tasks to queue
[2025-10-27T21:36:42.792-0300] {logging_mixin.py:188} INFO - [2025-10-27T21:36:42.792-0300] {dagbag.py:545} INFO - Filling up the DagBag from /home/joaosousa/projects/spotify-project/venv/lib/python3.12/site-packages/airflow/example_dags/example_branch_operator.py
[2025-10-27T21:36:42.826-0300] {processor.py:842} WARNING - No viable dags retrieved from /home/joaosousa/projects/spotify-project/venv/lib/python3.12/site-packages/airflow/example_dags/example_branch_operator.py
[2025-10-27T21:36:42.833-0300] {processor.py:183} INFO - Processing /home/joaosousa/projects/spotify-project/venv/lib/python3.12/site-packages/airflow/example_dags/example_branch_operator.py took 0.048 seconds
[2025-10-27T21:37:47.557-0300] {processor.py:161} INFO - Started process (PID=1831) to work on /home/joaosousa/projects/spotify-project/venv/lib/python3.12/site-packages/airflow/example_dags/example_branch_operator.py
[2025-10-27T21:37:47.559-0300] {processor.py:830} INFO - Processing file /home/joaosousa/projects/spotify-project/venv/lib/python3.12/site-packages/airflow/example_dags/example_branch_operator.py for tasks to queue
[2025-10-27T21:37:47.560-0300] {logging_mixin.py:188} INFO - [2025-10-27T21:37:47.560-0300] {dagbag.py:545} INFO - Filling up the DagBag from /home/joaosousa/projects/spotify-project/venv/lib/python3.12/site-packages/airflow/example_dags/example_branch_operator.py
[2025-10-27T21:37:47.594-0300] {processor.py:842} WARNING - No viable dags retrieved from /home/joaosousa/projects/spotify-project/venv/lib/python3.12/site-packages/airflow/example_dags/example_branch_operator.py
[2025-10-27T21:37:47.603-0300] {processor.py:183} INFO - Processing /home/joaosousa/projects/spotify-project/venv/lib/python3.12/site-packages/airflow/example_dags/example_branch_operator.py took 0.050 seconds
[2025-10-27T21:38:48.886-0300] {processor.py:161} INFO - Started process (PID=1948) to work on /home/joaosousa/projects/spotify-project/venv/lib/python3.12/site-packages/airflow/example_dags/example_branch_operator.py
[2025-10-27T21:38:48.888-0300] {processor.py:830} INFO - Processing file /home/joaosousa/projects/spotify-project/venv/lib/python3.12/site-packages/airflow/example_dags/example_branch_operator.py for tasks to queue
[2025-10-27T21:38:48.889-0300] {logging_mixin.py:188} INFO - [2025-10-27T21:38:48.889-0300] {dagbag.py:545} INFO - Filling up the DagBag from /home/joaosousa/projects/spotify-project/venv/lib/python3.12/site-packages/airflow/example_dags/example_branch_operator.py
[2025-10-27T21:38:48.925-0300] {processor.py:842} WARNING - No viable dags retrieved from /home/joaosousa/projects/spotify-project/venv/lib/python3.12/site-packages/airflow/example_dags/example_branch_operator.py
[2025-10-27T21:38:48.933-0300] {processor.py:183} INFO - Processing /home/joaosousa/projects/spotify-project/venv/lib/python3.12/site-packages/airflow/example_dags/example_branch_operator.py took 0.051 seconds
[2025-10-27T21:39:44.362-0300] {processor.py:161} INFO - Started process (PID=2037) to work on /home/joaosousa/projects/spotify-project/venv/lib/python3.12/site-packages/airflow/example_dags/example_branch_operator.py
[2025-10-27T21:39:44.364-0300] {processor.py:830} INFO - Processing file /home/joaosousa/projects/spotify-project/venv/lib/python3.12/site-packages/airflow/example_dags/example_branch_operator.py for tasks to queue
[2025-10-27T21:39:44.365-0300] {logging_mixin.py:188} INFO - [2025-10-27T21:39:44.365-0300] {dagbag.py:545} INFO - Filling up the DagBag from /home/joaosousa/projects/spotify-project/venv/lib/python3.12/site-packages/airflow/example_dags/example_branch_operator.py
[2025-10-27T21:39:44.400-0300] {processor.py:842} WARNING - No viable dags retrieved from /home/joaosousa/projects/spotify-project/venv/lib/python3.12/site-packages/airflow/example_dags/example_branch_operator.py
[2025-10-27T21:39:44.407-0300] {processor.py:183} INFO - Processing /home/joaosousa/projects/spotify-project/venv/lib/python3.12/site-packages/airflow/example_dags/example_branch_operator.py took 0.050 seconds
[2025-10-27T21:40:48.389-0300] {processor.py:161} INFO - Started process (PID=2145) to work on /home/joaosousa/projects/spotify-project/venv/lib/python3.12/site-packages/airflow/example_dags/example_branch_operator.py
[2025-10-27T21:40:48.390-0300] {processor.py:830} INFO - Processing file /home/joaosousa/projects/spotify-project/venv/lib/python3.12/site-packages/airflow/example_dags/example_branch_operator.py for tasks to queue
[2025-10-27T21:40:48.392-0300] {logging_mixin.py:188} INFO - [2025-10-27T21:40:48.391-0300] {dagbag.py:545} INFO - Filling up the DagBag from /home/joaosousa/projects/spotify-project/venv/lib/python3.12/site-packages/airflow/example_dags/example_branch_operator.py
[2025-10-27T21:40:48.428-0300] {processor.py:842} WARNING - No viable dags retrieved from /home/joaosousa/projects/spotify-project/venv/lib/python3.12/site-packages/airflow/example_dags/example_branch_operator.py
[2025-10-27T21:40:48.439-0300] {processor.py:183} INFO - Processing /home/joaosousa/projects/spotify-project/venv/lib/python3.12/site-packages/airflow/example_dags/example_branch_operator.py took 0.057 seconds
[2025-10-27T21:41:49.205-0300] {processor.py:161} INFO - Started process (PID=2285) to work on /home/joaosousa/projects/spotify-project/venv/lib/python3.12/site-packages/airflow/example_dags/example_branch_operator.py
[2025-10-27T21:41:49.207-0300] {processor.py:830} INFO - Processing file /home/joaosousa/projects/spotify-project/venv/lib/python3.12/site-packages/airflow/example_dags/example_branch_operator.py for tasks to queue
[2025-10-27T21:41:49.209-0300] {logging_mixin.py:188} INFO - [2025-10-27T21:41:49.208-0300] {dagbag.py:545} INFO - Filling up the DagBag from /home/joaosousa/projects/spotify-project/venv/lib/python3.12/site-packages/airflow/example_dags/example_branch_operator.py
[2025-10-27T21:41:49.241-0300] {processor.py:842} WARNING - No viable dags retrieved from /home/joaosousa/projects/spotify-project/venv/lib/python3.12/site-packages/airflow/example_dags/example_branch_operator.py
[2025-10-27T21:41:49.251-0300] {processor.py:183} INFO - Processing /home/joaosousa/projects/spotify-project/venv/lib/python3.12/site-packages/airflow/example_dags/example_branch_operator.py took 0.050 seconds
[2025-10-27T21:42:46.504-0300] {processor.py:161} INFO - Started process (PID=2458) to work on /home/joaosousa/projects/spotify-project/venv/lib/python3.12/site-packages/airflow/example_dags/example_branch_operator.py
[2025-10-27T21:42:46.506-0300] {processor.py:830} INFO - Processing file /home/joaosousa/projects/spotify-project/venv/lib/python3.12/site-packages/airflow/example_dags/example_branch_operator.py for tasks to queue
[2025-10-27T21:42:46.508-0300] {logging_mixin.py:188} INFO - [2025-10-27T21:42:46.507-0300] {dagbag.py:545} INFO - Filling up the DagBag from /home/joaosousa/projects/spotify-project/venv/lib/python3.12/site-packages/airflow/example_dags/example_branch_operator.py
[2025-10-27T21:42:46.542-0300] {processor.py:842} WARNING - No viable dags retrieved from /home/joaosousa/projects/spotify-project/venv/lib/python3.12/site-packages/airflow/example_dags/example_branch_operator.py
[2025-10-27T21:42:46.550-0300] {processor.py:183} INFO - Processing /home/joaosousa/projects/spotify-project/venv/lib/python3.12/site-packages/airflow/example_dags/example_branch_operator.py took 0.051 seconds
[2025-10-27T21:43:48.050-0300] {processor.py:161} INFO - Started process (PID=2565) to work on /home/joaosousa/projects/spotify-project/venv/lib/python3.12/site-packages/airflow/example_dags/example_branch_operator.py
[2025-10-27T21:43:48.052-0300] {processor.py:830} INFO - Processing file /home/joaosousa/projects/spotify-project/venv/lib/python3.12/site-packages/airflow/example_dags/example_branch_operator.py for tasks to queue
[2025-10-27T21:43:48.053-0300] {logging_mixin.py:188} INFO - [2025-10-27T21:43:48.053-0300] {dagbag.py:545} INFO - Filling up the DagBag from /home/joaosousa/projects/spotify-project/venv/lib/python3.12/site-packages/airflow/example_dags/example_branch_operator.py
[2025-10-27T21:43:48.087-0300] {processor.py:842} WARNING - No viable dags retrieved from /home/joaosousa/projects/spotify-project/venv/lib/python3.12/site-packages/airflow/example_dags/example_branch_operator.py
[2025-10-27T21:43:48.094-0300] {processor.py:183} INFO - Processing /home/joaosousa/projects/spotify-project/venv/lib/python3.12/site-packages/airflow/example_dags/example_branch_operator.py took 0.049 seconds
[2025-10-27T21:44:46.003-0300] {processor.py:161} INFO - Started process (PID=2670) to work on /home/joaosousa/projects/spotify-project/venv/lib/python3.12/site-packages/airflow/example_dags/example_branch_operator.py
[2025-10-27T21:44:46.005-0300] {processor.py:830} INFO - Processing file /home/joaosousa/projects/spotify-project/venv/lib/python3.12/site-packages/airflow/example_dags/example_branch_operator.py for tasks to queue
[2025-10-27T21:44:46.007-0300] {logging_mixin.py:188} INFO - [2025-10-27T21:44:46.007-0300] {dagbag.py:545} INFO - Filling up the DagBag from /home/joaosousa/projects/spotify-project/venv/lib/python3.12/site-packages/airflow/example_dags/example_branch_operator.py
[2025-10-27T21:44:46.039-0300] {processor.py:842} WARNING - No viable dags retrieved from /home/joaosousa/projects/spotify-project/venv/lib/python3.12/site-packages/airflow/example_dags/example_branch_operator.py
[2025-10-27T21:44:46.046-0300] {processor.py:183} INFO - Processing /home/joaosousa/projects/spotify-project/venv/lib/python3.12/site-packages/airflow/example_dags/example_branch_operator.py took 0.048 seconds
[2025-10-27T21:45:44.626-0300] {processor.py:161} INFO - Started process (PID=2973) to work on /home/joaosousa/projects/spotify-project/venv/lib/python3.12/site-packages/airflow/example_dags/example_branch_operator.py
[2025-10-27T21:45:44.627-0300] {processor.py:830} INFO - Processing file /home/joaosousa/projects/spotify-project/venv/lib/python3.12/site-packages/airflow/example_dags/example_branch_operator.py for tasks to queue
[2025-10-27T21:45:44.628-0300] {logging_mixin.py:188} INFO - [2025-10-27T21:45:44.628-0300] {dagbag.py:545} INFO - Filling up the DagBag from /home/joaosousa/projects/spotify-project/venv/lib/python3.12/site-packages/airflow/example_dags/example_branch_operator.py
[2025-10-27T21:45:44.660-0300] {processor.py:842} WARNING - No viable dags retrieved from /home/joaosousa/projects/spotify-project/venv/lib/python3.12/site-packages/airflow/example_dags/example_branch_operator.py
[2025-10-27T21:45:44.667-0300] {processor.py:183} INFO - Processing /home/joaosousa/projects/spotify-project/venv/lib/python3.12/site-packages/airflow/example_dags/example_branch_operator.py took 0.046 seconds
[2025-10-27T21:46:49.580-0300] {processor.py:161} INFO - Started process (PID=3116) to work on /home/joaosousa/projects/spotify-project/venv/lib/python3.12/site-packages/airflow/example_dags/example_branch_operator.py
[2025-10-27T21:46:49.581-0300] {processor.py:830} INFO - Processing file /home/joaosousa/projects/spotify-project/venv/lib/python3.12/site-packages/airflow/example_dags/example_branch_operator.py for tasks to queue
[2025-10-27T21:46:49.583-0300] {logging_mixin.py:188} INFO - [2025-10-27T21:46:49.582-0300] {dagbag.py:545} INFO - Filling up the DagBag from /home/joaosousa/projects/spotify-project/venv/lib/python3.12/site-packages/airflow/example_dags/example_branch_operator.py
[2025-10-27T21:46:49.613-0300] {processor.py:842} WARNING - No viable dags retrieved from /home/joaosousa/projects/spotify-project/venv/lib/python3.12/site-packages/airflow/example_dags/example_branch_operator.py
[2025-10-27T21:46:49.621-0300] {processor.py:183} INFO - Processing /home/joaosousa/projects/spotify-project/venv/lib/python3.12/site-packages/airflow/example_dags/example_branch_operator.py took 0.046 seconds
[2025-10-27T21:47:56.538-0300] {processor.py:161} INFO - Started process (PID=3273) to work on /home/joaosousa/projects/spotify-project/venv/lib/python3.12/site-packages/airflow/example_dags/example_branch_operator.py
[2025-10-27T21:47:56.539-0300] {processor.py:830} INFO - Processing file /home/joaosousa/projects/spotify-project/venv/lib/python3.12/site-packages/airflow/example_dags/example_branch_operator.py for tasks to queue
[2025-10-27T21:47:56.541-0300] {logging_mixin.py:188} INFO - [2025-10-27T21:47:56.541-0300] {dagbag.py:545} INFO - Filling up the DagBag from /home/joaosousa/projects/spotify-project/venv/lib/python3.12/site-packages/airflow/example_dags/example_branch_operator.py
[2025-10-27T21:47:56.576-0300] {processor.py:842} WARNING - No viable dags retrieved from /home/joaosousa/projects/spotify-project/venv/lib/python3.12/site-packages/airflow/example_dags/example_branch_operator.py
[2025-10-27T21:47:56.583-0300] {processor.py:183} INFO - Processing /home/joaosousa/projects/spotify-project/venv/lib/python3.12/site-packages/airflow/example_dags/example_branch_operator.py took 0.050 seconds
[2025-10-27T21:48:57.953-0300] {processor.py:161} INFO - Started process (PID=3549) to work on /home/joaosousa/projects/spotify-project/venv/lib/python3.12/site-packages/airflow/example_dags/example_branch_operator.py
[2025-10-27T21:48:57.954-0300] {processor.py:830} INFO - Processing file /home/joaosousa/projects/spotify-project/venv/lib/python3.12/site-packages/airflow/example_dags/example_branch_operator.py for tasks to queue
[2025-10-27T21:48:57.956-0300] {logging_mixin.py:188} INFO - [2025-10-27T21:48:57.955-0300] {dagbag.py:545} INFO - Filling up the DagBag from /home/joaosousa/projects/spotify-project/venv/lib/python3.12/site-packages/airflow/example_dags/example_branch_operator.py
[2025-10-27T21:48:57.988-0300] {processor.py:842} WARNING - No viable dags retrieved from /home/joaosousa/projects/spotify-project/venv/lib/python3.12/site-packages/airflow/example_dags/example_branch_operator.py
[2025-10-27T21:48:57.996-0300] {processor.py:183} INFO - Processing /home/joaosousa/projects/spotify-project/venv/lib/python3.12/site-packages/airflow/example_dags/example_branch_operator.py took 0.048 seconds
[2025-10-27T21:49:55.702-0300] {processor.py:161} INFO - Started process (PID=3647) to work on /home/joaosousa/projects/spotify-project/venv/lib/python3.12/site-packages/airflow/example_dags/example_branch_operator.py
[2025-10-27T21:49:55.704-0300] {processor.py:830} INFO - Processing file /home/joaosousa/projects/spotify-project/venv/lib/python3.12/site-packages/airflow/example_dags/example_branch_operator.py for tasks to queue
[2025-10-27T21:49:55.705-0300] {logging_mixin.py:188} INFO - [2025-10-27T21:49:55.705-0300] {dagbag.py:545} INFO - Filling up the DagBag from /home/joaosousa/projects/spotify-project/venv/lib/python3.12/site-packages/airflow/example_dags/example_branch_operator.py
[2025-10-27T21:49:55.740-0300] {processor.py:842} WARNING - No viable dags retrieved from /home/joaosousa/projects/spotify-project/venv/lib/python3.12/site-packages/airflow/example_dags/example_branch_operator.py
[2025-10-27T21:49:55.749-0300] {processor.py:183} INFO - Processing /home/joaosousa/projects/spotify-project/venv/lib/python3.12/site-packages/airflow/example_dags/example_branch_operator.py took 0.051 seconds
[2025-10-27T21:51:01.193-0300] {processor.py:161} INFO - Started process (PID=3757) to work on /home/joaosousa/projects/spotify-project/venv/lib/python3.12/site-packages/airflow/example_dags/example_branch_operator.py
[2025-10-27T21:51:01.195-0300] {processor.py:830} INFO - Processing file /home/joaosousa/projects/spotify-project/venv/lib/python3.12/site-packages/airflow/example_dags/example_branch_operator.py for tasks to queue
[2025-10-27T21:51:01.196-0300] {logging_mixin.py:188} INFO - [2025-10-27T21:51:01.196-0300] {dagbag.py:545} INFO - Filling up the DagBag from /home/joaosousa/projects/spotify-project/venv/lib/python3.12/site-packages/airflow/example_dags/example_branch_operator.py
[2025-10-27T21:51:01.230-0300] {processor.py:842} WARNING - No viable dags retrieved from /home/joaosousa/projects/spotify-project/venv/lib/python3.12/site-packages/airflow/example_dags/example_branch_operator.py
[2025-10-27T21:51:01.238-0300] {processor.py:183} INFO - Processing /home/joaosousa/projects/spotify-project/venv/lib/python3.12/site-packages/airflow/example_dags/example_branch_operator.py took 0.049 seconds
[2025-10-27T21:52:05.512-0300] {processor.py:161} INFO - Started process (PID=3888) to work on /home/joaosousa/projects/spotify-project/venv/lib/python3.12/site-packages/airflow/example_dags/example_branch_operator.py
[2025-10-27T21:52:05.514-0300] {processor.py:830} INFO - Processing file /home/joaosousa/projects/spotify-project/venv/lib/python3.12/site-packages/airflow/example_dags/example_branch_operator.py for tasks to queue
[2025-10-27T21:52:05.515-0300] {logging_mixin.py:188} INFO - [2025-10-27T21:52:05.514-0300] {dagbag.py:545} INFO - Filling up the DagBag from /home/joaosousa/projects/spotify-project/venv/lib/python3.12/site-packages/airflow/example_dags/example_branch_operator.py
[2025-10-27T21:52:05.548-0300] {processor.py:842} WARNING - No viable dags retrieved from /home/joaosousa/projects/spotify-project/venv/lib/python3.12/site-packages/airflow/example_dags/example_branch_operator.py
[2025-10-27T21:52:05.556-0300] {processor.py:183} INFO - Processing /home/joaosousa/projects/spotify-project/venv/lib/python3.12/site-packages/airflow/example_dags/example_branch_operator.py took 0.049 seconds
[2025-10-27T21:53:05.828-0300] {processor.py:161} INFO - Started process (PID=4023) to work on /home/joaosousa/projects/spotify-project/venv/lib/python3.12/site-packages/airflow/example_dags/example_branch_operator.py
[2025-10-27T21:53:05.829-0300] {processor.py:830} INFO - Processing file /home/joaosousa/projects/spotify-project/venv/lib/python3.12/site-packages/airflow/example_dags/example_branch_operator.py for tasks to queue
[2025-10-27T21:53:05.830-0300] {logging_mixin.py:188} INFO - [2025-10-27T21:53:05.830-0300] {dagbag.py:545} INFO - Filling up the DagBag from /home/joaosousa/projects/spotify-project/venv/lib/python3.12/site-packages/airflow/example_dags/example_branch_operator.py
[2025-10-27T21:53:05.862-0300] {processor.py:842} WARNING - No viable dags retrieved from /home/joaosousa/projects/spotify-project/venv/lib/python3.12/site-packages/airflow/example_dags/example_branch_operator.py
[2025-10-27T21:53:05.872-0300] {processor.py:183} INFO - Processing /home/joaosousa/projects/spotify-project/venv/lib/python3.12/site-packages/airflow/example_dags/example_branch_operator.py took 0.049 seconds
[2025-10-27T21:54:07.102-0300] {processor.py:161} INFO - Started process (PID=4164) to work on /home/joaosousa/projects/spotify-project/venv/lib/python3.12/site-packages/airflow/example_dags/example_branch_operator.py
[2025-10-27T21:54:07.104-0300] {processor.py:830} INFO - Processing file /home/joaosousa/projects/spotify-project/venv/lib/python3.12/site-packages/airflow/example_dags/example_branch_operator.py for tasks to queue
[2025-10-27T21:54:07.106-0300] {logging_mixin.py:188} INFO - [2025-10-27T21:54:07.105-0300] {dagbag.py:545} INFO - Filling up the DagBag from /home/joaosousa/projects/spotify-project/venv/lib/python3.12/site-packages/airflow/example_dags/example_branch_operator.py
[2025-10-27T21:54:07.141-0300] {processor.py:842} WARNING - No viable dags retrieved from /home/joaosousa/projects/spotify-project/venv/lib/python3.12/site-packages/airflow/example_dags/example_branch_operator.py
[2025-10-27T21:54:07.149-0300] {processor.py:183} INFO - Processing /home/joaosousa/projects/spotify-project/venv/lib/python3.12/site-packages/airflow/example_dags/example_branch_operator.py took 0.051 seconds
[2025-10-27T21:55:12.175-0300] {processor.py:161} INFO - Started process (PID=4268) to work on /home/joaosousa/projects/spotify-project/venv/lib/python3.12/site-packages/airflow/example_dags/example_branch_operator.py
[2025-10-27T21:55:12.177-0300] {processor.py:830} INFO - Processing file /home/joaosousa/projects/spotify-project/venv/lib/python3.12/site-packages/airflow/example_dags/example_branch_operator.py for tasks to queue
[2025-10-27T21:55:12.178-0300] {logging_mixin.py:188} INFO - [2025-10-27T21:55:12.178-0300] {dagbag.py:545} INFO - Filling up the DagBag from /home/joaosousa/projects/spotify-project/venv/lib/python3.12/site-packages/airflow/example_dags/example_branch_operator.py
[2025-10-27T21:55:12.211-0300] {processor.py:842} WARNING - No viable dags retrieved from /home/joaosousa/projects/spotify-project/venv/lib/python3.12/site-packages/airflow/example_dags/example_branch_operator.py
[2025-10-27T21:55:12.219-0300] {processor.py:183} INFO - Processing /home/joaosousa/projects/spotify-project/venv/lib/python3.12/site-packages/airflow/example_dags/example_branch_operator.py took 0.049 seconds
[2025-10-27T21:56:14.429-0300] {processor.py:161} INFO - Started process (PID=4371) to work on /home/joaosousa/projects/spotify-project/venv/lib/python3.12/site-packages/airflow/example_dags/example_branch_operator.py
[2025-10-27T21:56:14.431-0300] {processor.py:830} INFO - Processing file /home/joaosousa/projects/spotify-project/venv/lib/python3.12/site-packages/airflow/example_dags/example_branch_operator.py for tasks to queue
[2025-10-27T21:56:14.432-0300] {logging_mixin.py:188} INFO - [2025-10-27T21:56:14.432-0300] {dagbag.py:545} INFO - Filling up the DagBag from /home/joaosousa/projects/spotify-project/venv/lib/python3.12/site-packages/airflow/example_dags/example_branch_operator.py
[2025-10-27T21:56:14.463-0300] {processor.py:842} WARNING - No viable dags retrieved from /home/joaosousa/projects/spotify-project/venv/lib/python3.12/site-packages/airflow/example_dags/example_branch_operator.py
[2025-10-27T21:56:14.471-0300] {processor.py:183} INFO - Processing /home/joaosousa/projects/spotify-project/venv/lib/python3.12/site-packages/airflow/example_dags/example_branch_operator.py took 0.046 seconds
[2025-10-27T21:57:16.715-0300] {processor.py:161} INFO - Started process (PID=4569) to work on /home/joaosousa/projects/spotify-project/venv/lib/python3.12/site-packages/airflow/example_dags/example_branch_operator.py
[2025-10-27T21:57:16.717-0300] {processor.py:830} INFO - Processing file /home/joaosousa/projects/spotify-project/venv/lib/python3.12/site-packages/airflow/example_dags/example_branch_operator.py for tasks to queue
[2025-10-27T21:57:16.718-0300] {logging_mixin.py:188} INFO - [2025-10-27T21:57:16.718-0300] {dagbag.py:545} INFO - Filling up the DagBag from /home/joaosousa/projects/spotify-project/venv/lib/python3.12/site-packages/airflow/example_dags/example_branch_operator.py
[2025-10-27T21:57:16.754-0300] {processor.py:842} WARNING - No viable dags retrieved from /home/joaosousa/projects/spotify-project/venv/lib/python3.12/site-packages/airflow/example_dags/example_branch_operator.py
[2025-10-27T21:57:16.763-0300] {processor.py:183} INFO - Processing /home/joaosousa/projects/spotify-project/venv/lib/python3.12/site-packages/airflow/example_dags/example_branch_operator.py took 0.052 seconds
[2025-10-27T21:58:16.102-0300] {processor.py:161} INFO - Started process (PID=4673) to work on /home/joaosousa/projects/spotify-project/venv/lib/python3.12/site-packages/airflow/example_dags/example_branch_operator.py
[2025-10-27T21:58:16.104-0300] {processor.py:830} INFO - Processing file /home/joaosousa/projects/spotify-project/venv/lib/python3.12/site-packages/airflow/example_dags/example_branch_operator.py for tasks to queue
[2025-10-27T21:58:16.106-0300] {logging_mixin.py:188} INFO - [2025-10-27T21:58:16.105-0300] {dagbag.py:545} INFO - Filling up the DagBag from /home/joaosousa/projects/spotify-project/venv/lib/python3.12/site-packages/airflow/example_dags/example_branch_operator.py
[2025-10-27T21:58:16.142-0300] {processor.py:842} WARNING - No viable dags retrieved from /home/joaosousa/projects/spotify-project/venv/lib/python3.12/site-packages/airflow/example_dags/example_branch_operator.py
[2025-10-27T21:58:16.150-0300] {processor.py:183} INFO - Processing /home/joaosousa/projects/spotify-project/venv/lib/python3.12/site-packages/airflow/example_dags/example_branch_operator.py took 0.052 seconds
[2025-10-27T21:59:15.503-0300] {processor.py:161} INFO - Started process (PID=4769) to work on /home/joaosousa/projects/spotify-project/venv/lib/python3.12/site-packages/airflow/example_dags/example_branch_operator.py
[2025-10-27T21:59:15.505-0300] {processor.py:830} INFO - Processing file /home/joaosousa/projects/spotify-project/venv/lib/python3.12/site-packages/airflow/example_dags/example_branch_operator.py for tasks to queue
[2025-10-27T21:59:15.506-0300] {logging_mixin.py:188} INFO - [2025-10-27T21:59:15.506-0300] {dagbag.py:545} INFO - Filling up the DagBag from /home/joaosousa/projects/spotify-project/venv/lib/python3.12/site-packages/airflow/example_dags/example_branch_operator.py
[2025-10-27T21:59:15.542-0300] {processor.py:842} WARNING - No viable dags retrieved from /home/joaosousa/projects/spotify-project/venv/lib/python3.12/site-packages/airflow/example_dags/example_branch_operator.py
[2025-10-27T21:59:15.550-0300] {processor.py:183} INFO - Processing /home/joaosousa/projects/spotify-project/venv/lib/python3.12/site-packages/airflow/example_dags/example_branch_operator.py took 0.051 seconds
[2025-10-27T22:00:21.588-0300] {processor.py:161} INFO - Started process (PID=4912) to work on /home/joaosousa/projects/spotify-project/venv/lib/python3.12/site-packages/airflow/example_dags/example_branch_operator.py
[2025-10-27T22:00:21.589-0300] {processor.py:830} INFO - Processing file /home/joaosousa/projects/spotify-project/venv/lib/python3.12/site-packages/airflow/example_dags/example_branch_operator.py for tasks to queue
[2025-10-27T22:00:21.591-0300] {logging_mixin.py:188} INFO - [2025-10-27T22:00:21.590-0300] {dagbag.py:545} INFO - Filling up the DagBag from /home/joaosousa/projects/spotify-project/venv/lib/python3.12/site-packages/airflow/example_dags/example_branch_operator.py
[2025-10-27T22:00:21.622-0300] {processor.py:842} WARNING - No viable dags retrieved from /home/joaosousa/projects/spotify-project/venv/lib/python3.12/site-packages/airflow/example_dags/example_branch_operator.py
[2025-10-27T22:00:21.632-0300] {processor.py:183} INFO - Processing /home/joaosousa/projects/spotify-project/venv/lib/python3.12/site-packages/airflow/example_dags/example_branch_operator.py took 0.049 seconds
[2025-10-27T22:01:24.460-0300] {processor.py:161} INFO - Started process (PID=5001) to work on /home/joaosousa/projects/spotify-project/venv/lib/python3.12/site-packages/airflow/example_dags/example_branch_operator.py
[2025-10-27T22:01:24.462-0300] {processor.py:830} INFO - Processing file /home/joaosousa/projects/spotify-project/venv/lib/python3.12/site-packages/airflow/example_dags/example_branch_operator.py for tasks to queue
[2025-10-27T22:01:24.463-0300] {logging_mixin.py:188} INFO - [2025-10-27T22:01:24.462-0300] {dagbag.py:545} INFO - Filling up the DagBag from /home/joaosousa/projects/spotify-project/venv/lib/python3.12/site-packages/airflow/example_dags/example_branch_operator.py
[2025-10-27T22:01:23.798-0300] {processor.py:842} WARNING - No viable dags retrieved from /home/joaosousa/projects/spotify-project/venv/lib/python3.12/site-packages/airflow/example_dags/example_branch_operator.py
[2025-10-27T22:01:23.806-0300] {processor.py:183} INFO - Processing /home/joaosousa/projects/spotify-project/venv/lib/python3.12/site-packages/airflow/example_dags/example_branch_operator.py took 0.049 seconds
[2025-10-27T22:02:22.988-0300] {processor.py:161} INFO - Started process (PID=5127) to work on /home/joaosousa/projects/spotify-project/venv/lib/python3.12/site-packages/airflow/example_dags/example_branch_operator.py
[2025-10-27T22:02:22.990-0300] {processor.py:830} INFO - Processing file /home/joaosousa/projects/spotify-project/venv/lib/python3.12/site-packages/airflow/example_dags/example_branch_operator.py for tasks to queue
[2025-10-27T22:02:22.991-0300] {logging_mixin.py:188} INFO - [2025-10-27T22:02:22.991-0300] {dagbag.py:545} INFO - Filling up the DagBag from /home/joaosousa/projects/spotify-project/venv/lib/python3.12/site-packages/airflow/example_dags/example_branch_operator.py
[2025-10-27T22:02:23.021-0300] {processor.py:842} WARNING - No viable dags retrieved from /home/joaosousa/projects/spotify-project/venv/lib/python3.12/site-packages/airflow/example_dags/example_branch_operator.py
[2025-10-27T22:02:23.028-0300] {processor.py:183} INFO - Processing /home/joaosousa/projects/spotify-project/venv/lib/python3.12/site-packages/airflow/example_dags/example_branch_operator.py took 0.045 seconds
[2025-10-27T22:03:26.750-0300] {processor.py:161} INFO - Started process (PID=5221) to work on /home/joaosousa/projects/spotify-project/venv/lib/python3.12/site-packages/airflow/example_dags/example_branch_operator.py
[2025-10-27T22:03:26.752-0300] {processor.py:830} INFO - Processing file /home/joaosousa/projects/spotify-project/venv/lib/python3.12/site-packages/airflow/example_dags/example_branch_operator.py for tasks to queue
[2025-10-27T22:03:26.753-0300] {logging_mixin.py:188} INFO - [2025-10-27T22:03:26.753-0300] {dagbag.py:545} INFO - Filling up the DagBag from /home/joaosousa/projects/spotify-project/venv/lib/python3.12/site-packages/airflow/example_dags/example_branch_operator.py
[2025-10-27T22:03:26.788-0300] {processor.py:842} WARNING - No viable dags retrieved from /home/joaosousa/projects/spotify-project/venv/lib/python3.12/site-packages/airflow/example_dags/example_branch_operator.py
[2025-10-27T22:03:26.798-0300] {processor.py:183} INFO - Processing /home/joaosousa/projects/spotify-project/venv/lib/python3.12/site-packages/airflow/example_dags/example_branch_operator.py took 0.053 seconds
[2025-10-27T22:04:24.189-0300] {processor.py:161} INFO - Started process (PID=5333) to work on /home/joaosousa/projects/spotify-project/venv/lib/python3.12/site-packages/airflow/example_dags/example_branch_operator.py
[2025-10-27T22:04:24.192-0300] {processor.py:830} INFO - Processing file /home/joaosousa/projects/spotify-project/venv/lib/python3.12/site-packages/airflow/example_dags/example_branch_operator.py for tasks to queue
[2025-10-27T22:04:24.193-0300] {logging_mixin.py:188} INFO - [2025-10-27T22:04:24.193-0300] {dagbag.py:545} INFO - Filling up the DagBag from /home/joaosousa/projects/spotify-project/venv/lib/python3.12/site-packages/airflow/example_dags/example_branch_operator.py
[2025-10-27T22:04:24.227-0300] {processor.py:842} WARNING - No viable dags retrieved from /home/joaosousa/projects/spotify-project/venv/lib/python3.12/site-packages/airflow/example_dags/example_branch_operator.py
[2025-10-27T22:04:24.235-0300] {processor.py:183} INFO - Processing /home/joaosousa/projects/spotify-project/venv/lib/python3.12/site-packages/airflow/example_dags/example_branch_operator.py took 0.050 seconds
[2025-10-27T22:05:22.097-0300] {processor.py:161} INFO - Started process (PID=5427) to work on /home/joaosousa/projects/spotify-project/venv/lib/python3.12/site-packages/airflow/example_dags/example_branch_operator.py
[2025-10-27T22:05:22.099-0300] {processor.py:830} INFO - Processing file /home/joaosousa/projects/spotify-project/venv/lib/python3.12/site-packages/airflow/example_dags/example_branch_operator.py for tasks to queue
[2025-10-27T22:05:22.100-0300] {logging_mixin.py:188} INFO - [2025-10-27T22:05:22.100-0300] {dagbag.py:545} INFO - Filling up the DagBag from /home/joaosousa/projects/spotify-project/venv/lib/python3.12/site-packages/airflow/example_dags/example_branch_operator.py
[2025-10-27T22:05:22.134-0300] {processor.py:842} WARNING - No viable dags retrieved from /home/joaosousa/projects/spotify-project/venv/lib/python3.12/site-packages/airflow/example_dags/example_branch_operator.py
[2025-10-27T22:05:22.142-0300] {processor.py:183} INFO - Processing /home/joaosousa/projects/spotify-project/venv/lib/python3.12/site-packages/airflow/example_dags/example_branch_operator.py took 0.049 seconds
[2025-10-27T22:06:22.624-0300] {processor.py:161} INFO - Started process (PID=5537) to work on /home/joaosousa/projects/spotify-project/venv/lib/python3.12/site-packages/airflow/example_dags/example_branch_operator.py
[2025-10-27T22:06:22.626-0300] {processor.py:830} INFO - Processing file /home/joaosousa/projects/spotify-project/venv/lib/python3.12/site-packages/airflow/example_dags/example_branch_operator.py for tasks to queue
[2025-10-27T22:06:22.627-0300] {logging_mixin.py:188} INFO - [2025-10-27T22:06:22.627-0300] {dagbag.py:545} INFO - Filling up the DagBag from /home/joaosousa/projects/spotify-project/venv/lib/python3.12/site-packages/airflow/example_dags/example_branch_operator.py
[2025-10-27T22:06:22.663-0300] {processor.py:842} WARNING - No viable dags retrieved from /home/joaosousa/projects/spotify-project/venv/lib/python3.12/site-packages/airflow/example_dags/example_branch_operator.py
[2025-10-27T22:06:22.671-0300] {processor.py:183} INFO - Processing /home/joaosousa/projects/spotify-project/venv/lib/python3.12/site-packages/airflow/example_dags/example_branch_operator.py took 0.052 seconds
[2025-10-27T22:07:20.532-0300] {processor.py:161} INFO - Started process (PID=5639) to work on /home/joaosousa/projects/spotify-project/venv/lib/python3.12/site-packages/airflow/example_dags/example_branch_operator.py
[2025-10-27T22:07:20.534-0300] {processor.py:830} INFO - Processing file /home/joaosousa/projects/spotify-project/venv/lib/python3.12/site-packages/airflow/example_dags/example_branch_operator.py for tasks to queue
[2025-10-27T22:07:20.535-0300] {logging_mixin.py:188} INFO - [2025-10-27T22:07:20.535-0300] {dagbag.py:545} INFO - Filling up the DagBag from /home/joaosousa/projects/spotify-project/venv/lib/python3.12/site-packages/airflow/example_dags/example_branch_operator.py
[2025-10-27T22:07:20.567-0300] {processor.py:842} WARNING - No viable dags retrieved from /home/joaosousa/projects/spotify-project/venv/lib/python3.12/site-packages/airflow/example_dags/example_branch_operator.py
[2025-10-27T22:07:20.577-0300] {processor.py:183} INFO - Processing /home/joaosousa/projects/spotify-project/venv/lib/python3.12/site-packages/airflow/example_dags/example_branch_operator.py took 0.049 seconds
[2025-10-27T22:08:20.143-0300] {processor.py:161} INFO - Started process (PID=5749) to work on /home/joaosousa/projects/spotify-project/venv/lib/python3.12/site-packages/airflow/example_dags/example_branch_operator.py
[2025-10-27T22:08:20.145-0300] {processor.py:830} INFO - Processing file /home/joaosousa/projects/spotify-project/venv/lib/python3.12/site-packages/airflow/example_dags/example_branch_operator.py for tasks to queue
[2025-10-27T22:08:20.146-0300] {logging_mixin.py:188} INFO - [2025-10-27T22:08:20.146-0300] {dagbag.py:545} INFO - Filling up the DagBag from /home/joaosousa/projects/spotify-project/venv/lib/python3.12/site-packages/airflow/example_dags/example_branch_operator.py
[2025-10-27T22:08:20.183-0300] {processor.py:842} WARNING - No viable dags retrieved from /home/joaosousa/projects/spotify-project/venv/lib/python3.12/site-packages/airflow/example_dags/example_branch_operator.py
[2025-10-27T22:08:20.192-0300] {processor.py:183} INFO - Processing /home/joaosousa/projects/spotify-project/venv/lib/python3.12/site-packages/airflow/example_dags/example_branch_operator.py took 0.055 seconds
[2025-10-27T22:09:20.944-0300] {processor.py:161} INFO - Started process (PID=5838) to work on /home/joaosousa/projects/spotify-project/venv/lib/python3.12/site-packages/airflow/example_dags/example_branch_operator.py
[2025-10-27T22:09:20.946-0300] {processor.py:830} INFO - Processing file /home/joaosousa/projects/spotify-project/venv/lib/python3.12/site-packages/airflow/example_dags/example_branch_operator.py for tasks to queue
[2025-10-27T22:09:20.947-0300] {logging_mixin.py:188} INFO - [2025-10-27T22:09:20.947-0300] {dagbag.py:545} INFO - Filling up the DagBag from /home/joaosousa/projects/spotify-project/venv/lib/python3.12/site-packages/airflow/example_dags/example_branch_operator.py
[2025-10-27T22:09:20.982-0300] {processor.py:842} WARNING - No viable dags retrieved from /home/joaosousa/projects/spotify-project/venv/lib/python3.12/site-packages/airflow/example_dags/example_branch_operator.py
[2025-10-27T22:09:20.990-0300] {processor.py:183} INFO - Processing /home/joaosousa/projects/spotify-project/venv/lib/python3.12/site-packages/airflow/example_dags/example_branch_operator.py took 0.050 seconds
[2025-10-27T22:10:20.001-0300] {processor.py:161} INFO - Started process (PID=5947) to work on /home/joaosousa/projects/spotify-project/venv/lib/python3.12/site-packages/airflow/example_dags/example_branch_operator.py
[2025-10-27T22:10:20.003-0300] {processor.py:830} INFO - Processing file /home/joaosousa/projects/spotify-project/venv/lib/python3.12/site-packages/airflow/example_dags/example_branch_operator.py for tasks to queue
[2025-10-27T22:10:20.004-0300] {logging_mixin.py:188} INFO - [2025-10-27T22:10:20.004-0300] {dagbag.py:545} INFO - Filling up the DagBag from /home/joaosousa/projects/spotify-project/venv/lib/python3.12/site-packages/airflow/example_dags/example_branch_operator.py
[2025-10-27T22:10:20.039-0300] {processor.py:842} WARNING - No viable dags retrieved from /home/joaosousa/projects/spotify-project/venv/lib/python3.12/site-packages/airflow/example_dags/example_branch_operator.py
[2025-10-27T22:10:20.047-0300] {processor.py:183} INFO - Processing /home/joaosousa/projects/spotify-project/venv/lib/python3.12/site-packages/airflow/example_dags/example_branch_operator.py took 0.051 seconds
[2025-10-27T22:11:17.033-0300] {processor.py:161} INFO - Started process (PID=6032) to work on /home/joaosousa/projects/spotify-project/venv/lib/python3.12/site-packages/airflow/example_dags/example_branch_operator.py
[2025-10-27T22:11:17.035-0300] {processor.py:830} INFO - Processing file /home/joaosousa/projects/spotify-project/venv/lib/python3.12/site-packages/airflow/example_dags/example_branch_operator.py for tasks to queue
[2025-10-27T22:11:17.036-0300] {logging_mixin.py:188} INFO - [2025-10-27T22:11:17.036-0300] {dagbag.py:545} INFO - Filling up the DagBag from /home/joaosousa/projects/spotify-project/venv/lib/python3.12/site-packages/airflow/example_dags/example_branch_operator.py
[2025-10-27T22:11:17.070-0300] {processor.py:842} WARNING - No viable dags retrieved from /home/joaosousa/projects/spotify-project/venv/lib/python3.12/site-packages/airflow/example_dags/example_branch_operator.py
[2025-10-27T22:11:17.079-0300] {processor.py:183} INFO - Processing /home/joaosousa/projects/spotify-project/venv/lib/python3.12/site-packages/airflow/example_dags/example_branch_operator.py took 0.050 seconds
[2025-10-27T22:12:13.488-0300] {processor.py:161} INFO - Started process (PID=6142) to work on /home/joaosousa/projects/spotify-project/venv/lib/python3.12/site-packages/airflow/example_dags/example_branch_operator.py
[2025-10-27T22:12:13.490-0300] {processor.py:830} INFO - Processing file /home/joaosousa/projects/spotify-project/venv/lib/python3.12/site-packages/airflow/example_dags/example_branch_operator.py for tasks to queue
[2025-10-27T22:12:13.491-0300] {logging_mixin.py:188} INFO - [2025-10-27T22:12:13.491-0300] {dagbag.py:545} INFO - Filling up the DagBag from /home/joaosousa/projects/spotify-project/venv/lib/python3.12/site-packages/airflow/example_dags/example_branch_operator.py
[2025-10-27T22:12:13.523-0300] {processor.py:842} WARNING - No viable dags retrieved from /home/joaosousa/projects/spotify-project/venv/lib/python3.12/site-packages/airflow/example_dags/example_branch_operator.py
[2025-10-27T22:12:13.531-0300] {processor.py:183} INFO - Processing /home/joaosousa/projects/spotify-project/venv/lib/python3.12/site-packages/airflow/example_dags/example_branch_operator.py took 0.048 seconds
[2025-10-27T22:13:12.081-0300] {processor.py:161} INFO - Started process (PID=6248) to work on /home/joaosousa/projects/spotify-project/venv/lib/python3.12/site-packages/airflow/example_dags/example_branch_operator.py
[2025-10-27T22:13:12.083-0300] {processor.py:830} INFO - Processing file /home/joaosousa/projects/spotify-project/venv/lib/python3.12/site-packages/airflow/example_dags/example_branch_operator.py for tasks to queue
[2025-10-27T22:13:12.084-0300] {logging_mixin.py:188} INFO - [2025-10-27T22:13:12.084-0300] {dagbag.py:545} INFO - Filling up the DagBag from /home/joaosousa/projects/spotify-project/venv/lib/python3.12/site-packages/airflow/example_dags/example_branch_operator.py
[2025-10-27T22:13:12.119-0300] {processor.py:842} WARNING - No viable dags retrieved from /home/joaosousa/projects/spotify-project/venv/lib/python3.12/site-packages/airflow/example_dags/example_branch_operator.py
[2025-10-27T22:13:12.127-0300] {processor.py:183} INFO - Processing /home/joaosousa/projects/spotify-project/venv/lib/python3.12/site-packages/airflow/example_dags/example_branch_operator.py took 0.051 seconds
[2025-10-27T22:14:14.037-0300] {processor.py:161} INFO - Started process (PID=6359) to work on /home/joaosousa/projects/spotify-project/venv/lib/python3.12/site-packages/airflow/example_dags/example_branch_operator.py
[2025-10-27T22:14:14.039-0300] {processor.py:830} INFO - Processing file /home/joaosousa/projects/spotify-project/venv/lib/python3.12/site-packages/airflow/example_dags/example_branch_operator.py for tasks to queue
[2025-10-27T22:14:14.040-0300] {logging_mixin.py:188} INFO - [2025-10-27T22:14:14.040-0300] {dagbag.py:545} INFO - Filling up the DagBag from /home/joaosousa/projects/spotify-project/venv/lib/python3.12/site-packages/airflow/example_dags/example_branch_operator.py
[2025-10-27T22:14:14.074-0300] {processor.py:842} WARNING - No viable dags retrieved from /home/joaosousa/projects/spotify-project/venv/lib/python3.12/site-packages/airflow/example_dags/example_branch_operator.py
[2025-10-27T22:14:14.082-0300] {processor.py:183} INFO - Processing /home/joaosousa/projects/spotify-project/venv/lib/python3.12/site-packages/airflow/example_dags/example_branch_operator.py took 0.050 seconds
[2025-10-27T22:15:19.309-0300] {processor.py:161} INFO - Started process (PID=6449) to work on /home/joaosousa/projects/spotify-project/venv/lib/python3.12/site-packages/airflow/example_dags/example_branch_operator.py
[2025-10-27T22:15:19.311-0300] {processor.py:830} INFO - Processing file /home/joaosousa/projects/spotify-project/venv/lib/python3.12/site-packages/airflow/example_dags/example_branch_operator.py for tasks to queue
[2025-10-27T22:15:19.312-0300] {logging_mixin.py:188} INFO - [2025-10-27T22:15:19.311-0300] {dagbag.py:545} INFO - Filling up the DagBag from /home/joaosousa/projects/spotify-project/venv/lib/python3.12/site-packages/airflow/example_dags/example_branch_operator.py
[2025-10-27T22:15:19.346-0300] {processor.py:842} WARNING - No viable dags retrieved from /home/joaosousa/projects/spotify-project/venv/lib/python3.12/site-packages/airflow/example_dags/example_branch_operator.py
[2025-10-27T22:15:19.354-0300] {processor.py:183} INFO - Processing /home/joaosousa/projects/spotify-project/venv/lib/python3.12/site-packages/airflow/example_dags/example_branch_operator.py took 0.050 seconds
[2025-10-27T22:16:16.997-0300] {processor.py:161} INFO - Started process (PID=6582) to work on /home/joaosousa/projects/spotify-project/venv/lib/python3.12/site-packages/airflow/example_dags/example_branch_operator.py
[2025-10-27T22:16:16.999-0300] {processor.py:830} INFO - Processing file /home/joaosousa/projects/spotify-project/venv/lib/python3.12/site-packages/airflow/example_dags/example_branch_operator.py for tasks to queue
[2025-10-27T22:16:17.000-0300] {logging_mixin.py:188} INFO - [2025-10-27T22:16:17.000-0300] {dagbag.py:545} INFO - Filling up the DagBag from /home/joaosousa/projects/spotify-project/venv/lib/python3.12/site-packages/airflow/example_dags/example_branch_operator.py
[2025-10-27T22:16:17.033-0300] {processor.py:842} WARNING - No viable dags retrieved from /home/joaosousa/projects/spotify-project/venv/lib/python3.12/site-packages/airflow/example_dags/example_branch_operator.py
[2025-10-27T22:16:17.040-0300] {processor.py:183} INFO - Processing /home/joaosousa/projects/spotify-project/venv/lib/python3.12/site-packages/airflow/example_dags/example_branch_operator.py took 0.047 seconds
[2025-10-27T22:17:16.144-0300] {processor.py:161} INFO - Started process (PID=6680) to work on /home/joaosousa/projects/spotify-project/venv/lib/python3.12/site-packages/airflow/example_dags/example_branch_operator.py
[2025-10-27T22:17:16.146-0300] {processor.py:830} INFO - Processing file /home/joaosousa/projects/spotify-project/venv/lib/python3.12/site-packages/airflow/example_dags/example_branch_operator.py for tasks to queue
[2025-10-27T22:17:16.148-0300] {logging_mixin.py:188} INFO - [2025-10-27T22:17:16.147-0300] {dagbag.py:545} INFO - Filling up the DagBag from /home/joaosousa/projects/spotify-project/venv/lib/python3.12/site-packages/airflow/example_dags/example_branch_operator.py
[2025-10-27T22:17:16.181-0300] {processor.py:842} WARNING - No viable dags retrieved from /home/joaosousa/projects/spotify-project/venv/lib/python3.12/site-packages/airflow/example_dags/example_branch_operator.py
[2025-10-27T22:17:16.189-0300] {processor.py:183} INFO - Processing /home/joaosousa/projects/spotify-project/venv/lib/python3.12/site-packages/airflow/example_dags/example_branch_operator.py took 0.049 seconds
[2025-10-27T22:18:16.889-0300] {processor.py:161} INFO - Started process (PID=6797) to work on /home/joaosousa/projects/spotify-project/venv/lib/python3.12/site-packages/airflow/example_dags/example_branch_operator.py
[2025-10-27T22:18:16.891-0300] {processor.py:830} INFO - Processing file /home/joaosousa/projects/spotify-project/venv/lib/python3.12/site-packages/airflow/example_dags/example_branch_operator.py for tasks to queue
[2025-10-27T22:18:16.892-0300] {logging_mixin.py:188} INFO - [2025-10-27T22:18:16.892-0300] {dagbag.py:545} INFO - Filling up the DagBag from /home/joaosousa/projects/spotify-project/venv/lib/python3.12/site-packages/airflow/example_dags/example_branch_operator.py
[2025-10-27T22:18:16.925-0300] {processor.py:842} WARNING - No viable dags retrieved from /home/joaosousa/projects/spotify-project/venv/lib/python3.12/site-packages/airflow/example_dags/example_branch_operator.py
[2025-10-27T22:18:16.934-0300] {processor.py:183} INFO - Processing /home/joaosousa/projects/spotify-project/venv/lib/python3.12/site-packages/airflow/example_dags/example_branch_operator.py took 0.049 seconds
[2025-10-27T22:19:17.811-0300] {processor.py:161} INFO - Started process (PID=6899) to work on /home/joaosousa/projects/spotify-project/venv/lib/python3.12/site-packages/airflow/example_dags/example_branch_operator.py
[2025-10-27T22:19:17.813-0300] {processor.py:830} INFO - Processing file /home/joaosousa/projects/spotify-project/venv/lib/python3.12/site-packages/airflow/example_dags/example_branch_operator.py for tasks to queue
[2025-10-27T22:19:17.814-0300] {logging_mixin.py:188} INFO - [2025-10-27T22:19:17.814-0300] {dagbag.py:545} INFO - Filling up the DagBag from /home/joaosousa/projects/spotify-project/venv/lib/python3.12/site-packages/airflow/example_dags/example_branch_operator.py
[2025-10-27T22:19:17.849-0300] {processor.py:842} WARNING - No viable dags retrieved from /home/joaosousa/projects/spotify-project/venv/lib/python3.12/site-packages/airflow/example_dags/example_branch_operator.py
[2025-10-27T22:19:17.857-0300] {processor.py:183} INFO - Processing /home/joaosousa/projects/spotify-project/venv/lib/python3.12/site-packages/airflow/example_dags/example_branch_operator.py took 0.050 seconds
[2025-10-27T22:20:13.627-0300] {processor.py:161} INFO - Started process (PID=7007) to work on /home/joaosousa/projects/spotify-project/venv/lib/python3.12/site-packages/airflow/example_dags/example_branch_operator.py
[2025-10-27T22:20:13.628-0300] {processor.py:830} INFO - Processing file /home/joaosousa/projects/spotify-project/venv/lib/python3.12/site-packages/airflow/example_dags/example_branch_operator.py for tasks to queue
[2025-10-27T22:20:13.630-0300] {logging_mixin.py:188} INFO - [2025-10-27T22:20:13.630-0300] {dagbag.py:545} INFO - Filling up the DagBag from /home/joaosousa/projects/spotify-project/venv/lib/python3.12/site-packages/airflow/example_dags/example_branch_operator.py
[2025-10-27T22:20:13.661-0300] {processor.py:842} WARNING - No viable dags retrieved from /home/joaosousa/projects/spotify-project/venv/lib/python3.12/site-packages/airflow/example_dags/example_branch_operator.py
[2025-10-27T22:20:13.669-0300] {processor.py:183} INFO - Processing /home/joaosousa/projects/spotify-project/venv/lib/python3.12/site-packages/airflow/example_dags/example_branch_operator.py took 0.047 seconds
[2025-10-27T22:21:11.344-0300] {processor.py:161} INFO - Started process (PID=7091) to work on /home/joaosousa/projects/spotify-project/venv/lib/python3.12/site-packages/airflow/example_dags/example_branch_operator.py
[2025-10-27T22:21:11.346-0300] {processor.py:830} INFO - Processing file /home/joaosousa/projects/spotify-project/venv/lib/python3.12/site-packages/airflow/example_dags/example_branch_operator.py for tasks to queue
[2025-10-27T22:21:11.347-0300] {logging_mixin.py:188} INFO - [2025-10-27T22:21:11.347-0300] {dagbag.py:545} INFO - Filling up the DagBag from /home/joaosousa/projects/spotify-project/venv/lib/python3.12/site-packages/airflow/example_dags/example_branch_operator.py
[2025-10-27T22:21:11.378-0300] {processor.py:842} WARNING - No viable dags retrieved from /home/joaosousa/projects/spotify-project/venv/lib/python3.12/site-packages/airflow/example_dags/example_branch_operator.py
[2025-10-27T22:21:11.385-0300] {processor.py:183} INFO - Processing /home/joaosousa/projects/spotify-project/venv/lib/python3.12/site-packages/airflow/example_dags/example_branch_operator.py took 0.045 seconds
[2025-10-27T22:22:13.339-0300] {processor.py:161} INFO - Started process (PID=7204) to work on /home/joaosousa/projects/spotify-project/venv/lib/python3.12/site-packages/airflow/example_dags/example_branch_operator.py
[2025-10-27T22:22:13.341-0300] {processor.py:830} INFO - Processing file /home/joaosousa/projects/spotify-project/venv/lib/python3.12/site-packages/airflow/example_dags/example_branch_operator.py for tasks to queue
[2025-10-27T22:22:13.343-0300] {logging_mixin.py:188} INFO - [2025-10-27T22:22:13.342-0300] {dagbag.py:545} INFO - Filling up the DagBag from /home/joaosousa/projects/spotify-project/venv/lib/python3.12/site-packages/airflow/example_dags/example_branch_operator.py
[2025-10-27T22:22:13.374-0300] {processor.py:842} WARNING - No viable dags retrieved from /home/joaosousa/projects/spotify-project/venv/lib/python3.12/site-packages/airflow/example_dags/example_branch_operator.py
[2025-10-27T22:22:13.382-0300] {processor.py:183} INFO - Processing /home/joaosousa/projects/spotify-project/venv/lib/python3.12/site-packages/airflow/example_dags/example_branch_operator.py took 0.047 seconds
