[2025-10-27T21:31:06.659-0300] {processor.py:161} INFO - Started process (PID=1090) to work on /home/joaosousa/projects/spotify-project/venv/lib/python3.12/site-packages/airflow/example_dags/example_params_ui_tutorial.py
[2025-10-27T21:31:06.660-0300] {processor.py:830} INFO - Processing file /home/joaosousa/projects/spotify-project/venv/lib/python3.12/site-packages/airflow/example_dags/example_params_ui_tutorial.py for tasks to queue
[2025-10-27T21:31:06.661-0300] {logging_mixin.py:188} INFO - [2025-10-27T21:31:06.661-0300] {dagbag.py:545} INFO - Filling up the DagBag from /home/joaosousa/projects/spotify-project/venv/lib/python3.12/site-packages/airflow/example_dags/example_params_ui_tutorial.py
[2025-10-27T21:31:06.673-0300] {processor.py:840} INFO - DAG(s) 'example_params_ui_tutorial' retrieved from /home/joaosousa/projects/spotify-project/venv/lib/python3.12/site-packages/airflow/example_dags/example_params_ui_tutorial.py
[2025-10-27T21:31:06.757-0300] {logging_mixin.py:188} INFO - [2025-10-27T21:31:06.756-0300] {dag.py:3096} INFO - Sync 1 DAGs
[2025-10-27T21:31:06.765-0300] {logging_mixin.py:188} INFO - [2025-10-27T21:31:06.765-0300] {dag.py:3954} INFO - Setting next_dagrun for example_params_ui_tutorial to None, run_after=None
[2025-10-27T21:31:06.784-0300] {processor.py:183} INFO - Processing /home/joaosousa/projects/spotify-project/venv/lib/python3.12/site-packages/airflow/example_dags/example_params_ui_tutorial.py took 0.129 seconds
[2025-10-27T21:31:53.596-0300] {processor.py:161} INFO - Started process (PID=1258) to work on /home/joaosousa/projects/spotify-project/venv/lib/python3.12/site-packages/airflow/example_dags/example_params_ui_tutorial.py
[2025-10-27T21:31:53.598-0300] {processor.py:830} INFO - Processing file /home/joaosousa/projects/spotify-project/venv/lib/python3.12/site-packages/airflow/example_dags/example_params_ui_tutorial.py for tasks to queue
[2025-10-27T21:31:53.599-0300] {logging_mixin.py:188} INFO - [2025-10-27T21:31:53.599-0300] {dagbag.py:545} INFO - Filling up the DagBag from /home/joaosousa/projects/spotify-project/venv/lib/python3.12/site-packages/airflow/example_dags/example_params_ui_tutorial.py
[2025-10-27T21:31:53.610-0300] {processor.py:840} INFO - DAG(s) 'example_params_ui_tutorial' retrieved from /home/joaosousa/projects/spotify-project/venv/lib/python3.12/site-packages/airflow/example_dags/example_params_ui_tutorial.py
[2025-10-27T21:31:53.639-0300] {logging_mixin.py:188} INFO - [2025-10-27T21:31:53.638-0300] {dag.py:3096} INFO - Sync 1 DAGs
[2025-10-27T21:31:53.648-0300] {logging_mixin.py:188} INFO - [2025-10-27T21:31:53.647-0300] {dag.py:3954} INFO - Setting next_dagrun for example_params_ui_tutorial to None, run_after=None
[2025-10-27T21:31:53.663-0300] {processor.py:183} INFO - Processing /home/joaosousa/projects/spotify-project/venv/lib/python3.12/site-packages/airflow/example_dags/example_params_ui_tutorial.py took 0.072 seconds
[2025-10-27T21:32:47.143-0300] {processor.py:161} INFO - Started process (PID=1353) to work on /home/joaosousa/projects/spotify-project/venv/lib/python3.12/site-packages/airflow/example_dags/example_params_ui_tutorial.py
[2025-10-27T21:32:47.146-0300] {processor.py:830} INFO - Processing file /home/joaosousa/projects/spotify-project/venv/lib/python3.12/site-packages/airflow/example_dags/example_params_ui_tutorial.py for tasks to queue
[2025-10-27T21:32:47.147-0300] {logging_mixin.py:188} INFO - [2025-10-27T21:32:47.147-0300] {dagbag.py:545} INFO - Filling up the DagBag from /home/joaosousa/projects/spotify-project/venv/lib/python3.12/site-packages/airflow/example_dags/example_params_ui_tutorial.py
[2025-10-27T21:32:47.157-0300] {processor.py:840} INFO - DAG(s) 'example_params_ui_tutorial' retrieved from /home/joaosousa/projects/spotify-project/venv/lib/python3.12/site-packages/airflow/example_dags/example_params_ui_tutorial.py
[2025-10-27T21:32:47.185-0300] {logging_mixin.py:188} INFO - [2025-10-27T21:32:47.185-0300] {dag.py:3096} INFO - Sync 1 DAGs
[2025-10-27T21:32:47.194-0300] {logging_mixin.py:188} INFO - [2025-10-27T21:32:47.194-0300] {dag.py:3954} INFO - Setting next_dagrun for example_params_ui_tutorial to None, run_after=None
[2025-10-27T21:32:47.211-0300] {processor.py:183} INFO - Processing /home/joaosousa/projects/spotify-project/venv/lib/python3.12/site-packages/airflow/example_dags/example_params_ui_tutorial.py took 0.073 seconds
[2025-10-27T21:33:45.074-0300] {processor.py:161} INFO - Started process (PID=1461) to work on /home/joaosousa/projects/spotify-project/venv/lib/python3.12/site-packages/airflow/example_dags/example_params_ui_tutorial.py
[2025-10-27T21:33:45.102-0300] {processor.py:830} INFO - Processing file /home/joaosousa/projects/spotify-project/venv/lib/python3.12/site-packages/airflow/example_dags/example_params_ui_tutorial.py for tasks to queue
[2025-10-27T21:33:45.104-0300] {logging_mixin.py:188} INFO - [2025-10-27T21:33:45.103-0300] {dagbag.py:545} INFO - Filling up the DagBag from /home/joaosousa/projects/spotify-project/venv/lib/python3.12/site-packages/airflow/example_dags/example_params_ui_tutorial.py
[2025-10-27T21:33:45.112-0300] {processor.py:840} INFO - DAG(s) 'example_params_ui_tutorial' retrieved from /home/joaosousa/projects/spotify-project/venv/lib/python3.12/site-packages/airflow/example_dags/example_params_ui_tutorial.py
[2025-10-27T21:33:45.136-0300] {logging_mixin.py:188} INFO - [2025-10-27T21:33:45.136-0300] {dag.py:3096} INFO - Sync 1 DAGs
[2025-10-27T21:33:45.144-0300] {logging_mixin.py:188} INFO - [2025-10-27T21:33:45.144-0300] {dag.py:3954} INFO - Setting next_dagrun for example_params_ui_tutorial to None, run_after=None
[2025-10-27T21:33:45.159-0300] {processor.py:183} INFO - Processing /home/joaosousa/projects/spotify-project/venv/lib/python3.12/site-packages/airflow/example_dags/example_params_ui_tutorial.py took 0.089 seconds
[2025-10-27T21:34:45.812-0300] {processor.py:161} INFO - Started process (PID=1549) to work on /home/joaosousa/projects/spotify-project/venv/lib/python3.12/site-packages/airflow/example_dags/example_params_ui_tutorial.py
[2025-10-27T21:34:45.814-0300] {processor.py:830} INFO - Processing file /home/joaosousa/projects/spotify-project/venv/lib/python3.12/site-packages/airflow/example_dags/example_params_ui_tutorial.py for tasks to queue
[2025-10-27T21:34:45.815-0300] {logging_mixin.py:188} INFO - [2025-10-27T21:34:45.815-0300] {dagbag.py:545} INFO - Filling up the DagBag from /home/joaosousa/projects/spotify-project/venv/lib/python3.12/site-packages/airflow/example_dags/example_params_ui_tutorial.py
[2025-10-27T21:34:45.823-0300] {processor.py:840} INFO - DAG(s) 'example_params_ui_tutorial' retrieved from /home/joaosousa/projects/spotify-project/venv/lib/python3.12/site-packages/airflow/example_dags/example_params_ui_tutorial.py
[2025-10-27T21:34:45.848-0300] {logging_mixin.py:188} INFO - [2025-10-27T21:34:45.847-0300] {dag.py:3096} INFO - Sync 1 DAGs
[2025-10-27T21:34:45.855-0300] {logging_mixin.py:188} INFO - [2025-10-27T21:34:45.855-0300] {dag.py:3954} INFO - Setting next_dagrun for example_params_ui_tutorial to None, run_after=None
[2025-10-27T21:34:45.869-0300] {processor.py:183} INFO - Processing /home/joaosousa/projects/spotify-project/venv/lib/python3.12/site-packages/airflow/example_dags/example_params_ui_tutorial.py took 0.061 seconds
[2025-10-27T21:35:46.497-0300] {processor.py:161} INFO - Started process (PID=1660) to work on /home/joaosousa/projects/spotify-project/venv/lib/python3.12/site-packages/airflow/example_dags/example_params_ui_tutorial.py
[2025-10-27T21:35:46.499-0300] {processor.py:830} INFO - Processing file /home/joaosousa/projects/spotify-project/venv/lib/python3.12/site-packages/airflow/example_dags/example_params_ui_tutorial.py for tasks to queue
[2025-10-27T21:35:46.500-0300] {logging_mixin.py:188} INFO - [2025-10-27T21:35:46.500-0300] {dagbag.py:545} INFO - Filling up the DagBag from /home/joaosousa/projects/spotify-project/venv/lib/python3.12/site-packages/airflow/example_dags/example_params_ui_tutorial.py
[2025-10-27T21:35:46.510-0300] {processor.py:840} INFO - DAG(s) 'example_params_ui_tutorial' retrieved from /home/joaosousa/projects/spotify-project/venv/lib/python3.12/site-packages/airflow/example_dags/example_params_ui_tutorial.py
[2025-10-27T21:35:46.536-0300] {logging_mixin.py:188} INFO - [2025-10-27T21:35:46.535-0300] {dag.py:3096} INFO - Sync 1 DAGs
[2025-10-27T21:35:46.543-0300] {logging_mixin.py:188} INFO - [2025-10-27T21:35:46.543-0300] {dag.py:3954} INFO - Setting next_dagrun for example_params_ui_tutorial to None, run_after=None
[2025-10-27T21:35:46.557-0300] {processor.py:183} INFO - Processing /home/joaosousa/projects/spotify-project/venv/lib/python3.12/site-packages/airflow/example_dags/example_params_ui_tutorial.py took 0.064 seconds
[2025-10-27T21:36:36.750-0300] {processor.py:161} INFO - Started process (PID=1731) to work on /home/joaosousa/projects/spotify-project/venv/lib/python3.12/site-packages/airflow/example_dags/example_params_ui_tutorial.py
[2025-10-27T21:36:36.752-0300] {processor.py:830} INFO - Processing file /home/joaosousa/projects/spotify-project/venv/lib/python3.12/site-packages/airflow/example_dags/example_params_ui_tutorial.py for tasks to queue
[2025-10-27T21:36:36.753-0300] {logging_mixin.py:188} INFO - [2025-10-27T21:36:36.752-0300] {dagbag.py:545} INFO - Filling up the DagBag from /home/joaosousa/projects/spotify-project/venv/lib/python3.12/site-packages/airflow/example_dags/example_params_ui_tutorial.py
[2025-10-27T21:36:36.856-0300] {processor.py:840} INFO - DAG(s) 'example_params_ui_tutorial' retrieved from /home/joaosousa/projects/spotify-project/venv/lib/python3.12/site-packages/airflow/example_dags/example_params_ui_tutorial.py
[2025-10-27T21:36:36.876-0300] {logging_mixin.py:188} INFO - [2025-10-27T21:36:36.876-0300] {dag.py:3096} INFO - Sync 1 DAGs
[2025-10-27T21:36:36.882-0300] {logging_mixin.py:188} INFO - [2025-10-27T21:36:36.882-0300] {dag.py:3954} INFO - Setting next_dagrun for example_params_ui_tutorial to None, run_after=None
[2025-10-27T21:36:36.896-0300] {processor.py:183} INFO - Processing /home/joaosousa/projects/spotify-project/venv/lib/python3.12/site-packages/airflow/example_dags/example_params_ui_tutorial.py took 0.150 seconds
[2025-10-27T21:37:22.463-0300] {processor.py:161} INFO - Started process (PID=1803) to work on /home/joaosousa/projects/spotify-project/venv/lib/python3.12/site-packages/airflow/example_dags/example_params_ui_tutorial.py
[2025-10-27T21:37:22.465-0300] {processor.py:830} INFO - Processing file /home/joaosousa/projects/spotify-project/venv/lib/python3.12/site-packages/airflow/example_dags/example_params_ui_tutorial.py for tasks to queue
[2025-10-27T21:37:22.466-0300] {logging_mixin.py:188} INFO - [2025-10-27T21:37:22.466-0300] {dagbag.py:545} INFO - Filling up the DagBag from /home/joaosousa/projects/spotify-project/venv/lib/python3.12/site-packages/airflow/example_dags/example_params_ui_tutorial.py
[2025-10-27T21:37:22.475-0300] {processor.py:840} INFO - DAG(s) 'example_params_ui_tutorial' retrieved from /home/joaosousa/projects/spotify-project/venv/lib/python3.12/site-packages/airflow/example_dags/example_params_ui_tutorial.py
[2025-10-27T21:37:22.502-0300] {logging_mixin.py:188} INFO - [2025-10-27T21:37:22.501-0300] {dag.py:3096} INFO - Sync 1 DAGs
[2025-10-27T21:37:22.510-0300] {logging_mixin.py:188} INFO - [2025-10-27T21:37:22.510-0300] {dag.py:3954} INFO - Setting next_dagrun for example_params_ui_tutorial to None, run_after=None
[2025-10-27T21:37:22.525-0300] {processor.py:183} INFO - Processing /home/joaosousa/projects/spotify-project/venv/lib/python3.12/site-packages/airflow/example_dags/example_params_ui_tutorial.py took 0.066 seconds
[2025-10-27T21:38:27.927-0300] {processor.py:161} INFO - Started process (PID=1900) to work on /home/joaosousa/projects/spotify-project/venv/lib/python3.12/site-packages/airflow/example_dags/example_params_ui_tutorial.py
[2025-10-27T21:38:27.929-0300] {processor.py:830} INFO - Processing file /home/joaosousa/projects/spotify-project/venv/lib/python3.12/site-packages/airflow/example_dags/example_params_ui_tutorial.py for tasks to queue
[2025-10-27T21:38:27.930-0300] {logging_mixin.py:188} INFO - [2025-10-27T21:38:27.930-0300] {dagbag.py:545} INFO - Filling up the DagBag from /home/joaosousa/projects/spotify-project/venv/lib/python3.12/site-packages/airflow/example_dags/example_params_ui_tutorial.py
[2025-10-27T21:38:27.939-0300] {processor.py:840} INFO - DAG(s) 'example_params_ui_tutorial' retrieved from /home/joaosousa/projects/spotify-project/venv/lib/python3.12/site-packages/airflow/example_dags/example_params_ui_tutorial.py
[2025-10-27T21:38:27.965-0300] {logging_mixin.py:188} INFO - [2025-10-27T21:38:27.965-0300] {dag.py:3096} INFO - Sync 1 DAGs
[2025-10-27T21:38:27.973-0300] {logging_mixin.py:188} INFO - [2025-10-27T21:38:27.973-0300] {dag.py:3954} INFO - Setting next_dagrun for example_params_ui_tutorial to None, run_after=None
[2025-10-27T21:38:27.988-0300] {processor.py:183} INFO - Processing /home/joaosousa/projects/spotify-project/venv/lib/python3.12/site-packages/airflow/example_dags/example_params_ui_tutorial.py took 0.065 seconds
[2025-10-27T21:39:19.816-0300] {processor.py:161} INFO - Started process (PID=1997) to work on /home/joaosousa/projects/spotify-project/venv/lib/python3.12/site-packages/airflow/example_dags/example_params_ui_tutorial.py
[2025-10-27T21:39:19.818-0300] {processor.py:830} INFO - Processing file /home/joaosousa/projects/spotify-project/venv/lib/python3.12/site-packages/airflow/example_dags/example_params_ui_tutorial.py for tasks to queue
[2025-10-27T21:39:19.819-0300] {logging_mixin.py:188} INFO - [2025-10-27T21:39:19.819-0300] {dagbag.py:545} INFO - Filling up the DagBag from /home/joaosousa/projects/spotify-project/venv/lib/python3.12/site-packages/airflow/example_dags/example_params_ui_tutorial.py
[2025-10-27T21:39:19.828-0300] {processor.py:840} INFO - DAG(s) 'example_params_ui_tutorial' retrieved from /home/joaosousa/projects/spotify-project/venv/lib/python3.12/site-packages/airflow/example_dags/example_params_ui_tutorial.py
[2025-10-27T21:39:19.854-0300] {logging_mixin.py:188} INFO - [2025-10-27T21:39:19.854-0300] {dag.py:3096} INFO - Sync 1 DAGs
[2025-10-27T21:39:19.862-0300] {logging_mixin.py:188} INFO - [2025-10-27T21:39:19.862-0300] {dag.py:3954} INFO - Setting next_dagrun for example_params_ui_tutorial to None, run_after=None
[2025-10-27T21:39:19.878-0300] {processor.py:183} INFO - Processing /home/joaosousa/projects/spotify-project/venv/lib/python3.12/site-packages/airflow/example_dags/example_params_ui_tutorial.py took 0.068 seconds
[2025-10-27T21:40:24.447-0300] {processor.py:161} INFO - Started process (PID=2108) to work on /home/joaosousa/projects/spotify-project/venv/lib/python3.12/site-packages/airflow/example_dags/example_params_ui_tutorial.py
[2025-10-27T21:40:24.449-0300] {processor.py:830} INFO - Processing file /home/joaosousa/projects/spotify-project/venv/lib/python3.12/site-packages/airflow/example_dags/example_params_ui_tutorial.py for tasks to queue
[2025-10-27T21:40:24.451-0300] {logging_mixin.py:188} INFO - [2025-10-27T21:40:24.450-0300] {dagbag.py:545} INFO - Filling up the DagBag from /home/joaosousa/projects/spotify-project/venv/lib/python3.12/site-packages/airflow/example_dags/example_params_ui_tutorial.py
[2025-10-27T21:40:24.459-0300] {processor.py:840} INFO - DAG(s) 'example_params_ui_tutorial' retrieved from /home/joaosousa/projects/spotify-project/venv/lib/python3.12/site-packages/airflow/example_dags/example_params_ui_tutorial.py
[2025-10-27T21:40:24.485-0300] {logging_mixin.py:188} INFO - [2025-10-27T21:40:24.485-0300] {dag.py:3096} INFO - Sync 1 DAGs
[2025-10-27T21:40:24.494-0300] {logging_mixin.py:188} INFO - [2025-10-27T21:40:24.494-0300] {dag.py:3954} INFO - Setting next_dagrun for example_params_ui_tutorial to None, run_after=None
[2025-10-27T21:40:24.510-0300] {processor.py:183} INFO - Processing /home/joaosousa/projects/spotify-project/venv/lib/python3.12/site-packages/airflow/example_dags/example_params_ui_tutorial.py took 0.068 seconds
