[2025-10-27T21:30:52.439-0300] {processor.py:161} INFO - Started process (PID=1076) to work on /home/joaosousa/projects/spotify-project/venv/lib/python3.12/site-packages/airflow/example_dags/example_skip_dag.py
[2025-10-27T21:30:52.439-0300] {processor.py:830} INFO - Processing file /home/joaosousa/projects/spotify-project/venv/lib/python3.12/site-packages/airflow/example_dags/example_skip_dag.py for tasks to queue
[2025-10-27T21:30:52.441-0300] {logging_mixin.py:188} INFO - [2025-10-27T21:30:52.440-0300] {dagbag.py:545} INFO - Filling up the DagBag from /home/joaosousa/projects/spotify-project/venv/lib/python3.12/site-packages/airflow/example_dags/example_skip_dag.py
[2025-10-27T21:30:52.447-0300] {processor.py:840} INFO - DAG(s) 'example_skip_dag' retrieved from /home/joaosousa/projects/spotify-project/venv/lib/python3.12/site-packages/airflow/example_dags/example_skip_dag.py
[2025-10-27T21:30:52.461-0300] {logging_mixin.py:188} INFO - [2025-10-27T21:30:52.461-0300] {dag.py:3096} INFO - Sync 1 DAGs
[2025-10-27T21:30:52.474-0300] {logging_mixin.py:188} INFO - [2025-10-27T21:30:52.474-0300] {dag.py:3954} INFO - Setting next_dagrun for example_skip_dag to 2025-10-27 00:00:00+00:00, run_after=2025-10-28 00:00:00+00:00
[2025-10-27T21:30:52.492-0300] {processor.py:183} INFO - Processing /home/joaosousa/projects/spotify-project/venv/lib/python3.12/site-packages/airflow/example_dags/example_skip_dag.py took 0.058 seconds
[2025-10-27T21:31:39.847-0300] {processor.py:161} INFO - Started process (PID=1154) to work on /home/joaosousa/projects/spotify-project/venv/lib/python3.12/site-packages/airflow/example_dags/example_skip_dag.py
[2025-10-27T21:31:39.849-0300] {processor.py:830} INFO - Processing file /home/joaosousa/projects/spotify-project/venv/lib/python3.12/site-packages/airflow/example_dags/example_skip_dag.py for tasks to queue
[2025-10-27T21:31:39.850-0300] {logging_mixin.py:188} INFO - [2025-10-27T21:31:39.850-0300] {dagbag.py:545} INFO - Filling up the DagBag from /home/joaosousa/projects/spotify-project/venv/lib/python3.12/site-packages/airflow/example_dags/example_skip_dag.py
[2025-10-27T21:31:39.855-0300] {processor.py:840} INFO - DAG(s) 'example_skip_dag' retrieved from /home/joaosousa/projects/spotify-project/venv/lib/python3.12/site-packages/airflow/example_dags/example_skip_dag.py
[2025-10-27T21:31:39.867-0300] {logging_mixin.py:188} INFO - [2025-10-27T21:31:39.867-0300] {dag.py:3096} INFO - Sync 1 DAGs
[2025-10-27T21:31:39.880-0300] {logging_mixin.py:188} INFO - [2025-10-27T21:31:39.880-0300] {dag.py:3954} INFO - Setting next_dagrun for example_skip_dag to 2025-10-27 00:00:00+00:00, run_after=2025-10-28 00:00:00+00:00
[2025-10-27T21:31:39.896-0300] {processor.py:183} INFO - Processing /home/joaosousa/projects/spotify-project/venv/lib/python3.12/site-packages/airflow/example_dags/example_skip_dag.py took 0.053 seconds
[2025-10-27T21:32:32.913-0300] {processor.py:161} INFO - Started process (PID=1337) to work on /home/joaosousa/projects/spotify-project/venv/lib/python3.12/site-packages/airflow/example_dags/example_skip_dag.py
[2025-10-27T21:32:32.915-0300] {processor.py:830} INFO - Processing file /home/joaosousa/projects/spotify-project/venv/lib/python3.12/site-packages/airflow/example_dags/example_skip_dag.py for tasks to queue
[2025-10-27T21:32:32.917-0300] {logging_mixin.py:188} INFO - [2025-10-27T21:32:32.917-0300] {dagbag.py:545} INFO - Filling up the DagBag from /home/joaosousa/projects/spotify-project/venv/lib/python3.12/site-packages/airflow/example_dags/example_skip_dag.py
[2025-10-27T21:32:32.922-0300] {processor.py:840} INFO - DAG(s) 'example_skip_dag' retrieved from /home/joaosousa/projects/spotify-project/venv/lib/python3.12/site-packages/airflow/example_dags/example_skip_dag.py
[2025-10-27T21:32:32.934-0300] {logging_mixin.py:188} INFO - [2025-10-27T21:32:32.934-0300] {dag.py:3096} INFO - Sync 1 DAGs
[2025-10-27T21:32:32.947-0300] {logging_mixin.py:188} INFO - [2025-10-27T21:32:32.946-0300] {dag.py:3954} INFO - Setting next_dagrun for example_skip_dag to 2025-10-27 00:00:00+00:00, run_after=2025-10-28 00:00:00+00:00
[2025-10-27T21:32:32.963-0300] {processor.py:183} INFO - Processing /home/joaosousa/projects/spotify-project/venv/lib/python3.12/site-packages/airflow/example_dags/example_skip_dag.py took 0.054 seconds
[2025-10-27T21:33:19.231-0300] {processor.py:161} INFO - Started process (PID=1410) to work on /home/joaosousa/projects/spotify-project/venv/lib/python3.12/site-packages/airflow/example_dags/example_skip_dag.py
[2025-10-27T21:33:19.232-0300] {processor.py:830} INFO - Processing file /home/joaosousa/projects/spotify-project/venv/lib/python3.12/site-packages/airflow/example_dags/example_skip_dag.py for tasks to queue
[2025-10-27T21:33:19.233-0300] {logging_mixin.py:188} INFO - [2025-10-27T21:33:19.233-0300] {dagbag.py:545} INFO - Filling up the DagBag from /home/joaosousa/projects/spotify-project/venv/lib/python3.12/site-packages/airflow/example_dags/example_skip_dag.py
[2025-10-27T21:33:19.237-0300] {processor.py:840} INFO - DAG(s) 'example_skip_dag' retrieved from /home/joaosousa/projects/spotify-project/venv/lib/python3.12/site-packages/airflow/example_dags/example_skip_dag.py
[2025-10-27T21:33:19.249-0300] {logging_mixin.py:188} INFO - [2025-10-27T21:33:19.248-0300] {dag.py:3096} INFO - Sync 1 DAGs
[2025-10-27T21:33:19.260-0300] {logging_mixin.py:188} INFO - [2025-10-27T21:33:19.260-0300] {dag.py:3954} INFO - Setting next_dagrun for example_skip_dag to 2025-10-27 00:00:00+00:00, run_after=2025-10-28 00:00:00+00:00
[2025-10-27T21:33:19.274-0300] {processor.py:183} INFO - Processing /home/joaosousa/projects/spotify-project/venv/lib/python3.12/site-packages/airflow/example_dags/example_skip_dag.py took 0.047 seconds
[2025-10-27T21:34:00.388-0300] {processor.py:161} INFO - Started process (PID=1476) to work on /home/joaosousa/projects/spotify-project/venv/lib/python3.12/site-packages/airflow/example_dags/example_skip_dag.py
[2025-10-27T21:34:00.390-0300] {processor.py:830} INFO - Processing file /home/joaosousa/projects/spotify-project/venv/lib/python3.12/site-packages/airflow/example_dags/example_skip_dag.py for tasks to queue
[2025-10-27T21:34:00.392-0300] {logging_mixin.py:188} INFO - [2025-10-27T21:34:00.391-0300] {dagbag.py:545} INFO - Filling up the DagBag from /home/joaosousa/projects/spotify-project/venv/lib/python3.12/site-packages/airflow/example_dags/example_skip_dag.py
[2025-10-27T21:34:00.396-0300] {processor.py:840} INFO - DAG(s) 'example_skip_dag' retrieved from /home/joaosousa/projects/spotify-project/venv/lib/python3.12/site-packages/airflow/example_dags/example_skip_dag.py
[2025-10-27T21:34:00.407-0300] {logging_mixin.py:188} INFO - [2025-10-27T21:34:00.407-0300] {dag.py:3096} INFO - Sync 1 DAGs
[2025-10-27T21:34:00.418-0300] {logging_mixin.py:188} INFO - [2025-10-27T21:34:00.418-0300] {dag.py:3954} INFO - Setting next_dagrun for example_skip_dag to 2025-10-27 00:00:00+00:00, run_after=2025-10-28 00:00:00+00:00
[2025-10-27T21:34:00.433-0300] {processor.py:183} INFO - Processing /home/joaosousa/projects/spotify-project/venv/lib/python3.12/site-packages/airflow/example_dags/example_skip_dag.py took 0.049 seconds
[2025-10-27T21:34:40.942-0300] {processor.py:161} INFO - Started process (PID=1544) to work on /home/joaosousa/projects/spotify-project/venv/lib/python3.12/site-packages/airflow/example_dags/example_skip_dag.py
[2025-10-27T21:34:40.944-0300] {processor.py:830} INFO - Processing file /home/joaosousa/projects/spotify-project/venv/lib/python3.12/site-packages/airflow/example_dags/example_skip_dag.py for tasks to queue
[2025-10-27T21:34:40.945-0300] {logging_mixin.py:188} INFO - [2025-10-27T21:34:40.945-0300] {dagbag.py:545} INFO - Filling up the DagBag from /home/joaosousa/projects/spotify-project/venv/lib/python3.12/site-packages/airflow/example_dags/example_skip_dag.py
[2025-10-27T21:34:40.949-0300] {processor.py:840} INFO - DAG(s) 'example_skip_dag' retrieved from /home/joaosousa/projects/spotify-project/venv/lib/python3.12/site-packages/airflow/example_dags/example_skip_dag.py
[2025-10-27T21:34:40.961-0300] {logging_mixin.py:188} INFO - [2025-10-27T21:34:40.961-0300] {dag.py:3096} INFO - Sync 1 DAGs
[2025-10-27T21:34:40.972-0300] {logging_mixin.py:188} INFO - [2025-10-27T21:34:40.972-0300] {dag.py:3954} INFO - Setting next_dagrun for example_skip_dag to 2025-10-27 00:00:00+00:00, run_after=2025-10-28 00:00:00+00:00
[2025-10-27T21:34:40.986-0300] {processor.py:183} INFO - Processing /home/joaosousa/projects/spotify-project/venv/lib/python3.12/site-packages/airflow/example_dags/example_skip_dag.py took 0.048 seconds
[2025-10-27T21:35:40.192-0300] {processor.py:161} INFO - Started process (PID=1654) to work on /home/joaosousa/projects/spotify-project/venv/lib/python3.12/site-packages/airflow/example_dags/example_skip_dag.py
[2025-10-27T21:35:40.194-0300] {processor.py:830} INFO - Processing file /home/joaosousa/projects/spotify-project/venv/lib/python3.12/site-packages/airflow/example_dags/example_skip_dag.py for tasks to queue
[2025-10-27T21:35:40.195-0300] {logging_mixin.py:188} INFO - [2025-10-27T21:35:40.195-0300] {dagbag.py:545} INFO - Filling up the DagBag from /home/joaosousa/projects/spotify-project/venv/lib/python3.12/site-packages/airflow/example_dags/example_skip_dag.py
[2025-10-27T21:35:40.199-0300] {processor.py:840} INFO - DAG(s) 'example_skip_dag' retrieved from /home/joaosousa/projects/spotify-project/venv/lib/python3.12/site-packages/airflow/example_dags/example_skip_dag.py
[2025-10-27T21:35:40.210-0300] {logging_mixin.py:188} INFO - [2025-10-27T21:35:40.210-0300] {dag.py:3096} INFO - Sync 1 DAGs
[2025-10-27T21:35:40.221-0300] {logging_mixin.py:188} INFO - [2025-10-27T21:35:40.221-0300] {dag.py:3954} INFO - Setting next_dagrun for example_skip_dag to 2025-10-27 00:00:00+00:00, run_after=2025-10-28 00:00:00+00:00
[2025-10-27T21:35:40.236-0300] {processor.py:183} INFO - Processing /home/joaosousa/projects/spotify-project/venv/lib/python3.12/site-packages/airflow/example_dags/example_skip_dag.py took 0.049 seconds
[2025-10-27T21:36:28.626-0300] {processor.py:161} INFO - Started process (PID=1723) to work on /home/joaosousa/projects/spotify-project/venv/lib/python3.12/site-packages/airflow/example_dags/example_skip_dag.py
[2025-10-27T21:36:28.628-0300] {processor.py:830} INFO - Processing file /home/joaosousa/projects/spotify-project/venv/lib/python3.12/site-packages/airflow/example_dags/example_skip_dag.py for tasks to queue
[2025-10-27T21:36:28.630-0300] {logging_mixin.py:188} INFO - [2025-10-27T21:36:28.630-0300] {dagbag.py:545} INFO - Filling up the DagBag from /home/joaosousa/projects/spotify-project/venv/lib/python3.12/site-packages/airflow/example_dags/example_skip_dag.py
[2025-10-27T21:36:28.635-0300] {processor.py:840} INFO - DAG(s) 'example_skip_dag' retrieved from /home/joaosousa/projects/spotify-project/venv/lib/python3.12/site-packages/airflow/example_dags/example_skip_dag.py
[2025-10-27T21:36:28.645-0300] {logging_mixin.py:188} INFO - [2025-10-27T21:36:28.645-0300] {dag.py:3096} INFO - Sync 1 DAGs
[2025-10-27T21:36:28.744-0300] {logging_mixin.py:188} INFO - [2025-10-27T21:36:28.744-0300] {dag.py:3954} INFO - Setting next_dagrun for example_skip_dag to 2025-10-27 00:00:00+00:00, run_after=2025-10-28 00:00:00+00:00
[2025-10-27T21:36:28.758-0300] {processor.py:183} INFO - Processing /home/joaosousa/projects/spotify-project/venv/lib/python3.12/site-packages/airflow/example_dags/example_skip_dag.py took 0.135 seconds
[2025-10-27T21:37:14.432-0300] {processor.py:161} INFO - Started process (PID=1795) to work on /home/joaosousa/projects/spotify-project/venv/lib/python3.12/site-packages/airflow/example_dags/example_skip_dag.py
[2025-10-27T21:37:14.434-0300] {processor.py:830} INFO - Processing file /home/joaosousa/projects/spotify-project/venv/lib/python3.12/site-packages/airflow/example_dags/example_skip_dag.py for tasks to queue
[2025-10-27T21:37:14.436-0300] {logging_mixin.py:188} INFO - [2025-10-27T21:37:14.436-0300] {dagbag.py:545} INFO - Filling up the DagBag from /home/joaosousa/projects/spotify-project/venv/lib/python3.12/site-packages/airflow/example_dags/example_skip_dag.py
[2025-10-27T21:37:14.441-0300] {processor.py:840} INFO - DAG(s) 'example_skip_dag' retrieved from /home/joaosousa/projects/spotify-project/venv/lib/python3.12/site-packages/airflow/example_dags/example_skip_dag.py
[2025-10-27T21:37:14.452-0300] {logging_mixin.py:188} INFO - [2025-10-27T21:37:14.452-0300] {dag.py:3096} INFO - Sync 1 DAGs
[2025-10-27T21:37:14.465-0300] {logging_mixin.py:188} INFO - [2025-10-27T21:37:14.465-0300] {dag.py:3954} INFO - Setting next_dagrun for example_skip_dag to 2025-10-27 00:00:00+00:00, run_after=2025-10-28 00:00:00+00:00
[2025-10-27T21:37:14.480-0300] {processor.py:183} INFO - Processing /home/joaosousa/projects/spotify-project/venv/lib/python3.12/site-packages/airflow/example_dags/example_skip_dag.py took 0.052 seconds
[2025-10-27T21:37:57.842-0300] {processor.py:161} INFO - Started process (PID=1864) to work on /home/joaosousa/projects/spotify-project/venv/lib/python3.12/site-packages/airflow/example_dags/example_skip_dag.py
[2025-10-27T21:37:57.844-0300] {processor.py:830} INFO - Processing file /home/joaosousa/projects/spotify-project/venv/lib/python3.12/site-packages/airflow/example_dags/example_skip_dag.py for tasks to queue
[2025-10-27T21:37:57.845-0300] {logging_mixin.py:188} INFO - [2025-10-27T21:37:57.844-0300] {dagbag.py:545} INFO - Filling up the DagBag from /home/joaosousa/projects/spotify-project/venv/lib/python3.12/site-packages/airflow/example_dags/example_skip_dag.py
[2025-10-27T21:37:57.850-0300] {processor.py:840} INFO - DAG(s) 'example_skip_dag' retrieved from /home/joaosousa/projects/spotify-project/venv/lib/python3.12/site-packages/airflow/example_dags/example_skip_dag.py
[2025-10-27T21:37:57.861-0300] {logging_mixin.py:188} INFO - [2025-10-27T21:37:57.861-0300] {dag.py:3096} INFO - Sync 1 DAGs
[2025-10-27T21:37:57.874-0300] {logging_mixin.py:188} INFO - [2025-10-27T21:37:57.874-0300] {dag.py:3954} INFO - Setting next_dagrun for example_skip_dag to 2025-10-27 00:00:00+00:00, run_after=2025-10-28 00:00:00+00:00
[2025-10-27T21:37:57.889-0300] {processor.py:183} INFO - Processing /home/joaosousa/projects/spotify-project/venv/lib/python3.12/site-packages/airflow/example_dags/example_skip_dag.py took 0.052 seconds
[2025-10-27T21:38:39.352-0300] {processor.py:161} INFO - Started process (PID=1938) to work on /home/joaosousa/projects/spotify-project/venv/lib/python3.12/site-packages/airflow/example_dags/example_skip_dag.py
[2025-10-27T21:38:39.354-0300] {processor.py:830} INFO - Processing file /home/joaosousa/projects/spotify-project/venv/lib/python3.12/site-packages/airflow/example_dags/example_skip_dag.py for tasks to queue
[2025-10-27T21:38:39.355-0300] {logging_mixin.py:188} INFO - [2025-10-27T21:38:39.355-0300] {dagbag.py:545} INFO - Filling up the DagBag from /home/joaosousa/projects/spotify-project/venv/lib/python3.12/site-packages/airflow/example_dags/example_skip_dag.py
[2025-10-27T21:38:39.360-0300] {processor.py:840} INFO - DAG(s) 'example_skip_dag' retrieved from /home/joaosousa/projects/spotify-project/venv/lib/python3.12/site-packages/airflow/example_dags/example_skip_dag.py
[2025-10-27T21:38:39.372-0300] {logging_mixin.py:188} INFO - [2025-10-27T21:38:39.372-0300] {dag.py:3096} INFO - Sync 1 DAGs
[2025-10-27T21:38:39.385-0300] {logging_mixin.py:188} INFO - [2025-10-27T21:38:39.385-0300] {dag.py:3954} INFO - Setting next_dagrun for example_skip_dag to 2025-10-27 00:00:00+00:00, run_after=2025-10-28 00:00:00+00:00
[2025-10-27T21:38:39.401-0300] {processor.py:183} INFO - Processing /home/joaosousa/projects/spotify-project/venv/lib/python3.12/site-packages/airflow/example_dags/example_skip_dag.py took 0.054 seconds
[2025-10-27T21:39:34.091-0300] {processor.py:161} INFO - Started process (PID=2027) to work on /home/joaosousa/projects/spotify-project/venv/lib/python3.12/site-packages/airflow/example_dags/example_skip_dag.py
[2025-10-27T21:39:34.093-0300] {processor.py:830} INFO - Processing file /home/joaosousa/projects/spotify-project/venv/lib/python3.12/site-packages/airflow/example_dags/example_skip_dag.py for tasks to queue
[2025-10-27T21:39:34.094-0300] {logging_mixin.py:188} INFO - [2025-10-27T21:39:34.094-0300] {dagbag.py:545} INFO - Filling up the DagBag from /home/joaosousa/projects/spotify-project/venv/lib/python3.12/site-packages/airflow/example_dags/example_skip_dag.py
[2025-10-27T21:39:34.099-0300] {processor.py:840} INFO - DAG(s) 'example_skip_dag' retrieved from /home/joaosousa/projects/spotify-project/venv/lib/python3.12/site-packages/airflow/example_dags/example_skip_dag.py
[2025-10-27T21:39:34.110-0300] {logging_mixin.py:188} INFO - [2025-10-27T21:39:34.110-0300] {dag.py:3096} INFO - Sync 1 DAGs
[2025-10-27T21:39:34.122-0300] {logging_mixin.py:188} INFO - [2025-10-27T21:39:34.122-0300] {dag.py:3954} INFO - Setting next_dagrun for example_skip_dag to 2025-10-27 00:00:00+00:00, run_after=2025-10-28 00:00:00+00:00
[2025-10-27T21:39:34.139-0300] {processor.py:183} INFO - Processing /home/joaosousa/projects/spotify-project/venv/lib/python3.12/site-packages/airflow/example_dags/example_skip_dag.py took 0.053 seconds
[2025-10-27T21:40:17.119-0300] {processor.py:161} INFO - Started process (PID=2098) to work on /home/joaosousa/projects/spotify-project/venv/lib/python3.12/site-packages/airflow/example_dags/example_skip_dag.py
[2025-10-27T21:40:17.121-0300] {processor.py:830} INFO - Processing file /home/joaosousa/projects/spotify-project/venv/lib/python3.12/site-packages/airflow/example_dags/example_skip_dag.py for tasks to queue
[2025-10-27T21:40:17.123-0300] {logging_mixin.py:188} INFO - [2025-10-27T21:40:17.122-0300] {dagbag.py:545} INFO - Filling up the DagBag from /home/joaosousa/projects/spotify-project/venv/lib/python3.12/site-packages/airflow/example_dags/example_skip_dag.py
[2025-10-27T21:40:17.127-0300] {processor.py:840} INFO - DAG(s) 'example_skip_dag' retrieved from /home/joaosousa/projects/spotify-project/venv/lib/python3.12/site-packages/airflow/example_dags/example_skip_dag.py
[2025-10-27T21:40:17.139-0300] {logging_mixin.py:188} INFO - [2025-10-27T21:40:17.139-0300] {dag.py:3096} INFO - Sync 1 DAGs
[2025-10-27T21:40:17.152-0300] {logging_mixin.py:188} INFO - [2025-10-27T21:40:17.152-0300] {dag.py:3954} INFO - Setting next_dagrun for example_skip_dag to 2025-10-27 00:00:00+00:00, run_after=2025-10-28 00:00:00+00:00
[2025-10-27T21:40:17.167-0300] {processor.py:183} INFO - Processing /home/joaosousa/projects/spotify-project/venv/lib/python3.12/site-packages/airflow/example_dags/example_skip_dag.py took 0.052 seconds
