[2025-10-27T21:31:00.316-0300] {processor.py:161} INFO - Started process (PID=1084) to work on /home/joaosousa/projects/spotify-project/venv/lib/python3.12/site-packages/airflow/example_dags/example_short_circuit_decorator.py
[2025-10-27T21:31:00.316-0300] {processor.py:830} INFO - Processing file /home/joaosousa/projects/spotify-project/venv/lib/python3.12/site-packages/airflow/example_dags/example_short_circuit_decorator.py for tasks to queue
[2025-10-27T21:31:00.317-0300] {logging_mixin.py:188} INFO - [2025-10-27T21:31:00.317-0300] {dagbag.py:545} INFO - Filling up the DagBag from /home/joaosousa/projects/spotify-project/venv/lib/python3.12/site-packages/airflow/example_dags/example_short_circuit_decorator.py
[2025-10-27T21:31:00.325-0300] {processor.py:840} INFO - DAG(s) 'example_short_circuit_decorator' retrieved from /home/joaosousa/projects/spotify-project/venv/lib/python3.12/site-packages/airflow/example_dags/example_short_circuit_decorator.py
[2025-10-27T21:31:00.337-0300] {logging_mixin.py:188} INFO - [2025-10-27T21:31:00.337-0300] {dag.py:3096} INFO - Sync 1 DAGs
[2025-10-27T21:31:00.349-0300] {logging_mixin.py:188} INFO - [2025-10-27T21:31:00.349-0300] {dag.py:3954} INFO - Setting next_dagrun for example_short_circuit_decorator to 2025-10-27 00:00:00+00:00, run_after=2025-10-28 00:00:00+00:00
[2025-10-27T21:31:00.365-0300] {processor.py:183} INFO - Processing /home/joaosousa/projects/spotify-project/venv/lib/python3.12/site-packages/airflow/example_dags/example_short_circuit_decorator.py took 0.053 seconds
[2025-10-27T21:31:48.097-0300] {processor.py:161} INFO - Started process (PID=1162) to work on /home/joaosousa/projects/spotify-project/venv/lib/python3.12/site-packages/airflow/example_dags/example_short_circuit_decorator.py
[2025-10-27T21:31:48.099-0300] {processor.py:830} INFO - Processing file /home/joaosousa/projects/spotify-project/venv/lib/python3.12/site-packages/airflow/example_dags/example_short_circuit_decorator.py for tasks to queue
[2025-10-27T21:31:48.101-0300] {logging_mixin.py:188} INFO - [2025-10-27T21:31:48.101-0300] {dagbag.py:545} INFO - Filling up the DagBag from /home/joaosousa/projects/spotify-project/venv/lib/python3.12/site-packages/airflow/example_dags/example_short_circuit_decorator.py
[2025-10-27T21:31:48.107-0300] {processor.py:840} INFO - DAG(s) 'example_short_circuit_decorator' retrieved from /home/joaosousa/projects/spotify-project/venv/lib/python3.12/site-packages/airflow/example_dags/example_short_circuit_decorator.py
[2025-10-27T21:31:48.118-0300] {logging_mixin.py:188} INFO - [2025-10-27T21:31:48.118-0300] {dag.py:3096} INFO - Sync 1 DAGs
[2025-10-27T21:31:48.130-0300] {logging_mixin.py:188} INFO - [2025-10-27T21:31:48.129-0300] {dag.py:3954} INFO - Setting next_dagrun for example_short_circuit_decorator to 2025-10-27 00:00:00+00:00, run_after=2025-10-28 00:00:00+00:00
[2025-10-27T21:31:48.143-0300] {processor.py:183} INFO - Processing /home/joaosousa/projects/spotify-project/venv/lib/python3.12/site-packages/airflow/example_dags/example_short_circuit_decorator.py took 0.050 seconds
[2025-10-27T21:32:40.854-0300] {processor.py:161} INFO - Started process (PID=1347) to work on /home/joaosousa/projects/spotify-project/venv/lib/python3.12/site-packages/airflow/example_dags/example_short_circuit_decorator.py
[2025-10-27T21:32:40.856-0300] {processor.py:830} INFO - Processing file /home/joaosousa/projects/spotify-project/venv/lib/python3.12/site-packages/airflow/example_dags/example_short_circuit_decorator.py for tasks to queue
[2025-10-27T21:32:40.858-0300] {logging_mixin.py:188} INFO - [2025-10-27T21:32:40.857-0300] {dagbag.py:545} INFO - Filling up the DagBag from /home/joaosousa/projects/spotify-project/venv/lib/python3.12/site-packages/airflow/example_dags/example_short_circuit_decorator.py
[2025-10-27T21:32:40.863-0300] {processor.py:840} INFO - DAG(s) 'example_short_circuit_decorator' retrieved from /home/joaosousa/projects/spotify-project/venv/lib/python3.12/site-packages/airflow/example_dags/example_short_circuit_decorator.py
[2025-10-27T21:32:40.876-0300] {logging_mixin.py:188} INFO - [2025-10-27T21:32:40.876-0300] {dag.py:3096} INFO - Sync 1 DAGs
[2025-10-27T21:32:40.888-0300] {logging_mixin.py:188} INFO - [2025-10-27T21:32:40.888-0300] {dag.py:3954} INFO - Setting next_dagrun for example_short_circuit_decorator to 2025-10-27 00:00:00+00:00, run_after=2025-10-28 00:00:00+00:00
[2025-10-27T21:32:40.903-0300] {processor.py:183} INFO - Processing /home/joaosousa/projects/spotify-project/venv/lib/python3.12/site-packages/airflow/example_dags/example_short_circuit_decorator.py took 0.053 seconds
[2025-10-27T21:33:38.955-0300] {processor.py:161} INFO - Started process (PID=1455) to work on /home/joaosousa/projects/spotify-project/venv/lib/python3.12/site-packages/airflow/example_dags/example_short_circuit_decorator.py
[2025-10-27T21:33:38.957-0300] {processor.py:830} INFO - Processing file /home/joaosousa/projects/spotify-project/venv/lib/python3.12/site-packages/airflow/example_dags/example_short_circuit_decorator.py for tasks to queue
[2025-10-27T21:33:38.958-0300] {logging_mixin.py:188} INFO - [2025-10-27T21:33:38.958-0300] {dagbag.py:545} INFO - Filling up the DagBag from /home/joaosousa/projects/spotify-project/venv/lib/python3.12/site-packages/airflow/example_dags/example_short_circuit_decorator.py
[2025-10-27T21:33:38.964-0300] {processor.py:840} INFO - DAG(s) 'example_short_circuit_decorator' retrieved from /home/joaosousa/projects/spotify-project/venv/lib/python3.12/site-packages/airflow/example_dags/example_short_circuit_decorator.py
[2025-10-27T21:33:38.975-0300] {logging_mixin.py:188} INFO - [2025-10-27T21:33:38.975-0300] {dag.py:3096} INFO - Sync 1 DAGs
[2025-10-27T21:33:38.987-0300] {logging_mixin.py:188} INFO - [2025-10-27T21:33:38.986-0300] {dag.py:3954} INFO - Setting next_dagrun for example_short_circuit_decorator to 2025-10-27 00:00:00+00:00, run_after=2025-10-28 00:00:00+00:00
[2025-10-27T21:33:39.001-0300] {processor.py:183} INFO - Processing /home/joaosousa/projects/spotify-project/venv/lib/python3.12/site-packages/airflow/example_dags/example_short_circuit_decorator.py took 0.050 seconds
[2025-10-27T21:34:25.597-0300] {processor.py:161} INFO - Started process (PID=1526) to work on /home/joaosousa/projects/spotify-project/venv/lib/python3.12/site-packages/airflow/example_dags/example_short_circuit_decorator.py
[2025-10-27T21:34:25.599-0300] {processor.py:830} INFO - Processing file /home/joaosousa/projects/spotify-project/venv/lib/python3.12/site-packages/airflow/example_dags/example_short_circuit_decorator.py for tasks to queue
[2025-10-27T21:34:25.600-0300] {logging_mixin.py:188} INFO - [2025-10-27T21:34:25.600-0300] {dagbag.py:545} INFO - Filling up the DagBag from /home/joaosousa/projects/spotify-project/venv/lib/python3.12/site-packages/airflow/example_dags/example_short_circuit_decorator.py
[2025-10-27T21:34:25.608-0300] {processor.py:840} INFO - DAG(s) 'example_short_circuit_decorator' retrieved from /home/joaosousa/projects/spotify-project/venv/lib/python3.12/site-packages/airflow/example_dags/example_short_circuit_decorator.py
[2025-10-27T21:34:25.623-0300] {logging_mixin.py:188} INFO - [2025-10-27T21:34:25.622-0300] {dag.py:3096} INFO - Sync 1 DAGs
[2025-10-27T21:34:25.637-0300] {logging_mixin.py:188} INFO - [2025-10-27T21:34:25.636-0300] {dag.py:3954} INFO - Setting next_dagrun for example_short_circuit_decorator to 2025-10-27 00:00:00+00:00, run_after=2025-10-28 00:00:00+00:00
[2025-10-27T21:34:25.653-0300] {processor.py:183} INFO - Processing /home/joaosousa/projects/spotify-project/venv/lib/python3.12/site-packages/airflow/example_dags/example_short_circuit_decorator.py took 0.061 seconds
[2025-10-27T21:35:22.486-0300] {processor.py:161} INFO - Started process (PID=1611) to work on /home/joaosousa/projects/spotify-project/venv/lib/python3.12/site-packages/airflow/example_dags/example_short_circuit_decorator.py
[2025-10-27T21:35:22.488-0300] {processor.py:830} INFO - Processing file /home/joaosousa/projects/spotify-project/venv/lib/python3.12/site-packages/airflow/example_dags/example_short_circuit_decorator.py for tasks to queue
[2025-10-27T21:35:22.489-0300] {logging_mixin.py:188} INFO - [2025-10-27T21:35:22.489-0300] {dagbag.py:545} INFO - Filling up the DagBag from /home/joaosousa/projects/spotify-project/venv/lib/python3.12/site-packages/airflow/example_dags/example_short_circuit_decorator.py
[2025-10-27T21:35:22.495-0300] {processor.py:840} INFO - DAG(s) 'example_short_circuit_decorator' retrieved from /home/joaosousa/projects/spotify-project/venv/lib/python3.12/site-packages/airflow/example_dags/example_short_circuit_decorator.py
[2025-10-27T21:35:22.507-0300] {logging_mixin.py:188} INFO - [2025-10-27T21:35:22.507-0300] {dag.py:3096} INFO - Sync 1 DAGs
[2025-10-27T21:35:22.519-0300] {logging_mixin.py:188} INFO - [2025-10-27T21:35:22.518-0300] {dag.py:3954} INFO - Setting next_dagrun for example_short_circuit_decorator to 2025-10-27 00:00:00+00:00, run_after=2025-10-28 00:00:00+00:00
[2025-10-27T21:35:22.538-0300] {processor.py:183} INFO - Processing /home/joaosousa/projects/spotify-project/venv/lib/python3.12/site-packages/airflow/example_dags/example_short_circuit_decorator.py took 0.056 seconds
[2025-10-27T21:36:07.307-0300] {processor.py:161} INFO - Started process (PID=1680) to work on /home/joaosousa/projects/spotify-project/venv/lib/python3.12/site-packages/airflow/example_dags/example_short_circuit_decorator.py
[2025-10-27T21:36:07.309-0300] {processor.py:830} INFO - Processing file /home/joaosousa/projects/spotify-project/venv/lib/python3.12/site-packages/airflow/example_dags/example_short_circuit_decorator.py for tasks to queue
[2025-10-27T21:36:07.310-0300] {logging_mixin.py:188} INFO - [2025-10-27T21:36:07.310-0300] {dagbag.py:545} INFO - Filling up the DagBag from /home/joaosousa/projects/spotify-project/venv/lib/python3.12/site-packages/airflow/example_dags/example_short_circuit_decorator.py
[2025-10-27T21:36:07.316-0300] {processor.py:840} INFO - DAG(s) 'example_short_circuit_decorator' retrieved from /home/joaosousa/projects/spotify-project/venv/lib/python3.12/site-packages/airflow/example_dags/example_short_circuit_decorator.py
[2025-10-27T21:36:07.328-0300] {logging_mixin.py:188} INFO - [2025-10-27T21:36:07.328-0300] {dag.py:3096} INFO - Sync 1 DAGs
[2025-10-27T21:36:07.340-0300] {logging_mixin.py:188} INFO - [2025-10-27T21:36:07.339-0300] {dag.py:3954} INFO - Setting next_dagrun for example_short_circuit_decorator to 2025-10-27 00:00:00+00:00, run_after=2025-10-28 00:00:00+00:00
[2025-10-27T21:36:07.453-0300] {processor.py:183} INFO - Processing /home/joaosousa/projects/spotify-project/venv/lib/python3.12/site-packages/airflow/example_dags/example_short_circuit_decorator.py took 0.150 seconds
[2025-10-27T21:36:55.766-0300] {processor.py:161} INFO - Started process (PID=1751) to work on /home/joaosousa/projects/spotify-project/venv/lib/python3.12/site-packages/airflow/example_dags/example_short_circuit_decorator.py
[2025-10-27T21:36:55.768-0300] {processor.py:830} INFO - Processing file /home/joaosousa/projects/spotify-project/venv/lib/python3.12/site-packages/airflow/example_dags/example_short_circuit_decorator.py for tasks to queue
[2025-10-27T21:36:55.769-0300] {logging_mixin.py:188} INFO - [2025-10-27T21:36:55.769-0300] {dagbag.py:545} INFO - Filling up the DagBag from /home/joaosousa/projects/spotify-project/venv/lib/python3.12/site-packages/airflow/example_dags/example_short_circuit_decorator.py
[2025-10-27T21:36:55.777-0300] {processor.py:840} INFO - DAG(s) 'example_short_circuit_decorator' retrieved from /home/joaosousa/projects/spotify-project/venv/lib/python3.12/site-packages/airflow/example_dags/example_short_circuit_decorator.py
[2025-10-27T21:36:55.790-0300] {logging_mixin.py:188} INFO - [2025-10-27T21:36:55.790-0300] {dag.py:3096} INFO - Sync 1 DAGs
[2025-10-27T21:36:55.803-0300] {logging_mixin.py:188} INFO - [2025-10-27T21:36:55.803-0300] {dag.py:3954} INFO - Setting next_dagrun for example_short_circuit_decorator to 2025-10-27 00:00:00+00:00, run_after=2025-10-28 00:00:00+00:00
[2025-10-27T21:36:55.819-0300] {processor.py:183} INFO - Processing /home/joaosousa/projects/spotify-project/venv/lib/python3.12/site-packages/airflow/example_dags/example_short_circuit_decorator.py took 0.057 seconds
[2025-10-27T21:37:40.654-0300] {processor.py:161} INFO - Started process (PID=1823) to work on /home/joaosousa/projects/spotify-project/venv/lib/python3.12/site-packages/airflow/example_dags/example_short_circuit_decorator.py
[2025-10-27T21:37:40.656-0300] {processor.py:830} INFO - Processing file /home/joaosousa/projects/spotify-project/venv/lib/python3.12/site-packages/airflow/example_dags/example_short_circuit_decorator.py for tasks to queue
[2025-10-27T21:37:40.657-0300] {logging_mixin.py:188} INFO - [2025-10-27T21:37:40.657-0300] {dagbag.py:545} INFO - Filling up the DagBag from /home/joaosousa/projects/spotify-project/venv/lib/python3.12/site-packages/airflow/example_dags/example_short_circuit_decorator.py
[2025-10-27T21:37:40.664-0300] {processor.py:840} INFO - DAG(s) 'example_short_circuit_decorator' retrieved from /home/joaosousa/projects/spotify-project/venv/lib/python3.12/site-packages/airflow/example_dags/example_short_circuit_decorator.py
[2025-10-27T21:37:40.677-0300] {logging_mixin.py:188} INFO - [2025-10-27T21:37:40.677-0300] {dag.py:3096} INFO - Sync 1 DAGs
[2025-10-27T21:37:40.690-0300] {logging_mixin.py:188} INFO - [2025-10-27T21:37:40.690-0300] {dag.py:3954} INFO - Setting next_dagrun for example_short_circuit_decorator to 2025-10-27 00:00:00+00:00, run_after=2025-10-28 00:00:00+00:00
[2025-10-27T21:37:40.705-0300] {processor.py:183} INFO - Processing /home/joaosousa/projects/spotify-project/venv/lib/python3.12/site-packages/airflow/example_dags/example_short_circuit_decorator.py took 0.056 seconds
[2025-10-27T21:38:23.081-0300] {processor.py:161} INFO - Started process (PID=1894) to work on /home/joaosousa/projects/spotify-project/venv/lib/python3.12/site-packages/airflow/example_dags/example_short_circuit_decorator.py
[2025-10-27T21:38:23.083-0300] {processor.py:830} INFO - Processing file /home/joaosousa/projects/spotify-project/venv/lib/python3.12/site-packages/airflow/example_dags/example_short_circuit_decorator.py for tasks to queue
[2025-10-27T21:38:23.085-0300] {logging_mixin.py:188} INFO - [2025-10-27T21:38:23.084-0300] {dagbag.py:545} INFO - Filling up the DagBag from /home/joaosousa/projects/spotify-project/venv/lib/python3.12/site-packages/airflow/example_dags/example_short_circuit_decorator.py
[2025-10-27T21:38:23.091-0300] {processor.py:840} INFO - DAG(s) 'example_short_circuit_decorator' retrieved from /home/joaosousa/projects/spotify-project/venv/lib/python3.12/site-packages/airflow/example_dags/example_short_circuit_decorator.py
[2025-10-27T21:38:23.103-0300] {logging_mixin.py:188} INFO - [2025-10-27T21:38:23.103-0300] {dag.py:3096} INFO - Sync 1 DAGs
[2025-10-27T21:38:23.116-0300] {logging_mixin.py:188} INFO - [2025-10-27T21:38:23.115-0300] {dag.py:3954} INFO - Setting next_dagrun for example_short_circuit_decorator to 2025-10-27 00:00:00+00:00, run_after=2025-10-28 00:00:00+00:00
[2025-10-27T21:38:23.131-0300] {processor.py:183} INFO - Processing /home/joaosousa/projects/spotify-project/venv/lib/python3.12/site-packages/airflow/example_dags/example_short_circuit_decorator.py took 0.054 seconds
[2025-10-27T21:39:15.300-0300] {processor.py:161} INFO - Started process (PID=1992) to work on /home/joaosousa/projects/spotify-project/venv/lib/python3.12/site-packages/airflow/example_dags/example_short_circuit_decorator.py
[2025-10-27T21:39:15.301-0300] {processor.py:830} INFO - Processing file /home/joaosousa/projects/spotify-project/venv/lib/python3.12/site-packages/airflow/example_dags/example_short_circuit_decorator.py for tasks to queue
[2025-10-27T21:39:15.303-0300] {logging_mixin.py:188} INFO - [2025-10-27T21:39:15.302-0300] {dagbag.py:545} INFO - Filling up the DagBag from /home/joaosousa/projects/spotify-project/venv/lib/python3.12/site-packages/airflow/example_dags/example_short_circuit_decorator.py
[2025-10-27T21:39:15.309-0300] {processor.py:840} INFO - DAG(s) 'example_short_circuit_decorator' retrieved from /home/joaosousa/projects/spotify-project/venv/lib/python3.12/site-packages/airflow/example_dags/example_short_circuit_decorator.py
[2025-10-27T21:39:15.321-0300] {logging_mixin.py:188} INFO - [2025-10-27T21:39:15.321-0300] {dag.py:3096} INFO - Sync 1 DAGs
[2025-10-27T21:39:15.334-0300] {logging_mixin.py:188} INFO - [2025-10-27T21:39:15.334-0300] {dag.py:3954} INFO - Setting next_dagrun for example_short_circuit_decorator to 2025-10-27 00:00:00+00:00, run_after=2025-10-28 00:00:00+00:00
[2025-10-27T21:39:15.351-0300] {processor.py:183} INFO - Processing /home/joaosousa/projects/spotify-project/venv/lib/python3.12/site-packages/airflow/example_dags/example_short_circuit_decorator.py took 0.056 seconds
[2025-10-27T21:39:58.060-0300] {processor.py:161} INFO - Started process (PID=2062) to work on /home/joaosousa/projects/spotify-project/venv/lib/python3.12/site-packages/airflow/example_dags/example_short_circuit_decorator.py
[2025-10-27T21:39:58.062-0300] {processor.py:830} INFO - Processing file /home/joaosousa/projects/spotify-project/venv/lib/python3.12/site-packages/airflow/example_dags/example_short_circuit_decorator.py for tasks to queue
[2025-10-27T21:39:58.063-0300] {logging_mixin.py:188} INFO - [2025-10-27T21:39:58.063-0300] {dagbag.py:545} INFO - Filling up the DagBag from /home/joaosousa/projects/spotify-project/venv/lib/python3.12/site-packages/airflow/example_dags/example_short_circuit_decorator.py
[2025-10-27T21:39:58.070-0300] {processor.py:840} INFO - DAG(s) 'example_short_circuit_decorator' retrieved from /home/joaosousa/projects/spotify-project/venv/lib/python3.12/site-packages/airflow/example_dags/example_short_circuit_decorator.py
[2025-10-27T21:39:58.082-0300] {logging_mixin.py:188} INFO - [2025-10-27T21:39:58.082-0300] {dag.py:3096} INFO - Sync 1 DAGs
[2025-10-27T21:39:58.094-0300] {logging_mixin.py:188} INFO - [2025-10-27T21:39:58.094-0300] {dag.py:3954} INFO - Setting next_dagrun for example_short_circuit_decorator to 2025-10-27 00:00:00+00:00, run_after=2025-10-28 00:00:00+00:00
[2025-10-27T21:39:58.112-0300] {processor.py:183} INFO - Processing /home/joaosousa/projects/spotify-project/venv/lib/python3.12/site-packages/airflow/example_dags/example_short_circuit_decorator.py took 0.056 seconds
[2025-10-27T21:40:40.984-0300] {processor.py:161} INFO - Started process (PID=2138) to work on /home/joaosousa/projects/spotify-project/venv/lib/python3.12/site-packages/airflow/example_dags/example_short_circuit_decorator.py
[2025-10-27T21:40:40.986-0300] {processor.py:830} INFO - Processing file /home/joaosousa/projects/spotify-project/venv/lib/python3.12/site-packages/airflow/example_dags/example_short_circuit_decorator.py for tasks to queue
[2025-10-27T21:40:40.988-0300] {logging_mixin.py:188} INFO - [2025-10-27T21:40:40.988-0300] {dagbag.py:545} INFO - Filling up the DagBag from /home/joaosousa/projects/spotify-project/venv/lib/python3.12/site-packages/airflow/example_dags/example_short_circuit_decorator.py
[2025-10-27T21:40:40.996-0300] {processor.py:840} INFO - DAG(s) 'example_short_circuit_decorator' retrieved from /home/joaosousa/projects/spotify-project/venv/lib/python3.12/site-packages/airflow/example_dags/example_short_circuit_decorator.py
[2025-10-27T21:40:41.013-0300] {logging_mixin.py:188} INFO - [2025-10-27T21:40:41.012-0300] {dag.py:3096} INFO - Sync 1 DAGs
[2025-10-27T21:40:41.030-0300] {logging_mixin.py:188} INFO - [2025-10-27T21:40:41.029-0300] {dag.py:3954} INFO - Setting next_dagrun for example_short_circuit_decorator to 2025-10-27 00:00:00+00:00, run_after=2025-10-28 00:00:00+00:00
[2025-10-27T21:40:41.056-0300] {processor.py:183} INFO - Processing /home/joaosousa/projects/spotify-project/venv/lib/python3.12/site-packages/airflow/example_dags/example_short_circuit_decorator.py took 0.077 seconds
[2025-10-27T21:41:41.776-0300] {processor.py:161} INFO - Started process (PID=2278) to work on /home/joaosousa/projects/spotify-project/venv/lib/python3.12/site-packages/airflow/example_dags/example_short_circuit_decorator.py
[2025-10-27T21:41:41.792-0300] {processor.py:830} INFO - Processing file /home/joaosousa/projects/spotify-project/venv/lib/python3.12/site-packages/airflow/example_dags/example_short_circuit_decorator.py for tasks to queue
[2025-10-27T21:41:41.793-0300] {logging_mixin.py:188} INFO - [2025-10-27T21:41:41.793-0300] {dagbag.py:545} INFO - Filling up the DagBag from /home/joaosousa/projects/spotify-project/venv/lib/python3.12/site-packages/airflow/example_dags/example_short_circuit_decorator.py
[2025-10-27T21:41:41.800-0300] {processor.py:840} INFO - DAG(s) 'example_short_circuit_decorator' retrieved from /home/joaosousa/projects/spotify-project/venv/lib/python3.12/site-packages/airflow/example_dags/example_short_circuit_decorator.py
[2025-10-27T21:41:41.813-0300] {logging_mixin.py:188} INFO - [2025-10-27T21:41:41.812-0300] {dag.py:3096} INFO - Sync 1 DAGs
[2025-10-27T21:41:41.826-0300] {logging_mixin.py:188} INFO - [2025-10-27T21:41:41.826-0300] {dag.py:3954} INFO - Setting next_dagrun for example_short_circuit_decorator to 2025-10-27 00:00:00+00:00, run_after=2025-10-28 00:00:00+00:00
[2025-10-27T21:41:41.852-0300] {processor.py:183} INFO - Processing /home/joaosousa/projects/spotify-project/venv/lib/python3.12/site-packages/airflow/example_dags/example_short_circuit_decorator.py took 0.080 seconds
[2025-10-27T21:42:39.529-0300] {processor.py:161} INFO - Started process (PID=2448) to work on /home/joaosousa/projects/spotify-project/venv/lib/python3.12/site-packages/airflow/example_dags/example_short_circuit_decorator.py
[2025-10-27T21:42:39.531-0300] {processor.py:830} INFO - Processing file /home/joaosousa/projects/spotify-project/venv/lib/python3.12/site-packages/airflow/example_dags/example_short_circuit_decorator.py for tasks to queue
[2025-10-27T21:42:39.533-0300] {logging_mixin.py:188} INFO - [2025-10-27T21:42:39.532-0300] {dagbag.py:545} INFO - Filling up the DagBag from /home/joaosousa/projects/spotify-project/venv/lib/python3.12/site-packages/airflow/example_dags/example_short_circuit_decorator.py
[2025-10-27T21:42:39.539-0300] {processor.py:840} INFO - DAG(s) 'example_short_circuit_decorator' retrieved from /home/joaosousa/projects/spotify-project/venv/lib/python3.12/site-packages/airflow/example_dags/example_short_circuit_decorator.py
[2025-10-27T21:42:39.552-0300] {logging_mixin.py:188} INFO - [2025-10-27T21:42:39.552-0300] {dag.py:3096} INFO - Sync 1 DAGs
[2025-10-27T21:42:39.568-0300] {logging_mixin.py:188} INFO - [2025-10-27T21:42:39.568-0300] {dag.py:3954} INFO - Setting next_dagrun for example_short_circuit_decorator to 2025-10-27 00:00:00+00:00, run_after=2025-10-28 00:00:00+00:00
[2025-10-27T21:42:39.620-0300] {processor.py:183} INFO - Processing /home/joaosousa/projects/spotify-project/venv/lib/python3.12/site-packages/airflow/example_dags/example_short_circuit_decorator.py took 0.095 seconds
[2025-10-27T21:43:40.596-0300] {processor.py:161} INFO - Started process (PID=2557) to work on /home/joaosousa/projects/spotify-project/venv/lib/python3.12/site-packages/airflow/example_dags/example_short_circuit_decorator.py
[2025-10-27T21:43:40.598-0300] {processor.py:830} INFO - Processing file /home/joaosousa/projects/spotify-project/venv/lib/python3.12/site-packages/airflow/example_dags/example_short_circuit_decorator.py for tasks to queue
[2025-10-27T21:43:40.600-0300] {logging_mixin.py:188} INFO - [2025-10-27T21:43:40.599-0300] {dagbag.py:545} INFO - Filling up the DagBag from /home/joaosousa/projects/spotify-project/venv/lib/python3.12/site-packages/airflow/example_dags/example_short_circuit_decorator.py
[2025-10-27T21:43:40.606-0300] {processor.py:840} INFO - DAG(s) 'example_short_circuit_decorator' retrieved from /home/joaosousa/projects/spotify-project/venv/lib/python3.12/site-packages/airflow/example_dags/example_short_circuit_decorator.py
[2025-10-27T21:43:40.619-0300] {logging_mixin.py:188} INFO - [2025-10-27T21:43:40.619-0300] {dag.py:3096} INFO - Sync 1 DAGs
[2025-10-27T21:43:40.631-0300] {logging_mixin.py:188} INFO - [2025-10-27T21:43:40.631-0300] {dag.py:3954} INFO - Setting next_dagrun for example_short_circuit_decorator to 2025-10-27 00:00:00+00:00, run_after=2025-10-28 00:00:00+00:00
[2025-10-27T21:43:40.646-0300] {processor.py:183} INFO - Processing /home/joaosousa/projects/spotify-project/venv/lib/python3.12/site-packages/airflow/example_dags/example_short_circuit_decorator.py took 0.054 seconds
[2025-10-27T21:44:38.856-0300] {processor.py:161} INFO - Started process (PID=2660) to work on /home/joaosousa/projects/spotify-project/venv/lib/python3.12/site-packages/airflow/example_dags/example_short_circuit_decorator.py
[2025-10-27T21:44:38.858-0300] {processor.py:830} INFO - Processing file /home/joaosousa/projects/spotify-project/venv/lib/python3.12/site-packages/airflow/example_dags/example_short_circuit_decorator.py for tasks to queue
[2025-10-27T21:44:38.859-0300] {logging_mixin.py:188} INFO - [2025-10-27T21:44:38.859-0300] {dagbag.py:545} INFO - Filling up the DagBag from /home/joaosousa/projects/spotify-project/venv/lib/python3.12/site-packages/airflow/example_dags/example_short_circuit_decorator.py
[2025-10-27T21:44:38.865-0300] {processor.py:840} INFO - DAG(s) 'example_short_circuit_decorator' retrieved from /home/joaosousa/projects/spotify-project/venv/lib/python3.12/site-packages/airflow/example_dags/example_short_circuit_decorator.py
[2025-10-27T21:44:38.878-0300] {logging_mixin.py:188} INFO - [2025-10-27T21:44:38.878-0300] {dag.py:3096} INFO - Sync 1 DAGs
[2025-10-27T21:44:38.890-0300] {logging_mixin.py:188} INFO - [2025-10-27T21:44:38.890-0300] {dag.py:3954} INFO - Setting next_dagrun for example_short_circuit_decorator to 2025-10-27 00:00:00+00:00, run_after=2025-10-28 00:00:00+00:00
[2025-10-27T21:44:38.905-0300] {processor.py:183} INFO - Processing /home/joaosousa/projects/spotify-project/venv/lib/python3.12/site-packages/airflow/example_dags/example_short_circuit_decorator.py took 0.053 seconds
[2025-10-27T21:45:37.197-0300] {processor.py:161} INFO - Started process (PID=2966) to work on /home/joaosousa/projects/spotify-project/venv/lib/python3.12/site-packages/airflow/example_dags/example_short_circuit_decorator.py
[2025-10-27T21:45:37.199-0300] {processor.py:830} INFO - Processing file /home/joaosousa/projects/spotify-project/venv/lib/python3.12/site-packages/airflow/example_dags/example_short_circuit_decorator.py for tasks to queue
[2025-10-27T21:45:37.201-0300] {logging_mixin.py:188} INFO - [2025-10-27T21:45:37.201-0300] {dagbag.py:545} INFO - Filling up the DagBag from /home/joaosousa/projects/spotify-project/venv/lib/python3.12/site-packages/airflow/example_dags/example_short_circuit_decorator.py
[2025-10-27T21:45:37.208-0300] {processor.py:840} INFO - DAG(s) 'example_short_circuit_decorator' retrieved from /home/joaosousa/projects/spotify-project/venv/lib/python3.12/site-packages/airflow/example_dags/example_short_circuit_decorator.py
[2025-10-27T21:45:37.222-0300] {logging_mixin.py:188} INFO - [2025-10-27T21:45:37.222-0300] {dag.py:3096} INFO - Sync 1 DAGs
[2025-10-27T21:45:37.236-0300] {logging_mixin.py:188} INFO - [2025-10-27T21:45:37.236-0300] {dag.py:3954} INFO - Setting next_dagrun for example_short_circuit_decorator to 2025-10-27 00:00:00+00:00, run_after=2025-10-28 00:00:00+00:00
[2025-10-27T21:45:37.251-0300] {processor.py:183} INFO - Processing /home/joaosousa/projects/spotify-project/venv/lib/python3.12/site-packages/airflow/example_dags/example_short_circuit_decorator.py took 0.058 seconds
[2025-10-27T21:46:41.478-0300] {processor.py:161} INFO - Started process (PID=3071) to work on /home/joaosousa/projects/spotify-project/venv/lib/python3.12/site-packages/airflow/example_dags/example_short_circuit_decorator.py
[2025-10-27T21:46:41.480-0300] {processor.py:830} INFO - Processing file /home/joaosousa/projects/spotify-project/venv/lib/python3.12/site-packages/airflow/example_dags/example_short_circuit_decorator.py for tasks to queue
[2025-10-27T21:46:41.482-0300] {logging_mixin.py:188} INFO - [2025-10-27T21:46:41.481-0300] {dagbag.py:545} INFO - Filling up the DagBag from /home/joaosousa/projects/spotify-project/venv/lib/python3.12/site-packages/airflow/example_dags/example_short_circuit_decorator.py
[2025-10-27T21:46:41.488-0300] {processor.py:840} INFO - DAG(s) 'example_short_circuit_decorator' retrieved from /home/joaosousa/projects/spotify-project/venv/lib/python3.12/site-packages/airflow/example_dags/example_short_circuit_decorator.py
[2025-10-27T21:46:41.500-0300] {logging_mixin.py:188} INFO - [2025-10-27T21:46:41.500-0300] {dag.py:3096} INFO - Sync 1 DAGs
[2025-10-27T21:46:41.514-0300] {logging_mixin.py:188} INFO - [2025-10-27T21:46:41.514-0300] {dag.py:3954} INFO - Setting next_dagrun for example_short_circuit_decorator to 2025-10-27 00:00:00+00:00, run_after=2025-10-28 00:00:00+00:00
[2025-10-27T21:46:41.529-0300] {processor.py:183} INFO - Processing /home/joaosousa/projects/spotify-project/venv/lib/python3.12/site-packages/airflow/example_dags/example_short_circuit_decorator.py took 0.055 seconds
[2025-10-27T21:47:26.755-0300] {processor.py:161} INFO - Started process (PID=3180) to work on /home/joaosousa/projects/spotify-project/venv/lib/python3.12/site-packages/airflow/example_dags/example_short_circuit_decorator.py
[2025-10-27T21:47:26.757-0300] {processor.py:830} INFO - Processing file /home/joaosousa/projects/spotify-project/venv/lib/python3.12/site-packages/airflow/example_dags/example_short_circuit_decorator.py for tasks to queue
[2025-10-27T21:47:26.759-0300] {logging_mixin.py:188} INFO - [2025-10-27T21:47:26.758-0300] {dagbag.py:545} INFO - Filling up the DagBag from /home/joaosousa/projects/spotify-project/venv/lib/python3.12/site-packages/airflow/example_dags/example_short_circuit_decorator.py
[2025-10-27T21:47:26.765-0300] {processor.py:840} INFO - DAG(s) 'example_short_circuit_decorator' retrieved from /home/joaosousa/projects/spotify-project/venv/lib/python3.12/site-packages/airflow/example_dags/example_short_circuit_decorator.py
[2025-10-27T21:47:26.777-0300] {logging_mixin.py:188} INFO - [2025-10-27T21:47:26.777-0300] {dag.py:3096} INFO - Sync 1 DAGs
[2025-10-27T21:47:26.789-0300] {logging_mixin.py:188} INFO - [2025-10-27T21:47:26.789-0300] {dag.py:3954} INFO - Setting next_dagrun for example_short_circuit_decorator to 2025-10-27 00:00:00+00:00, run_after=2025-10-28 00:00:00+00:00
[2025-10-27T21:47:26.803-0300] {processor.py:183} INFO - Processing /home/joaosousa/projects/spotify-project/venv/lib/python3.12/site-packages/airflow/example_dags/example_short_circuit_decorator.py took 0.052 seconds
[2025-10-27T21:48:10.708-0300] {processor.py:161} INFO - Started process (PID=3475) to work on /home/joaosousa/projects/spotify-project/venv/lib/python3.12/site-packages/airflow/example_dags/example_short_circuit_decorator.py
[2025-10-27T21:48:10.709-0300] {processor.py:830} INFO - Processing file /home/joaosousa/projects/spotify-project/venv/lib/python3.12/site-packages/airflow/example_dags/example_short_circuit_decorator.py for tasks to queue
[2025-10-27T21:48:10.711-0300] {logging_mixin.py:188} INFO - [2025-10-27T21:48:10.710-0300] {dagbag.py:545} INFO - Filling up the DagBag from /home/joaosousa/projects/spotify-project/venv/lib/python3.12/site-packages/airflow/example_dags/example_short_circuit_decorator.py
[2025-10-27T21:48:10.717-0300] {processor.py:840} INFO - DAG(s) 'example_short_circuit_decorator' retrieved from /home/joaosousa/projects/spotify-project/venv/lib/python3.12/site-packages/airflow/example_dags/example_short_circuit_decorator.py
[2025-10-27T21:48:10.730-0300] {logging_mixin.py:188} INFO - [2025-10-27T21:48:10.729-0300] {dag.py:3096} INFO - Sync 1 DAGs
[2025-10-27T21:48:10.742-0300] {logging_mixin.py:188} INFO - [2025-10-27T21:48:10.742-0300] {dag.py:3954} INFO - Setting next_dagrun for example_short_circuit_decorator to 2025-10-27 00:00:00+00:00, run_after=2025-10-28 00:00:00+00:00
[2025-10-27T21:48:10.759-0300] {processor.py:183} INFO - Processing /home/joaosousa/projects/spotify-project/venv/lib/python3.12/site-packages/airflow/example_dags/example_short_circuit_decorator.py took 0.056 seconds
[2025-10-27T21:49:10.493-0300] {processor.py:161} INFO - Started process (PID=3574) to work on /home/joaosousa/projects/spotify-project/venv/lib/python3.12/site-packages/airflow/example_dags/example_short_circuit_decorator.py
[2025-10-27T21:49:10.495-0300] {processor.py:830} INFO - Processing file /home/joaosousa/projects/spotify-project/venv/lib/python3.12/site-packages/airflow/example_dags/example_short_circuit_decorator.py for tasks to queue
[2025-10-27T21:49:10.497-0300] {logging_mixin.py:188} INFO - [2025-10-27T21:49:10.496-0300] {dagbag.py:545} INFO - Filling up the DagBag from /home/joaosousa/projects/spotify-project/venv/lib/python3.12/site-packages/airflow/example_dags/example_short_circuit_decorator.py
[2025-10-27T21:49:10.503-0300] {processor.py:840} INFO - DAG(s) 'example_short_circuit_decorator' retrieved from /home/joaosousa/projects/spotify-project/venv/lib/python3.12/site-packages/airflow/example_dags/example_short_circuit_decorator.py
[2025-10-27T21:49:10.516-0300] {logging_mixin.py:188} INFO - [2025-10-27T21:49:10.516-0300] {dag.py:3096} INFO - Sync 1 DAGs
[2025-10-27T21:49:10.529-0300] {logging_mixin.py:188} INFO - [2025-10-27T21:49:10.529-0300] {dag.py:3954} INFO - Setting next_dagrun for example_short_circuit_decorator to 2025-10-27 00:00:00+00:00, run_after=2025-10-28 00:00:00+00:00
[2025-10-27T21:49:10.545-0300] {processor.py:183} INFO - Processing /home/joaosousa/projects/spotify-project/venv/lib/python3.12/site-packages/airflow/example_dags/example_short_circuit_decorator.py took 0.056 seconds
[2025-10-27T21:50:08.676-0300] {processor.py:161} INFO - Started process (PID=3674) to work on /home/joaosousa/projects/spotify-project/venv/lib/python3.12/site-packages/airflow/example_dags/example_short_circuit_decorator.py
[2025-10-27T21:50:08.678-0300] {processor.py:830} INFO - Processing file /home/joaosousa/projects/spotify-project/venv/lib/python3.12/site-packages/airflow/example_dags/example_short_circuit_decorator.py for tasks to queue
[2025-10-27T21:50:08.679-0300] {logging_mixin.py:188} INFO - [2025-10-27T21:50:08.679-0300] {dagbag.py:545} INFO - Filling up the DagBag from /home/joaosousa/projects/spotify-project/venv/lib/python3.12/site-packages/airflow/example_dags/example_short_circuit_decorator.py
[2025-10-27T21:50:08.686-0300] {processor.py:840} INFO - DAG(s) 'example_short_circuit_decorator' retrieved from /home/joaosousa/projects/spotify-project/venv/lib/python3.12/site-packages/airflow/example_dags/example_short_circuit_decorator.py
[2025-10-27T21:50:08.700-0300] {logging_mixin.py:188} INFO - [2025-10-27T21:50:08.700-0300] {dag.py:3096} INFO - Sync 1 DAGs
[2025-10-27T21:50:08.712-0300] {logging_mixin.py:188} INFO - [2025-10-27T21:50:08.712-0300] {dag.py:3954} INFO - Setting next_dagrun for example_short_circuit_decorator to 2025-10-27 00:00:00+00:00, run_after=2025-10-28 00:00:00+00:00
[2025-10-27T21:50:08.727-0300] {processor.py:183} INFO - Processing /home/joaosousa/projects/spotify-project/venv/lib/python3.12/site-packages/airflow/example_dags/example_short_circuit_decorator.py took 0.055 seconds
[2025-10-27T21:50:52.336-0300] {processor.py:161} INFO - Started process (PID=3746) to work on /home/joaosousa/projects/spotify-project/venv/lib/python3.12/site-packages/airflow/example_dags/example_short_circuit_decorator.py
[2025-10-27T21:50:52.338-0300] {processor.py:830} INFO - Processing file /home/joaosousa/projects/spotify-project/venv/lib/python3.12/site-packages/airflow/example_dags/example_short_circuit_decorator.py for tasks to queue
[2025-10-27T21:50:52.340-0300] {logging_mixin.py:188} INFO - [2025-10-27T21:50:52.339-0300] {dagbag.py:545} INFO - Filling up the DagBag from /home/joaosousa/projects/spotify-project/venv/lib/python3.12/site-packages/airflow/example_dags/example_short_circuit_decorator.py
[2025-10-27T21:50:52.346-0300] {processor.py:840} INFO - DAG(s) 'example_short_circuit_decorator' retrieved from /home/joaosousa/projects/spotify-project/venv/lib/python3.12/site-packages/airflow/example_dags/example_short_circuit_decorator.py
[2025-10-27T21:50:52.359-0300] {logging_mixin.py:188} INFO - [2025-10-27T21:50:52.359-0300] {dag.py:3096} INFO - Sync 1 DAGs
[2025-10-27T21:50:52.373-0300] {logging_mixin.py:188} INFO - [2025-10-27T21:50:52.372-0300] {dag.py:3954} INFO - Setting next_dagrun for example_short_circuit_decorator to 2025-10-27 00:00:00+00:00, run_after=2025-10-28 00:00:00+00:00
[2025-10-27T21:50:52.387-0300] {processor.py:183} INFO - Processing /home/joaosousa/projects/spotify-project/venv/lib/python3.12/site-packages/airflow/example_dags/example_short_circuit_decorator.py took 0.056 seconds
[2025-10-27T21:51:33.921-0300] {processor.py:161} INFO - Started process (PID=3819) to work on /home/joaosousa/projects/spotify-project/venv/lib/python3.12/site-packages/airflow/example_dags/example_short_circuit_decorator.py
[2025-10-27T21:51:33.923-0300] {processor.py:830} INFO - Processing file /home/joaosousa/projects/spotify-project/venv/lib/python3.12/site-packages/airflow/example_dags/example_short_circuit_decorator.py for tasks to queue
[2025-10-27T21:51:33.924-0300] {logging_mixin.py:188} INFO - [2025-10-27T21:51:33.924-0300] {dagbag.py:545} INFO - Filling up the DagBag from /home/joaosousa/projects/spotify-project/venv/lib/python3.12/site-packages/airflow/example_dags/example_short_circuit_decorator.py
[2025-10-27T21:51:33.930-0300] {processor.py:840} INFO - DAG(s) 'example_short_circuit_decorator' retrieved from /home/joaosousa/projects/spotify-project/venv/lib/python3.12/site-packages/airflow/example_dags/example_short_circuit_decorator.py
[2025-10-27T21:51:33.943-0300] {logging_mixin.py:188} INFO - [2025-10-27T21:51:33.943-0300] {dag.py:3096} INFO - Sync 1 DAGs
[2025-10-27T21:51:33.957-0300] {logging_mixin.py:188} INFO - [2025-10-27T21:51:33.956-0300] {dag.py:3954} INFO - Setting next_dagrun for example_short_circuit_decorator to 2025-10-27 00:00:00+00:00, run_after=2025-10-28 00:00:00+00:00
[2025-10-27T21:51:33.971-0300] {processor.py:183} INFO - Processing /home/joaosousa/projects/spotify-project/venv/lib/python3.12/site-packages/airflow/example_dags/example_short_circuit_decorator.py took 0.055 seconds
[2025-10-27T21:52:16.943-0300] {processor.py:161} INFO - Started process (PID=3920) to work on /home/joaosousa/projects/spotify-project/venv/lib/python3.12/site-packages/airflow/example_dags/example_short_circuit_decorator.py
[2025-10-27T21:52:16.945-0300] {processor.py:830} INFO - Processing file /home/joaosousa/projects/spotify-project/venv/lib/python3.12/site-packages/airflow/example_dags/example_short_circuit_decorator.py for tasks to queue
[2025-10-27T21:52:16.946-0300] {logging_mixin.py:188} INFO - [2025-10-27T21:52:16.946-0300] {dagbag.py:545} INFO - Filling up the DagBag from /home/joaosousa/projects/spotify-project/venv/lib/python3.12/site-packages/airflow/example_dags/example_short_circuit_decorator.py
[2025-10-27T21:52:16.955-0300] {processor.py:840} INFO - DAG(s) 'example_short_circuit_decorator' retrieved from /home/joaosousa/projects/spotify-project/venv/lib/python3.12/site-packages/airflow/example_dags/example_short_circuit_decorator.py
[2025-10-27T21:52:16.969-0300] {logging_mixin.py:188} INFO - [2025-10-27T21:52:16.969-0300] {dag.py:3096} INFO - Sync 1 DAGs
[2025-10-27T21:52:16.983-0300] {logging_mixin.py:188} INFO - [2025-10-27T21:52:16.983-0300] {dag.py:3954} INFO - Setting next_dagrun for example_short_circuit_decorator to 2025-10-27 00:00:00+00:00, run_after=2025-10-28 00:00:00+00:00
[2025-10-27T21:52:17.001-0300] {processor.py:183} INFO - Processing /home/joaosousa/projects/spotify-project/venv/lib/python3.12/site-packages/airflow/example_dags/example_short_circuit_decorator.py took 0.063 seconds
[2025-10-27T21:52:57.976-0300] {processor.py:161} INFO - Started process (PID=4010) to work on /home/joaosousa/projects/spotify-project/venv/lib/python3.12/site-packages/airflow/example_dags/example_short_circuit_decorator.py
[2025-10-27T21:52:57.978-0300] {processor.py:830} INFO - Processing file /home/joaosousa/projects/spotify-project/venv/lib/python3.12/site-packages/airflow/example_dags/example_short_circuit_decorator.py for tasks to queue
[2025-10-27T21:52:57.979-0300] {logging_mixin.py:188} INFO - [2025-10-27T21:52:57.979-0300] {dagbag.py:545} INFO - Filling up the DagBag from /home/joaosousa/projects/spotify-project/venv/lib/python3.12/site-packages/airflow/example_dags/example_short_circuit_decorator.py
[2025-10-27T21:52:57.986-0300] {processor.py:840} INFO - DAG(s) 'example_short_circuit_decorator' retrieved from /home/joaosousa/projects/spotify-project/venv/lib/python3.12/site-packages/airflow/example_dags/example_short_circuit_decorator.py
[2025-10-27T21:52:57.998-0300] {logging_mixin.py:188} INFO - [2025-10-27T21:52:57.998-0300] {dag.py:3096} INFO - Sync 1 DAGs
[2025-10-27T21:52:58.011-0300] {logging_mixin.py:188} INFO - [2025-10-27T21:52:58.011-0300] {dag.py:3954} INFO - Setting next_dagrun for example_short_circuit_decorator to 2025-10-27 00:00:00+00:00, run_after=2025-10-28 00:00:00+00:00
[2025-10-27T21:52:58.025-0300] {processor.py:183} INFO - Processing /home/joaosousa/projects/spotify-project/venv/lib/python3.12/site-packages/airflow/example_dags/example_short_circuit_decorator.py took 0.054 seconds
[2025-10-27T21:53:58.096-0300] {processor.py:161} INFO - Started process (PID=4134) to work on /home/joaosousa/projects/spotify-project/venv/lib/python3.12/site-packages/airflow/example_dags/example_short_circuit_decorator.py
[2025-10-27T21:53:58.099-0300] {processor.py:830} INFO - Processing file /home/joaosousa/projects/spotify-project/venv/lib/python3.12/site-packages/airflow/example_dags/example_short_circuit_decorator.py for tasks to queue
[2025-10-27T21:53:58.101-0300] {logging_mixin.py:188} INFO - [2025-10-27T21:53:58.100-0300] {dagbag.py:545} INFO - Filling up the DagBag from /home/joaosousa/projects/spotify-project/venv/lib/python3.12/site-packages/airflow/example_dags/example_short_circuit_decorator.py
[2025-10-27T21:53:58.108-0300] {processor.py:840} INFO - DAG(s) 'example_short_circuit_decorator' retrieved from /home/joaosousa/projects/spotify-project/venv/lib/python3.12/site-packages/airflow/example_dags/example_short_circuit_decorator.py
[2025-10-27T21:53:58.122-0300] {logging_mixin.py:188} INFO - [2025-10-27T21:53:58.122-0300] {dag.py:3096} INFO - Sync 1 DAGs
[2025-10-27T21:53:58.135-0300] {logging_mixin.py:188} INFO - [2025-10-27T21:53:58.134-0300] {dag.py:3954} INFO - Setting next_dagrun for example_short_circuit_decorator to 2025-10-27 00:00:00+00:00, run_after=2025-10-28 00:00:00+00:00
[2025-10-27T21:53:58.149-0300] {processor.py:183} INFO - Processing /home/joaosousa/projects/spotify-project/venv/lib/python3.12/site-packages/airflow/example_dags/example_short_circuit_decorator.py took 0.059 seconds
[2025-10-27T21:54:42.655-0300] {processor.py:161} INFO - Started process (PID=4224) to work on /home/joaosousa/projects/spotify-project/venv/lib/python3.12/site-packages/airflow/example_dags/example_short_circuit_decorator.py
[2025-10-27T21:54:42.657-0300] {processor.py:830} INFO - Processing file /home/joaosousa/projects/spotify-project/venv/lib/python3.12/site-packages/airflow/example_dags/example_short_circuit_decorator.py for tasks to queue
[2025-10-27T21:54:42.658-0300] {logging_mixin.py:188} INFO - [2025-10-27T21:54:42.658-0300] {dagbag.py:545} INFO - Filling up the DagBag from /home/joaosousa/projects/spotify-project/venv/lib/python3.12/site-packages/airflow/example_dags/example_short_circuit_decorator.py
[2025-10-27T21:54:42.665-0300] {processor.py:840} INFO - DAG(s) 'example_short_circuit_decorator' retrieved from /home/joaosousa/projects/spotify-project/venv/lib/python3.12/site-packages/airflow/example_dags/example_short_circuit_decorator.py
[2025-10-27T21:54:42.677-0300] {logging_mixin.py:188} INFO - [2025-10-27T21:54:42.677-0300] {dag.py:3096} INFO - Sync 1 DAGs
[2025-10-27T21:54:42.689-0300] {logging_mixin.py:188} INFO - [2025-10-27T21:54:42.689-0300] {dag.py:3954} INFO - Setting next_dagrun for example_short_circuit_decorator to 2025-10-27 00:00:00+00:00, run_after=2025-10-28 00:00:00+00:00
[2025-10-27T21:54:42.704-0300] {processor.py:183} INFO - Processing /home/joaosousa/projects/spotify-project/venv/lib/python3.12/site-packages/airflow/example_dags/example_short_circuit_decorator.py took 0.053 seconds
[2025-10-27T21:55:26.188-0300] {processor.py:161} INFO - Started process (PID=4295) to work on /home/joaosousa/projects/spotify-project/venv/lib/python3.12/site-packages/airflow/example_dags/example_short_circuit_decorator.py
[2025-10-27T21:55:26.190-0300] {processor.py:830} INFO - Processing file /home/joaosousa/projects/spotify-project/venv/lib/python3.12/site-packages/airflow/example_dags/example_short_circuit_decorator.py for tasks to queue
[2025-10-27T21:55:26.191-0300] {logging_mixin.py:188} INFO - [2025-10-27T21:55:26.191-0300] {dagbag.py:545} INFO - Filling up the DagBag from /home/joaosousa/projects/spotify-project/venv/lib/python3.12/site-packages/airflow/example_dags/example_short_circuit_decorator.py
[2025-10-27T21:55:26.198-0300] {processor.py:840} INFO - DAG(s) 'example_short_circuit_decorator' retrieved from /home/joaosousa/projects/spotify-project/venv/lib/python3.12/site-packages/airflow/example_dags/example_short_circuit_decorator.py
[2025-10-27T21:55:26.210-0300] {logging_mixin.py:188} INFO - [2025-10-27T21:55:26.210-0300] {dag.py:3096} INFO - Sync 1 DAGs
[2025-10-27T21:55:26.223-0300] {logging_mixin.py:188} INFO - [2025-10-27T21:55:26.223-0300] {dag.py:3954} INFO - Setting next_dagrun for example_short_circuit_decorator to 2025-10-27 00:00:00+00:00, run_after=2025-10-28 00:00:00+00:00
[2025-10-27T21:55:26.238-0300] {processor.py:183} INFO - Processing /home/joaosousa/projects/spotify-project/venv/lib/python3.12/site-packages/airflow/example_dags/example_short_circuit_decorator.py took 0.054 seconds
[2025-10-27T21:56:29.274-0300] {processor.py:161} INFO - Started process (PID=4398) to work on /home/joaosousa/projects/spotify-project/venv/lib/python3.12/site-packages/airflow/example_dags/example_short_circuit_decorator.py
[2025-10-27T21:56:29.275-0300] {processor.py:830} INFO - Processing file /home/joaosousa/projects/spotify-project/venv/lib/python3.12/site-packages/airflow/example_dags/example_short_circuit_decorator.py for tasks to queue
[2025-10-27T21:56:29.276-0300] {logging_mixin.py:188} INFO - [2025-10-27T21:56:29.276-0300] {dagbag.py:545} INFO - Filling up the DagBag from /home/joaosousa/projects/spotify-project/venv/lib/python3.12/site-packages/airflow/example_dags/example_short_circuit_decorator.py
[2025-10-27T21:56:29.283-0300] {processor.py:840} INFO - DAG(s) 'example_short_circuit_decorator' retrieved from /home/joaosousa/projects/spotify-project/venv/lib/python3.12/site-packages/airflow/example_dags/example_short_circuit_decorator.py
[2025-10-27T21:56:29.296-0300] {logging_mixin.py:188} INFO - [2025-10-27T21:56:29.296-0300] {dag.py:3096} INFO - Sync 1 DAGs
[2025-10-27T21:56:29.308-0300] {logging_mixin.py:188} INFO - [2025-10-27T21:56:29.308-0300] {dag.py:3954} INFO - Setting next_dagrun for example_short_circuit_decorator to 2025-10-27 00:00:00+00:00, run_after=2025-10-28 00:00:00+00:00
[2025-10-27T21:56:29.323-0300] {processor.py:183} INFO - Processing /home/joaosousa/projects/spotify-project/venv/lib/python3.12/site-packages/airflow/example_dags/example_short_circuit_decorator.py took 0.053 seconds
[2025-10-27T21:57:30.274-0300] {processor.py:161} INFO - Started process (PID=4594) to work on /home/joaosousa/projects/spotify-project/venv/lib/python3.12/site-packages/airflow/example_dags/example_short_circuit_decorator.py
[2025-10-27T21:57:30.276-0300] {processor.py:830} INFO - Processing file /home/joaosousa/projects/spotify-project/venv/lib/python3.12/site-packages/airflow/example_dags/example_short_circuit_decorator.py for tasks to queue
[2025-10-27T21:57:30.277-0300] {logging_mixin.py:188} INFO - [2025-10-27T21:57:30.277-0300] {dagbag.py:545} INFO - Filling up the DagBag from /home/joaosousa/projects/spotify-project/venv/lib/python3.12/site-packages/airflow/example_dags/example_short_circuit_decorator.py
[2025-10-27T21:57:30.284-0300] {processor.py:840} INFO - DAG(s) 'example_short_circuit_decorator' retrieved from /home/joaosousa/projects/spotify-project/venv/lib/python3.12/site-packages/airflow/example_dags/example_short_circuit_decorator.py
[2025-10-27T21:57:30.295-0300] {logging_mixin.py:188} INFO - [2025-10-27T21:57:30.295-0300] {dag.py:3096} INFO - Sync 1 DAGs
[2025-10-27T21:57:30.307-0300] {logging_mixin.py:188} INFO - [2025-10-27T21:57:30.307-0300] {dag.py:3954} INFO - Setting next_dagrun for example_short_circuit_decorator to 2025-10-27 00:00:00+00:00, run_after=2025-10-28 00:00:00+00:00
[2025-10-27T21:57:30.322-0300] {processor.py:183} INFO - Processing /home/joaosousa/projects/spotify-project/venv/lib/python3.12/site-packages/airflow/example_dags/example_short_circuit_decorator.py took 0.052 seconds
[2025-10-27T21:58:30.810-0300] {processor.py:161} INFO - Started process (PID=4698) to work on /home/joaosousa/projects/spotify-project/venv/lib/python3.12/site-packages/airflow/example_dags/example_short_circuit_decorator.py
[2025-10-27T21:58:30.811-0300] {processor.py:830} INFO - Processing file /home/joaosousa/projects/spotify-project/venv/lib/python3.12/site-packages/airflow/example_dags/example_short_circuit_decorator.py for tasks to queue
[2025-10-27T21:58:30.813-0300] {logging_mixin.py:188} INFO - [2025-10-27T21:58:30.812-0300] {dagbag.py:545} INFO - Filling up the DagBag from /home/joaosousa/projects/spotify-project/venv/lib/python3.12/site-packages/airflow/example_dags/example_short_circuit_decorator.py
[2025-10-27T21:58:30.819-0300] {processor.py:840} INFO - DAG(s) 'example_short_circuit_decorator' retrieved from /home/joaosousa/projects/spotify-project/venv/lib/python3.12/site-packages/airflow/example_dags/example_short_circuit_decorator.py
[2025-10-27T21:58:30.831-0300] {logging_mixin.py:188} INFO - [2025-10-27T21:58:30.831-0300] {dag.py:3096} INFO - Sync 1 DAGs
[2025-10-27T21:58:30.844-0300] {logging_mixin.py:188} INFO - [2025-10-27T21:58:30.844-0300] {dag.py:3954} INFO - Setting next_dagrun for example_short_circuit_decorator to 2025-10-27 00:00:00+00:00, run_after=2025-10-28 00:00:00+00:00
[2025-10-27T21:58:30.858-0300] {processor.py:183} INFO - Processing /home/joaosousa/projects/spotify-project/venv/lib/python3.12/site-packages/airflow/example_dags/example_short_circuit_decorator.py took 0.053 seconds
[2025-10-27T21:59:29.103-0300] {processor.py:161} INFO - Started process (PID=4799) to work on /home/joaosousa/projects/spotify-project/venv/lib/python3.12/site-packages/airflow/example_dags/example_short_circuit_decorator.py
[2025-10-27T21:59:29.104-0300] {processor.py:830} INFO - Processing file /home/joaosousa/projects/spotify-project/venv/lib/python3.12/site-packages/airflow/example_dags/example_short_circuit_decorator.py for tasks to queue
[2025-10-27T21:59:29.106-0300] {logging_mixin.py:188} INFO - [2025-10-27T21:59:29.106-0300] {dagbag.py:545} INFO - Filling up the DagBag from /home/joaosousa/projects/spotify-project/venv/lib/python3.12/site-packages/airflow/example_dags/example_short_circuit_decorator.py
[2025-10-27T21:59:29.113-0300] {processor.py:840} INFO - DAG(s) 'example_short_circuit_decorator' retrieved from /home/joaosousa/projects/spotify-project/venv/lib/python3.12/site-packages/airflow/example_dags/example_short_circuit_decorator.py
[2025-10-27T21:59:29.125-0300] {logging_mixin.py:188} INFO - [2025-10-27T21:59:29.125-0300] {dag.py:3096} INFO - Sync 1 DAGs
[2025-10-27T21:59:29.137-0300] {logging_mixin.py:188} INFO - [2025-10-27T21:59:29.137-0300] {dag.py:3954} INFO - Setting next_dagrun for example_short_circuit_decorator to 2025-10-27 00:00:00+00:00, run_after=2025-10-28 00:00:00+00:00
[2025-10-27T21:59:29.153-0300] {processor.py:183} INFO - Processing /home/joaosousa/projects/spotify-project/venv/lib/python3.12/site-packages/airflow/example_dags/example_short_circuit_decorator.py took 0.055 seconds
[2025-10-27T22:00:13.949-0300] {processor.py:161} INFO - Started process (PID=4898) to work on /home/joaosousa/projects/spotify-project/venv/lib/python3.12/site-packages/airflow/example_dags/example_short_circuit_decorator.py
[2025-10-27T22:00:13.951-0300] {processor.py:830} INFO - Processing file /home/joaosousa/projects/spotify-project/venv/lib/python3.12/site-packages/airflow/example_dags/example_short_circuit_decorator.py for tasks to queue
[2025-10-27T22:00:13.952-0300] {logging_mixin.py:188} INFO - [2025-10-27T22:00:13.952-0300] {dagbag.py:545} INFO - Filling up the DagBag from /home/joaosousa/projects/spotify-project/venv/lib/python3.12/site-packages/airflow/example_dags/example_short_circuit_decorator.py
[2025-10-27T22:00:13.958-0300] {processor.py:840} INFO - DAG(s) 'example_short_circuit_decorator' retrieved from /home/joaosousa/projects/spotify-project/venv/lib/python3.12/site-packages/airflow/example_dags/example_short_circuit_decorator.py
[2025-10-27T22:00:13.971-0300] {logging_mixin.py:188} INFO - [2025-10-27T22:00:13.971-0300] {dag.py:3096} INFO - Sync 1 DAGs
[2025-10-27T22:00:13.984-0300] {logging_mixin.py:188} INFO - [2025-10-27T22:00:13.984-0300] {dag.py:3954} INFO - Setting next_dagrun for example_short_circuit_decorator to 2025-10-27 00:00:00+00:00, run_after=2025-10-28 00:00:00+00:00
[2025-10-27T22:00:13.998-0300] {processor.py:183} INFO - Processing /home/joaosousa/projects/spotify-project/venv/lib/python3.12/site-packages/airflow/example_dags/example_short_circuit_decorator.py took 0.054 seconds
[2025-10-27T22:00:57.669-0300] {processor.py:161} INFO - Started process (PID=4974) to work on /home/joaosousa/projects/spotify-project/venv/lib/python3.12/site-packages/airflow/example_dags/example_short_circuit_decorator.py
[2025-10-27T22:00:57.671-0300] {processor.py:830} INFO - Processing file /home/joaosousa/projects/spotify-project/venv/lib/python3.12/site-packages/airflow/example_dags/example_short_circuit_decorator.py for tasks to queue
[2025-10-27T22:00:57.673-0300] {logging_mixin.py:188} INFO - [2025-10-27T22:00:57.672-0300] {dagbag.py:545} INFO - Filling up the DagBag from /home/joaosousa/projects/spotify-project/venv/lib/python3.12/site-packages/airflow/example_dags/example_short_circuit_decorator.py
[2025-10-27T22:00:57.679-0300] {processor.py:840} INFO - DAG(s) 'example_short_circuit_decorator' retrieved from /home/joaosousa/projects/spotify-project/venv/lib/python3.12/site-packages/airflow/example_dags/example_short_circuit_decorator.py
[2025-10-27T22:00:57.691-0300] {logging_mixin.py:188} INFO - [2025-10-27T22:00:57.691-0300] {dag.py:3096} INFO - Sync 1 DAGs
[2025-10-27T22:00:57.703-0300] {logging_mixin.py:188} INFO - [2025-10-27T22:00:57.703-0300] {dag.py:3954} INFO - Setting next_dagrun for example_short_circuit_decorator to 2025-10-27 00:00:00+00:00, run_after=2025-10-28 00:00:00+00:00
[2025-10-27T22:00:57.719-0300] {processor.py:183} INFO - Processing /home/joaosousa/projects/spotify-project/venv/lib/python3.12/site-packages/airflow/example_dags/example_short_circuit_decorator.py took 0.054 seconds
[2025-10-27T22:01:57.282-0300] {processor.py:161} INFO - Started process (PID=5064) to work on /home/joaosousa/projects/spotify-project/venv/lib/python3.12/site-packages/airflow/example_dags/example_short_circuit_decorator.py
[2025-10-27T22:01:57.284-0300] {processor.py:830} INFO - Processing file /home/joaosousa/projects/spotify-project/venv/lib/python3.12/site-packages/airflow/example_dags/example_short_circuit_decorator.py for tasks to queue
[2025-10-27T22:01:57.285-0300] {logging_mixin.py:188} INFO - [2025-10-27T22:01:57.285-0300] {dagbag.py:545} INFO - Filling up the DagBag from /home/joaosousa/projects/spotify-project/venv/lib/python3.12/site-packages/airflow/example_dags/example_short_circuit_decorator.py
[2025-10-27T22:01:57.292-0300] {processor.py:840} INFO - DAG(s) 'example_short_circuit_decorator' retrieved from /home/joaosousa/projects/spotify-project/venv/lib/python3.12/site-packages/airflow/example_dags/example_short_circuit_decorator.py
[2025-10-27T22:01:57.304-0300] {logging_mixin.py:188} INFO - [2025-10-27T22:01:57.304-0300] {dag.py:3096} INFO - Sync 1 DAGs
[2025-10-27T22:01:57.317-0300] {logging_mixin.py:188} INFO - [2025-10-27T22:01:57.317-0300] {dag.py:3954} INFO - Setting next_dagrun for example_short_circuit_decorator to 2025-10-27 00:00:00+00:00, run_after=2025-10-28 00:00:00+00:00
[2025-10-27T22:01:57.333-0300] {processor.py:183} INFO - Processing /home/joaosousa/projects/spotify-project/venv/lib/python3.12/site-packages/airflow/example_dags/example_short_circuit_decorator.py took 0.055 seconds
[2025-10-27T22:02:59.191-0300] {processor.py:161} INFO - Started process (PID=5187) to work on /home/joaosousa/projects/spotify-project/venv/lib/python3.12/site-packages/airflow/example_dags/example_short_circuit_decorator.py
[2025-10-27T22:02:59.192-0300] {processor.py:830} INFO - Processing file /home/joaosousa/projects/spotify-project/venv/lib/python3.12/site-packages/airflow/example_dags/example_short_circuit_decorator.py for tasks to queue
[2025-10-27T22:02:59.193-0300] {logging_mixin.py:188} INFO - [2025-10-27T22:02:59.193-0300] {dagbag.py:545} INFO - Filling up the DagBag from /home/joaosousa/projects/spotify-project/venv/lib/python3.12/site-packages/airflow/example_dags/example_short_circuit_decorator.py
[2025-10-27T22:02:59.200-0300] {processor.py:840} INFO - DAG(s) 'example_short_circuit_decorator' retrieved from /home/joaosousa/projects/spotify-project/venv/lib/python3.12/site-packages/airflow/example_dags/example_short_circuit_decorator.py
[2025-10-27T22:02:59.212-0300] {logging_mixin.py:188} INFO - [2025-10-27T22:02:59.212-0300] {dag.py:3096} INFO - Sync 1 DAGs
[2025-10-27T22:02:59.224-0300] {logging_mixin.py:188} INFO - [2025-10-27T22:02:59.223-0300] {dag.py:3954} INFO - Setting next_dagrun for example_short_circuit_decorator to 2025-10-27 00:00:00+00:00, run_after=2025-10-28 00:00:00+00:00
[2025-10-27T22:02:59.238-0300] {processor.py:183} INFO - Processing /home/joaosousa/projects/spotify-project/venv/lib/python3.12/site-packages/airflow/example_dags/example_short_circuit_decorator.py took 0.051 seconds
[2025-10-27T22:03:58.691-0300] {processor.py:161} INFO - Started process (PID=5280) to work on /home/joaosousa/projects/spotify-project/venv/lib/python3.12/site-packages/airflow/example_dags/example_short_circuit_decorator.py
[2025-10-27T22:03:58.693-0300] {processor.py:830} INFO - Processing file /home/joaosousa/projects/spotify-project/venv/lib/python3.12/site-packages/airflow/example_dags/example_short_circuit_decorator.py for tasks to queue
[2025-10-27T22:03:58.695-0300] {logging_mixin.py:188} INFO - [2025-10-27T22:03:58.694-0300] {dagbag.py:545} INFO - Filling up the DagBag from /home/joaosousa/projects/spotify-project/venv/lib/python3.12/site-packages/airflow/example_dags/example_short_circuit_decorator.py
[2025-10-27T22:03:58.701-0300] {processor.py:840} INFO - DAG(s) 'example_short_circuit_decorator' retrieved from /home/joaosousa/projects/spotify-project/venv/lib/python3.12/site-packages/airflow/example_dags/example_short_circuit_decorator.py
[2025-10-27T22:03:58.713-0300] {logging_mixin.py:188} INFO - [2025-10-27T22:03:58.713-0300] {dag.py:3096} INFO - Sync 1 DAGs
[2025-10-27T22:03:58.724-0300] {logging_mixin.py:188} INFO - [2025-10-27T22:03:58.724-0300] {dag.py:3954} INFO - Setting next_dagrun for example_short_circuit_decorator to 2025-10-27 00:00:00+00:00, run_after=2025-10-28 00:00:00+00:00
[2025-10-27T22:03:58.739-0300] {processor.py:183} INFO - Processing /home/joaosousa/projects/spotify-project/venv/lib/python3.12/site-packages/airflow/example_dags/example_short_circuit_decorator.py took 0.052 seconds
[2025-10-27T22:04:55.321-0300] {processor.py:161} INFO - Started process (PID=5398) to work on /home/joaosousa/projects/spotify-project/venv/lib/python3.12/site-packages/airflow/example_dags/example_short_circuit_decorator.py
[2025-10-27T22:04:55.323-0300] {processor.py:830} INFO - Processing file /home/joaosousa/projects/spotify-project/venv/lib/python3.12/site-packages/airflow/example_dags/example_short_circuit_decorator.py for tasks to queue
[2025-10-27T22:04:55.324-0300] {logging_mixin.py:188} INFO - [2025-10-27T22:04:55.324-0300] {dagbag.py:545} INFO - Filling up the DagBag from /home/joaosousa/projects/spotify-project/venv/lib/python3.12/site-packages/airflow/example_dags/example_short_circuit_decorator.py
[2025-10-27T22:04:55.330-0300] {processor.py:840} INFO - DAG(s) 'example_short_circuit_decorator' retrieved from /home/joaosousa/projects/spotify-project/venv/lib/python3.12/site-packages/airflow/example_dags/example_short_circuit_decorator.py
[2025-10-27T22:04:55.342-0300] {logging_mixin.py:188} INFO - [2025-10-27T22:04:55.342-0300] {dag.py:3096} INFO - Sync 1 DAGs
[2025-10-27T22:04:55.355-0300] {logging_mixin.py:188} INFO - [2025-10-27T22:04:55.355-0300] {dag.py:3954} INFO - Setting next_dagrun for example_short_circuit_decorator to 2025-10-27 00:00:00+00:00, run_after=2025-10-28 00:00:00+00:00
[2025-10-27T22:04:55.369-0300] {processor.py:183} INFO - Processing /home/joaosousa/projects/spotify-project/venv/lib/python3.12/site-packages/airflow/example_dags/example_short_circuit_decorator.py took 0.052 seconds
[2025-10-27T22:05:57.409-0300] {processor.py:161} INFO - Started process (PID=5486) to work on /home/joaosousa/projects/spotify-project/venv/lib/python3.12/site-packages/airflow/example_dags/example_short_circuit_decorator.py
[2025-10-27T22:05:57.411-0300] {processor.py:830} INFO - Processing file /home/joaosousa/projects/spotify-project/venv/lib/python3.12/site-packages/airflow/example_dags/example_short_circuit_decorator.py for tasks to queue
[2025-10-27T22:05:57.412-0300] {logging_mixin.py:188} INFO - [2025-10-27T22:05:57.412-0300] {dagbag.py:545} INFO - Filling up the DagBag from /home/joaosousa/projects/spotify-project/venv/lib/python3.12/site-packages/airflow/example_dags/example_short_circuit_decorator.py
[2025-10-27T22:05:57.418-0300] {processor.py:840} INFO - DAG(s) 'example_short_circuit_decorator' retrieved from /home/joaosousa/projects/spotify-project/venv/lib/python3.12/site-packages/airflow/example_dags/example_short_circuit_decorator.py
[2025-10-27T22:05:57.431-0300] {logging_mixin.py:188} INFO - [2025-10-27T22:05:57.430-0300] {dag.py:3096} INFO - Sync 1 DAGs
[2025-10-27T22:05:57.443-0300] {logging_mixin.py:188} INFO - [2025-10-27T22:05:57.443-0300] {dag.py:3954} INFO - Setting next_dagrun for example_short_circuit_decorator to 2025-10-27 00:00:00+00:00, run_after=2025-10-28 00:00:00+00:00
[2025-10-27T22:05:57.458-0300] {processor.py:183} INFO - Processing /home/joaosousa/projects/spotify-project/venv/lib/python3.12/site-packages/airflow/example_dags/example_short_circuit_decorator.py took 0.053 seconds
[2025-10-27T22:06:53.771-0300] {processor.py:161} INFO - Started process (PID=5603) to work on /home/joaosousa/projects/spotify-project/venv/lib/python3.12/site-packages/airflow/example_dags/example_short_circuit_decorator.py
[2025-10-27T22:06:53.773-0300] {processor.py:830} INFO - Processing file /home/joaosousa/projects/spotify-project/venv/lib/python3.12/site-packages/airflow/example_dags/example_short_circuit_decorator.py for tasks to queue
[2025-10-27T22:06:53.774-0300] {logging_mixin.py:188} INFO - [2025-10-27T22:06:53.774-0300] {dagbag.py:545} INFO - Filling up the DagBag from /home/joaosousa/projects/spotify-project/venv/lib/python3.12/site-packages/airflow/example_dags/example_short_circuit_decorator.py
[2025-10-27T22:06:53.781-0300] {processor.py:840} INFO - DAG(s) 'example_short_circuit_decorator' retrieved from /home/joaosousa/projects/spotify-project/venv/lib/python3.12/site-packages/airflow/example_dags/example_short_circuit_decorator.py
[2025-10-27T22:06:53.793-0300] {logging_mixin.py:188} INFO - [2025-10-27T22:06:53.792-0300] {dag.py:3096} INFO - Sync 1 DAGs
[2025-10-27T22:06:53.805-0300] {logging_mixin.py:188} INFO - [2025-10-27T22:06:53.805-0300] {dag.py:3954} INFO - Setting next_dagrun for example_short_circuit_decorator to 2025-10-27 00:00:00+00:00, run_after=2025-10-28 00:00:00+00:00
[2025-10-27T22:06:53.820-0300] {processor.py:183} INFO - Processing /home/joaosousa/projects/spotify-project/venv/lib/python3.12/site-packages/airflow/example_dags/example_short_circuit_decorator.py took 0.053 seconds
[2025-10-27T22:07:54.189-0300] {processor.py:161} INFO - Started process (PID=5698) to work on /home/joaosousa/projects/spotify-project/venv/lib/python3.12/site-packages/airflow/example_dags/example_short_circuit_decorator.py
[2025-10-27T22:07:54.191-0300] {processor.py:830} INFO - Processing file /home/joaosousa/projects/spotify-project/venv/lib/python3.12/site-packages/airflow/example_dags/example_short_circuit_decorator.py for tasks to queue
[2025-10-27T22:07:54.192-0300] {logging_mixin.py:188} INFO - [2025-10-27T22:07:54.192-0300] {dagbag.py:545} INFO - Filling up the DagBag from /home/joaosousa/projects/spotify-project/venv/lib/python3.12/site-packages/airflow/example_dags/example_short_circuit_decorator.py
[2025-10-27T22:07:54.199-0300] {processor.py:840} INFO - DAG(s) 'example_short_circuit_decorator' retrieved from /home/joaosousa/projects/spotify-project/venv/lib/python3.12/site-packages/airflow/example_dags/example_short_circuit_decorator.py
[2025-10-27T22:07:54.212-0300] {logging_mixin.py:188} INFO - [2025-10-27T22:07:54.212-0300] {dag.py:3096} INFO - Sync 1 DAGs
[2025-10-27T22:07:54.225-0300] {logging_mixin.py:188} INFO - [2025-10-27T22:07:54.225-0300] {dag.py:3954} INFO - Setting next_dagrun for example_short_circuit_decorator to 2025-10-27 00:00:00+00:00, run_after=2025-10-28 00:00:00+00:00
[2025-10-27T22:07:54.241-0300] {processor.py:183} INFO - Processing /home/joaosousa/projects/spotify-project/venv/lib/python3.12/site-packages/airflow/example_dags/example_short_circuit_decorator.py took 0.056 seconds
[2025-10-27T22:08:50.876-0300] {processor.py:161} INFO - Started process (PID=5806) to work on /home/joaosousa/projects/spotify-project/venv/lib/python3.12/site-packages/airflow/example_dags/example_short_circuit_decorator.py
[2025-10-27T22:08:50.877-0300] {processor.py:830} INFO - Processing file /home/joaosousa/projects/spotify-project/venv/lib/python3.12/site-packages/airflow/example_dags/example_short_circuit_decorator.py for tasks to queue
[2025-10-27T22:08:50.879-0300] {logging_mixin.py:188} INFO - [2025-10-27T22:08:50.878-0300] {dagbag.py:545} INFO - Filling up the DagBag from /home/joaosousa/projects/spotify-project/venv/lib/python3.12/site-packages/airflow/example_dags/example_short_circuit_decorator.py
[2025-10-27T22:08:50.885-0300] {processor.py:840} INFO - DAG(s) 'example_short_circuit_decorator' retrieved from /home/joaosousa/projects/spotify-project/venv/lib/python3.12/site-packages/airflow/example_dags/example_short_circuit_decorator.py
[2025-10-27T22:08:50.897-0300] {logging_mixin.py:188} INFO - [2025-10-27T22:08:50.897-0300] {dag.py:3096} INFO - Sync 1 DAGs
[2025-10-27T22:08:50.910-0300] {logging_mixin.py:188} INFO - [2025-10-27T22:08:50.910-0300] {dag.py:3954} INFO - Setting next_dagrun for example_short_circuit_decorator to 2025-10-27 00:00:00+00:00, run_after=2025-10-28 00:00:00+00:00
[2025-10-27T22:08:50.925-0300] {processor.py:183} INFO - Processing /home/joaosousa/projects/spotify-project/venv/lib/python3.12/site-packages/airflow/example_dags/example_short_circuit_decorator.py took 0.054 seconds
[2025-10-27T22:09:33.484-0300] {processor.py:161} INFO - Started process (PID=5874) to work on /home/joaosousa/projects/spotify-project/venv/lib/python3.12/site-packages/airflow/example_dags/example_short_circuit_decorator.py
[2025-10-27T22:09:33.486-0300] {processor.py:830} INFO - Processing file /home/joaosousa/projects/spotify-project/venv/lib/python3.12/site-packages/airflow/example_dags/example_short_circuit_decorator.py for tasks to queue
[2025-10-27T22:09:33.488-0300] {logging_mixin.py:188} INFO - [2025-10-27T22:09:33.487-0300] {dagbag.py:545} INFO - Filling up the DagBag from /home/joaosousa/projects/spotify-project/venv/lib/python3.12/site-packages/airflow/example_dags/example_short_circuit_decorator.py
[2025-10-27T22:09:33.494-0300] {processor.py:840} INFO - DAG(s) 'example_short_circuit_decorator' retrieved from /home/joaosousa/projects/spotify-project/venv/lib/python3.12/site-packages/airflow/example_dags/example_short_circuit_decorator.py
[2025-10-27T22:09:33.506-0300] {logging_mixin.py:188} INFO - [2025-10-27T22:09:33.506-0300] {dag.py:3096} INFO - Sync 1 DAGs
[2025-10-27T22:09:33.519-0300] {logging_mixin.py:188} INFO - [2025-10-27T22:09:33.519-0300] {dag.py:3954} INFO - Setting next_dagrun for example_short_circuit_decorator to 2025-10-27 00:00:00+00:00, run_after=2025-10-28 00:00:00+00:00
[2025-10-27T22:09:33.533-0300] {processor.py:183} INFO - Processing /home/joaosousa/projects/spotify-project/venv/lib/python3.12/site-packages/airflow/example_dags/example_short_circuit_decorator.py took 0.053 seconds
[2025-10-27T22:10:31.990-0300] {processor.py:161} INFO - Started process (PID=5961) to work on /home/joaosousa/projects/spotify-project/venv/lib/python3.12/site-packages/airflow/example_dags/example_short_circuit_decorator.py
[2025-10-27T22:10:31.995-0300] {processor.py:830} INFO - Processing file /home/joaosousa/projects/spotify-project/venv/lib/python3.12/site-packages/airflow/example_dags/example_short_circuit_decorator.py for tasks to queue
[2025-10-27T22:10:31.997-0300] {logging_mixin.py:188} INFO - [2025-10-27T22:10:31.996-0300] {dagbag.py:545} INFO - Filling up the DagBag from /home/joaosousa/projects/spotify-project/venv/lib/python3.12/site-packages/airflow/example_dags/example_short_circuit_decorator.py
[2025-10-27T22:10:32.003-0300] {processor.py:840} INFO - DAG(s) 'example_short_circuit_decorator' retrieved from /home/joaosousa/projects/spotify-project/venv/lib/python3.12/site-packages/airflow/example_dags/example_short_circuit_decorator.py
[2025-10-27T22:10:32.016-0300] {logging_mixin.py:188} INFO - [2025-10-27T22:10:32.015-0300] {dag.py:3096} INFO - Sync 1 DAGs
[2025-10-27T22:10:32.028-0300] {logging_mixin.py:188} INFO - [2025-10-27T22:10:32.028-0300] {dag.py:3954} INFO - Setting next_dagrun for example_short_circuit_decorator to 2025-10-27 00:00:00+00:00, run_after=2025-10-28 00:00:00+00:00
[2025-10-27T22:10:32.045-0300] {processor.py:183} INFO - Processing /home/joaosousa/projects/spotify-project/venv/lib/python3.12/site-packages/airflow/example_dags/example_short_circuit_decorator.py took 0.061 seconds
[2025-10-27T22:11:30.237-0300] {processor.py:161} INFO - Started process (PID=6069) to work on /home/joaosousa/projects/spotify-project/venv/lib/python3.12/site-packages/airflow/example_dags/example_short_circuit_decorator.py
[2025-10-27T22:11:30.238-0300] {processor.py:830} INFO - Processing file /home/joaosousa/projects/spotify-project/venv/lib/python3.12/site-packages/airflow/example_dags/example_short_circuit_decorator.py for tasks to queue
[2025-10-27T22:11:30.240-0300] {logging_mixin.py:188} INFO - [2025-10-27T22:11:30.239-0300] {dagbag.py:545} INFO - Filling up the DagBag from /home/joaosousa/projects/spotify-project/venv/lib/python3.12/site-packages/airflow/example_dags/example_short_circuit_decorator.py
[2025-10-27T22:11:30.246-0300] {processor.py:840} INFO - DAG(s) 'example_short_circuit_decorator' retrieved from /home/joaosousa/projects/spotify-project/venv/lib/python3.12/site-packages/airflow/example_dags/example_short_circuit_decorator.py
[2025-10-27T22:11:30.259-0300] {logging_mixin.py:188} INFO - [2025-10-27T22:11:30.259-0300] {dag.py:3096} INFO - Sync 1 DAGs
[2025-10-27T22:11:30.271-0300] {logging_mixin.py:188} INFO - [2025-10-27T22:11:30.271-0300] {dag.py:3954} INFO - Setting next_dagrun for example_short_circuit_decorator to 2025-10-27 00:00:00+00:00, run_after=2025-10-28 00:00:00+00:00
[2025-10-27T22:11:30.287-0300] {processor.py:183} INFO - Processing /home/joaosousa/projects/spotify-project/venv/lib/python3.12/site-packages/airflow/example_dags/example_short_circuit_decorator.py took 0.055 seconds
[2025-10-27T22:12:26.196-0300] {processor.py:161} INFO - Started process (PID=6168) to work on /home/joaosousa/projects/spotify-project/venv/lib/python3.12/site-packages/airflow/example_dags/example_short_circuit_decorator.py
[2025-10-27T22:12:26.198-0300] {processor.py:830} INFO - Processing file /home/joaosousa/projects/spotify-project/venv/lib/python3.12/site-packages/airflow/example_dags/example_short_circuit_decorator.py for tasks to queue
[2025-10-27T22:12:26.199-0300] {logging_mixin.py:188} INFO - [2025-10-27T22:12:26.199-0300] {dagbag.py:545} INFO - Filling up the DagBag from /home/joaosousa/projects/spotify-project/venv/lib/python3.12/site-packages/airflow/example_dags/example_short_circuit_decorator.py
[2025-10-27T22:12:26.207-0300] {processor.py:840} INFO - DAG(s) 'example_short_circuit_decorator' retrieved from /home/joaosousa/projects/spotify-project/venv/lib/python3.12/site-packages/airflow/example_dags/example_short_circuit_decorator.py
[2025-10-27T22:12:26.219-0300] {logging_mixin.py:188} INFO - [2025-10-27T22:12:26.219-0300] {dag.py:3096} INFO - Sync 1 DAGs
[2025-10-27T22:12:26.231-0300] {logging_mixin.py:188} INFO - [2025-10-27T22:12:26.231-0300] {dag.py:3954} INFO - Setting next_dagrun for example_short_circuit_decorator to 2025-10-27 00:00:00+00:00, run_after=2025-10-28 00:00:00+00:00
[2025-10-27T22:12:26.246-0300] {processor.py:183} INFO - Processing /home/joaosousa/projects/spotify-project/venv/lib/python3.12/site-packages/airflow/example_dags/example_short_circuit_decorator.py took 0.054 seconds
[2025-10-27T22:13:24.017-0300] {processor.py:161} INFO - Started process (PID=6284) to work on /home/joaosousa/projects/spotify-project/venv/lib/python3.12/site-packages/airflow/example_dags/example_short_circuit_decorator.py
[2025-10-27T22:13:24.019-0300] {processor.py:830} INFO - Processing file /home/joaosousa/projects/spotify-project/venv/lib/python3.12/site-packages/airflow/example_dags/example_short_circuit_decorator.py for tasks to queue
[2025-10-27T22:13:24.020-0300] {logging_mixin.py:188} INFO - [2025-10-27T22:13:24.020-0300] {dagbag.py:545} INFO - Filling up the DagBag from /home/joaosousa/projects/spotify-project/venv/lib/python3.12/site-packages/airflow/example_dags/example_short_circuit_decorator.py
[2025-10-27T22:13:24.026-0300] {processor.py:840} INFO - DAG(s) 'example_short_circuit_decorator' retrieved from /home/joaosousa/projects/spotify-project/venv/lib/python3.12/site-packages/airflow/example_dags/example_short_circuit_decorator.py
[2025-10-27T22:13:24.038-0300] {logging_mixin.py:188} INFO - [2025-10-27T22:13:24.038-0300] {dag.py:3096} INFO - Sync 1 DAGs
[2025-10-27T22:13:24.050-0300] {logging_mixin.py:188} INFO - [2025-10-27T22:13:24.050-0300] {dag.py:3954} INFO - Setting next_dagrun for example_short_circuit_decorator to 2025-10-27 00:00:00+00:00, run_after=2025-10-28 00:00:00+00:00
[2025-10-27T22:13:24.064-0300] {processor.py:183} INFO - Processing /home/joaosousa/projects/spotify-project/venv/lib/python3.12/site-packages/airflow/example_dags/example_short_circuit_decorator.py took 0.051 seconds
[2025-10-27T22:14:27.509-0300] {processor.py:161} INFO - Started process (PID=6372) to work on /home/joaosousa/projects/spotify-project/venv/lib/python3.12/site-packages/airflow/example_dags/example_short_circuit_decorator.py
[2025-10-27T22:14:27.511-0300] {processor.py:830} INFO - Processing file /home/joaosousa/projects/spotify-project/venv/lib/python3.12/site-packages/airflow/example_dags/example_short_circuit_decorator.py for tasks to queue
[2025-10-27T22:14:27.512-0300] {logging_mixin.py:188} INFO - [2025-10-27T22:14:27.512-0300] {dagbag.py:545} INFO - Filling up the DagBag from /home/joaosousa/projects/spotify-project/venv/lib/python3.12/site-packages/airflow/example_dags/example_short_circuit_decorator.py
[2025-10-27T22:14:27.519-0300] {processor.py:840} INFO - DAG(s) 'example_short_circuit_decorator' retrieved from /home/joaosousa/projects/spotify-project/venv/lib/python3.12/site-packages/airflow/example_dags/example_short_circuit_decorator.py
[2025-10-27T22:14:27.531-0300] {logging_mixin.py:188} INFO - [2025-10-27T22:14:27.531-0300] {dag.py:3096} INFO - Sync 1 DAGs
[2025-10-27T22:14:27.544-0300] {logging_mixin.py:188} INFO - [2025-10-27T22:14:27.544-0300] {dag.py:3954} INFO - Setting next_dagrun for example_short_circuit_decorator to 2025-10-27 00:00:00+00:00, run_after=2025-10-28 00:00:00+00:00
[2025-10-27T22:14:27.558-0300] {processor.py:183} INFO - Processing /home/joaosousa/projects/spotify-project/venv/lib/python3.12/site-packages/airflow/example_dags/example_short_circuit_decorator.py took 0.054 seconds
[2025-10-27T22:15:10.375-0300] {processor.py:161} INFO - Started process (PID=6440) to work on /home/joaosousa/projects/spotify-project/venv/lib/python3.12/site-packages/airflow/example_dags/example_short_circuit_decorator.py
[2025-10-27T22:15:10.378-0300] {processor.py:830} INFO - Processing file /home/joaosousa/projects/spotify-project/venv/lib/python3.12/site-packages/airflow/example_dags/example_short_circuit_decorator.py for tasks to queue
[2025-10-27T22:15:10.380-0300] {logging_mixin.py:188} INFO - [2025-10-27T22:15:10.379-0300] {dagbag.py:545} INFO - Filling up the DagBag from /home/joaosousa/projects/spotify-project/venv/lib/python3.12/site-packages/airflow/example_dags/example_short_circuit_decorator.py
[2025-10-27T22:15:10.388-0300] {processor.py:840} INFO - DAG(s) 'example_short_circuit_decorator' retrieved from /home/joaosousa/projects/spotify-project/venv/lib/python3.12/site-packages/airflow/example_dags/example_short_circuit_decorator.py
[2025-10-27T22:15:10.402-0300] {logging_mixin.py:188} INFO - [2025-10-27T22:15:10.402-0300] {dag.py:3096} INFO - Sync 1 DAGs
[2025-10-27T22:15:10.416-0300] {logging_mixin.py:188} INFO - [2025-10-27T22:15:10.415-0300] {dag.py:3954} INFO - Setting next_dagrun for example_short_circuit_decorator to 2025-10-27 00:00:00+00:00, run_after=2025-10-28 00:00:00+00:00
[2025-10-27T22:15:10.430-0300] {processor.py:183} INFO - Processing /home/joaosousa/projects/spotify-project/venv/lib/python3.12/site-packages/airflow/example_dags/example_short_circuit_decorator.py took 0.068 seconds
[2025-10-27T22:16:09.001-0300] {processor.py:161} INFO - Started process (PID=6566) to work on /home/joaosousa/projects/spotify-project/venv/lib/python3.12/site-packages/airflow/example_dags/example_short_circuit_decorator.py
[2025-10-27T22:16:09.003-0300] {processor.py:830} INFO - Processing file /home/joaosousa/projects/spotify-project/venv/lib/python3.12/site-packages/airflow/example_dags/example_short_circuit_decorator.py for tasks to queue
[2025-10-27T22:16:09.005-0300] {logging_mixin.py:188} INFO - [2025-10-27T22:16:09.004-0300] {dagbag.py:545} INFO - Filling up the DagBag from /home/joaosousa/projects/spotify-project/venv/lib/python3.12/site-packages/airflow/example_dags/example_short_circuit_decorator.py
[2025-10-27T22:16:09.011-0300] {processor.py:840} INFO - DAG(s) 'example_short_circuit_decorator' retrieved from /home/joaosousa/projects/spotify-project/venv/lib/python3.12/site-packages/airflow/example_dags/example_short_circuit_decorator.py
[2025-10-27T22:16:09.023-0300] {logging_mixin.py:188} INFO - [2025-10-27T22:16:09.023-0300] {dag.py:3096} INFO - Sync 1 DAGs
[2025-10-27T22:16:09.035-0300] {logging_mixin.py:188} INFO - [2025-10-27T22:16:09.035-0300] {dag.py:3954} INFO - Setting next_dagrun for example_short_circuit_decorator to 2025-10-27 00:00:00+00:00, run_after=2025-10-28 00:00:00+00:00
[2025-10-27T22:16:09.050-0300] {processor.py:183} INFO - Processing /home/joaosousa/projects/spotify-project/venv/lib/python3.12/site-packages/airflow/example_dags/example_short_circuit_decorator.py took 0.053 seconds
[2025-10-27T22:17:08.869-0300] {processor.py:161} INFO - Started process (PID=6664) to work on /home/joaosousa/projects/spotify-project/venv/lib/python3.12/site-packages/airflow/example_dags/example_short_circuit_decorator.py
[2025-10-27T22:17:08.870-0300] {processor.py:830} INFO - Processing file /home/joaosousa/projects/spotify-project/venv/lib/python3.12/site-packages/airflow/example_dags/example_short_circuit_decorator.py for tasks to queue
[2025-10-27T22:17:08.872-0300] {logging_mixin.py:188} INFO - [2025-10-27T22:17:08.872-0300] {dagbag.py:545} INFO - Filling up the DagBag from /home/joaosousa/projects/spotify-project/venv/lib/python3.12/site-packages/airflow/example_dags/example_short_circuit_decorator.py
[2025-10-27T22:17:08.878-0300] {processor.py:840} INFO - DAG(s) 'example_short_circuit_decorator' retrieved from /home/joaosousa/projects/spotify-project/venv/lib/python3.12/site-packages/airflow/example_dags/example_short_circuit_decorator.py
[2025-10-27T22:17:08.890-0300] {logging_mixin.py:188} INFO - [2025-10-27T22:17:08.890-0300] {dag.py:3096} INFO - Sync 1 DAGs
[2025-10-27T22:17:08.902-0300] {logging_mixin.py:188} INFO - [2025-10-27T22:17:08.901-0300] {dag.py:3954} INFO - Setting next_dagrun for example_short_circuit_decorator to 2025-10-27 00:00:00+00:00, run_after=2025-10-28 00:00:00+00:00
[2025-10-27T22:17:08.916-0300] {processor.py:183} INFO - Processing /home/joaosousa/projects/spotify-project/venv/lib/python3.12/site-packages/airflow/example_dags/example_short_circuit_decorator.py took 0.052 seconds
[2025-10-27T22:17:49.755-0300] {processor.py:161} INFO - Started process (PID=6744) to work on /home/joaosousa/projects/spotify-project/venv/lib/python3.12/site-packages/airflow/example_dags/example_short_circuit_decorator.py
[2025-10-27T22:17:49.757-0300] {processor.py:830} INFO - Processing file /home/joaosousa/projects/spotify-project/venv/lib/python3.12/site-packages/airflow/example_dags/example_short_circuit_decorator.py for tasks to queue
[2025-10-27T22:17:49.758-0300] {logging_mixin.py:188} INFO - [2025-10-27T22:17:49.758-0300] {dagbag.py:545} INFO - Filling up the DagBag from /home/joaosousa/projects/spotify-project/venv/lib/python3.12/site-packages/airflow/example_dags/example_short_circuit_decorator.py
[2025-10-27T22:17:49.764-0300] {processor.py:840} INFO - DAG(s) 'example_short_circuit_decorator' retrieved from /home/joaosousa/projects/spotify-project/venv/lib/python3.12/site-packages/airflow/example_dags/example_short_circuit_decorator.py
[2025-10-27T22:17:49.776-0300] {logging_mixin.py:188} INFO - [2025-10-27T22:17:49.776-0300] {dag.py:3096} INFO - Sync 1 DAGs
[2025-10-27T22:17:49.788-0300] {logging_mixin.py:188} INFO - [2025-10-27T22:17:49.788-0300] {dag.py:3954} INFO - Setting next_dagrun for example_short_circuit_decorator to 2025-10-27 00:00:00+00:00, run_after=2025-10-28 00:00:00+00:00
[2025-10-27T22:17:49.802-0300] {processor.py:183} INFO - Processing /home/joaosousa/projects/spotify-project/venv/lib/python3.12/site-packages/airflow/example_dags/example_short_circuit_decorator.py took 0.051 seconds
[2025-10-27T22:18:46.542-0300] {processor.py:161} INFO - Started process (PID=6867) to work on /home/joaosousa/projects/spotify-project/venv/lib/python3.12/site-packages/airflow/example_dags/example_short_circuit_decorator.py
[2025-10-27T22:18:46.544-0300] {processor.py:830} INFO - Processing file /home/joaosousa/projects/spotify-project/venv/lib/python3.12/site-packages/airflow/example_dags/example_short_circuit_decorator.py for tasks to queue
[2025-10-27T22:18:46.546-0300] {logging_mixin.py:188} INFO - [2025-10-27T22:18:46.545-0300] {dagbag.py:545} INFO - Filling up the DagBag from /home/joaosousa/projects/spotify-project/venv/lib/python3.12/site-packages/airflow/example_dags/example_short_circuit_decorator.py
[2025-10-27T22:18:46.552-0300] {processor.py:840} INFO - DAG(s) 'example_short_circuit_decorator' retrieved from /home/joaosousa/projects/spotify-project/venv/lib/python3.12/site-packages/airflow/example_dags/example_short_circuit_decorator.py
[2025-10-27T22:18:46.567-0300] {logging_mixin.py:188} INFO - [2025-10-27T22:18:46.567-0300] {dag.py:3096} INFO - Sync 1 DAGs
[2025-10-27T22:18:46.581-0300] {logging_mixin.py:188} INFO - [2025-10-27T22:18:46.581-0300] {dag.py:3954} INFO - Setting next_dagrun for example_short_circuit_decorator to 2025-10-27 00:00:00+00:00, run_after=2025-10-28 00:00:00+00:00
[2025-10-27T22:18:46.596-0300] {processor.py:183} INFO - Processing /home/joaosousa/projects/spotify-project/venv/lib/python3.12/site-packages/airflow/example_dags/example_short_circuit_decorator.py took 0.058 seconds
[2025-10-27T22:19:29.624-0300] {processor.py:161} INFO - Started process (PID=6934) to work on /home/joaosousa/projects/spotify-project/venv/lib/python3.12/site-packages/airflow/example_dags/example_short_circuit_decorator.py
[2025-10-27T22:19:29.626-0300] {processor.py:830} INFO - Processing file /home/joaosousa/projects/spotify-project/venv/lib/python3.12/site-packages/airflow/example_dags/example_short_circuit_decorator.py for tasks to queue
[2025-10-27T22:19:29.628-0300] {logging_mixin.py:188} INFO - [2025-10-27T22:19:29.627-0300] {dagbag.py:545} INFO - Filling up the DagBag from /home/joaosousa/projects/spotify-project/venv/lib/python3.12/site-packages/airflow/example_dags/example_short_circuit_decorator.py
[2025-10-27T22:19:29.634-0300] {processor.py:840} INFO - DAG(s) 'example_short_circuit_decorator' retrieved from /home/joaosousa/projects/spotify-project/venv/lib/python3.12/site-packages/airflow/example_dags/example_short_circuit_decorator.py
[2025-10-27T22:19:29.646-0300] {logging_mixin.py:188} INFO - [2025-10-27T22:19:29.646-0300] {dag.py:3096} INFO - Sync 1 DAGs
[2025-10-27T22:19:29.659-0300] {logging_mixin.py:188} INFO - [2025-10-27T22:19:29.659-0300] {dag.py:3954} INFO - Setting next_dagrun for example_short_circuit_decorator to 2025-10-27 00:00:00+00:00, run_after=2025-10-28 00:00:00+00:00
[2025-10-27T22:19:29.673-0300] {processor.py:183} INFO - Processing /home/joaosousa/projects/spotify-project/venv/lib/python3.12/site-packages/airflow/example_dags/example_short_circuit_decorator.py took 0.053 seconds
[2025-10-27T22:20:21.493-0300] {processor.py:161} INFO - Started process (PID=7016) to work on /home/joaosousa/projects/spotify-project/venv/lib/python3.12/site-packages/airflow/example_dags/example_short_circuit_decorator.py
[2025-10-27T22:20:21.495-0300] {processor.py:830} INFO - Processing file /home/joaosousa/projects/spotify-project/venv/lib/python3.12/site-packages/airflow/example_dags/example_short_circuit_decorator.py for tasks to queue
[2025-10-27T22:20:21.496-0300] {logging_mixin.py:188} INFO - [2025-10-27T22:20:21.495-0300] {dagbag.py:545} INFO - Filling up the DagBag from /home/joaosousa/projects/spotify-project/venv/lib/python3.12/site-packages/airflow/example_dags/example_short_circuit_decorator.py
[2025-10-27T22:20:21.502-0300] {processor.py:840} INFO - DAG(s) 'example_short_circuit_decorator' retrieved from /home/joaosousa/projects/spotify-project/venv/lib/python3.12/site-packages/airflow/example_dags/example_short_circuit_decorator.py
[2025-10-27T22:20:21.515-0300] {logging_mixin.py:188} INFO - [2025-10-27T22:20:21.515-0300] {dag.py:3096} INFO - Sync 1 DAGs
[2025-10-27T22:20:21.527-0300] {logging_mixin.py:188} INFO - [2025-10-27T22:20:21.527-0300] {dag.py:3954} INFO - Setting next_dagrun for example_short_circuit_decorator to 2025-10-27 00:00:00+00:00, run_after=2025-10-28 00:00:00+00:00
[2025-10-27T22:20:21.542-0300] {processor.py:183} INFO - Processing /home/joaosousa/projects/spotify-project/venv/lib/python3.12/site-packages/airflow/example_dags/example_short_circuit_decorator.py took 0.054 seconds
[2025-10-27T22:21:22.488-0300] {processor.py:161} INFO - Started process (PID=7126) to work on /home/joaosousa/projects/spotify-project/venv/lib/python3.12/site-packages/airflow/example_dags/example_short_circuit_decorator.py
[2025-10-27T22:21:22.490-0300] {processor.py:830} INFO - Processing file /home/joaosousa/projects/spotify-project/venv/lib/python3.12/site-packages/airflow/example_dags/example_short_circuit_decorator.py for tasks to queue
[2025-10-27T22:21:22.491-0300] {logging_mixin.py:188} INFO - [2025-10-27T22:21:22.491-0300] {dagbag.py:545} INFO - Filling up the DagBag from /home/joaosousa/projects/spotify-project/venv/lib/python3.12/site-packages/airflow/example_dags/example_short_circuit_decorator.py
[2025-10-27T22:21:22.498-0300] {processor.py:840} INFO - DAG(s) 'example_short_circuit_decorator' retrieved from /home/joaosousa/projects/spotify-project/venv/lib/python3.12/site-packages/airflow/example_dags/example_short_circuit_decorator.py
[2025-10-27T22:21:22.510-0300] {logging_mixin.py:188} INFO - [2025-10-27T22:21:22.510-0300] {dag.py:3096} INFO - Sync 1 DAGs
[2025-10-27T22:21:22.522-0300] {logging_mixin.py:188} INFO - [2025-10-27T22:21:22.522-0300] {dag.py:3954} INFO - Setting next_dagrun for example_short_circuit_decorator to 2025-10-27 00:00:00+00:00, run_after=2025-10-28 00:00:00+00:00
[2025-10-27T22:21:22.538-0300] {processor.py:183} INFO - Processing /home/joaosousa/projects/spotify-project/venv/lib/python3.12/site-packages/airflow/example_dags/example_short_circuit_decorator.py took 0.054 seconds
[2025-10-27T22:22:05.029-0300] {processor.py:161} INFO - Started process (PID=7195) to work on /home/joaosousa/projects/spotify-project/venv/lib/python3.12/site-packages/airflow/example_dags/example_short_circuit_decorator.py
[2025-10-27T22:22:05.031-0300] {processor.py:830} INFO - Processing file /home/joaosousa/projects/spotify-project/venv/lib/python3.12/site-packages/airflow/example_dags/example_short_circuit_decorator.py for tasks to queue
[2025-10-27T22:22:05.032-0300] {logging_mixin.py:188} INFO - [2025-10-27T22:22:05.032-0300] {dagbag.py:545} INFO - Filling up the DagBag from /home/joaosousa/projects/spotify-project/venv/lib/python3.12/site-packages/airflow/example_dags/example_short_circuit_decorator.py
[2025-10-27T22:22:05.039-0300] {processor.py:840} INFO - DAG(s) 'example_short_circuit_decorator' retrieved from /home/joaosousa/projects/spotify-project/venv/lib/python3.12/site-packages/airflow/example_dags/example_short_circuit_decorator.py
[2025-10-27T22:22:05.051-0300] {logging_mixin.py:188} INFO - [2025-10-27T22:22:05.050-0300] {dag.py:3096} INFO - Sync 1 DAGs
[2025-10-27T22:22:05.062-0300] {logging_mixin.py:188} INFO - [2025-10-27T22:22:05.062-0300] {dag.py:3954} INFO - Setting next_dagrun for example_short_circuit_decorator to 2025-10-27 00:00:00+00:00, run_after=2025-10-28 00:00:00+00:00
[2025-10-27T22:22:05.076-0300] {processor.py:183} INFO - Processing /home/joaosousa/projects/spotify-project/venv/lib/python3.12/site-packages/airflow/example_dags/example_short_circuit_decorator.py took 0.051 seconds
