[2025-10-27T21:30:56.484-0300] {processor.py:161} INFO - Started process (PID=1080) to work on /home/joaosousa/projects/spotify-project/venv/lib/python3.12/site-packages/airflow/example_dags/example_setup_teardown.py
[2025-10-27T21:30:56.484-0300] {processor.py:830} INFO - Processing file /home/joaosousa/projects/spotify-project/venv/lib/python3.12/site-packages/airflow/example_dags/example_setup_teardown.py for tasks to queue
[2025-10-27T21:30:56.486-0300] {logging_mixin.py:188} INFO - [2025-10-27T21:30:56.486-0300] {dagbag.py:545} INFO - Filling up the DagBag from /home/joaosousa/projects/spotify-project/venv/lib/python3.12/site-packages/airflow/example_dags/example_setup_teardown.py
[2025-10-27T21:30:56.493-0300] {processor.py:840} INFO - DAG(s) 'example_setup_teardown' retrieved from /home/joaosousa/projects/spotify-project/venv/lib/python3.12/site-packages/airflow/example_dags/example_setup_teardown.py
[2025-10-27T21:30:56.506-0300] {logging_mixin.py:188} INFO - [2025-10-27T21:30:56.506-0300] {dag.py:3096} INFO - Sync 1 DAGs
[2025-10-27T21:30:56.520-0300] {logging_mixin.py:188} INFO - [2025-10-27T21:30:56.520-0300] {dag.py:3954} INFO - Setting next_dagrun for example_setup_teardown to 2025-10-27 00:00:00+00:00, run_after=2025-10-28 00:00:00+00:00
[2025-10-27T21:30:56.538-0300] {processor.py:183} INFO - Processing /home/joaosousa/projects/spotify-project/venv/lib/python3.12/site-packages/airflow/example_dags/example_setup_teardown.py took 0.059 seconds
[2025-10-27T21:31:43.847-0300] {processor.py:161} INFO - Started process (PID=1158) to work on /home/joaosousa/projects/spotify-project/venv/lib/python3.12/site-packages/airflow/example_dags/example_setup_teardown.py
[2025-10-27T21:31:43.848-0300] {processor.py:830} INFO - Processing file /home/joaosousa/projects/spotify-project/venv/lib/python3.12/site-packages/airflow/example_dags/example_setup_teardown.py for tasks to queue
[2025-10-27T21:31:43.849-0300] {logging_mixin.py:188} INFO - [2025-10-27T21:31:43.849-0300] {dagbag.py:545} INFO - Filling up the DagBag from /home/joaosousa/projects/spotify-project/venv/lib/python3.12/site-packages/airflow/example_dags/example_setup_teardown.py
[2025-10-27T21:31:43.853-0300] {processor.py:840} INFO - DAG(s) 'example_setup_teardown' retrieved from /home/joaosousa/projects/spotify-project/venv/lib/python3.12/site-packages/airflow/example_dags/example_setup_teardown.py
[2025-10-27T21:31:43.864-0300] {logging_mixin.py:188} INFO - [2025-10-27T21:31:43.864-0300] {dag.py:3096} INFO - Sync 1 DAGs
[2025-10-27T21:31:43.875-0300] {logging_mixin.py:188} INFO - [2025-10-27T21:31:43.874-0300] {dag.py:3954} INFO - Setting next_dagrun for example_setup_teardown to 2025-10-27 00:00:00+00:00, run_after=2025-10-28 00:00:00+00:00
[2025-10-27T21:31:43.888-0300] {processor.py:183} INFO - Processing /home/joaosousa/projects/spotify-project/venv/lib/python3.12/site-packages/airflow/example_dags/example_setup_teardown.py took 0.046 seconds
[2025-10-27T21:32:36.922-0300] {processor.py:161} INFO - Started process (PID=1343) to work on /home/joaosousa/projects/spotify-project/venv/lib/python3.12/site-packages/airflow/example_dags/example_setup_teardown.py
[2025-10-27T21:32:36.923-0300] {processor.py:830} INFO - Processing file /home/joaosousa/projects/spotify-project/venv/lib/python3.12/site-packages/airflow/example_dags/example_setup_teardown.py for tasks to queue
[2025-10-27T21:32:36.924-0300] {logging_mixin.py:188} INFO - [2025-10-27T21:32:36.923-0300] {dagbag.py:545} INFO - Filling up the DagBag from /home/joaosousa/projects/spotify-project/venv/lib/python3.12/site-packages/airflow/example_dags/example_setup_teardown.py
[2025-10-27T21:32:36.928-0300] {processor.py:840} INFO - DAG(s) 'example_setup_teardown' retrieved from /home/joaosousa/projects/spotify-project/venv/lib/python3.12/site-packages/airflow/example_dags/example_setup_teardown.py
[2025-10-27T21:32:36.939-0300] {logging_mixin.py:188} INFO - [2025-10-27T21:32:36.939-0300] {dag.py:3096} INFO - Sync 1 DAGs
[2025-10-27T21:32:36.950-0300] {logging_mixin.py:188} INFO - [2025-10-27T21:32:36.950-0300] {dag.py:3954} INFO - Setting next_dagrun for example_setup_teardown to 2025-10-27 00:00:00+00:00, run_after=2025-10-28 00:00:00+00:00
[2025-10-27T21:32:36.964-0300] {processor.py:183} INFO - Processing /home/joaosousa/projects/spotify-project/venv/lib/python3.12/site-packages/airflow/example_dags/example_setup_teardown.py took 0.046 seconds
[2025-10-27T21:33:23.021-0300] {processor.py:161} INFO - Started process (PID=1414) to work on /home/joaosousa/projects/spotify-project/venv/lib/python3.12/site-packages/airflow/example_dags/example_setup_teardown.py
[2025-10-27T21:33:23.023-0300] {processor.py:830} INFO - Processing file /home/joaosousa/projects/spotify-project/venv/lib/python3.12/site-packages/airflow/example_dags/example_setup_teardown.py for tasks to queue
[2025-10-27T21:33:23.024-0300] {logging_mixin.py:188} INFO - [2025-10-27T21:33:23.023-0300] {dagbag.py:545} INFO - Filling up the DagBag from /home/joaosousa/projects/spotify-project/venv/lib/python3.12/site-packages/airflow/example_dags/example_setup_teardown.py
[2025-10-27T21:33:23.028-0300] {processor.py:840} INFO - DAG(s) 'example_setup_teardown' retrieved from /home/joaosousa/projects/spotify-project/venv/lib/python3.12/site-packages/airflow/example_dags/example_setup_teardown.py
[2025-10-27T21:33:23.042-0300] {logging_mixin.py:188} INFO - [2025-10-27T21:33:23.042-0300] {dag.py:3096} INFO - Sync 1 DAGs
[2025-10-27T21:33:23.057-0300] {logging_mixin.py:188} INFO - [2025-10-27T21:33:23.057-0300] {dag.py:3954} INFO - Setting next_dagrun for example_setup_teardown to 2025-10-27 00:00:00+00:00, run_after=2025-10-28 00:00:00+00:00
[2025-10-27T21:33:23.076-0300] {processor.py:183} INFO - Processing /home/joaosousa/projects/spotify-project/venv/lib/python3.12/site-packages/airflow/example_dags/example_setup_teardown.py took 0.059 seconds
[2025-10-27T21:34:22.309-0300] {processor.py:161} INFO - Started process (PID=1522) to work on /home/joaosousa/projects/spotify-project/venv/lib/python3.12/site-packages/airflow/example_dags/example_setup_teardown.py
[2025-10-27T21:34:22.311-0300] {processor.py:830} INFO - Processing file /home/joaosousa/projects/spotify-project/venv/lib/python3.12/site-packages/airflow/example_dags/example_setup_teardown.py for tasks to queue
[2025-10-27T21:34:22.312-0300] {logging_mixin.py:188} INFO - [2025-10-27T21:34:22.312-0300] {dagbag.py:545} INFO - Filling up the DagBag from /home/joaosousa/projects/spotify-project/venv/lib/python3.12/site-packages/airflow/example_dags/example_setup_teardown.py
[2025-10-27T21:34:22.317-0300] {processor.py:840} INFO - DAG(s) 'example_setup_teardown' retrieved from /home/joaosousa/projects/spotify-project/venv/lib/python3.12/site-packages/airflow/example_dags/example_setup_teardown.py
[2025-10-27T21:34:22.328-0300] {logging_mixin.py:188} INFO - [2025-10-27T21:34:22.328-0300] {dag.py:3096} INFO - Sync 1 DAGs
[2025-10-27T21:34:22.339-0300] {logging_mixin.py:188} INFO - [2025-10-27T21:34:22.339-0300] {dag.py:3954} INFO - Setting next_dagrun for example_setup_teardown to 2025-10-27 00:00:00+00:00, run_after=2025-10-28 00:00:00+00:00
[2025-10-27T21:34:22.354-0300] {processor.py:183} INFO - Processing /home/joaosousa/projects/spotify-project/venv/lib/python3.12/site-packages/airflow/example_dags/example_setup_teardown.py took 0.049 seconds
[2025-10-27T21:35:02.327-0300] {processor.py:161} INFO - Started process (PID=1589) to work on /home/joaosousa/projects/spotify-project/venv/lib/python3.12/site-packages/airflow/example_dags/example_setup_teardown.py
[2025-10-27T21:35:02.329-0300] {processor.py:830} INFO - Processing file /home/joaosousa/projects/spotify-project/venv/lib/python3.12/site-packages/airflow/example_dags/example_setup_teardown.py for tasks to queue
[2025-10-27T21:35:02.330-0300] {logging_mixin.py:188} INFO - [2025-10-27T21:35:02.330-0300] {dagbag.py:545} INFO - Filling up the DagBag from /home/joaosousa/projects/spotify-project/venv/lib/python3.12/site-packages/airflow/example_dags/example_setup_teardown.py
[2025-10-27T21:35:02.335-0300] {processor.py:840} INFO - DAG(s) 'example_setup_teardown' retrieved from /home/joaosousa/projects/spotify-project/venv/lib/python3.12/site-packages/airflow/example_dags/example_setup_teardown.py
[2025-10-27T21:35:02.351-0300] {logging_mixin.py:188} INFO - [2025-10-27T21:35:02.351-0300] {dag.py:3096} INFO - Sync 1 DAGs
[2025-10-27T21:35:02.367-0300] {logging_mixin.py:188} INFO - [2025-10-27T21:35:02.367-0300] {dag.py:3954} INFO - Setting next_dagrun for example_setup_teardown to 2025-10-27 00:00:00+00:00, run_after=2025-10-28 00:00:00+00:00
[2025-10-27T21:35:02.385-0300] {processor.py:183} INFO - Processing /home/joaosousa/projects/spotify-project/venv/lib/python3.12/site-packages/airflow/example_dags/example_setup_teardown.py took 0.063 seconds
[2025-10-27T21:36:03.229-0300] {processor.py:161} INFO - Started process (PID=1676) to work on /home/joaosousa/projects/spotify-project/venv/lib/python3.12/site-packages/airflow/example_dags/example_setup_teardown.py
[2025-10-27T21:36:03.230-0300] {processor.py:830} INFO - Processing file /home/joaosousa/projects/spotify-project/venv/lib/python3.12/site-packages/airflow/example_dags/example_setup_teardown.py for tasks to queue
[2025-10-27T21:36:03.231-0300] {logging_mixin.py:188} INFO - [2025-10-27T21:36:03.231-0300] {dagbag.py:545} INFO - Filling up the DagBag from /home/joaosousa/projects/spotify-project/venv/lib/python3.12/site-packages/airflow/example_dags/example_setup_teardown.py
[2025-10-27T21:36:03.236-0300] {processor.py:840} INFO - DAG(s) 'example_setup_teardown' retrieved from /home/joaosousa/projects/spotify-project/venv/lib/python3.12/site-packages/airflow/example_dags/example_setup_teardown.py
[2025-10-27T21:36:03.246-0300] {logging_mixin.py:188} INFO - [2025-10-27T21:36:03.246-0300] {dag.py:3096} INFO - Sync 1 DAGs
[2025-10-27T21:36:03.258-0300] {logging_mixin.py:188} INFO - [2025-10-27T21:36:03.257-0300] {dag.py:3954} INFO - Setting next_dagrun for example_setup_teardown to 2025-10-27 00:00:00+00:00, run_after=2025-10-28 00:00:00+00:00
[2025-10-27T21:36:03.371-0300] {processor.py:183} INFO - Processing /home/joaosousa/projects/spotify-project/venv/lib/python3.12/site-packages/airflow/example_dags/example_setup_teardown.py took 0.146 seconds
[2025-10-27T21:36:51.765-0300] {processor.py:161} INFO - Started process (PID=1747) to work on /home/joaosousa/projects/spotify-project/venv/lib/python3.12/site-packages/airflow/example_dags/example_setup_teardown.py
[2025-10-27T21:36:51.767-0300] {processor.py:830} INFO - Processing file /home/joaosousa/projects/spotify-project/venv/lib/python3.12/site-packages/airflow/example_dags/example_setup_teardown.py for tasks to queue
[2025-10-27T21:36:51.768-0300] {logging_mixin.py:188} INFO - [2025-10-27T21:36:51.768-0300] {dagbag.py:545} INFO - Filling up the DagBag from /home/joaosousa/projects/spotify-project/venv/lib/python3.12/site-packages/airflow/example_dags/example_setup_teardown.py
[2025-10-27T21:36:51.773-0300] {processor.py:840} INFO - DAG(s) 'example_setup_teardown' retrieved from /home/joaosousa/projects/spotify-project/venv/lib/python3.12/site-packages/airflow/example_dags/example_setup_teardown.py
[2025-10-27T21:36:51.785-0300] {logging_mixin.py:188} INFO - [2025-10-27T21:36:51.785-0300] {dag.py:3096} INFO - Sync 1 DAGs
[2025-10-27T21:36:51.799-0300] {logging_mixin.py:188} INFO - [2025-10-27T21:36:51.799-0300] {dag.py:3954} INFO - Setting next_dagrun for example_setup_teardown to 2025-10-27 00:00:00+00:00, run_after=2025-10-28 00:00:00+00:00
[2025-10-27T21:36:51.815-0300] {processor.py:183} INFO - Processing /home/joaosousa/projects/spotify-project/venv/lib/python3.12/site-packages/airflow/example_dags/example_setup_teardown.py took 0.056 seconds
[2025-10-27T21:37:36.702-0300] {processor.py:161} INFO - Started process (PID=1819) to work on /home/joaosousa/projects/spotify-project/venv/lib/python3.12/site-packages/airflow/example_dags/example_setup_teardown.py
[2025-10-27T21:37:36.703-0300] {processor.py:830} INFO - Processing file /home/joaosousa/projects/spotify-project/venv/lib/python3.12/site-packages/airflow/example_dags/example_setup_teardown.py for tasks to queue
[2025-10-27T21:37:36.705-0300] {logging_mixin.py:188} INFO - [2025-10-27T21:37:36.704-0300] {dagbag.py:545} INFO - Filling up the DagBag from /home/joaosousa/projects/spotify-project/venv/lib/python3.12/site-packages/airflow/example_dags/example_setup_teardown.py
[2025-10-27T21:37:36.713-0300] {processor.py:840} INFO - DAG(s) 'example_setup_teardown' retrieved from /home/joaosousa/projects/spotify-project/venv/lib/python3.12/site-packages/airflow/example_dags/example_setup_teardown.py
[2025-10-27T21:37:36.727-0300] {logging_mixin.py:188} INFO - [2025-10-27T21:37:36.727-0300] {dag.py:3096} INFO - Sync 1 DAGs
[2025-10-27T21:37:36.741-0300] {logging_mixin.py:188} INFO - [2025-10-27T21:37:36.741-0300] {dag.py:3954} INFO - Setting next_dagrun for example_setup_teardown to 2025-10-27 00:00:00+00:00, run_after=2025-10-28 00:00:00+00:00
[2025-10-27T21:37:36.757-0300] {processor.py:183} INFO - Processing /home/joaosousa/projects/spotify-project/venv/lib/python3.12/site-packages/airflow/example_dags/example_setup_teardown.py took 0.060 seconds
[2025-10-27T21:38:20.226-0300] {processor.py:161} INFO - Started process (PID=1888) to work on /home/joaosousa/projects/spotify-project/venv/lib/python3.12/site-packages/airflow/example_dags/example_setup_teardown.py
[2025-10-27T21:38:20.228-0300] {processor.py:830} INFO - Processing file /home/joaosousa/projects/spotify-project/venv/lib/python3.12/site-packages/airflow/example_dags/example_setup_teardown.py for tasks to queue
[2025-10-27T21:38:20.229-0300] {logging_mixin.py:188} INFO - [2025-10-27T21:38:20.229-0300] {dagbag.py:545} INFO - Filling up the DagBag from /home/joaosousa/projects/spotify-project/venv/lib/python3.12/site-packages/airflow/example_dags/example_setup_teardown.py
[2025-10-27T21:38:20.234-0300] {processor.py:840} INFO - DAG(s) 'example_setup_teardown' retrieved from /home/joaosousa/projects/spotify-project/venv/lib/python3.12/site-packages/airflow/example_dags/example_setup_teardown.py
[2025-10-27T21:38:20.245-0300] {logging_mixin.py:188} INFO - [2025-10-27T21:38:20.245-0300] {dag.py:3096} INFO - Sync 1 DAGs
[2025-10-27T21:38:20.258-0300] {logging_mixin.py:188} INFO - [2025-10-27T21:38:20.258-0300] {dag.py:3954} INFO - Setting next_dagrun for example_setup_teardown to 2025-10-27 00:00:00+00:00, run_after=2025-10-28 00:00:00+00:00
[2025-10-27T21:38:20.273-0300] {processor.py:183} INFO - Processing /home/joaosousa/projects/spotify-project/venv/lib/python3.12/site-packages/airflow/example_dags/example_setup_teardown.py took 0.051 seconds
[2025-10-27T21:39:11.439-0300] {processor.py:161} INFO - Started process (PID=1988) to work on /home/joaosousa/projects/spotify-project/venv/lib/python3.12/site-packages/airflow/example_dags/example_setup_teardown.py
[2025-10-27T21:39:11.440-0300] {processor.py:830} INFO - Processing file /home/joaosousa/projects/spotify-project/venv/lib/python3.12/site-packages/airflow/example_dags/example_setup_teardown.py for tasks to queue
[2025-10-27T21:39:11.442-0300] {logging_mixin.py:188} INFO - [2025-10-27T21:39:11.441-0300] {dagbag.py:545} INFO - Filling up the DagBag from /home/joaosousa/projects/spotify-project/venv/lib/python3.12/site-packages/airflow/example_dags/example_setup_teardown.py
[2025-10-27T21:39:11.446-0300] {processor.py:840} INFO - DAG(s) 'example_setup_teardown' retrieved from /home/joaosousa/projects/spotify-project/venv/lib/python3.12/site-packages/airflow/example_dags/example_setup_teardown.py
[2025-10-27T21:39:11.459-0300] {logging_mixin.py:188} INFO - [2025-10-27T21:39:11.458-0300] {dag.py:3096} INFO - Sync 1 DAGs
[2025-10-27T21:39:11.471-0300] {logging_mixin.py:188} INFO - [2025-10-27T21:39:11.471-0300] {dag.py:3954} INFO - Setting next_dagrun for example_setup_teardown to 2025-10-27 00:00:00+00:00, run_after=2025-10-28 00:00:00+00:00
[2025-10-27T21:39:11.486-0300] {processor.py:183} INFO - Processing /home/joaosousa/projects/spotify-project/venv/lib/python3.12/site-packages/airflow/example_dags/example_setup_teardown.py took 0.051 seconds
[2025-10-27T21:39:54.061-0300] {processor.py:161} INFO - Started process (PID=2058) to work on /home/joaosousa/projects/spotify-project/venv/lib/python3.12/site-packages/airflow/example_dags/example_setup_teardown.py
[2025-10-27T21:39:54.063-0300] {processor.py:830} INFO - Processing file /home/joaosousa/projects/spotify-project/venv/lib/python3.12/site-packages/airflow/example_dags/example_setup_teardown.py for tasks to queue
[2025-10-27T21:39:54.064-0300] {logging_mixin.py:188} INFO - [2025-10-27T21:39:54.064-0300] {dagbag.py:545} INFO - Filling up the DagBag from /home/joaosousa/projects/spotify-project/venv/lib/python3.12/site-packages/airflow/example_dags/example_setup_teardown.py
[2025-10-27T21:39:54.069-0300] {processor.py:840} INFO - DAG(s) 'example_setup_teardown' retrieved from /home/joaosousa/projects/spotify-project/venv/lib/python3.12/site-packages/airflow/example_dags/example_setup_teardown.py
[2025-10-27T21:39:54.081-0300] {logging_mixin.py:188} INFO - [2025-10-27T21:39:54.081-0300] {dag.py:3096} INFO - Sync 1 DAGs
[2025-10-27T21:39:54.095-0300] {logging_mixin.py:188} INFO - [2025-10-27T21:39:54.095-0300] {dag.py:3954} INFO - Setting next_dagrun for example_setup_teardown to 2025-10-27 00:00:00+00:00, run_after=2025-10-28 00:00:00+00:00
[2025-10-27T21:39:54.109-0300] {processor.py:183} INFO - Processing /home/joaosousa/projects/spotify-project/venv/lib/python3.12/site-packages/airflow/example_dags/example_setup_teardown.py took 0.053 seconds
