[2025-10-27T21:30:58.036-0300] {processor.py:161} INFO - Started process (PID=1082) to work on /home/joaosousa/projects/spotify-project/venv/lib/python3.12/site-packages/airflow/example_dags/example_task_group.py
[2025-10-27T21:30:58.037-0300] {processor.py:830} INFO - Processing file /home/joaosousa/projects/spotify-project/venv/lib/python3.12/site-packages/airflow/example_dags/example_task_group.py for tasks to queue
[2025-10-27T21:30:58.038-0300] {logging_mixin.py:188} INFO - [2025-10-27T21:30:58.038-0300] {dagbag.py:545} INFO - Filling up the DagBag from /home/joaosousa/projects/spotify-project/venv/lib/python3.12/site-packages/airflow/example_dags/example_task_group.py
[2025-10-27T21:30:58.044-0300] {processor.py:840} INFO - DAG(s) 'example_task_group' retrieved from /home/joaosousa/projects/spotify-project/venv/lib/python3.12/site-packages/airflow/example_dags/example_task_group.py
[2025-10-27T21:30:58.056-0300] {logging_mixin.py:188} INFO - [2025-10-27T21:30:58.056-0300] {dag.py:3096} INFO - Sync 1 DAGs
[2025-10-27T21:30:58.068-0300] {logging_mixin.py:188} INFO - [2025-10-27T21:30:58.068-0300] {dag.py:3954} INFO - Setting next_dagrun for example_task_group to 2025-10-27 00:00:00+00:00, run_after=2025-10-28 00:00:00+00:00
[2025-10-27T21:30:58.083-0300] {processor.py:183} INFO - Processing /home/joaosousa/projects/spotify-project/venv/lib/python3.12/site-packages/airflow/example_dags/example_task_group.py took 0.051 seconds
[2025-10-27T21:31:46.105-0300] {processor.py:161} INFO - Started process (PID=1160) to work on /home/joaosousa/projects/spotify-project/venv/lib/python3.12/site-packages/airflow/example_dags/example_task_group.py
[2025-10-27T21:31:46.106-0300] {processor.py:830} INFO - Processing file /home/joaosousa/projects/spotify-project/venv/lib/python3.12/site-packages/airflow/example_dags/example_task_group.py for tasks to queue
[2025-10-27T21:31:46.108-0300] {logging_mixin.py:188} INFO - [2025-10-27T21:31:46.107-0300] {dagbag.py:545} INFO - Filling up the DagBag from /home/joaosousa/projects/spotify-project/venv/lib/python3.12/site-packages/airflow/example_dags/example_task_group.py
[2025-10-27T21:31:46.113-0300] {processor.py:840} INFO - DAG(s) 'example_task_group' retrieved from /home/joaosousa/projects/spotify-project/venv/lib/python3.12/site-packages/airflow/example_dags/example_task_group.py
[2025-10-27T21:31:46.125-0300] {logging_mixin.py:188} INFO - [2025-10-27T21:31:46.125-0300] {dag.py:3096} INFO - Sync 1 DAGs
[2025-10-27T21:31:46.137-0300] {logging_mixin.py:188} INFO - [2025-10-27T21:31:46.137-0300] {dag.py:3954} INFO - Setting next_dagrun for example_task_group to 2025-10-27 00:00:00+00:00, run_after=2025-10-28 00:00:00+00:00
[2025-10-27T21:31:46.151-0300] {processor.py:183} INFO - Processing /home/joaosousa/projects/spotify-project/venv/lib/python3.12/site-packages/airflow/example_dags/example_task_group.py took 0.051 seconds
[2025-10-27T21:32:38.581-0300] {processor.py:161} INFO - Started process (PID=1345) to work on /home/joaosousa/projects/spotify-project/venv/lib/python3.12/site-packages/airflow/example_dags/example_task_group.py
[2025-10-27T21:32:38.583-0300] {processor.py:830} INFO - Processing file /home/joaosousa/projects/spotify-project/venv/lib/python3.12/site-packages/airflow/example_dags/example_task_group.py for tasks to queue
[2025-10-27T21:32:38.585-0300] {logging_mixin.py:188} INFO - [2025-10-27T21:32:38.584-0300] {dagbag.py:545} INFO - Filling up the DagBag from /home/joaosousa/projects/spotify-project/venv/lib/python3.12/site-packages/airflow/example_dags/example_task_group.py
[2025-10-27T21:32:38.590-0300] {processor.py:840} INFO - DAG(s) 'example_task_group' retrieved from /home/joaosousa/projects/spotify-project/venv/lib/python3.12/site-packages/airflow/example_dags/example_task_group.py
[2025-10-27T21:32:38.601-0300] {logging_mixin.py:188} INFO - [2025-10-27T21:32:38.601-0300] {dag.py:3096} INFO - Sync 1 DAGs
[2025-10-27T21:32:38.612-0300] {logging_mixin.py:188} INFO - [2025-10-27T21:32:38.612-0300] {dag.py:3954} INFO - Setting next_dagrun for example_task_group to 2025-10-27 00:00:00+00:00, run_after=2025-10-28 00:00:00+00:00
[2025-10-27T21:32:38.627-0300] {processor.py:183} INFO - Processing /home/joaosousa/projects/spotify-project/venv/lib/python3.12/site-packages/airflow/example_dags/example_task_group.py took 0.050 seconds
[2025-10-27T21:33:24.288-0300] {processor.py:161} INFO - Started process (PID=1416) to work on /home/joaosousa/projects/spotify-project/venv/lib/python3.12/site-packages/airflow/example_dags/example_task_group.py
[2025-10-27T21:33:24.290-0300] {processor.py:830} INFO - Processing file /home/joaosousa/projects/spotify-project/venv/lib/python3.12/site-packages/airflow/example_dags/example_task_group.py for tasks to queue
[2025-10-27T21:33:24.291-0300] {logging_mixin.py:188} INFO - [2025-10-27T21:33:24.291-0300] {dagbag.py:545} INFO - Filling up the DagBag from /home/joaosousa/projects/spotify-project/venv/lib/python3.12/site-packages/airflow/example_dags/example_task_group.py
[2025-10-27T21:33:24.298-0300] {processor.py:840} INFO - DAG(s) 'example_task_group' retrieved from /home/joaosousa/projects/spotify-project/venv/lib/python3.12/site-packages/airflow/example_dags/example_task_group.py
[2025-10-27T21:33:24.313-0300] {logging_mixin.py:188} INFO - [2025-10-27T21:33:24.313-0300] {dag.py:3096} INFO - Sync 1 DAGs
[2025-10-27T21:33:24.326-0300] {logging_mixin.py:188} INFO - [2025-10-27T21:33:24.326-0300] {dag.py:3954} INFO - Setting next_dagrun for example_task_group to 2025-10-27 00:00:00+00:00, run_after=2025-10-28 00:00:00+00:00
[2025-10-27T21:33:24.341-0300] {processor.py:183} INFO - Processing /home/joaosousa/projects/spotify-project/venv/lib/python3.12/site-packages/airflow/example_dags/example_task_group.py took 0.058 seconds
[2025-10-27T21:34:23.326-0300] {processor.py:161} INFO - Started process (PID=1524) to work on /home/joaosousa/projects/spotify-project/venv/lib/python3.12/site-packages/airflow/example_dags/example_task_group.py
[2025-10-27T21:34:23.327-0300] {processor.py:830} INFO - Processing file /home/joaosousa/projects/spotify-project/venv/lib/python3.12/site-packages/airflow/example_dags/example_task_group.py for tasks to queue
[2025-10-27T21:34:23.329-0300] {logging_mixin.py:188} INFO - [2025-10-27T21:34:23.328-0300] {dagbag.py:545} INFO - Filling up the DagBag from /home/joaosousa/projects/spotify-project/venv/lib/python3.12/site-packages/airflow/example_dags/example_task_group.py
[2025-10-27T21:34:23.334-0300] {processor.py:840} INFO - DAG(s) 'example_task_group' retrieved from /home/joaosousa/projects/spotify-project/venv/lib/python3.12/site-packages/airflow/example_dags/example_task_group.py
[2025-10-27T21:34:23.346-0300] {logging_mixin.py:188} INFO - [2025-10-27T21:34:23.345-0300] {dag.py:3096} INFO - Sync 1 DAGs
[2025-10-27T21:34:23.358-0300] {logging_mixin.py:188} INFO - [2025-10-27T21:34:23.358-0300] {dag.py:3954} INFO - Setting next_dagrun for example_task_group to 2025-10-27 00:00:00+00:00, run_after=2025-10-28 00:00:00+00:00
[2025-10-27T21:34:23.376-0300] {processor.py:183} INFO - Processing /home/joaosousa/projects/spotify-project/venv/lib/python3.12/site-packages/airflow/example_dags/example_task_group.py took 0.054 seconds
[2025-10-27T21:35:20.214-0300] {processor.py:161} INFO - Started process (PID=1609) to work on /home/joaosousa/projects/spotify-project/venv/lib/python3.12/site-packages/airflow/example_dags/example_task_group.py
[2025-10-27T21:35:20.216-0300] {processor.py:830} INFO - Processing file /home/joaosousa/projects/spotify-project/venv/lib/python3.12/site-packages/airflow/example_dags/example_task_group.py for tasks to queue
[2025-10-27T21:35:20.218-0300] {logging_mixin.py:188} INFO - [2025-10-27T21:35:20.217-0300] {dagbag.py:545} INFO - Filling up the DagBag from /home/joaosousa/projects/spotify-project/venv/lib/python3.12/site-packages/airflow/example_dags/example_task_group.py
[2025-10-27T21:35:20.223-0300] {processor.py:840} INFO - DAG(s) 'example_task_group' retrieved from /home/joaosousa/projects/spotify-project/venv/lib/python3.12/site-packages/airflow/example_dags/example_task_group.py
[2025-10-27T21:35:20.235-0300] {logging_mixin.py:188} INFO - [2025-10-27T21:35:20.234-0300] {dag.py:3096} INFO - Sync 1 DAGs
[2025-10-27T21:35:20.247-0300] {logging_mixin.py:188} INFO - [2025-10-27T21:35:20.247-0300] {dag.py:3954} INFO - Setting next_dagrun for example_task_group to 2025-10-27 00:00:00+00:00, run_after=2025-10-28 00:00:00+00:00
[2025-10-27T21:35:20.265-0300] {processor.py:183} INFO - Processing /home/joaosousa/projects/spotify-project/venv/lib/python3.12/site-packages/airflow/example_dags/example_task_group.py took 0.055 seconds
[2025-10-27T21:36:04.835-0300] {processor.py:161} INFO - Started process (PID=1678) to work on /home/joaosousa/projects/spotify-project/venv/lib/python3.12/site-packages/airflow/example_dags/example_task_group.py
[2025-10-27T21:36:04.836-0300] {processor.py:830} INFO - Processing file /home/joaosousa/projects/spotify-project/venv/lib/python3.12/site-packages/airflow/example_dags/example_task_group.py for tasks to queue
[2025-10-27T21:36:04.837-0300] {logging_mixin.py:188} INFO - [2025-10-27T21:36:04.837-0300] {dagbag.py:545} INFO - Filling up the DagBag from /home/joaosousa/projects/spotify-project/venv/lib/python3.12/site-packages/airflow/example_dags/example_task_group.py
[2025-10-27T21:36:04.842-0300] {processor.py:840} INFO - DAG(s) 'example_task_group' retrieved from /home/joaosousa/projects/spotify-project/venv/lib/python3.12/site-packages/airflow/example_dags/example_task_group.py
[2025-10-27T21:36:04.853-0300] {logging_mixin.py:188} INFO - [2025-10-27T21:36:04.853-0300] {dag.py:3096} INFO - Sync 1 DAGs
[2025-10-27T21:36:04.865-0300] {logging_mixin.py:188} INFO - [2025-10-27T21:36:04.865-0300] {dag.py:3954} INFO - Setting next_dagrun for example_task_group to 2025-10-27 00:00:00+00:00, run_after=2025-10-28 00:00:00+00:00
[2025-10-27T21:36:04.979-0300] {processor.py:183} INFO - Processing /home/joaosousa/projects/spotify-project/venv/lib/python3.12/site-packages/airflow/example_dags/example_task_group.py took 0.147 seconds
[2025-10-27T21:36:53.573-0300] {processor.py:161} INFO - Started process (PID=1749) to work on /home/joaosousa/projects/spotify-project/venv/lib/python3.12/site-packages/airflow/example_dags/example_task_group.py
[2025-10-27T21:36:53.575-0300] {processor.py:830} INFO - Processing file /home/joaosousa/projects/spotify-project/venv/lib/python3.12/site-packages/airflow/example_dags/example_task_group.py for tasks to queue
[2025-10-27T21:36:53.577-0300] {logging_mixin.py:188} INFO - [2025-10-27T21:36:53.576-0300] {dagbag.py:545} INFO - Filling up the DagBag from /home/joaosousa/projects/spotify-project/venv/lib/python3.12/site-packages/airflow/example_dags/example_task_group.py
[2025-10-27T21:36:53.584-0300] {processor.py:840} INFO - DAG(s) 'example_task_group' retrieved from /home/joaosousa/projects/spotify-project/venv/lib/python3.12/site-packages/airflow/example_dags/example_task_group.py
[2025-10-27T21:36:53.600-0300] {logging_mixin.py:188} INFO - [2025-10-27T21:36:53.599-0300] {dag.py:3096} INFO - Sync 1 DAGs
[2025-10-27T21:36:53.618-0300] {logging_mixin.py:188} INFO - [2025-10-27T21:36:53.618-0300] {dag.py:3954} INFO - Setting next_dagrun for example_task_group to 2025-10-27 00:00:00+00:00, run_after=2025-10-28 00:00:00+00:00
[2025-10-27T21:36:53.637-0300] {processor.py:183} INFO - Processing /home/joaosousa/projects/spotify-project/venv/lib/python3.12/site-packages/airflow/example_dags/example_task_group.py took 0.071 seconds
[2025-10-27T21:37:38.778-0300] {processor.py:161} INFO - Started process (PID=1821) to work on /home/joaosousa/projects/spotify-project/venv/lib/python3.12/site-packages/airflow/example_dags/example_task_group.py
[2025-10-27T21:37:38.780-0300] {processor.py:830} INFO - Processing file /home/joaosousa/projects/spotify-project/venv/lib/python3.12/site-packages/airflow/example_dags/example_task_group.py for tasks to queue
[2025-10-27T21:37:38.782-0300] {logging_mixin.py:188} INFO - [2025-10-27T21:37:38.782-0300] {dagbag.py:545} INFO - Filling up the DagBag from /home/joaosousa/projects/spotify-project/venv/lib/python3.12/site-packages/airflow/example_dags/example_task_group.py
[2025-10-27T21:37:38.787-0300] {processor.py:840} INFO - DAG(s) 'example_task_group' retrieved from /home/joaosousa/projects/spotify-project/venv/lib/python3.12/site-packages/airflow/example_dags/example_task_group.py
[2025-10-27T21:37:38.800-0300] {logging_mixin.py:188} INFO - [2025-10-27T21:37:38.799-0300] {dag.py:3096} INFO - Sync 1 DAGs
[2025-10-27T21:37:38.812-0300] {logging_mixin.py:188} INFO - [2025-10-27T21:37:38.812-0300] {dag.py:3954} INFO - Setting next_dagrun for example_task_group to 2025-10-27 00:00:00+00:00, run_after=2025-10-28 00:00:00+00:00
[2025-10-27T21:37:38.833-0300] {processor.py:183} INFO - Processing /home/joaosousa/projects/spotify-project/venv/lib/python3.12/site-packages/airflow/example_dags/example_task_group.py took 0.059 seconds
[2025-10-27T21:38:21.663-0300] {processor.py:161} INFO - Started process (PID=1890) to work on /home/joaosousa/projects/spotify-project/venv/lib/python3.12/site-packages/airflow/example_dags/example_task_group.py
[2025-10-27T21:38:21.665-0300] {processor.py:830} INFO - Processing file /home/joaosousa/projects/spotify-project/venv/lib/python3.12/site-packages/airflow/example_dags/example_task_group.py for tasks to queue
[2025-10-27T21:38:21.667-0300] {logging_mixin.py:188} INFO - [2025-10-27T21:38:21.667-0300] {dagbag.py:545} INFO - Filling up the DagBag from /home/joaosousa/projects/spotify-project/venv/lib/python3.12/site-packages/airflow/example_dags/example_task_group.py
[2025-10-27T21:38:21.673-0300] {processor.py:840} INFO - DAG(s) 'example_task_group' retrieved from /home/joaosousa/projects/spotify-project/venv/lib/python3.12/site-packages/airflow/example_dags/example_task_group.py
[2025-10-27T21:38:21.687-0300] {logging_mixin.py:188} INFO - [2025-10-27T21:38:21.687-0300] {dag.py:3096} INFO - Sync 1 DAGs
[2025-10-27T21:38:21.702-0300] {logging_mixin.py:188} INFO - [2025-10-27T21:38:21.702-0300] {dag.py:3954} INFO - Setting next_dagrun for example_task_group to 2025-10-27 00:00:00+00:00, run_after=2025-10-28 00:00:00+00:00
[2025-10-27T21:38:21.718-0300] {processor.py:183} INFO - Processing /home/joaosousa/projects/spotify-project/venv/lib/python3.12/site-packages/airflow/example_dags/example_task_group.py took 0.060 seconds
[2025-10-27T21:39:13.003-0300] {processor.py:161} INFO - Started process (PID=1990) to work on /home/joaosousa/projects/spotify-project/venv/lib/python3.12/site-packages/airflow/example_dags/example_task_group.py
[2025-10-27T21:39:13.005-0300] {processor.py:830} INFO - Processing file /home/joaosousa/projects/spotify-project/venv/lib/python3.12/site-packages/airflow/example_dags/example_task_group.py for tasks to queue
[2025-10-27T21:39:13.007-0300] {logging_mixin.py:188} INFO - [2025-10-27T21:39:13.007-0300] {dagbag.py:545} INFO - Filling up the DagBag from /home/joaosousa/projects/spotify-project/venv/lib/python3.12/site-packages/airflow/example_dags/example_task_group.py
[2025-10-27T21:39:13.012-0300] {processor.py:840} INFO - DAG(s) 'example_task_group' retrieved from /home/joaosousa/projects/spotify-project/venv/lib/python3.12/site-packages/airflow/example_dags/example_task_group.py
[2025-10-27T21:39:13.024-0300] {logging_mixin.py:188} INFO - [2025-10-27T21:39:13.024-0300] {dag.py:3096} INFO - Sync 1 DAGs
[2025-10-27T21:39:13.038-0300] {logging_mixin.py:188} INFO - [2025-10-27T21:39:13.037-0300] {dag.py:3954} INFO - Setting next_dagrun for example_task_group to 2025-10-27 00:00:00+00:00, run_after=2025-10-28 00:00:00+00:00
[2025-10-27T21:39:13.054-0300] {processor.py:183} INFO - Processing /home/joaosousa/projects/spotify-project/venv/lib/python3.12/site-packages/airflow/example_dags/example_task_group.py took 0.055 seconds
[2025-10-27T21:39:56.330-0300] {processor.py:161} INFO - Started process (PID=2060) to work on /home/joaosousa/projects/spotify-project/venv/lib/python3.12/site-packages/airflow/example_dags/example_task_group.py
[2025-10-27T21:39:56.332-0300] {processor.py:830} INFO - Processing file /home/joaosousa/projects/spotify-project/venv/lib/python3.12/site-packages/airflow/example_dags/example_task_group.py for tasks to queue
[2025-10-27T21:39:56.333-0300] {logging_mixin.py:188} INFO - [2025-10-27T21:39:56.333-0300] {dagbag.py:545} INFO - Filling up the DagBag from /home/joaosousa/projects/spotify-project/venv/lib/python3.12/site-packages/airflow/example_dags/example_task_group.py
[2025-10-27T21:39:56.338-0300] {processor.py:840} INFO - DAG(s) 'example_task_group' retrieved from /home/joaosousa/projects/spotify-project/venv/lib/python3.12/site-packages/airflow/example_dags/example_task_group.py
[2025-10-27T21:39:56.350-0300] {logging_mixin.py:188} INFO - [2025-10-27T21:39:56.350-0300] {dag.py:3096} INFO - Sync 1 DAGs
[2025-10-27T21:39:56.362-0300] {logging_mixin.py:188} INFO - [2025-10-27T21:39:56.362-0300] {dag.py:3954} INFO - Setting next_dagrun for example_task_group to 2025-10-27 00:00:00+00:00, run_after=2025-10-28 00:00:00+00:00
[2025-10-27T21:39:56.377-0300] {processor.py:183} INFO - Processing /home/joaosousa/projects/spotify-project/venv/lib/python3.12/site-packages/airflow/example_dags/example_task_group.py took 0.051 seconds
[2025-10-27T21:40:38.719-0300] {processor.py:161} INFO - Started process (PID=2136) to work on /home/joaosousa/projects/spotify-project/venv/lib/python3.12/site-packages/airflow/example_dags/example_task_group.py
[2025-10-27T21:40:38.720-0300] {processor.py:830} INFO - Processing file /home/joaosousa/projects/spotify-project/venv/lib/python3.12/site-packages/airflow/example_dags/example_task_group.py for tasks to queue
[2025-10-27T21:40:38.721-0300] {logging_mixin.py:188} INFO - [2025-10-27T21:40:38.721-0300] {dagbag.py:545} INFO - Filling up the DagBag from /home/joaosousa/projects/spotify-project/venv/lib/python3.12/site-packages/airflow/example_dags/example_task_group.py
[2025-10-27T21:40:38.726-0300] {processor.py:840} INFO - DAG(s) 'example_task_group' retrieved from /home/joaosousa/projects/spotify-project/venv/lib/python3.12/site-packages/airflow/example_dags/example_task_group.py
[2025-10-27T21:40:38.739-0300] {logging_mixin.py:188} INFO - [2025-10-27T21:40:38.739-0300] {dag.py:3096} INFO - Sync 1 DAGs
[2025-10-27T21:40:38.757-0300] {logging_mixin.py:188} INFO - [2025-10-27T21:40:38.757-0300] {dag.py:3954} INFO - Setting next_dagrun for example_task_group to 2025-10-27 00:00:00+00:00, run_after=2025-10-28 00:00:00+00:00
[2025-10-27T21:40:38.776-0300] {processor.py:183} INFO - Processing /home/joaosousa/projects/spotify-project/venv/lib/python3.12/site-packages/airflow/example_dags/example_task_group.py took 0.061 seconds
[2025-10-27T21:41:39.467-0300] {processor.py:161} INFO - Started process (PID=2276) to work on /home/joaosousa/projects/spotify-project/venv/lib/python3.12/site-packages/airflow/example_dags/example_task_group.py
[2025-10-27T21:41:39.472-0300] {processor.py:830} INFO - Processing file /home/joaosousa/projects/spotify-project/venv/lib/python3.12/site-packages/airflow/example_dags/example_task_group.py for tasks to queue
[2025-10-27T21:41:39.473-0300] {logging_mixin.py:188} INFO - [2025-10-27T21:41:39.473-0300] {dagbag.py:545} INFO - Filling up the DagBag from /home/joaosousa/projects/spotify-project/venv/lib/python3.12/site-packages/airflow/example_dags/example_task_group.py
[2025-10-27T21:41:39.478-0300] {processor.py:840} INFO - DAG(s) 'example_task_group' retrieved from /home/joaosousa/projects/spotify-project/venv/lib/python3.12/site-packages/airflow/example_dags/example_task_group.py
[2025-10-27T21:41:39.490-0300] {logging_mixin.py:188} INFO - [2025-10-27T21:41:39.490-0300] {dag.py:3096} INFO - Sync 1 DAGs
[2025-10-27T21:41:39.504-0300] {logging_mixin.py:188} INFO - [2025-10-27T21:41:39.503-0300] {dag.py:3954} INFO - Setting next_dagrun for example_task_group to 2025-10-27 00:00:00+00:00, run_after=2025-10-28 00:00:00+00:00
[2025-10-27T21:41:39.519-0300] {processor.py:183} INFO - Processing /home/joaosousa/projects/spotify-project/venv/lib/python3.12/site-packages/airflow/example_dags/example_task_group.py took 0.056 seconds
[2025-10-27T21:42:37.712-0300] {processor.py:161} INFO - Started process (PID=2446) to work on /home/joaosousa/projects/spotify-project/venv/lib/python3.12/site-packages/airflow/example_dags/example_task_group.py
[2025-10-27T21:42:37.714-0300] {processor.py:830} INFO - Processing file /home/joaosousa/projects/spotify-project/venv/lib/python3.12/site-packages/airflow/example_dags/example_task_group.py for tasks to queue
[2025-10-27T21:42:37.715-0300] {logging_mixin.py:188} INFO - [2025-10-27T21:42:37.715-0300] {dagbag.py:545} INFO - Filling up the DagBag from /home/joaosousa/projects/spotify-project/venv/lib/python3.12/site-packages/airflow/example_dags/example_task_group.py
[2025-10-27T21:42:37.720-0300] {processor.py:840} INFO - DAG(s) 'example_task_group' retrieved from /home/joaosousa/projects/spotify-project/venv/lib/python3.12/site-packages/airflow/example_dags/example_task_group.py
[2025-10-27T21:42:37.733-0300] {logging_mixin.py:188} INFO - [2025-10-27T21:42:37.733-0300] {dag.py:3096} INFO - Sync 1 DAGs
[2025-10-27T21:42:37.750-0300] {logging_mixin.py:188} INFO - [2025-10-27T21:42:37.750-0300] {dag.py:3954} INFO - Setting next_dagrun for example_task_group to 2025-10-27 00:00:00+00:00, run_after=2025-10-28 00:00:00+00:00
[2025-10-27T21:42:37.767-0300] {processor.py:183} INFO - Processing /home/joaosousa/projects/spotify-project/venv/lib/python3.12/site-packages/airflow/example_dags/example_task_group.py took 0.059 seconds
[2025-10-27T21:43:38.865-0300] {processor.py:161} INFO - Started process (PID=2555) to work on /home/joaosousa/projects/spotify-project/venv/lib/python3.12/site-packages/airflow/example_dags/example_task_group.py
[2025-10-27T21:43:38.866-0300] {processor.py:830} INFO - Processing file /home/joaosousa/projects/spotify-project/venv/lib/python3.12/site-packages/airflow/example_dags/example_task_group.py for tasks to queue
[2025-10-27T21:43:38.867-0300] {logging_mixin.py:188} INFO - [2025-10-27T21:43:38.867-0300] {dagbag.py:545} INFO - Filling up the DagBag from /home/joaosousa/projects/spotify-project/venv/lib/python3.12/site-packages/airflow/example_dags/example_task_group.py
[2025-10-27T21:43:38.872-0300] {processor.py:840} INFO - DAG(s) 'example_task_group' retrieved from /home/joaosousa/projects/spotify-project/venv/lib/python3.12/site-packages/airflow/example_dags/example_task_group.py
[2025-10-27T21:43:38.884-0300] {logging_mixin.py:188} INFO - [2025-10-27T21:43:38.884-0300] {dag.py:3096} INFO - Sync 1 DAGs
[2025-10-27T21:43:38.896-0300] {logging_mixin.py:188} INFO - [2025-10-27T21:43:38.896-0300] {dag.py:3954} INFO - Setting next_dagrun for example_task_group to 2025-10-27 00:00:00+00:00, run_after=2025-10-28 00:00:00+00:00
[2025-10-27T21:43:38.911-0300] {processor.py:183} INFO - Processing /home/joaosousa/projects/spotify-project/venv/lib/python3.12/site-packages/airflow/example_dags/example_task_group.py took 0.050 seconds
[2025-10-27T21:44:36.850-0300] {processor.py:161} INFO - Started process (PID=2658) to work on /home/joaosousa/projects/spotify-project/venv/lib/python3.12/site-packages/airflow/example_dags/example_task_group.py
[2025-10-27T21:44:36.851-0300] {processor.py:830} INFO - Processing file /home/joaosousa/projects/spotify-project/venv/lib/python3.12/site-packages/airflow/example_dags/example_task_group.py for tasks to queue
[2025-10-27T21:44:36.852-0300] {logging_mixin.py:188} INFO - [2025-10-27T21:44:36.852-0300] {dagbag.py:545} INFO - Filling up the DagBag from /home/joaosousa/projects/spotify-project/venv/lib/python3.12/site-packages/airflow/example_dags/example_task_group.py
[2025-10-27T21:44:36.857-0300] {processor.py:840} INFO - DAG(s) 'example_task_group' retrieved from /home/joaosousa/projects/spotify-project/venv/lib/python3.12/site-packages/airflow/example_dags/example_task_group.py
[2025-10-27T21:44:36.869-0300] {logging_mixin.py:188} INFO - [2025-10-27T21:44:36.869-0300] {dag.py:3096} INFO - Sync 1 DAGs
[2025-10-27T21:44:36.882-0300] {logging_mixin.py:188} INFO - [2025-10-27T21:44:36.882-0300] {dag.py:3954} INFO - Setting next_dagrun for example_task_group to 2025-10-27 00:00:00+00:00, run_after=2025-10-28 00:00:00+00:00
[2025-10-27T21:44:36.898-0300] {processor.py:183} INFO - Processing /home/joaosousa/projects/spotify-project/venv/lib/python3.12/site-packages/airflow/example_dags/example_task_group.py took 0.052 seconds
[2025-10-27T21:45:17.281-0300] {processor.py:161} INFO - Started process (PID=2930) to work on /home/joaosousa/projects/spotify-project/venv/lib/python3.12/site-packages/airflow/example_dags/example_task_group.py
[2025-10-27T21:45:17.283-0300] {processor.py:830} INFO - Processing file /home/joaosousa/projects/spotify-project/venv/lib/python3.12/site-packages/airflow/example_dags/example_task_group.py for tasks to queue
[2025-10-27T21:45:17.285-0300] {logging_mixin.py:188} INFO - [2025-10-27T21:45:17.284-0300] {dagbag.py:545} INFO - Filling up the DagBag from /home/joaosousa/projects/spotify-project/venv/lib/python3.12/site-packages/airflow/example_dags/example_task_group.py
[2025-10-27T21:45:17.291-0300] {processor.py:840} INFO - DAG(s) 'example_task_group' retrieved from /home/joaosousa/projects/spotify-project/venv/lib/python3.12/site-packages/airflow/example_dags/example_task_group.py
[2025-10-27T21:45:17.304-0300] {logging_mixin.py:188} INFO - [2025-10-27T21:45:17.303-0300] {dag.py:3096} INFO - Sync 1 DAGs
[2025-10-27T21:45:17.316-0300] {logging_mixin.py:188} INFO - [2025-10-27T21:45:17.316-0300] {dag.py:3954} INFO - Setting next_dagrun for example_task_group to 2025-10-27 00:00:00+00:00, run_after=2025-10-28 00:00:00+00:00
[2025-10-27T21:45:17.330-0300] {processor.py:183} INFO - Processing /home/joaosousa/projects/spotify-project/venv/lib/python3.12/site-packages/airflow/example_dags/example_task_group.py took 0.054 seconds
[2025-10-27T21:46:17.667-0300] {processor.py:161} INFO - Started process (PID=3034) to work on /home/joaosousa/projects/spotify-project/venv/lib/python3.12/site-packages/airflow/example_dags/example_task_group.py
[2025-10-27T21:46:17.668-0300] {processor.py:830} INFO - Processing file /home/joaosousa/projects/spotify-project/venv/lib/python3.12/site-packages/airflow/example_dags/example_task_group.py for tasks to queue
[2025-10-27T21:46:17.670-0300] {logging_mixin.py:188} INFO - [2025-10-27T21:46:17.670-0300] {dagbag.py:545} INFO - Filling up the DagBag from /home/joaosousa/projects/spotify-project/venv/lib/python3.12/site-packages/airflow/example_dags/example_task_group.py
[2025-10-27T21:46:17.675-0300] {processor.py:840} INFO - DAG(s) 'example_task_group' retrieved from /home/joaosousa/projects/spotify-project/venv/lib/python3.12/site-packages/airflow/example_dags/example_task_group.py
[2025-10-27T21:46:17.686-0300] {logging_mixin.py:188} INFO - [2025-10-27T21:46:17.686-0300] {dag.py:3096} INFO - Sync 1 DAGs
[2025-10-27T21:46:17.698-0300] {logging_mixin.py:188} INFO - [2025-10-27T21:46:17.698-0300] {dag.py:3954} INFO - Setting next_dagrun for example_task_group to 2025-10-27 00:00:00+00:00, run_after=2025-10-28 00:00:00+00:00
[2025-10-27T21:46:17.712-0300] {processor.py:183} INFO - Processing /home/joaosousa/projects/spotify-project/venv/lib/python3.12/site-packages/airflow/example_dags/example_task_group.py took 0.050 seconds
[2025-10-27T21:47:02.004-0300] {processor.py:161} INFO - Started process (PID=3140) to work on /home/joaosousa/projects/spotify-project/venv/lib/python3.12/site-packages/airflow/example_dags/example_task_group.py
[2025-10-27T21:47:02.006-0300] {processor.py:830} INFO - Processing file /home/joaosousa/projects/spotify-project/venv/lib/python3.12/site-packages/airflow/example_dags/example_task_group.py for tasks to queue
[2025-10-27T21:47:02.008-0300] {logging_mixin.py:188} INFO - [2025-10-27T21:47:02.008-0300] {dagbag.py:545} INFO - Filling up the DagBag from /home/joaosousa/projects/spotify-project/venv/lib/python3.12/site-packages/airflow/example_dags/example_task_group.py
[2025-10-27T21:47:02.014-0300] {processor.py:840} INFO - DAG(s) 'example_task_group' retrieved from /home/joaosousa/projects/spotify-project/venv/lib/python3.12/site-packages/airflow/example_dags/example_task_group.py
[2025-10-27T21:47:02.025-0300] {logging_mixin.py:188} INFO - [2025-10-27T21:47:02.025-0300] {dag.py:3096} INFO - Sync 1 DAGs
[2025-10-27T21:47:02.038-0300] {logging_mixin.py:188} INFO - [2025-10-27T21:47:02.038-0300] {dag.py:3954} INFO - Setting next_dagrun for example_task_group to 2025-10-27 00:00:00+00:00, run_after=2025-10-28 00:00:00+00:00
[2025-10-27T21:47:02.052-0300] {processor.py:183} INFO - Processing /home/joaosousa/projects/spotify-project/venv/lib/python3.12/site-packages/airflow/example_dags/example_task_group.py took 0.052 seconds
[2025-10-27T21:47:46.355-0300] {processor.py:161} INFO - Started process (PID=3247) to work on /home/joaosousa/projects/spotify-project/venv/lib/python3.12/site-packages/airflow/example_dags/example_task_group.py
[2025-10-27T21:47:46.356-0300] {processor.py:830} INFO - Processing file /home/joaosousa/projects/spotify-project/venv/lib/python3.12/site-packages/airflow/example_dags/example_task_group.py for tasks to queue
[2025-10-27T21:47:46.358-0300] {logging_mixin.py:188} INFO - [2025-10-27T21:47:46.357-0300] {dagbag.py:545} INFO - Filling up the DagBag from /home/joaosousa/projects/spotify-project/venv/lib/python3.12/site-packages/airflow/example_dags/example_task_group.py
[2025-10-27T21:47:46.363-0300] {processor.py:840} INFO - DAG(s) 'example_task_group' retrieved from /home/joaosousa/projects/spotify-project/venv/lib/python3.12/site-packages/airflow/example_dags/example_task_group.py
[2025-10-27T21:47:46.374-0300] {logging_mixin.py:188} INFO - [2025-10-27T21:47:46.374-0300] {dag.py:3096} INFO - Sync 1 DAGs
[2025-10-27T21:47:46.386-0300] {logging_mixin.py:188} INFO - [2025-10-27T21:47:46.386-0300] {dag.py:3954} INFO - Setting next_dagrun for example_task_group to 2025-10-27 00:00:00+00:00, run_after=2025-10-28 00:00:00+00:00
[2025-10-27T21:47:46.400-0300] {processor.py:183} INFO - Processing /home/joaosousa/projects/spotify-project/venv/lib/python3.12/site-packages/airflow/example_dags/example_task_group.py took 0.050 seconds
[2025-10-27T21:48:29.676-0300] {processor.py:161} INFO - Started process (PID=3507) to work on /home/joaosousa/projects/spotify-project/venv/lib/python3.12/site-packages/airflow/example_dags/example_task_group.py
[2025-10-27T21:48:29.678-0300] {processor.py:830} INFO - Processing file /home/joaosousa/projects/spotify-project/venv/lib/python3.12/site-packages/airflow/example_dags/example_task_group.py for tasks to queue
[2025-10-27T21:48:29.679-0300] {logging_mixin.py:188} INFO - [2025-10-27T21:48:29.679-0300] {dagbag.py:545} INFO - Filling up the DagBag from /home/joaosousa/projects/spotify-project/venv/lib/python3.12/site-packages/airflow/example_dags/example_task_group.py
[2025-10-27T21:48:29.686-0300] {processor.py:840} INFO - DAG(s) 'example_task_group' retrieved from /home/joaosousa/projects/spotify-project/venv/lib/python3.12/site-packages/airflow/example_dags/example_task_group.py
[2025-10-27T21:48:29.704-0300] {logging_mixin.py:188} INFO - [2025-10-27T21:48:29.704-0300] {dag.py:3096} INFO - Sync 1 DAGs
[2025-10-27T21:48:29.721-0300] {logging_mixin.py:188} INFO - [2025-10-27T21:48:29.721-0300] {dag.py:3954} INFO - Setting next_dagrun for example_task_group to 2025-10-27 00:00:00+00:00, run_after=2025-10-28 00:00:00+00:00
[2025-10-27T21:48:29.745-0300] {processor.py:183} INFO - Processing /home/joaosousa/projects/spotify-project/venv/lib/python3.12/site-packages/airflow/example_dags/example_task_group.py took 0.075 seconds
[2025-10-27T21:49:28.053-0300] {processor.py:161} INFO - Started process (PID=3605) to work on /home/joaosousa/projects/spotify-project/venv/lib/python3.12/site-packages/airflow/example_dags/example_task_group.py
[2025-10-27T21:49:28.056-0300] {processor.py:830} INFO - Processing file /home/joaosousa/projects/spotify-project/venv/lib/python3.12/site-packages/airflow/example_dags/example_task_group.py for tasks to queue
[2025-10-27T21:49:28.057-0300] {logging_mixin.py:188} INFO - [2025-10-27T21:49:28.057-0300] {dagbag.py:545} INFO - Filling up the DagBag from /home/joaosousa/projects/spotify-project/venv/lib/python3.12/site-packages/airflow/example_dags/example_task_group.py
[2025-10-27T21:49:28.062-0300] {processor.py:840} INFO - DAG(s) 'example_task_group' retrieved from /home/joaosousa/projects/spotify-project/venv/lib/python3.12/site-packages/airflow/example_dags/example_task_group.py
[2025-10-27T21:49:28.075-0300] {logging_mixin.py:188} INFO - [2025-10-27T21:49:28.074-0300] {dag.py:3096} INFO - Sync 1 DAGs
[2025-10-27T21:49:28.087-0300] {logging_mixin.py:188} INFO - [2025-10-27T21:49:28.087-0300] {dag.py:3954} INFO - Setting next_dagrun for example_task_group to 2025-10-27 00:00:00+00:00, run_after=2025-10-28 00:00:00+00:00
[2025-10-27T21:49:28.102-0300] {processor.py:183} INFO - Processing /home/joaosousa/projects/spotify-project/venv/lib/python3.12/site-packages/airflow/example_dags/example_task_group.py took 0.053 seconds
[2025-10-27T21:50:29.298-0300] {processor.py:161} INFO - Started process (PID=3708) to work on /home/joaosousa/projects/spotify-project/venv/lib/python3.12/site-packages/airflow/example_dags/example_task_group.py
[2025-10-27T21:50:29.300-0300] {processor.py:830} INFO - Processing file /home/joaosousa/projects/spotify-project/venv/lib/python3.12/site-packages/airflow/example_dags/example_task_group.py for tasks to queue
[2025-10-27T21:50:29.301-0300] {logging_mixin.py:188} INFO - [2025-10-27T21:50:29.301-0300] {dagbag.py:545} INFO - Filling up the DagBag from /home/joaosousa/projects/spotify-project/venv/lib/python3.12/site-packages/airflow/example_dags/example_task_group.py
[2025-10-27T21:50:29.306-0300] {processor.py:840} INFO - DAG(s) 'example_task_group' retrieved from /home/joaosousa/projects/spotify-project/venv/lib/python3.12/site-packages/airflow/example_dags/example_task_group.py
[2025-10-27T21:50:29.318-0300] {logging_mixin.py:188} INFO - [2025-10-27T21:50:29.318-0300] {dag.py:3096} INFO - Sync 1 DAGs
[2025-10-27T21:50:29.330-0300] {logging_mixin.py:188} INFO - [2025-10-27T21:50:29.330-0300] {dag.py:3954} INFO - Setting next_dagrun for example_task_group to 2025-10-27 00:00:00+00:00, run_after=2025-10-28 00:00:00+00:00
[2025-10-27T21:50:29.344-0300] {processor.py:183} INFO - Processing /home/joaosousa/projects/spotify-project/venv/lib/python3.12/site-packages/airflow/example_dags/example_task_group.py took 0.051 seconds
[2025-10-27T21:51:14.056-0300] {processor.py:161} INFO - Started process (PID=3786) to work on /home/joaosousa/projects/spotify-project/venv/lib/python3.12/site-packages/airflow/example_dags/example_task_group.py
[2025-10-27T21:51:14.058-0300] {processor.py:830} INFO - Processing file /home/joaosousa/projects/spotify-project/venv/lib/python3.12/site-packages/airflow/example_dags/example_task_group.py for tasks to queue
[2025-10-27T21:51:14.059-0300] {logging_mixin.py:188} INFO - [2025-10-27T21:51:14.059-0300] {dagbag.py:545} INFO - Filling up the DagBag from /home/joaosousa/projects/spotify-project/venv/lib/python3.12/site-packages/airflow/example_dags/example_task_group.py
[2025-10-27T21:51:14.064-0300] {processor.py:840} INFO - DAG(s) 'example_task_group' retrieved from /home/joaosousa/projects/spotify-project/venv/lib/python3.12/site-packages/airflow/example_dags/example_task_group.py
[2025-10-27T21:51:14.076-0300] {logging_mixin.py:188} INFO - [2025-10-27T21:51:14.076-0300] {dag.py:3096} INFO - Sync 1 DAGs
[2025-10-27T21:51:14.088-0300] {logging_mixin.py:188} INFO - [2025-10-27T21:51:14.088-0300] {dag.py:3954} INFO - Setting next_dagrun for example_task_group to 2025-10-27 00:00:00+00:00, run_after=2025-10-28 00:00:00+00:00
[2025-10-27T21:51:14.102-0300] {processor.py:183} INFO - Processing /home/joaosousa/projects/spotify-project/venv/lib/python3.12/site-packages/airflow/example_dags/example_task_group.py took 0.050 seconds
[2025-10-27T21:51:57.393-0300] {processor.py:161} INFO - Started process (PID=3877) to work on /home/joaosousa/projects/spotify-project/venv/lib/python3.12/site-packages/airflow/example_dags/example_task_group.py
[2025-10-27T21:51:57.395-0300] {processor.py:830} INFO - Processing file /home/joaosousa/projects/spotify-project/venv/lib/python3.12/site-packages/airflow/example_dags/example_task_group.py for tasks to queue
[2025-10-27T21:51:57.397-0300] {logging_mixin.py:188} INFO - [2025-10-27T21:51:57.396-0300] {dagbag.py:545} INFO - Filling up the DagBag from /home/joaosousa/projects/spotify-project/venv/lib/python3.12/site-packages/airflow/example_dags/example_task_group.py
[2025-10-27T21:51:57.402-0300] {processor.py:840} INFO - DAG(s) 'example_task_group' retrieved from /home/joaosousa/projects/spotify-project/venv/lib/python3.12/site-packages/airflow/example_dags/example_task_group.py
[2025-10-27T21:51:57.414-0300] {logging_mixin.py:188} INFO - [2025-10-27T21:51:57.414-0300] {dag.py:3096} INFO - Sync 1 DAGs
[2025-10-27T21:51:57.427-0300] {logging_mixin.py:188} INFO - [2025-10-27T21:51:57.427-0300] {dag.py:3954} INFO - Setting next_dagrun for example_task_group to 2025-10-27 00:00:00+00:00, run_after=2025-10-28 00:00:00+00:00
[2025-10-27T21:51:57.441-0300] {processor.py:183} INFO - Processing /home/joaosousa/projects/spotify-project/venv/lib/python3.12/site-packages/airflow/example_dags/example_task_group.py took 0.052 seconds
[2025-10-27T21:52:39.699-0300] {processor.py:161} INFO - Started process (PID=3974) to work on /home/joaosousa/projects/spotify-project/venv/lib/python3.12/site-packages/airflow/example_dags/example_task_group.py
[2025-10-27T21:52:39.701-0300] {processor.py:830} INFO - Processing file /home/joaosousa/projects/spotify-project/venv/lib/python3.12/site-packages/airflow/example_dags/example_task_group.py for tasks to queue
[2025-10-27T21:52:39.702-0300] {logging_mixin.py:188} INFO - [2025-10-27T21:52:39.702-0300] {dagbag.py:545} INFO - Filling up the DagBag from /home/joaosousa/projects/spotify-project/venv/lib/python3.12/site-packages/airflow/example_dags/example_task_group.py
[2025-10-27T21:52:39.708-0300] {processor.py:840} INFO - DAG(s) 'example_task_group' retrieved from /home/joaosousa/projects/spotify-project/venv/lib/python3.12/site-packages/airflow/example_dags/example_task_group.py
[2025-10-27T21:52:39.719-0300] {logging_mixin.py:188} INFO - [2025-10-27T21:52:39.719-0300] {dag.py:3096} INFO - Sync 1 DAGs
[2025-10-27T21:52:39.732-0300] {logging_mixin.py:188} INFO - [2025-10-27T21:52:39.732-0300] {dag.py:3954} INFO - Setting next_dagrun for example_task_group to 2025-10-27 00:00:00+00:00, run_after=2025-10-28 00:00:00+00:00
[2025-10-27T21:52:39.747-0300] {processor.py:183} INFO - Processing /home/joaosousa/projects/spotify-project/venv/lib/python3.12/site-packages/airflow/example_dags/example_task_group.py took 0.052 seconds
[2025-10-27T21:53:38.961-0300] {processor.py:161} INFO - Started process (PID=4085) to work on /home/joaosousa/projects/spotify-project/venv/lib/python3.12/site-packages/airflow/example_dags/example_task_group.py
[2025-10-27T21:53:38.963-0300] {processor.py:830} INFO - Processing file /home/joaosousa/projects/spotify-project/venv/lib/python3.12/site-packages/airflow/example_dags/example_task_group.py for tasks to queue
[2025-10-27T21:53:38.964-0300] {logging_mixin.py:188} INFO - [2025-10-27T21:53:38.964-0300] {dagbag.py:545} INFO - Filling up the DagBag from /home/joaosousa/projects/spotify-project/venv/lib/python3.12/site-packages/airflow/example_dags/example_task_group.py
[2025-10-27T21:53:38.970-0300] {processor.py:840} INFO - DAG(s) 'example_task_group' retrieved from /home/joaosousa/projects/spotify-project/venv/lib/python3.12/site-packages/airflow/example_dags/example_task_group.py
[2025-10-27T21:53:38.981-0300] {logging_mixin.py:188} INFO - [2025-10-27T21:53:38.981-0300] {dag.py:3096} INFO - Sync 1 DAGs
[2025-10-27T21:53:38.994-0300] {logging_mixin.py:188} INFO - [2025-10-27T21:53:38.994-0300] {dag.py:3954} INFO - Setting next_dagrun for example_task_group to 2025-10-27 00:00:00+00:00, run_after=2025-10-28 00:00:00+00:00
[2025-10-27T21:53:39.008-0300] {processor.py:183} INFO - Processing /home/joaosousa/projects/spotify-project/venv/lib/python3.12/site-packages/airflow/example_dags/example_task_group.py took 0.051 seconds
[2025-10-27T21:54:41.017-0300] {processor.py:161} INFO - Started process (PID=4222) to work on /home/joaosousa/projects/spotify-project/venv/lib/python3.12/site-packages/airflow/example_dags/example_task_group.py
[2025-10-27T21:54:41.019-0300] {processor.py:830} INFO - Processing file /home/joaosousa/projects/spotify-project/venv/lib/python3.12/site-packages/airflow/example_dags/example_task_group.py for tasks to queue
[2025-10-27T21:54:41.020-0300] {logging_mixin.py:188} INFO - [2025-10-27T21:54:41.020-0300] {dagbag.py:545} INFO - Filling up the DagBag from /home/joaosousa/projects/spotify-project/venv/lib/python3.12/site-packages/airflow/example_dags/example_task_group.py
[2025-10-27T21:54:41.026-0300] {processor.py:840} INFO - DAG(s) 'example_task_group' retrieved from /home/joaosousa/projects/spotify-project/venv/lib/python3.12/site-packages/airflow/example_dags/example_task_group.py
[2025-10-27T21:54:41.037-0300] {logging_mixin.py:188} INFO - [2025-10-27T21:54:41.037-0300] {dag.py:3096} INFO - Sync 1 DAGs
[2025-10-27T21:54:41.049-0300] {logging_mixin.py:188} INFO - [2025-10-27T21:54:41.049-0300] {dag.py:3954} INFO - Setting next_dagrun for example_task_group to 2025-10-27 00:00:00+00:00, run_after=2025-10-28 00:00:00+00:00
[2025-10-27T21:54:41.064-0300] {processor.py:183} INFO - Processing /home/joaosousa/projects/spotify-project/venv/lib/python3.12/site-packages/airflow/example_dags/example_task_group.py took 0.051 seconds
[2025-10-27T21:55:24.721-0300] {processor.py:161} INFO - Started process (PID=4293) to work on /home/joaosousa/projects/spotify-project/venv/lib/python3.12/site-packages/airflow/example_dags/example_task_group.py
[2025-10-27T21:55:24.722-0300] {processor.py:830} INFO - Processing file /home/joaosousa/projects/spotify-project/venv/lib/python3.12/site-packages/airflow/example_dags/example_task_group.py for tasks to queue
[2025-10-27T21:55:24.724-0300] {logging_mixin.py:188} INFO - [2025-10-27T21:55:24.723-0300] {dagbag.py:545} INFO - Filling up the DagBag from /home/joaosousa/projects/spotify-project/venv/lib/python3.12/site-packages/airflow/example_dags/example_task_group.py
[2025-10-27T21:55:24.729-0300] {processor.py:840} INFO - DAG(s) 'example_task_group' retrieved from /home/joaosousa/projects/spotify-project/venv/lib/python3.12/site-packages/airflow/example_dags/example_task_group.py
[2025-10-27T21:55:24.741-0300] {logging_mixin.py:188} INFO - [2025-10-27T21:55:24.740-0300] {dag.py:3096} INFO - Sync 1 DAGs
[2025-10-27T21:55:24.753-0300] {logging_mixin.py:188} INFO - [2025-10-27T21:55:24.753-0300] {dag.py:3954} INFO - Setting next_dagrun for example_task_group to 2025-10-27 00:00:00+00:00, run_after=2025-10-28 00:00:00+00:00
[2025-10-27T21:55:24.888-0300] {processor.py:183} INFO - Processing /home/joaosousa/projects/spotify-project/venv/lib/python3.12/site-packages/airflow/example_dags/example_task_group.py took 0.172 seconds
[2025-10-27T21:56:26.981-0300] {processor.py:161} INFO - Started process (PID=4396) to work on /home/joaosousa/projects/spotify-project/venv/lib/python3.12/site-packages/airflow/example_dags/example_task_group.py
[2025-10-27T21:56:26.983-0300] {processor.py:830} INFO - Processing file /home/joaosousa/projects/spotify-project/venv/lib/python3.12/site-packages/airflow/example_dags/example_task_group.py for tasks to queue
[2025-10-27T21:56:26.985-0300] {logging_mixin.py:188} INFO - [2025-10-27T21:56:26.984-0300] {dagbag.py:545} INFO - Filling up the DagBag from /home/joaosousa/projects/spotify-project/venv/lib/python3.12/site-packages/airflow/example_dags/example_task_group.py
[2025-10-27T21:56:26.990-0300] {processor.py:840} INFO - DAG(s) 'example_task_group' retrieved from /home/joaosousa/projects/spotify-project/venv/lib/python3.12/site-packages/airflow/example_dags/example_task_group.py
[2025-10-27T21:56:27.003-0300] {logging_mixin.py:188} INFO - [2025-10-27T21:56:27.002-0300] {dag.py:3096} INFO - Sync 1 DAGs
[2025-10-27T21:56:27.015-0300] {logging_mixin.py:188} INFO - [2025-10-27T21:56:27.015-0300] {dag.py:3954} INFO - Setting next_dagrun for example_task_group to 2025-10-27 00:00:00+00:00, run_after=2025-10-28 00:00:00+00:00
[2025-10-27T21:56:27.029-0300] {processor.py:183} INFO - Processing /home/joaosousa/projects/spotify-project/venv/lib/python3.12/site-packages/airflow/example_dags/example_task_group.py took 0.052 seconds
[2025-10-27T21:57:09.537-0300] {processor.py:161} INFO - Started process (PID=4559) to work on /home/joaosousa/projects/spotify-project/venv/lib/python3.12/site-packages/airflow/example_dags/example_task_group.py
[2025-10-27T21:57:09.538-0300] {processor.py:830} INFO - Processing file /home/joaosousa/projects/spotify-project/venv/lib/python3.12/site-packages/airflow/example_dags/example_task_group.py for tasks to queue
[2025-10-27T21:57:09.539-0300] {logging_mixin.py:188} INFO - [2025-10-27T21:57:09.539-0300] {dagbag.py:545} INFO - Filling up the DagBag from /home/joaosousa/projects/spotify-project/venv/lib/python3.12/site-packages/airflow/example_dags/example_task_group.py
[2025-10-27T21:57:09.544-0300] {processor.py:840} INFO - DAG(s) 'example_task_group' retrieved from /home/joaosousa/projects/spotify-project/venv/lib/python3.12/site-packages/airflow/example_dags/example_task_group.py
[2025-10-27T21:57:09.556-0300] {logging_mixin.py:188} INFO - [2025-10-27T21:57:09.556-0300] {dag.py:3096} INFO - Sync 1 DAGs
[2025-10-27T21:57:09.568-0300] {logging_mixin.py:188} INFO - [2025-10-27T21:57:09.568-0300] {dag.py:3954} INFO - Setting next_dagrun for example_task_group to 2025-10-27 00:00:00+00:00, run_after=2025-10-28 00:00:00+00:00
[2025-10-27T21:57:09.582-0300] {processor.py:183} INFO - Processing /home/joaosousa/projects/spotify-project/venv/lib/python3.12/site-packages/airflow/example_dags/example_task_group.py took 0.050 seconds
[2025-10-27T21:58:08.970-0300] {processor.py:161} INFO - Started process (PID=4664) to work on /home/joaosousa/projects/spotify-project/venv/lib/python3.12/site-packages/airflow/example_dags/example_task_group.py
[2025-10-27T21:58:08.972-0300] {processor.py:830} INFO - Processing file /home/joaosousa/projects/spotify-project/venv/lib/python3.12/site-packages/airflow/example_dags/example_task_group.py for tasks to queue
[2025-10-27T21:58:08.973-0300] {logging_mixin.py:188} INFO - [2025-10-27T21:58:08.973-0300] {dagbag.py:545} INFO - Filling up the DagBag from /home/joaosousa/projects/spotify-project/venv/lib/python3.12/site-packages/airflow/example_dags/example_task_group.py
[2025-10-27T21:58:08.979-0300] {processor.py:840} INFO - DAG(s) 'example_task_group' retrieved from /home/joaosousa/projects/spotify-project/venv/lib/python3.12/site-packages/airflow/example_dags/example_task_group.py
[2025-10-27T21:58:08.996-0300] {logging_mixin.py:188} INFO - [2025-10-27T21:58:08.996-0300] {dag.py:3096} INFO - Sync 1 DAGs
[2025-10-27T21:58:09.013-0300] {logging_mixin.py:188} INFO - [2025-10-27T21:58:09.013-0300] {dag.py:3954} INFO - Setting next_dagrun for example_task_group to 2025-10-27 00:00:00+00:00, run_after=2025-10-28 00:00:00+00:00
[2025-10-27T21:58:09.032-0300] {processor.py:183} INFO - Processing /home/joaosousa/projects/spotify-project/venv/lib/python3.12/site-packages/airflow/example_dags/example_task_group.py took 0.066 seconds
[2025-10-27T21:59:06.054-0300] {processor.py:161} INFO - Started process (PID=4760) to work on /home/joaosousa/projects/spotify-project/venv/lib/python3.12/site-packages/airflow/example_dags/example_task_group.py
[2025-10-27T21:59:06.056-0300] {processor.py:830} INFO - Processing file /home/joaosousa/projects/spotify-project/venv/lib/python3.12/site-packages/airflow/example_dags/example_task_group.py for tasks to queue
[2025-10-27T21:59:06.057-0300] {logging_mixin.py:188} INFO - [2025-10-27T21:59:06.057-0300] {dagbag.py:545} INFO - Filling up the DagBag from /home/joaosousa/projects/spotify-project/venv/lib/python3.12/site-packages/airflow/example_dags/example_task_group.py
[2025-10-27T21:59:06.062-0300] {processor.py:840} INFO - DAG(s) 'example_task_group' retrieved from /home/joaosousa/projects/spotify-project/venv/lib/python3.12/site-packages/airflow/example_dags/example_task_group.py
[2025-10-27T21:59:06.074-0300] {logging_mixin.py:188} INFO - [2025-10-27T21:59:06.073-0300] {dag.py:3096} INFO - Sync 1 DAGs
[2025-10-27T21:59:06.086-0300] {logging_mixin.py:188} INFO - [2025-10-27T21:59:06.086-0300] {dag.py:3954} INFO - Setting next_dagrun for example_task_group to 2025-10-27 00:00:00+00:00, run_after=2025-10-28 00:00:00+00:00
[2025-10-27T21:59:06.101-0300] {processor.py:183} INFO - Processing /home/joaosousa/projects/spotify-project/venv/lib/python3.12/site-packages/airflow/example_dags/example_task_group.py took 0.051 seconds
[2025-10-27T21:59:47.870-0300] {processor.py:161} INFO - Started process (PID=4832) to work on /home/joaosousa/projects/spotify-project/venv/lib/python3.12/site-packages/airflow/example_dags/example_task_group.py
[2025-10-27T21:59:47.872-0300] {processor.py:830} INFO - Processing file /home/joaosousa/projects/spotify-project/venv/lib/python3.12/site-packages/airflow/example_dags/example_task_group.py for tasks to queue
[2025-10-27T21:59:47.873-0300] {logging_mixin.py:188} INFO - [2025-10-27T21:59:47.873-0300] {dagbag.py:545} INFO - Filling up the DagBag from /home/joaosousa/projects/spotify-project/venv/lib/python3.12/site-packages/airflow/example_dags/example_task_group.py
[2025-10-27T21:59:47.878-0300] {processor.py:840} INFO - DAG(s) 'example_task_group' retrieved from /home/joaosousa/projects/spotify-project/venv/lib/python3.12/site-packages/airflow/example_dags/example_task_group.py
[2025-10-27T21:59:47.891-0300] {logging_mixin.py:188} INFO - [2025-10-27T21:59:47.890-0300] {dag.py:3096} INFO - Sync 1 DAGs
[2025-10-27T21:59:47.903-0300] {logging_mixin.py:188} INFO - [2025-10-27T21:59:47.903-0300] {dag.py:3954} INFO - Setting next_dagrun for example_task_group to 2025-10-27 00:00:00+00:00, run_after=2025-10-28 00:00:00+00:00
[2025-10-27T21:59:47.917-0300] {processor.py:183} INFO - Processing /home/joaosousa/projects/spotify-project/venv/lib/python3.12/site-packages/airflow/example_dags/example_task_group.py took 0.052 seconds
[2025-10-27T22:00:32.085-0300] {processor.py:161} INFO - Started process (PID=4922) to work on /home/joaosousa/projects/spotify-project/venv/lib/python3.12/site-packages/airflow/example_dags/example_task_group.py
[2025-10-27T22:00:32.087-0300] {processor.py:830} INFO - Processing file /home/joaosousa/projects/spotify-project/venv/lib/python3.12/site-packages/airflow/example_dags/example_task_group.py for tasks to queue
[2025-10-27T22:00:32.088-0300] {logging_mixin.py:188} INFO - [2025-10-27T22:00:32.088-0300] {dagbag.py:545} INFO - Filling up the DagBag from /home/joaosousa/projects/spotify-project/venv/lib/python3.12/site-packages/airflow/example_dags/example_task_group.py
[2025-10-27T22:00:32.093-0300] {processor.py:840} INFO - DAG(s) 'example_task_group' retrieved from /home/joaosousa/projects/spotify-project/venv/lib/python3.12/site-packages/airflow/example_dags/example_task_group.py
[2025-10-27T22:00:32.105-0300] {logging_mixin.py:188} INFO - [2025-10-27T22:00:32.105-0300] {dag.py:3096} INFO - Sync 1 DAGs
[2025-10-27T22:00:32.117-0300] {logging_mixin.py:188} INFO - [2025-10-27T22:00:32.117-0300] {dag.py:3954} INFO - Setting next_dagrun for example_task_group to 2025-10-27 00:00:00+00:00, run_after=2025-10-28 00:00:00+00:00
[2025-10-27T22:00:32.131-0300] {processor.py:183} INFO - Processing /home/joaosousa/projects/spotify-project/venv/lib/python3.12/site-packages/airflow/example_dags/example_task_group.py took 0.050 seconds
[2025-10-27T22:01:14.199-0300] {processor.py:161} INFO - Started process (PID=4991) to work on /home/joaosousa/projects/spotify-project/venv/lib/python3.12/site-packages/airflow/example_dags/example_task_group.py
[2025-10-27T22:01:14.201-0300] {processor.py:830} INFO - Processing file /home/joaosousa/projects/spotify-project/venv/lib/python3.12/site-packages/airflow/example_dags/example_task_group.py for tasks to queue
[2025-10-27T22:01:14.202-0300] {logging_mixin.py:188} INFO - [2025-10-27T22:01:14.202-0300] {dagbag.py:545} INFO - Filling up the DagBag from /home/joaosousa/projects/spotify-project/venv/lib/python3.12/site-packages/airflow/example_dags/example_task_group.py
[2025-10-27T22:01:14.207-0300] {processor.py:840} INFO - DAG(s) 'example_task_group' retrieved from /home/joaosousa/projects/spotify-project/venv/lib/python3.12/site-packages/airflow/example_dags/example_task_group.py
[2025-10-27T22:01:14.219-0300] {logging_mixin.py:188} INFO - [2025-10-27T22:01:14.218-0300] {dag.py:3096} INFO - Sync 1 DAGs
[2025-10-27T22:01:14.231-0300] {logging_mixin.py:188} INFO - [2025-10-27T22:01:14.231-0300] {dag.py:3954} INFO - Setting next_dagrun for example_task_group to 2025-10-27 00:00:00+00:00, run_after=2025-10-28 00:00:00+00:00
[2025-10-27T22:01:14.247-0300] {processor.py:183} INFO - Processing /home/joaosousa/projects/spotify-project/venv/lib/python3.12/site-packages/airflow/example_dags/example_task_group.py took 0.052 seconds
[2025-10-27T22:01:56.151-0300] {processor.py:161} INFO - Started process (PID=5063) to work on /home/joaosousa/projects/spotify-project/venv/lib/python3.12/site-packages/airflow/example_dags/example_task_group.py
[2025-10-27T22:01:56.153-0300] {processor.py:830} INFO - Processing file /home/joaosousa/projects/spotify-project/venv/lib/python3.12/site-packages/airflow/example_dags/example_task_group.py for tasks to queue
[2025-10-27T22:01:56.154-0300] {logging_mixin.py:188} INFO - [2025-10-27T22:01:56.154-0300] {dagbag.py:545} INFO - Filling up the DagBag from /home/joaosousa/projects/spotify-project/venv/lib/python3.12/site-packages/airflow/example_dags/example_task_group.py
[2025-10-27T22:01:56.159-0300] {processor.py:840} INFO - DAG(s) 'example_task_group' retrieved from /home/joaosousa/projects/spotify-project/venv/lib/python3.12/site-packages/airflow/example_dags/example_task_group.py
[2025-10-27T22:01:56.171-0300] {logging_mixin.py:188} INFO - [2025-10-27T22:01:56.171-0300] {dag.py:3096} INFO - Sync 1 DAGs
[2025-10-27T22:01:56.183-0300] {logging_mixin.py:188} INFO - [2025-10-27T22:01:56.183-0300] {dag.py:3954} INFO - Setting next_dagrun for example_task_group to 2025-10-27 00:00:00+00:00, run_after=2025-10-28 00:00:00+00:00
[2025-10-27T22:01:56.198-0300] {processor.py:183} INFO - Processing /home/joaosousa/projects/spotify-project/venv/lib/python3.12/site-packages/airflow/example_dags/example_task_group.py took 0.051 seconds
[2025-10-27T22:02:58.157-0300] {processor.py:161} INFO - Started process (PID=5185) to work on /home/joaosousa/projects/spotify-project/venv/lib/python3.12/site-packages/airflow/example_dags/example_task_group.py
[2025-10-27T22:02:58.159-0300] {processor.py:830} INFO - Processing file /home/joaosousa/projects/spotify-project/venv/lib/python3.12/site-packages/airflow/example_dags/example_task_group.py for tasks to queue
[2025-10-27T22:02:58.161-0300] {logging_mixin.py:188} INFO - [2025-10-27T22:02:58.161-0300] {dagbag.py:545} INFO - Filling up the DagBag from /home/joaosousa/projects/spotify-project/venv/lib/python3.12/site-packages/airflow/example_dags/example_task_group.py
[2025-10-27T22:02:58.166-0300] {processor.py:840} INFO - DAG(s) 'example_task_group' retrieved from /home/joaosousa/projects/spotify-project/venv/lib/python3.12/site-packages/airflow/example_dags/example_task_group.py
[2025-10-27T22:02:58.177-0300] {logging_mixin.py:188} INFO - [2025-10-27T22:02:58.177-0300] {dag.py:3096} INFO - Sync 1 DAGs
[2025-10-27T22:02:58.189-0300] {logging_mixin.py:188} INFO - [2025-10-27T22:02:58.189-0300] {dag.py:3954} INFO - Setting next_dagrun for example_task_group to 2025-10-27 00:00:00+00:00, run_after=2025-10-28 00:00:00+00:00
[2025-10-27T22:02:58.203-0300] {processor.py:183} INFO - Processing /home/joaosousa/projects/spotify-project/venv/lib/python3.12/site-packages/airflow/example_dags/example_task_group.py took 0.050 seconds
[2025-10-27T22:03:56.396-0300] {processor.py:161} INFO - Started process (PID=5278) to work on /home/joaosousa/projects/spotify-project/venv/lib/python3.12/site-packages/airflow/example_dags/example_task_group.py
[2025-10-27T22:03:56.398-0300] {processor.py:830} INFO - Processing file /home/joaosousa/projects/spotify-project/venv/lib/python3.12/site-packages/airflow/example_dags/example_task_group.py for tasks to queue
[2025-10-27T22:03:56.399-0300] {logging_mixin.py:188} INFO - [2025-10-27T22:03:56.398-0300] {dagbag.py:545} INFO - Filling up the DagBag from /home/joaosousa/projects/spotify-project/venv/lib/python3.12/site-packages/airflow/example_dags/example_task_group.py
[2025-10-27T22:03:56.404-0300] {processor.py:840} INFO - DAG(s) 'example_task_group' retrieved from /home/joaosousa/projects/spotify-project/venv/lib/python3.12/site-packages/airflow/example_dags/example_task_group.py
[2025-10-27T22:03:56.416-0300] {logging_mixin.py:188} INFO - [2025-10-27T22:03:56.416-0300] {dag.py:3096} INFO - Sync 1 DAGs
[2025-10-27T22:03:56.428-0300] {logging_mixin.py:188} INFO - [2025-10-27T22:03:56.428-0300] {dag.py:3954} INFO - Setting next_dagrun for example_task_group to 2025-10-27 00:00:00+00:00, run_after=2025-10-28 00:00:00+00:00
[2025-10-27T22:03:56.443-0300] {processor.py:183} INFO - Processing /home/joaosousa/projects/spotify-project/venv/lib/python3.12/site-packages/airflow/example_dags/example_task_group.py took 0.051 seconds
[2025-10-27T22:04:54.272-0300] {processor.py:161} INFO - Started process (PID=5396) to work on /home/joaosousa/projects/spotify-project/venv/lib/python3.12/site-packages/airflow/example_dags/example_task_group.py
[2025-10-27T22:04:54.274-0300] {processor.py:830} INFO - Processing file /home/joaosousa/projects/spotify-project/venv/lib/python3.12/site-packages/airflow/example_dags/example_task_group.py for tasks to queue
[2025-10-27T22:04:54.275-0300] {logging_mixin.py:188} INFO - [2025-10-27T22:04:54.275-0300] {dagbag.py:545} INFO - Filling up the DagBag from /home/joaosousa/projects/spotify-project/venv/lib/python3.12/site-packages/airflow/example_dags/example_task_group.py
[2025-10-27T22:04:54.280-0300] {processor.py:840} INFO - DAG(s) 'example_task_group' retrieved from /home/joaosousa/projects/spotify-project/venv/lib/python3.12/site-packages/airflow/example_dags/example_task_group.py
[2025-10-27T22:04:54.292-0300] {logging_mixin.py:188} INFO - [2025-10-27T22:04:54.291-0300] {dag.py:3096} INFO - Sync 1 DAGs
[2025-10-27T22:04:54.304-0300] {logging_mixin.py:188} INFO - [2025-10-27T22:04:54.304-0300] {dag.py:3954} INFO - Setting next_dagrun for example_task_group to 2025-10-27 00:00:00+00:00, run_after=2025-10-28 00:00:00+00:00
[2025-10-27T22:04:54.318-0300] {processor.py:183} INFO - Processing /home/joaosousa/projects/spotify-project/venv/lib/python3.12/site-packages/airflow/example_dags/example_task_group.py took 0.050 seconds
[2025-10-27T22:05:55.138-0300] {processor.py:161} INFO - Started process (PID=5484) to work on /home/joaosousa/projects/spotify-project/venv/lib/python3.12/site-packages/airflow/example_dags/example_task_group.py
[2025-10-27T22:05:55.139-0300] {processor.py:830} INFO - Processing file /home/joaosousa/projects/spotify-project/venv/lib/python3.12/site-packages/airflow/example_dags/example_task_group.py for tasks to queue
[2025-10-27T22:05:55.140-0300] {logging_mixin.py:188} INFO - [2025-10-27T22:05:55.140-0300] {dagbag.py:545} INFO - Filling up the DagBag from /home/joaosousa/projects/spotify-project/venv/lib/python3.12/site-packages/airflow/example_dags/example_task_group.py
[2025-10-27T22:05:55.146-0300] {processor.py:840} INFO - DAG(s) 'example_task_group' retrieved from /home/joaosousa/projects/spotify-project/venv/lib/python3.12/site-packages/airflow/example_dags/example_task_group.py
[2025-10-27T22:05:55.157-0300] {logging_mixin.py:188} INFO - [2025-10-27T22:05:55.157-0300] {dag.py:3096} INFO - Sync 1 DAGs
[2025-10-27T22:05:55.170-0300] {logging_mixin.py:188} INFO - [2025-10-27T22:05:55.170-0300] {dag.py:3954} INFO - Setting next_dagrun for example_task_group to 2025-10-27 00:00:00+00:00, run_after=2025-10-28 00:00:00+00:00
[2025-10-27T22:05:55.185-0300] {processor.py:183} INFO - Processing /home/joaosousa/projects/spotify-project/venv/lib/python3.12/site-packages/airflow/example_dags/example_task_group.py took 0.051 seconds
[2025-10-27T22:06:51.483-0300] {processor.py:161} INFO - Started process (PID=5601) to work on /home/joaosousa/projects/spotify-project/venv/lib/python3.12/site-packages/airflow/example_dags/example_task_group.py
[2025-10-27T22:06:51.485-0300] {processor.py:830} INFO - Processing file /home/joaosousa/projects/spotify-project/venv/lib/python3.12/site-packages/airflow/example_dags/example_task_group.py for tasks to queue
[2025-10-27T22:06:51.486-0300] {logging_mixin.py:188} INFO - [2025-10-27T22:06:51.486-0300] {dagbag.py:545} INFO - Filling up the DagBag from /home/joaosousa/projects/spotify-project/venv/lib/python3.12/site-packages/airflow/example_dags/example_task_group.py
[2025-10-27T22:06:51.492-0300] {processor.py:840} INFO - DAG(s) 'example_task_group' retrieved from /home/joaosousa/projects/spotify-project/venv/lib/python3.12/site-packages/airflow/example_dags/example_task_group.py
[2025-10-27T22:06:51.504-0300] {logging_mixin.py:188} INFO - [2025-10-27T22:06:51.504-0300] {dag.py:3096} INFO - Sync 1 DAGs
[2025-10-27T22:06:51.516-0300] {logging_mixin.py:188} INFO - [2025-10-27T22:06:51.516-0300] {dag.py:3954} INFO - Setting next_dagrun for example_task_group to 2025-10-27 00:00:00+00:00, run_after=2025-10-28 00:00:00+00:00
[2025-10-27T22:06:51.532-0300] {processor.py:183} INFO - Processing /home/joaosousa/projects/spotify-project/venv/lib/python3.12/site-packages/airflow/example_dags/example_task_group.py took 0.053 seconds
[2025-10-27T22:07:34.626-0300] {processor.py:161} INFO - Started process (PID=5676) to work on /home/joaosousa/projects/spotify-project/venv/lib/python3.12/site-packages/airflow/example_dags/example_task_group.py
[2025-10-27T22:07:34.628-0300] {processor.py:830} INFO - Processing file /home/joaosousa/projects/spotify-project/venv/lib/python3.12/site-packages/airflow/example_dags/example_task_group.py for tasks to queue
[2025-10-27T22:07:34.630-0300] {logging_mixin.py:188} INFO - [2025-10-27T22:07:34.629-0300] {dagbag.py:545} INFO - Filling up the DagBag from /home/joaosousa/projects/spotify-project/venv/lib/python3.12/site-packages/airflow/example_dags/example_task_group.py
[2025-10-27T22:07:34.635-0300] {processor.py:840} INFO - DAG(s) 'example_task_group' retrieved from /home/joaosousa/projects/spotify-project/venv/lib/python3.12/site-packages/airflow/example_dags/example_task_group.py
[2025-10-27T22:07:34.647-0300] {logging_mixin.py:188} INFO - [2025-10-27T22:07:34.647-0300] {dag.py:3096} INFO - Sync 1 DAGs
[2025-10-27T22:07:34.660-0300] {logging_mixin.py:188} INFO - [2025-10-27T22:07:34.660-0300] {dag.py:3954} INFO - Setting next_dagrun for example_task_group to 2025-10-27 00:00:00+00:00, run_after=2025-10-28 00:00:00+00:00
[2025-10-27T22:07:34.675-0300] {processor.py:183} INFO - Processing /home/joaosousa/projects/spotify-project/venv/lib/python3.12/site-packages/airflow/example_dags/example_task_group.py took 0.053 seconds
[2025-10-27T22:08:30.742-0300] {processor.py:161} INFO - Started process (PID=5761) to work on /home/joaosousa/projects/spotify-project/venv/lib/python3.12/site-packages/airflow/example_dags/example_task_group.py
[2025-10-27T22:08:30.744-0300] {processor.py:830} INFO - Processing file /home/joaosousa/projects/spotify-project/venv/lib/python3.12/site-packages/airflow/example_dags/example_task_group.py for tasks to queue
[2025-10-27T22:08:30.745-0300] {logging_mixin.py:188} INFO - [2025-10-27T22:08:30.745-0300] {dagbag.py:545} INFO - Filling up the DagBag from /home/joaosousa/projects/spotify-project/venv/lib/python3.12/site-packages/airflow/example_dags/example_task_group.py
[2025-10-27T22:08:30.751-0300] {processor.py:840} INFO - DAG(s) 'example_task_group' retrieved from /home/joaosousa/projects/spotify-project/venv/lib/python3.12/site-packages/airflow/example_dags/example_task_group.py
[2025-10-27T22:08:30.763-0300] {logging_mixin.py:188} INFO - [2025-10-27T22:08:30.763-0300] {dag.py:3096} INFO - Sync 1 DAGs
[2025-10-27T22:08:30.775-0300] {logging_mixin.py:188} INFO - [2025-10-27T22:08:30.775-0300] {dag.py:3954} INFO - Setting next_dagrun for example_task_group to 2025-10-27 00:00:00+00:00, run_after=2025-10-28 00:00:00+00:00
[2025-10-27T22:08:30.790-0300] {processor.py:183} INFO - Processing /home/joaosousa/projects/spotify-project/venv/lib/python3.12/site-packages/airflow/example_dags/example_task_group.py took 0.053 seconds
[2025-10-27T22:09:13.654-0300] {processor.py:161} INFO - Started process (PID=5829) to work on /home/joaosousa/projects/spotify-project/venv/lib/python3.12/site-packages/airflow/example_dags/example_task_group.py
[2025-10-27T22:09:13.656-0300] {processor.py:830} INFO - Processing file /home/joaosousa/projects/spotify-project/venv/lib/python3.12/site-packages/airflow/example_dags/example_task_group.py for tasks to queue
[2025-10-27T22:09:13.658-0300] {logging_mixin.py:188} INFO - [2025-10-27T22:09:13.657-0300] {dagbag.py:545} INFO - Filling up the DagBag from /home/joaosousa/projects/spotify-project/venv/lib/python3.12/site-packages/airflow/example_dags/example_task_group.py
[2025-10-27T22:09:13.664-0300] {processor.py:840} INFO - DAG(s) 'example_task_group' retrieved from /home/joaosousa/projects/spotify-project/venv/lib/python3.12/site-packages/airflow/example_dags/example_task_group.py
[2025-10-27T22:09:13.676-0300] {logging_mixin.py:188} INFO - [2025-10-27T22:09:13.675-0300] {dag.py:3096} INFO - Sync 1 DAGs
[2025-10-27T22:09:13.689-0300] {logging_mixin.py:188} INFO - [2025-10-27T22:09:13.688-0300] {dag.py:3954} INFO - Setting next_dagrun for example_task_group to 2025-10-27 00:00:00+00:00, run_after=2025-10-28 00:00:00+00:00
[2025-10-27T22:09:13.704-0300] {processor.py:183} INFO - Processing /home/joaosousa/projects/spotify-project/venv/lib/python3.12/site-packages/airflow/example_dags/example_task_group.py took 0.054 seconds
[2025-10-27T22:10:12.172-0300] {processor.py:161} INFO - Started process (PID=5938) to work on /home/joaosousa/projects/spotify-project/venv/lib/python3.12/site-packages/airflow/example_dags/example_task_group.py
[2025-10-27T22:10:12.174-0300] {processor.py:830} INFO - Processing file /home/joaosousa/projects/spotify-project/venv/lib/python3.12/site-packages/airflow/example_dags/example_task_group.py for tasks to queue
[2025-10-27T22:10:12.176-0300] {logging_mixin.py:188} INFO - [2025-10-27T22:10:12.175-0300] {dagbag.py:545} INFO - Filling up the DagBag from /home/joaosousa/projects/spotify-project/venv/lib/python3.12/site-packages/airflow/example_dags/example_task_group.py
[2025-10-27T22:10:12.181-0300] {processor.py:840} INFO - DAG(s) 'example_task_group' retrieved from /home/joaosousa/projects/spotify-project/venv/lib/python3.12/site-packages/airflow/example_dags/example_task_group.py
[2025-10-27T22:10:12.193-0300] {logging_mixin.py:188} INFO - [2025-10-27T22:10:12.193-0300] {dag.py:3096} INFO - Sync 1 DAGs
[2025-10-27T22:10:12.205-0300] {logging_mixin.py:188} INFO - [2025-10-27T22:10:12.205-0300] {dag.py:3954} INFO - Setting next_dagrun for example_task_group to 2025-10-27 00:00:00+00:00, run_after=2025-10-28 00:00:00+00:00
[2025-10-27T22:10:12.220-0300] {processor.py:183} INFO - Processing /home/joaosousa/projects/spotify-project/venv/lib/python3.12/site-packages/airflow/example_dags/example_task_group.py took 0.052 seconds
[2025-10-27T22:11:08.745-0300] {processor.py:161} INFO - Started process (PID=6023) to work on /home/joaosousa/projects/spotify-project/venv/lib/python3.12/site-packages/airflow/example_dags/example_task_group.py
[2025-10-27T22:11:08.747-0300] {processor.py:830} INFO - Processing file /home/joaosousa/projects/spotify-project/venv/lib/python3.12/site-packages/airflow/example_dags/example_task_group.py for tasks to queue
[2025-10-27T22:11:08.748-0300] {logging_mixin.py:188} INFO - [2025-10-27T22:11:08.748-0300] {dagbag.py:545} INFO - Filling up the DagBag from /home/joaosousa/projects/spotify-project/venv/lib/python3.12/site-packages/airflow/example_dags/example_task_group.py
[2025-10-27T22:11:08.756-0300] {processor.py:840} INFO - DAG(s) 'example_task_group' retrieved from /home/joaosousa/projects/spotify-project/venv/lib/python3.12/site-packages/airflow/example_dags/example_task_group.py
[2025-10-27T22:11:08.772-0300] {logging_mixin.py:188} INFO - [2025-10-27T22:11:08.772-0300] {dag.py:3096} INFO - Sync 1 DAGs
[2025-10-27T22:11:08.785-0300] {logging_mixin.py:188} INFO - [2025-10-27T22:11:08.785-0300] {dag.py:3954} INFO - Setting next_dagrun for example_task_group to 2025-10-27 00:00:00+00:00, run_after=2025-10-28 00:00:00+00:00
[2025-10-27T22:11:08.800-0300] {processor.py:183} INFO - Processing /home/joaosousa/projects/spotify-project/venv/lib/python3.12/site-packages/airflow/example_dags/example_task_group.py took 0.060 seconds
[2025-10-27T22:12:05.499-0300] {processor.py:161} INFO - Started process (PID=6133) to work on /home/joaosousa/projects/spotify-project/venv/lib/python3.12/site-packages/airflow/example_dags/example_task_group.py
[2025-10-27T22:12:05.501-0300] {processor.py:830} INFO - Processing file /home/joaosousa/projects/spotify-project/venv/lib/python3.12/site-packages/airflow/example_dags/example_task_group.py for tasks to queue
[2025-10-27T22:12:05.503-0300] {logging_mixin.py:188} INFO - [2025-10-27T22:12:05.502-0300] {dagbag.py:545} INFO - Filling up the DagBag from /home/joaosousa/projects/spotify-project/venv/lib/python3.12/site-packages/airflow/example_dags/example_task_group.py
[2025-10-27T22:12:05.511-0300] {processor.py:840} INFO - DAG(s) 'example_task_group' retrieved from /home/joaosousa/projects/spotify-project/venv/lib/python3.12/site-packages/airflow/example_dags/example_task_group.py
[2025-10-27T22:12:05.529-0300] {logging_mixin.py:188} INFO - [2025-10-27T22:12:05.529-0300] {dag.py:3096} INFO - Sync 1 DAGs
[2025-10-27T22:12:05.543-0300] {logging_mixin.py:188} INFO - [2025-10-27T22:12:05.542-0300] {dag.py:3954} INFO - Setting next_dagrun for example_task_group to 2025-10-27 00:00:00+00:00, run_after=2025-10-28 00:00:00+00:00
[2025-10-27T22:12:05.557-0300] {processor.py:183} INFO - Processing /home/joaosousa/projects/spotify-project/venv/lib/python3.12/site-packages/airflow/example_dags/example_task_group.py took 0.063 seconds
[2025-10-27T22:13:03.344-0300] {processor.py:161} INFO - Started process (PID=6239) to work on /home/joaosousa/projects/spotify-project/venv/lib/python3.12/site-packages/airflow/example_dags/example_task_group.py
[2025-10-27T22:13:03.346-0300] {processor.py:830} INFO - Processing file /home/joaosousa/projects/spotify-project/venv/lib/python3.12/site-packages/airflow/example_dags/example_task_group.py for tasks to queue
[2025-10-27T22:13:03.347-0300] {logging_mixin.py:188} INFO - [2025-10-27T22:13:03.347-0300] {dagbag.py:545} INFO - Filling up the DagBag from /home/joaosousa/projects/spotify-project/venv/lib/python3.12/site-packages/airflow/example_dags/example_task_group.py
[2025-10-27T22:13:03.353-0300] {processor.py:840} INFO - DAG(s) 'example_task_group' retrieved from /home/joaosousa/projects/spotify-project/venv/lib/python3.12/site-packages/airflow/example_dags/example_task_group.py
[2025-10-27T22:13:03.365-0300] {logging_mixin.py:188} INFO - [2025-10-27T22:13:03.365-0300] {dag.py:3096} INFO - Sync 1 DAGs
[2025-10-27T22:13:03.378-0300] {logging_mixin.py:188} INFO - [2025-10-27T22:13:03.378-0300] {dag.py:3954} INFO - Setting next_dagrun for example_task_group to 2025-10-27 00:00:00+00:00, run_after=2025-10-28 00:00:00+00:00
[2025-10-27T22:13:03.392-0300] {processor.py:183} INFO - Processing /home/joaosousa/projects/spotify-project/venv/lib/python3.12/site-packages/airflow/example_dags/example_task_group.py took 0.053 seconds
[2025-10-27T22:14:03.760-0300] {processor.py:161} INFO - Started process (PID=6349) to work on /home/joaosousa/projects/spotify-project/venv/lib/python3.12/site-packages/airflow/example_dags/example_task_group.py
[2025-10-27T22:14:03.762-0300] {processor.py:830} INFO - Processing file /home/joaosousa/projects/spotify-project/venv/lib/python3.12/site-packages/airflow/example_dags/example_task_group.py for tasks to queue
[2025-10-27T22:14:03.763-0300] {logging_mixin.py:188} INFO - [2025-10-27T22:14:03.763-0300] {dagbag.py:545} INFO - Filling up the DagBag from /home/joaosousa/projects/spotify-project/venv/lib/python3.12/site-packages/airflow/example_dags/example_task_group.py
[2025-10-27T22:14:03.768-0300] {processor.py:840} INFO - DAG(s) 'example_task_group' retrieved from /home/joaosousa/projects/spotify-project/venv/lib/python3.12/site-packages/airflow/example_dags/example_task_group.py
[2025-10-27T22:14:03.779-0300] {logging_mixin.py:188} INFO - [2025-10-27T22:14:03.779-0300] {dag.py:3096} INFO - Sync 1 DAGs
[2025-10-27T22:14:03.791-0300] {logging_mixin.py:188} INFO - [2025-10-27T22:14:03.791-0300] {dag.py:3954} INFO - Setting next_dagrun for example_task_group to 2025-10-27 00:00:00+00:00, run_after=2025-10-28 00:00:00+00:00
[2025-10-27T22:14:03.805-0300] {processor.py:183} INFO - Processing /home/joaosousa/projects/spotify-project/venv/lib/python3.12/site-packages/airflow/example_dags/example_task_group.py took 0.049 seconds
[2025-10-27T22:14:47.985-0300] {processor.py:161} INFO - Started process (PID=6417) to work on /home/joaosousa/projects/spotify-project/venv/lib/python3.12/site-packages/airflow/example_dags/example_task_group.py
[2025-10-27T22:14:47.987-0300] {processor.py:830} INFO - Processing file /home/joaosousa/projects/spotify-project/venv/lib/python3.12/site-packages/airflow/example_dags/example_task_group.py for tasks to queue
[2025-10-27T22:14:47.989-0300] {logging_mixin.py:188} INFO - [2025-10-27T22:14:47.988-0300] {dagbag.py:545} INFO - Filling up the DagBag from /home/joaosousa/projects/spotify-project/venv/lib/python3.12/site-packages/airflow/example_dags/example_task_group.py
[2025-10-27T22:14:47.994-0300] {processor.py:840} INFO - DAG(s) 'example_task_group' retrieved from /home/joaosousa/projects/spotify-project/venv/lib/python3.12/site-packages/airflow/example_dags/example_task_group.py
[2025-10-27T22:14:48.005-0300] {logging_mixin.py:188} INFO - [2025-10-27T22:14:48.005-0300] {dag.py:3096} INFO - Sync 1 DAGs
[2025-10-27T22:14:48.017-0300] {logging_mixin.py:188} INFO - [2025-10-27T22:14:48.017-0300] {dag.py:3954} INFO - Setting next_dagrun for example_task_group to 2025-10-27 00:00:00+00:00, run_after=2025-10-28 00:00:00+00:00
[2025-10-27T22:14:48.032-0300] {processor.py:183} INFO - Processing /home/joaosousa/projects/spotify-project/venv/lib/python3.12/site-packages/airflow/example_dags/example_task_group.py took 0.051 seconds
[2025-10-27T22:15:31.111-0300] {processor.py:161} INFO - Started process (PID=6485) to work on /home/joaosousa/projects/spotify-project/venv/lib/python3.12/site-packages/airflow/example_dags/example_task_group.py
[2025-10-27T22:15:31.113-0300] {processor.py:830} INFO - Processing file /home/joaosousa/projects/spotify-project/venv/lib/python3.12/site-packages/airflow/example_dags/example_task_group.py for tasks to queue
[2025-10-27T22:15:31.115-0300] {logging_mixin.py:188} INFO - [2025-10-27T22:15:31.114-0300] {dagbag.py:545} INFO - Filling up the DagBag from /home/joaosousa/projects/spotify-project/venv/lib/python3.12/site-packages/airflow/example_dags/example_task_group.py
[2025-10-27T22:15:31.120-0300] {processor.py:840} INFO - DAG(s) 'example_task_group' retrieved from /home/joaosousa/projects/spotify-project/venv/lib/python3.12/site-packages/airflow/example_dags/example_task_group.py
[2025-10-27T22:15:31.131-0300] {logging_mixin.py:188} INFO - [2025-10-27T22:15:31.131-0300] {dag.py:3096} INFO - Sync 1 DAGs
[2025-10-27T22:15:31.143-0300] {logging_mixin.py:188} INFO - [2025-10-27T22:15:31.143-0300] {dag.py:3954} INFO - Setting next_dagrun for example_task_group to 2025-10-27 00:00:00+00:00, run_after=2025-10-28 00:00:00+00:00
[2025-10-27T22:15:31.157-0300] {processor.py:183} INFO - Processing /home/joaosousa/projects/spotify-project/venv/lib/python3.12/site-packages/airflow/example_dags/example_task_group.py took 0.050 seconds
[2025-10-27T22:16:27.282-0300] {processor.py:161} INFO - Started process (PID=6594) to work on /home/joaosousa/projects/spotify-project/venv/lib/python3.12/site-packages/airflow/example_dags/example_task_group.py
[2025-10-27T22:16:27.284-0300] {processor.py:830} INFO - Processing file /home/joaosousa/projects/spotify-project/venv/lib/python3.12/site-packages/airflow/example_dags/example_task_group.py for tasks to queue
[2025-10-27T22:16:27.285-0300] {logging_mixin.py:188} INFO - [2025-10-27T22:16:27.285-0300] {dagbag.py:545} INFO - Filling up the DagBag from /home/joaosousa/projects/spotify-project/venv/lib/python3.12/site-packages/airflow/example_dags/example_task_group.py
[2025-10-27T22:16:27.290-0300] {processor.py:840} INFO - DAG(s) 'example_task_group' retrieved from /home/joaosousa/projects/spotify-project/venv/lib/python3.12/site-packages/airflow/example_dags/example_task_group.py
[2025-10-27T22:16:27.301-0300] {logging_mixin.py:188} INFO - [2025-10-27T22:16:27.301-0300] {dag.py:3096} INFO - Sync 1 DAGs
[2025-10-27T22:16:27.313-0300] {logging_mixin.py:188} INFO - [2025-10-27T22:16:27.313-0300] {dag.py:3954} INFO - Setting next_dagrun for example_task_group to 2025-10-27 00:00:00+00:00, run_after=2025-10-28 00:00:00+00:00
[2025-10-27T22:16:27.328-0300] {processor.py:183} INFO - Processing /home/joaosousa/projects/spotify-project/venv/lib/python3.12/site-packages/airflow/example_dags/example_task_group.py took 0.051 seconds
[2025-10-27T22:17:28.637-0300] {processor.py:161} INFO - Started process (PID=6721) to work on /home/joaosousa/projects/spotify-project/venv/lib/python3.12/site-packages/airflow/example_dags/example_task_group.py
[2025-10-27T22:17:28.639-0300] {processor.py:830} INFO - Processing file /home/joaosousa/projects/spotify-project/venv/lib/python3.12/site-packages/airflow/example_dags/example_task_group.py for tasks to queue
[2025-10-27T22:17:28.640-0300] {logging_mixin.py:188} INFO - [2025-10-27T22:17:28.640-0300] {dagbag.py:545} INFO - Filling up the DagBag from /home/joaosousa/projects/spotify-project/venv/lib/python3.12/site-packages/airflow/example_dags/example_task_group.py
[2025-10-27T22:17:28.646-0300] {processor.py:840} INFO - DAG(s) 'example_task_group' retrieved from /home/joaosousa/projects/spotify-project/venv/lib/python3.12/site-packages/airflow/example_dags/example_task_group.py
[2025-10-27T22:17:28.657-0300] {logging_mixin.py:188} INFO - [2025-10-27T22:17:28.657-0300] {dag.py:3096} INFO - Sync 1 DAGs
[2025-10-27T22:17:28.670-0300] {logging_mixin.py:188} INFO - [2025-10-27T22:17:28.670-0300] {dag.py:3954} INFO - Setting next_dagrun for example_task_group to 2025-10-27 00:00:00+00:00, run_after=2025-10-28 00:00:00+00:00
[2025-10-27T22:17:28.684-0300] {processor.py:183} INFO - Processing /home/joaosousa/projects/spotify-project/venv/lib/python3.12/site-packages/airflow/example_dags/example_task_group.py took 0.052 seconds
[2025-10-27T22:18:11.551-0300] {processor.py:161} INFO - Started process (PID=6789) to work on /home/joaosousa/projects/spotify-project/venv/lib/python3.12/site-packages/airflow/example_dags/example_task_group.py
[2025-10-27T22:18:11.553-0300] {processor.py:830} INFO - Processing file /home/joaosousa/projects/spotify-project/venv/lib/python3.12/site-packages/airflow/example_dags/example_task_group.py for tasks to queue
[2025-10-27T22:18:11.554-0300] {logging_mixin.py:188} INFO - [2025-10-27T22:18:11.554-0300] {dagbag.py:545} INFO - Filling up the DagBag from /home/joaosousa/projects/spotify-project/venv/lib/python3.12/site-packages/airflow/example_dags/example_task_group.py
[2025-10-27T22:18:11.559-0300] {processor.py:840} INFO - DAG(s) 'example_task_group' retrieved from /home/joaosousa/projects/spotify-project/venv/lib/python3.12/site-packages/airflow/example_dags/example_task_group.py
[2025-10-27T22:18:11.571-0300] {logging_mixin.py:188} INFO - [2025-10-27T22:18:11.571-0300] {dag.py:3096} INFO - Sync 1 DAGs
[2025-10-27T22:18:11.584-0300] {logging_mixin.py:188} INFO - [2025-10-27T22:18:11.584-0300] {dag.py:3954} INFO - Setting next_dagrun for example_task_group to 2025-10-27 00:00:00+00:00, run_after=2025-10-28 00:00:00+00:00
[2025-10-27T22:18:11.600-0300] {processor.py:183} INFO - Processing /home/joaosousa/projects/spotify-project/venv/lib/python3.12/site-packages/airflow/example_dags/example_task_group.py took 0.053 seconds
[2025-10-27T22:19:10.906-0300] {processor.py:161} INFO - Started process (PID=6891) to work on /home/joaosousa/projects/spotify-project/venv/lib/python3.12/site-packages/airflow/example_dags/example_task_group.py
[2025-10-27T22:19:10.908-0300] {processor.py:830} INFO - Processing file /home/joaosousa/projects/spotify-project/venv/lib/python3.12/site-packages/airflow/example_dags/example_task_group.py for tasks to queue
[2025-10-27T22:19:10.910-0300] {logging_mixin.py:188} INFO - [2025-10-27T22:19:10.909-0300] {dagbag.py:545} INFO - Filling up the DagBag from /home/joaosousa/projects/spotify-project/venv/lib/python3.12/site-packages/airflow/example_dags/example_task_group.py
[2025-10-27T22:19:10.915-0300] {processor.py:840} INFO - DAG(s) 'example_task_group' retrieved from /home/joaosousa/projects/spotify-project/venv/lib/python3.12/site-packages/airflow/example_dags/example_task_group.py
[2025-10-27T22:19:10.926-0300] {logging_mixin.py:188} INFO - [2025-10-27T22:19:10.926-0300] {dag.py:3096} INFO - Sync 1 DAGs
[2025-10-27T22:19:10.938-0300] {logging_mixin.py:188} INFO - [2025-10-27T22:19:10.938-0300] {dag.py:3954} INFO - Setting next_dagrun for example_task_group to 2025-10-27 00:00:00+00:00, run_after=2025-10-28 00:00:00+00:00
[2025-10-27T22:19:10.951-0300] {processor.py:183} INFO - Processing /home/joaosousa/projects/spotify-project/venv/lib/python3.12/site-packages/airflow/example_dags/example_task_group.py took 0.050 seconds
[2025-10-27T22:20:07.054-0300] {processor.py:161} INFO - Started process (PID=6999) to work on /home/joaosousa/projects/spotify-project/venv/lib/python3.12/site-packages/airflow/example_dags/example_task_group.py
[2025-10-27T22:20:07.055-0300] {processor.py:830} INFO - Processing file /home/joaosousa/projects/spotify-project/venv/lib/python3.12/site-packages/airflow/example_dags/example_task_group.py for tasks to queue
[2025-10-27T22:20:07.056-0300] {logging_mixin.py:188} INFO - [2025-10-27T22:20:07.056-0300] {dagbag.py:545} INFO - Filling up the DagBag from /home/joaosousa/projects/spotify-project/venv/lib/python3.12/site-packages/airflow/example_dags/example_task_group.py
[2025-10-27T22:20:07.061-0300] {processor.py:840} INFO - DAG(s) 'example_task_group' retrieved from /home/joaosousa/projects/spotify-project/venv/lib/python3.12/site-packages/airflow/example_dags/example_task_group.py
[2025-10-27T22:20:07.074-0300] {logging_mixin.py:188} INFO - [2025-10-27T22:20:07.074-0300] {dag.py:3096} INFO - Sync 1 DAGs
[2025-10-27T22:20:07.088-0300] {logging_mixin.py:188} INFO - [2025-10-27T22:20:07.088-0300] {dag.py:3954} INFO - Setting next_dagrun for example_task_group to 2025-10-27 00:00:00+00:00, run_after=2025-10-28 00:00:00+00:00
[2025-10-27T22:20:07.104-0300] {processor.py:183} INFO - Processing /home/joaosousa/projects/spotify-project/venv/lib/python3.12/site-packages/airflow/example_dags/example_task_group.py took 0.055 seconds
[2025-10-27T22:21:02.306-0300] {processor.py:161} INFO - Started process (PID=7082) to work on /home/joaosousa/projects/spotify-project/venv/lib/python3.12/site-packages/airflow/example_dags/example_task_group.py
[2025-10-27T22:21:02.308-0300] {processor.py:830} INFO - Processing file /home/joaosousa/projects/spotify-project/venv/lib/python3.12/site-packages/airflow/example_dags/example_task_group.py for tasks to queue
[2025-10-27T22:21:02.309-0300] {logging_mixin.py:188} INFO - [2025-10-27T22:21:02.309-0300] {dagbag.py:545} INFO - Filling up the DagBag from /home/joaosousa/projects/spotify-project/venv/lib/python3.12/site-packages/airflow/example_dags/example_task_group.py
[2025-10-27T22:21:02.315-0300] {processor.py:840} INFO - DAG(s) 'example_task_group' retrieved from /home/joaosousa/projects/spotify-project/venv/lib/python3.12/site-packages/airflow/example_dags/example_task_group.py
[2025-10-27T22:21:02.326-0300] {logging_mixin.py:188} INFO - [2025-10-27T22:21:02.326-0300] {dag.py:3096} INFO - Sync 1 DAGs
[2025-10-27T22:21:02.338-0300] {logging_mixin.py:188} INFO - [2025-10-27T22:21:02.337-0300] {dag.py:3954} INFO - Setting next_dagrun for example_task_group to 2025-10-27 00:00:00+00:00, run_after=2025-10-28 00:00:00+00:00
[2025-10-27T22:21:02.353-0300] {processor.py:183} INFO - Processing /home/joaosousa/projects/spotify-project/venv/lib/python3.12/site-packages/airflow/example_dags/example_task_group.py took 0.051 seconds
[2025-10-27T22:22:03.321-0300] {processor.py:161} INFO - Started process (PID=7193) to work on /home/joaosousa/projects/spotify-project/venv/lib/python3.12/site-packages/airflow/example_dags/example_task_group.py
[2025-10-27T22:22:03.323-0300] {processor.py:830} INFO - Processing file /home/joaosousa/projects/spotify-project/venv/lib/python3.12/site-packages/airflow/example_dags/example_task_group.py for tasks to queue
[2025-10-27T22:22:03.324-0300] {logging_mixin.py:188} INFO - [2025-10-27T22:22:03.324-0300] {dagbag.py:545} INFO - Filling up the DagBag from /home/joaosousa/projects/spotify-project/venv/lib/python3.12/site-packages/airflow/example_dags/example_task_group.py
[2025-10-27T22:22:03.330-0300] {processor.py:840} INFO - DAG(s) 'example_task_group' retrieved from /home/joaosousa/projects/spotify-project/venv/lib/python3.12/site-packages/airflow/example_dags/example_task_group.py
[2025-10-27T22:22:03.342-0300] {logging_mixin.py:188} INFO - [2025-10-27T22:22:03.342-0300] {dag.py:3096} INFO - Sync 1 DAGs
[2025-10-27T22:22:03.354-0300] {logging_mixin.py:188} INFO - [2025-10-27T22:22:03.354-0300] {dag.py:3954} INFO - Setting next_dagrun for example_task_group to 2025-10-27 00:00:00+00:00, run_after=2025-10-28 00:00:00+00:00
[2025-10-27T22:22:03.369-0300] {processor.py:183} INFO - Processing /home/joaosousa/projects/spotify-project/venv/lib/python3.12/site-packages/airflow/example_dags/example_task_group.py took 0.053 seconds
