[2025-10-27T21:31:05.532-0300] {processor.py:161} INFO - Started process (PID=1089) to work on /home/joaosousa/projects/spotify-project/venv/lib/python3.12/site-packages/airflow/example_dags/example_short_circuit_operator.py
[2025-10-27T21:31:05.533-0300] {processor.py:830} INFO - Processing file /home/joaosousa/projects/spotify-project/venv/lib/python3.12/site-packages/airflow/example_dags/example_short_circuit_operator.py for tasks to queue
[2025-10-27T21:31:05.535-0300] {logging_mixin.py:188} INFO - [2025-10-27T21:31:05.534-0300] {dagbag.py:545} INFO - Filling up the DagBag from /home/joaosousa/projects/spotify-project/venv/lib/python3.12/site-packages/airflow/example_dags/example_short_circuit_operator.py
[2025-10-27T21:31:05.541-0300] {processor.py:840} INFO - DAG(s) 'example_short_circuit_operator' retrieved from /home/joaosousa/projects/spotify-project/venv/lib/python3.12/site-packages/airflow/example_dags/example_short_circuit_operator.py
[2025-10-27T21:31:05.554-0300] {logging_mixin.py:188} INFO - [2025-10-27T21:31:05.554-0300] {dag.py:3096} INFO - Sync 1 DAGs
[2025-10-27T21:31:05.566-0300] {logging_mixin.py:188} INFO - [2025-10-27T21:31:05.566-0300] {dag.py:3954} INFO - Setting next_dagrun for example_short_circuit_operator to 2025-10-27 00:00:00+00:00, run_after=2025-10-28 00:00:00+00:00
[2025-10-27T21:31:05.582-0300] {processor.py:183} INFO - Processing /home/joaosousa/projects/spotify-project/venv/lib/python3.12/site-packages/airflow/example_dags/example_short_circuit_operator.py took 0.054 seconds
[2025-10-27T21:31:52.465-0300] {processor.py:161} INFO - Started process (PID=1183) to work on /home/joaosousa/projects/spotify-project/venv/lib/python3.12/site-packages/airflow/example_dags/example_short_circuit_operator.py
[2025-10-27T21:31:52.466-0300] {processor.py:830} INFO - Processing file /home/joaosousa/projects/spotify-project/venv/lib/python3.12/site-packages/airflow/example_dags/example_short_circuit_operator.py for tasks to queue
[2025-10-27T21:31:52.468-0300] {logging_mixin.py:188} INFO - [2025-10-27T21:31:52.468-0300] {dagbag.py:545} INFO - Filling up the DagBag from /home/joaosousa/projects/spotify-project/venv/lib/python3.12/site-packages/airflow/example_dags/example_short_circuit_operator.py
[2025-10-27T21:31:52.473-0300] {processor.py:840} INFO - DAG(s) 'example_short_circuit_operator' retrieved from /home/joaosousa/projects/spotify-project/venv/lib/python3.12/site-packages/airflow/example_dags/example_short_circuit_operator.py
[2025-10-27T21:31:52.486-0300] {logging_mixin.py:188} INFO - [2025-10-27T21:31:52.486-0300] {dag.py:3096} INFO - Sync 1 DAGs
[2025-10-27T21:31:52.499-0300] {logging_mixin.py:188} INFO - [2025-10-27T21:31:52.499-0300] {dag.py:3954} INFO - Setting next_dagrun for example_short_circuit_operator to 2025-10-27 00:00:00+00:00, run_after=2025-10-28 00:00:00+00:00
[2025-10-27T21:31:52.515-0300] {processor.py:183} INFO - Processing /home/joaosousa/projects/spotify-project/venv/lib/python3.12/site-packages/airflow/example_dags/example_short_circuit_operator.py took 0.053 seconds
[2025-10-27T21:32:46.009-0300] {processor.py:161} INFO - Started process (PID=1352) to work on /home/joaosousa/projects/spotify-project/venv/lib/python3.12/site-packages/airflow/example_dags/example_short_circuit_operator.py
[2025-10-27T21:32:46.011-0300] {processor.py:830} INFO - Processing file /home/joaosousa/projects/spotify-project/venv/lib/python3.12/site-packages/airflow/example_dags/example_short_circuit_operator.py for tasks to queue
[2025-10-27T21:32:46.012-0300] {logging_mixin.py:188} INFO - [2025-10-27T21:32:46.012-0300] {dagbag.py:545} INFO - Filling up the DagBag from /home/joaosousa/projects/spotify-project/venv/lib/python3.12/site-packages/airflow/example_dags/example_short_circuit_operator.py
[2025-10-27T21:32:46.018-0300] {processor.py:840} INFO - DAG(s) 'example_short_circuit_operator' retrieved from /home/joaosousa/projects/spotify-project/venv/lib/python3.12/site-packages/airflow/example_dags/example_short_circuit_operator.py
[2025-10-27T21:32:46.031-0300] {logging_mixin.py:188} INFO - [2025-10-27T21:32:46.031-0300] {dag.py:3096} INFO - Sync 1 DAGs
[2025-10-27T21:32:46.043-0300] {logging_mixin.py:188} INFO - [2025-10-27T21:32:46.043-0300] {dag.py:3954} INFO - Setting next_dagrun for example_short_circuit_operator to 2025-10-27 00:00:00+00:00, run_after=2025-10-28 00:00:00+00:00
[2025-10-27T21:32:46.059-0300] {processor.py:183} INFO - Processing /home/joaosousa/projects/spotify-project/venv/lib/python3.12/site-packages/airflow/example_dags/example_short_circuit_operator.py took 0.055 seconds
[2025-10-27T21:33:43.939-0300] {processor.py:161} INFO - Started process (PID=1460) to work on /home/joaosousa/projects/spotify-project/venv/lib/python3.12/site-packages/airflow/example_dags/example_short_circuit_operator.py
[2025-10-27T21:33:43.940-0300] {processor.py:830} INFO - Processing file /home/joaosousa/projects/spotify-project/venv/lib/python3.12/site-packages/airflow/example_dags/example_short_circuit_operator.py for tasks to queue
[2025-10-27T21:33:43.942-0300] {logging_mixin.py:188} INFO - [2025-10-27T21:33:43.941-0300] {dagbag.py:545} INFO - Filling up the DagBag from /home/joaosousa/projects/spotify-project/venv/lib/python3.12/site-packages/airflow/example_dags/example_short_circuit_operator.py
[2025-10-27T21:33:43.946-0300] {processor.py:840} INFO - DAG(s) 'example_short_circuit_operator' retrieved from /home/joaosousa/projects/spotify-project/venv/lib/python3.12/site-packages/airflow/example_dags/example_short_circuit_operator.py
[2025-10-27T21:33:43.958-0300] {logging_mixin.py:188} INFO - [2025-10-27T21:33:43.958-0300] {dag.py:3096} INFO - Sync 1 DAGs
[2025-10-27T21:33:43.969-0300] {logging_mixin.py:188} INFO - [2025-10-27T21:33:43.969-0300] {dag.py:3954} INFO - Setting next_dagrun for example_short_circuit_operator to 2025-10-27 00:00:00+00:00, run_after=2025-10-28 00:00:00+00:00
[2025-10-27T21:33:43.984-0300] {processor.py:183} INFO - Processing /home/joaosousa/projects/spotify-project/venv/lib/python3.12/site-packages/airflow/example_dags/example_short_circuit_operator.py took 0.049 seconds
[2025-10-27T21:34:44.677-0300] {processor.py:161} INFO - Started process (PID=1548) to work on /home/joaosousa/projects/spotify-project/venv/lib/python3.12/site-packages/airflow/example_dags/example_short_circuit_operator.py
[2025-10-27T21:34:44.679-0300] {processor.py:830} INFO - Processing file /home/joaosousa/projects/spotify-project/venv/lib/python3.12/site-packages/airflow/example_dags/example_short_circuit_operator.py for tasks to queue
[2025-10-27T21:34:44.680-0300] {logging_mixin.py:188} INFO - [2025-10-27T21:34:44.680-0300] {dagbag.py:545} INFO - Filling up the DagBag from /home/joaosousa/projects/spotify-project/venv/lib/python3.12/site-packages/airflow/example_dags/example_short_circuit_operator.py
[2025-10-27T21:34:44.685-0300] {processor.py:840} INFO - DAG(s) 'example_short_circuit_operator' retrieved from /home/joaosousa/projects/spotify-project/venv/lib/python3.12/site-packages/airflow/example_dags/example_short_circuit_operator.py
[2025-10-27T21:34:44.697-0300] {logging_mixin.py:188} INFO - [2025-10-27T21:34:44.697-0300] {dag.py:3096} INFO - Sync 1 DAGs
[2025-10-27T21:34:44.708-0300] {logging_mixin.py:188} INFO - [2025-10-27T21:34:44.708-0300] {dag.py:3954} INFO - Setting next_dagrun for example_short_circuit_operator to 2025-10-27 00:00:00+00:00, run_after=2025-10-28 00:00:00+00:00
[2025-10-27T21:34:44.723-0300] {processor.py:183} INFO - Processing /home/joaosousa/projects/spotify-project/venv/lib/python3.12/site-packages/airflow/example_dags/example_short_circuit_operator.py took 0.050 seconds
[2025-10-27T21:35:45.346-0300] {processor.py:161} INFO - Started process (PID=1659) to work on /home/joaosousa/projects/spotify-project/venv/lib/python3.12/site-packages/airflow/example_dags/example_short_circuit_operator.py
[2025-10-27T21:35:45.348-0300] {processor.py:830} INFO - Processing file /home/joaosousa/projects/spotify-project/venv/lib/python3.12/site-packages/airflow/example_dags/example_short_circuit_operator.py for tasks to queue
[2025-10-27T21:35:45.349-0300] {logging_mixin.py:188} INFO - [2025-10-27T21:35:45.349-0300] {dagbag.py:545} INFO - Filling up the DagBag from /home/joaosousa/projects/spotify-project/venv/lib/python3.12/site-packages/airflow/example_dags/example_short_circuit_operator.py
[2025-10-27T21:35:45.354-0300] {processor.py:840} INFO - DAG(s) 'example_short_circuit_operator' retrieved from /home/joaosousa/projects/spotify-project/venv/lib/python3.12/site-packages/airflow/example_dags/example_short_circuit_operator.py
[2025-10-27T21:35:45.367-0300] {logging_mixin.py:188} INFO - [2025-10-27T21:35:45.367-0300] {dag.py:3096} INFO - Sync 1 DAGs
[2025-10-27T21:35:45.379-0300] {logging_mixin.py:188} INFO - [2025-10-27T21:35:45.379-0300] {dag.py:3954} INFO - Setting next_dagrun for example_short_circuit_operator to 2025-10-27 00:00:00+00:00, run_after=2025-10-28 00:00:00+00:00
[2025-10-27T21:35:45.394-0300] {processor.py:183} INFO - Processing /home/joaosousa/projects/spotify-project/venv/lib/python3.12/site-packages/airflow/example_dags/example_short_circuit_operator.py took 0.052 seconds
[2025-10-27T21:36:35.506-0300] {processor.py:161} INFO - Started process (PID=1730) to work on /home/joaosousa/projects/spotify-project/venv/lib/python3.12/site-packages/airflow/example_dags/example_short_circuit_operator.py
[2025-10-27T21:36:35.508-0300] {processor.py:830} INFO - Processing file /home/joaosousa/projects/spotify-project/venv/lib/python3.12/site-packages/airflow/example_dags/example_short_circuit_operator.py for tasks to queue
[2025-10-27T21:36:35.509-0300] {logging_mixin.py:188} INFO - [2025-10-27T21:36:35.509-0300] {dagbag.py:545} INFO - Filling up the DagBag from /home/joaosousa/projects/spotify-project/venv/lib/python3.12/site-packages/airflow/example_dags/example_short_circuit_operator.py
[2025-10-27T21:36:35.515-0300] {processor.py:840} INFO - DAG(s) 'example_short_circuit_operator' retrieved from /home/joaosousa/projects/spotify-project/venv/lib/python3.12/site-packages/airflow/example_dags/example_short_circuit_operator.py
[2025-10-27T21:36:35.623-0300] {logging_mixin.py:188} INFO - [2025-10-27T21:36:35.623-0300] {dag.py:3096} INFO - Sync 1 DAGs
[2025-10-27T21:36:35.636-0300] {logging_mixin.py:188} INFO - [2025-10-27T21:36:35.636-0300] {dag.py:3954} INFO - Setting next_dagrun for example_short_circuit_operator to 2025-10-27 00:00:00+00:00, run_after=2025-10-28 00:00:00+00:00
[2025-10-27T21:36:35.653-0300] {processor.py:183} INFO - Processing /home/joaosousa/projects/spotify-project/venv/lib/python3.12/site-packages/airflow/example_dags/example_short_circuit_operator.py took 0.151 seconds
[2025-10-27T21:37:21.302-0300] {processor.py:161} INFO - Started process (PID=1802) to work on /home/joaosousa/projects/spotify-project/venv/lib/python3.12/site-packages/airflow/example_dags/example_short_circuit_operator.py
[2025-10-27T21:37:21.304-0300] {processor.py:830} INFO - Processing file /home/joaosousa/projects/spotify-project/venv/lib/python3.12/site-packages/airflow/example_dags/example_short_circuit_operator.py for tasks to queue
[2025-10-27T21:37:21.305-0300] {logging_mixin.py:188} INFO - [2025-10-27T21:37:21.305-0300] {dagbag.py:545} INFO - Filling up the DagBag from /home/joaosousa/projects/spotify-project/venv/lib/python3.12/site-packages/airflow/example_dags/example_short_circuit_operator.py
[2025-10-27T21:37:21.310-0300] {processor.py:840} INFO - DAG(s) 'example_short_circuit_operator' retrieved from /home/joaosousa/projects/spotify-project/venv/lib/python3.12/site-packages/airflow/example_dags/example_short_circuit_operator.py
[2025-10-27T21:37:21.323-0300] {logging_mixin.py:188} INFO - [2025-10-27T21:37:21.323-0300] {dag.py:3096} INFO - Sync 1 DAGs
[2025-10-27T21:37:21.336-0300] {logging_mixin.py:188} INFO - [2025-10-27T21:37:21.335-0300] {dag.py:3954} INFO - Setting next_dagrun for example_short_circuit_operator to 2025-10-27 00:00:00+00:00, run_after=2025-10-28 00:00:00+00:00
[2025-10-27T21:37:21.350-0300] {processor.py:183} INFO - Processing /home/joaosousa/projects/spotify-project/venv/lib/python3.12/site-packages/airflow/example_dags/example_short_circuit_operator.py took 0.053 seconds
[2025-10-27T21:38:26.793-0300] {processor.py:161} INFO - Started process (PID=1898) to work on /home/joaosousa/projects/spotify-project/venv/lib/python3.12/site-packages/airflow/example_dags/example_short_circuit_operator.py
[2025-10-27T21:38:26.795-0300] {processor.py:830} INFO - Processing file /home/joaosousa/projects/spotify-project/venv/lib/python3.12/site-packages/airflow/example_dags/example_short_circuit_operator.py for tasks to queue
[2025-10-27T21:38:26.796-0300] {logging_mixin.py:188} INFO - [2025-10-27T21:38:26.796-0300] {dagbag.py:545} INFO - Filling up the DagBag from /home/joaosousa/projects/spotify-project/venv/lib/python3.12/site-packages/airflow/example_dags/example_short_circuit_operator.py
[2025-10-27T21:38:26.802-0300] {processor.py:840} INFO - DAG(s) 'example_short_circuit_operator' retrieved from /home/joaosousa/projects/spotify-project/venv/lib/python3.12/site-packages/airflow/example_dags/example_short_circuit_operator.py
[2025-10-27T21:38:26.814-0300] {logging_mixin.py:188} INFO - [2025-10-27T21:38:26.814-0300] {dag.py:3096} INFO - Sync 1 DAGs
[2025-10-27T21:38:26.828-0300] {logging_mixin.py:188} INFO - [2025-10-27T21:38:26.827-0300] {dag.py:3954} INFO - Setting next_dagrun for example_short_circuit_operator to 2025-10-27 00:00:00+00:00, run_after=2025-10-28 00:00:00+00:00
[2025-10-27T21:38:26.843-0300] {processor.py:183} INFO - Processing /home/joaosousa/projects/spotify-project/venv/lib/python3.12/site-packages/airflow/example_dags/example_short_circuit_operator.py took 0.054 seconds
[2025-10-27T21:39:18.680-0300] {processor.py:161} INFO - Started process (PID=1996) to work on /home/joaosousa/projects/spotify-project/venv/lib/python3.12/site-packages/airflow/example_dags/example_short_circuit_operator.py
[2025-10-27T21:39:18.682-0300] {processor.py:830} INFO - Processing file /home/joaosousa/projects/spotify-project/venv/lib/python3.12/site-packages/airflow/example_dags/example_short_circuit_operator.py for tasks to queue
[2025-10-27T21:39:18.683-0300] {logging_mixin.py:188} INFO - [2025-10-27T21:39:18.683-0300] {dagbag.py:545} INFO - Filling up the DagBag from /home/joaosousa/projects/spotify-project/venv/lib/python3.12/site-packages/airflow/example_dags/example_short_circuit_operator.py
[2025-10-27T21:39:18.689-0300] {processor.py:840} INFO - DAG(s) 'example_short_circuit_operator' retrieved from /home/joaosousa/projects/spotify-project/venv/lib/python3.12/site-packages/airflow/example_dags/example_short_circuit_operator.py
[2025-10-27T21:39:18.702-0300] {logging_mixin.py:188} INFO - [2025-10-27T21:39:18.702-0300] {dag.py:3096} INFO - Sync 1 DAGs
[2025-10-27T21:39:18.715-0300] {logging_mixin.py:188} INFO - [2025-10-27T21:39:18.715-0300] {dag.py:3954} INFO - Setting next_dagrun for example_short_circuit_operator to 2025-10-27 00:00:00+00:00, run_after=2025-10-28 00:00:00+00:00
[2025-10-27T21:39:18.730-0300] {processor.py:183} INFO - Processing /home/joaosousa/projects/spotify-project/venv/lib/python3.12/site-packages/airflow/example_dags/example_short_circuit_operator.py took 0.055 seconds
[2025-10-27T21:40:23.312-0300] {processor.py:161} INFO - Started process (PID=2106) to work on /home/joaosousa/projects/spotify-project/venv/lib/python3.12/site-packages/airflow/example_dags/example_short_circuit_operator.py
[2025-10-27T21:40:23.313-0300] {processor.py:830} INFO - Processing file /home/joaosousa/projects/spotify-project/venv/lib/python3.12/site-packages/airflow/example_dags/example_short_circuit_operator.py for tasks to queue
[2025-10-27T21:40:23.315-0300] {logging_mixin.py:188} INFO - [2025-10-27T21:40:23.315-0300] {dagbag.py:545} INFO - Filling up the DagBag from /home/joaosousa/projects/spotify-project/venv/lib/python3.12/site-packages/airflow/example_dags/example_short_circuit_operator.py
[2025-10-27T21:40:23.320-0300] {processor.py:840} INFO - DAG(s) 'example_short_circuit_operator' retrieved from /home/joaosousa/projects/spotify-project/venv/lib/python3.12/site-packages/airflow/example_dags/example_short_circuit_operator.py
[2025-10-27T21:40:23.333-0300] {logging_mixin.py:188} INFO - [2025-10-27T21:40:23.333-0300] {dag.py:3096} INFO - Sync 1 DAGs
[2025-10-27T21:40:23.345-0300] {logging_mixin.py:188} INFO - [2025-10-27T21:40:23.345-0300] {dag.py:3954} INFO - Setting next_dagrun for example_short_circuit_operator to 2025-10-27 00:00:00+00:00, run_after=2025-10-28 00:00:00+00:00
[2025-10-27T21:40:23.360-0300] {processor.py:183} INFO - Processing /home/joaosousa/projects/spotify-project/venv/lib/python3.12/site-packages/airflow/example_dags/example_short_circuit_operator.py took 0.052 seconds
