[2025-10-27T21:31:19.783-0300] {processor.py:161} INFO - Started process (PID=1106) to work on /home/joaosousa/projects/spotify-project/venv/lib/python3.12/site-packages/airflow/example_dags/example_bash_operator.py
[2025-10-27T21:31:19.784-0300] {processor.py:830} INFO - Processing file /home/joaosousa/projects/spotify-project/venv/lib/python3.12/site-packages/airflow/example_dags/example_bash_operator.py for tasks to queue
[2025-10-27T21:31:19.785-0300] {logging_mixin.py:188} INFO - [2025-10-27T21:31:19.785-0300] {dagbag.py:545} INFO - Filling up the DagBag from /home/joaosousa/projects/spotify-project/venv/lib/python3.12/site-packages/airflow/example_dags/example_bash_operator.py
[2025-10-27T21:31:19.793-0300] {processor.py:840} INFO - DAG(s) 'example_bash_operator' retrieved from /home/joaosousa/projects/spotify-project/venv/lib/python3.12/site-packages/airflow/example_dags/example_bash_operator.py
[2025-10-27T21:31:19.806-0300] {logging_mixin.py:188} INFO - [2025-10-27T21:31:19.806-0300] {dag.py:3096} INFO - Sync 1 DAGs
[2025-10-27T21:31:19.817-0300] {logging_mixin.py:188} INFO - [2025-10-27T21:31:19.817-0300] {dag.py:3954} INFO - Setting next_dagrun for example_bash_operator to 2025-10-27 00:00:00+00:00, run_after=2025-10-28 00:00:00+00:00
[2025-10-27T21:31:19.833-0300] {processor.py:183} INFO - Processing /home/joaosousa/projects/spotify-project/venv/lib/python3.12/site-packages/airflow/example_dags/example_bash_operator.py took 0.053 seconds
[2025-10-27T21:32:18.323-0300] {processor.py:161} INFO - Started process (PID=1323) to work on /home/joaosousa/projects/spotify-project/venv/lib/python3.12/site-packages/airflow/example_dags/example_bash_operator.py
[2025-10-27T21:32:18.324-0300] {processor.py:830} INFO - Processing file /home/joaosousa/projects/spotify-project/venv/lib/python3.12/site-packages/airflow/example_dags/example_bash_operator.py for tasks to queue
[2025-10-27T21:32:18.325-0300] {logging_mixin.py:188} INFO - [2025-10-27T21:32:18.325-0300] {dagbag.py:545} INFO - Filling up the DagBag from /home/joaosousa/projects/spotify-project/venv/lib/python3.12/site-packages/airflow/example_dags/example_bash_operator.py
[2025-10-27T21:32:18.333-0300] {processor.py:840} INFO - DAG(s) 'example_bash_operator' retrieved from /home/joaosousa/projects/spotify-project/venv/lib/python3.12/site-packages/airflow/example_dags/example_bash_operator.py
[2025-10-27T21:32:18.347-0300] {logging_mixin.py:188} INFO - [2025-10-27T21:32:18.347-0300] {dag.py:3096} INFO - Sync 1 DAGs
[2025-10-27T21:32:18.359-0300] {logging_mixin.py:188} INFO - [2025-10-27T21:32:18.359-0300] {dag.py:3954} INFO - Setting next_dagrun for example_bash_operator to 2025-10-27 00:00:00+00:00, run_after=2025-10-28 00:00:00+00:00
[2025-10-27T21:32:18.373-0300] {processor.py:183} INFO - Processing /home/joaosousa/projects/spotify-project/venv/lib/python3.12/site-packages/airflow/example_dags/example_bash_operator.py took 0.054 seconds
[2025-10-27T21:33:25.895-0300] {processor.py:161} INFO - Started process (PID=1418) to work on /home/joaosousa/projects/spotify-project/venv/lib/python3.12/site-packages/airflow/example_dags/example_bash_operator.py
[2025-10-27T21:33:25.897-0300] {processor.py:830} INFO - Processing file /home/joaosousa/projects/spotify-project/venv/lib/python3.12/site-packages/airflow/example_dags/example_bash_operator.py for tasks to queue
[2025-10-27T21:33:25.899-0300] {logging_mixin.py:188} INFO - [2025-10-27T21:33:25.898-0300] {dagbag.py:545} INFO - Filling up the DagBag from /home/joaosousa/projects/spotify-project/venv/lib/python3.12/site-packages/airflow/example_dags/example_bash_operator.py
[2025-10-27T21:33:25.908-0300] {processor.py:840} INFO - DAG(s) 'example_bash_operator' retrieved from /home/joaosousa/projects/spotify-project/venv/lib/python3.12/site-packages/airflow/example_dags/example_bash_operator.py
[2025-10-27T21:33:25.926-0300] {logging_mixin.py:188} INFO - [2025-10-27T21:33:25.926-0300] {dag.py:3096} INFO - Sync 1 DAGs
[2025-10-27T21:33:25.942-0300] {logging_mixin.py:188} INFO - [2025-10-27T21:33:25.942-0300] {dag.py:3954} INFO - Setting next_dagrun for example_bash_operator to 2025-10-27 00:00:00+00:00, run_after=2025-10-28 00:00:00+00:00
[2025-10-27T21:33:25.960-0300] {processor.py:183} INFO - Processing /home/joaosousa/projects/spotify-project/venv/lib/python3.12/site-packages/airflow/example_dags/example_bash_operator.py took 0.070 seconds
[2025-10-27T21:34:29.051-0300] {processor.py:161} INFO - Started process (PID=1530) to work on /home/joaosousa/projects/spotify-project/venv/lib/python3.12/site-packages/airflow/example_dags/example_bash_operator.py
[2025-10-27T21:34:29.053-0300] {processor.py:830} INFO - Processing file /home/joaosousa/projects/spotify-project/venv/lib/python3.12/site-packages/airflow/example_dags/example_bash_operator.py for tasks to queue
[2025-10-27T21:34:29.054-0300] {logging_mixin.py:188} INFO - [2025-10-27T21:34:29.054-0300] {dagbag.py:545} INFO - Filling up the DagBag from /home/joaosousa/projects/spotify-project/venv/lib/python3.12/site-packages/airflow/example_dags/example_bash_operator.py
[2025-10-27T21:34:29.062-0300] {processor.py:840} INFO - DAG(s) 'example_bash_operator' retrieved from /home/joaosousa/projects/spotify-project/venv/lib/python3.12/site-packages/airflow/example_dags/example_bash_operator.py
[2025-10-27T21:34:29.077-0300] {logging_mixin.py:188} INFO - [2025-10-27T21:34:29.077-0300] {dag.py:3096} INFO - Sync 1 DAGs
[2025-10-27T21:34:29.090-0300] {logging_mixin.py:188} INFO - [2025-10-27T21:34:29.090-0300] {dag.py:3954} INFO - Setting next_dagrun for example_bash_operator to 2025-10-27 00:00:00+00:00, run_after=2025-10-28 00:00:00+00:00
[2025-10-27T21:34:29.104-0300] {processor.py:183} INFO - Processing /home/joaosousa/projects/spotify-project/venv/lib/python3.12/site-packages/airflow/example_dags/example_bash_operator.py took 0.057 seconds
[2025-10-27T21:35:26.602-0300] {processor.py:161} INFO - Started process (PID=1615) to work on /home/joaosousa/projects/spotify-project/venv/lib/python3.12/site-packages/airflow/example_dags/example_bash_operator.py
[2025-10-27T21:35:26.604-0300] {processor.py:830} INFO - Processing file /home/joaosousa/projects/spotify-project/venv/lib/python3.12/site-packages/airflow/example_dags/example_bash_operator.py for tasks to queue
[2025-10-27T21:35:26.605-0300] {logging_mixin.py:188} INFO - [2025-10-27T21:35:26.605-0300] {dagbag.py:545} INFO - Filling up the DagBag from /home/joaosousa/projects/spotify-project/venv/lib/python3.12/site-packages/airflow/example_dags/example_bash_operator.py
[2025-10-27T21:35:26.613-0300] {processor.py:840} INFO - DAG(s) 'example_bash_operator' retrieved from /home/joaosousa/projects/spotify-project/venv/lib/python3.12/site-packages/airflow/example_dags/example_bash_operator.py
[2025-10-27T21:35:26.633-0300] {logging_mixin.py:188} INFO - [2025-10-27T21:35:26.633-0300] {dag.py:3096} INFO - Sync 1 DAGs
[2025-10-27T21:35:26.645-0300] {logging_mixin.py:188} INFO - [2025-10-27T21:35:26.645-0300] {dag.py:3954} INFO - Setting next_dagrun for example_bash_operator to 2025-10-27 00:00:00+00:00, run_after=2025-10-28 00:00:00+00:00
[2025-10-27T21:35:26.659-0300] {processor.py:183} INFO - Processing /home/joaosousa/projects/spotify-project/venv/lib/python3.12/site-packages/airflow/example_dags/example_bash_operator.py took 0.062 seconds
[2025-10-27T21:36:38.888-0300] {processor.py:161} INFO - Started process (PID=1733) to work on /home/joaosousa/projects/spotify-project/venv/lib/python3.12/site-packages/airflow/example_dags/example_bash_operator.py
[2025-10-27T21:36:38.890-0300] {processor.py:830} INFO - Processing file /home/joaosousa/projects/spotify-project/venv/lib/python3.12/site-packages/airflow/example_dags/example_bash_operator.py for tasks to queue
[2025-10-27T21:36:38.892-0300] {logging_mixin.py:188} INFO - [2025-10-27T21:36:38.891-0300] {dagbag.py:545} INFO - Filling up the DagBag from /home/joaosousa/projects/spotify-project/venv/lib/python3.12/site-packages/airflow/example_dags/example_bash_operator.py
[2025-10-27T21:36:38.994-0300] {processor.py:840} INFO - DAG(s) 'example_bash_operator' retrieved from /home/joaosousa/projects/spotify-project/venv/lib/python3.12/site-packages/airflow/example_dags/example_bash_operator.py
[2025-10-27T21:36:39.005-0300] {logging_mixin.py:188} INFO - [2025-10-27T21:36:39.005-0300] {dag.py:3096} INFO - Sync 1 DAGs
[2025-10-27T21:36:39.014-0300] {logging_mixin.py:188} INFO - [2025-10-27T21:36:39.014-0300] {dag.py:3954} INFO - Setting next_dagrun for example_bash_operator to 2025-10-27 00:00:00+00:00, run_after=2025-10-28 00:00:00+00:00
[2025-10-27T21:36:39.028-0300] {processor.py:183} INFO - Processing /home/joaosousa/projects/spotify-project/venv/lib/python3.12/site-packages/airflow/example_dags/example_bash_operator.py took 0.143 seconds
[2025-10-27T21:37:43.565-0300] {processor.py:161} INFO - Started process (PID=1827) to work on /home/joaosousa/projects/spotify-project/venv/lib/python3.12/site-packages/airflow/example_dags/example_bash_operator.py
[2025-10-27T21:37:43.567-0300] {processor.py:830} INFO - Processing file /home/joaosousa/projects/spotify-project/venv/lib/python3.12/site-packages/airflow/example_dags/example_bash_operator.py for tasks to queue
[2025-10-27T21:37:43.569-0300] {logging_mixin.py:188} INFO - [2025-10-27T21:37:43.569-0300] {dagbag.py:545} INFO - Filling up the DagBag from /home/joaosousa/projects/spotify-project/venv/lib/python3.12/site-packages/airflow/example_dags/example_bash_operator.py
[2025-10-27T21:37:43.578-0300] {processor.py:840} INFO - DAG(s) 'example_bash_operator' retrieved from /home/joaosousa/projects/spotify-project/venv/lib/python3.12/site-packages/airflow/example_dags/example_bash_operator.py
[2025-10-27T21:37:43.596-0300] {logging_mixin.py:188} INFO - [2025-10-27T21:37:43.596-0300] {dag.py:3096} INFO - Sync 1 DAGs
[2025-10-27T21:37:43.609-0300] {logging_mixin.py:188} INFO - [2025-10-27T21:37:43.609-0300] {dag.py:3954} INFO - Setting next_dagrun for example_bash_operator to 2025-10-27 00:00:00+00:00, run_after=2025-10-28 00:00:00+00:00
[2025-10-27T21:37:43.624-0300] {processor.py:183} INFO - Processing /home/joaosousa/projects/spotify-project/venv/lib/python3.12/site-packages/airflow/example_dags/example_bash_operator.py took 0.063 seconds
[2025-10-27T21:38:46.173-0300] {processor.py:161} INFO - Started process (PID=1944) to work on /home/joaosousa/projects/spotify-project/venv/lib/python3.12/site-packages/airflow/example_dags/example_bash_operator.py
[2025-10-27T21:38:46.174-0300] {processor.py:830} INFO - Processing file /home/joaosousa/projects/spotify-project/venv/lib/python3.12/site-packages/airflow/example_dags/example_bash_operator.py for tasks to queue
[2025-10-27T21:38:46.175-0300] {logging_mixin.py:188} INFO - [2025-10-27T21:38:46.175-0300] {dagbag.py:545} INFO - Filling up the DagBag from /home/joaosousa/projects/spotify-project/venv/lib/python3.12/site-packages/airflow/example_dags/example_bash_operator.py
[2025-10-27T21:38:46.183-0300] {processor.py:840} INFO - DAG(s) 'example_bash_operator' retrieved from /home/joaosousa/projects/spotify-project/venv/lib/python3.12/site-packages/airflow/example_dags/example_bash_operator.py
[2025-10-27T21:38:46.198-0300] {logging_mixin.py:188} INFO - [2025-10-27T21:38:46.198-0300] {dag.py:3096} INFO - Sync 1 DAGs
[2025-10-27T21:38:46.214-0300] {logging_mixin.py:188} INFO - [2025-10-27T21:38:46.214-0300] {dag.py:3954} INFO - Setting next_dagrun for example_bash_operator to 2025-10-27 00:00:00+00:00, run_after=2025-10-28 00:00:00+00:00
[2025-10-27T21:38:46.230-0300] {processor.py:183} INFO - Processing /home/joaosousa/projects/spotify-project/venv/lib/python3.12/site-packages/airflow/example_dags/example_bash_operator.py took 0.062 seconds
[2025-10-27T21:39:40.118-0300] {processor.py:161} INFO - Started process (PID=2033) to work on /home/joaosousa/projects/spotify-project/venv/lib/python3.12/site-packages/airflow/example_dags/example_bash_operator.py
[2025-10-27T21:39:40.121-0300] {processor.py:830} INFO - Processing file /home/joaosousa/projects/spotify-project/venv/lib/python3.12/site-packages/airflow/example_dags/example_bash_operator.py for tasks to queue
[2025-10-27T21:39:40.122-0300] {logging_mixin.py:188} INFO - [2025-10-27T21:39:40.122-0300] {dagbag.py:545} INFO - Filling up the DagBag from /home/joaosousa/projects/spotify-project/venv/lib/python3.12/site-packages/airflow/example_dags/example_bash_operator.py
[2025-10-27T21:39:40.131-0300] {processor.py:840} INFO - DAG(s) 'example_bash_operator' retrieved from /home/joaosousa/projects/spotify-project/venv/lib/python3.12/site-packages/airflow/example_dags/example_bash_operator.py
[2025-10-27T21:39:40.146-0300] {logging_mixin.py:188} INFO - [2025-10-27T21:39:40.145-0300] {dag.py:3096} INFO - Sync 1 DAGs
[2025-10-27T21:39:40.158-0300] {logging_mixin.py:188} INFO - [2025-10-27T21:39:40.158-0300] {dag.py:3954} INFO - Setting next_dagrun for example_bash_operator to 2025-10-27 00:00:00+00:00, run_after=2025-10-28 00:00:00+00:00
[2025-10-27T21:39:40.173-0300] {processor.py:183} INFO - Processing /home/joaosousa/projects/spotify-project/venv/lib/python3.12/site-packages/airflow/example_dags/example_bash_operator.py took 0.059 seconds
[2025-10-27T21:40:43.857-0300] {processor.py:161} INFO - Started process (PID=2141) to work on /home/joaosousa/projects/spotify-project/venv/lib/python3.12/site-packages/airflow/example_dags/example_bash_operator.py
[2025-10-27T21:40:43.858-0300] {processor.py:830} INFO - Processing file /home/joaosousa/projects/spotify-project/venv/lib/python3.12/site-packages/airflow/example_dags/example_bash_operator.py for tasks to queue
[2025-10-27T21:40:43.860-0300] {logging_mixin.py:188} INFO - [2025-10-27T21:40:43.859-0300] {dagbag.py:545} INFO - Filling up the DagBag from /home/joaosousa/projects/spotify-project/venv/lib/python3.12/site-packages/airflow/example_dags/example_bash_operator.py
[2025-10-27T21:40:43.875-0300] {processor.py:840} INFO - DAG(s) 'example_bash_operator' retrieved from /home/joaosousa/projects/spotify-project/venv/lib/python3.12/site-packages/airflow/example_dags/example_bash_operator.py
[2025-10-27T21:40:43.894-0300] {logging_mixin.py:188} INFO - [2025-10-27T21:40:43.894-0300] {dag.py:3096} INFO - Sync 1 DAGs
[2025-10-27T21:40:43.913-0300] {logging_mixin.py:188} INFO - [2025-10-27T21:40:43.913-0300] {dag.py:3954} INFO - Setting next_dagrun for example_bash_operator to 2025-10-27 00:00:00+00:00, run_after=2025-10-28 00:00:00+00:00
[2025-10-27T21:40:43.933-0300] {processor.py:183} INFO - Processing /home/joaosousa/projects/spotify-project/venv/lib/python3.12/site-packages/airflow/example_dags/example_bash_operator.py took 0.082 seconds
[2025-10-27T21:41:44.627-0300] {processor.py:161} INFO - Started process (PID=2281) to work on /home/joaosousa/projects/spotify-project/venv/lib/python3.12/site-packages/airflow/example_dags/example_bash_operator.py
[2025-10-27T21:41:44.629-0300] {processor.py:830} INFO - Processing file /home/joaosousa/projects/spotify-project/venv/lib/python3.12/site-packages/airflow/example_dags/example_bash_operator.py for tasks to queue
[2025-10-27T21:41:44.630-0300] {logging_mixin.py:188} INFO - [2025-10-27T21:41:44.630-0300] {dagbag.py:545} INFO - Filling up the DagBag from /home/joaosousa/projects/spotify-project/venv/lib/python3.12/site-packages/airflow/example_dags/example_bash_operator.py
[2025-10-27T21:41:44.639-0300] {processor.py:840} INFO - DAG(s) 'example_bash_operator' retrieved from /home/joaosousa/projects/spotify-project/venv/lib/python3.12/site-packages/airflow/example_dags/example_bash_operator.py
[2025-10-27T21:41:44.654-0300] {logging_mixin.py:188} INFO - [2025-10-27T21:41:44.654-0300] {dag.py:3096} INFO - Sync 1 DAGs
[2025-10-27T21:41:44.668-0300] {logging_mixin.py:188} INFO - [2025-10-27T21:41:44.668-0300] {dag.py:3954} INFO - Setting next_dagrun for example_bash_operator to 2025-10-27 00:00:00+00:00, run_after=2025-10-28 00:00:00+00:00
[2025-10-27T21:41:44.683-0300] {processor.py:183} INFO - Processing /home/joaosousa/projects/spotify-project/venv/lib/python3.12/site-packages/airflow/example_dags/example_bash_operator.py took 0.060 seconds
[2025-10-27T21:42:42.510-0300] {processor.py:161} INFO - Started process (PID=2454) to work on /home/joaosousa/projects/spotify-project/venv/lib/python3.12/site-packages/airflow/example_dags/example_bash_operator.py
[2025-10-27T21:42:42.511-0300] {processor.py:830} INFO - Processing file /home/joaosousa/projects/spotify-project/venv/lib/python3.12/site-packages/airflow/example_dags/example_bash_operator.py for tasks to queue
[2025-10-27T21:42:42.512-0300] {logging_mixin.py:188} INFO - [2025-10-27T21:42:42.512-0300] {dagbag.py:545} INFO - Filling up the DagBag from /home/joaosousa/projects/spotify-project/venv/lib/python3.12/site-packages/airflow/example_dags/example_bash_operator.py
[2025-10-27T21:42:42.521-0300] {processor.py:840} INFO - DAG(s) 'example_bash_operator' retrieved from /home/joaosousa/projects/spotify-project/venv/lib/python3.12/site-packages/airflow/example_dags/example_bash_operator.py
[2025-10-27T21:42:42.537-0300] {logging_mixin.py:188} INFO - [2025-10-27T21:42:42.537-0300] {dag.py:3096} INFO - Sync 1 DAGs
[2025-10-27T21:42:42.552-0300] {logging_mixin.py:188} INFO - [2025-10-27T21:42:42.551-0300] {dag.py:3954} INFO - Setting next_dagrun for example_bash_operator to 2025-10-27 00:00:00+00:00, run_after=2025-10-28 00:00:00+00:00
[2025-10-27T21:42:42.568-0300] {processor.py:183} INFO - Processing /home/joaosousa/projects/spotify-project/venv/lib/python3.12/site-packages/airflow/example_dags/example_bash_operator.py took 0.063 seconds
[2025-10-27T21:43:44.014-0300] {processor.py:161} INFO - Started process (PID=2561) to work on /home/joaosousa/projects/spotify-project/venv/lib/python3.12/site-packages/airflow/example_dags/example_bash_operator.py
[2025-10-27T21:43:44.016-0300] {processor.py:830} INFO - Processing file /home/joaosousa/projects/spotify-project/venv/lib/python3.12/site-packages/airflow/example_dags/example_bash_operator.py for tasks to queue
[2025-10-27T21:43:44.017-0300] {logging_mixin.py:188} INFO - [2025-10-27T21:43:44.017-0300] {dagbag.py:545} INFO - Filling up the DagBag from /home/joaosousa/projects/spotify-project/venv/lib/python3.12/site-packages/airflow/example_dags/example_bash_operator.py
[2025-10-27T21:43:44.026-0300] {processor.py:840} INFO - DAG(s) 'example_bash_operator' retrieved from /home/joaosousa/projects/spotify-project/venv/lib/python3.12/site-packages/airflow/example_dags/example_bash_operator.py
[2025-10-27T21:43:44.040-0300] {logging_mixin.py:188} INFO - [2025-10-27T21:43:44.040-0300] {dag.py:3096} INFO - Sync 1 DAGs
[2025-10-27T21:43:44.053-0300] {logging_mixin.py:188} INFO - [2025-10-27T21:43:44.053-0300] {dag.py:3954} INFO - Setting next_dagrun for example_bash_operator to 2025-10-27 00:00:00+00:00, run_after=2025-10-28 00:00:00+00:00
[2025-10-27T21:43:44.068-0300] {processor.py:183} INFO - Processing /home/joaosousa/projects/spotify-project/venv/lib/python3.12/site-packages/airflow/example_dags/example_bash_operator.py took 0.059 seconds
[2025-10-27T21:44:41.987-0300] {processor.py:161} INFO - Started process (PID=2666) to work on /home/joaosousa/projects/spotify-project/venv/lib/python3.12/site-packages/airflow/example_dags/example_bash_operator.py
[2025-10-27T21:44:41.988-0300] {processor.py:830} INFO - Processing file /home/joaosousa/projects/spotify-project/venv/lib/python3.12/site-packages/airflow/example_dags/example_bash_operator.py for tasks to queue
[2025-10-27T21:44:41.990-0300] {logging_mixin.py:188} INFO - [2025-10-27T21:44:41.989-0300] {dagbag.py:545} INFO - Filling up the DagBag from /home/joaosousa/projects/spotify-project/venv/lib/python3.12/site-packages/airflow/example_dags/example_bash_operator.py
[2025-10-27T21:44:41.998-0300] {processor.py:840} INFO - DAG(s) 'example_bash_operator' retrieved from /home/joaosousa/projects/spotify-project/venv/lib/python3.12/site-packages/airflow/example_dags/example_bash_operator.py
[2025-10-27T21:44:42.013-0300] {logging_mixin.py:188} INFO - [2025-10-27T21:44:42.012-0300] {dag.py:3096} INFO - Sync 1 DAGs
[2025-10-27T21:44:42.025-0300] {logging_mixin.py:188} INFO - [2025-10-27T21:44:42.025-0300] {dag.py:3954} INFO - Setting next_dagrun for example_bash_operator to 2025-10-27 00:00:00+00:00, run_after=2025-10-28 00:00:00+00:00
[2025-10-27T21:44:42.040-0300] {processor.py:183} INFO - Processing /home/joaosousa/projects/spotify-project/venv/lib/python3.12/site-packages/airflow/example_dags/example_bash_operator.py took 0.057 seconds
[2025-10-27T21:45:40.512-0300] {processor.py:161} INFO - Started process (PID=2969) to work on /home/joaosousa/projects/spotify-project/venv/lib/python3.12/site-packages/airflow/example_dags/example_bash_operator.py
[2025-10-27T21:45:40.513-0300] {processor.py:830} INFO - Processing file /home/joaosousa/projects/spotify-project/venv/lib/python3.12/site-packages/airflow/example_dags/example_bash_operator.py for tasks to queue
[2025-10-27T21:45:40.514-0300] {logging_mixin.py:188} INFO - [2025-10-27T21:45:40.514-0300] {dagbag.py:545} INFO - Filling up the DagBag from /home/joaosousa/projects/spotify-project/venv/lib/python3.12/site-packages/airflow/example_dags/example_bash_operator.py
[2025-10-27T21:45:40.522-0300] {processor.py:840} INFO - DAG(s) 'example_bash_operator' retrieved from /home/joaosousa/projects/spotify-project/venv/lib/python3.12/site-packages/airflow/example_dags/example_bash_operator.py
[2025-10-27T21:45:40.537-0300] {logging_mixin.py:188} INFO - [2025-10-27T21:45:40.536-0300] {dag.py:3096} INFO - Sync 1 DAGs
[2025-10-27T21:45:40.549-0300] {logging_mixin.py:188} INFO - [2025-10-27T21:45:40.549-0300] {dag.py:3954} INFO - Setting next_dagrun for example_bash_operator to 2025-10-27 00:00:00+00:00, run_after=2025-10-28 00:00:00+00:00
[2025-10-27T21:45:40.567-0300] {processor.py:183} INFO - Processing /home/joaosousa/projects/spotify-project/venv/lib/python3.12/site-packages/airflow/example_dags/example_bash_operator.py took 0.060 seconds
[2025-10-27T21:46:46.023-0300] {processor.py:161} INFO - Started process (PID=3078) to work on /home/joaosousa/projects/spotify-project/venv/lib/python3.12/site-packages/airflow/example_dags/example_bash_operator.py
[2025-10-27T21:46:46.024-0300] {processor.py:830} INFO - Processing file /home/joaosousa/projects/spotify-project/venv/lib/python3.12/site-packages/airflow/example_dags/example_bash_operator.py for tasks to queue
[2025-10-27T21:46:46.026-0300] {logging_mixin.py:188} INFO - [2025-10-27T21:46:46.026-0300] {dagbag.py:545} INFO - Filling up the DagBag from /home/joaosousa/projects/spotify-project/venv/lib/python3.12/site-packages/airflow/example_dags/example_bash_operator.py
[2025-10-27T21:46:46.034-0300] {processor.py:840} INFO - DAG(s) 'example_bash_operator' retrieved from /home/joaosousa/projects/spotify-project/venv/lib/python3.12/site-packages/airflow/example_dags/example_bash_operator.py
[2025-10-27T21:46:46.048-0300] {logging_mixin.py:188} INFO - [2025-10-27T21:46:46.048-0300] {dag.py:3096} INFO - Sync 1 DAGs
[2025-10-27T21:46:46.060-0300] {logging_mixin.py:188} INFO - [2025-10-27T21:46:46.060-0300] {dag.py:3954} INFO - Setting next_dagrun for example_bash_operator to 2025-10-27 00:00:00+00:00, run_after=2025-10-28 00:00:00+00:00
[2025-10-27T21:46:46.074-0300] {processor.py:183} INFO - Processing /home/joaosousa/projects/spotify-project/venv/lib/python3.12/site-packages/airflow/example_dags/example_bash_operator.py took 0.056 seconds
[2025-10-27T21:47:52.538-0300] {processor.py:161} INFO - Started process (PID=3269) to work on /home/joaosousa/projects/spotify-project/venv/lib/python3.12/site-packages/airflow/example_dags/example_bash_operator.py
[2025-10-27T21:47:52.540-0300] {processor.py:830} INFO - Processing file /home/joaosousa/projects/spotify-project/venv/lib/python3.12/site-packages/airflow/example_dags/example_bash_operator.py for tasks to queue
[2025-10-27T21:47:52.541-0300] {logging_mixin.py:188} INFO - [2025-10-27T21:47:52.541-0300] {dagbag.py:545} INFO - Filling up the DagBag from /home/joaosousa/projects/spotify-project/venv/lib/python3.12/site-packages/airflow/example_dags/example_bash_operator.py
[2025-10-27T21:47:52.549-0300] {processor.py:840} INFO - DAG(s) 'example_bash_operator' retrieved from /home/joaosousa/projects/spotify-project/venv/lib/python3.12/site-packages/airflow/example_dags/example_bash_operator.py
[2025-10-27T21:47:52.564-0300] {logging_mixin.py:188} INFO - [2025-10-27T21:47:52.564-0300] {dag.py:3096} INFO - Sync 1 DAGs
[2025-10-27T21:47:52.579-0300] {logging_mixin.py:188} INFO - [2025-10-27T21:47:52.578-0300] {dag.py:3954} INFO - Setting next_dagrun for example_bash_operator to 2025-10-27 00:00:00+00:00, run_after=2025-10-28 00:00:00+00:00
[2025-10-27T21:47:52.593-0300] {processor.py:183} INFO - Processing /home/joaosousa/projects/spotify-project/venv/lib/python3.12/site-packages/airflow/example_dags/example_bash_operator.py took 0.060 seconds
[2025-10-27T21:48:54.284-0300] {processor.py:161} INFO - Started process (PID=3545) to work on /home/joaosousa/projects/spotify-project/venv/lib/python3.12/site-packages/airflow/example_dags/example_bash_operator.py
[2025-10-27T21:48:54.286-0300] {processor.py:830} INFO - Processing file /home/joaosousa/projects/spotify-project/venv/lib/python3.12/site-packages/airflow/example_dags/example_bash_operator.py for tasks to queue
[2025-10-27T21:48:54.287-0300] {logging_mixin.py:188} INFO - [2025-10-27T21:48:54.287-0300] {dagbag.py:545} INFO - Filling up the DagBag from /home/joaosousa/projects/spotify-project/venv/lib/python3.12/site-packages/airflow/example_dags/example_bash_operator.py
[2025-10-27T21:48:54.296-0300] {processor.py:840} INFO - DAG(s) 'example_bash_operator' retrieved from /home/joaosousa/projects/spotify-project/venv/lib/python3.12/site-packages/airflow/example_dags/example_bash_operator.py
[2025-10-27T21:48:54.310-0300] {logging_mixin.py:188} INFO - [2025-10-27T21:48:54.310-0300] {dag.py:3096} INFO - Sync 1 DAGs
[2025-10-27T21:48:54.323-0300] {logging_mixin.py:188} INFO - [2025-10-27T21:48:54.323-0300] {dag.py:3954} INFO - Setting next_dagrun for example_bash_operator to 2025-10-27 00:00:00+00:00, run_after=2025-10-28 00:00:00+00:00
[2025-10-27T21:48:54.337-0300] {processor.py:183} INFO - Processing /home/joaosousa/projects/spotify-project/venv/lib/python3.12/site-packages/airflow/example_dags/example_bash_operator.py took 0.058 seconds
[2025-10-27T21:49:51.808-0300] {processor.py:161} INFO - Started process (PID=3643) to work on /home/joaosousa/projects/spotify-project/venv/lib/python3.12/site-packages/airflow/example_dags/example_bash_operator.py
[2025-10-27T21:49:51.810-0300] {processor.py:830} INFO - Processing file /home/joaosousa/projects/spotify-project/venv/lib/python3.12/site-packages/airflow/example_dags/example_bash_operator.py for tasks to queue
[2025-10-27T21:49:51.811-0300] {logging_mixin.py:188} INFO - [2025-10-27T21:49:51.811-0300] {dagbag.py:545} INFO - Filling up the DagBag from /home/joaosousa/projects/spotify-project/venv/lib/python3.12/site-packages/airflow/example_dags/example_bash_operator.py
[2025-10-27T21:49:51.819-0300] {processor.py:840} INFO - DAG(s) 'example_bash_operator' retrieved from /home/joaosousa/projects/spotify-project/venv/lib/python3.12/site-packages/airflow/example_dags/example_bash_operator.py
[2025-10-27T21:49:51.834-0300] {logging_mixin.py:188} INFO - [2025-10-27T21:49:51.834-0300] {dag.py:3096} INFO - Sync 1 DAGs
[2025-10-27T21:49:51.847-0300] {logging_mixin.py:188} INFO - [2025-10-27T21:49:51.847-0300] {dag.py:3954} INFO - Setting next_dagrun for example_bash_operator to 2025-10-27 00:00:00+00:00, run_after=2025-10-28 00:00:00+00:00
[2025-10-27T21:49:51.860-0300] {processor.py:183} INFO - Processing /home/joaosousa/projects/spotify-project/venv/lib/python3.12/site-packages/airflow/example_dags/example_bash_operator.py took 0.057 seconds
[2025-10-27T21:50:57.493-0300] {processor.py:161} INFO - Started process (PID=3753) to work on /home/joaosousa/projects/spotify-project/venv/lib/python3.12/site-packages/airflow/example_dags/example_bash_operator.py
[2025-10-27T21:50:57.498-0300] {processor.py:830} INFO - Processing file /home/joaosousa/projects/spotify-project/venv/lib/python3.12/site-packages/airflow/example_dags/example_bash_operator.py for tasks to queue
[2025-10-27T21:50:57.499-0300] {logging_mixin.py:188} INFO - [2025-10-27T21:50:57.499-0300] {dagbag.py:545} INFO - Filling up the DagBag from /home/joaosousa/projects/spotify-project/venv/lib/python3.12/site-packages/airflow/example_dags/example_bash_operator.py
[2025-10-27T21:50:57.508-0300] {processor.py:840} INFO - DAG(s) 'example_bash_operator' retrieved from /home/joaosousa/projects/spotify-project/venv/lib/python3.12/site-packages/airflow/example_dags/example_bash_operator.py
[2025-10-27T21:50:57.522-0300] {logging_mixin.py:188} INFO - [2025-10-27T21:50:57.522-0300] {dag.py:3096} INFO - Sync 1 DAGs
[2025-10-27T21:50:57.535-0300] {logging_mixin.py:188} INFO - [2025-10-27T21:50:57.535-0300] {dag.py:3954} INFO - Setting next_dagrun for example_bash_operator to 2025-10-27 00:00:00+00:00, run_after=2025-10-28 00:00:00+00:00
[2025-10-27T21:50:57.549-0300] {processor.py:183} INFO - Processing /home/joaosousa/projects/spotify-project/venv/lib/python3.12/site-packages/airflow/example_dags/example_bash_operator.py took 0.061 seconds
[2025-10-27T21:52:01.533-0300] {processor.py:161} INFO - Started process (PID=3884) to work on /home/joaosousa/projects/spotify-project/venv/lib/python3.12/site-packages/airflow/example_dags/example_bash_operator.py
[2025-10-27T21:52:01.535-0300] {processor.py:830} INFO - Processing file /home/joaosousa/projects/spotify-project/venv/lib/python3.12/site-packages/airflow/example_dags/example_bash_operator.py for tasks to queue
[2025-10-27T21:52:01.536-0300] {logging_mixin.py:188} INFO - [2025-10-27T21:52:01.536-0300] {dagbag.py:545} INFO - Filling up the DagBag from /home/joaosousa/projects/spotify-project/venv/lib/python3.12/site-packages/airflow/example_dags/example_bash_operator.py
[2025-10-27T21:52:01.545-0300] {processor.py:840} INFO - DAG(s) 'example_bash_operator' retrieved from /home/joaosousa/projects/spotify-project/venv/lib/python3.12/site-packages/airflow/example_dags/example_bash_operator.py
[2025-10-27T21:52:01.561-0300] {logging_mixin.py:188} INFO - [2025-10-27T21:52:01.561-0300] {dag.py:3096} INFO - Sync 1 DAGs
[2025-10-27T21:52:01.574-0300] {logging_mixin.py:188} INFO - [2025-10-27T21:52:01.574-0300] {dag.py:3954} INFO - Setting next_dagrun for example_bash_operator to 2025-10-27 00:00:00+00:00, run_after=2025-10-28 00:00:00+00:00
[2025-10-27T21:52:01.589-0300] {processor.py:183} INFO - Processing /home/joaosousa/projects/spotify-project/venv/lib/python3.12/site-packages/airflow/example_dags/example_bash_operator.py took 0.060 seconds
[2025-10-27T21:53:01.827-0300] {processor.py:161} INFO - Started process (PID=4016) to work on /home/joaosousa/projects/spotify-project/venv/lib/python3.12/site-packages/airflow/example_dags/example_bash_operator.py
[2025-10-27T21:53:01.829-0300] {processor.py:830} INFO - Processing file /home/joaosousa/projects/spotify-project/venv/lib/python3.12/site-packages/airflow/example_dags/example_bash_operator.py for tasks to queue
[2025-10-27T21:53:01.830-0300] {logging_mixin.py:188} INFO - [2025-10-27T21:53:01.830-0300] {dagbag.py:545} INFO - Filling up the DagBag from /home/joaosousa/projects/spotify-project/venv/lib/python3.12/site-packages/airflow/example_dags/example_bash_operator.py
[2025-10-27T21:53:01.838-0300] {processor.py:840} INFO - DAG(s) 'example_bash_operator' retrieved from /home/joaosousa/projects/spotify-project/venv/lib/python3.12/site-packages/airflow/example_dags/example_bash_operator.py
[2025-10-27T21:53:01.852-0300] {logging_mixin.py:188} INFO - [2025-10-27T21:53:01.852-0300] {dag.py:3096} INFO - Sync 1 DAGs
[2025-10-27T21:53:01.865-0300] {logging_mixin.py:188} INFO - [2025-10-27T21:53:01.865-0300] {dag.py:3954} INFO - Setting next_dagrun for example_bash_operator to 2025-10-27 00:00:00+00:00, run_after=2025-10-28 00:00:00+00:00
[2025-10-27T21:53:01.879-0300] {processor.py:183} INFO - Processing /home/joaosousa/projects/spotify-project/venv/lib/python3.12/site-packages/airflow/example_dags/example_bash_operator.py took 0.056 seconds
[2025-10-27T21:54:03.085-0300] {processor.py:161} INFO - Started process (PID=4160) to work on /home/joaosousa/projects/spotify-project/venv/lib/python3.12/site-packages/airflow/example_dags/example_bash_operator.py
[2025-10-27T21:54:03.086-0300] {processor.py:830} INFO - Processing file /home/joaosousa/projects/spotify-project/venv/lib/python3.12/site-packages/airflow/example_dags/example_bash_operator.py for tasks to queue
[2025-10-27T21:54:03.088-0300] {logging_mixin.py:188} INFO - [2025-10-27T21:54:03.088-0300] {dagbag.py:545} INFO - Filling up the DagBag from /home/joaosousa/projects/spotify-project/venv/lib/python3.12/site-packages/airflow/example_dags/example_bash_operator.py
[2025-10-27T21:54:03.098-0300] {processor.py:840} INFO - DAG(s) 'example_bash_operator' retrieved from /home/joaosousa/projects/spotify-project/venv/lib/python3.12/site-packages/airflow/example_dags/example_bash_operator.py
[2025-10-27T21:54:03.112-0300] {logging_mixin.py:188} INFO - [2025-10-27T21:54:03.112-0300] {dag.py:3096} INFO - Sync 1 DAGs
[2025-10-27T21:54:03.125-0300] {logging_mixin.py:188} INFO - [2025-10-27T21:54:03.125-0300] {dag.py:3954} INFO - Setting next_dagrun for example_bash_operator to 2025-10-27 00:00:00+00:00, run_after=2025-10-28 00:00:00+00:00
[2025-10-27T21:54:03.139-0300] {processor.py:183} INFO - Processing /home/joaosousa/projects/spotify-project/venv/lib/python3.12/site-packages/airflow/example_dags/example_bash_operator.py took 0.058 seconds
[2025-10-27T21:55:08.357-0300] {processor.py:161} INFO - Started process (PID=4264) to work on /home/joaosousa/projects/spotify-project/venv/lib/python3.12/site-packages/airflow/example_dags/example_bash_operator.py
[2025-10-27T21:55:08.358-0300] {processor.py:830} INFO - Processing file /home/joaosousa/projects/spotify-project/venv/lib/python3.12/site-packages/airflow/example_dags/example_bash_operator.py for tasks to queue
[2025-10-27T21:55:08.360-0300] {logging_mixin.py:188} INFO - [2025-10-27T21:55:08.359-0300] {dagbag.py:545} INFO - Filling up the DagBag from /home/joaosousa/projects/spotify-project/venv/lib/python3.12/site-packages/airflow/example_dags/example_bash_operator.py
[2025-10-27T21:55:08.368-0300] {processor.py:840} INFO - DAG(s) 'example_bash_operator' retrieved from /home/joaosousa/projects/spotify-project/venv/lib/python3.12/site-packages/airflow/example_dags/example_bash_operator.py
[2025-10-27T21:55:08.382-0300] {logging_mixin.py:188} INFO - [2025-10-27T21:55:08.382-0300] {dag.py:3096} INFO - Sync 1 DAGs
[2025-10-27T21:55:08.395-0300] {logging_mixin.py:188} INFO - [2025-10-27T21:55:08.395-0300] {dag.py:3954} INFO - Setting next_dagrun for example_bash_operator to 2025-10-27 00:00:00+00:00, run_after=2025-10-28 00:00:00+00:00
[2025-10-27T21:55:08.409-0300] {processor.py:183} INFO - Processing /home/joaosousa/projects/spotify-project/venv/lib/python3.12/site-packages/airflow/example_dags/example_bash_operator.py took 0.056 seconds
[2025-10-27T21:56:10.118-0300] {processor.py:161} INFO - Started process (PID=4366) to work on /home/joaosousa/projects/spotify-project/venv/lib/python3.12/site-packages/airflow/example_dags/example_bash_operator.py
[2025-10-27T21:56:10.120-0300] {processor.py:830} INFO - Processing file /home/joaosousa/projects/spotify-project/venv/lib/python3.12/site-packages/airflow/example_dags/example_bash_operator.py for tasks to queue
[2025-10-27T21:56:10.121-0300] {logging_mixin.py:188} INFO - [2025-10-27T21:56:10.121-0300] {dagbag.py:545} INFO - Filling up the DagBag from /home/joaosousa/projects/spotify-project/venv/lib/python3.12/site-packages/airflow/example_dags/example_bash_operator.py
[2025-10-27T21:56:10.130-0300] {processor.py:840} INFO - DAG(s) 'example_bash_operator' retrieved from /home/joaosousa/projects/spotify-project/venv/lib/python3.12/site-packages/airflow/example_dags/example_bash_operator.py
[2025-10-27T21:56:10.145-0300] {logging_mixin.py:188} INFO - [2025-10-27T21:56:10.145-0300] {dag.py:3096} INFO - Sync 1 DAGs
[2025-10-27T21:56:10.158-0300] {logging_mixin.py:188} INFO - [2025-10-27T21:56:10.158-0300] {dag.py:3954} INFO - Setting next_dagrun for example_bash_operator to 2025-10-27 00:00:00+00:00, run_after=2025-10-28 00:00:00+00:00
[2025-10-27T21:56:10.172-0300] {processor.py:183} INFO - Processing /home/joaosousa/projects/spotify-project/venv/lib/python3.12/site-packages/airflow/example_dags/example_bash_operator.py took 0.058 seconds
[2025-10-27T21:57:13.204-0300] {processor.py:161} INFO - Started process (PID=4565) to work on /home/joaosousa/projects/spotify-project/venv/lib/python3.12/site-packages/airflow/example_dags/example_bash_operator.py
[2025-10-27T21:57:13.206-0300] {processor.py:830} INFO - Processing file /home/joaosousa/projects/spotify-project/venv/lib/python3.12/site-packages/airflow/example_dags/example_bash_operator.py for tasks to queue
[2025-10-27T21:57:13.207-0300] {logging_mixin.py:188} INFO - [2025-10-27T21:57:13.207-0300] {dagbag.py:545} INFO - Filling up the DagBag from /home/joaosousa/projects/spotify-project/venv/lib/python3.12/site-packages/airflow/example_dags/example_bash_operator.py
[2025-10-27T21:57:13.216-0300] {processor.py:840} INFO - DAG(s) 'example_bash_operator' retrieved from /home/joaosousa/projects/spotify-project/venv/lib/python3.12/site-packages/airflow/example_dags/example_bash_operator.py
[2025-10-27T21:57:13.231-0300] {logging_mixin.py:188} INFO - [2025-10-27T21:57:13.231-0300] {dag.py:3096} INFO - Sync 1 DAGs
[2025-10-27T21:57:13.244-0300] {logging_mixin.py:188} INFO - [2025-10-27T21:57:13.243-0300] {dag.py:3954} INFO - Setting next_dagrun for example_bash_operator to 2025-10-27 00:00:00+00:00, run_after=2025-10-28 00:00:00+00:00
[2025-10-27T21:57:13.257-0300] {processor.py:183} INFO - Processing /home/joaosousa/projects/spotify-project/venv/lib/python3.12/site-packages/airflow/example_dags/example_bash_operator.py took 0.058 seconds
[2025-10-27T21:58:12.659-0300] {processor.py:161} INFO - Started process (PID=4669) to work on /home/joaosousa/projects/spotify-project/venv/lib/python3.12/site-packages/airflow/example_dags/example_bash_operator.py
[2025-10-27T21:58:12.661-0300] {processor.py:830} INFO - Processing file /home/joaosousa/projects/spotify-project/venv/lib/python3.12/site-packages/airflow/example_dags/example_bash_operator.py for tasks to queue
[2025-10-27T21:58:12.662-0300] {logging_mixin.py:188} INFO - [2025-10-27T21:58:12.662-0300] {dagbag.py:545} INFO - Filling up the DagBag from /home/joaosousa/projects/spotify-project/venv/lib/python3.12/site-packages/airflow/example_dags/example_bash_operator.py
[2025-10-27T21:58:12.671-0300] {processor.py:840} INFO - DAG(s) 'example_bash_operator' retrieved from /home/joaosousa/projects/spotify-project/venv/lib/python3.12/site-packages/airflow/example_dags/example_bash_operator.py
[2025-10-27T21:58:12.686-0300] {logging_mixin.py:188} INFO - [2025-10-27T21:58:12.686-0300] {dag.py:3096} INFO - Sync 1 DAGs
[2025-10-27T21:58:12.699-0300] {logging_mixin.py:188} INFO - [2025-10-27T21:58:12.699-0300] {dag.py:3954} INFO - Setting next_dagrun for example_bash_operator to 2025-10-27 00:00:00+00:00, run_after=2025-10-28 00:00:00+00:00
[2025-10-27T21:58:12.714-0300] {processor.py:183} INFO - Processing /home/joaosousa/projects/spotify-project/venv/lib/python3.12/site-packages/airflow/example_dags/example_bash_operator.py took 0.059 seconds
[2025-10-27T21:59:11.333-0300] {processor.py:161} INFO - Started process (PID=4765) to work on /home/joaosousa/projects/spotify-project/venv/lib/python3.12/site-packages/airflow/example_dags/example_bash_operator.py
[2025-10-27T21:59:11.335-0300] {processor.py:830} INFO - Processing file /home/joaosousa/projects/spotify-project/venv/lib/python3.12/site-packages/airflow/example_dags/example_bash_operator.py for tasks to queue
[2025-10-27T21:59:11.336-0300] {logging_mixin.py:188} INFO - [2025-10-27T21:59:11.336-0300] {dagbag.py:545} INFO - Filling up the DagBag from /home/joaosousa/projects/spotify-project/venv/lib/python3.12/site-packages/airflow/example_dags/example_bash_operator.py
[2025-10-27T21:59:11.344-0300] {processor.py:840} INFO - DAG(s) 'example_bash_operator' retrieved from /home/joaosousa/projects/spotify-project/venv/lib/python3.12/site-packages/airflow/example_dags/example_bash_operator.py
[2025-10-27T21:59:11.358-0300] {logging_mixin.py:188} INFO - [2025-10-27T21:59:11.358-0300] {dag.py:3096} INFO - Sync 1 DAGs
[2025-10-27T21:59:11.371-0300] {logging_mixin.py:188} INFO - [2025-10-27T21:59:11.371-0300] {dag.py:3954} INFO - Setting next_dagrun for example_bash_operator to 2025-10-27 00:00:00+00:00, run_after=2025-10-28 00:00:00+00:00
[2025-10-27T21:59:11.385-0300] {processor.py:183} INFO - Processing /home/joaosousa/projects/spotify-project/venv/lib/python3.12/site-packages/airflow/example_dags/example_bash_operator.py took 0.056 seconds
[2025-10-27T22:00:17.951-0300] {processor.py:161} INFO - Started process (PID=4902) to work on /home/joaosousa/projects/spotify-project/venv/lib/python3.12/site-packages/airflow/example_dags/example_bash_operator.py
[2025-10-27T22:00:17.953-0300] {processor.py:830} INFO - Processing file /home/joaosousa/projects/spotify-project/venv/lib/python3.12/site-packages/airflow/example_dags/example_bash_operator.py for tasks to queue
[2025-10-27T22:00:17.955-0300] {logging_mixin.py:188} INFO - [2025-10-27T22:00:17.955-0300] {dagbag.py:545} INFO - Filling up the DagBag from /home/joaosousa/projects/spotify-project/venv/lib/python3.12/site-packages/airflow/example_dags/example_bash_operator.py
[2025-10-27T22:00:17.963-0300] {processor.py:840} INFO - DAG(s) 'example_bash_operator' retrieved from /home/joaosousa/projects/spotify-project/venv/lib/python3.12/site-packages/airflow/example_dags/example_bash_operator.py
[2025-10-27T22:00:17.977-0300] {logging_mixin.py:188} INFO - [2025-10-27T22:00:17.977-0300] {dag.py:3096} INFO - Sync 1 DAGs
[2025-10-27T22:00:17.990-0300] {logging_mixin.py:188} INFO - [2025-10-27T22:00:17.990-0300] {dag.py:3954} INFO - Setting next_dagrun for example_bash_operator to 2025-10-27 00:00:00+00:00, run_after=2025-10-28 00:00:00+00:00
[2025-10-27T22:00:18.005-0300] {processor.py:183} INFO - Processing /home/joaosousa/projects/spotify-project/venv/lib/python3.12/site-packages/airflow/example_dags/example_bash_operator.py took 0.059 seconds
[2025-10-27T22:01:20.461-0300] {processor.py:161} INFO - Started process (PID=4997) to work on /home/joaosousa/projects/spotify-project/venv/lib/python3.12/site-packages/airflow/example_dags/example_bash_operator.py
[2025-10-27T22:01:20.462-0300] {processor.py:830} INFO - Processing file /home/joaosousa/projects/spotify-project/venv/lib/python3.12/site-packages/airflow/example_dags/example_bash_operator.py for tasks to queue
[2025-10-27T22:01:20.463-0300] {logging_mixin.py:188} INFO - [2025-10-27T22:01:20.463-0300] {dagbag.py:545} INFO - Filling up the DagBag from /home/joaosousa/projects/spotify-project/venv/lib/python3.12/site-packages/airflow/example_dags/example_bash_operator.py
[2025-10-27T22:01:20.472-0300] {processor.py:840} INFO - DAG(s) 'example_bash_operator' retrieved from /home/joaosousa/projects/spotify-project/venv/lib/python3.12/site-packages/airflow/example_dags/example_bash_operator.py
[2025-10-27T22:01:20.486-0300] {logging_mixin.py:188} INFO - [2025-10-27T22:01:20.486-0300] {dag.py:3096} INFO - Sync 1 DAGs
[2025-10-27T22:01:20.498-0300] {logging_mixin.py:188} INFO - [2025-10-27T22:01:20.498-0300] {dag.py:3954} INFO - Setting next_dagrun for example_bash_operator to 2025-10-27 00:00:00+00:00, run_after=2025-10-28 00:00:00+00:00
[2025-10-27T22:01:20.514-0300] {processor.py:183} INFO - Processing /home/joaosousa/projects/spotify-project/venv/lib/python3.12/site-packages/airflow/example_dags/example_bash_operator.py took 0.057 seconds
[2025-10-27T22:02:18.429-0300] {processor.py:161} INFO - Started process (PID=5119) to work on /home/joaosousa/projects/spotify-project/venv/lib/python3.12/site-packages/airflow/example_dags/example_bash_operator.py
[2025-10-27T22:02:18.431-0300] {processor.py:830} INFO - Processing file /home/joaosousa/projects/spotify-project/venv/lib/python3.12/site-packages/airflow/example_dags/example_bash_operator.py for tasks to queue
[2025-10-27T22:02:18.432-0300] {logging_mixin.py:188} INFO - [2025-10-27T22:02:18.432-0300] {dagbag.py:545} INFO - Filling up the DagBag from /home/joaosousa/projects/spotify-project/venv/lib/python3.12/site-packages/airflow/example_dags/example_bash_operator.py
[2025-10-27T22:02:18.440-0300] {processor.py:840} INFO - DAG(s) 'example_bash_operator' retrieved from /home/joaosousa/projects/spotify-project/venv/lib/python3.12/site-packages/airflow/example_dags/example_bash_operator.py
[2025-10-27T22:02:18.456-0300] {logging_mixin.py:188} INFO - [2025-10-27T22:02:18.456-0300] {dag.py:3096} INFO - Sync 1 DAGs
[2025-10-27T22:02:18.468-0300] {logging_mixin.py:188} INFO - [2025-10-27T22:02:18.468-0300] {dag.py:3954} INFO - Setting next_dagrun for example_bash_operator to 2025-10-27 00:00:00+00:00, run_after=2025-10-28 00:00:00+00:00
[2025-10-27T22:02:18.483-0300] {processor.py:183} INFO - Processing /home/joaosousa/projects/spotify-project/venv/lib/python3.12/site-packages/airflow/example_dags/example_bash_operator.py took 0.058 seconds
[2025-10-27T22:03:23.359-0300] {processor.py:161} INFO - Started process (PID=5217) to work on /home/joaosousa/projects/spotify-project/venv/lib/python3.12/site-packages/airflow/example_dags/example_bash_operator.py
[2025-10-27T22:03:23.362-0300] {processor.py:830} INFO - Processing file /home/joaosousa/projects/spotify-project/venv/lib/python3.12/site-packages/airflow/example_dags/example_bash_operator.py for tasks to queue
[2025-10-27T22:03:23.363-0300] {logging_mixin.py:188} INFO - [2025-10-27T22:03:23.363-0300] {dagbag.py:545} INFO - Filling up the DagBag from /home/joaosousa/projects/spotify-project/venv/lib/python3.12/site-packages/airflow/example_dags/example_bash_operator.py
[2025-10-27T22:03:23.371-0300] {processor.py:840} INFO - DAG(s) 'example_bash_operator' retrieved from /home/joaosousa/projects/spotify-project/venv/lib/python3.12/site-packages/airflow/example_dags/example_bash_operator.py
[2025-10-27T22:03:23.385-0300] {logging_mixin.py:188} INFO - [2025-10-27T22:03:23.385-0300] {dag.py:3096} INFO - Sync 1 DAGs
[2025-10-27T22:03:23.398-0300] {logging_mixin.py:188} INFO - [2025-10-27T22:03:23.398-0300] {dag.py:3954} INFO - Setting next_dagrun for example_bash_operator to 2025-10-27 00:00:00+00:00, run_after=2025-10-28 00:00:00+00:00
[2025-10-27T22:03:23.414-0300] {processor.py:183} INFO - Processing /home/joaosousa/projects/spotify-project/venv/lib/python3.12/site-packages/airflow/example_dags/example_bash_operator.py took 0.058 seconds
[2025-10-27T22:04:20.193-0300] {processor.py:161} INFO - Started process (PID=5329) to work on /home/joaosousa/projects/spotify-project/venv/lib/python3.12/site-packages/airflow/example_dags/example_bash_operator.py
[2025-10-27T22:04:20.194-0300] {processor.py:830} INFO - Processing file /home/joaosousa/projects/spotify-project/venv/lib/python3.12/site-packages/airflow/example_dags/example_bash_operator.py for tasks to queue
[2025-10-27T22:04:20.196-0300] {logging_mixin.py:188} INFO - [2025-10-27T22:04:20.195-0300] {dagbag.py:545} INFO - Filling up the DagBag from /home/joaosousa/projects/spotify-project/venv/lib/python3.12/site-packages/airflow/example_dags/example_bash_operator.py
[2025-10-27T22:04:20.205-0300] {processor.py:840} INFO - DAG(s) 'example_bash_operator' retrieved from /home/joaosousa/projects/spotify-project/venv/lib/python3.12/site-packages/airflow/example_dags/example_bash_operator.py
[2025-10-27T22:04:20.220-0300] {logging_mixin.py:188} INFO - [2025-10-27T22:04:20.220-0300] {dag.py:3096} INFO - Sync 1 DAGs
[2025-10-27T22:04:20.234-0300] {logging_mixin.py:188} INFO - [2025-10-27T22:04:20.234-0300] {dag.py:3954} INFO - Setting next_dagrun for example_bash_operator to 2025-10-27 00:00:00+00:00, run_after=2025-10-28 00:00:00+00:00
[2025-10-27T22:04:20.250-0300] {processor.py:183} INFO - Processing /home/joaosousa/projects/spotify-project/venv/lib/python3.12/site-packages/airflow/example_dags/example_bash_operator.py took 0.062 seconds
[2025-10-27T22:05:18.179-0300] {processor.py:161} INFO - Started process (PID=5423) to work on /home/joaosousa/projects/spotify-project/venv/lib/python3.12/site-packages/airflow/example_dags/example_bash_operator.py
[2025-10-27T22:05:18.180-0300] {processor.py:830} INFO - Processing file /home/joaosousa/projects/spotify-project/venv/lib/python3.12/site-packages/airflow/example_dags/example_bash_operator.py for tasks to queue
[2025-10-27T22:05:18.182-0300] {logging_mixin.py:188} INFO - [2025-10-27T22:05:18.181-0300] {dagbag.py:545} INFO - Filling up the DagBag from /home/joaosousa/projects/spotify-project/venv/lib/python3.12/site-packages/airflow/example_dags/example_bash_operator.py
[2025-10-27T22:05:18.190-0300] {processor.py:840} INFO - DAG(s) 'example_bash_operator' retrieved from /home/joaosousa/projects/spotify-project/venv/lib/python3.12/site-packages/airflow/example_dags/example_bash_operator.py
[2025-10-27T22:05:18.205-0300] {logging_mixin.py:188} INFO - [2025-10-27T22:05:18.205-0300] {dag.py:3096} INFO - Sync 1 DAGs
[2025-10-27T22:05:18.219-0300] {logging_mixin.py:188} INFO - [2025-10-27T22:05:18.219-0300] {dag.py:3954} INFO - Setting next_dagrun for example_bash_operator to 2025-10-27 00:00:00+00:00, run_after=2025-10-28 00:00:00+00:00
[2025-10-27T22:05:18.233-0300] {processor.py:183} INFO - Processing /home/joaosousa/projects/spotify-project/venv/lib/python3.12/site-packages/airflow/example_dags/example_bash_operator.py took 0.059 seconds
[2025-10-27T22:06:18.468-0300] {processor.py:161} INFO - Started process (PID=5533) to work on /home/joaosousa/projects/spotify-project/venv/lib/python3.12/site-packages/airflow/example_dags/example_bash_operator.py
[2025-10-27T22:06:18.470-0300] {processor.py:830} INFO - Processing file /home/joaosousa/projects/spotify-project/venv/lib/python3.12/site-packages/airflow/example_dags/example_bash_operator.py for tasks to queue
[2025-10-27T22:06:18.472-0300] {logging_mixin.py:188} INFO - [2025-10-27T22:06:18.472-0300] {dagbag.py:545} INFO - Filling up the DagBag from /home/joaosousa/projects/spotify-project/venv/lib/python3.12/site-packages/airflow/example_dags/example_bash_operator.py
[2025-10-27T22:06:18.482-0300] {processor.py:840} INFO - DAG(s) 'example_bash_operator' retrieved from /home/joaosousa/projects/spotify-project/venv/lib/python3.12/site-packages/airflow/example_dags/example_bash_operator.py
[2025-10-27T22:06:18.500-0300] {logging_mixin.py:188} INFO - [2025-10-27T22:06:18.500-0300] {dag.py:3096} INFO - Sync 1 DAGs
[2025-10-27T22:06:18.514-0300] {logging_mixin.py:188} INFO - [2025-10-27T22:06:18.514-0300] {dag.py:3954} INFO - Setting next_dagrun for example_bash_operator to 2025-10-27 00:00:00+00:00, run_after=2025-10-28 00:00:00+00:00
[2025-10-27T22:06:18.529-0300] {processor.py:183} INFO - Processing /home/joaosousa/projects/spotify-project/venv/lib/python3.12/site-packages/airflow/example_dags/example_bash_operator.py took 0.066 seconds
[2025-10-27T22:07:16.432-0300] {processor.py:161} INFO - Started process (PID=5635) to work on /home/joaosousa/projects/spotify-project/venv/lib/python3.12/site-packages/airflow/example_dags/example_bash_operator.py
[2025-10-27T22:07:16.434-0300] {processor.py:830} INFO - Processing file /home/joaosousa/projects/spotify-project/venv/lib/python3.12/site-packages/airflow/example_dags/example_bash_operator.py for tasks to queue
[2025-10-27T22:07:16.436-0300] {logging_mixin.py:188} INFO - [2025-10-27T22:07:16.436-0300] {dagbag.py:545} INFO - Filling up the DagBag from /home/joaosousa/projects/spotify-project/venv/lib/python3.12/site-packages/airflow/example_dags/example_bash_operator.py
[2025-10-27T22:07:16.445-0300] {processor.py:840} INFO - DAG(s) 'example_bash_operator' retrieved from /home/joaosousa/projects/spotify-project/venv/lib/python3.12/site-packages/airflow/example_dags/example_bash_operator.py
[2025-10-27T22:07:16.466-0300] {logging_mixin.py:188} INFO - [2025-10-27T22:07:16.466-0300] {dag.py:3096} INFO - Sync 1 DAGs
[2025-10-27T22:07:16.480-0300] {logging_mixin.py:188} INFO - [2025-10-27T22:07:16.480-0300] {dag.py:3954} INFO - Setting next_dagrun for example_bash_operator to 2025-10-27 00:00:00+00:00, run_after=2025-10-28 00:00:00+00:00
[2025-10-27T22:07:16.497-0300] {processor.py:183} INFO - Processing /home/joaosousa/projects/spotify-project/venv/lib/python3.12/site-packages/airflow/example_dags/example_bash_operator.py took 0.069 seconds
[2025-10-27T22:08:15.588-0300] {processor.py:161} INFO - Started process (PID=5745) to work on /home/joaosousa/projects/spotify-project/venv/lib/python3.12/site-packages/airflow/example_dags/example_bash_operator.py
[2025-10-27T22:08:15.590-0300] {processor.py:830} INFO - Processing file /home/joaosousa/projects/spotify-project/venv/lib/python3.12/site-packages/airflow/example_dags/example_bash_operator.py for tasks to queue
[2025-10-27T22:08:15.591-0300] {logging_mixin.py:188} INFO - [2025-10-27T22:08:15.591-0300] {dagbag.py:545} INFO - Filling up the DagBag from /home/joaosousa/projects/spotify-project/venv/lib/python3.12/site-packages/airflow/example_dags/example_bash_operator.py
[2025-10-27T22:08:15.599-0300] {processor.py:840} INFO - DAG(s) 'example_bash_operator' retrieved from /home/joaosousa/projects/spotify-project/venv/lib/python3.12/site-packages/airflow/example_dags/example_bash_operator.py
[2025-10-27T22:08:15.616-0300] {logging_mixin.py:188} INFO - [2025-10-27T22:08:15.615-0300] {dag.py:3096} INFO - Sync 1 DAGs
[2025-10-27T22:08:15.630-0300] {logging_mixin.py:188} INFO - [2025-10-27T22:08:15.629-0300] {dag.py:3954} INFO - Setting next_dagrun for example_bash_operator to 2025-10-27 00:00:00+00:00, run_after=2025-10-28 00:00:00+00:00
[2025-10-27T22:08:15.644-0300] {processor.py:183} INFO - Processing /home/joaosousa/projects/spotify-project/venv/lib/python3.12/site-packages/airflow/example_dags/example_bash_operator.py took 0.061 seconds
[2025-10-27T22:09:16.937-0300] {processor.py:161} INFO - Started process (PID=5834) to work on /home/joaosousa/projects/spotify-project/venv/lib/python3.12/site-packages/airflow/example_dags/example_bash_operator.py
[2025-10-27T22:09:16.939-0300] {processor.py:830} INFO - Processing file /home/joaosousa/projects/spotify-project/venv/lib/python3.12/site-packages/airflow/example_dags/example_bash_operator.py for tasks to queue
[2025-10-27T22:09:16.941-0300] {logging_mixin.py:188} INFO - [2025-10-27T22:09:16.940-0300] {dagbag.py:545} INFO - Filling up the DagBag from /home/joaosousa/projects/spotify-project/venv/lib/python3.12/site-packages/airflow/example_dags/example_bash_operator.py
[2025-10-27T22:09:16.950-0300] {processor.py:840} INFO - DAG(s) 'example_bash_operator' retrieved from /home/joaosousa/projects/spotify-project/venv/lib/python3.12/site-packages/airflow/example_dags/example_bash_operator.py
[2025-10-27T22:09:16.967-0300] {logging_mixin.py:188} INFO - [2025-10-27T22:09:16.967-0300] {dag.py:3096} INFO - Sync 1 DAGs
[2025-10-27T22:09:16.980-0300] {logging_mixin.py:188} INFO - [2025-10-27T22:09:16.980-0300] {dag.py:3954} INFO - Setting next_dagrun for example_bash_operator to 2025-10-27 00:00:00+00:00, run_after=2025-10-28 00:00:00+00:00
[2025-10-27T22:09:16.996-0300] {processor.py:183} INFO - Processing /home/joaosousa/projects/spotify-project/venv/lib/python3.12/site-packages/airflow/example_dags/example_bash_operator.py took 0.064 seconds
[2025-10-27T22:10:16.764-0300] {processor.py:161} INFO - Started process (PID=5943) to work on /home/joaosousa/projects/spotify-project/venv/lib/python3.12/site-packages/airflow/example_dags/example_bash_operator.py
[2025-10-27T22:10:16.765-0300] {processor.py:830} INFO - Processing file /home/joaosousa/projects/spotify-project/venv/lib/python3.12/site-packages/airflow/example_dags/example_bash_operator.py for tasks to queue
[2025-10-27T22:10:16.767-0300] {logging_mixin.py:188} INFO - [2025-10-27T22:10:16.767-0300] {dagbag.py:545} INFO - Filling up the DagBag from /home/joaosousa/projects/spotify-project/venv/lib/python3.12/site-packages/airflow/example_dags/example_bash_operator.py
[2025-10-27T22:10:16.776-0300] {processor.py:840} INFO - DAG(s) 'example_bash_operator' retrieved from /home/joaosousa/projects/spotify-project/venv/lib/python3.12/site-packages/airflow/example_dags/example_bash_operator.py
[2025-10-27T22:10:16.791-0300] {logging_mixin.py:188} INFO - [2025-10-27T22:10:16.791-0300] {dag.py:3096} INFO - Sync 1 DAGs
[2025-10-27T22:10:16.805-0300] {logging_mixin.py:188} INFO - [2025-10-27T22:10:16.805-0300] {dag.py:3954} INFO - Setting next_dagrun for example_bash_operator to 2025-10-27 00:00:00+00:00, run_after=2025-10-28 00:00:00+00:00
[2025-10-27T22:10:16.820-0300] {processor.py:183} INFO - Processing /home/joaosousa/projects/spotify-project/venv/lib/python3.12/site-packages/airflow/example_dags/example_bash_operator.py took 0.061 seconds
[2025-10-27T22:11:13.231-0300] {processor.py:161} INFO - Started process (PID=6028) to work on /home/joaosousa/projects/spotify-project/venv/lib/python3.12/site-packages/airflow/example_dags/example_bash_operator.py
[2025-10-27T22:11:13.233-0300] {processor.py:830} INFO - Processing file /home/joaosousa/projects/spotify-project/venv/lib/python3.12/site-packages/airflow/example_dags/example_bash_operator.py for tasks to queue
[2025-10-27T22:11:13.235-0300] {logging_mixin.py:188} INFO - [2025-10-27T22:11:13.234-0300] {dagbag.py:545} INFO - Filling up the DagBag from /home/joaosousa/projects/spotify-project/venv/lib/python3.12/site-packages/airflow/example_dags/example_bash_operator.py
[2025-10-27T22:11:13.244-0300] {processor.py:840} INFO - DAG(s) 'example_bash_operator' retrieved from /home/joaosousa/projects/spotify-project/venv/lib/python3.12/site-packages/airflow/example_dags/example_bash_operator.py
[2025-10-27T22:11:13.260-0300] {logging_mixin.py:188} INFO - [2025-10-27T22:11:13.260-0300] {dag.py:3096} INFO - Sync 1 DAGs
[2025-10-27T22:11:13.275-0300] {logging_mixin.py:188} INFO - [2025-10-27T22:11:13.275-0300] {dag.py:3954} INFO - Setting next_dagrun for example_bash_operator to 2025-10-27 00:00:00+00:00, run_after=2025-10-28 00:00:00+00:00
[2025-10-27T22:11:13.291-0300] {processor.py:183} INFO - Processing /home/joaosousa/projects/spotify-project/venv/lib/python3.12/site-packages/airflow/example_dags/example_bash_operator.py took 0.064 seconds
[2025-10-27T22:12:10.641-0300] {processor.py:161} INFO - Started process (PID=6138) to work on /home/joaosousa/projects/spotify-project/venv/lib/python3.12/site-packages/airflow/example_dags/example_bash_operator.py
[2025-10-27T22:12:10.642-0300] {processor.py:830} INFO - Processing file /home/joaosousa/projects/spotify-project/venv/lib/python3.12/site-packages/airflow/example_dags/example_bash_operator.py for tasks to queue
[2025-10-27T22:12:10.644-0300] {logging_mixin.py:188} INFO - [2025-10-27T22:12:10.644-0300] {dagbag.py:545} INFO - Filling up the DagBag from /home/joaosousa/projects/spotify-project/venv/lib/python3.12/site-packages/airflow/example_dags/example_bash_operator.py
[2025-10-27T22:12:10.653-0300] {processor.py:840} INFO - DAG(s) 'example_bash_operator' retrieved from /home/joaosousa/projects/spotify-project/venv/lib/python3.12/site-packages/airflow/example_dags/example_bash_operator.py
[2025-10-27T22:12:10.670-0300] {logging_mixin.py:188} INFO - [2025-10-27T22:12:10.670-0300] {dag.py:3096} INFO - Sync 1 DAGs
[2025-10-27T22:12:10.684-0300] {logging_mixin.py:188} INFO - [2025-10-27T22:12:10.683-0300] {dag.py:3954} INFO - Setting next_dagrun for example_bash_operator to 2025-10-27 00:00:00+00:00, run_after=2025-10-28 00:00:00+00:00
[2025-10-27T22:12:10.700-0300] {processor.py:183} INFO - Processing /home/joaosousa/projects/spotify-project/venv/lib/python3.12/site-packages/airflow/example_dags/example_bash_operator.py took 0.063 seconds
[2025-10-27T22:13:08.480-0300] {processor.py:161} INFO - Started process (PID=6244) to work on /home/joaosousa/projects/spotify-project/venv/lib/python3.12/site-packages/airflow/example_dags/example_bash_operator.py
[2025-10-27T22:13:08.482-0300] {processor.py:830} INFO - Processing file /home/joaosousa/projects/spotify-project/venv/lib/python3.12/site-packages/airflow/example_dags/example_bash_operator.py for tasks to queue
[2025-10-27T22:13:08.484-0300] {logging_mixin.py:188} INFO - [2025-10-27T22:13:08.483-0300] {dagbag.py:545} INFO - Filling up the DagBag from /home/joaosousa/projects/spotify-project/venv/lib/python3.12/site-packages/airflow/example_dags/example_bash_operator.py
[2025-10-27T22:13:08.492-0300] {processor.py:840} INFO - DAG(s) 'example_bash_operator' retrieved from /home/joaosousa/projects/spotify-project/venv/lib/python3.12/site-packages/airflow/example_dags/example_bash_operator.py
[2025-10-27T22:13:08.506-0300] {logging_mixin.py:188} INFO - [2025-10-27T22:13:08.506-0300] {dag.py:3096} INFO - Sync 1 DAGs
[2025-10-27T22:13:08.518-0300] {logging_mixin.py:188} INFO - [2025-10-27T22:13:08.518-0300] {dag.py:3954} INFO - Setting next_dagrun for example_bash_operator to 2025-10-27 00:00:00+00:00, run_after=2025-10-28 00:00:00+00:00
[2025-10-27T22:13:08.534-0300] {processor.py:183} INFO - Processing /home/joaosousa/projects/spotify-project/venv/lib/python3.12/site-packages/airflow/example_dags/example_bash_operator.py took 0.058 seconds
[2025-10-27T22:14:10.049-0300] {processor.py:161} INFO - Started process (PID=6355) to work on /home/joaosousa/projects/spotify-project/venv/lib/python3.12/site-packages/airflow/example_dags/example_bash_operator.py
[2025-10-27T22:14:10.051-0300] {processor.py:830} INFO - Processing file /home/joaosousa/projects/spotify-project/venv/lib/python3.12/site-packages/airflow/example_dags/example_bash_operator.py for tasks to queue
[2025-10-27T22:14:10.052-0300] {logging_mixin.py:188} INFO - [2025-10-27T22:14:10.052-0300] {dagbag.py:545} INFO - Filling up the DagBag from /home/joaosousa/projects/spotify-project/venv/lib/python3.12/site-packages/airflow/example_dags/example_bash_operator.py
[2025-10-27T22:14:10.060-0300] {processor.py:840} INFO - DAG(s) 'example_bash_operator' retrieved from /home/joaosousa/projects/spotify-project/venv/lib/python3.12/site-packages/airflow/example_dags/example_bash_operator.py
[2025-10-27T22:14:10.075-0300] {logging_mixin.py:188} INFO - [2025-10-27T22:14:10.075-0300] {dag.py:3096} INFO - Sync 1 DAGs
[2025-10-27T22:14:10.089-0300] {logging_mixin.py:188} INFO - [2025-10-27T22:14:10.088-0300] {dag.py:3954} INFO - Setting next_dagrun for example_bash_operator to 2025-10-27 00:00:00+00:00, run_after=2025-10-28 00:00:00+00:00
[2025-10-27T22:14:10.103-0300] {processor.py:183} INFO - Processing /home/joaosousa/projects/spotify-project/venv/lib/python3.12/site-packages/airflow/example_dags/example_bash_operator.py took 0.059 seconds
[2025-10-27T22:15:14.704-0300] {processor.py:161} INFO - Started process (PID=6445) to work on /home/joaosousa/projects/spotify-project/venv/lib/python3.12/site-packages/airflow/example_dags/example_bash_operator.py
[2025-10-27T22:15:14.705-0300] {processor.py:830} INFO - Processing file /home/joaosousa/projects/spotify-project/venv/lib/python3.12/site-packages/airflow/example_dags/example_bash_operator.py for tasks to queue
[2025-10-27T22:15:14.706-0300] {logging_mixin.py:188} INFO - [2025-10-27T22:15:14.705-0300] {dagbag.py:545} INFO - Filling up the DagBag from /home/joaosousa/projects/spotify-project/venv/lib/python3.12/site-packages/airflow/example_dags/example_bash_operator.py
[2025-10-27T22:15:14.714-0300] {processor.py:840} INFO - DAG(s) 'example_bash_operator' retrieved from /home/joaosousa/projects/spotify-project/venv/lib/python3.12/site-packages/airflow/example_dags/example_bash_operator.py
[2025-10-27T22:15:14.728-0300] {logging_mixin.py:188} INFO - [2025-10-27T22:15:14.728-0300] {dag.py:3096} INFO - Sync 1 DAGs
[2025-10-27T22:15:14.740-0300] {logging_mixin.py:188} INFO - [2025-10-27T22:15:14.740-0300] {dag.py:3954} INFO - Setting next_dagrun for example_bash_operator to 2025-10-27 00:00:00+00:00, run_after=2025-10-28 00:00:00+00:00
[2025-10-27T22:15:14.754-0300] {processor.py:183} INFO - Processing /home/joaosousa/projects/spotify-project/venv/lib/python3.12/site-packages/airflow/example_dags/example_bash_operator.py took 0.055 seconds
[2025-10-27T22:16:13.010-0300] {processor.py:161} INFO - Started process (PID=6573) to work on /home/joaosousa/projects/spotify-project/venv/lib/python3.12/site-packages/airflow/example_dags/example_bash_operator.py
[2025-10-27T22:16:13.033-0300] {processor.py:830} INFO - Processing file /home/joaosousa/projects/spotify-project/venv/lib/python3.12/site-packages/airflow/example_dags/example_bash_operator.py for tasks to queue
[2025-10-27T22:16:13.035-0300] {logging_mixin.py:188} INFO - [2025-10-27T22:16:13.035-0300] {dagbag.py:545} INFO - Filling up the DagBag from /home/joaosousa/projects/spotify-project/venv/lib/python3.12/site-packages/airflow/example_dags/example_bash_operator.py
[2025-10-27T22:16:13.043-0300] {processor.py:840} INFO - DAG(s) 'example_bash_operator' retrieved from /home/joaosousa/projects/spotify-project/venv/lib/python3.12/site-packages/airflow/example_dags/example_bash_operator.py
[2025-10-27T22:16:13.058-0300] {logging_mixin.py:188} INFO - [2025-10-27T22:16:13.058-0300] {dag.py:3096} INFO - Sync 1 DAGs
[2025-10-27T22:16:13.071-0300] {logging_mixin.py:188} INFO - [2025-10-27T22:16:13.070-0300] {dag.py:3954} INFO - Setting next_dagrun for example_bash_operator to 2025-10-27 00:00:00+00:00, run_after=2025-10-28 00:00:00+00:00
[2025-10-27T22:16:13.086-0300] {processor.py:183} INFO - Processing /home/joaosousa/projects/spotify-project/venv/lib/python3.12/site-packages/airflow/example_dags/example_bash_operator.py took 0.080 seconds
[2025-10-27T22:17:12.133-0300] {processor.py:161} INFO - Started process (PID=6673) to work on /home/joaosousa/projects/spotify-project/venv/lib/python3.12/site-packages/airflow/example_dags/example_bash_operator.py
[2025-10-27T22:17:12.135-0300] {processor.py:830} INFO - Processing file /home/joaosousa/projects/spotify-project/venv/lib/python3.12/site-packages/airflow/example_dags/example_bash_operator.py for tasks to queue
[2025-10-27T22:17:12.136-0300] {logging_mixin.py:188} INFO - [2025-10-27T22:17:12.136-0300] {dagbag.py:545} INFO - Filling up the DagBag from /home/joaosousa/projects/spotify-project/venv/lib/python3.12/site-packages/airflow/example_dags/example_bash_operator.py
[2025-10-27T22:17:12.144-0300] {processor.py:840} INFO - DAG(s) 'example_bash_operator' retrieved from /home/joaosousa/projects/spotify-project/venv/lib/python3.12/site-packages/airflow/example_dags/example_bash_operator.py
[2025-10-27T22:17:12.158-0300] {logging_mixin.py:188} INFO - [2025-10-27T22:17:12.158-0300] {dag.py:3096} INFO - Sync 1 DAGs
[2025-10-27T22:17:12.170-0300] {logging_mixin.py:188} INFO - [2025-10-27T22:17:12.170-0300] {dag.py:3954} INFO - Setting next_dagrun for example_bash_operator to 2025-10-27 00:00:00+00:00, run_after=2025-10-28 00:00:00+00:00
[2025-10-27T22:17:12.184-0300] {processor.py:183} INFO - Processing /home/joaosousa/projects/spotify-project/venv/lib/python3.12/site-packages/airflow/example_dags/example_bash_operator.py took 0.055 seconds
[2025-10-27T22:18:14.718-0300] {processor.py:161} INFO - Started process (PID=6793) to work on /home/joaosousa/projects/spotify-project/venv/lib/python3.12/site-packages/airflow/example_dags/example_bash_operator.py
[2025-10-27T22:18:14.720-0300] {processor.py:830} INFO - Processing file /home/joaosousa/projects/spotify-project/venv/lib/python3.12/site-packages/airflow/example_dags/example_bash_operator.py for tasks to queue
[2025-10-27T22:18:14.722-0300] {logging_mixin.py:188} INFO - [2025-10-27T22:18:14.722-0300] {dagbag.py:545} INFO - Filling up the DagBag from /home/joaosousa/projects/spotify-project/venv/lib/python3.12/site-packages/airflow/example_dags/example_bash_operator.py
[2025-10-27T22:18:14.730-0300] {processor.py:840} INFO - DAG(s) 'example_bash_operator' retrieved from /home/joaosousa/projects/spotify-project/venv/lib/python3.12/site-packages/airflow/example_dags/example_bash_operator.py
[2025-10-27T22:18:14.744-0300] {logging_mixin.py:188} INFO - [2025-10-27T22:18:14.744-0300] {dag.py:3096} INFO - Sync 1 DAGs
[2025-10-27T22:18:14.756-0300] {logging_mixin.py:188} INFO - [2025-10-27T22:18:14.756-0300] {dag.py:3954} INFO - Setting next_dagrun for example_bash_operator to 2025-10-27 00:00:00+00:00, run_after=2025-10-28 00:00:00+00:00
[2025-10-27T22:18:14.770-0300] {processor.py:183} INFO - Processing /home/joaosousa/projects/spotify-project/venv/lib/python3.12/site-packages/airflow/example_dags/example_bash_operator.py took 0.057 seconds
[2025-10-27T22:19:14.497-0300] {processor.py:161} INFO - Started process (PID=6895) to work on /home/joaosousa/projects/spotify-project/venv/lib/python3.12/site-packages/airflow/example_dags/example_bash_operator.py
[2025-10-27T22:19:14.498-0300] {processor.py:830} INFO - Processing file /home/joaosousa/projects/spotify-project/venv/lib/python3.12/site-packages/airflow/example_dags/example_bash_operator.py for tasks to queue
[2025-10-27T22:19:14.500-0300] {logging_mixin.py:188} INFO - [2025-10-27T22:19:14.499-0300] {dagbag.py:545} INFO - Filling up the DagBag from /home/joaosousa/projects/spotify-project/venv/lib/python3.12/site-packages/airflow/example_dags/example_bash_operator.py
[2025-10-27T22:19:14.508-0300] {processor.py:840} INFO - DAG(s) 'example_bash_operator' retrieved from /home/joaosousa/projects/spotify-project/venv/lib/python3.12/site-packages/airflow/example_dags/example_bash_operator.py
[2025-10-27T22:19:14.522-0300] {logging_mixin.py:188} INFO - [2025-10-27T22:19:14.522-0300] {dag.py:3096} INFO - Sync 1 DAGs
[2025-10-27T22:19:14.535-0300] {logging_mixin.py:188} INFO - [2025-10-27T22:19:14.535-0300] {dag.py:3954} INFO - Setting next_dagrun for example_bash_operator to 2025-10-27 00:00:00+00:00, run_after=2025-10-28 00:00:00+00:00
[2025-10-27T22:19:14.550-0300] {processor.py:183} INFO - Processing /home/joaosousa/projects/spotify-project/venv/lib/python3.12/site-packages/airflow/example_dags/example_bash_operator.py took 0.057 seconds
[2025-10-27T22:20:09.782-0300] {processor.py:161} INFO - Started process (PID=7003) to work on /home/joaosousa/projects/spotify-project/venv/lib/python3.12/site-packages/airflow/example_dags/example_bash_operator.py
[2025-10-27T22:20:09.783-0300] {processor.py:830} INFO - Processing file /home/joaosousa/projects/spotify-project/venv/lib/python3.12/site-packages/airflow/example_dags/example_bash_operator.py for tasks to queue
[2025-10-27T22:20:09.784-0300] {logging_mixin.py:188} INFO - [2025-10-27T22:20:09.784-0300] {dagbag.py:545} INFO - Filling up the DagBag from /home/joaosousa/projects/spotify-project/venv/lib/python3.12/site-packages/airflow/example_dags/example_bash_operator.py
[2025-10-27T22:20:09.792-0300] {processor.py:840} INFO - DAG(s) 'example_bash_operator' retrieved from /home/joaosousa/projects/spotify-project/venv/lib/python3.12/site-packages/airflow/example_dags/example_bash_operator.py
[2025-10-27T22:20:09.806-0300] {logging_mixin.py:188} INFO - [2025-10-27T22:20:09.806-0300] {dag.py:3096} INFO - Sync 1 DAGs
[2025-10-27T22:20:09.818-0300] {logging_mixin.py:188} INFO - [2025-10-27T22:20:09.818-0300] {dag.py:3954} INFO - Setting next_dagrun for example_bash_operator to 2025-10-27 00:00:00+00:00, run_after=2025-10-28 00:00:00+00:00
[2025-10-27T22:20:09.833-0300] {processor.py:183} INFO - Processing /home/joaosousa/projects/spotify-project/venv/lib/python3.12/site-packages/airflow/example_dags/example_bash_operator.py took 0.055 seconds
[2025-10-27T22:21:07.357-0300] {processor.py:161} INFO - Started process (PID=7087) to work on /home/joaosousa/projects/spotify-project/venv/lib/python3.12/site-packages/airflow/example_dags/example_bash_operator.py
[2025-10-27T22:21:07.358-0300] {processor.py:830} INFO - Processing file /home/joaosousa/projects/spotify-project/venv/lib/python3.12/site-packages/airflow/example_dags/example_bash_operator.py for tasks to queue
[2025-10-27T22:21:07.359-0300] {logging_mixin.py:188} INFO - [2025-10-27T22:21:07.359-0300] {dagbag.py:545} INFO - Filling up the DagBag from /home/joaosousa/projects/spotify-project/venv/lib/python3.12/site-packages/airflow/example_dags/example_bash_operator.py
[2025-10-27T22:21:07.368-0300] {processor.py:840} INFO - DAG(s) 'example_bash_operator' retrieved from /home/joaosousa/projects/spotify-project/venv/lib/python3.12/site-packages/airflow/example_dags/example_bash_operator.py
[2025-10-27T22:21:07.382-0300] {logging_mixin.py:188} INFO - [2025-10-27T22:21:07.382-0300] {dag.py:3096} INFO - Sync 1 DAGs
[2025-10-27T22:21:07.396-0300] {logging_mixin.py:188} INFO - [2025-10-27T22:21:07.396-0300] {dag.py:3954} INFO - Setting next_dagrun for example_bash_operator to 2025-10-27 00:00:00+00:00, run_after=2025-10-28 00:00:00+00:00
[2025-10-27T22:21:07.411-0300] {processor.py:183} INFO - Processing /home/joaosousa/projects/spotify-project/venv/lib/python3.12/site-packages/airflow/example_dags/example_bash_operator.py took 0.059 seconds
[2025-10-27T22:22:09.036-0300] {processor.py:161} INFO - Started process (PID=7200) to work on /home/joaosousa/projects/spotify-project/venv/lib/python3.12/site-packages/airflow/example_dags/example_bash_operator.py
[2025-10-27T22:22:09.037-0300] {processor.py:830} INFO - Processing file /home/joaosousa/projects/spotify-project/venv/lib/python3.12/site-packages/airflow/example_dags/example_bash_operator.py for tasks to queue
[2025-10-27T22:22:09.038-0300] {logging_mixin.py:188} INFO - [2025-10-27T22:22:09.038-0300] {dagbag.py:545} INFO - Filling up the DagBag from /home/joaosousa/projects/spotify-project/venv/lib/python3.12/site-packages/airflow/example_dags/example_bash_operator.py
[2025-10-27T22:22:09.046-0300] {processor.py:840} INFO - DAG(s) 'example_bash_operator' retrieved from /home/joaosousa/projects/spotify-project/venv/lib/python3.12/site-packages/airflow/example_dags/example_bash_operator.py
[2025-10-27T22:22:09.060-0300] {logging_mixin.py:188} INFO - [2025-10-27T22:22:09.060-0300] {dag.py:3096} INFO - Sync 1 DAGs
[2025-10-27T22:22:09.072-0300] {logging_mixin.py:188} INFO - [2025-10-27T22:22:09.072-0300] {dag.py:3954} INFO - Setting next_dagrun for example_bash_operator to 2025-10-27 00:00:00+00:00, run_after=2025-10-28 00:00:00+00:00
[2025-10-27T22:22:09.086-0300] {processor.py:183} INFO - Processing /home/joaosousa/projects/spotify-project/venv/lib/python3.12/site-packages/airflow/example_dags/example_bash_operator.py took 0.054 seconds
