[2025-10-27T21:31:01.445-0300] {processor.py:161} INFO - Started process (PID=1085) to work on /home/joaosousa/projects/spotify-project/venv/lib/python3.12/site-packages/airflow/example_dags/example_xcom.py
[2025-10-27T21:31:01.445-0300] {processor.py:830} INFO - Processing file /home/joaosousa/projects/spotify-project/venv/lib/python3.12/site-packages/airflow/example_dags/example_xcom.py for tasks to queue
[2025-10-27T21:31:01.446-0300] {logging_mixin.py:188} INFO - [2025-10-27T21:31:01.446-0300] {dagbag.py:545} INFO - Filling up the DagBag from /home/joaosousa/projects/spotify-project/venv/lib/python3.12/site-packages/airflow/example_dags/example_xcom.py
[2025-10-27T21:31:01.454-0300] {processor.py:840} INFO - DAG(s) 'example_xcom' retrieved from /home/joaosousa/projects/spotify-project/venv/lib/python3.12/site-packages/airflow/example_dags/example_xcom.py
[2025-10-27T21:31:01.465-0300] {logging_mixin.py:188} INFO - [2025-10-27T21:31:01.465-0300] {dag.py:3096} INFO - Sync 1 DAGs
[2025-10-27T21:31:01.476-0300] {logging_mixin.py:188} INFO - [2025-10-27T21:31:01.476-0300] {dag.py:3954} INFO - Setting next_dagrun for example_xcom to 2021-01-01 00:00:00+00:00, run_after=2021-01-01 00:00:00+00:00
[2025-10-27T21:31:01.492-0300] {processor.py:183} INFO - Processing /home/joaosousa/projects/spotify-project/venv/lib/python3.12/site-packages/airflow/example_dags/example_xcom.py took 0.051 seconds
[2025-10-27T21:31:48.975-0300] {processor.py:161} INFO - Started process (PID=1163) to work on /home/joaosousa/projects/spotify-project/venv/lib/python3.12/site-packages/airflow/example_dags/example_xcom.py
[2025-10-27T21:31:48.977-0300] {processor.py:830} INFO - Processing file /home/joaosousa/projects/spotify-project/venv/lib/python3.12/site-packages/airflow/example_dags/example_xcom.py for tasks to queue
[2025-10-27T21:31:48.978-0300] {logging_mixin.py:188} INFO - [2025-10-27T21:31:48.978-0300] {dagbag.py:545} INFO - Filling up the DagBag from /home/joaosousa/projects/spotify-project/venv/lib/python3.12/site-packages/airflow/example_dags/example_xcom.py
[2025-10-27T21:31:48.984-0300] {processor.py:840} INFO - DAG(s) 'example_xcom' retrieved from /home/joaosousa/projects/spotify-project/venv/lib/python3.12/site-packages/airflow/example_dags/example_xcom.py
[2025-10-27T21:31:48.995-0300] {logging_mixin.py:188} INFO - [2025-10-27T21:31:48.994-0300] {dag.py:3096} INFO - Sync 1 DAGs
[2025-10-27T21:31:49.005-0300] {logging_mixin.py:188} INFO - [2025-10-27T21:31:49.005-0300] {dag.py:3954} INFO - Setting next_dagrun for example_xcom to 2021-01-01 00:00:00+00:00, run_after=2021-01-01 00:00:00+00:00
[2025-10-27T21:31:49.019-0300] {processor.py:183} INFO - Processing /home/joaosousa/projects/spotify-project/venv/lib/python3.12/site-packages/airflow/example_dags/example_xcom.py took 0.049 seconds
[2025-10-27T21:32:41.984-0300] {processor.py:161} INFO - Started process (PID=1348) to work on /home/joaosousa/projects/spotify-project/venv/lib/python3.12/site-packages/airflow/example_dags/example_xcom.py
[2025-10-27T21:32:41.986-0300] {processor.py:830} INFO - Processing file /home/joaosousa/projects/spotify-project/venv/lib/python3.12/site-packages/airflow/example_dags/example_xcom.py for tasks to queue
[2025-10-27T21:32:41.987-0300] {logging_mixin.py:188} INFO - [2025-10-27T21:32:41.987-0300] {dagbag.py:545} INFO - Filling up the DagBag from /home/joaosousa/projects/spotify-project/venv/lib/python3.12/site-packages/airflow/example_dags/example_xcom.py
[2025-10-27T21:32:41.994-0300] {processor.py:840} INFO - DAG(s) 'example_xcom' retrieved from /home/joaosousa/projects/spotify-project/venv/lib/python3.12/site-packages/airflow/example_dags/example_xcom.py
[2025-10-27T21:32:42.013-0300] {logging_mixin.py:188} INFO - [2025-10-27T21:32:42.013-0300] {dag.py:3096} INFO - Sync 1 DAGs
[2025-10-27T21:32:42.027-0300] {logging_mixin.py:188} INFO - [2025-10-27T21:32:42.027-0300] {dag.py:3954} INFO - Setting next_dagrun for example_xcom to 2021-01-01 00:00:00+00:00, run_after=2021-01-01 00:00:00+00:00
[2025-10-27T21:32:42.044-0300] {processor.py:183} INFO - Processing /home/joaosousa/projects/spotify-project/venv/lib/python3.12/site-packages/airflow/example_dags/example_xcom.py took 0.064 seconds
[2025-10-27T21:33:40.087-0300] {processor.py:161} INFO - Started process (PID=1456) to work on /home/joaosousa/projects/spotify-project/venv/lib/python3.12/site-packages/airflow/example_dags/example_xcom.py
[2025-10-27T21:33:40.089-0300] {processor.py:830} INFO - Processing file /home/joaosousa/projects/spotify-project/venv/lib/python3.12/site-packages/airflow/example_dags/example_xcom.py for tasks to queue
[2025-10-27T21:33:40.090-0300] {logging_mixin.py:188} INFO - [2025-10-27T21:33:40.089-0300] {dagbag.py:545} INFO - Filling up the DagBag from /home/joaosousa/projects/spotify-project/venv/lib/python3.12/site-packages/airflow/example_dags/example_xcom.py
[2025-10-27T21:33:40.095-0300] {processor.py:840} INFO - DAG(s) 'example_xcom' retrieved from /home/joaosousa/projects/spotify-project/venv/lib/python3.12/site-packages/airflow/example_dags/example_xcom.py
[2025-10-27T21:33:40.105-0300] {logging_mixin.py:188} INFO - [2025-10-27T21:33:40.105-0300] {dag.py:3096} INFO - Sync 1 DAGs
[2025-10-27T21:33:40.116-0300] {logging_mixin.py:188} INFO - [2025-10-27T21:33:40.116-0300] {dag.py:3954} INFO - Setting next_dagrun for example_xcom to 2021-01-01 00:00:00+00:00, run_after=2021-01-01 00:00:00+00:00
[2025-10-27T21:33:40.130-0300] {processor.py:183} INFO - Processing /home/joaosousa/projects/spotify-project/venv/lib/python3.12/site-packages/airflow/example_dags/example_xcom.py took 0.047 seconds
[2025-10-27T21:34:26.729-0300] {processor.py:161} INFO - Started process (PID=1527) to work on /home/joaosousa/projects/spotify-project/venv/lib/python3.12/site-packages/airflow/example_dags/example_xcom.py
[2025-10-27T21:34:26.730-0300] {processor.py:830} INFO - Processing file /home/joaosousa/projects/spotify-project/venv/lib/python3.12/site-packages/airflow/example_dags/example_xcom.py for tasks to queue
[2025-10-27T21:34:26.731-0300] {logging_mixin.py:188} INFO - [2025-10-27T21:34:26.731-0300] {dagbag.py:545} INFO - Filling up the DagBag from /home/joaosousa/projects/spotify-project/venv/lib/python3.12/site-packages/airflow/example_dags/example_xcom.py
[2025-10-27T21:34:26.738-0300] {processor.py:840} INFO - DAG(s) 'example_xcom' retrieved from /home/joaosousa/projects/spotify-project/venv/lib/python3.12/site-packages/airflow/example_dags/example_xcom.py
[2025-10-27T21:34:26.751-0300] {logging_mixin.py:188} INFO - [2025-10-27T21:34:26.751-0300] {dag.py:3096} INFO - Sync 1 DAGs
[2025-10-27T21:34:26.764-0300] {logging_mixin.py:188} INFO - [2025-10-27T21:34:26.764-0300] {dag.py:3954} INFO - Setting next_dagrun for example_xcom to 2021-01-01 00:00:00+00:00, run_after=2021-01-01 00:00:00+00:00
[2025-10-27T21:34:26.780-0300] {processor.py:183} INFO - Processing /home/joaosousa/projects/spotify-project/venv/lib/python3.12/site-packages/airflow/example_dags/example_xcom.py took 0.056 seconds
[2025-10-27T21:35:22.981-0300] {processor.py:161} INFO - Started process (PID=1612) to work on /home/joaosousa/projects/spotify-project/venv/lib/python3.12/site-packages/airflow/example_dags/example_xcom.py
[2025-10-27T21:35:22.983-0300] {processor.py:830} INFO - Processing file /home/joaosousa/projects/spotify-project/venv/lib/python3.12/site-packages/airflow/example_dags/example_xcom.py for tasks to queue
[2025-10-27T21:35:22.984-0300] {logging_mixin.py:188} INFO - [2025-10-27T21:35:22.984-0300] {dagbag.py:545} INFO - Filling up the DagBag from /home/joaosousa/projects/spotify-project/venv/lib/python3.12/site-packages/airflow/example_dags/example_xcom.py
[2025-10-27T21:35:22.990-0300] {processor.py:840} INFO - DAG(s) 'example_xcom' retrieved from /home/joaosousa/projects/spotify-project/venv/lib/python3.12/site-packages/airflow/example_dags/example_xcom.py
[2025-10-27T21:35:23.000-0300] {logging_mixin.py:188} INFO - [2025-10-27T21:35:23.000-0300] {dag.py:3096} INFO - Sync 1 DAGs
[2025-10-27T21:35:23.011-0300] {logging_mixin.py:188} INFO - [2025-10-27T21:35:23.011-0300] {dag.py:3954} INFO - Setting next_dagrun for example_xcom to 2021-01-01 00:00:00+00:00, run_after=2021-01-01 00:00:00+00:00
[2025-10-27T21:35:23.025-0300] {processor.py:183} INFO - Processing /home/joaosousa/projects/spotify-project/venv/lib/python3.12/site-packages/airflow/example_dags/example_xcom.py took 0.048 seconds
[2025-10-27T21:36:07.420-0300] {processor.py:161} INFO - Started process (PID=1681) to work on /home/joaosousa/projects/spotify-project/venv/lib/python3.12/site-packages/airflow/example_dags/example_xcom.py
[2025-10-27T21:36:07.422-0300] {processor.py:830} INFO - Processing file /home/joaosousa/projects/spotify-project/venv/lib/python3.12/site-packages/airflow/example_dags/example_xcom.py for tasks to queue
[2025-10-27T21:36:07.424-0300] {logging_mixin.py:188} INFO - [2025-10-27T21:36:07.423-0300] {dagbag.py:545} INFO - Filling up the DagBag from /home/joaosousa/projects/spotify-project/venv/lib/python3.12/site-packages/airflow/example_dags/example_xcom.py
[2025-10-27T21:36:07.429-0300] {processor.py:840} INFO - DAG(s) 'example_xcom' retrieved from /home/joaosousa/projects/spotify-project/venv/lib/python3.12/site-packages/airflow/example_dags/example_xcom.py
[2025-10-27T21:36:07.440-0300] {logging_mixin.py:188} INFO - [2025-10-27T21:36:07.440-0300] {dag.py:3096} INFO - Sync 1 DAGs
[2025-10-27T21:36:07.452-0300] {logging_mixin.py:188} INFO - [2025-10-27T21:36:07.452-0300] {dag.py:3954} INFO - Setting next_dagrun for example_xcom to 2021-01-01 00:00:00+00:00, run_after=2021-01-01 00:00:00+00:00
[2025-10-27T21:36:07.566-0300] {processor.py:183} INFO - Processing /home/joaosousa/projects/spotify-project/venv/lib/python3.12/site-packages/airflow/example_dags/example_xcom.py took 0.149 seconds
[2025-10-27T21:36:56.932-0300] {processor.py:161} INFO - Started process (PID=1752) to work on /home/joaosousa/projects/spotify-project/venv/lib/python3.12/site-packages/airflow/example_dags/example_xcom.py
[2025-10-27T21:36:56.934-0300] {processor.py:830} INFO - Processing file /home/joaosousa/projects/spotify-project/venv/lib/python3.12/site-packages/airflow/example_dags/example_xcom.py for tasks to queue
[2025-10-27T21:36:56.935-0300] {logging_mixin.py:188} INFO - [2025-10-27T21:36:56.935-0300] {dagbag.py:545} INFO - Filling up the DagBag from /home/joaosousa/projects/spotify-project/venv/lib/python3.12/site-packages/airflow/example_dags/example_xcom.py
[2025-10-27T21:36:56.941-0300] {processor.py:840} INFO - DAG(s) 'example_xcom' retrieved from /home/joaosousa/projects/spotify-project/venv/lib/python3.12/site-packages/airflow/example_dags/example_xcom.py
[2025-10-27T21:36:56.953-0300] {logging_mixin.py:188} INFO - [2025-10-27T21:36:56.953-0300] {dag.py:3096} INFO - Sync 1 DAGs
[2025-10-27T21:36:56.965-0300] {logging_mixin.py:188} INFO - [2025-10-27T21:36:56.965-0300] {dag.py:3954} INFO - Setting next_dagrun for example_xcom to 2021-01-01 00:00:00+00:00, run_after=2021-01-01 00:00:00+00:00
[2025-10-27T21:36:56.980-0300] {processor.py:183} INFO - Processing /home/joaosousa/projects/spotify-project/venv/lib/python3.12/site-packages/airflow/example_dags/example_xcom.py took 0.052 seconds
[2025-10-27T21:37:41.784-0300] {processor.py:161} INFO - Started process (PID=1824) to work on /home/joaosousa/projects/spotify-project/venv/lib/python3.12/site-packages/airflow/example_dags/example_xcom.py
[2025-10-27T21:37:41.785-0300] {processor.py:830} INFO - Processing file /home/joaosousa/projects/spotify-project/venv/lib/python3.12/site-packages/airflow/example_dags/example_xcom.py for tasks to queue
[2025-10-27T21:37:41.786-0300] {logging_mixin.py:188} INFO - [2025-10-27T21:37:41.786-0300] {dagbag.py:545} INFO - Filling up the DagBag from /home/joaosousa/projects/spotify-project/venv/lib/python3.12/site-packages/airflow/example_dags/example_xcom.py
[2025-10-27T21:37:41.792-0300] {processor.py:840} INFO - DAG(s) 'example_xcom' retrieved from /home/joaosousa/projects/spotify-project/venv/lib/python3.12/site-packages/airflow/example_dags/example_xcom.py
[2025-10-27T21:37:41.804-0300] {logging_mixin.py:188} INFO - [2025-10-27T21:37:41.803-0300] {dag.py:3096} INFO - Sync 1 DAGs
[2025-10-27T21:37:41.816-0300] {logging_mixin.py:188} INFO - [2025-10-27T21:37:41.816-0300] {dag.py:3954} INFO - Setting next_dagrun for example_xcom to 2021-01-01 00:00:00+00:00, run_after=2021-01-01 00:00:00+00:00
[2025-10-27T21:37:41.830-0300] {processor.py:183} INFO - Processing /home/joaosousa/projects/spotify-project/venv/lib/python3.12/site-packages/airflow/example_dags/example_xcom.py took 0.053 seconds
[2025-10-27T21:38:24.226-0300] {processor.py:161} INFO - Started process (PID=1895) to work on /home/joaosousa/projects/spotify-project/venv/lib/python3.12/site-packages/airflow/example_dags/example_xcom.py
[2025-10-27T21:38:24.228-0300] {processor.py:830} INFO - Processing file /home/joaosousa/projects/spotify-project/venv/lib/python3.12/site-packages/airflow/example_dags/example_xcom.py for tasks to queue
[2025-10-27T21:38:24.229-0300] {logging_mixin.py:188} INFO - [2025-10-27T21:38:24.229-0300] {dagbag.py:545} INFO - Filling up the DagBag from /home/joaosousa/projects/spotify-project/venv/lib/python3.12/site-packages/airflow/example_dags/example_xcom.py
[2025-10-27T21:38:24.235-0300] {processor.py:840} INFO - DAG(s) 'example_xcom' retrieved from /home/joaosousa/projects/spotify-project/venv/lib/python3.12/site-packages/airflow/example_dags/example_xcom.py
[2025-10-27T21:38:24.247-0300] {logging_mixin.py:188} INFO - [2025-10-27T21:38:24.247-0300] {dag.py:3096} INFO - Sync 1 DAGs
[2025-10-27T21:38:24.260-0300] {logging_mixin.py:188} INFO - [2025-10-27T21:38:24.260-0300] {dag.py:3954} INFO - Setting next_dagrun for example_xcom to 2021-01-01 00:00:00+00:00, run_after=2021-01-01 00:00:00+00:00
[2025-10-27T21:38:24.275-0300] {processor.py:183} INFO - Processing /home/joaosousa/projects/spotify-project/venv/lib/python3.12/site-packages/airflow/example_dags/example_xcom.py took 0.054 seconds
[2025-10-27T21:39:16.445-0300] {processor.py:161} INFO - Started process (PID=1993) to work on /home/joaosousa/projects/spotify-project/venv/lib/python3.12/site-packages/airflow/example_dags/example_xcom.py
[2025-10-27T21:39:16.446-0300] {processor.py:830} INFO - Processing file /home/joaosousa/projects/spotify-project/venv/lib/python3.12/site-packages/airflow/example_dags/example_xcom.py for tasks to queue
[2025-10-27T21:39:16.448-0300] {logging_mixin.py:188} INFO - [2025-10-27T21:39:16.447-0300] {dagbag.py:545} INFO - Filling up the DagBag from /home/joaosousa/projects/spotify-project/venv/lib/python3.12/site-packages/airflow/example_dags/example_xcom.py
[2025-10-27T21:39:16.454-0300] {processor.py:840} INFO - DAG(s) 'example_xcom' retrieved from /home/joaosousa/projects/spotify-project/venv/lib/python3.12/site-packages/airflow/example_dags/example_xcom.py
[2025-10-27T21:39:16.465-0300] {logging_mixin.py:188} INFO - [2025-10-27T21:39:16.465-0300] {dag.py:3096} INFO - Sync 1 DAGs
[2025-10-27T21:39:16.477-0300] {logging_mixin.py:188} INFO - [2025-10-27T21:39:16.477-0300] {dag.py:3954} INFO - Setting next_dagrun for example_xcom to 2021-01-01 00:00:00+00:00, run_after=2021-01-01 00:00:00+00:00
[2025-10-27T21:39:16.493-0300] {processor.py:183} INFO - Processing /home/joaosousa/projects/spotify-project/venv/lib/python3.12/site-packages/airflow/example_dags/example_xcom.py took 0.053 seconds
[2025-10-27T21:40:20.131-0300] {processor.py:161} INFO - Started process (PID=2102) to work on /home/joaosousa/projects/spotify-project/venv/lib/python3.12/site-packages/airflow/example_dags/example_xcom.py
[2025-10-27T21:40:20.133-0300] {processor.py:830} INFO - Processing file /home/joaosousa/projects/spotify-project/venv/lib/python3.12/site-packages/airflow/example_dags/example_xcom.py for tasks to queue
[2025-10-27T21:40:20.134-0300] {logging_mixin.py:188} INFO - [2025-10-27T21:40:20.134-0300] {dagbag.py:545} INFO - Filling up the DagBag from /home/joaosousa/projects/spotify-project/venv/lib/python3.12/site-packages/airflow/example_dags/example_xcom.py
[2025-10-27T21:40:20.140-0300] {processor.py:840} INFO - DAG(s) 'example_xcom' retrieved from /home/joaosousa/projects/spotify-project/venv/lib/python3.12/site-packages/airflow/example_dags/example_xcom.py
[2025-10-27T21:40:20.152-0300] {logging_mixin.py:188} INFO - [2025-10-27T21:40:20.152-0300] {dag.py:3096} INFO - Sync 1 DAGs
[2025-10-27T21:40:20.164-0300] {logging_mixin.py:188} INFO - [2025-10-27T21:40:20.164-0300] {dag.py:3954} INFO - Setting next_dagrun for example_xcom to 2021-01-01 00:00:00+00:00, run_after=2021-01-01 00:00:00+00:00
[2025-10-27T21:40:20.181-0300] {processor.py:183} INFO - Processing /home/joaosousa/projects/spotify-project/venv/lib/python3.12/site-packages/airflow/example_dags/example_xcom.py took 0.055 seconds
