[2025-10-27T21:31:20.920-0300] {processor.py:161} INFO - Started process (PID=1109) to work on /home/joaosousa/projects/spotify-project/venv/lib/python3.12/site-packages/airflow/example_dags/example_branch_day_of_week_operator.py
[2025-10-27T21:31:20.921-0300] {processor.py:830} INFO - Processing file /home/joaosousa/projects/spotify-project/venv/lib/python3.12/site-packages/airflow/example_dags/example_branch_day_of_week_operator.py for tasks to queue
[2025-10-27T21:31:20.922-0300] {logging_mixin.py:188} INFO - [2025-10-27T21:31:20.922-0300] {dagbag.py:545} INFO - Filling up the DagBag from /home/joaosousa/projects/spotify-project/venv/lib/python3.12/site-packages/airflow/example_dags/example_branch_day_of_week_operator.py
[2025-10-27T21:31:20.928-0300] {processor.py:840} INFO - DAG(s) 'example_weekday_branch_operator' retrieved from /home/joaosousa/projects/spotify-project/venv/lib/python3.12/site-packages/airflow/example_dags/example_branch_day_of_week_operator.py
[2025-10-27T21:31:20.939-0300] {logging_mixin.py:188} INFO - [2025-10-27T21:31:20.939-0300] {dag.py:3096} INFO - Sync 1 DAGs
[2025-10-27T21:31:20.951-0300] {logging_mixin.py:188} INFO - [2025-10-27T21:31:20.951-0300] {dag.py:3954} INFO - Setting next_dagrun for example_weekday_branch_operator to 2025-10-27 00:00:00+00:00, run_after=2025-10-28 00:00:00+00:00
[2025-10-27T21:31:20.966-0300] {processor.py:183} INFO - Processing /home/joaosousa/projects/spotify-project/venv/lib/python3.12/site-packages/airflow/example_dags/example_branch_day_of_week_operator.py took 0.052 seconds
[2025-10-27T21:32:19.247-0300] {processor.py:161} INFO - Started process (PID=1324) to work on /home/joaosousa/projects/spotify-project/venv/lib/python3.12/site-packages/airflow/example_dags/example_branch_day_of_week_operator.py
[2025-10-27T21:32:19.248-0300] {processor.py:830} INFO - Processing file /home/joaosousa/projects/spotify-project/venv/lib/python3.12/site-packages/airflow/example_dags/example_branch_day_of_week_operator.py for tasks to queue
[2025-10-27T21:32:19.250-0300] {logging_mixin.py:188} INFO - [2025-10-27T21:32:19.249-0300] {dagbag.py:545} INFO - Filling up the DagBag from /home/joaosousa/projects/spotify-project/venv/lib/python3.12/site-packages/airflow/example_dags/example_branch_day_of_week_operator.py
[2025-10-27T21:32:19.255-0300] {processor.py:840} INFO - DAG(s) 'example_weekday_branch_operator' retrieved from /home/joaosousa/projects/spotify-project/venv/lib/python3.12/site-packages/airflow/example_dags/example_branch_day_of_week_operator.py
[2025-10-27T21:32:19.266-0300] {logging_mixin.py:188} INFO - [2025-10-27T21:32:19.266-0300] {dag.py:3096} INFO - Sync 1 DAGs
[2025-10-27T21:32:19.278-0300] {logging_mixin.py:188} INFO - [2025-10-27T21:32:19.278-0300] {dag.py:3954} INFO - Setting next_dagrun for example_weekday_branch_operator to 2025-10-27 00:00:00+00:00, run_after=2025-10-28 00:00:00+00:00
[2025-10-27T21:32:19.293-0300] {processor.py:183} INFO - Processing /home/joaosousa/projects/spotify-project/venv/lib/python3.12/site-packages/airflow/example_dags/example_branch_day_of_week_operator.py took 0.050 seconds
[2025-10-27T21:33:27.029-0300] {processor.py:161} INFO - Started process (PID=1419) to work on /home/joaosousa/projects/spotify-project/venv/lib/python3.12/site-packages/airflow/example_dags/example_branch_day_of_week_operator.py
[2025-10-27T21:33:27.031-0300] {processor.py:830} INFO - Processing file /home/joaosousa/projects/spotify-project/venv/lib/python3.12/site-packages/airflow/example_dags/example_branch_day_of_week_operator.py for tasks to queue
[2025-10-27T21:33:27.032-0300] {logging_mixin.py:188} INFO - [2025-10-27T21:33:27.032-0300] {dagbag.py:545} INFO - Filling up the DagBag from /home/joaosousa/projects/spotify-project/venv/lib/python3.12/site-packages/airflow/example_dags/example_branch_day_of_week_operator.py
[2025-10-27T21:33:27.038-0300] {processor.py:840} INFO - DAG(s) 'example_weekday_branch_operator' retrieved from /home/joaosousa/projects/spotify-project/venv/lib/python3.12/site-packages/airflow/example_dags/example_branch_day_of_week_operator.py
[2025-10-27T21:33:27.050-0300] {logging_mixin.py:188} INFO - [2025-10-27T21:33:27.049-0300] {dag.py:3096} INFO - Sync 1 DAGs
[2025-10-27T21:33:27.063-0300] {logging_mixin.py:188} INFO - [2025-10-27T21:33:27.063-0300] {dag.py:3954} INFO - Setting next_dagrun for example_weekday_branch_operator to 2025-10-27 00:00:00+00:00, run_after=2025-10-28 00:00:00+00:00
[2025-10-27T21:33:27.078-0300] {processor.py:183} INFO - Processing /home/joaosousa/projects/spotify-project/venv/lib/python3.12/site-packages/airflow/example_dags/example_branch_day_of_week_operator.py took 0.054 seconds
[2025-10-27T21:34:30.185-0300] {processor.py:161} INFO - Started process (PID=1531) to work on /home/joaosousa/projects/spotify-project/venv/lib/python3.12/site-packages/airflow/example_dags/example_branch_day_of_week_operator.py
[2025-10-27T21:34:30.187-0300] {processor.py:830} INFO - Processing file /home/joaosousa/projects/spotify-project/venv/lib/python3.12/site-packages/airflow/example_dags/example_branch_day_of_week_operator.py for tasks to queue
[2025-10-27T21:34:30.188-0300] {logging_mixin.py:188} INFO - [2025-10-27T21:34:30.188-0300] {dagbag.py:545} INFO - Filling up the DagBag from /home/joaosousa/projects/spotify-project/venv/lib/python3.12/site-packages/airflow/example_dags/example_branch_day_of_week_operator.py
[2025-10-27T21:34:30.194-0300] {processor.py:840} INFO - DAG(s) 'example_weekday_branch_operator' retrieved from /home/joaosousa/projects/spotify-project/venv/lib/python3.12/site-packages/airflow/example_dags/example_branch_day_of_week_operator.py
[2025-10-27T21:34:30.204-0300] {logging_mixin.py:188} INFO - [2025-10-27T21:34:30.204-0300] {dag.py:3096} INFO - Sync 1 DAGs
[2025-10-27T21:34:30.216-0300] {logging_mixin.py:188} INFO - [2025-10-27T21:34:30.216-0300] {dag.py:3954} INFO - Setting next_dagrun for example_weekday_branch_operator to 2025-10-27 00:00:00+00:00, run_after=2025-10-28 00:00:00+00:00
[2025-10-27T21:34:30.229-0300] {processor.py:183} INFO - Processing /home/joaosousa/projects/spotify-project/venv/lib/python3.12/site-packages/airflow/example_dags/example_branch_day_of_week_operator.py took 0.048 seconds
[2025-10-27T21:35:27.755-0300] {processor.py:161} INFO - Started process (PID=1616) to work on /home/joaosousa/projects/spotify-project/venv/lib/python3.12/site-packages/airflow/example_dags/example_branch_day_of_week_operator.py
[2025-10-27T21:35:27.757-0300] {processor.py:830} INFO - Processing file /home/joaosousa/projects/spotify-project/venv/lib/python3.12/site-packages/airflow/example_dags/example_branch_day_of_week_operator.py for tasks to queue
[2025-10-27T21:35:27.758-0300] {logging_mixin.py:188} INFO - [2025-10-27T21:35:27.758-0300] {dagbag.py:545} INFO - Filling up the DagBag from /home/joaosousa/projects/spotify-project/venv/lib/python3.12/site-packages/airflow/example_dags/example_branch_day_of_week_operator.py
[2025-10-27T21:35:27.764-0300] {processor.py:840} INFO - DAG(s) 'example_weekday_branch_operator' retrieved from /home/joaosousa/projects/spotify-project/venv/lib/python3.12/site-packages/airflow/example_dags/example_branch_day_of_week_operator.py
[2025-10-27T21:35:27.775-0300] {logging_mixin.py:188} INFO - [2025-10-27T21:35:27.775-0300] {dag.py:3096} INFO - Sync 1 DAGs
[2025-10-27T21:35:27.787-0300] {logging_mixin.py:188} INFO - [2025-10-27T21:35:27.787-0300] {dag.py:3954} INFO - Setting next_dagrun for example_weekday_branch_operator to 2025-10-27 00:00:00+00:00, run_after=2025-10-28 00:00:00+00:00
[2025-10-27T21:35:27.801-0300] {processor.py:183} INFO - Processing /home/joaosousa/projects/spotify-project/venv/lib/python3.12/site-packages/airflow/example_dags/example_branch_day_of_week_operator.py took 0.050 seconds
[2025-10-27T21:36:39.432-0300] {processor.py:161} INFO - Started process (PID=1734) to work on /home/joaosousa/projects/spotify-project/venv/lib/python3.12/site-packages/airflow/example_dags/example_branch_day_of_week_operator.py
[2025-10-27T21:36:39.434-0300] {processor.py:830} INFO - Processing file /home/joaosousa/projects/spotify-project/venv/lib/python3.12/site-packages/airflow/example_dags/example_branch_day_of_week_operator.py for tasks to queue
[2025-10-27T21:36:39.436-0300] {logging_mixin.py:188} INFO - [2025-10-27T21:36:39.435-0300] {dagbag.py:545} INFO - Filling up the DagBag from /home/joaosousa/projects/spotify-project/venv/lib/python3.12/site-packages/airflow/example_dags/example_branch_day_of_week_operator.py
[2025-10-27T21:36:39.441-0300] {processor.py:840} INFO - DAG(s) 'example_weekday_branch_operator' retrieved from /home/joaosousa/projects/spotify-project/venv/lib/python3.12/site-packages/airflow/example_dags/example_branch_day_of_week_operator.py
[2025-10-27T21:36:39.545-0300] {logging_mixin.py:188} INFO - [2025-10-27T21:36:39.544-0300] {dag.py:3096} INFO - Sync 1 DAGs
[2025-10-27T21:36:39.554-0300] {logging_mixin.py:188} INFO - [2025-10-27T21:36:39.554-0300] {dag.py:3954} INFO - Setting next_dagrun for example_weekday_branch_operator to 2025-10-27 00:00:00+00:00, run_after=2025-10-28 00:00:00+00:00
[2025-10-27T21:36:39.117-0300] {processor.py:183} INFO - Processing /home/joaosousa/projects/spotify-project/venv/lib/python3.12/site-packages/airflow/example_dags/example_branch_day_of_week_operator.py took 0.140 seconds
[2025-10-27T21:37:44.710-0300] {processor.py:161} INFO - Started process (PID=1828) to work on /home/joaosousa/projects/spotify-project/venv/lib/python3.12/site-packages/airflow/example_dags/example_branch_day_of_week_operator.py
[2025-10-27T21:37:44.712-0300] {processor.py:830} INFO - Processing file /home/joaosousa/projects/spotify-project/venv/lib/python3.12/site-packages/airflow/example_dags/example_branch_day_of_week_operator.py for tasks to queue
[2025-10-27T21:37:44.713-0300] {logging_mixin.py:188} INFO - [2025-10-27T21:37:44.713-0300] {dagbag.py:545} INFO - Filling up the DagBag from /home/joaosousa/projects/spotify-project/venv/lib/python3.12/site-packages/airflow/example_dags/example_branch_day_of_week_operator.py
[2025-10-27T21:37:44.719-0300] {processor.py:840} INFO - DAG(s) 'example_weekday_branch_operator' retrieved from /home/joaosousa/projects/spotify-project/venv/lib/python3.12/site-packages/airflow/example_dags/example_branch_day_of_week_operator.py
[2025-10-27T21:37:44.731-0300] {logging_mixin.py:188} INFO - [2025-10-27T21:37:44.731-0300] {dag.py:3096} INFO - Sync 1 DAGs
[2025-10-27T21:37:44.745-0300] {logging_mixin.py:188} INFO - [2025-10-27T21:37:44.745-0300] {dag.py:3954} INFO - Setting next_dagrun for example_weekday_branch_operator to 2025-10-27 00:00:00+00:00, run_after=2025-10-28 00:00:00+00:00
[2025-10-27T21:37:44.761-0300] {processor.py:183} INFO - Processing /home/joaosousa/projects/spotify-project/venv/lib/python3.12/site-packages/airflow/example_dags/example_branch_day_of_week_operator.py took 0.056 seconds
[2025-10-27T21:38:46.713-0300] {processor.py:161} INFO - Started process (PID=1945) to work on /home/joaosousa/projects/spotify-project/venv/lib/python3.12/site-packages/airflow/example_dags/example_branch_day_of_week_operator.py
[2025-10-27T21:38:46.714-0300] {processor.py:830} INFO - Processing file /home/joaosousa/projects/spotify-project/venv/lib/python3.12/site-packages/airflow/example_dags/example_branch_day_of_week_operator.py for tasks to queue
[2025-10-27T21:38:46.716-0300] {logging_mixin.py:188} INFO - [2025-10-27T21:38:46.715-0300] {dagbag.py:545} INFO - Filling up the DagBag from /home/joaosousa/projects/spotify-project/venv/lib/python3.12/site-packages/airflow/example_dags/example_branch_day_of_week_operator.py
[2025-10-27T21:38:46.722-0300] {processor.py:840} INFO - DAG(s) 'example_weekday_branch_operator' retrieved from /home/joaosousa/projects/spotify-project/venv/lib/python3.12/site-packages/airflow/example_dags/example_branch_day_of_week_operator.py
[2025-10-27T21:38:46.735-0300] {logging_mixin.py:188} INFO - [2025-10-27T21:38:46.734-0300] {dag.py:3096} INFO - Sync 1 DAGs
[2025-10-27T21:38:46.749-0300] {logging_mixin.py:188} INFO - [2025-10-27T21:38:46.749-0300] {dag.py:3954} INFO - Setting next_dagrun for example_weekday_branch_operator to 2025-10-27 00:00:00+00:00, run_after=2025-10-28 00:00:00+00:00
[2025-10-27T21:38:46.767-0300] {processor.py:183} INFO - Processing /home/joaosousa/projects/spotify-project/venv/lib/python3.12/site-packages/airflow/example_dags/example_branch_day_of_week_operator.py took 0.058 seconds
[2025-10-27T21:39:41.267-0300] {processor.py:161} INFO - Started process (PID=2034) to work on /home/joaosousa/projects/spotify-project/venv/lib/python3.12/site-packages/airflow/example_dags/example_branch_day_of_week_operator.py
[2025-10-27T21:39:41.268-0300] {processor.py:830} INFO - Processing file /home/joaosousa/projects/spotify-project/venv/lib/python3.12/site-packages/airflow/example_dags/example_branch_day_of_week_operator.py for tasks to queue
[2025-10-27T21:39:41.269-0300] {logging_mixin.py:188} INFO - [2025-10-27T21:39:41.268-0300] {dagbag.py:545} INFO - Filling up the DagBag from /home/joaosousa/projects/spotify-project/venv/lib/python3.12/site-packages/airflow/example_dags/example_branch_day_of_week_operator.py
[2025-10-27T21:39:41.277-0300] {processor.py:840} INFO - DAG(s) 'example_weekday_branch_operator' retrieved from /home/joaosousa/projects/spotify-project/venv/lib/python3.12/site-packages/airflow/example_dags/example_branch_day_of_week_operator.py
[2025-10-27T21:39:41.289-0300] {logging_mixin.py:188} INFO - [2025-10-27T21:39:41.289-0300] {dag.py:3096} INFO - Sync 1 DAGs
[2025-10-27T21:39:41.302-0300] {logging_mixin.py:188} INFO - [2025-10-27T21:39:41.302-0300] {dag.py:3954} INFO - Setting next_dagrun for example_weekday_branch_operator to 2025-10-27 00:00:00+00:00, run_after=2025-10-28 00:00:00+00:00
[2025-10-27T21:39:41.317-0300] {processor.py:183} INFO - Processing /home/joaosousa/projects/spotify-project/venv/lib/python3.12/site-packages/airflow/example_dags/example_branch_day_of_week_operator.py took 0.055 seconds
[2025-10-27T21:40:44.989-0300] {processor.py:161} INFO - Started process (PID=2142) to work on /home/joaosousa/projects/spotify-project/venv/lib/python3.12/site-packages/airflow/example_dags/example_branch_day_of_week_operator.py
[2025-10-27T21:40:44.990-0300] {processor.py:830} INFO - Processing file /home/joaosousa/projects/spotify-project/venv/lib/python3.12/site-packages/airflow/example_dags/example_branch_day_of_week_operator.py for tasks to queue
[2025-10-27T21:40:44.992-0300] {logging_mixin.py:188} INFO - [2025-10-27T21:40:44.991-0300] {dagbag.py:545} INFO - Filling up the DagBag from /home/joaosousa/projects/spotify-project/venv/lib/python3.12/site-packages/airflow/example_dags/example_branch_day_of_week_operator.py
[2025-10-27T21:40:44.999-0300] {processor.py:840} INFO - DAG(s) 'example_weekday_branch_operator' retrieved from /home/joaosousa/projects/spotify-project/venv/lib/python3.12/site-packages/airflow/example_dags/example_branch_day_of_week_operator.py
[2025-10-27T21:40:45.014-0300] {logging_mixin.py:188} INFO - [2025-10-27T21:40:45.014-0300] {dag.py:3096} INFO - Sync 1 DAGs
[2025-10-27T21:40:45.031-0300] {logging_mixin.py:188} INFO - [2025-10-27T21:40:45.031-0300] {dag.py:3954} INFO - Setting next_dagrun for example_weekday_branch_operator to 2025-10-27 00:00:00+00:00, run_after=2025-10-28 00:00:00+00:00
[2025-10-27T21:40:45.058-0300] {processor.py:183} INFO - Processing /home/joaosousa/projects/spotify-project/venv/lib/python3.12/site-packages/airflow/example_dags/example_branch_day_of_week_operator.py took 0.076 seconds
[2025-10-27T21:41:45.774-0300] {processor.py:161} INFO - Started process (PID=2282) to work on /home/joaosousa/projects/spotify-project/venv/lib/python3.12/site-packages/airflow/example_dags/example_branch_day_of_week_operator.py
[2025-10-27T21:41:45.776-0300] {processor.py:830} INFO - Processing file /home/joaosousa/projects/spotify-project/venv/lib/python3.12/site-packages/airflow/example_dags/example_branch_day_of_week_operator.py for tasks to queue
[2025-10-27T21:41:45.777-0300] {logging_mixin.py:188} INFO - [2025-10-27T21:41:45.777-0300] {dagbag.py:545} INFO - Filling up the DagBag from /home/joaosousa/projects/spotify-project/venv/lib/python3.12/site-packages/airflow/example_dags/example_branch_day_of_week_operator.py
[2025-10-27T21:41:45.783-0300] {processor.py:840} INFO - DAG(s) 'example_weekday_branch_operator' retrieved from /home/joaosousa/projects/spotify-project/venv/lib/python3.12/site-packages/airflow/example_dags/example_branch_day_of_week_operator.py
[2025-10-27T21:41:45.796-0300] {logging_mixin.py:188} INFO - [2025-10-27T21:41:45.795-0300] {dag.py:3096} INFO - Sync 1 DAGs
[2025-10-27T21:41:45.810-0300] {logging_mixin.py:188} INFO - [2025-10-27T21:41:45.810-0300] {dag.py:3954} INFO - Setting next_dagrun for example_weekday_branch_operator to 2025-10-27 00:00:00+00:00, run_after=2025-10-28 00:00:00+00:00
[2025-10-27T21:41:45.824-0300] {processor.py:183} INFO - Processing /home/joaosousa/projects/spotify-project/venv/lib/python3.12/site-packages/airflow/example_dags/example_branch_day_of_week_operator.py took 0.055 seconds
[2025-10-27T21:42:43.644-0300] {processor.py:161} INFO - Started process (PID=2455) to work on /home/joaosousa/projects/spotify-project/venv/lib/python3.12/site-packages/airflow/example_dags/example_branch_day_of_week_operator.py
[2025-10-27T21:42:43.646-0300] {processor.py:830} INFO - Processing file /home/joaosousa/projects/spotify-project/venv/lib/python3.12/site-packages/airflow/example_dags/example_branch_day_of_week_operator.py for tasks to queue
[2025-10-27T21:42:43.648-0300] {logging_mixin.py:188} INFO - [2025-10-27T21:42:43.647-0300] {dagbag.py:545} INFO - Filling up the DagBag from /home/joaosousa/projects/spotify-project/venv/lib/python3.12/site-packages/airflow/example_dags/example_branch_day_of_week_operator.py
[2025-10-27T21:42:43.654-0300] {processor.py:840} INFO - DAG(s) 'example_weekday_branch_operator' retrieved from /home/joaosousa/projects/spotify-project/venv/lib/python3.12/site-packages/airflow/example_dags/example_branch_day_of_week_operator.py
[2025-10-27T21:42:43.667-0300] {logging_mixin.py:188} INFO - [2025-10-27T21:42:43.667-0300] {dag.py:3096} INFO - Sync 1 DAGs
[2025-10-27T21:42:43.682-0300] {logging_mixin.py:188} INFO - [2025-10-27T21:42:43.682-0300] {dag.py:3954} INFO - Setting next_dagrun for example_weekday_branch_operator to 2025-10-27 00:00:00+00:00, run_after=2025-10-28 00:00:00+00:00
[2025-10-27T21:42:43.697-0300] {processor.py:183} INFO - Processing /home/joaosousa/projects/spotify-project/venv/lib/python3.12/site-packages/airflow/example_dags/example_branch_day_of_week_operator.py took 0.058 seconds
[2025-10-27T21:43:45.160-0300] {processor.py:161} INFO - Started process (PID=2562) to work on /home/joaosousa/projects/spotify-project/venv/lib/python3.12/site-packages/airflow/example_dags/example_branch_day_of_week_operator.py
[2025-10-27T21:43:45.162-0300] {processor.py:830} INFO - Processing file /home/joaosousa/projects/spotify-project/venv/lib/python3.12/site-packages/airflow/example_dags/example_branch_day_of_week_operator.py for tasks to queue
[2025-10-27T21:43:45.163-0300] {logging_mixin.py:188} INFO - [2025-10-27T21:43:45.163-0300] {dagbag.py:545} INFO - Filling up the DagBag from /home/joaosousa/projects/spotify-project/venv/lib/python3.12/site-packages/airflow/example_dags/example_branch_day_of_week_operator.py
[2025-10-27T21:43:45.169-0300] {processor.py:840} INFO - DAG(s) 'example_weekday_branch_operator' retrieved from /home/joaosousa/projects/spotify-project/venv/lib/python3.12/site-packages/airflow/example_dags/example_branch_day_of_week_operator.py
[2025-10-27T21:43:45.181-0300] {logging_mixin.py:188} INFO - [2025-10-27T21:43:45.181-0300] {dag.py:3096} INFO - Sync 1 DAGs
[2025-10-27T21:43:45.194-0300] {logging_mixin.py:188} INFO - [2025-10-27T21:43:45.194-0300] {dag.py:3954} INFO - Setting next_dagrun for example_weekday_branch_operator to 2025-10-27 00:00:00+00:00, run_after=2025-10-28 00:00:00+00:00
[2025-10-27T21:43:45.214-0300] {processor.py:183} INFO - Processing /home/joaosousa/projects/spotify-project/venv/lib/python3.12/site-packages/airflow/example_dags/example_branch_day_of_week_operator.py took 0.059 seconds
[2025-10-27T21:44:43.128-0300] {processor.py:161} INFO - Started process (PID=2667) to work on /home/joaosousa/projects/spotify-project/venv/lib/python3.12/site-packages/airflow/example_dags/example_branch_day_of_week_operator.py
[2025-10-27T21:44:43.130-0300] {processor.py:830} INFO - Processing file /home/joaosousa/projects/spotify-project/venv/lib/python3.12/site-packages/airflow/example_dags/example_branch_day_of_week_operator.py for tasks to queue
[2025-10-27T21:44:43.131-0300] {logging_mixin.py:188} INFO - [2025-10-27T21:44:43.131-0300] {dagbag.py:545} INFO - Filling up the DagBag from /home/joaosousa/projects/spotify-project/venv/lib/python3.12/site-packages/airflow/example_dags/example_branch_day_of_week_operator.py
[2025-10-27T21:44:43.137-0300] {processor.py:840} INFO - DAG(s) 'example_weekday_branch_operator' retrieved from /home/joaosousa/projects/spotify-project/venv/lib/python3.12/site-packages/airflow/example_dags/example_branch_day_of_week_operator.py
[2025-10-27T21:44:43.149-0300] {logging_mixin.py:188} INFO - [2025-10-27T21:44:43.149-0300] {dag.py:3096} INFO - Sync 1 DAGs
[2025-10-27T21:44:43.162-0300] {logging_mixin.py:188} INFO - [2025-10-27T21:44:43.161-0300] {dag.py:3954} INFO - Setting next_dagrun for example_weekday_branch_operator to 2025-10-27 00:00:00+00:00, run_after=2025-10-28 00:00:00+00:00
[2025-10-27T21:44:43.175-0300] {processor.py:183} INFO - Processing /home/joaosousa/projects/spotify-project/venv/lib/python3.12/site-packages/airflow/example_dags/example_branch_day_of_week_operator.py took 0.052 seconds
[2025-10-27T21:45:41.195-0300] {processor.py:161} INFO - Started process (PID=2970) to work on /home/joaosousa/projects/spotify-project/venv/lib/python3.12/site-packages/airflow/example_dags/example_branch_day_of_week_operator.py
[2025-10-27T21:45:41.197-0300] {processor.py:830} INFO - Processing file /home/joaosousa/projects/spotify-project/venv/lib/python3.12/site-packages/airflow/example_dags/example_branch_day_of_week_operator.py for tasks to queue
[2025-10-27T21:45:41.198-0300] {logging_mixin.py:188} INFO - [2025-10-27T21:45:41.198-0300] {dagbag.py:545} INFO - Filling up the DagBag from /home/joaosousa/projects/spotify-project/venv/lib/python3.12/site-packages/airflow/example_dags/example_branch_day_of_week_operator.py
[2025-10-27T21:45:41.204-0300] {processor.py:840} INFO - DAG(s) 'example_weekday_branch_operator' retrieved from /home/joaosousa/projects/spotify-project/venv/lib/python3.12/site-packages/airflow/example_dags/example_branch_day_of_week_operator.py
[2025-10-27T21:45:41.216-0300] {logging_mixin.py:188} INFO - [2025-10-27T21:45:41.216-0300] {dag.py:3096} INFO - Sync 1 DAGs
[2025-10-27T21:45:41.230-0300] {logging_mixin.py:188} INFO - [2025-10-27T21:45:41.230-0300] {dag.py:3954} INFO - Setting next_dagrun for example_weekday_branch_operator to 2025-10-27 00:00:00+00:00, run_after=2025-10-28 00:00:00+00:00
[2025-10-27T21:45:41.244-0300] {processor.py:183} INFO - Processing /home/joaosousa/projects/spotify-project/venv/lib/python3.12/site-packages/airflow/example_dags/example_branch_day_of_week_operator.py took 0.053 seconds
[2025-10-27T21:46:46.610-0300] {processor.py:161} INFO - Started process (PID=3079) to work on /home/joaosousa/projects/spotify-project/venv/lib/python3.12/site-packages/airflow/example_dags/example_branch_day_of_week_operator.py
[2025-10-27T21:46:46.612-0300] {processor.py:830} INFO - Processing file /home/joaosousa/projects/spotify-project/venv/lib/python3.12/site-packages/airflow/example_dags/example_branch_day_of_week_operator.py for tasks to queue
[2025-10-27T21:46:46.613-0300] {logging_mixin.py:188} INFO - [2025-10-27T21:46:46.613-0300] {dagbag.py:545} INFO - Filling up the DagBag from /home/joaosousa/projects/spotify-project/venv/lib/python3.12/site-packages/airflow/example_dags/example_branch_day_of_week_operator.py
[2025-10-27T21:46:46.619-0300] {processor.py:840} INFO - DAG(s) 'example_weekday_branch_operator' retrieved from /home/joaosousa/projects/spotify-project/venv/lib/python3.12/site-packages/airflow/example_dags/example_branch_day_of_week_operator.py
[2025-10-27T21:46:46.630-0300] {logging_mixin.py:188} INFO - [2025-10-27T21:46:46.630-0300] {dag.py:3096} INFO - Sync 1 DAGs
[2025-10-27T21:46:46.642-0300] {logging_mixin.py:188} INFO - [2025-10-27T21:46:46.642-0300] {dag.py:3954} INFO - Setting next_dagrun for example_weekday_branch_operator to 2025-10-27 00:00:00+00:00, run_after=2025-10-28 00:00:00+00:00
[2025-10-27T21:46:46.657-0300] {processor.py:183} INFO - Processing /home/joaosousa/projects/spotify-project/venv/lib/python3.12/site-packages/airflow/example_dags/example_branch_day_of_week_operator.py took 0.051 seconds
[2025-10-27T21:47:53.677-0300] {processor.py:161} INFO - Started process (PID=3270) to work on /home/joaosousa/projects/spotify-project/venv/lib/python3.12/site-packages/airflow/example_dags/example_branch_day_of_week_operator.py
[2025-10-27T21:47:53.678-0300] {processor.py:830} INFO - Processing file /home/joaosousa/projects/spotify-project/venv/lib/python3.12/site-packages/airflow/example_dags/example_branch_day_of_week_operator.py for tasks to queue
[2025-10-27T21:47:53.680-0300] {logging_mixin.py:188} INFO - [2025-10-27T21:47:53.679-0300] {dagbag.py:545} INFO - Filling up the DagBag from /home/joaosousa/projects/spotify-project/venv/lib/python3.12/site-packages/airflow/example_dags/example_branch_day_of_week_operator.py
[2025-10-27T21:47:53.687-0300] {processor.py:840} INFO - DAG(s) 'example_weekday_branch_operator' retrieved from /home/joaosousa/projects/spotify-project/venv/lib/python3.12/site-packages/airflow/example_dags/example_branch_day_of_week_operator.py
[2025-10-27T21:47:53.701-0300] {logging_mixin.py:188} INFO - [2025-10-27T21:47:53.701-0300] {dag.py:3096} INFO - Sync 1 DAGs
[2025-10-27T21:47:53.717-0300] {logging_mixin.py:188} INFO - [2025-10-27T21:47:53.716-0300] {dag.py:3954} INFO - Setting next_dagrun for example_weekday_branch_operator to 2025-10-27 00:00:00+00:00, run_after=2025-10-28 00:00:00+00:00
[2025-10-27T21:47:53.733-0300] {processor.py:183} INFO - Processing /home/joaosousa/projects/spotify-project/venv/lib/python3.12/site-packages/airflow/example_dags/example_branch_day_of_week_operator.py took 0.061 seconds
[2025-10-27T21:48:55.427-0300] {processor.py:161} INFO - Started process (PID=3546) to work on /home/joaosousa/projects/spotify-project/venv/lib/python3.12/site-packages/airflow/example_dags/example_branch_day_of_week_operator.py
[2025-10-27T21:48:55.429-0300] {processor.py:830} INFO - Processing file /home/joaosousa/projects/spotify-project/venv/lib/python3.12/site-packages/airflow/example_dags/example_branch_day_of_week_operator.py for tasks to queue
[2025-10-27T21:48:55.431-0300] {logging_mixin.py:188} INFO - [2025-10-27T21:48:55.431-0300] {dagbag.py:545} INFO - Filling up the DagBag from /home/joaosousa/projects/spotify-project/venv/lib/python3.12/site-packages/airflow/example_dags/example_branch_day_of_week_operator.py
[2025-10-27T21:48:55.437-0300] {processor.py:840} INFO - DAG(s) 'example_weekday_branch_operator' retrieved from /home/joaosousa/projects/spotify-project/venv/lib/python3.12/site-packages/airflow/example_dags/example_branch_day_of_week_operator.py
[2025-10-27T21:48:55.448-0300] {logging_mixin.py:188} INFO - [2025-10-27T21:48:55.448-0300] {dag.py:3096} INFO - Sync 1 DAGs
[2025-10-27T21:48:55.461-0300] {logging_mixin.py:188} INFO - [2025-10-27T21:48:55.461-0300] {dag.py:3954} INFO - Setting next_dagrun for example_weekday_branch_operator to 2025-10-27 00:00:00+00:00, run_after=2025-10-28 00:00:00+00:00
[2025-10-27T21:48:55.475-0300] {processor.py:183} INFO - Processing /home/joaosousa/projects/spotify-project/venv/lib/python3.12/site-packages/airflow/example_dags/example_branch_day_of_week_operator.py took 0.052 seconds
[2025-10-27T21:49:52.301-0300] {processor.py:161} INFO - Started process (PID=3644) to work on /home/joaosousa/projects/spotify-project/venv/lib/python3.12/site-packages/airflow/example_dags/example_branch_day_of_week_operator.py
[2025-10-27T21:49:52.303-0300] {processor.py:830} INFO - Processing file /home/joaosousa/projects/spotify-project/venv/lib/python3.12/site-packages/airflow/example_dags/example_branch_day_of_week_operator.py for tasks to queue
[2025-10-27T21:49:52.304-0300] {logging_mixin.py:188} INFO - [2025-10-27T21:49:52.304-0300] {dagbag.py:545} INFO - Filling up the DagBag from /home/joaosousa/projects/spotify-project/venv/lib/python3.12/site-packages/airflow/example_dags/example_branch_day_of_week_operator.py
[2025-10-27T21:49:52.310-0300] {processor.py:840} INFO - DAG(s) 'example_weekday_branch_operator' retrieved from /home/joaosousa/projects/spotify-project/venv/lib/python3.12/site-packages/airflow/example_dags/example_branch_day_of_week_operator.py
[2025-10-27T21:49:52.323-0300] {logging_mixin.py:188} INFO - [2025-10-27T21:49:52.323-0300] {dag.py:3096} INFO - Sync 1 DAGs
[2025-10-27T21:49:52.337-0300] {logging_mixin.py:188} INFO - [2025-10-27T21:49:52.337-0300] {dag.py:3954} INFO - Setting next_dagrun for example_weekday_branch_operator to 2025-10-27 00:00:00+00:00, run_after=2025-10-28 00:00:00+00:00
[2025-10-27T21:49:52.352-0300] {processor.py:183} INFO - Processing /home/joaosousa/projects/spotify-project/venv/lib/python3.12/site-packages/airflow/example_dags/example_branch_day_of_week_operator.py took 0.057 seconds
[2025-10-27T21:50:58.027-0300] {processor.py:161} INFO - Started process (PID=3754) to work on /home/joaosousa/projects/spotify-project/venv/lib/python3.12/site-packages/airflow/example_dags/example_branch_day_of_week_operator.py
[2025-10-27T21:50:58.029-0300] {processor.py:830} INFO - Processing file /home/joaosousa/projects/spotify-project/venv/lib/python3.12/site-packages/airflow/example_dags/example_branch_day_of_week_operator.py for tasks to queue
[2025-10-27T21:50:58.030-0300] {logging_mixin.py:188} INFO - [2025-10-27T21:50:58.030-0300] {dagbag.py:545} INFO - Filling up the DagBag from /home/joaosousa/projects/spotify-project/venv/lib/python3.12/site-packages/airflow/example_dags/example_branch_day_of_week_operator.py
[2025-10-27T21:50:58.038-0300] {processor.py:840} INFO - DAG(s) 'example_weekday_branch_operator' retrieved from /home/joaosousa/projects/spotify-project/venv/lib/python3.12/site-packages/airflow/example_dags/example_branch_day_of_week_operator.py
[2025-10-27T21:50:58.050-0300] {logging_mixin.py:188} INFO - [2025-10-27T21:50:58.050-0300] {dag.py:3096} INFO - Sync 1 DAGs
[2025-10-27T21:50:58.064-0300] {logging_mixin.py:188} INFO - [2025-10-27T21:50:58.064-0300] {dag.py:3954} INFO - Setting next_dagrun for example_weekday_branch_operator to 2025-10-27 00:00:00+00:00, run_after=2025-10-28 00:00:00+00:00
[2025-10-27T21:50:58.079-0300] {processor.py:183} INFO - Processing /home/joaosousa/projects/spotify-project/venv/lib/python3.12/site-packages/airflow/example_dags/example_branch_day_of_week_operator.py took 0.057 seconds
[2025-10-27T21:52:02.663-0300] {processor.py:161} INFO - Started process (PID=3885) to work on /home/joaosousa/projects/spotify-project/venv/lib/python3.12/site-packages/airflow/example_dags/example_branch_day_of_week_operator.py
[2025-10-27T21:52:02.664-0300] {processor.py:830} INFO - Processing file /home/joaosousa/projects/spotify-project/venv/lib/python3.12/site-packages/airflow/example_dags/example_branch_day_of_week_operator.py for tasks to queue
[2025-10-27T21:52:02.666-0300] {logging_mixin.py:188} INFO - [2025-10-27T21:52:02.665-0300] {dagbag.py:545} INFO - Filling up the DagBag from /home/joaosousa/projects/spotify-project/venv/lib/python3.12/site-packages/airflow/example_dags/example_branch_day_of_week_operator.py
[2025-10-27T21:52:02.672-0300] {processor.py:840} INFO - DAG(s) 'example_weekday_branch_operator' retrieved from /home/joaosousa/projects/spotify-project/venv/lib/python3.12/site-packages/airflow/example_dags/example_branch_day_of_week_operator.py
[2025-10-27T21:52:02.684-0300] {logging_mixin.py:188} INFO - [2025-10-27T21:52:02.684-0300] {dag.py:3096} INFO - Sync 1 DAGs
[2025-10-27T21:52:02.697-0300] {logging_mixin.py:188} INFO - [2025-10-27T21:52:02.697-0300] {dag.py:3954} INFO - Setting next_dagrun for example_weekday_branch_operator to 2025-10-27 00:00:00+00:00, run_after=2025-10-28 00:00:00+00:00
[2025-10-27T21:52:02.711-0300] {processor.py:183} INFO - Processing /home/joaosousa/projects/spotify-project/venv/lib/python3.12/site-packages/airflow/example_dags/example_branch_day_of_week_operator.py took 0.052 seconds
[2025-10-27T21:53:02.965-0300] {processor.py:161} INFO - Started process (PID=4020) to work on /home/joaosousa/projects/spotify-project/venv/lib/python3.12/site-packages/airflow/example_dags/example_branch_day_of_week_operator.py
[2025-10-27T21:53:02.967-0300] {processor.py:830} INFO - Processing file /home/joaosousa/projects/spotify-project/venv/lib/python3.12/site-packages/airflow/example_dags/example_branch_day_of_week_operator.py for tasks to queue
[2025-10-27T21:53:02.968-0300] {logging_mixin.py:188} INFO - [2025-10-27T21:53:02.968-0300] {dagbag.py:545} INFO - Filling up the DagBag from /home/joaosousa/projects/spotify-project/venv/lib/python3.12/site-packages/airflow/example_dags/example_branch_day_of_week_operator.py
[2025-10-27T21:53:02.974-0300] {processor.py:840} INFO - DAG(s) 'example_weekday_branch_operator' retrieved from /home/joaosousa/projects/spotify-project/venv/lib/python3.12/site-packages/airflow/example_dags/example_branch_day_of_week_operator.py
[2025-10-27T21:53:02.986-0300] {logging_mixin.py:188} INFO - [2025-10-27T21:53:02.986-0300] {dag.py:3096} INFO - Sync 1 DAGs
[2025-10-27T21:53:02.999-0300] {logging_mixin.py:188} INFO - [2025-10-27T21:53:02.999-0300] {dag.py:3954} INFO - Setting next_dagrun for example_weekday_branch_operator to 2025-10-27 00:00:00+00:00, run_after=2025-10-28 00:00:00+00:00
[2025-10-27T21:53:03.014-0300] {processor.py:183} INFO - Processing /home/joaosousa/projects/spotify-project/venv/lib/python3.12/site-packages/airflow/example_dags/example_branch_day_of_week_operator.py took 0.054 seconds
[2025-10-27T21:54:04.224-0300] {processor.py:161} INFO - Started process (PID=4161) to work on /home/joaosousa/projects/spotify-project/venv/lib/python3.12/site-packages/airflow/example_dags/example_branch_day_of_week_operator.py
[2025-10-27T21:54:04.226-0300] {processor.py:830} INFO - Processing file /home/joaosousa/projects/spotify-project/venv/lib/python3.12/site-packages/airflow/example_dags/example_branch_day_of_week_operator.py for tasks to queue
[2025-10-27T21:54:04.227-0300] {logging_mixin.py:188} INFO - [2025-10-27T21:54:04.227-0300] {dagbag.py:545} INFO - Filling up the DagBag from /home/joaosousa/projects/spotify-project/venv/lib/python3.12/site-packages/airflow/example_dags/example_branch_day_of_week_operator.py
[2025-10-27T21:54:04.232-0300] {processor.py:840} INFO - DAG(s) 'example_weekday_branch_operator' retrieved from /home/joaosousa/projects/spotify-project/venv/lib/python3.12/site-packages/airflow/example_dags/example_branch_day_of_week_operator.py
[2025-10-27T21:54:04.244-0300] {logging_mixin.py:188} INFO - [2025-10-27T21:54:04.244-0300] {dag.py:3096} INFO - Sync 1 DAGs
[2025-10-27T21:54:04.257-0300] {logging_mixin.py:188} INFO - [2025-10-27T21:54:04.257-0300] {dag.py:3954} INFO - Setting next_dagrun for example_weekday_branch_operator to 2025-10-27 00:00:00+00:00, run_after=2025-10-28 00:00:00+00:00
[2025-10-27T21:54:04.271-0300] {processor.py:183} INFO - Processing /home/joaosousa/projects/spotify-project/venv/lib/python3.12/site-packages/airflow/example_dags/example_branch_day_of_week_operator.py took 0.052 seconds
[2025-10-27T21:55:09.489-0300] {processor.py:161} INFO - Started process (PID=4265) to work on /home/joaosousa/projects/spotify-project/venv/lib/python3.12/site-packages/airflow/example_dags/example_branch_day_of_week_operator.py
[2025-10-27T21:55:09.491-0300] {processor.py:830} INFO - Processing file /home/joaosousa/projects/spotify-project/venv/lib/python3.12/site-packages/airflow/example_dags/example_branch_day_of_week_operator.py for tasks to queue
[2025-10-27T21:55:09.492-0300] {logging_mixin.py:188} INFO - [2025-10-27T21:55:09.491-0300] {dagbag.py:545} INFO - Filling up the DagBag from /home/joaosousa/projects/spotify-project/venv/lib/python3.12/site-packages/airflow/example_dags/example_branch_day_of_week_operator.py
[2025-10-27T21:55:09.498-0300] {processor.py:840} INFO - DAG(s) 'example_weekday_branch_operator' retrieved from /home/joaosousa/projects/spotify-project/venv/lib/python3.12/site-packages/airflow/example_dags/example_branch_day_of_week_operator.py
[2025-10-27T21:55:09.510-0300] {logging_mixin.py:188} INFO - [2025-10-27T21:55:09.510-0300] {dag.py:3096} INFO - Sync 1 DAGs
[2025-10-27T21:55:09.523-0300] {logging_mixin.py:188} INFO - [2025-10-27T21:55:09.523-0300] {dag.py:3954} INFO - Setting next_dagrun for example_weekday_branch_operator to 2025-10-27 00:00:00+00:00, run_after=2025-10-28 00:00:00+00:00
[2025-10-27T21:55:09.539-0300] {processor.py:183} INFO - Processing /home/joaosousa/projects/spotify-project/venv/lib/python3.12/site-packages/airflow/example_dags/example_branch_day_of_week_operator.py took 0.055 seconds
[2025-10-27T21:56:11.269-0300] {processor.py:161} INFO - Started process (PID=4367) to work on /home/joaosousa/projects/spotify-project/venv/lib/python3.12/site-packages/airflow/example_dags/example_branch_day_of_week_operator.py
[2025-10-27T21:56:11.271-0300] {processor.py:830} INFO - Processing file /home/joaosousa/projects/spotify-project/venv/lib/python3.12/site-packages/airflow/example_dags/example_branch_day_of_week_operator.py for tasks to queue
[2025-10-27T21:56:11.273-0300] {logging_mixin.py:188} INFO - [2025-10-27T21:56:11.273-0300] {dagbag.py:545} INFO - Filling up the DagBag from /home/joaosousa/projects/spotify-project/venv/lib/python3.12/site-packages/airflow/example_dags/example_branch_day_of_week_operator.py
[2025-10-27T21:56:11.279-0300] {processor.py:840} INFO - DAG(s) 'example_weekday_branch_operator' retrieved from /home/joaosousa/projects/spotify-project/venv/lib/python3.12/site-packages/airflow/example_dags/example_branch_day_of_week_operator.py
[2025-10-27T21:56:11.290-0300] {logging_mixin.py:188} INFO - [2025-10-27T21:56:11.290-0300] {dag.py:3096} INFO - Sync 1 DAGs
[2025-10-27T21:56:11.303-0300] {logging_mixin.py:188} INFO - [2025-10-27T21:56:11.303-0300] {dag.py:3954} INFO - Setting next_dagrun for example_weekday_branch_operator to 2025-10-27 00:00:00+00:00, run_after=2025-10-28 00:00:00+00:00
[2025-10-27T21:56:11.318-0300] {processor.py:183} INFO - Processing /home/joaosousa/projects/spotify-project/venv/lib/python3.12/site-packages/airflow/example_dags/example_branch_day_of_week_operator.py took 0.053 seconds
[2025-10-27T21:57:14.338-0300] {processor.py:161} INFO - Started process (PID=4566) to work on /home/joaosousa/projects/spotify-project/venv/lib/python3.12/site-packages/airflow/example_dags/example_branch_day_of_week_operator.py
[2025-10-27T21:57:14.340-0300] {processor.py:830} INFO - Processing file /home/joaosousa/projects/spotify-project/venv/lib/python3.12/site-packages/airflow/example_dags/example_branch_day_of_week_operator.py for tasks to queue
[2025-10-27T21:57:14.341-0300] {logging_mixin.py:188} INFO - [2025-10-27T21:57:14.341-0300] {dagbag.py:545} INFO - Filling up the DagBag from /home/joaosousa/projects/spotify-project/venv/lib/python3.12/site-packages/airflow/example_dags/example_branch_day_of_week_operator.py
[2025-10-27T21:57:14.347-0300] {processor.py:840} INFO - DAG(s) 'example_weekday_branch_operator' retrieved from /home/joaosousa/projects/spotify-project/venv/lib/python3.12/site-packages/airflow/example_dags/example_branch_day_of_week_operator.py
[2025-10-27T21:57:14.358-0300] {logging_mixin.py:188} INFO - [2025-10-27T21:57:14.358-0300] {dag.py:3096} INFO - Sync 1 DAGs
[2025-10-27T21:57:14.371-0300] {logging_mixin.py:188} INFO - [2025-10-27T21:57:14.371-0300] {dag.py:3954} INFO - Setting next_dagrun for example_weekday_branch_operator to 2025-10-27 00:00:00+00:00, run_after=2025-10-28 00:00:00+00:00
[2025-10-27T21:57:14.385-0300] {processor.py:183} INFO - Processing /home/joaosousa/projects/spotify-project/venv/lib/python3.12/site-packages/airflow/example_dags/example_branch_day_of_week_operator.py took 0.052 seconds
[2025-10-27T21:58:13.795-0300] {processor.py:161} INFO - Started process (PID=4670) to work on /home/joaosousa/projects/spotify-project/venv/lib/python3.12/site-packages/airflow/example_dags/example_branch_day_of_week_operator.py
[2025-10-27T21:58:13.797-0300] {processor.py:830} INFO - Processing file /home/joaosousa/projects/spotify-project/venv/lib/python3.12/site-packages/airflow/example_dags/example_branch_day_of_week_operator.py for tasks to queue
[2025-10-27T21:58:13.798-0300] {logging_mixin.py:188} INFO - [2025-10-27T21:58:13.798-0300] {dagbag.py:545} INFO - Filling up the DagBag from /home/joaosousa/projects/spotify-project/venv/lib/python3.12/site-packages/airflow/example_dags/example_branch_day_of_week_operator.py
[2025-10-27T21:58:13.804-0300] {processor.py:840} INFO - DAG(s) 'example_weekday_branch_operator' retrieved from /home/joaosousa/projects/spotify-project/venv/lib/python3.12/site-packages/airflow/example_dags/example_branch_day_of_week_operator.py
[2025-10-27T21:58:13.816-0300] {logging_mixin.py:188} INFO - [2025-10-27T21:58:13.816-0300] {dag.py:3096} INFO - Sync 1 DAGs
[2025-10-27T21:58:13.830-0300] {logging_mixin.py:188} INFO - [2025-10-27T21:58:13.829-0300] {dag.py:3954} INFO - Setting next_dagrun for example_weekday_branch_operator to 2025-10-27 00:00:00+00:00, run_after=2025-10-28 00:00:00+00:00
[2025-10-27T21:58:13.844-0300] {processor.py:183} INFO - Processing /home/joaosousa/projects/spotify-project/venv/lib/python3.12/site-packages/airflow/example_dags/example_branch_day_of_week_operator.py took 0.053 seconds
[2025-10-27T21:59:12.104-0300] {processor.py:161} INFO - Started process (PID=4766) to work on /home/joaosousa/projects/spotify-project/venv/lib/python3.12/site-packages/airflow/example_dags/example_branch_day_of_week_operator.py
[2025-10-27T21:59:12.106-0300] {processor.py:830} INFO - Processing file /home/joaosousa/projects/spotify-project/venv/lib/python3.12/site-packages/airflow/example_dags/example_branch_day_of_week_operator.py for tasks to queue
[2025-10-27T21:59:12.107-0300] {logging_mixin.py:188} INFO - [2025-10-27T21:59:12.107-0300] {dagbag.py:545} INFO - Filling up the DagBag from /home/joaosousa/projects/spotify-project/venv/lib/python3.12/site-packages/airflow/example_dags/example_branch_day_of_week_operator.py
[2025-10-27T21:59:12.113-0300] {processor.py:840} INFO - DAG(s) 'example_weekday_branch_operator' retrieved from /home/joaosousa/projects/spotify-project/venv/lib/python3.12/site-packages/airflow/example_dags/example_branch_day_of_week_operator.py
[2025-10-27T21:59:12.124-0300] {logging_mixin.py:188} INFO - [2025-10-27T21:59:12.124-0300] {dag.py:3096} INFO - Sync 1 DAGs
[2025-10-27T21:59:12.138-0300] {logging_mixin.py:188} INFO - [2025-10-27T21:59:12.138-0300] {dag.py:3954} INFO - Setting next_dagrun for example_weekday_branch_operator to 2025-10-27 00:00:00+00:00, run_after=2025-10-28 00:00:00+00:00
[2025-10-27T21:59:12.152-0300] {processor.py:183} INFO - Processing /home/joaosousa/projects/spotify-project/venv/lib/python3.12/site-packages/airflow/example_dags/example_branch_day_of_week_operator.py took 0.052 seconds
[2025-10-27T22:00:19.085-0300] {processor.py:161} INFO - Started process (PID=4903) to work on /home/joaosousa/projects/spotify-project/venv/lib/python3.12/site-packages/airflow/example_dags/example_branch_day_of_week_operator.py
[2025-10-27T22:00:19.087-0300] {processor.py:830} INFO - Processing file /home/joaosousa/projects/spotify-project/venv/lib/python3.12/site-packages/airflow/example_dags/example_branch_day_of_week_operator.py for tasks to queue
[2025-10-27T22:00:19.088-0300] {logging_mixin.py:188} INFO - [2025-10-27T22:00:19.088-0300] {dagbag.py:545} INFO - Filling up the DagBag from /home/joaosousa/projects/spotify-project/venv/lib/python3.12/site-packages/airflow/example_dags/example_branch_day_of_week_operator.py
[2025-10-27T22:00:19.094-0300] {processor.py:840} INFO - DAG(s) 'example_weekday_branch_operator' retrieved from /home/joaosousa/projects/spotify-project/venv/lib/python3.12/site-packages/airflow/example_dags/example_branch_day_of_week_operator.py
[2025-10-27T22:00:19.106-0300] {logging_mixin.py:188} INFO - [2025-10-27T22:00:19.106-0300] {dag.py:3096} INFO - Sync 1 DAGs
[2025-10-27T22:00:19.120-0300] {logging_mixin.py:188} INFO - [2025-10-27T22:00:19.120-0300] {dag.py:3954} INFO - Setting next_dagrun for example_weekday_branch_operator to 2025-10-27 00:00:00+00:00, run_after=2025-10-28 00:00:00+00:00
[2025-10-27T22:00:19.135-0300] {processor.py:183} INFO - Processing /home/joaosousa/projects/spotify-project/venv/lib/python3.12/site-packages/airflow/example_dags/example_branch_day_of_week_operator.py took 0.054 seconds
[2025-10-27T22:01:21.425-0300] {processor.py:161} INFO - Started process (PID=4998) to work on /home/joaosousa/projects/spotify-project/venv/lib/python3.12/site-packages/airflow/example_dags/example_branch_day_of_week_operator.py
[2025-10-27T22:01:21.427-0300] {processor.py:830} INFO - Processing file /home/joaosousa/projects/spotify-project/venv/lib/python3.12/site-packages/airflow/example_dags/example_branch_day_of_week_operator.py for tasks to queue
[2025-10-27T22:01:21.428-0300] {logging_mixin.py:188} INFO - [2025-10-27T22:01:21.428-0300] {dagbag.py:545} INFO - Filling up the DagBag from /home/joaosousa/projects/spotify-project/venv/lib/python3.12/site-packages/airflow/example_dags/example_branch_day_of_week_operator.py
[2025-10-27T22:01:21.434-0300] {processor.py:840} INFO - DAG(s) 'example_weekday_branch_operator' retrieved from /home/joaosousa/projects/spotify-project/venv/lib/python3.12/site-packages/airflow/example_dags/example_branch_day_of_week_operator.py
[2025-10-27T22:01:21.447-0300] {logging_mixin.py:188} INFO - [2025-10-27T22:01:21.447-0300] {dag.py:3096} INFO - Sync 1 DAGs
[2025-10-27T22:01:21.461-0300] {logging_mixin.py:188} INFO - [2025-10-27T22:01:21.460-0300] {dag.py:3954} INFO - Setting next_dagrun for example_weekday_branch_operator to 2025-10-27 00:00:00+00:00, run_after=2025-10-28 00:00:00+00:00
[2025-10-27T22:01:21.478-0300] {processor.py:183} INFO - Processing /home/joaosousa/projects/spotify-project/venv/lib/python3.12/site-packages/airflow/example_dags/example_branch_day_of_week_operator.py took 0.058 seconds
[2025-10-27T22:02:19.570-0300] {processor.py:161} INFO - Started process (PID=5120) to work on /home/joaosousa/projects/spotify-project/venv/lib/python3.12/site-packages/airflow/example_dags/example_branch_day_of_week_operator.py
[2025-10-27T22:02:19.571-0300] {processor.py:830} INFO - Processing file /home/joaosousa/projects/spotify-project/venv/lib/python3.12/site-packages/airflow/example_dags/example_branch_day_of_week_operator.py for tasks to queue
[2025-10-27T22:02:19.572-0300] {logging_mixin.py:188} INFO - [2025-10-27T22:02:19.572-0300] {dagbag.py:545} INFO - Filling up the DagBag from /home/joaosousa/projects/spotify-project/venv/lib/python3.12/site-packages/airflow/example_dags/example_branch_day_of_week_operator.py
[2025-10-27T22:02:19.578-0300] {processor.py:840} INFO - DAG(s) 'example_weekday_branch_operator' retrieved from /home/joaosousa/projects/spotify-project/venv/lib/python3.12/site-packages/airflow/example_dags/example_branch_day_of_week_operator.py
[2025-10-27T22:02:19.589-0300] {logging_mixin.py:188} INFO - [2025-10-27T22:02:19.589-0300] {dag.py:3096} INFO - Sync 1 DAGs
[2025-10-27T22:02:19.601-0300] {logging_mixin.py:188} INFO - [2025-10-27T22:02:19.601-0300] {dag.py:3954} INFO - Setting next_dagrun for example_weekday_branch_operator to 2025-10-27 00:00:00+00:00, run_after=2025-10-28 00:00:00+00:00
[2025-10-27T22:02:19.616-0300] {processor.py:183} INFO - Processing /home/joaosousa/projects/spotify-project/venv/lib/python3.12/site-packages/airflow/example_dags/example_branch_day_of_week_operator.py took 0.050 seconds
[2025-10-27T22:03:23.765-0300] {processor.py:161} INFO - Started process (PID=5218) to work on /home/joaosousa/projects/spotify-project/venv/lib/python3.12/site-packages/airflow/example_dags/example_branch_day_of_week_operator.py
[2025-10-27T22:03:23.767-0300] {processor.py:830} INFO - Processing file /home/joaosousa/projects/spotify-project/venv/lib/python3.12/site-packages/airflow/example_dags/example_branch_day_of_week_operator.py for tasks to queue
[2025-10-27T22:03:23.769-0300] {logging_mixin.py:188} INFO - [2025-10-27T22:03:23.768-0300] {dagbag.py:545} INFO - Filling up the DagBag from /home/joaosousa/projects/spotify-project/venv/lib/python3.12/site-packages/airflow/example_dags/example_branch_day_of_week_operator.py
[2025-10-27T22:03:23.776-0300] {processor.py:840} INFO - DAG(s) 'example_weekday_branch_operator' retrieved from /home/joaosousa/projects/spotify-project/venv/lib/python3.12/site-packages/airflow/example_dags/example_branch_day_of_week_operator.py
[2025-10-27T22:03:23.787-0300] {logging_mixin.py:188} INFO - [2025-10-27T22:03:23.787-0300] {dag.py:3096} INFO - Sync 1 DAGs
[2025-10-27T22:03:23.800-0300] {logging_mixin.py:188} INFO - [2025-10-27T22:03:23.800-0300] {dag.py:3954} INFO - Setting next_dagrun for example_weekday_branch_operator to 2025-10-27 00:00:00+00:00, run_after=2025-10-28 00:00:00+00:00
[2025-10-27T22:03:23.814-0300] {processor.py:183} INFO - Processing /home/joaosousa/projects/spotify-project/venv/lib/python3.12/site-packages/airflow/example_dags/example_branch_day_of_week_operator.py took 0.053 seconds
[2025-10-27T22:04:21.328-0300] {processor.py:161} INFO - Started process (PID=5330) to work on /home/joaosousa/projects/spotify-project/venv/lib/python3.12/site-packages/airflow/example_dags/example_branch_day_of_week_operator.py
[2025-10-27T22:04:21.330-0300] {processor.py:830} INFO - Processing file /home/joaosousa/projects/spotify-project/venv/lib/python3.12/site-packages/airflow/example_dags/example_branch_day_of_week_operator.py for tasks to queue
[2025-10-27T22:04:21.331-0300] {logging_mixin.py:188} INFO - [2025-10-27T22:04:21.331-0300] {dagbag.py:545} INFO - Filling up the DagBag from /home/joaosousa/projects/spotify-project/venv/lib/python3.12/site-packages/airflow/example_dags/example_branch_day_of_week_operator.py
[2025-10-27T22:04:21.337-0300] {processor.py:840} INFO - DAG(s) 'example_weekday_branch_operator' retrieved from /home/joaosousa/projects/spotify-project/venv/lib/python3.12/site-packages/airflow/example_dags/example_branch_day_of_week_operator.py
[2025-10-27T22:04:21.349-0300] {logging_mixin.py:188} INFO - [2025-10-27T22:04:21.349-0300] {dag.py:3096} INFO - Sync 1 DAGs
[2025-10-27T22:04:21.362-0300] {logging_mixin.py:188} INFO - [2025-10-27T22:04:21.362-0300] {dag.py:3954} INFO - Setting next_dagrun for example_weekday_branch_operator to 2025-10-27 00:00:00+00:00, run_after=2025-10-28 00:00:00+00:00
[2025-10-27T22:04:21.377-0300] {processor.py:183} INFO - Processing /home/joaosousa/projects/spotify-project/venv/lib/python3.12/site-packages/airflow/example_dags/example_branch_day_of_week_operator.py took 0.054 seconds
[2025-10-27T22:05:19.315-0300] {processor.py:161} INFO - Started process (PID=5424) to work on /home/joaosousa/projects/spotify-project/venv/lib/python3.12/site-packages/airflow/example_dags/example_branch_day_of_week_operator.py
[2025-10-27T22:05:19.317-0300] {processor.py:830} INFO - Processing file /home/joaosousa/projects/spotify-project/venv/lib/python3.12/site-packages/airflow/example_dags/example_branch_day_of_week_operator.py for tasks to queue
[2025-10-27T22:05:19.318-0300] {logging_mixin.py:188} INFO - [2025-10-27T22:05:19.318-0300] {dagbag.py:545} INFO - Filling up the DagBag from /home/joaosousa/projects/spotify-project/venv/lib/python3.12/site-packages/airflow/example_dags/example_branch_day_of_week_operator.py
[2025-10-27T22:05:19.324-0300] {processor.py:840} INFO - DAG(s) 'example_weekday_branch_operator' retrieved from /home/joaosousa/projects/spotify-project/venv/lib/python3.12/site-packages/airflow/example_dags/example_branch_day_of_week_operator.py
[2025-10-27T22:05:19.336-0300] {logging_mixin.py:188} INFO - [2025-10-27T22:05:19.336-0300] {dag.py:3096} INFO - Sync 1 DAGs
[2025-10-27T22:05:19.349-0300] {logging_mixin.py:188} INFO - [2025-10-27T22:05:19.349-0300] {dag.py:3954} INFO - Setting next_dagrun for example_weekday_branch_operator to 2025-10-27 00:00:00+00:00, run_after=2025-10-28 00:00:00+00:00
[2025-10-27T22:05:19.364-0300] {processor.py:183} INFO - Processing /home/joaosousa/projects/spotify-project/venv/lib/python3.12/site-packages/airflow/example_dags/example_branch_day_of_week_operator.py took 0.053 seconds
[2025-10-27T22:06:19.618-0300] {processor.py:161} INFO - Started process (PID=5534) to work on /home/joaosousa/projects/spotify-project/venv/lib/python3.12/site-packages/airflow/example_dags/example_branch_day_of_week_operator.py
[2025-10-27T22:06:19.619-0300] {processor.py:830} INFO - Processing file /home/joaosousa/projects/spotify-project/venv/lib/python3.12/site-packages/airflow/example_dags/example_branch_day_of_week_operator.py for tasks to queue
[2025-10-27T22:06:19.621-0300] {logging_mixin.py:188} INFO - [2025-10-27T22:06:19.621-0300] {dagbag.py:545} INFO - Filling up the DagBag from /home/joaosousa/projects/spotify-project/venv/lib/python3.12/site-packages/airflow/example_dags/example_branch_day_of_week_operator.py
[2025-10-27T22:06:19.627-0300] {processor.py:840} INFO - DAG(s) 'example_weekday_branch_operator' retrieved from /home/joaosousa/projects/spotify-project/venv/lib/python3.12/site-packages/airflow/example_dags/example_branch_day_of_week_operator.py
[2025-10-27T22:06:19.638-0300] {logging_mixin.py:188} INFO - [2025-10-27T22:06:19.638-0300] {dag.py:3096} INFO - Sync 1 DAGs
[2025-10-27T22:06:19.651-0300] {logging_mixin.py:188} INFO - [2025-10-27T22:06:19.651-0300] {dag.py:3954} INFO - Setting next_dagrun for example_weekday_branch_operator to 2025-10-27 00:00:00+00:00, run_after=2025-10-28 00:00:00+00:00
[2025-10-27T22:06:19.665-0300] {processor.py:183} INFO - Processing /home/joaosousa/projects/spotify-project/venv/lib/python3.12/site-packages/airflow/example_dags/example_branch_day_of_week_operator.py took 0.051 seconds
[2025-10-27T22:07:17.592-0300] {processor.py:161} INFO - Started process (PID=5636) to work on /home/joaosousa/projects/spotify-project/venv/lib/python3.12/site-packages/airflow/example_dags/example_branch_day_of_week_operator.py
[2025-10-27T22:07:17.594-0300] {processor.py:830} INFO - Processing file /home/joaosousa/projects/spotify-project/venv/lib/python3.12/site-packages/airflow/example_dags/example_branch_day_of_week_operator.py for tasks to queue
[2025-10-27T22:07:17.595-0300] {logging_mixin.py:188} INFO - [2025-10-27T22:07:17.594-0300] {dagbag.py:545} INFO - Filling up the DagBag from /home/joaosousa/projects/spotify-project/venv/lib/python3.12/site-packages/airflow/example_dags/example_branch_day_of_week_operator.py
[2025-10-27T22:07:17.601-0300] {processor.py:840} INFO - DAG(s) 'example_weekday_branch_operator' retrieved from /home/joaosousa/projects/spotify-project/venv/lib/python3.12/site-packages/airflow/example_dags/example_branch_day_of_week_operator.py
[2025-10-27T22:07:17.614-0300] {logging_mixin.py:188} INFO - [2025-10-27T22:07:17.613-0300] {dag.py:3096} INFO - Sync 1 DAGs
[2025-10-27T22:07:17.628-0300] {logging_mixin.py:188} INFO - [2025-10-27T22:07:17.628-0300] {dag.py:3954} INFO - Setting next_dagrun for example_weekday_branch_operator to 2025-10-27 00:00:00+00:00, run_after=2025-10-28 00:00:00+00:00
[2025-10-27T22:07:17.643-0300] {processor.py:183} INFO - Processing /home/joaosousa/projects/spotify-project/venv/lib/python3.12/site-packages/airflow/example_dags/example_branch_day_of_week_operator.py took 0.056 seconds
[2025-10-27T22:08:16.724-0300] {processor.py:161} INFO - Started process (PID=5746) to work on /home/joaosousa/projects/spotify-project/venv/lib/python3.12/site-packages/airflow/example_dags/example_branch_day_of_week_operator.py
[2025-10-27T22:08:16.726-0300] {processor.py:830} INFO - Processing file /home/joaosousa/projects/spotify-project/venv/lib/python3.12/site-packages/airflow/example_dags/example_branch_day_of_week_operator.py for tasks to queue
[2025-10-27T22:08:16.727-0300] {logging_mixin.py:188} INFO - [2025-10-27T22:08:16.727-0300] {dagbag.py:545} INFO - Filling up the DagBag from /home/joaosousa/projects/spotify-project/venv/lib/python3.12/site-packages/airflow/example_dags/example_branch_day_of_week_operator.py
[2025-10-27T22:08:16.734-0300] {processor.py:840} INFO - DAG(s) 'example_weekday_branch_operator' retrieved from /home/joaosousa/projects/spotify-project/venv/lib/python3.12/site-packages/airflow/example_dags/example_branch_day_of_week_operator.py
[2025-10-27T22:08:16.747-0300] {logging_mixin.py:188} INFO - [2025-10-27T22:08:16.746-0300] {dag.py:3096} INFO - Sync 1 DAGs
[2025-10-27T22:08:16.760-0300] {logging_mixin.py:188} INFO - [2025-10-27T22:08:16.760-0300] {dag.py:3954} INFO - Setting next_dagrun for example_weekday_branch_operator to 2025-10-27 00:00:00+00:00, run_after=2025-10-28 00:00:00+00:00
[2025-10-27T22:08:16.775-0300] {processor.py:183} INFO - Processing /home/joaosousa/projects/spotify-project/venv/lib/python3.12/site-packages/airflow/example_dags/example_branch_day_of_week_operator.py took 0.055 seconds
[2025-10-27T22:09:18.097-0300] {processor.py:161} INFO - Started process (PID=5835) to work on /home/joaosousa/projects/spotify-project/venv/lib/python3.12/site-packages/airflow/example_dags/example_branch_day_of_week_operator.py
[2025-10-27T22:09:18.099-0300] {processor.py:830} INFO - Processing file /home/joaosousa/projects/spotify-project/venv/lib/python3.12/site-packages/airflow/example_dags/example_branch_day_of_week_operator.py for tasks to queue
[2025-10-27T22:09:18.101-0300] {logging_mixin.py:188} INFO - [2025-10-27T22:09:18.101-0300] {dagbag.py:545} INFO - Filling up the DagBag from /home/joaosousa/projects/spotify-project/venv/lib/python3.12/site-packages/airflow/example_dags/example_branch_day_of_week_operator.py
[2025-10-27T22:09:18.107-0300] {processor.py:840} INFO - DAG(s) 'example_weekday_branch_operator' retrieved from /home/joaosousa/projects/spotify-project/venv/lib/python3.12/site-packages/airflow/example_dags/example_branch_day_of_week_operator.py
[2025-10-27T22:09:18.120-0300] {logging_mixin.py:188} INFO - [2025-10-27T22:09:18.119-0300] {dag.py:3096} INFO - Sync 1 DAGs
[2025-10-27T22:09:18.134-0300] {logging_mixin.py:188} INFO - [2025-10-27T22:09:18.134-0300] {dag.py:3954} INFO - Setting next_dagrun for example_weekday_branch_operator to 2025-10-27 00:00:00+00:00, run_after=2025-10-28 00:00:00+00:00
[2025-10-27T22:09:18.150-0300] {processor.py:183} INFO - Processing /home/joaosousa/projects/spotify-project/venv/lib/python3.12/site-packages/airflow/example_dags/example_branch_day_of_week_operator.py took 0.057 seconds
[2025-10-27T22:10:17.303-0300] {processor.py:161} INFO - Started process (PID=5944) to work on /home/joaosousa/projects/spotify-project/venv/lib/python3.12/site-packages/airflow/example_dags/example_branch_day_of_week_operator.py
[2025-10-27T22:10:17.305-0300] {processor.py:830} INFO - Processing file /home/joaosousa/projects/spotify-project/venv/lib/python3.12/site-packages/airflow/example_dags/example_branch_day_of_week_operator.py for tasks to queue
[2025-10-27T22:10:17.306-0300] {logging_mixin.py:188} INFO - [2025-10-27T22:10:17.306-0300] {dagbag.py:545} INFO - Filling up the DagBag from /home/joaosousa/projects/spotify-project/venv/lib/python3.12/site-packages/airflow/example_dags/example_branch_day_of_week_operator.py
[2025-10-27T22:10:17.313-0300] {processor.py:840} INFO - DAG(s) 'example_weekday_branch_operator' retrieved from /home/joaosousa/projects/spotify-project/venv/lib/python3.12/site-packages/airflow/example_dags/example_branch_day_of_week_operator.py
[2025-10-27T22:10:17.325-0300] {logging_mixin.py:188} INFO - [2025-10-27T22:10:17.325-0300] {dag.py:3096} INFO - Sync 1 DAGs
[2025-10-27T22:10:17.339-0300] {logging_mixin.py:188} INFO - [2025-10-27T22:10:17.339-0300] {dag.py:3954} INFO - Setting next_dagrun for example_weekday_branch_operator to 2025-10-27 00:00:00+00:00, run_after=2025-10-28 00:00:00+00:00
[2025-10-27T22:10:17.354-0300] {processor.py:183} INFO - Processing /home/joaosousa/projects/spotify-project/venv/lib/python3.12/site-packages/airflow/example_dags/example_branch_day_of_week_operator.py took 0.056 seconds
[2025-10-27T22:11:13.581-0300] {processor.py:161} INFO - Started process (PID=6029) to work on /home/joaosousa/projects/spotify-project/venv/lib/python3.12/site-packages/airflow/example_dags/example_branch_day_of_week_operator.py
[2025-10-27T22:11:13.581-0300] {processor.py:830} INFO - Processing file /home/joaosousa/projects/spotify-project/venv/lib/python3.12/site-packages/airflow/example_dags/example_branch_day_of_week_operator.py for tasks to queue
[2025-10-27T22:11:13.583-0300] {logging_mixin.py:188} INFO - [2025-10-27T22:11:13.583-0300] {dagbag.py:545} INFO - Filling up the DagBag from /home/joaosousa/projects/spotify-project/venv/lib/python3.12/site-packages/airflow/example_dags/example_branch_day_of_week_operator.py
[2025-10-27T22:11:13.590-0300] {processor.py:840} INFO - DAG(s) 'example_weekday_branch_operator' retrieved from /home/joaosousa/projects/spotify-project/venv/lib/python3.12/site-packages/airflow/example_dags/example_branch_day_of_week_operator.py
[2025-10-27T22:11:13.601-0300] {logging_mixin.py:188} INFO - [2025-10-27T22:11:13.601-0300] {dag.py:3096} INFO - Sync 1 DAGs
[2025-10-27T22:11:13.614-0300] {logging_mixin.py:188} INFO - [2025-10-27T22:11:13.614-0300] {dag.py:3954} INFO - Setting next_dagrun for example_weekday_branch_operator to 2025-10-27 00:00:00+00:00, run_after=2025-10-28 00:00:00+00:00
[2025-10-27T22:11:13.629-0300] {processor.py:183} INFO - Processing /home/joaosousa/projects/spotify-project/venv/lib/python3.12/site-packages/airflow/example_dags/example_branch_day_of_week_operator.py took 0.053 seconds
[2025-10-27T22:12:11.781-0300] {processor.py:161} INFO - Started process (PID=6139) to work on /home/joaosousa/projects/spotify-project/venv/lib/python3.12/site-packages/airflow/example_dags/example_branch_day_of_week_operator.py
[2025-10-27T22:12:11.783-0300] {processor.py:830} INFO - Processing file /home/joaosousa/projects/spotify-project/venv/lib/python3.12/site-packages/airflow/example_dags/example_branch_day_of_week_operator.py for tasks to queue
[2025-10-27T22:12:11.785-0300] {logging_mixin.py:188} INFO - [2025-10-27T22:12:11.784-0300] {dagbag.py:545} INFO - Filling up the DagBag from /home/joaosousa/projects/spotify-project/venv/lib/python3.12/site-packages/airflow/example_dags/example_branch_day_of_week_operator.py
[2025-10-27T22:12:11.791-0300] {processor.py:840} INFO - DAG(s) 'example_weekday_branch_operator' retrieved from /home/joaosousa/projects/spotify-project/venv/lib/python3.12/site-packages/airflow/example_dags/example_branch_day_of_week_operator.py
[2025-10-27T22:12:11.803-0300] {logging_mixin.py:188} INFO - [2025-10-27T22:12:11.803-0300] {dag.py:3096} INFO - Sync 1 DAGs
[2025-10-27T22:12:11.816-0300] {logging_mixin.py:188} INFO - [2025-10-27T22:12:11.816-0300] {dag.py:3954} INFO - Setting next_dagrun for example_weekday_branch_operator to 2025-10-27 00:00:00+00:00, run_after=2025-10-28 00:00:00+00:00
[2025-10-27T22:12:11.831-0300] {processor.py:183} INFO - Processing /home/joaosousa/projects/spotify-project/venv/lib/python3.12/site-packages/airflow/example_dags/example_branch_day_of_week_operator.py took 0.054 seconds
[2025-10-27T22:13:09.620-0300] {processor.py:161} INFO - Started process (PID=6245) to work on /home/joaosousa/projects/spotify-project/venv/lib/python3.12/site-packages/airflow/example_dags/example_branch_day_of_week_operator.py
[2025-10-27T22:13:09.621-0300] {processor.py:830} INFO - Processing file /home/joaosousa/projects/spotify-project/venv/lib/python3.12/site-packages/airflow/example_dags/example_branch_day_of_week_operator.py for tasks to queue
[2025-10-27T22:13:09.623-0300] {logging_mixin.py:188} INFO - [2025-10-27T22:13:09.622-0300] {dagbag.py:545} INFO - Filling up the DagBag from /home/joaosousa/projects/spotify-project/venv/lib/python3.12/site-packages/airflow/example_dags/example_branch_day_of_week_operator.py
[2025-10-27T22:13:09.628-0300] {processor.py:840} INFO - DAG(s) 'example_weekday_branch_operator' retrieved from /home/joaosousa/projects/spotify-project/venv/lib/python3.12/site-packages/airflow/example_dags/example_branch_day_of_week_operator.py
[2025-10-27T22:13:09.640-0300] {logging_mixin.py:188} INFO - [2025-10-27T22:13:09.640-0300] {dag.py:3096} INFO - Sync 1 DAGs
[2025-10-27T22:13:09.654-0300] {logging_mixin.py:188} INFO - [2025-10-27T22:13:09.653-0300] {dag.py:3954} INFO - Setting next_dagrun for example_weekday_branch_operator to 2025-10-27 00:00:00+00:00, run_after=2025-10-28 00:00:00+00:00
[2025-10-27T22:13:09.669-0300] {processor.py:183} INFO - Processing /home/joaosousa/projects/spotify-project/venv/lib/python3.12/site-packages/airflow/example_dags/example_branch_day_of_week_operator.py took 0.054 seconds
[2025-10-27T22:14:11.206-0300] {processor.py:161} INFO - Started process (PID=6356) to work on /home/joaosousa/projects/spotify-project/venv/lib/python3.12/site-packages/airflow/example_dags/example_branch_day_of_week_operator.py
[2025-10-27T22:14:11.208-0300] {processor.py:830} INFO - Processing file /home/joaosousa/projects/spotify-project/venv/lib/python3.12/site-packages/airflow/example_dags/example_branch_day_of_week_operator.py for tasks to queue
[2025-10-27T22:14:11.209-0300] {logging_mixin.py:188} INFO - [2025-10-27T22:14:11.209-0300] {dagbag.py:545} INFO - Filling up the DagBag from /home/joaosousa/projects/spotify-project/venv/lib/python3.12/site-packages/airflow/example_dags/example_branch_day_of_week_operator.py
[2025-10-27T22:14:11.215-0300] {processor.py:840} INFO - DAG(s) 'example_weekday_branch_operator' retrieved from /home/joaosousa/projects/spotify-project/venv/lib/python3.12/site-packages/airflow/example_dags/example_branch_day_of_week_operator.py
[2025-10-27T22:14:11.228-0300] {logging_mixin.py:188} INFO - [2025-10-27T22:14:11.228-0300] {dag.py:3096} INFO - Sync 1 DAGs
[2025-10-27T22:14:11.243-0300] {logging_mixin.py:188} INFO - [2025-10-27T22:14:11.243-0300] {dag.py:3954} INFO - Setting next_dagrun for example_weekday_branch_operator to 2025-10-27 00:00:00+00:00, run_after=2025-10-28 00:00:00+00:00
[2025-10-27T22:14:11.258-0300] {processor.py:183} INFO - Processing /home/joaosousa/projects/spotify-project/venv/lib/python3.12/site-packages/airflow/example_dags/example_branch_day_of_week_operator.py took 0.056 seconds
[2025-10-27T22:15:15.850-0300] {processor.py:161} INFO - Started process (PID=6446) to work on /home/joaosousa/projects/spotify-project/venv/lib/python3.12/site-packages/airflow/example_dags/example_branch_day_of_week_operator.py
[2025-10-27T22:15:15.852-0300] {processor.py:830} INFO - Processing file /home/joaosousa/projects/spotify-project/venv/lib/python3.12/site-packages/airflow/example_dags/example_branch_day_of_week_operator.py for tasks to queue
[2025-10-27T22:15:15.854-0300] {logging_mixin.py:188} INFO - [2025-10-27T22:15:15.853-0300] {dagbag.py:545} INFO - Filling up the DagBag from /home/joaosousa/projects/spotify-project/venv/lib/python3.12/site-packages/airflow/example_dags/example_branch_day_of_week_operator.py
[2025-10-27T22:15:15.859-0300] {processor.py:840} INFO - DAG(s) 'example_weekday_branch_operator' retrieved from /home/joaosousa/projects/spotify-project/venv/lib/python3.12/site-packages/airflow/example_dags/example_branch_day_of_week_operator.py
[2025-10-27T22:15:15.871-0300] {logging_mixin.py:188} INFO - [2025-10-27T22:15:15.871-0300] {dag.py:3096} INFO - Sync 1 DAGs
[2025-10-27T22:15:15.883-0300] {logging_mixin.py:188} INFO - [2025-10-27T22:15:15.883-0300] {dag.py:3954} INFO - Setting next_dagrun for example_weekday_branch_operator to 2025-10-27 00:00:00+00:00, run_after=2025-10-28 00:00:00+00:00
[2025-10-27T22:15:15.897-0300] {processor.py:183} INFO - Processing /home/joaosousa/projects/spotify-project/venv/lib/python3.12/site-packages/airflow/example_dags/example_branch_day_of_week_operator.py took 0.051 seconds
[2025-10-27T22:16:14.149-0300] {processor.py:161} INFO - Started process (PID=6574) to work on /home/joaosousa/projects/spotify-project/venv/lib/python3.12/site-packages/airflow/example_dags/example_branch_day_of_week_operator.py
[2025-10-27T22:16:14.153-0300] {processor.py:830} INFO - Processing file /home/joaosousa/projects/spotify-project/venv/lib/python3.12/site-packages/airflow/example_dags/example_branch_day_of_week_operator.py for tasks to queue
[2025-10-27T22:16:14.154-0300] {logging_mixin.py:188} INFO - [2025-10-27T22:16:14.154-0300] {dagbag.py:545} INFO - Filling up the DagBag from /home/joaosousa/projects/spotify-project/venv/lib/python3.12/site-packages/airflow/example_dags/example_branch_day_of_week_operator.py
[2025-10-27T22:16:14.160-0300] {processor.py:840} INFO - DAG(s) 'example_weekday_branch_operator' retrieved from /home/joaosousa/projects/spotify-project/venv/lib/python3.12/site-packages/airflow/example_dags/example_branch_day_of_week_operator.py
[2025-10-27T22:16:14.171-0300] {logging_mixin.py:188} INFO - [2025-10-27T22:16:14.171-0300] {dag.py:3096} INFO - Sync 1 DAGs
[2025-10-27T22:16:14.184-0300] {logging_mixin.py:188} INFO - [2025-10-27T22:16:14.184-0300] {dag.py:3954} INFO - Setting next_dagrun for example_weekday_branch_operator to 2025-10-27 00:00:00+00:00, run_after=2025-10-28 00:00:00+00:00
[2025-10-27T22:16:14.197-0300] {processor.py:183} INFO - Processing /home/joaosousa/projects/spotify-project/venv/lib/python3.12/site-packages/airflow/example_dags/example_branch_day_of_week_operator.py took 0.052 seconds
[2025-10-27T22:17:13.282-0300] {processor.py:161} INFO - Started process (PID=6675) to work on /home/joaosousa/projects/spotify-project/venv/lib/python3.12/site-packages/airflow/example_dags/example_branch_day_of_week_operator.py
[2025-10-27T22:17:13.284-0300] {processor.py:830} INFO - Processing file /home/joaosousa/projects/spotify-project/venv/lib/python3.12/site-packages/airflow/example_dags/example_branch_day_of_week_operator.py for tasks to queue
[2025-10-27T22:17:13.285-0300] {logging_mixin.py:188} INFO - [2025-10-27T22:17:13.285-0300] {dagbag.py:545} INFO - Filling up the DagBag from /home/joaosousa/projects/spotify-project/venv/lib/python3.12/site-packages/airflow/example_dags/example_branch_day_of_week_operator.py
[2025-10-27T22:17:13.291-0300] {processor.py:840} INFO - DAG(s) 'example_weekday_branch_operator' retrieved from /home/joaosousa/projects/spotify-project/venv/lib/python3.12/site-packages/airflow/example_dags/example_branch_day_of_week_operator.py
[2025-10-27T22:17:13.302-0300] {logging_mixin.py:188} INFO - [2025-10-27T22:17:13.302-0300] {dag.py:3096} INFO - Sync 1 DAGs
[2025-10-27T22:17:13.315-0300] {logging_mixin.py:188} INFO - [2025-10-27T22:17:13.315-0300] {dag.py:3954} INFO - Setting next_dagrun for example_weekday_branch_operator to 2025-10-27 00:00:00+00:00, run_after=2025-10-28 00:00:00+00:00
[2025-10-27T22:17:13.329-0300] {processor.py:183} INFO - Processing /home/joaosousa/projects/spotify-project/venv/lib/python3.12/site-packages/airflow/example_dags/example_branch_day_of_week_operator.py took 0.051 seconds
[2025-10-27T22:18:14.998-0300] {processor.py:161} INFO - Started process (PID=6794) to work on /home/joaosousa/projects/spotify-project/venv/lib/python3.12/site-packages/airflow/example_dags/example_branch_day_of_week_operator.py
[2025-10-27T22:18:15.000-0300] {processor.py:830} INFO - Processing file /home/joaosousa/projects/spotify-project/venv/lib/python3.12/site-packages/airflow/example_dags/example_branch_day_of_week_operator.py for tasks to queue
[2025-10-27T22:18:15.001-0300] {logging_mixin.py:188} INFO - [2025-10-27T22:18:15.001-0300] {dagbag.py:545} INFO - Filling up the DagBag from /home/joaosousa/projects/spotify-project/venv/lib/python3.12/site-packages/airflow/example_dags/example_branch_day_of_week_operator.py
[2025-10-27T22:18:15.007-0300] {processor.py:840} INFO - DAG(s) 'example_weekday_branch_operator' retrieved from /home/joaosousa/projects/spotify-project/venv/lib/python3.12/site-packages/airflow/example_dags/example_branch_day_of_week_operator.py
[2025-10-27T22:18:15.019-0300] {logging_mixin.py:188} INFO - [2025-10-27T22:18:15.019-0300] {dag.py:3096} INFO - Sync 1 DAGs
[2025-10-27T22:18:15.033-0300] {logging_mixin.py:188} INFO - [2025-10-27T22:18:15.032-0300] {dag.py:3954} INFO - Setting next_dagrun for example_weekday_branch_operator to 2025-10-27 00:00:00+00:00, run_after=2025-10-28 00:00:00+00:00
[2025-10-27T22:18:15.046-0300] {processor.py:183} INFO - Processing /home/joaosousa/projects/spotify-project/venv/lib/python3.12/site-packages/airflow/example_dags/example_branch_day_of_week_operator.py took 0.053 seconds
[2025-10-27T22:19:15.632-0300] {processor.py:161} INFO - Started process (PID=6896) to work on /home/joaosousa/projects/spotify-project/venv/lib/python3.12/site-packages/airflow/example_dags/example_branch_day_of_week_operator.py
[2025-10-27T22:19:15.634-0300] {processor.py:830} INFO - Processing file /home/joaosousa/projects/spotify-project/venv/lib/python3.12/site-packages/airflow/example_dags/example_branch_day_of_week_operator.py for tasks to queue
[2025-10-27T22:19:15.635-0300] {logging_mixin.py:188} INFO - [2025-10-27T22:19:15.635-0300] {dagbag.py:545} INFO - Filling up the DagBag from /home/joaosousa/projects/spotify-project/venv/lib/python3.12/site-packages/airflow/example_dags/example_branch_day_of_week_operator.py
[2025-10-27T22:19:15.641-0300] {processor.py:840} INFO - DAG(s) 'example_weekday_branch_operator' retrieved from /home/joaosousa/projects/spotify-project/venv/lib/python3.12/site-packages/airflow/example_dags/example_branch_day_of_week_operator.py
[2025-10-27T22:19:15.652-0300] {logging_mixin.py:188} INFO - [2025-10-27T22:19:15.652-0300] {dag.py:3096} INFO - Sync 1 DAGs
[2025-10-27T22:19:15.664-0300] {logging_mixin.py:188} INFO - [2025-10-27T22:19:15.664-0300] {dag.py:3954} INFO - Setting next_dagrun for example_weekday_branch_operator to 2025-10-27 00:00:00+00:00, run_after=2025-10-28 00:00:00+00:00
[2025-10-27T22:19:15.678-0300] {processor.py:183} INFO - Processing /home/joaosousa/projects/spotify-project/venv/lib/python3.12/site-packages/airflow/example_dags/example_branch_day_of_week_operator.py took 0.050 seconds
[2025-10-27T22:20:10.917-0300] {processor.py:161} INFO - Started process (PID=7004) to work on /home/joaosousa/projects/spotify-project/venv/lib/python3.12/site-packages/airflow/example_dags/example_branch_day_of_week_operator.py
[2025-10-27T22:20:10.919-0300] {processor.py:830} INFO - Processing file /home/joaosousa/projects/spotify-project/venv/lib/python3.12/site-packages/airflow/example_dags/example_branch_day_of_week_operator.py for tasks to queue
[2025-10-27T22:20:10.920-0300] {logging_mixin.py:188} INFO - [2025-10-27T22:20:10.919-0300] {dagbag.py:545} INFO - Filling up the DagBag from /home/joaosousa/projects/spotify-project/venv/lib/python3.12/site-packages/airflow/example_dags/example_branch_day_of_week_operator.py
[2025-10-27T22:20:10.925-0300] {processor.py:840} INFO - DAG(s) 'example_weekday_branch_operator' retrieved from /home/joaosousa/projects/spotify-project/venv/lib/python3.12/site-packages/airflow/example_dags/example_branch_day_of_week_operator.py
[2025-10-27T22:20:10.938-0300] {logging_mixin.py:188} INFO - [2025-10-27T22:20:10.938-0300] {dag.py:3096} INFO - Sync 1 DAGs
[2025-10-27T22:20:10.951-0300] {logging_mixin.py:188} INFO - [2025-10-27T22:20:10.951-0300] {dag.py:3954} INFO - Setting next_dagrun for example_weekday_branch_operator to 2025-10-27 00:00:00+00:00, run_after=2025-10-28 00:00:00+00:00
[2025-10-27T22:20:10.967-0300] {processor.py:183} INFO - Processing /home/joaosousa/projects/spotify-project/venv/lib/python3.12/site-packages/airflow/example_dags/example_branch_day_of_week_operator.py took 0.054 seconds
[2025-10-27T22:21:08.182-0300] {processor.py:161} INFO - Started process (PID=7088) to work on /home/joaosousa/projects/spotify-project/venv/lib/python3.12/site-packages/airflow/example_dags/example_branch_day_of_week_operator.py
[2025-10-27T22:21:08.184-0300] {processor.py:830} INFO - Processing file /home/joaosousa/projects/spotify-project/venv/lib/python3.12/site-packages/airflow/example_dags/example_branch_day_of_week_operator.py for tasks to queue
[2025-10-27T22:21:08.186-0300] {logging_mixin.py:188} INFO - [2025-10-27T22:21:08.186-0300] {dagbag.py:545} INFO - Filling up the DagBag from /home/joaosousa/projects/spotify-project/venv/lib/python3.12/site-packages/airflow/example_dags/example_branch_day_of_week_operator.py
[2025-10-27T22:21:08.192-0300] {processor.py:840} INFO - DAG(s) 'example_weekday_branch_operator' retrieved from /home/joaosousa/projects/spotify-project/venv/lib/python3.12/site-packages/airflow/example_dags/example_branch_day_of_week_operator.py
[2025-10-27T22:21:08.203-0300] {logging_mixin.py:188} INFO - [2025-10-27T22:21:08.203-0300] {dag.py:3096} INFO - Sync 1 DAGs
[2025-10-27T22:21:08.216-0300] {logging_mixin.py:188} INFO - [2025-10-27T22:21:08.216-0300] {dag.py:3954} INFO - Setting next_dagrun for example_weekday_branch_operator to 2025-10-27 00:00:00+00:00, run_after=2025-10-28 00:00:00+00:00
[2025-10-27T22:21:08.231-0300] {processor.py:183} INFO - Processing /home/joaosousa/projects/spotify-project/venv/lib/python3.12/site-packages/airflow/example_dags/example_branch_day_of_week_operator.py took 0.052 seconds
[2025-10-27T22:22:10.174-0300] {processor.py:161} INFO - Started process (PID=7201) to work on /home/joaosousa/projects/spotify-project/venv/lib/python3.12/site-packages/airflow/example_dags/example_branch_day_of_week_operator.py
[2025-10-27T22:22:10.176-0300] {processor.py:830} INFO - Processing file /home/joaosousa/projects/spotify-project/venv/lib/python3.12/site-packages/airflow/example_dags/example_branch_day_of_week_operator.py for tasks to queue
[2025-10-27T22:22:10.177-0300] {logging_mixin.py:188} INFO - [2025-10-27T22:22:10.177-0300] {dagbag.py:545} INFO - Filling up the DagBag from /home/joaosousa/projects/spotify-project/venv/lib/python3.12/site-packages/airflow/example_dags/example_branch_day_of_week_operator.py
[2025-10-27T22:22:10.183-0300] {processor.py:840} INFO - DAG(s) 'example_weekday_branch_operator' retrieved from /home/joaosousa/projects/spotify-project/venv/lib/python3.12/site-packages/airflow/example_dags/example_branch_day_of_week_operator.py
[2025-10-27T22:22:10.194-0300] {logging_mixin.py:188} INFO - [2025-10-27T22:22:10.194-0300] {dag.py:3096} INFO - Sync 1 DAGs
[2025-10-27T22:22:10.206-0300] {logging_mixin.py:188} INFO - [2025-10-27T22:22:10.206-0300] {dag.py:3954} INFO - Setting next_dagrun for example_weekday_branch_operator to 2025-10-27 00:00:00+00:00, run_after=2025-10-28 00:00:00+00:00
[2025-10-27T22:22:10.220-0300] {processor.py:183} INFO - Processing /home/joaosousa/projects/spotify-project/venv/lib/python3.12/site-packages/airflow/example_dags/example_branch_day_of_week_operator.py took 0.050 seconds
