[2025-10-27T21:31:08.048-0300] {processor.py:161} INFO - Started process (PID=1092) to work on /home/joaosousa/projects/spotify-project/venv/lib/python3.12/site-packages/airflow/example_dags/example_python_decorator.py
[2025-10-27T21:31:08.049-0300] {processor.py:830} INFO - Processing file /home/joaosousa/projects/spotify-project/venv/lib/python3.12/site-packages/airflow/example_dags/example_python_decorator.py for tasks to queue
[2025-10-27T21:31:08.050-0300] {logging_mixin.py:188} INFO - [2025-10-27T21:31:08.050-0300] {dagbag.py:545} INFO - Filling up the DagBag from /home/joaosousa/projects/spotify-project/venv/lib/python3.12/site-packages/airflow/example_dags/example_python_decorator.py
[2025-10-27T21:31:08.087-0300] {logging_mixin.py:188} INFO - [2025-10-27T21:31:08.087-0300] {example_python_decorator.py:80} WARNING - The virtalenv_python example task requires virtualenv, please install it.
[2025-10-27T21:31:08.089-0300] {processor.py:840} INFO - DAG(s) 'example_python_decorator' retrieved from /home/joaosousa/projects/spotify-project/venv/lib/python3.12/site-packages/airflow/example_dags/example_python_decorator.py
[2025-10-27T21:31:08.101-0300] {logging_mixin.py:188} INFO - [2025-10-27T21:31:08.101-0300] {dag.py:3096} INFO - Sync 1 DAGs
[2025-10-27T21:31:08.108-0300] {logging_mixin.py:188} INFO - [2025-10-27T21:31:08.108-0300] {dag.py:3954} INFO - Setting next_dagrun for example_python_decorator to None, run_after=None
[2025-10-27T21:31:08.124-0300] {processor.py:183} INFO - Processing /home/joaosousa/projects/spotify-project/venv/lib/python3.12/site-packages/airflow/example_dags/example_python_decorator.py took 0.079 seconds
[2025-10-27T21:31:55.849-0300] {processor.py:161} INFO - Started process (PID=1277) to work on /home/joaosousa/projects/spotify-project/venv/lib/python3.12/site-packages/airflow/example_dags/example_python_decorator.py
[2025-10-27T21:31:55.851-0300] {processor.py:830} INFO - Processing file /home/joaosousa/projects/spotify-project/venv/lib/python3.12/site-packages/airflow/example_dags/example_python_decorator.py for tasks to queue
[2025-10-27T21:31:55.852-0300] {logging_mixin.py:188} INFO - [2025-10-27T21:31:55.852-0300] {dagbag.py:545} INFO - Filling up the DagBag from /home/joaosousa/projects/spotify-project/venv/lib/python3.12/site-packages/airflow/example_dags/example_python_decorator.py
[2025-10-27T21:31:55.888-0300] {logging_mixin.py:188} INFO - [2025-10-27T21:31:55.888-0300] {example_python_decorator.py:80} WARNING - The virtalenv_python example task requires virtualenv, please install it.
[2025-10-27T21:31:55.889-0300] {processor.py:840} INFO - DAG(s) 'example_python_decorator' retrieved from /home/joaosousa/projects/spotify-project/venv/lib/python3.12/site-packages/airflow/example_dags/example_python_decorator.py
[2025-10-27T21:31:55.900-0300] {logging_mixin.py:188} INFO - [2025-10-27T21:31:55.900-0300] {dag.py:3096} INFO - Sync 1 DAGs
[2025-10-27T21:31:55.907-0300] {logging_mixin.py:188} INFO - [2025-10-27T21:31:55.907-0300] {dag.py:3954} INFO - Setting next_dagrun for example_python_decorator to None, run_after=None
[2025-10-27T21:31:55.922-0300] {processor.py:183} INFO - Processing /home/joaosousa/projects/spotify-project/venv/lib/python3.12/site-packages/airflow/example_dags/example_python_decorator.py took 0.077 seconds
[2025-10-27T21:32:58.518-0300] {processor.py:161} INFO - Started process (PID=1387) to work on /home/joaosousa/projects/spotify-project/venv/lib/python3.12/site-packages/airflow/example_dags/example_python_decorator.py
[2025-10-27T21:32:58.520-0300] {processor.py:830} INFO - Processing file /home/joaosousa/projects/spotify-project/venv/lib/python3.12/site-packages/airflow/example_dags/example_python_decorator.py for tasks to queue
[2025-10-27T21:32:58.521-0300] {logging_mixin.py:188} INFO - [2025-10-27T21:32:58.521-0300] {dagbag.py:545} INFO - Filling up the DagBag from /home/joaosousa/projects/spotify-project/venv/lib/python3.12/site-packages/airflow/example_dags/example_python_decorator.py
[2025-10-27T21:32:58.558-0300] {logging_mixin.py:188} INFO - [2025-10-27T21:32:58.558-0300] {example_python_decorator.py:80} WARNING - The virtalenv_python example task requires virtualenv, please install it.
[2025-10-27T21:32:58.559-0300] {processor.py:840} INFO - DAG(s) 'example_python_decorator' retrieved from /home/joaosousa/projects/spotify-project/venv/lib/python3.12/site-packages/airflow/example_dags/example_python_decorator.py
[2025-10-27T21:32:58.573-0300] {logging_mixin.py:188} INFO - [2025-10-27T21:32:58.573-0300] {dag.py:3096} INFO - Sync 1 DAGs
[2025-10-27T21:32:58.582-0300] {logging_mixin.py:188} INFO - [2025-10-27T21:32:58.581-0300] {dag.py:3954} INFO - Setting next_dagrun for example_python_decorator to None, run_after=None
[2025-10-27T21:32:58.598-0300] {processor.py:183} INFO - Processing /home/joaosousa/projects/spotify-project/venv/lib/python3.12/site-packages/airflow/example_dags/example_python_decorator.py took 0.083 seconds
[2025-10-27T21:33:46.809-0300] {processor.py:161} INFO - Started process (PID=1463) to work on /home/joaosousa/projects/spotify-project/venv/lib/python3.12/site-packages/airflow/example_dags/example_python_decorator.py
[2025-10-27T21:33:46.810-0300] {processor.py:830} INFO - Processing file /home/joaosousa/projects/spotify-project/venv/lib/python3.12/site-packages/airflow/example_dags/example_python_decorator.py for tasks to queue
[2025-10-27T21:33:46.812-0300] {logging_mixin.py:188} INFO - [2025-10-27T21:33:46.811-0300] {dagbag.py:545} INFO - Filling up the DagBag from /home/joaosousa/projects/spotify-project/venv/lib/python3.12/site-packages/airflow/example_dags/example_python_decorator.py
[2025-10-27T21:33:46.847-0300] {logging_mixin.py:188} INFO - [2025-10-27T21:33:46.846-0300] {example_python_decorator.py:80} WARNING - The virtalenv_python example task requires virtualenv, please install it.
[2025-10-27T21:33:46.847-0300] {processor.py:840} INFO - DAG(s) 'example_python_decorator' retrieved from /home/joaosousa/projects/spotify-project/venv/lib/python3.12/site-packages/airflow/example_dags/example_python_decorator.py
[2025-10-27T21:33:46.858-0300] {logging_mixin.py:188} INFO - [2025-10-27T21:33:46.858-0300] {dag.py:3096} INFO - Sync 1 DAGs
[2025-10-27T21:33:46.865-0300] {logging_mixin.py:188} INFO - [2025-10-27T21:33:46.865-0300] {dag.py:3954} INFO - Setting next_dagrun for example_python_decorator to None, run_after=None
[2025-10-27T21:33:46.879-0300] {processor.py:183} INFO - Processing /home/joaosousa/projects/spotify-project/venv/lib/python3.12/site-packages/airflow/example_dags/example_python_decorator.py took 0.074 seconds
[2025-10-27T21:34:48.100-0300] {processor.py:161} INFO - Started process (PID=1551) to work on /home/joaosousa/projects/spotify-project/venv/lib/python3.12/site-packages/airflow/example_dags/example_python_decorator.py
[2025-10-27T21:34:48.102-0300] {processor.py:830} INFO - Processing file /home/joaosousa/projects/spotify-project/venv/lib/python3.12/site-packages/airflow/example_dags/example_python_decorator.py for tasks to queue
[2025-10-27T21:34:48.104-0300] {logging_mixin.py:188} INFO - [2025-10-27T21:34:48.103-0300] {dagbag.py:545} INFO - Filling up the DagBag from /home/joaosousa/projects/spotify-project/venv/lib/python3.12/site-packages/airflow/example_dags/example_python_decorator.py
[2025-10-27T21:34:48.140-0300] {logging_mixin.py:188} INFO - [2025-10-27T21:34:48.140-0300] {example_python_decorator.py:80} WARNING - The virtalenv_python example task requires virtualenv, please install it.
[2025-10-27T21:34:48.140-0300] {processor.py:840} INFO - DAG(s) 'example_python_decorator' retrieved from /home/joaosousa/projects/spotify-project/venv/lib/python3.12/site-packages/airflow/example_dags/example_python_decorator.py
[2025-10-27T21:34:48.154-0300] {logging_mixin.py:188} INFO - [2025-10-27T21:34:48.154-0300] {dag.py:3096} INFO - Sync 1 DAGs
[2025-10-27T21:34:48.163-0300] {logging_mixin.py:188} INFO - [2025-10-27T21:34:48.163-0300] {dag.py:3954} INFO - Setting next_dagrun for example_python_decorator to None, run_after=None
[2025-10-27T21:34:48.179-0300] {processor.py:183} INFO - Processing /home/joaosousa/projects/spotify-project/venv/lib/python3.12/site-packages/airflow/example_dags/example_python_decorator.py took 0.083 seconds
[2025-10-27T21:35:48.538-0300] {processor.py:161} INFO - Started process (PID=1662) to work on /home/joaosousa/projects/spotify-project/venv/lib/python3.12/site-packages/airflow/example_dags/example_python_decorator.py
[2025-10-27T21:35:48.540-0300] {processor.py:830} INFO - Processing file /home/joaosousa/projects/spotify-project/venv/lib/python3.12/site-packages/airflow/example_dags/example_python_decorator.py for tasks to queue
[2025-10-27T21:35:48.541-0300] {logging_mixin.py:188} INFO - [2025-10-27T21:35:48.541-0300] {dagbag.py:545} INFO - Filling up the DagBag from /home/joaosousa/projects/spotify-project/venv/lib/python3.12/site-packages/airflow/example_dags/example_python_decorator.py
[2025-10-27T21:35:48.580-0300] {logging_mixin.py:188} INFO - [2025-10-27T21:35:48.580-0300] {example_python_decorator.py:80} WARNING - The virtalenv_python example task requires virtualenv, please install it.
[2025-10-27T21:35:48.581-0300] {processor.py:840} INFO - DAG(s) 'example_python_decorator' retrieved from /home/joaosousa/projects/spotify-project/venv/lib/python3.12/site-packages/airflow/example_dags/example_python_decorator.py
[2025-10-27T21:35:48.593-0300] {logging_mixin.py:188} INFO - [2025-10-27T21:35:48.592-0300] {dag.py:3096} INFO - Sync 1 DAGs
[2025-10-27T21:35:48.600-0300] {logging_mixin.py:188} INFO - [2025-10-27T21:35:48.600-0300] {dag.py:3954} INFO - Setting next_dagrun for example_python_decorator to None, run_after=None
[2025-10-27T21:35:48.616-0300] {processor.py:183} INFO - Processing /home/joaosousa/projects/spotify-project/venv/lib/python3.12/site-packages/airflow/example_dags/example_python_decorator.py took 0.082 seconds
[2025-10-27T21:36:58.065-0300] {processor.py:161} INFO - Started process (PID=1753) to work on /home/joaosousa/projects/spotify-project/venv/lib/python3.12/site-packages/airflow/example_dags/example_python_decorator.py
[2025-10-27T21:36:58.067-0300] {processor.py:830} INFO - Processing file /home/joaosousa/projects/spotify-project/venv/lib/python3.12/site-packages/airflow/example_dags/example_python_decorator.py for tasks to queue
[2025-10-27T21:36:58.068-0300] {logging_mixin.py:188} INFO - [2025-10-27T21:36:58.068-0300] {dagbag.py:545} INFO - Filling up the DagBag from /home/joaosousa/projects/spotify-project/venv/lib/python3.12/site-packages/airflow/example_dags/example_python_decorator.py
[2025-10-27T21:36:58.105-0300] {logging_mixin.py:188} INFO - [2025-10-27T21:36:58.105-0300] {example_python_decorator.py:80} WARNING - The virtalenv_python example task requires virtualenv, please install it.
[2025-10-27T21:36:58.106-0300] {processor.py:840} INFO - DAG(s) 'example_python_decorator' retrieved from /home/joaosousa/projects/spotify-project/venv/lib/python3.12/site-packages/airflow/example_dags/example_python_decorator.py
[2025-10-27T21:36:58.118-0300] {logging_mixin.py:188} INFO - [2025-10-27T21:36:58.118-0300] {dag.py:3096} INFO - Sync 1 DAGs
[2025-10-27T21:36:58.126-0300] {logging_mixin.py:188} INFO - [2025-10-27T21:36:58.126-0300] {dag.py:3954} INFO - Setting next_dagrun for example_python_decorator to None, run_after=None
[2025-10-27T21:36:58.142-0300] {processor.py:183} INFO - Processing /home/joaosousa/projects/spotify-project/venv/lib/python3.12/site-packages/airflow/example_dags/example_python_decorator.py took 0.081 seconds
[2025-10-27T21:38:02.875-0300] {processor.py:161} INFO - Started process (PID=1869) to work on /home/joaosousa/projects/spotify-project/venv/lib/python3.12/site-packages/airflow/example_dags/example_python_decorator.py
[2025-10-27T21:38:02.877-0300] {processor.py:830} INFO - Processing file /home/joaosousa/projects/spotify-project/venv/lib/python3.12/site-packages/airflow/example_dags/example_python_decorator.py for tasks to queue
[2025-10-27T21:38:02.878-0300] {logging_mixin.py:188} INFO - [2025-10-27T21:38:02.878-0300] {dagbag.py:545} INFO - Filling up the DagBag from /home/joaosousa/projects/spotify-project/venv/lib/python3.12/site-packages/airflow/example_dags/example_python_decorator.py
[2025-10-27T21:38:02.919-0300] {logging_mixin.py:188} INFO - [2025-10-27T21:38:02.919-0300] {example_python_decorator.py:80} WARNING - The virtalenv_python example task requires virtualenv, please install it.
[2025-10-27T21:38:02.920-0300] {processor.py:840} INFO - DAG(s) 'example_python_decorator' retrieved from /home/joaosousa/projects/spotify-project/venv/lib/python3.12/site-packages/airflow/example_dags/example_python_decorator.py
[2025-10-27T21:38:02.935-0300] {logging_mixin.py:188} INFO - [2025-10-27T21:38:02.934-0300] {dag.py:3096} INFO - Sync 1 DAGs
[2025-10-27T21:38:02.943-0300] {logging_mixin.py:188} INFO - [2025-10-27T21:38:02.943-0300] {dag.py:3954} INFO - Setting next_dagrun for example_python_decorator to None, run_after=None
[2025-10-27T21:38:02.959-0300] {processor.py:183} INFO - Processing /home/joaosousa/projects/spotify-project/venv/lib/python3.12/site-packages/airflow/example_dags/example_python_decorator.py took 0.089 seconds
[2025-10-27T21:38:58.748-0300] {processor.py:161} INFO - Started process (PID=1958) to work on /home/joaosousa/projects/spotify-project/venv/lib/python3.12/site-packages/airflow/example_dags/example_python_decorator.py
[2025-10-27T21:38:58.750-0300] {processor.py:830} INFO - Processing file /home/joaosousa/projects/spotify-project/venv/lib/python3.12/site-packages/airflow/example_dags/example_python_decorator.py for tasks to queue
[2025-10-27T21:38:58.751-0300] {logging_mixin.py:188} INFO - [2025-10-27T21:38:58.751-0300] {dagbag.py:545} INFO - Filling up the DagBag from /home/joaosousa/projects/spotify-project/venv/lib/python3.12/site-packages/airflow/example_dags/example_python_decorator.py
[2025-10-27T21:38:58.792-0300] {logging_mixin.py:188} INFO - [2025-10-27T21:38:58.792-0300] {example_python_decorator.py:80} WARNING - The virtalenv_python example task requires virtualenv, please install it.
[2025-10-27T21:38:58.792-0300] {processor.py:840} INFO - DAG(s) 'example_python_decorator' retrieved from /home/joaosousa/projects/spotify-project/venv/lib/python3.12/site-packages/airflow/example_dags/example_python_decorator.py
[2025-10-27T21:38:58.805-0300] {logging_mixin.py:188} INFO - [2025-10-27T21:38:58.805-0300] {dag.py:3096} INFO - Sync 1 DAGs
[2025-10-27T21:38:58.813-0300] {logging_mixin.py:188} INFO - [2025-10-27T21:38:58.813-0300] {dag.py:3954} INFO - Setting next_dagrun for example_python_decorator to None, run_after=None
[2025-10-27T21:38:58.828-0300] {processor.py:183} INFO - Processing /home/joaosousa/projects/spotify-project/venv/lib/python3.12/site-packages/airflow/example_dags/example_python_decorator.py took 0.085 seconds
[2025-10-27T21:39:58.727-0300] {processor.py:161} INFO - Started process (PID=2063) to work on /home/joaosousa/projects/spotify-project/venv/lib/python3.12/site-packages/airflow/example_dags/example_python_decorator.py
[2025-10-27T21:39:58.728-0300] {processor.py:830} INFO - Processing file /home/joaosousa/projects/spotify-project/venv/lib/python3.12/site-packages/airflow/example_dags/example_python_decorator.py for tasks to queue
[2025-10-27T21:39:58.730-0300] {logging_mixin.py:188} INFO - [2025-10-27T21:39:58.729-0300] {dagbag.py:545} INFO - Filling up the DagBag from /home/joaosousa/projects/spotify-project/venv/lib/python3.12/site-packages/airflow/example_dags/example_python_decorator.py
[2025-10-27T21:39:58.763-0300] {logging_mixin.py:188} INFO - [2025-10-27T21:39:58.763-0300] {example_python_decorator.py:80} WARNING - The virtalenv_python example task requires virtualenv, please install it.
[2025-10-27T21:39:58.764-0300] {processor.py:840} INFO - DAG(s) 'example_python_decorator' retrieved from /home/joaosousa/projects/spotify-project/venv/lib/python3.12/site-packages/airflow/example_dags/example_python_decorator.py
[2025-10-27T21:39:58.777-0300] {logging_mixin.py:188} INFO - [2025-10-27T21:39:58.777-0300] {dag.py:3096} INFO - Sync 1 DAGs
[2025-10-27T21:39:58.786-0300] {logging_mixin.py:188} INFO - [2025-10-27T21:39:58.786-0300] {dag.py:3954} INFO - Setting next_dagrun for example_python_decorator to None, run_after=None
[2025-10-27T21:39:58.801-0300] {processor.py:183} INFO - Processing /home/joaosousa/projects/spotify-project/venv/lib/python3.12/site-packages/airflow/example_dags/example_python_decorator.py took 0.078 seconds
