[2025-10-27T21:31:03.173-0300] {processor.py:161} INFO - Started process (PID=1087) to work on /home/joaosousa/projects/spotify-project/venv/lib/python3.12/site-packages/airflow/example_dags/example_dag_decorator.py
[2025-10-27T21:31:03.174-0300] {processor.py:830} INFO - Processing file /home/joaosousa/projects/spotify-project/venv/lib/python3.12/site-packages/airflow/example_dags/example_dag_decorator.py for tasks to queue
[2025-10-27T21:31:03.176-0300] {logging_mixin.py:188} INFO - [2025-10-27T21:31:03.175-0300] {dagbag.py:545} INFO - Filling up the DagBag from /home/joaosousa/projects/spotify-project/venv/lib/python3.12/site-packages/airflow/example_dags/example_dag_decorator.py
[2025-10-27T21:31:03.211-0300] {processor.py:840} INFO - DAG(s) 'example_dag_decorator' retrieved from /home/joaosousa/projects/spotify-project/venv/lib/python3.12/site-packages/airflow/example_dags/example_dag_decorator.py
[2025-10-27T21:31:03.276-0300] {logging_mixin.py:188} INFO - [2025-10-27T21:31:03.275-0300] {dag.py:3096} INFO - Sync 1 DAGs
[2025-10-27T21:31:03.281-0300] {logging_mixin.py:188} INFO - [2025-10-27T21:31:03.281-0300] {dag.py:3954} INFO - Setting next_dagrun for example_dag_decorator to None, run_after=None
[2025-10-27T21:31:03.296-0300] {processor.py:183} INFO - Processing /home/joaosousa/projects/spotify-project/venv/lib/python3.12/site-packages/airflow/example_dags/example_dag_decorator.py took 0.130 seconds
[2025-10-27T21:31:51.231-0300] {processor.py:161} INFO - Started process (PID=1165) to work on /home/joaosousa/projects/spotify-project/venv/lib/python3.12/site-packages/airflow/example_dags/example_dag_decorator.py
[2025-10-27T21:31:51.233-0300] {processor.py:830} INFO - Processing file /home/joaosousa/projects/spotify-project/venv/lib/python3.12/site-packages/airflow/example_dags/example_dag_decorator.py for tasks to queue
[2025-10-27T21:31:51.234-0300] {logging_mixin.py:188} INFO - [2025-10-27T21:31:51.233-0300] {dagbag.py:545} INFO - Filling up the DagBag from /home/joaosousa/projects/spotify-project/venv/lib/python3.12/site-packages/airflow/example_dags/example_dag_decorator.py
[2025-10-27T21:31:51.257-0300] {processor.py:840} INFO - DAG(s) 'example_dag_decorator' retrieved from /home/joaosousa/projects/spotify-project/venv/lib/python3.12/site-packages/airflow/example_dags/example_dag_decorator.py
[2025-10-27T21:31:51.316-0300] {logging_mixin.py:188} INFO - [2025-10-27T21:31:51.316-0300] {dag.py:3096} INFO - Sync 1 DAGs
[2025-10-27T21:31:51.323-0300] {logging_mixin.py:188} INFO - [2025-10-27T21:31:51.322-0300] {dag.py:3954} INFO - Setting next_dagrun for example_dag_decorator to None, run_after=None
[2025-10-27T21:31:51.337-0300] {processor.py:183} INFO - Processing /home/joaosousa/projects/spotify-project/venv/lib/python3.12/site-packages/airflow/example_dags/example_dag_decorator.py took 0.110 seconds
[2025-10-27T21:32:44.249-0300] {processor.py:161} INFO - Started process (PID=1350) to work on /home/joaosousa/projects/spotify-project/venv/lib/python3.12/site-packages/airflow/example_dags/example_dag_decorator.py
[2025-10-27T21:32:44.252-0300] {processor.py:830} INFO - Processing file /home/joaosousa/projects/spotify-project/venv/lib/python3.12/site-packages/airflow/example_dags/example_dag_decorator.py for tasks to queue
[2025-10-27T21:32:44.253-0300] {logging_mixin.py:188} INFO - [2025-10-27T21:32:44.253-0300] {dagbag.py:545} INFO - Filling up the DagBag from /home/joaosousa/projects/spotify-project/venv/lib/python3.12/site-packages/airflow/example_dags/example_dag_decorator.py
[2025-10-27T21:32:44.282-0300] {processor.py:840} INFO - DAG(s) 'example_dag_decorator' retrieved from /home/joaosousa/projects/spotify-project/venv/lib/python3.12/site-packages/airflow/example_dags/example_dag_decorator.py
[2025-10-27T21:32:44.345-0300] {logging_mixin.py:188} INFO - [2025-10-27T21:32:44.345-0300] {dag.py:3096} INFO - Sync 1 DAGs
[2025-10-27T21:32:44.351-0300] {logging_mixin.py:188} INFO - [2025-10-27T21:32:44.351-0300] {dag.py:3954} INFO - Setting next_dagrun for example_dag_decorator to None, run_after=None
[2025-10-27T21:32:44.369-0300] {processor.py:183} INFO - Processing /home/joaosousa/projects/spotify-project/venv/lib/python3.12/site-packages/airflow/example_dags/example_dag_decorator.py took 0.125 seconds
[2025-10-27T21:33:41.669-0300] {processor.py:161} INFO - Started process (PID=1458) to work on /home/joaosousa/projects/spotify-project/venv/lib/python3.12/site-packages/airflow/example_dags/example_dag_decorator.py
[2025-10-27T21:33:41.671-0300] {processor.py:830} INFO - Processing file /home/joaosousa/projects/spotify-project/venv/lib/python3.12/site-packages/airflow/example_dags/example_dag_decorator.py for tasks to queue
[2025-10-27T21:33:41.672-0300] {logging_mixin.py:188} INFO - [2025-10-27T21:33:41.672-0300] {dagbag.py:545} INFO - Filling up the DagBag from /home/joaosousa/projects/spotify-project/venv/lib/python3.12/site-packages/airflow/example_dags/example_dag_decorator.py
[2025-10-27T21:33:41.695-0300] {processor.py:840} INFO - DAG(s) 'example_dag_decorator' retrieved from /home/joaosousa/projects/spotify-project/venv/lib/python3.12/site-packages/airflow/example_dags/example_dag_decorator.py
[2025-10-27T21:33:41.708-0300] {logging_mixin.py:188} INFO - [2025-10-27T21:33:41.708-0300] {dag.py:3096} INFO - Sync 1 DAGs
[2025-10-27T21:33:41.715-0300] {logging_mixin.py:188} INFO - [2025-10-27T21:33:41.715-0300] {dag.py:3954} INFO - Setting next_dagrun for example_dag_decorator to None, run_after=None
[2025-10-27T21:33:41.730-0300] {processor.py:183} INFO - Processing /home/joaosousa/projects/spotify-project/venv/lib/python3.12/site-packages/airflow/example_dags/example_dag_decorator.py took 0.065 seconds
[2025-10-27T21:34:28.459-0300] {processor.py:161} INFO - Started process (PID=1529) to work on /home/joaosousa/projects/spotify-project/venv/lib/python3.12/site-packages/airflow/example_dags/example_dag_decorator.py
[2025-10-27T21:34:28.461-0300] {processor.py:830} INFO - Processing file /home/joaosousa/projects/spotify-project/venv/lib/python3.12/site-packages/airflow/example_dags/example_dag_decorator.py for tasks to queue
[2025-10-27T21:34:28.462-0300] {logging_mixin.py:188} INFO - [2025-10-27T21:34:28.462-0300] {dagbag.py:545} INFO - Filling up the DagBag from /home/joaosousa/projects/spotify-project/venv/lib/python3.12/site-packages/airflow/example_dags/example_dag_decorator.py
[2025-10-27T21:34:28.486-0300] {processor.py:840} INFO - DAG(s) 'example_dag_decorator' retrieved from /home/joaosousa/projects/spotify-project/venv/lib/python3.12/site-packages/airflow/example_dags/example_dag_decorator.py
[2025-10-27T21:34:28.545-0300] {logging_mixin.py:188} INFO - [2025-10-27T21:34:28.545-0300] {dag.py:3096} INFO - Sync 1 DAGs
[2025-10-27T21:34:28.646-0300] {logging_mixin.py:188} INFO - [2025-10-27T21:34:28.646-0300] {dag.py:3954} INFO - Setting next_dagrun for example_dag_decorator to None, run_after=None
[2025-10-27T21:34:28.661-0300] {processor.py:183} INFO - Processing /home/joaosousa/projects/spotify-project/venv/lib/python3.12/site-packages/airflow/example_dags/example_dag_decorator.py took 0.206 seconds
[2025-10-27T21:35:25.269-0300] {processor.py:161} INFO - Started process (PID=1614) to work on /home/joaosousa/projects/spotify-project/venv/lib/python3.12/site-packages/airflow/example_dags/example_dag_decorator.py
[2025-10-27T21:35:25.270-0300] {processor.py:830} INFO - Processing file /home/joaosousa/projects/spotify-project/venv/lib/python3.12/site-packages/airflow/example_dags/example_dag_decorator.py for tasks to queue
[2025-10-27T21:35:25.272-0300] {logging_mixin.py:188} INFO - [2025-10-27T21:35:25.271-0300] {dagbag.py:545} INFO - Filling up the DagBag from /home/joaosousa/projects/spotify-project/venv/lib/python3.12/site-packages/airflow/example_dags/example_dag_decorator.py
[2025-10-27T21:35:25.295-0300] {processor.py:840} INFO - DAG(s) 'example_dag_decorator' retrieved from /home/joaosousa/projects/spotify-project/venv/lib/python3.12/site-packages/airflow/example_dags/example_dag_decorator.py
[2025-10-27T21:35:25.456-0300] {logging_mixin.py:188} INFO - [2025-10-27T21:35:25.456-0300] {dag.py:3096} INFO - Sync 1 DAGs
[2025-10-27T21:35:25.461-0300] {logging_mixin.py:188} INFO - [2025-10-27T21:35:25.461-0300] {dag.py:3954} INFO - Setting next_dagrun for example_dag_decorator to None, run_after=None
[2025-10-27T21:35:25.476-0300] {processor.py:183} INFO - Processing /home/joaosousa/projects/spotify-project/venv/lib/python3.12/site-packages/airflow/example_dags/example_dag_decorator.py took 0.212 seconds
[2025-10-27T21:36:33.969-0300] {processor.py:161} INFO - Started process (PID=1728) to work on /home/joaosousa/projects/spotify-project/venv/lib/python3.12/site-packages/airflow/example_dags/example_dag_decorator.py
[2025-10-27T21:36:33.971-0300] {processor.py:830} INFO - Processing file /home/joaosousa/projects/spotify-project/venv/lib/python3.12/site-packages/airflow/example_dags/example_dag_decorator.py for tasks to queue
[2025-10-27T21:36:33.972-0300] {logging_mixin.py:188} INFO - [2025-10-27T21:36:33.972-0300] {dagbag.py:545} INFO - Filling up the DagBag from /home/joaosousa/projects/spotify-project/venv/lib/python3.12/site-packages/airflow/example_dags/example_dag_decorator.py
[2025-10-27T21:36:34.085-0300] {processor.py:840} INFO - DAG(s) 'example_dag_decorator' retrieved from /home/joaosousa/projects/spotify-project/venv/lib/python3.12/site-packages/airflow/example_dags/example_dag_decorator.py
[2025-10-27T21:36:34.145-0300] {logging_mixin.py:188} INFO - [2025-10-27T21:36:34.145-0300] {dag.py:3096} INFO - Sync 1 DAGs
[2025-10-27T21:36:34.151-0300] {logging_mixin.py:188} INFO - [2025-10-27T21:36:34.151-0300] {dag.py:3954} INFO - Setting next_dagrun for example_dag_decorator to None, run_after=None
[2025-10-27T21:36:34.167-0300] {processor.py:183} INFO - Processing /home/joaosousa/projects/spotify-project/venv/lib/python3.12/site-packages/airflow/example_dags/example_dag_decorator.py took 0.202 seconds
[2025-10-27T21:37:19.139-0300] {processor.py:161} INFO - Started process (PID=1800) to work on /home/joaosousa/projects/spotify-project/venv/lib/python3.12/site-packages/airflow/example_dags/example_dag_decorator.py
[2025-10-27T21:37:19.141-0300] {processor.py:830} INFO - Processing file /home/joaosousa/projects/spotify-project/venv/lib/python3.12/site-packages/airflow/example_dags/example_dag_decorator.py for tasks to queue
[2025-10-27T21:37:19.143-0300] {logging_mixin.py:188} INFO - [2025-10-27T21:37:19.142-0300] {dagbag.py:545} INFO - Filling up the DagBag from /home/joaosousa/projects/spotify-project/venv/lib/python3.12/site-packages/airflow/example_dags/example_dag_decorator.py
[2025-10-27T21:37:19.168-0300] {processor.py:840} INFO - DAG(s) 'example_dag_decorator' retrieved from /home/joaosousa/projects/spotify-project/venv/lib/python3.12/site-packages/airflow/example_dags/example_dag_decorator.py
[2025-10-27T21:37:19.230-0300] {logging_mixin.py:188} INFO - [2025-10-27T21:37:19.230-0300] {dag.py:3096} INFO - Sync 1 DAGs
[2025-10-27T21:37:19.236-0300] {logging_mixin.py:188} INFO - [2025-10-27T21:37:19.236-0300] {dag.py:3954} INFO - Setting next_dagrun for example_dag_decorator to None, run_after=None
[2025-10-27T21:37:19.252-0300] {processor.py:183} INFO - Processing /home/joaosousa/projects/spotify-project/venv/lib/python3.12/site-packages/airflow/example_dags/example_dag_decorator.py took 0.117 seconds
[2025-10-27T21:38:25.379-0300] {processor.py:161} INFO - Started process (PID=1896) to work on /home/joaosousa/projects/spotify-project/venv/lib/python3.12/site-packages/airflow/example_dags/example_dag_decorator.py
[2025-10-27T21:38:25.381-0300] {processor.py:830} INFO - Processing file /home/joaosousa/projects/spotify-project/venv/lib/python3.12/site-packages/airflow/example_dags/example_dag_decorator.py for tasks to queue
[2025-10-27T21:38:25.382-0300] {logging_mixin.py:188} INFO - [2025-10-27T21:38:25.382-0300] {dagbag.py:545} INFO - Filling up the DagBag from /home/joaosousa/projects/spotify-project/venv/lib/python3.12/site-packages/airflow/example_dags/example_dag_decorator.py
[2025-10-27T21:38:25.408-0300] {processor.py:840} INFO - DAG(s) 'example_dag_decorator' retrieved from /home/joaosousa/projects/spotify-project/venv/lib/python3.12/site-packages/airflow/example_dags/example_dag_decorator.py
[2025-10-27T21:38:25.471-0300] {logging_mixin.py:188} INFO - [2025-10-27T21:38:25.471-0300] {dag.py:3096} INFO - Sync 1 DAGs
[2025-10-27T21:38:25.476-0300] {logging_mixin.py:188} INFO - [2025-10-27T21:38:25.476-0300] {dag.py:3954} INFO - Setting next_dagrun for example_dag_decorator to None, run_after=None
[2025-10-27T21:38:25.492-0300] {processor.py:183} INFO - Processing /home/joaosousa/projects/spotify-project/venv/lib/python3.12/site-packages/airflow/example_dags/example_dag_decorator.py took 0.118 seconds
[2025-10-27T21:39:17.575-0300] {processor.py:161} INFO - Started process (PID=1994) to work on /home/joaosousa/projects/spotify-project/venv/lib/python3.12/site-packages/airflow/example_dags/example_dag_decorator.py
[2025-10-27T21:39:17.577-0300] {processor.py:830} INFO - Processing file /home/joaosousa/projects/spotify-project/venv/lib/python3.12/site-packages/airflow/example_dags/example_dag_decorator.py for tasks to queue
[2025-10-27T21:39:17.579-0300] {logging_mixin.py:188} INFO - [2025-10-27T21:39:17.579-0300] {dagbag.py:545} INFO - Filling up the DagBag from /home/joaosousa/projects/spotify-project/venv/lib/python3.12/site-packages/airflow/example_dags/example_dag_decorator.py
[2025-10-27T21:39:17.605-0300] {processor.py:840} INFO - DAG(s) 'example_dag_decorator' retrieved from /home/joaosousa/projects/spotify-project/venv/lib/python3.12/site-packages/airflow/example_dags/example_dag_decorator.py
[2025-10-27T21:39:17.668-0300] {logging_mixin.py:188} INFO - [2025-10-27T21:39:17.668-0300] {dag.py:3096} INFO - Sync 1 DAGs
[2025-10-27T21:39:17.674-0300] {logging_mixin.py:188} INFO - [2025-10-27T21:39:17.673-0300] {dag.py:3954} INFO - Setting next_dagrun for example_dag_decorator to None, run_after=None
[2025-10-27T21:39:17.691-0300] {processor.py:183} INFO - Processing /home/joaosousa/projects/spotify-project/venv/lib/python3.12/site-packages/airflow/example_dags/example_dag_decorator.py took 0.120 seconds
[2025-10-27T21:40:21.469-0300] {processor.py:161} INFO - Started process (PID=2104) to work on /home/joaosousa/projects/spotify-project/venv/lib/python3.12/site-packages/airflow/example_dags/example_dag_decorator.py
[2025-10-27T21:40:21.471-0300] {processor.py:830} INFO - Processing file /home/joaosousa/projects/spotify-project/venv/lib/python3.12/site-packages/airflow/example_dags/example_dag_decorator.py for tasks to queue
[2025-10-27T21:40:21.472-0300] {logging_mixin.py:188} INFO - [2025-10-27T21:40:21.472-0300] {dagbag.py:545} INFO - Filling up the DagBag from /home/joaosousa/projects/spotify-project/venv/lib/python3.12/site-packages/airflow/example_dags/example_dag_decorator.py
[2025-10-27T21:40:21.499-0300] {processor.py:840} INFO - DAG(s) 'example_dag_decorator' retrieved from /home/joaosousa/projects/spotify-project/venv/lib/python3.12/site-packages/airflow/example_dags/example_dag_decorator.py
[2025-10-27T21:40:21.563-0300] {logging_mixin.py:188} INFO - [2025-10-27T21:40:21.562-0300] {dag.py:3096} INFO - Sync 1 DAGs
[2025-10-27T21:40:21.569-0300] {logging_mixin.py:188} INFO - [2025-10-27T21:40:21.569-0300] {dag.py:3954} INFO - Setting next_dagrun for example_dag_decorator to None, run_after=None
[2025-10-27T21:40:21.589-0300] {processor.py:183} INFO - Processing /home/joaosousa/projects/spotify-project/venv/lib/python3.12/site-packages/airflow/example_dags/example_dag_decorator.py took 0.125 seconds
