[2025-10-27T21:30:45.638-0300] {processor.py:161} INFO - Started process (PID=1069) to work on /home/joaosousa/projects/spotify-project/venv/lib/python3.12/site-packages/airflow/example_dags/example_dynamic_task_mapping.py
[2025-10-27T21:30:45.639-0300] {processor.py:830} INFO - Processing file /home/joaosousa/projects/spotify-project/venv/lib/python3.12/site-packages/airflow/example_dags/example_dynamic_task_mapping.py for tasks to queue
[2025-10-27T21:30:45.640-0300] {logging_mixin.py:188} INFO - [2025-10-27T21:30:45.640-0300] {dagbag.py:545} INFO - Filling up the DagBag from /home/joaosousa/projects/spotify-project/venv/lib/python3.12/site-packages/airflow/example_dags/example_dynamic_task_mapping.py
[2025-10-27T21:30:45.647-0300] {processor.py:840} INFO - DAG(s) 'example_dynamic_task_mapping' retrieved from /home/joaosousa/projects/spotify-project/venv/lib/python3.12/site-packages/airflow/example_dags/example_dynamic_task_mapping.py
[2025-10-27T21:30:45.666-0300] {logging_mixin.py:188} INFO - [2025-10-27T21:30:45.665-0300] {dag.py:3096} INFO - Sync 1 DAGs
[2025-10-27T21:30:45.680-0300] {logging_mixin.py:188} INFO - [2025-10-27T21:30:45.680-0300] {dag.py:3954} INFO - Setting next_dagrun for example_dynamic_task_mapping to 2022-03-04 00:00:00+00:00, run_after=2022-03-05 00:00:00+00:00
[2025-10-27T21:30:45.700-0300] {processor.py:183} INFO - Processing /home/joaosousa/projects/spotify-project/venv/lib/python3.12/site-packages/airflow/example_dags/example_dynamic_task_mapping.py took 0.068 seconds
[2025-10-27T21:31:34.739-0300] {processor.py:161} INFO - Started process (PID=1147) to work on /home/joaosousa/projects/spotify-project/venv/lib/python3.12/site-packages/airflow/example_dags/example_dynamic_task_mapping.py
[2025-10-27T21:31:34.740-0300] {processor.py:830} INFO - Processing file /home/joaosousa/projects/spotify-project/venv/lib/python3.12/site-packages/airflow/example_dags/example_dynamic_task_mapping.py for tasks to queue
[2025-10-27T21:31:34.742-0300] {logging_mixin.py:188} INFO - [2025-10-27T21:31:34.741-0300] {dagbag.py:545} INFO - Filling up the DagBag from /home/joaosousa/projects/spotify-project/venv/lib/python3.12/site-packages/airflow/example_dags/example_dynamic_task_mapping.py
[2025-10-27T21:31:34.747-0300] {processor.py:840} INFO - DAG(s) 'example_dynamic_task_mapping' retrieved from /home/joaosousa/projects/spotify-project/venv/lib/python3.12/site-packages/airflow/example_dags/example_dynamic_task_mapping.py
[2025-10-27T21:31:34.758-0300] {logging_mixin.py:188} INFO - [2025-10-27T21:31:34.757-0300] {dag.py:3096} INFO - Sync 1 DAGs
[2025-10-27T21:31:34.770-0300] {logging_mixin.py:188} INFO - [2025-10-27T21:31:34.770-0300] {dag.py:3954} INFO - Setting next_dagrun for example_dynamic_task_mapping to 2022-03-04 00:00:00+00:00, run_after=2022-03-05 00:00:00+00:00
[2025-10-27T21:31:34.784-0300] {processor.py:183} INFO - Processing /home/joaosousa/projects/spotify-project/venv/lib/python3.12/site-packages/airflow/example_dags/example_dynamic_task_mapping.py took 0.050 seconds
[2025-10-27T21:32:25.526-0300] {processor.py:161} INFO - Started process (PID=1330) to work on /home/joaosousa/projects/spotify-project/venv/lib/python3.12/site-packages/airflow/example_dags/example_dynamic_task_mapping.py
[2025-10-27T21:32:25.527-0300] {processor.py:830} INFO - Processing file /home/joaosousa/projects/spotify-project/venv/lib/python3.12/site-packages/airflow/example_dags/example_dynamic_task_mapping.py for tasks to queue
[2025-10-27T21:32:25.528-0300] {logging_mixin.py:188} INFO - [2025-10-27T21:32:25.528-0300] {dagbag.py:545} INFO - Filling up the DagBag from /home/joaosousa/projects/spotify-project/venv/lib/python3.12/site-packages/airflow/example_dags/example_dynamic_task_mapping.py
[2025-10-27T21:32:25.533-0300] {processor.py:840} INFO - DAG(s) 'example_dynamic_task_mapping' retrieved from /home/joaosousa/projects/spotify-project/venv/lib/python3.12/site-packages/airflow/example_dags/example_dynamic_task_mapping.py
[2025-10-27T21:32:25.544-0300] {logging_mixin.py:188} INFO - [2025-10-27T21:32:25.543-0300] {dag.py:3096} INFO - Sync 1 DAGs
[2025-10-27T21:32:25.555-0300] {logging_mixin.py:188} INFO - [2025-10-27T21:32:25.555-0300] {dag.py:3954} INFO - Setting next_dagrun for example_dynamic_task_mapping to 2022-03-04 00:00:00+00:00, run_after=2022-03-05 00:00:00+00:00
[2025-10-27T21:32:25.570-0300] {processor.py:183} INFO - Processing /home/joaosousa/projects/spotify-project/venv/lib/python3.12/site-packages/airflow/example_dags/example_dynamic_task_mapping.py took 0.049 seconds
[2025-10-27T21:33:12.240-0300] {processor.py:161} INFO - Started process (PID=1403) to work on /home/joaosousa/projects/spotify-project/venv/lib/python3.12/site-packages/airflow/example_dags/example_dynamic_task_mapping.py
[2025-10-27T21:33:12.242-0300] {processor.py:830} INFO - Processing file /home/joaosousa/projects/spotify-project/venv/lib/python3.12/site-packages/airflow/example_dags/example_dynamic_task_mapping.py for tasks to queue
[2025-10-27T21:33:12.243-0300] {logging_mixin.py:188} INFO - [2025-10-27T21:33:12.243-0300] {dagbag.py:545} INFO - Filling up the DagBag from /home/joaosousa/projects/spotify-project/venv/lib/python3.12/site-packages/airflow/example_dags/example_dynamic_task_mapping.py
[2025-10-27T21:33:12.248-0300] {processor.py:840} INFO - DAG(s) 'example_dynamic_task_mapping' retrieved from /home/joaosousa/projects/spotify-project/venv/lib/python3.12/site-packages/airflow/example_dags/example_dynamic_task_mapping.py
[2025-10-27T21:33:12.258-0300] {logging_mixin.py:188} INFO - [2025-10-27T21:33:12.258-0300] {dag.py:3096} INFO - Sync 1 DAGs
[2025-10-27T21:33:12.270-0300] {logging_mixin.py:188} INFO - [2025-10-27T21:33:12.270-0300] {dag.py:3954} INFO - Setting next_dagrun for example_dynamic_task_mapping to 2022-03-04 00:00:00+00:00, run_after=2022-03-05 00:00:00+00:00
[2025-10-27T21:33:12.284-0300] {processor.py:183} INFO - Processing /home/joaosousa/projects/spotify-project/venv/lib/python3.12/site-packages/airflow/example_dags/example_dynamic_task_mapping.py took 0.047 seconds
[2025-10-27T21:33:52.966-0300] {processor.py:161} INFO - Started process (PID=1469) to work on /home/joaosousa/projects/spotify-project/venv/lib/python3.12/site-packages/airflow/example_dags/example_dynamic_task_mapping.py
[2025-10-27T21:33:52.968-0300] {processor.py:830} INFO - Processing file /home/joaosousa/projects/spotify-project/venv/lib/python3.12/site-packages/airflow/example_dags/example_dynamic_task_mapping.py for tasks to queue
[2025-10-27T21:33:52.970-0300] {logging_mixin.py:188} INFO - [2025-10-27T21:33:52.970-0300] {dagbag.py:545} INFO - Filling up the DagBag from /home/joaosousa/projects/spotify-project/venv/lib/python3.12/site-packages/airflow/example_dags/example_dynamic_task_mapping.py
[2025-10-27T21:33:52.975-0300] {processor.py:840} INFO - DAG(s) 'example_dynamic_task_mapping' retrieved from /home/joaosousa/projects/spotify-project/venv/lib/python3.12/site-packages/airflow/example_dags/example_dynamic_task_mapping.py
[2025-10-27T21:33:52.986-0300] {logging_mixin.py:188} INFO - [2025-10-27T21:33:52.986-0300] {dag.py:3096} INFO - Sync 1 DAGs
[2025-10-27T21:33:53.002-0300] {logging_mixin.py:188} INFO - [2025-10-27T21:33:53.002-0300] {dag.py:3954} INFO - Setting next_dagrun for example_dynamic_task_mapping to 2022-03-04 00:00:00+00:00, run_after=2022-03-05 00:00:00+00:00
[2025-10-27T21:33:53.017-0300] {processor.py:183} INFO - Processing /home/joaosousa/projects/spotify-project/venv/lib/python3.12/site-packages/airflow/example_dags/example_dynamic_task_mapping.py took 0.055 seconds
[2025-10-27T21:34:35.544-0300] {processor.py:161} INFO - Started process (PID=1537) to work on /home/joaosousa/projects/spotify-project/venv/lib/python3.12/site-packages/airflow/example_dags/example_dynamic_task_mapping.py
[2025-10-27T21:34:35.545-0300] {processor.py:830} INFO - Processing file /home/joaosousa/projects/spotify-project/venv/lib/python3.12/site-packages/airflow/example_dags/example_dynamic_task_mapping.py for tasks to queue
[2025-10-27T21:34:35.546-0300] {logging_mixin.py:188} INFO - [2025-10-27T21:34:35.546-0300] {dagbag.py:545} INFO - Filling up the DagBag from /home/joaosousa/projects/spotify-project/venv/lib/python3.12/site-packages/airflow/example_dags/example_dynamic_task_mapping.py
[2025-10-27T21:34:35.551-0300] {processor.py:840} INFO - DAG(s) 'example_dynamic_task_mapping' retrieved from /home/joaosousa/projects/spotify-project/venv/lib/python3.12/site-packages/airflow/example_dags/example_dynamic_task_mapping.py
[2025-10-27T21:34:35.563-0300] {logging_mixin.py:188} INFO - [2025-10-27T21:34:35.563-0300] {dag.py:3096} INFO - Sync 1 DAGs
[2025-10-27T21:34:35.574-0300] {logging_mixin.py:188} INFO - [2025-10-27T21:34:35.574-0300] {dag.py:3954} INFO - Setting next_dagrun for example_dynamic_task_mapping to 2022-03-04 00:00:00+00:00, run_after=2022-03-05 00:00:00+00:00
[2025-10-27T21:34:35.588-0300] {processor.py:183} INFO - Processing /home/joaosousa/projects/spotify-project/venv/lib/python3.12/site-packages/airflow/example_dags/example_dynamic_task_mapping.py took 0.048 seconds
[2025-10-27T21:35:12.790-0300] {processor.py:161} INFO - Started process (PID=1601) to work on /home/joaosousa/projects/spotify-project/venv/lib/python3.12/site-packages/airflow/example_dags/example_dynamic_task_mapping.py
[2025-10-27T21:35:12.792-0300] {processor.py:830} INFO - Processing file /home/joaosousa/projects/spotify-project/venv/lib/python3.12/site-packages/airflow/example_dags/example_dynamic_task_mapping.py for tasks to queue
[2025-10-27T21:35:12.793-0300] {logging_mixin.py:188} INFO - [2025-10-27T21:35:12.793-0300] {dagbag.py:545} INFO - Filling up the DagBag from /home/joaosousa/projects/spotify-project/venv/lib/python3.12/site-packages/airflow/example_dags/example_dynamic_task_mapping.py
[2025-10-27T21:35:12.801-0300] {processor.py:840} INFO - DAG(s) 'example_dynamic_task_mapping' retrieved from /home/joaosousa/projects/spotify-project/venv/lib/python3.12/site-packages/airflow/example_dags/example_dynamic_task_mapping.py
[2025-10-27T21:35:12.816-0300] {logging_mixin.py:188} INFO - [2025-10-27T21:35:12.816-0300] {dag.py:3096} INFO - Sync 1 DAGs
[2025-10-27T21:35:12.831-0300] {logging_mixin.py:188} INFO - [2025-10-27T21:35:12.831-0300] {dag.py:3954} INFO - Setting next_dagrun for example_dynamic_task_mapping to 2022-03-04 00:00:00+00:00, run_after=2022-03-05 00:00:00+00:00
[2025-10-27T21:35:12.847-0300] {processor.py:183} INFO - Processing /home/joaosousa/projects/spotify-project/venv/lib/python3.12/site-packages/airflow/example_dags/example_dynamic_task_mapping.py took 0.062 seconds
[2025-10-27T21:35:55.709-0300] {processor.py:161} INFO - Started process (PID=1669) to work on /home/joaosousa/projects/spotify-project/venv/lib/python3.12/site-packages/airflow/example_dags/example_dynamic_task_mapping.py
[2025-10-27T21:35:55.711-0300] {processor.py:830} INFO - Processing file /home/joaosousa/projects/spotify-project/venv/lib/python3.12/site-packages/airflow/example_dags/example_dynamic_task_mapping.py for tasks to queue
[2025-10-27T21:35:55.712-0300] {logging_mixin.py:188} INFO - [2025-10-27T21:35:55.712-0300] {dagbag.py:545} INFO - Filling up the DagBag from /home/joaosousa/projects/spotify-project/venv/lib/python3.12/site-packages/airflow/example_dags/example_dynamic_task_mapping.py
[2025-10-27T21:35:55.717-0300] {processor.py:840} INFO - DAG(s) 'example_dynamic_task_mapping' retrieved from /home/joaosousa/projects/spotify-project/venv/lib/python3.12/site-packages/airflow/example_dags/example_dynamic_task_mapping.py
[2025-10-27T21:35:55.733-0300] {logging_mixin.py:188} INFO - [2025-10-27T21:35:55.732-0300] {dag.py:3096} INFO - Sync 1 DAGs
[2025-10-27T21:35:55.745-0300] {logging_mixin.py:188} INFO - [2025-10-27T21:35:55.745-0300] {dag.py:3954} INFO - Setting next_dagrun for example_dynamic_task_mapping to 2022-03-04 00:00:00+00:00, run_after=2022-03-05 00:00:00+00:00
[2025-10-27T21:35:55.855-0300] {processor.py:183} INFO - Processing /home/joaosousa/projects/spotify-project/venv/lib/python3.12/site-packages/airflow/example_dags/example_dynamic_task_mapping.py took 0.151 seconds
[2025-10-27T21:36:45.464-0300] {processor.py:161} INFO - Started process (PID=1740) to work on /home/joaosousa/projects/spotify-project/venv/lib/python3.12/site-packages/airflow/example_dags/example_dynamic_task_mapping.py
[2025-10-27T21:36:45.465-0300] {processor.py:830} INFO - Processing file /home/joaosousa/projects/spotify-project/venv/lib/python3.12/site-packages/airflow/example_dags/example_dynamic_task_mapping.py for tasks to queue
[2025-10-27T21:36:45.467-0300] {logging_mixin.py:188} INFO - [2025-10-27T21:36:45.466-0300] {dagbag.py:545} INFO - Filling up the DagBag from /home/joaosousa/projects/spotify-project/venv/lib/python3.12/site-packages/airflow/example_dags/example_dynamic_task_mapping.py
[2025-10-27T21:36:45.472-0300] {processor.py:840} INFO - DAG(s) 'example_dynamic_task_mapping' retrieved from /home/joaosousa/projects/spotify-project/venv/lib/python3.12/site-packages/airflow/example_dags/example_dynamic_task_mapping.py
[2025-10-27T21:36:45.483-0300] {logging_mixin.py:188} INFO - [2025-10-27T21:36:45.483-0300] {dag.py:3096} INFO - Sync 1 DAGs
[2025-10-27T21:36:45.496-0300] {logging_mixin.py:188} INFO - [2025-10-27T21:36:45.495-0300] {dag.py:3954} INFO - Setting next_dagrun for example_dynamic_task_mapping to 2022-03-04 00:00:00+00:00, run_after=2022-03-05 00:00:00+00:00
[2025-10-27T21:36:45.510-0300] {processor.py:183} INFO - Processing /home/joaosousa/projects/spotify-project/venv/lib/python3.12/site-packages/airflow/example_dags/example_dynamic_task_mapping.py took 0.051 seconds
[2025-10-27T21:37:29.387-0300] {processor.py:161} INFO - Started process (PID=1810) to work on /home/joaosousa/projects/spotify-project/venv/lib/python3.12/site-packages/airflow/example_dags/example_dynamic_task_mapping.py
[2025-10-27T21:37:29.389-0300] {processor.py:830} INFO - Processing file /home/joaosousa/projects/spotify-project/venv/lib/python3.12/site-packages/airflow/example_dags/example_dynamic_task_mapping.py for tasks to queue
[2025-10-27T21:37:29.391-0300] {logging_mixin.py:188} INFO - [2025-10-27T21:37:29.390-0300] {dagbag.py:545} INFO - Filling up the DagBag from /home/joaosousa/projects/spotify-project/venv/lib/python3.12/site-packages/airflow/example_dags/example_dynamic_task_mapping.py
[2025-10-27T21:37:29.396-0300] {processor.py:840} INFO - DAG(s) 'example_dynamic_task_mapping' retrieved from /home/joaosousa/projects/spotify-project/venv/lib/python3.12/site-packages/airflow/example_dags/example_dynamic_task_mapping.py
[2025-10-27T21:37:29.408-0300] {logging_mixin.py:188} INFO - [2025-10-27T21:37:29.408-0300] {dag.py:3096} INFO - Sync 1 DAGs
[2025-10-27T21:37:29.421-0300] {logging_mixin.py:188} INFO - [2025-10-27T21:37:29.420-0300] {dag.py:3954} INFO - Setting next_dagrun for example_dynamic_task_mapping to 2022-03-04 00:00:00+00:00, run_after=2022-03-05 00:00:00+00:00
[2025-10-27T21:37:29.435-0300] {processor.py:183} INFO - Processing /home/joaosousa/projects/spotify-project/venv/lib/python3.12/site-packages/airflow/example_dags/example_dynamic_task_mapping.py took 0.053 seconds
[2025-10-27T21:38:14.295-0300] {processor.py:161} INFO - Started process (PID=1881) to work on /home/joaosousa/projects/spotify-project/venv/lib/python3.12/site-packages/airflow/example_dags/example_dynamic_task_mapping.py
[2025-10-27T21:38:14.296-0300] {processor.py:830} INFO - Processing file /home/joaosousa/projects/spotify-project/venv/lib/python3.12/site-packages/airflow/example_dags/example_dynamic_task_mapping.py for tasks to queue
[2025-10-27T21:38:14.298-0300] {logging_mixin.py:188} INFO - [2025-10-27T21:38:14.297-0300] {dagbag.py:545} INFO - Filling up the DagBag from /home/joaosousa/projects/spotify-project/venv/lib/python3.12/site-packages/airflow/example_dags/example_dynamic_task_mapping.py
[2025-10-27T21:38:14.304-0300] {processor.py:840} INFO - DAG(s) 'example_dynamic_task_mapping' retrieved from /home/joaosousa/projects/spotify-project/venv/lib/python3.12/site-packages/airflow/example_dags/example_dynamic_task_mapping.py
[2025-10-27T21:38:14.315-0300] {logging_mixin.py:188} INFO - [2025-10-27T21:38:14.315-0300] {dag.py:3096} INFO - Sync 1 DAGs
[2025-10-27T21:38:14.328-0300] {logging_mixin.py:188} INFO - [2025-10-27T21:38:14.328-0300] {dag.py:3954} INFO - Setting next_dagrun for example_dynamic_task_mapping to 2022-03-04 00:00:00+00:00, run_after=2022-03-05 00:00:00+00:00
[2025-10-27T21:38:14.344-0300] {processor.py:183} INFO - Processing /home/joaosousa/projects/spotify-project/venv/lib/python3.12/site-packages/airflow/example_dags/example_dynamic_task_mapping.py took 0.053 seconds
[2025-10-27T21:38:51.830-0300] {processor.py:161} INFO - Started process (PID=1951) to work on /home/joaosousa/projects/spotify-project/venv/lib/python3.12/site-packages/airflow/example_dags/example_dynamic_task_mapping.py
[2025-10-27T21:38:51.832-0300] {processor.py:830} INFO - Processing file /home/joaosousa/projects/spotify-project/venv/lib/python3.12/site-packages/airflow/example_dags/example_dynamic_task_mapping.py for tasks to queue
[2025-10-27T21:38:51.833-0300] {logging_mixin.py:188} INFO - [2025-10-27T21:38:51.833-0300] {dagbag.py:545} INFO - Filling up the DagBag from /home/joaosousa/projects/spotify-project/venv/lib/python3.12/site-packages/airflow/example_dags/example_dynamic_task_mapping.py
[2025-10-27T21:38:51.838-0300] {processor.py:840} INFO - DAG(s) 'example_dynamic_task_mapping' retrieved from /home/joaosousa/projects/spotify-project/venv/lib/python3.12/site-packages/airflow/example_dags/example_dynamic_task_mapping.py
[2025-10-27T21:38:51.849-0300] {logging_mixin.py:188} INFO - [2025-10-27T21:38:51.849-0300] {dag.py:3096} INFO - Sync 1 DAGs
[2025-10-27T21:38:51.861-0300] {logging_mixin.py:188} INFO - [2025-10-27T21:38:51.861-0300] {dag.py:3954} INFO - Setting next_dagrun for example_dynamic_task_mapping to 2022-03-04 00:00:00+00:00, run_after=2022-03-05 00:00:00+00:00
[2025-10-27T21:38:51.876-0300] {processor.py:183} INFO - Processing /home/joaosousa/projects/spotify-project/venv/lib/python3.12/site-packages/airflow/example_dags/example_dynamic_task_mapping.py took 0.050 seconds
[2025-10-27T21:39:29.971-0300] {processor.py:161} INFO - Started process (PID=2023) to work on /home/joaosousa/projects/spotify-project/venv/lib/python3.12/site-packages/airflow/example_dags/example_dynamic_task_mapping.py
[2025-10-27T21:39:29.972-0300] {processor.py:830} INFO - Processing file /home/joaosousa/projects/spotify-project/venv/lib/python3.12/site-packages/airflow/example_dags/example_dynamic_task_mapping.py for tasks to queue
[2025-10-27T21:39:29.973-0300] {logging_mixin.py:188} INFO - [2025-10-27T21:39:29.973-0300] {dagbag.py:545} INFO - Filling up the DagBag from /home/joaosousa/projects/spotify-project/venv/lib/python3.12/site-packages/airflow/example_dags/example_dynamic_task_mapping.py
[2025-10-27T21:39:29.979-0300] {processor.py:840} INFO - DAG(s) 'example_dynamic_task_mapping' retrieved from /home/joaosousa/projects/spotify-project/venv/lib/python3.12/site-packages/airflow/example_dags/example_dynamic_task_mapping.py
[2025-10-27T21:39:29.991-0300] {logging_mixin.py:188} INFO - [2025-10-27T21:39:29.991-0300] {dag.py:3096} INFO - Sync 1 DAGs
[2025-10-27T21:39:30.006-0300] {logging_mixin.py:188} INFO - [2025-10-27T21:39:30.006-0300] {dag.py:3954} INFO - Setting next_dagrun for example_dynamic_task_mapping to 2022-03-04 00:00:00+00:00, run_after=2022-03-05 00:00:00+00:00
[2025-10-27T21:39:30.025-0300] {processor.py:183} INFO - Processing /home/joaosousa/projects/spotify-project/venv/lib/python3.12/site-packages/airflow/example_dags/example_dynamic_task_mapping.py took 0.059 seconds
[2025-10-27T21:40:13.410-0300] {processor.py:161} INFO - Started process (PID=2094) to work on /home/joaosousa/projects/spotify-project/venv/lib/python3.12/site-packages/airflow/example_dags/example_dynamic_task_mapping.py
[2025-10-27T21:40:13.412-0300] {processor.py:830} INFO - Processing file /home/joaosousa/projects/spotify-project/venv/lib/python3.12/site-packages/airflow/example_dags/example_dynamic_task_mapping.py for tasks to queue
[2025-10-27T21:40:13.413-0300] {logging_mixin.py:188} INFO - [2025-10-27T21:40:13.412-0300] {dagbag.py:545} INFO - Filling up the DagBag from /home/joaosousa/projects/spotify-project/venv/lib/python3.12/site-packages/airflow/example_dags/example_dynamic_task_mapping.py
[2025-10-27T21:40:13.418-0300] {processor.py:840} INFO - DAG(s) 'example_dynamic_task_mapping' retrieved from /home/joaosousa/projects/spotify-project/venv/lib/python3.12/site-packages/airflow/example_dags/example_dynamic_task_mapping.py
[2025-10-27T21:40:13.428-0300] {logging_mixin.py:188} INFO - [2025-10-27T21:40:13.428-0300] {dag.py:3096} INFO - Sync 1 DAGs
[2025-10-27T21:40:13.441-0300] {logging_mixin.py:188} INFO - [2025-10-27T21:40:13.440-0300] {dag.py:3954} INFO - Setting next_dagrun for example_dynamic_task_mapping to 2022-03-04 00:00:00+00:00, run_after=2022-03-05 00:00:00+00:00
[2025-10-27T21:40:13.455-0300] {processor.py:183} INFO - Processing /home/joaosousa/projects/spotify-project/venv/lib/python3.12/site-packages/airflow/example_dags/example_dynamic_task_mapping.py took 0.049 seconds
