[2025-10-27T21:30:46.768-0300] {processor.py:161} INFO - Started process (PID=1070) to work on /home/joaosousa/projects/spotify-project/venv/lib/python3.12/site-packages/airflow/example_dags/example_dynamic_task_mapping_with_no_taskflow_operators.py
[2025-10-27T21:30:46.769-0300] {processor.py:830} INFO - Processing file /home/joaosousa/projects/spotify-project/venv/lib/python3.12/site-packages/airflow/example_dags/example_dynamic_task_mapping_with_no_taskflow_operators.py for tasks to queue
[2025-10-27T21:30:46.770-0300] {logging_mixin.py:188} INFO - [2025-10-27T21:30:46.770-0300] {dagbag.py:545} INFO - Filling up the DagBag from /home/joaosousa/projects/spotify-project/venv/lib/python3.12/site-packages/airflow/example_dags/example_dynamic_task_mapping_with_no_taskflow_operators.py
[2025-10-27T21:30:46.777-0300] {processor.py:840} INFO - DAG(s) 'example_dynamic_task_mapping_with_no_taskflow_operators' retrieved from /home/joaosousa/projects/spotify-project/venv/lib/python3.12/site-packages/airflow/example_dags/example_dynamic_task_mapping_with_no_taskflow_operators.py
[2025-10-27T21:30:46.794-0300] {logging_mixin.py:188} INFO - [2025-10-27T21:30:46.794-0300] {dag.py:3096} INFO - Sync 1 DAGs
[2025-10-27T21:30:46.806-0300] {logging_mixin.py:188} INFO - [2025-10-27T21:30:46.806-0300] {dag.py:3954} INFO - Setting next_dagrun for example_dynamic_task_mapping_with_no_taskflow_operators to 2025-10-27 00:00:00+00:00, run_after=2025-10-28 00:00:00+00:00
[2025-10-27T21:30:46.822-0300] {processor.py:183} INFO - Processing /home/joaosousa/projects/spotify-project/venv/lib/python3.12/site-packages/airflow/example_dags/example_dynamic_task_mapping_with_no_taskflow_operators.py took 0.057 seconds
[2025-10-27T21:31:35.872-0300] {processor.py:161} INFO - Started process (PID=1148) to work on /home/joaosousa/projects/spotify-project/venv/lib/python3.12/site-packages/airflow/example_dags/example_dynamic_task_mapping_with_no_taskflow_operators.py
[2025-10-27T21:31:35.873-0300] {processor.py:830} INFO - Processing file /home/joaosousa/projects/spotify-project/venv/lib/python3.12/site-packages/airflow/example_dags/example_dynamic_task_mapping_with_no_taskflow_operators.py for tasks to queue
[2025-10-27T21:31:35.874-0300] {logging_mixin.py:188} INFO - [2025-10-27T21:31:35.874-0300] {dagbag.py:545} INFO - Filling up the DagBag from /home/joaosousa/projects/spotify-project/venv/lib/python3.12/site-packages/airflow/example_dags/example_dynamic_task_mapping_with_no_taskflow_operators.py
[2025-10-27T21:31:35.879-0300] {processor.py:840} INFO - DAG(s) 'example_dynamic_task_mapping_with_no_taskflow_operators' retrieved from /home/joaosousa/projects/spotify-project/venv/lib/python3.12/site-packages/airflow/example_dags/example_dynamic_task_mapping_with_no_taskflow_operators.py
[2025-10-27T21:31:35.889-0300] {logging_mixin.py:188} INFO - [2025-10-27T21:31:35.889-0300] {dag.py:3096} INFO - Sync 1 DAGs
[2025-10-27T21:31:35.902-0300] {logging_mixin.py:188} INFO - [2025-10-27T21:31:35.902-0300] {dag.py:3954} INFO - Setting next_dagrun for example_dynamic_task_mapping_with_no_taskflow_operators to 2025-10-27 00:00:00+00:00, run_after=2025-10-28 00:00:00+00:00
[2025-10-27T21:31:35.916-0300] {processor.py:183} INFO - Processing /home/joaosousa/projects/spotify-project/venv/lib/python3.12/site-packages/airflow/example_dags/example_dynamic_task_mapping_with_no_taskflow_operators.py took 0.048 seconds
[2025-10-27T21:32:26.652-0300] {processor.py:161} INFO - Started process (PID=1331) to work on /home/joaosousa/projects/spotify-project/venv/lib/python3.12/site-packages/airflow/example_dags/example_dynamic_task_mapping_with_no_taskflow_operators.py
[2025-10-27T21:32:26.654-0300] {processor.py:830} INFO - Processing file /home/joaosousa/projects/spotify-project/venv/lib/python3.12/site-packages/airflow/example_dags/example_dynamic_task_mapping_with_no_taskflow_operators.py for tasks to queue
[2025-10-27T21:32:26.655-0300] {logging_mixin.py:188} INFO - [2025-10-27T21:32:26.655-0300] {dagbag.py:545} INFO - Filling up the DagBag from /home/joaosousa/projects/spotify-project/venv/lib/python3.12/site-packages/airflow/example_dags/example_dynamic_task_mapping_with_no_taskflow_operators.py
[2025-10-27T21:32:26.660-0300] {processor.py:840} INFO - DAG(s) 'example_dynamic_task_mapping_with_no_taskflow_operators' retrieved from /home/joaosousa/projects/spotify-project/venv/lib/python3.12/site-packages/airflow/example_dags/example_dynamic_task_mapping_with_no_taskflow_operators.py
[2025-10-27T21:32:26.671-0300] {logging_mixin.py:188} INFO - [2025-10-27T21:32:26.670-0300] {dag.py:3096} INFO - Sync 1 DAGs
[2025-10-27T21:32:26.684-0300] {logging_mixin.py:188} INFO - [2025-10-27T21:32:26.684-0300] {dag.py:3954} INFO - Setting next_dagrun for example_dynamic_task_mapping_with_no_taskflow_operators to 2025-10-27 00:00:00+00:00, run_after=2025-10-28 00:00:00+00:00
[2025-10-27T21:32:26.709-0300] {processor.py:183} INFO - Processing /home/joaosousa/projects/spotify-project/venv/lib/python3.12/site-packages/airflow/example_dags/example_dynamic_task_mapping_with_no_taskflow_operators.py took 0.061 seconds
[2025-10-27T21:33:13.366-0300] {processor.py:161} INFO - Started process (PID=1404) to work on /home/joaosousa/projects/spotify-project/venv/lib/python3.12/site-packages/airflow/example_dags/example_dynamic_task_mapping_with_no_taskflow_operators.py
[2025-10-27T21:33:13.368-0300] {processor.py:830} INFO - Processing file /home/joaosousa/projects/spotify-project/venv/lib/python3.12/site-packages/airflow/example_dags/example_dynamic_task_mapping_with_no_taskflow_operators.py for tasks to queue
[2025-10-27T21:33:13.369-0300] {logging_mixin.py:188} INFO - [2025-10-27T21:33:13.369-0300] {dagbag.py:545} INFO - Filling up the DagBag from /home/joaosousa/projects/spotify-project/venv/lib/python3.12/site-packages/airflow/example_dags/example_dynamic_task_mapping_with_no_taskflow_operators.py
[2025-10-27T21:33:13.374-0300] {processor.py:840} INFO - DAG(s) 'example_dynamic_task_mapping_with_no_taskflow_operators' retrieved from /home/joaosousa/projects/spotify-project/venv/lib/python3.12/site-packages/airflow/example_dags/example_dynamic_task_mapping_with_no_taskflow_operators.py
[2025-10-27T21:33:13.384-0300] {logging_mixin.py:188} INFO - [2025-10-27T21:33:13.384-0300] {dag.py:3096} INFO - Sync 1 DAGs
[2025-10-27T21:33:13.395-0300] {logging_mixin.py:188} INFO - [2025-10-27T21:33:13.395-0300] {dag.py:3954} INFO - Setting next_dagrun for example_dynamic_task_mapping_with_no_taskflow_operators to 2025-10-27 00:00:00+00:00, run_after=2025-10-28 00:00:00+00:00
[2025-10-27T21:33:13.409-0300] {processor.py:183} INFO - Processing /home/joaosousa/projects/spotify-project/venv/lib/python3.12/site-packages/airflow/example_dags/example_dynamic_task_mapping_with_no_taskflow_operators.py took 0.047 seconds
[2025-10-27T21:33:54.113-0300] {processor.py:161} INFO - Started process (PID=1470) to work on /home/joaosousa/projects/spotify-project/venv/lib/python3.12/site-packages/airflow/example_dags/example_dynamic_task_mapping_with_no_taskflow_operators.py
[2025-10-27T21:33:54.115-0300] {processor.py:830} INFO - Processing file /home/joaosousa/projects/spotify-project/venv/lib/python3.12/site-packages/airflow/example_dags/example_dynamic_task_mapping_with_no_taskflow_operators.py for tasks to queue
[2025-10-27T21:33:54.117-0300] {logging_mixin.py:188} INFO - [2025-10-27T21:33:54.116-0300] {dagbag.py:545} INFO - Filling up the DagBag from /home/joaosousa/projects/spotify-project/venv/lib/python3.12/site-packages/airflow/example_dags/example_dynamic_task_mapping_with_no_taskflow_operators.py
[2025-10-27T21:33:54.122-0300] {processor.py:840} INFO - DAG(s) 'example_dynamic_task_mapping_with_no_taskflow_operators' retrieved from /home/joaosousa/projects/spotify-project/venv/lib/python3.12/site-packages/airflow/example_dags/example_dynamic_task_mapping_with_no_taskflow_operators.py
[2025-10-27T21:33:54.133-0300] {logging_mixin.py:188} INFO - [2025-10-27T21:33:54.133-0300] {dag.py:3096} INFO - Sync 1 DAGs
[2025-10-27T21:33:54.145-0300] {logging_mixin.py:188} INFO - [2025-10-27T21:33:54.145-0300] {dag.py:3954} INFO - Setting next_dagrun for example_dynamic_task_mapping_with_no_taskflow_operators to 2025-10-27 00:00:00+00:00, run_after=2025-10-28 00:00:00+00:00
[2025-10-27T21:33:54.160-0300] {processor.py:183} INFO - Processing /home/joaosousa/projects/spotify-project/venv/lib/python3.12/site-packages/airflow/example_dags/example_dynamic_task_mapping_with_no_taskflow_operators.py took 0.052 seconds
[2025-10-27T21:34:35.704-0300] {processor.py:161} INFO - Started process (PID=1538) to work on /home/joaosousa/projects/spotify-project/venv/lib/python3.12/site-packages/airflow/example_dags/example_dynamic_task_mapping_with_no_taskflow_operators.py
[2025-10-27T21:34:35.705-0300] {processor.py:830} INFO - Processing file /home/joaosousa/projects/spotify-project/venv/lib/python3.12/site-packages/airflow/example_dags/example_dynamic_task_mapping_with_no_taskflow_operators.py for tasks to queue
[2025-10-27T21:34:35.707-0300] {logging_mixin.py:188} INFO - [2025-10-27T21:34:35.706-0300] {dagbag.py:545} INFO - Filling up the DagBag from /home/joaosousa/projects/spotify-project/venv/lib/python3.12/site-packages/airflow/example_dags/example_dynamic_task_mapping_with_no_taskflow_operators.py
[2025-10-27T21:34:35.711-0300] {processor.py:840} INFO - DAG(s) 'example_dynamic_task_mapping_with_no_taskflow_operators' retrieved from /home/joaosousa/projects/spotify-project/venv/lib/python3.12/site-packages/airflow/example_dags/example_dynamic_task_mapping_with_no_taskflow_operators.py
[2025-10-27T21:34:35.722-0300] {logging_mixin.py:188} INFO - [2025-10-27T21:34:35.721-0300] {dag.py:3096} INFO - Sync 1 DAGs
[2025-10-27T21:34:35.733-0300] {logging_mixin.py:188} INFO - [2025-10-27T21:34:35.733-0300] {dag.py:3954} INFO - Setting next_dagrun for example_dynamic_task_mapping_with_no_taskflow_operators to 2025-10-27 00:00:00+00:00, run_after=2025-10-28 00:00:00+00:00
[2025-10-27T21:34:35.747-0300] {processor.py:183} INFO - Processing /home/joaosousa/projects/spotify-project/venv/lib/python3.12/site-packages/airflow/example_dags/example_dynamic_task_mapping_with_no_taskflow_operators.py took 0.047 seconds
[2025-10-27T21:35:13.920-0300] {processor.py:161} INFO - Started process (PID=1602) to work on /home/joaosousa/projects/spotify-project/venv/lib/python3.12/site-packages/airflow/example_dags/example_dynamic_task_mapping_with_no_taskflow_operators.py
[2025-10-27T21:35:13.921-0300] {processor.py:830} INFO - Processing file /home/joaosousa/projects/spotify-project/venv/lib/python3.12/site-packages/airflow/example_dags/example_dynamic_task_mapping_with_no_taskflow_operators.py for tasks to queue
[2025-10-27T21:35:13.922-0300] {logging_mixin.py:188} INFO - [2025-10-27T21:35:13.922-0300] {dagbag.py:545} INFO - Filling up the DagBag from /home/joaosousa/projects/spotify-project/venv/lib/python3.12/site-packages/airflow/example_dags/example_dynamic_task_mapping_with_no_taskflow_operators.py
[2025-10-27T21:35:13.927-0300] {processor.py:840} INFO - DAG(s) 'example_dynamic_task_mapping_with_no_taskflow_operators' retrieved from /home/joaosousa/projects/spotify-project/venv/lib/python3.12/site-packages/airflow/example_dags/example_dynamic_task_mapping_with_no_taskflow_operators.py
[2025-10-27T21:35:13.937-0300] {logging_mixin.py:188} INFO - [2025-10-27T21:35:13.937-0300] {dag.py:3096} INFO - Sync 1 DAGs
[2025-10-27T21:35:13.949-0300] {logging_mixin.py:188} INFO - [2025-10-27T21:35:13.949-0300] {dag.py:3954} INFO - Setting next_dagrun for example_dynamic_task_mapping_with_no_taskflow_operators to 2025-10-27 00:00:00+00:00, run_after=2025-10-28 00:00:00+00:00
[2025-10-27T21:35:13.963-0300] {processor.py:183} INFO - Processing /home/joaosousa/projects/spotify-project/venv/lib/python3.12/site-packages/airflow/example_dags/example_dynamic_task_mapping_with_no_taskflow_operators.py took 0.047 seconds
[2025-10-27T21:35:56.944-0300] {processor.py:161} INFO - Started process (PID=1670) to work on /home/joaosousa/projects/spotify-project/venv/lib/python3.12/site-packages/airflow/example_dags/example_dynamic_task_mapping_with_no_taskflow_operators.py
[2025-10-27T21:35:56.946-0300] {processor.py:830} INFO - Processing file /home/joaosousa/projects/spotify-project/venv/lib/python3.12/site-packages/airflow/example_dags/example_dynamic_task_mapping_with_no_taskflow_operators.py for tasks to queue
[2025-10-27T21:35:56.948-0300] {logging_mixin.py:188} INFO - [2025-10-27T21:35:56.947-0300] {dagbag.py:545} INFO - Filling up the DagBag from /home/joaosousa/projects/spotify-project/venv/lib/python3.12/site-packages/airflow/example_dags/example_dynamic_task_mapping_with_no_taskflow_operators.py
[2025-10-27T21:35:56.952-0300] {processor.py:840} INFO - DAG(s) 'example_dynamic_task_mapping_with_no_taskflow_operators' retrieved from /home/joaosousa/projects/spotify-project/venv/lib/python3.12/site-packages/airflow/example_dags/example_dynamic_task_mapping_with_no_taskflow_operators.py
[2025-10-27T21:35:56.963-0300] {logging_mixin.py:188} INFO - [2025-10-27T21:35:56.963-0300] {dag.py:3096} INFO - Sync 1 DAGs
[2025-10-27T21:35:56.974-0300] {logging_mixin.py:188} INFO - [2025-10-27T21:35:56.974-0300] {dag.py:3954} INFO - Setting next_dagrun for example_dynamic_task_mapping_with_no_taskflow_operators to 2025-10-27 00:00:00+00:00, run_after=2025-10-28 00:00:00+00:00
[2025-10-27T21:35:57.087-0300] {processor.py:183} INFO - Processing /home/joaosousa/projects/spotify-project/venv/lib/python3.12/site-packages/airflow/example_dags/example_dynamic_task_mapping_with_no_taskflow_operators.py took 0.147 seconds
[2025-10-27T21:36:46.600-0300] {processor.py:161} INFO - Started process (PID=1741) to work on /home/joaosousa/projects/spotify-project/venv/lib/python3.12/site-packages/airflow/example_dags/example_dynamic_task_mapping_with_no_taskflow_operators.py
[2025-10-27T21:36:46.602-0300] {processor.py:830} INFO - Processing file /home/joaosousa/projects/spotify-project/venv/lib/python3.12/site-packages/airflow/example_dags/example_dynamic_task_mapping_with_no_taskflow_operators.py for tasks to queue
[2025-10-27T21:36:46.604-0300] {logging_mixin.py:188} INFO - [2025-10-27T21:36:46.603-0300] {dagbag.py:545} INFO - Filling up the DagBag from /home/joaosousa/projects/spotify-project/venv/lib/python3.12/site-packages/airflow/example_dags/example_dynamic_task_mapping_with_no_taskflow_operators.py
[2025-10-27T21:36:46.609-0300] {processor.py:840} INFO - DAG(s) 'example_dynamic_task_mapping_with_no_taskflow_operators' retrieved from /home/joaosousa/projects/spotify-project/venv/lib/python3.12/site-packages/airflow/example_dags/example_dynamic_task_mapping_with_no_taskflow_operators.py
[2025-10-27T21:36:46.620-0300] {logging_mixin.py:188} INFO - [2025-10-27T21:36:46.619-0300] {dag.py:3096} INFO - Sync 1 DAGs
[2025-10-27T21:36:46.633-0300] {logging_mixin.py:188} INFO - [2025-10-27T21:36:46.633-0300] {dag.py:3954} INFO - Setting next_dagrun for example_dynamic_task_mapping_with_no_taskflow_operators to 2025-10-27 00:00:00+00:00, run_after=2025-10-28 00:00:00+00:00
[2025-10-27T21:36:46.649-0300] {processor.py:183} INFO - Processing /home/joaosousa/projects/spotify-project/venv/lib/python3.12/site-packages/airflow/example_dags/example_dynamic_task_mapping_with_no_taskflow_operators.py took 0.053 seconds
[2025-10-27T21:37:30.536-0300] {processor.py:161} INFO - Started process (PID=1811) to work on /home/joaosousa/projects/spotify-project/venv/lib/python3.12/site-packages/airflow/example_dags/example_dynamic_task_mapping_with_no_taskflow_operators.py
[2025-10-27T21:37:30.538-0300] {processor.py:830} INFO - Processing file /home/joaosousa/projects/spotify-project/venv/lib/python3.12/site-packages/airflow/example_dags/example_dynamic_task_mapping_with_no_taskflow_operators.py for tasks to queue
[2025-10-27T21:37:30.539-0300] {logging_mixin.py:188} INFO - [2025-10-27T21:37:30.539-0300] {dagbag.py:545} INFO - Filling up the DagBag from /home/joaosousa/projects/spotify-project/venv/lib/python3.12/site-packages/airflow/example_dags/example_dynamic_task_mapping_with_no_taskflow_operators.py
[2025-10-27T21:37:30.545-0300] {processor.py:840} INFO - DAG(s) 'example_dynamic_task_mapping_with_no_taskflow_operators' retrieved from /home/joaosousa/projects/spotify-project/venv/lib/python3.12/site-packages/airflow/example_dags/example_dynamic_task_mapping_with_no_taskflow_operators.py
[2025-10-27T21:37:30.555-0300] {logging_mixin.py:188} INFO - [2025-10-27T21:37:30.555-0300] {dag.py:3096} INFO - Sync 1 DAGs
[2025-10-27T21:37:30.568-0300] {logging_mixin.py:188} INFO - [2025-10-27T21:37:30.568-0300] {dag.py:3954} INFO - Setting next_dagrun for example_dynamic_task_mapping_with_no_taskflow_operators to 2025-10-27 00:00:00+00:00, run_after=2025-10-28 00:00:00+00:00
[2025-10-27T21:37:30.582-0300] {processor.py:183} INFO - Processing /home/joaosousa/projects/spotify-project/venv/lib/python3.12/site-packages/airflow/example_dags/example_dynamic_task_mapping_with_no_taskflow_operators.py took 0.051 seconds
[2025-10-27T21:38:14.820-0300] {processor.py:161} INFO - Started process (PID=1882) to work on /home/joaosousa/projects/spotify-project/venv/lib/python3.12/site-packages/airflow/example_dags/example_dynamic_task_mapping_with_no_taskflow_operators.py
[2025-10-27T21:38:14.821-0300] {processor.py:830} INFO - Processing file /home/joaosousa/projects/spotify-project/venv/lib/python3.12/site-packages/airflow/example_dags/example_dynamic_task_mapping_with_no_taskflow_operators.py for tasks to queue
[2025-10-27T21:38:14.822-0300] {logging_mixin.py:188} INFO - [2025-10-27T21:38:14.822-0300] {dagbag.py:545} INFO - Filling up the DagBag from /home/joaosousa/projects/spotify-project/venv/lib/python3.12/site-packages/airflow/example_dags/example_dynamic_task_mapping_with_no_taskflow_operators.py
[2025-10-27T21:38:14.828-0300] {processor.py:840} INFO - DAG(s) 'example_dynamic_task_mapping_with_no_taskflow_operators' retrieved from /home/joaosousa/projects/spotify-project/venv/lib/python3.12/site-packages/airflow/example_dags/example_dynamic_task_mapping_with_no_taskflow_operators.py
[2025-10-27T21:38:14.839-0300] {logging_mixin.py:188} INFO - [2025-10-27T21:38:14.839-0300] {dag.py:3096} INFO - Sync 1 DAGs
[2025-10-27T21:38:14.851-0300] {logging_mixin.py:188} INFO - [2025-10-27T21:38:14.851-0300] {dag.py:3954} INFO - Setting next_dagrun for example_dynamic_task_mapping_with_no_taskflow_operators to 2025-10-27 00:00:00+00:00, run_after=2025-10-28 00:00:00+00:00
[2025-10-27T21:38:14.870-0300] {processor.py:183} INFO - Processing /home/joaosousa/projects/spotify-project/venv/lib/python3.12/site-packages/airflow/example_dags/example_dynamic_task_mapping_with_no_taskflow_operators.py took 0.054 seconds
[2025-10-27T21:38:52.451-0300] {processor.py:161} INFO - Started process (PID=1952) to work on /home/joaosousa/projects/spotify-project/venv/lib/python3.12/site-packages/airflow/example_dags/example_dynamic_task_mapping_with_no_taskflow_operators.py
[2025-10-27T21:38:52.453-0300] {processor.py:830} INFO - Processing file /home/joaosousa/projects/spotify-project/venv/lib/python3.12/site-packages/airflow/example_dags/example_dynamic_task_mapping_with_no_taskflow_operators.py for tasks to queue
[2025-10-27T21:38:52.454-0300] {logging_mixin.py:188} INFO - [2025-10-27T21:38:52.454-0300] {dagbag.py:545} INFO - Filling up the DagBag from /home/joaosousa/projects/spotify-project/venv/lib/python3.12/site-packages/airflow/example_dags/example_dynamic_task_mapping_with_no_taskflow_operators.py
[2025-10-27T21:38:52.461-0300] {processor.py:840} INFO - DAG(s) 'example_dynamic_task_mapping_with_no_taskflow_operators' retrieved from /home/joaosousa/projects/spotify-project/venv/lib/python3.12/site-packages/airflow/example_dags/example_dynamic_task_mapping_with_no_taskflow_operators.py
[2025-10-27T21:38:52.475-0300] {logging_mixin.py:188} INFO - [2025-10-27T21:38:52.475-0300] {dag.py:3096} INFO - Sync 1 DAGs
[2025-10-27T21:38:52.489-0300] {logging_mixin.py:188} INFO - [2025-10-27T21:38:52.488-0300] {dag.py:3954} INFO - Setting next_dagrun for example_dynamic_task_mapping_with_no_taskflow_operators to 2025-10-27 00:00:00+00:00, run_after=2025-10-28 00:00:00+00:00
[2025-10-27T21:38:52.504-0300] {processor.py:183} INFO - Processing /home/joaosousa/projects/spotify-project/venv/lib/python3.12/site-packages/airflow/example_dags/example_dynamic_task_mapping_with_no_taskflow_operators.py took 0.058 seconds
[2025-10-27T21:39:31.108-0300] {processor.py:161} INFO - Started process (PID=2024) to work on /home/joaosousa/projects/spotify-project/venv/lib/python3.12/site-packages/airflow/example_dags/example_dynamic_task_mapping_with_no_taskflow_operators.py
[2025-10-27T21:39:31.108-0300] {processor.py:830} INFO - Processing file /home/joaosousa/projects/spotify-project/venv/lib/python3.12/site-packages/airflow/example_dags/example_dynamic_task_mapping_with_no_taskflow_operators.py for tasks to queue
[2025-10-27T21:39:31.110-0300] {logging_mixin.py:188} INFO - [2025-10-27T21:39:31.109-0300] {dagbag.py:545} INFO - Filling up the DagBag from /home/joaosousa/projects/spotify-project/venv/lib/python3.12/site-packages/airflow/example_dags/example_dynamic_task_mapping_with_no_taskflow_operators.py
[2025-10-27T21:39:31.115-0300] {processor.py:840} INFO - DAG(s) 'example_dynamic_task_mapping_with_no_taskflow_operators' retrieved from /home/joaosousa/projects/spotify-project/venv/lib/python3.12/site-packages/airflow/example_dags/example_dynamic_task_mapping_with_no_taskflow_operators.py
[2025-10-27T21:39:31.126-0300] {logging_mixin.py:188} INFO - [2025-10-27T21:39:31.126-0300] {dag.py:3096} INFO - Sync 1 DAGs
[2025-10-27T21:39:31.142-0300] {logging_mixin.py:188} INFO - [2025-10-27T21:39:31.141-0300] {dag.py:3954} INFO - Setting next_dagrun for example_dynamic_task_mapping_with_no_taskflow_operators to 2025-10-27 00:00:00+00:00, run_after=2025-10-28 00:00:00+00:00
[2025-10-27T21:39:31.160-0300] {processor.py:183} INFO - Processing /home/joaosousa/projects/spotify-project/venv/lib/python3.12/site-packages/airflow/example_dags/example_dynamic_task_mapping_with_no_taskflow_operators.py took 0.058 seconds
[2025-10-27T21:40:13.674-0300] {processor.py:161} INFO - Started process (PID=2095) to work on /home/joaosousa/projects/spotify-project/venv/lib/python3.12/site-packages/airflow/example_dags/example_dynamic_task_mapping_with_no_taskflow_operators.py
[2025-10-27T21:40:13.676-0300] {processor.py:830} INFO - Processing file /home/joaosousa/projects/spotify-project/venv/lib/python3.12/site-packages/airflow/example_dags/example_dynamic_task_mapping_with_no_taskflow_operators.py for tasks to queue
[2025-10-27T21:40:13.677-0300] {logging_mixin.py:188} INFO - [2025-10-27T21:40:13.677-0300] {dagbag.py:545} INFO - Filling up the DagBag from /home/joaosousa/projects/spotify-project/venv/lib/python3.12/site-packages/airflow/example_dags/example_dynamic_task_mapping_with_no_taskflow_operators.py
[2025-10-27T21:40:13.682-0300] {processor.py:840} INFO - DAG(s) 'example_dynamic_task_mapping_with_no_taskflow_operators' retrieved from /home/joaosousa/projects/spotify-project/venv/lib/python3.12/site-packages/airflow/example_dags/example_dynamic_task_mapping_with_no_taskflow_operators.py
[2025-10-27T21:40:13.692-0300] {logging_mixin.py:188} INFO - [2025-10-27T21:40:13.692-0300] {dag.py:3096} INFO - Sync 1 DAGs
[2025-10-27T21:40:13.705-0300] {logging_mixin.py:188} INFO - [2025-10-27T21:40:13.705-0300] {dag.py:3954} INFO - Setting next_dagrun for example_dynamic_task_mapping_with_no_taskflow_operators to 2025-10-27 00:00:00+00:00, run_after=2025-10-28 00:00:00+00:00
[2025-10-27T21:40:13.719-0300] {processor.py:183} INFO - Processing /home/joaosousa/projects/spotify-project/venv/lib/python3.12/site-packages/airflow/example_dags/example_dynamic_task_mapping_with_no_taskflow_operators.py took 0.050 seconds
