[2025-10-27T21:31:07.886-0300] {processor.py:161} INFO - Started process (PID=1091) to work on /home/joaosousa/projects/spotify-project/venv/lib/python3.12/site-packages/airflow/example_dags/example_time_delta_sensor_async.py
[2025-10-27T21:31:07.887-0300] {processor.py:830} INFO - Processing file /home/joaosousa/projects/spotify-project/venv/lib/python3.12/site-packages/airflow/example_dags/example_time_delta_sensor_async.py for tasks to queue
[2025-10-27T21:31:07.888-0300] {logging_mixin.py:188} INFO - [2025-10-27T21:31:07.888-0300] {dagbag.py:545} INFO - Filling up the DagBag from /home/joaosousa/projects/spotify-project/venv/lib/python3.12/site-packages/airflow/example_dags/example_time_delta_sensor_async.py
[2025-10-27T21:31:07.893-0300] {processor.py:840} INFO - DAG(s) 'example_time_delta_sensor_async' retrieved from /home/joaosousa/projects/spotify-project/venv/lib/python3.12/site-packages/airflow/example_dags/example_time_delta_sensor_async.py
[2025-10-27T21:31:07.904-0300] {logging_mixin.py:188} INFO - [2025-10-27T21:31:07.904-0300] {dag.py:3096} INFO - Sync 1 DAGs
[2025-10-27T21:31:07.912-0300] {logging_mixin.py:188} INFO - [2025-10-27T21:31:07.912-0300] {dag.py:3954} INFO - Setting next_dagrun for example_time_delta_sensor_async to None, run_after=None
[2025-10-27T21:31:07.927-0300] {processor.py:183} INFO - Processing /home/joaosousa/projects/spotify-project/venv/lib/python3.12/site-packages/airflow/example_dags/example_time_delta_sensor_async.py took 0.045 seconds
[2025-10-27T21:31:54.722-0300] {processor.py:161} INFO - Started process (PID=1259) to work on /home/joaosousa/projects/spotify-project/venv/lib/python3.12/site-packages/airflow/example_dags/example_time_delta_sensor_async.py
[2025-10-27T21:31:54.724-0300] {processor.py:830} INFO - Processing file /home/joaosousa/projects/spotify-project/venv/lib/python3.12/site-packages/airflow/example_dags/example_time_delta_sensor_async.py for tasks to queue
[2025-10-27T21:31:54.726-0300] {logging_mixin.py:188} INFO - [2025-10-27T21:31:54.725-0300] {dagbag.py:545} INFO - Filling up the DagBag from /home/joaosousa/projects/spotify-project/venv/lib/python3.12/site-packages/airflow/example_dags/example_time_delta_sensor_async.py
[2025-10-27T21:31:54.729-0300] {processor.py:840} INFO - DAG(s) 'example_time_delta_sensor_async' retrieved from /home/joaosousa/projects/spotify-project/venv/lib/python3.12/site-packages/airflow/example_dags/example_time_delta_sensor_async.py
[2025-10-27T21:31:54.740-0300] {logging_mixin.py:188} INFO - [2025-10-27T21:31:54.740-0300] {dag.py:3096} INFO - Sync 1 DAGs
[2025-10-27T21:31:54.748-0300] {logging_mixin.py:188} INFO - [2025-10-27T21:31:54.748-0300] {dag.py:3954} INFO - Setting next_dagrun for example_time_delta_sensor_async to None, run_after=None
[2025-10-27T21:31:54.764-0300] {processor.py:183} INFO - Processing /home/joaosousa/projects/spotify-project/venv/lib/python3.12/site-packages/airflow/example_dags/example_time_delta_sensor_async.py took 0.045 seconds
[2025-10-27T21:32:57.392-0300] {processor.py:161} INFO - Started process (PID=1386) to work on /home/joaosousa/projects/spotify-project/venv/lib/python3.12/site-packages/airflow/example_dags/example_time_delta_sensor_async.py
[2025-10-27T21:32:57.394-0300] {processor.py:830} INFO - Processing file /home/joaosousa/projects/spotify-project/venv/lib/python3.12/site-packages/airflow/example_dags/example_time_delta_sensor_async.py for tasks to queue
[2025-10-27T21:32:57.395-0300] {logging_mixin.py:188} INFO - [2025-10-27T21:32:57.395-0300] {dagbag.py:545} INFO - Filling up the DagBag from /home/joaosousa/projects/spotify-project/venv/lib/python3.12/site-packages/airflow/example_dags/example_time_delta_sensor_async.py
[2025-10-27T21:32:57.399-0300] {processor.py:840} INFO - DAG(s) 'example_time_delta_sensor_async' retrieved from /home/joaosousa/projects/spotify-project/venv/lib/python3.12/site-packages/airflow/example_dags/example_time_delta_sensor_async.py
[2025-10-27T21:32:57.410-0300] {logging_mixin.py:188} INFO - [2025-10-27T21:32:57.410-0300] {dag.py:3096} INFO - Sync 1 DAGs
[2025-10-27T21:32:57.419-0300] {logging_mixin.py:188} INFO - [2025-10-27T21:32:57.418-0300] {dag.py:3954} INFO - Setting next_dagrun for example_time_delta_sensor_async to None, run_after=None
[2025-10-27T21:32:57.435-0300] {processor.py:183} INFO - Processing /home/joaosousa/projects/spotify-project/venv/lib/python3.12/site-packages/airflow/example_dags/example_time_delta_sensor_async.py took 0.047 seconds
[2025-10-27T21:33:46.211-0300] {processor.py:161} INFO - Started process (PID=1462) to work on /home/joaosousa/projects/spotify-project/venv/lib/python3.12/site-packages/airflow/example_dags/example_time_delta_sensor_async.py
[2025-10-27T21:33:46.213-0300] {processor.py:830} INFO - Processing file /home/joaosousa/projects/spotify-project/venv/lib/python3.12/site-packages/airflow/example_dags/example_time_delta_sensor_async.py for tasks to queue
[2025-10-27T21:33:46.215-0300] {logging_mixin.py:188} INFO - [2025-10-27T21:33:46.214-0300] {dagbag.py:545} INFO - Filling up the DagBag from /home/joaosousa/projects/spotify-project/venv/lib/python3.12/site-packages/airflow/example_dags/example_time_delta_sensor_async.py
[2025-10-27T21:33:46.218-0300] {processor.py:840} INFO - DAG(s) 'example_time_delta_sensor_async' retrieved from /home/joaosousa/projects/spotify-project/venv/lib/python3.12/site-packages/airflow/example_dags/example_time_delta_sensor_async.py
[2025-10-27T21:33:46.228-0300] {logging_mixin.py:188} INFO - [2025-10-27T21:33:46.228-0300] {dag.py:3096} INFO - Sync 1 DAGs
[2025-10-27T21:33:46.235-0300] {logging_mixin.py:188} INFO - [2025-10-27T21:33:46.235-0300] {dag.py:3954} INFO - Setting next_dagrun for example_time_delta_sensor_async to None, run_after=None
[2025-10-27T21:33:46.250-0300] {processor.py:183} INFO - Processing /home/joaosousa/projects/spotify-project/venv/lib/python3.12/site-packages/airflow/example_dags/example_time_delta_sensor_async.py took 0.043 seconds
[2025-10-27T21:34:46.950-0300] {processor.py:161} INFO - Started process (PID=1550) to work on /home/joaosousa/projects/spotify-project/venv/lib/python3.12/site-packages/airflow/example_dags/example_time_delta_sensor_async.py
[2025-10-27T21:34:46.951-0300] {processor.py:830} INFO - Processing file /home/joaosousa/projects/spotify-project/venv/lib/python3.12/site-packages/airflow/example_dags/example_time_delta_sensor_async.py for tasks to queue
[2025-10-27T21:34:46.953-0300] {logging_mixin.py:188} INFO - [2025-10-27T21:34:46.953-0300] {dagbag.py:545} INFO - Filling up the DagBag from /home/joaosousa/projects/spotify-project/venv/lib/python3.12/site-packages/airflow/example_dags/example_time_delta_sensor_async.py
[2025-10-27T21:34:46.956-0300] {processor.py:840} INFO - DAG(s) 'example_time_delta_sensor_async' retrieved from /home/joaosousa/projects/spotify-project/venv/lib/python3.12/site-packages/airflow/example_dags/example_time_delta_sensor_async.py
[2025-10-27T21:34:46.967-0300] {logging_mixin.py:188} INFO - [2025-10-27T21:34:46.967-0300] {dag.py:3096} INFO - Sync 1 DAGs
[2025-10-27T21:34:46.974-0300] {logging_mixin.py:188} INFO - [2025-10-27T21:34:46.974-0300] {dag.py:3954} INFO - Setting next_dagrun for example_time_delta_sensor_async to None, run_after=None
[2025-10-27T21:34:46.987-0300] {processor.py:183} INFO - Processing /home/joaosousa/projects/spotify-project/venv/lib/python3.12/site-packages/airflow/example_dags/example_time_delta_sensor_async.py took 0.041 seconds
[2025-10-27T21:35:47.643-0300] {processor.py:161} INFO - Started process (PID=1661) to work on /home/joaosousa/projects/spotify-project/venv/lib/python3.12/site-packages/airflow/example_dags/example_time_delta_sensor_async.py
[2025-10-27T21:35:47.645-0300] {processor.py:830} INFO - Processing file /home/joaosousa/projects/spotify-project/venv/lib/python3.12/site-packages/airflow/example_dags/example_time_delta_sensor_async.py for tasks to queue
[2025-10-27T21:35:47.646-0300] {logging_mixin.py:188} INFO - [2025-10-27T21:35:47.646-0300] {dagbag.py:545} INFO - Filling up the DagBag from /home/joaosousa/projects/spotify-project/venv/lib/python3.12/site-packages/airflow/example_dags/example_time_delta_sensor_async.py
[2025-10-27T21:35:47.650-0300] {processor.py:840} INFO - DAG(s) 'example_time_delta_sensor_async' retrieved from /home/joaosousa/projects/spotify-project/venv/lib/python3.12/site-packages/airflow/example_dags/example_time_delta_sensor_async.py
[2025-10-27T21:35:47.661-0300] {logging_mixin.py:188} INFO - [2025-10-27T21:35:47.661-0300] {dag.py:3096} INFO - Sync 1 DAGs
[2025-10-27T21:35:47.668-0300] {logging_mixin.py:188} INFO - [2025-10-27T21:35:47.668-0300] {dag.py:3954} INFO - Setting next_dagrun for example_time_delta_sensor_async to None, run_after=None
[2025-10-27T21:35:47.684-0300] {processor.py:183} INFO - Processing /home/joaosousa/projects/spotify-project/venv/lib/python3.12/site-packages/airflow/example_dags/example_time_delta_sensor_async.py took 0.045 seconds
[2025-10-27T21:36:37.657-0300] {processor.py:161} INFO - Started process (PID=1732) to work on /home/joaosousa/projects/spotify-project/venv/lib/python3.12/site-packages/airflow/example_dags/example_time_delta_sensor_async.py
[2025-10-27T21:36:37.659-0300] {processor.py:830} INFO - Processing file /home/joaosousa/projects/spotify-project/venv/lib/python3.12/site-packages/airflow/example_dags/example_time_delta_sensor_async.py for tasks to queue
[2025-10-27T21:36:37.660-0300] {logging_mixin.py:188} INFO - [2025-10-27T21:36:37.660-0300] {dagbag.py:545} INFO - Filling up the DagBag from /home/joaosousa/projects/spotify-project/venv/lib/python3.12/site-packages/airflow/example_dags/example_time_delta_sensor_async.py
[2025-10-27T21:36:37.664-0300] {processor.py:840} INFO - DAG(s) 'example_time_delta_sensor_async' retrieved from /home/joaosousa/projects/spotify-project/venv/lib/python3.12/site-packages/airflow/example_dags/example_time_delta_sensor_async.py
[2025-10-27T21:36:37.765-0300] {logging_mixin.py:188} INFO - [2025-10-27T21:36:37.765-0300] {dag.py:3096} INFO - Sync 1 DAGs
[2025-10-27T21:36:37.770-0300] {logging_mixin.py:188} INFO - [2025-10-27T21:36:37.770-0300] {dag.py:3954} INFO - Setting next_dagrun for example_time_delta_sensor_async to None, run_after=None
[2025-10-27T21:36:37.784-0300] {processor.py:183} INFO - Processing /home/joaosousa/projects/spotify-project/venv/lib/python3.12/site-packages/airflow/example_dags/example_time_delta_sensor_async.py took 0.131 seconds
[2025-10-27T21:37:42.911-0300] {processor.py:161} INFO - Started process (PID=1825) to work on /home/joaosousa/projects/spotify-project/venv/lib/python3.12/site-packages/airflow/example_dags/example_time_delta_sensor_async.py
[2025-10-27T21:37:42.913-0300] {processor.py:830} INFO - Processing file /home/joaosousa/projects/spotify-project/venv/lib/python3.12/site-packages/airflow/example_dags/example_time_delta_sensor_async.py for tasks to queue
[2025-10-27T21:37:42.915-0300] {logging_mixin.py:188} INFO - [2025-10-27T21:37:42.915-0300] {dagbag.py:545} INFO - Filling up the DagBag from /home/joaosousa/projects/spotify-project/venv/lib/python3.12/site-packages/airflow/example_dags/example_time_delta_sensor_async.py
[2025-10-27T21:37:42.919-0300] {processor.py:840} INFO - DAG(s) 'example_time_delta_sensor_async' retrieved from /home/joaosousa/projects/spotify-project/venv/lib/python3.12/site-packages/airflow/example_dags/example_time_delta_sensor_async.py
[2025-10-27T21:37:42.932-0300] {logging_mixin.py:188} INFO - [2025-10-27T21:37:42.932-0300] {dag.py:3096} INFO - Sync 1 DAGs
[2025-10-27T21:37:42.939-0300] {logging_mixin.py:188} INFO - [2025-10-27T21:37:42.939-0300] {dag.py:3954} INFO - Setting next_dagrun for example_time_delta_sensor_async to None, run_after=None
[2025-10-27T21:37:42.955-0300] {processor.py:183} INFO - Processing /home/joaosousa/projects/spotify-project/venv/lib/python3.12/site-packages/airflow/example_dags/example_time_delta_sensor_async.py took 0.048 seconds
[2025-10-27T21:38:45.039-0300] {processor.py:161} INFO - Started process (PID=1943) to work on /home/joaosousa/projects/spotify-project/venv/lib/python3.12/site-packages/airflow/example_dags/example_time_delta_sensor_async.py
[2025-10-27T21:38:45.040-0300] {processor.py:830} INFO - Processing file /home/joaosousa/projects/spotify-project/venv/lib/python3.12/site-packages/airflow/example_dags/example_time_delta_sensor_async.py for tasks to queue
[2025-10-27T21:38:45.041-0300] {logging_mixin.py:188} INFO - [2025-10-27T21:38:45.041-0300] {dagbag.py:545} INFO - Filling up the DagBag from /home/joaosousa/projects/spotify-project/venv/lib/python3.12/site-packages/airflow/example_dags/example_time_delta_sensor_async.py
[2025-10-27T21:38:45.045-0300] {processor.py:840} INFO - DAG(s) 'example_time_delta_sensor_async' retrieved from /home/joaosousa/projects/spotify-project/venv/lib/python3.12/site-packages/airflow/example_dags/example_time_delta_sensor_async.py
[2025-10-27T21:38:45.056-0300] {logging_mixin.py:188} INFO - [2025-10-27T21:38:45.056-0300] {dag.py:3096} INFO - Sync 1 DAGs
[2025-10-27T21:38:45.063-0300] {logging_mixin.py:188} INFO - [2025-10-27T21:38:45.063-0300] {dag.py:3954} INFO - Setting next_dagrun for example_time_delta_sensor_async to None, run_after=None
[2025-10-27T21:38:45.078-0300] {processor.py:183} INFO - Processing /home/joaosousa/projects/spotify-project/venv/lib/python3.12/site-packages/airflow/example_dags/example_time_delta_sensor_async.py took 0.043 seconds
[2025-10-27T21:39:38.974-0300] {processor.py:161} INFO - Started process (PID=2032) to work on /home/joaosousa/projects/spotify-project/venv/lib/python3.12/site-packages/airflow/example_dags/example_time_delta_sensor_async.py
[2025-10-27T21:39:38.975-0300] {processor.py:830} INFO - Processing file /home/joaosousa/projects/spotify-project/venv/lib/python3.12/site-packages/airflow/example_dags/example_time_delta_sensor_async.py for tasks to queue
[2025-10-27T21:39:38.978-0300] {logging_mixin.py:188} INFO - [2025-10-27T21:39:38.977-0300] {dagbag.py:545} INFO - Filling up the DagBag from /home/joaosousa/projects/spotify-project/venv/lib/python3.12/site-packages/airflow/example_dags/example_time_delta_sensor_async.py
[2025-10-27T21:39:38.981-0300] {processor.py:840} INFO - DAG(s) 'example_time_delta_sensor_async' retrieved from /home/joaosousa/projects/spotify-project/venv/lib/python3.12/site-packages/airflow/example_dags/example_time_delta_sensor_async.py
[2025-10-27T21:39:38.993-0300] {logging_mixin.py:188} INFO - [2025-10-27T21:39:38.992-0300] {dag.py:3096} INFO - Sync 1 DAGs
[2025-10-27T21:39:39.001-0300] {logging_mixin.py:188} INFO - [2025-10-27T21:39:39.000-0300] {dag.py:3954} INFO - Setting next_dagrun for example_time_delta_sensor_async to None, run_after=None
[2025-10-27T21:39:39.019-0300] {processor.py:183} INFO - Processing /home/joaosousa/projects/spotify-project/venv/lib/python3.12/site-packages/airflow/example_dags/example_time_delta_sensor_async.py took 0.049 seconds
