[2025-10-27T21:31:04.398-0300] {processor.py:161} INFO - Started process (PID=1088) to work on /home/joaosousa/projects/spotify-project/venv/lib/python3.12/site-packages/airflow/example_dags/example_sla_dag.py
[2025-10-27T21:31:04.399-0300] {processor.py:830} INFO - Processing file /home/joaosousa/projects/spotify-project/venv/lib/python3.12/site-packages/airflow/example_dags/example_sla_dag.py for tasks to queue
[2025-10-27T21:31:04.400-0300] {logging_mixin.py:188} INFO - [2025-10-27T21:31:04.400-0300] {dagbag.py:545} INFO - Filling up the DagBag from /home/joaosousa/projects/spotify-project/venv/lib/python3.12/site-packages/airflow/example_dags/example_sla_dag.py
[2025-10-27T21:31:04.408-0300] {processor.py:840} INFO - DAG(s) 'example_sla_dag' retrieved from /home/joaosousa/projects/spotify-project/venv/lib/python3.12/site-packages/airflow/example_dags/example_sla_dag.py
[2025-10-27T21:31:04.420-0300] {logging_mixin.py:188} INFO - [2025-10-27T21:31:04.420-0300] {dag.py:3096} INFO - Sync 1 DAGs
[2025-10-27T21:31:04.433-0300] {logging_mixin.py:188} INFO - [2025-10-27T21:31:04.433-0300] {dag.py:3954} INFO - Setting next_dagrun for example_sla_dag to 2025-10-28 00:28:00+00:00, run_after=2025-10-28 00:30:00+00:00
[2025-10-27T21:31:04.449-0300] {processor.py:183} INFO - Processing /home/joaosousa/projects/spotify-project/venv/lib/python3.12/site-packages/airflow/example_dags/example_sla_dag.py took 0.056 seconds
[2025-10-27T21:31:52.457-0300] {processor.py:161} INFO - Started process (PID=1166) to work on /home/joaosousa/projects/spotify-project/venv/lib/python3.12/site-packages/airflow/example_dags/example_sla_dag.py
[2025-10-27T21:31:52.458-0300] {processor.py:830} INFO - Processing file /home/joaosousa/projects/spotify-project/venv/lib/python3.12/site-packages/airflow/example_dags/example_sla_dag.py for tasks to queue
[2025-10-27T21:31:52.459-0300] {logging_mixin.py:188} INFO - [2025-10-27T21:31:52.459-0300] {dagbag.py:545} INFO - Filling up the DagBag from /home/joaosousa/projects/spotify-project/venv/lib/python3.12/site-packages/airflow/example_dags/example_sla_dag.py
[2025-10-27T21:31:52.465-0300] {processor.py:840} INFO - DAG(s) 'example_sla_dag' retrieved from /home/joaosousa/projects/spotify-project/venv/lib/python3.12/site-packages/airflow/example_dags/example_sla_dag.py
[2025-10-27T21:31:52.475-0300] {logging_mixin.py:188} INFO - [2025-10-27T21:31:52.475-0300] {dag.py:3096} INFO - Sync 1 DAGs
[2025-10-27T21:31:52.488-0300] {logging_mixin.py:188} INFO - [2025-10-27T21:31:52.487-0300] {dag.py:3954} INFO - Setting next_dagrun for example_sla_dag to 2025-10-28 00:28:00+00:00, run_after=2025-10-28 00:30:00+00:00
[2025-10-27T21:31:52.501-0300] {processor.py:183} INFO - Processing /home/joaosousa/projects/spotify-project/venv/lib/python3.12/site-packages/airflow/example_dags/example_sla_dag.py took 0.048 seconds
[2025-10-27T21:32:44.855-0300] {processor.py:161} INFO - Started process (PID=1351) to work on /home/joaosousa/projects/spotify-project/venv/lib/python3.12/site-packages/airflow/example_dags/example_sla_dag.py
[2025-10-27T21:32:44.857-0300] {processor.py:830} INFO - Processing file /home/joaosousa/projects/spotify-project/venv/lib/python3.12/site-packages/airflow/example_dags/example_sla_dag.py for tasks to queue
[2025-10-27T21:32:44.858-0300] {logging_mixin.py:188} INFO - [2025-10-27T21:32:44.858-0300] {dagbag.py:545} INFO - Filling up the DagBag from /home/joaosousa/projects/spotify-project/venv/lib/python3.12/site-packages/airflow/example_dags/example_sla_dag.py
[2025-10-27T21:32:44.864-0300] {processor.py:840} INFO - DAG(s) 'example_sla_dag' retrieved from /home/joaosousa/projects/spotify-project/venv/lib/python3.12/site-packages/airflow/example_dags/example_sla_dag.py
[2025-10-27T21:32:44.875-0300] {logging_mixin.py:188} INFO - [2025-10-27T21:32:44.875-0300] {dag.py:3096} INFO - Sync 1 DAGs
[2025-10-27T21:32:44.889-0300] {logging_mixin.py:188} INFO - [2025-10-27T21:32:44.889-0300] {dag.py:3954} INFO - Setting next_dagrun for example_sla_dag to 2025-10-28 00:30:00+00:00, run_after=2025-10-28 00:32:00+00:00
[2025-10-27T21:32:44.903-0300] {processor.py:183} INFO - Processing /home/joaosousa/projects/spotify-project/venv/lib/python3.12/site-packages/airflow/example_dags/example_sla_dag.py took 0.052 seconds
[2025-10-27T21:33:42.808-0300] {processor.py:161} INFO - Started process (PID=1459) to work on /home/joaosousa/projects/spotify-project/venv/lib/python3.12/site-packages/airflow/example_dags/example_sla_dag.py
[2025-10-27T21:33:42.810-0300] {processor.py:830} INFO - Processing file /home/joaosousa/projects/spotify-project/venv/lib/python3.12/site-packages/airflow/example_dags/example_sla_dag.py for tasks to queue
[2025-10-27T21:33:42.811-0300] {logging_mixin.py:188} INFO - [2025-10-27T21:33:42.811-0300] {dagbag.py:545} INFO - Filling up the DagBag from /home/joaosousa/projects/spotify-project/venv/lib/python3.12/site-packages/airflow/example_dags/example_sla_dag.py
[2025-10-27T21:33:42.818-0300] {processor.py:840} INFO - DAG(s) 'example_sla_dag' retrieved from /home/joaosousa/projects/spotify-project/venv/lib/python3.12/site-packages/airflow/example_dags/example_sla_dag.py
[2025-10-27T21:33:42.828-0300] {logging_mixin.py:188} INFO - [2025-10-27T21:33:42.828-0300] {dag.py:3096} INFO - Sync 1 DAGs
[2025-10-27T21:33:42.841-0300] {logging_mixin.py:188} INFO - [2025-10-27T21:33:42.841-0300] {dag.py:3954} INFO - Setting next_dagrun for example_sla_dag to 2025-10-28 00:30:00+00:00, run_after=2025-10-28 00:32:00+00:00
[2025-10-27T21:33:42.857-0300] {processor.py:183} INFO - Processing /home/joaosousa/projects/spotify-project/venv/lib/python3.12/site-packages/airflow/example_dags/example_sla_dag.py took 0.053 seconds
[2025-10-27T21:34:43.548-0300] {processor.py:161} INFO - Started process (PID=1547) to work on /home/joaosousa/projects/spotify-project/venv/lib/python3.12/site-packages/airflow/example_dags/example_sla_dag.py
[2025-10-27T21:34:43.550-0300] {processor.py:830} INFO - Processing file /home/joaosousa/projects/spotify-project/venv/lib/python3.12/site-packages/airflow/example_dags/example_sla_dag.py for tasks to queue
[2025-10-27T21:34:43.551-0300] {logging_mixin.py:188} INFO - [2025-10-27T21:34:43.551-0300] {dagbag.py:545} INFO - Filling up the DagBag from /home/joaosousa/projects/spotify-project/venv/lib/python3.12/site-packages/airflow/example_dags/example_sla_dag.py
[2025-10-27T21:34:43.556-0300] {processor.py:840} INFO - DAG(s) 'example_sla_dag' retrieved from /home/joaosousa/projects/spotify-project/venv/lib/python3.12/site-packages/airflow/example_dags/example_sla_dag.py
[2025-10-27T21:34:43.566-0300] {logging_mixin.py:188} INFO - [2025-10-27T21:34:43.566-0300] {dag.py:3096} INFO - Sync 1 DAGs
[2025-10-27T21:34:43.579-0300] {logging_mixin.py:188} INFO - [2025-10-27T21:34:43.578-0300] {dag.py:3954} INFO - Setting next_dagrun for example_sla_dag to 2025-10-28 00:32:00+00:00, run_after=2025-10-28 00:34:00+00:00
[2025-10-27T21:34:43.593-0300] {processor.py:183} INFO - Processing /home/joaosousa/projects/spotify-project/venv/lib/python3.12/site-packages/airflow/example_dags/example_sla_dag.py took 0.049 seconds
[2025-10-27T21:35:44.194-0300] {processor.py:161} INFO - Started process (PID=1658) to work on /home/joaosousa/projects/spotify-project/venv/lib/python3.12/site-packages/airflow/example_dags/example_sla_dag.py
[2025-10-27T21:35:44.195-0300] {processor.py:830} INFO - Processing file /home/joaosousa/projects/spotify-project/venv/lib/python3.12/site-packages/airflow/example_dags/example_sla_dag.py for tasks to queue
[2025-10-27T21:35:44.197-0300] {logging_mixin.py:188} INFO - [2025-10-27T21:35:44.197-0300] {dagbag.py:545} INFO - Filling up the DagBag from /home/joaosousa/projects/spotify-project/venv/lib/python3.12/site-packages/airflow/example_dags/example_sla_dag.py
[2025-10-27T21:35:44.203-0300] {processor.py:840} INFO - DAG(s) 'example_sla_dag' retrieved from /home/joaosousa/projects/spotify-project/venv/lib/python3.12/site-packages/airflow/example_dags/example_sla_dag.py
[2025-10-27T21:35:44.214-0300] {logging_mixin.py:188} INFO - [2025-10-27T21:35:44.214-0300] {dag.py:3096} INFO - Sync 1 DAGs
[2025-10-27T21:35:44.227-0300] {logging_mixin.py:188} INFO - [2025-10-27T21:35:44.227-0300] {dag.py:3954} INFO - Setting next_dagrun for example_sla_dag to 2025-10-28 00:32:00+00:00, run_after=2025-10-28 00:34:00+00:00
[2025-10-27T21:35:44.242-0300] {processor.py:183} INFO - Processing /home/joaosousa/projects/spotify-project/venv/lib/python3.12/site-packages/airflow/example_dags/example_sla_dag.py took 0.052 seconds
[2025-10-27T21:36:34.584-0300] {processor.py:161} INFO - Started process (PID=1729) to work on /home/joaosousa/projects/spotify-project/venv/lib/python3.12/site-packages/airflow/example_dags/example_sla_dag.py
[2025-10-27T21:36:34.584-0300] {processor.py:830} INFO - Processing file /home/joaosousa/projects/spotify-project/venv/lib/python3.12/site-packages/airflow/example_dags/example_sla_dag.py for tasks to queue
[2025-10-27T21:36:34.586-0300] {logging_mixin.py:188} INFO - [2025-10-27T21:36:34.585-0300] {dagbag.py:545} INFO - Filling up the DagBag from /home/joaosousa/projects/spotify-project/venv/lib/python3.12/site-packages/airflow/example_dags/example_sla_dag.py
[2025-10-27T21:36:34.593-0300] {processor.py:840} INFO - DAG(s) 'example_sla_dag' retrieved from /home/joaosousa/projects/spotify-project/venv/lib/python3.12/site-packages/airflow/example_dags/example_sla_dag.py
[2025-10-27T21:36:34.697-0300] {logging_mixin.py:188} INFO - [2025-10-27T21:36:34.697-0300] {dag.py:3096} INFO - Sync 1 DAGs
[2025-10-27T21:36:34.707-0300] {logging_mixin.py:188} INFO - [2025-10-27T21:36:34.707-0300] {dag.py:3954} INFO - Setting next_dagrun for example_sla_dag to 2025-10-28 00:34:00+00:00, run_after=2025-10-28 00:36:00+00:00
[2025-10-27T21:36:34.722-0300] {processor.py:183} INFO - Processing /home/joaosousa/projects/spotify-project/venv/lib/python3.12/site-packages/airflow/example_dags/example_sla_dag.py took 0.143 seconds
[2025-10-27T21:37:20.392-0300] {processor.py:161} INFO - Started process (PID=1801) to work on /home/joaosousa/projects/spotify-project/venv/lib/python3.12/site-packages/airflow/example_dags/example_sla_dag.py
[2025-10-27T21:37:20.394-0300] {processor.py:830} INFO - Processing file /home/joaosousa/projects/spotify-project/venv/lib/python3.12/site-packages/airflow/example_dags/example_sla_dag.py for tasks to queue
[2025-10-27T21:37:20.395-0300] {logging_mixin.py:188} INFO - [2025-10-27T21:37:20.395-0300] {dagbag.py:545} INFO - Filling up the DagBag from /home/joaosousa/projects/spotify-project/venv/lib/python3.12/site-packages/airflow/example_dags/example_sla_dag.py
[2025-10-27T21:37:20.402-0300] {processor.py:840} INFO - DAG(s) 'example_sla_dag' retrieved from /home/joaosousa/projects/spotify-project/venv/lib/python3.12/site-packages/airflow/example_dags/example_sla_dag.py
[2025-10-27T21:37:20.413-0300] {logging_mixin.py:188} INFO - [2025-10-27T21:37:20.413-0300] {dag.py:3096} INFO - Sync 1 DAGs
[2025-10-27T21:37:20.427-0300] {logging_mixin.py:188} INFO - [2025-10-27T21:37:20.427-0300] {dag.py:3954} INFO - Setting next_dagrun for example_sla_dag to 2025-10-28 00:34:00+00:00, run_after=2025-10-28 00:36:00+00:00
[2025-10-27T21:37:20.442-0300] {processor.py:183} INFO - Processing /home/joaosousa/projects/spotify-project/venv/lib/python3.12/site-packages/airflow/example_dags/example_sla_dag.py took 0.054 seconds
[2025-10-27T21:38:26.653-0300] {processor.py:161} INFO - Started process (PID=1897) to work on /home/joaosousa/projects/spotify-project/venv/lib/python3.12/site-packages/airflow/example_dags/example_sla_dag.py
[2025-10-27T21:38:26.655-0300] {processor.py:830} INFO - Processing file /home/joaosousa/projects/spotify-project/venv/lib/python3.12/site-packages/airflow/example_dags/example_sla_dag.py for tasks to queue
[2025-10-27T21:38:26.656-0300] {logging_mixin.py:188} INFO - [2025-10-27T21:38:26.656-0300] {dagbag.py:545} INFO - Filling up the DagBag from /home/joaosousa/projects/spotify-project/venv/lib/python3.12/site-packages/airflow/example_dags/example_sla_dag.py
[2025-10-27T21:38:26.663-0300] {processor.py:840} INFO - DAG(s) 'example_sla_dag' retrieved from /home/joaosousa/projects/spotify-project/venv/lib/python3.12/site-packages/airflow/example_dags/example_sla_dag.py
[2025-10-27T21:38:26.674-0300] {logging_mixin.py:188} INFO - [2025-10-27T21:38:26.674-0300] {dag.py:3096} INFO - Sync 1 DAGs
[2025-10-27T21:38:26.689-0300] {logging_mixin.py:188} INFO - [2025-10-27T21:38:26.689-0300] {dag.py:3954} INFO - Setting next_dagrun for example_sla_dag to 2025-10-28 00:36:00+00:00, run_after=2025-10-28 00:38:00+00:00
[2025-10-27T21:38:26.705-0300] {processor.py:183} INFO - Processing /home/joaosousa/projects/spotify-project/venv/lib/python3.12/site-packages/airflow/example_dags/example_sla_dag.py took 0.056 seconds
[2025-10-27T21:39:18.139-0300] {processor.py:161} INFO - Started process (PID=1995) to work on /home/joaosousa/projects/spotify-project/venv/lib/python3.12/site-packages/airflow/example_dags/example_sla_dag.py
[2025-10-27T21:39:18.141-0300] {processor.py:830} INFO - Processing file /home/joaosousa/projects/spotify-project/venv/lib/python3.12/site-packages/airflow/example_dags/example_sla_dag.py for tasks to queue
[2025-10-27T21:39:18.142-0300] {logging_mixin.py:188} INFO - [2025-10-27T21:39:18.142-0300] {dagbag.py:545} INFO - Filling up the DagBag from /home/joaosousa/projects/spotify-project/venv/lib/python3.12/site-packages/airflow/example_dags/example_sla_dag.py
[2025-10-27T21:39:18.149-0300] {processor.py:840} INFO - DAG(s) 'example_sla_dag' retrieved from /home/joaosousa/projects/spotify-project/venv/lib/python3.12/site-packages/airflow/example_dags/example_sla_dag.py
[2025-10-27T21:39:18.160-0300] {logging_mixin.py:188} INFO - [2025-10-27T21:39:18.160-0300] {dag.py:3096} INFO - Sync 1 DAGs
[2025-10-27T21:39:18.174-0300] {logging_mixin.py:188} INFO - [2025-10-27T21:39:18.174-0300] {dag.py:3954} INFO - Setting next_dagrun for example_sla_dag to 2025-10-28 00:36:00+00:00, run_after=2025-10-28 00:38:00+00:00
[2025-10-27T21:39:17.595-0300] {processor.py:183} INFO - Processing /home/joaosousa/projects/spotify-project/venv/lib/python3.12/site-packages/airflow/example_dags/example_sla_dag.py took 0.055 seconds
[2025-10-27T21:40:22.757-0300] {processor.py:161} INFO - Started process (PID=2105) to work on /home/joaosousa/projects/spotify-project/venv/lib/python3.12/site-packages/airflow/example_dags/example_sla_dag.py
[2025-10-27T21:40:22.761-0300] {processor.py:830} INFO - Processing file /home/joaosousa/projects/spotify-project/venv/lib/python3.12/site-packages/airflow/example_dags/example_sla_dag.py for tasks to queue
[2025-10-27T21:40:22.762-0300] {logging_mixin.py:188} INFO - [2025-10-27T21:40:22.762-0300] {dagbag.py:545} INFO - Filling up the DagBag from /home/joaosousa/projects/spotify-project/venv/lib/python3.12/site-packages/airflow/example_dags/example_sla_dag.py
[2025-10-27T21:40:22.769-0300] {processor.py:840} INFO - DAG(s) 'example_sla_dag' retrieved from /home/joaosousa/projects/spotify-project/venv/lib/python3.12/site-packages/airflow/example_dags/example_sla_dag.py
[2025-10-27T21:40:22.779-0300] {logging_mixin.py:188} INFO - [2025-10-27T21:40:22.779-0300] {dag.py:3096} INFO - Sync 1 DAGs
[2025-10-27T21:40:22.793-0300] {logging_mixin.py:188} INFO - [2025-10-27T21:40:22.793-0300] {dag.py:3954} INFO - Setting next_dagrun for example_sla_dag to 2025-10-28 00:38:00+00:00, run_after=2025-10-28 00:40:00+00:00
[2025-10-27T21:40:22.808-0300] {processor.py:183} INFO - Processing /home/joaosousa/projects/spotify-project/venv/lib/python3.12/site-packages/airflow/example_dags/example_sla_dag.py took 0.056 seconds
