[2025-10-27T21:30:48.413-0300] {processor.py:161} INFO - Started process (PID=1072) to work on /home/joaosousa/projects/spotify-project/venv/lib/python3.12/site-packages/airflow/example_dags/example_external_task_marker_dag.py
[2025-10-27T21:30:48.414-0300] {processor.py:830} INFO - Processing file /home/joaosousa/projects/spotify-project/venv/lib/python3.12/site-packages/airflow/example_dags/example_external_task_marker_dag.py for tasks to queue
[2025-10-27T21:30:48.415-0300] {logging_mixin.py:188} INFO - [2025-10-27T21:30:48.415-0300] {dagbag.py:545} INFO - Filling up the DagBag from /home/joaosousa/projects/spotify-project/venv/lib/python3.12/site-packages/airflow/example_dags/example_external_task_marker_dag.py
[2025-10-27T21:30:48.424-0300] {processor.py:840} INFO - DAG(s) 'example_external_task_marker_child', 'example_external_task_marker_parent' retrieved from /home/joaosousa/projects/spotify-project/venv/lib/python3.12/site-packages/airflow/example_dags/example_external_task_marker_dag.py
[2025-10-27T21:30:48.455-0300] {logging_mixin.py:188} INFO - [2025-10-27T21:30:48.455-0300] {dag.py:3096} INFO - Sync 2 DAGs
[2025-10-27T21:30:48.466-0300] {logging_mixin.py:188} INFO - [2025-10-27T21:30:48.466-0300] {dag.py:3954} INFO - Setting next_dagrun for example_external_task_marker_child to None, run_after=None
[2025-10-27T21:30:48.468-0300] {logging_mixin.py:188} INFO - [2025-10-27T21:30:48.468-0300] {dag.py:3954} INFO - Setting next_dagrun for example_external_task_marker_parent to None, run_after=None
[2025-10-27T21:30:48.483-0300] {processor.py:183} INFO - Processing /home/joaosousa/projects/spotify-project/venv/lib/python3.12/site-packages/airflow/example_dags/example_external_task_marker_dag.py took 0.076 seconds
[2025-10-27T21:31:37.396-0300] {processor.py:161} INFO - Started process (PID=1150) to work on /home/joaosousa/projects/spotify-project/venv/lib/python3.12/site-packages/airflow/example_dags/example_external_task_marker_dag.py
[2025-10-27T21:31:37.397-0300] {processor.py:830} INFO - Processing file /home/joaosousa/projects/spotify-project/venv/lib/python3.12/site-packages/airflow/example_dags/example_external_task_marker_dag.py for tasks to queue
[2025-10-27T21:31:37.399-0300] {logging_mixin.py:188} INFO - [2025-10-27T21:31:37.398-0300] {dagbag.py:545} INFO - Filling up the DagBag from /home/joaosousa/projects/spotify-project/venv/lib/python3.12/site-packages/airflow/example_dags/example_external_task_marker_dag.py
[2025-10-27T21:31:37.403-0300] {processor.py:840} INFO - DAG(s) 'example_external_task_marker_child', 'example_external_task_marker_parent' retrieved from /home/joaosousa/projects/spotify-project/venv/lib/python3.12/site-packages/airflow/example_dags/example_external_task_marker_dag.py
[2025-10-27T21:31:37.414-0300] {logging_mixin.py:188} INFO - [2025-10-27T21:31:37.414-0300] {dag.py:3096} INFO - Sync 2 DAGs
[2025-10-27T21:31:37.421-0300] {logging_mixin.py:188} INFO - [2025-10-27T21:31:37.421-0300] {dag.py:3954} INFO - Setting next_dagrun for example_external_task_marker_child to None, run_after=None
[2025-10-27T21:31:37.423-0300] {logging_mixin.py:188} INFO - [2025-10-27T21:31:37.423-0300] {dag.py:3954} INFO - Setting next_dagrun for example_external_task_marker_parent to None, run_after=None
[2025-10-27T21:31:37.435-0300] {processor.py:183} INFO - Processing /home/joaosousa/projects/spotify-project/venv/lib/python3.12/site-packages/airflow/example_dags/example_external_task_marker_dag.py took 0.044 seconds
[2025-10-27T21:32:28.451-0300] {processor.py:161} INFO - Started process (PID=1333) to work on /home/joaosousa/projects/spotify-project/venv/lib/python3.12/site-packages/airflow/example_dags/example_external_task_marker_dag.py
[2025-10-27T21:32:28.453-0300] {processor.py:830} INFO - Processing file /home/joaosousa/projects/spotify-project/venv/lib/python3.12/site-packages/airflow/example_dags/example_external_task_marker_dag.py for tasks to queue
[2025-10-27T21:32:28.455-0300] {logging_mixin.py:188} INFO - [2025-10-27T21:32:28.454-0300] {dagbag.py:545} INFO - Filling up the DagBag from /home/joaosousa/projects/spotify-project/venv/lib/python3.12/site-packages/airflow/example_dags/example_external_task_marker_dag.py
[2025-10-27T21:32:28.459-0300] {processor.py:840} INFO - DAG(s) 'example_external_task_marker_child', 'example_external_task_marker_parent' retrieved from /home/joaosousa/projects/spotify-project/venv/lib/python3.12/site-packages/airflow/example_dags/example_external_task_marker_dag.py
[2025-10-27T21:32:28.470-0300] {logging_mixin.py:188} INFO - [2025-10-27T21:32:28.470-0300] {dag.py:3096} INFO - Sync 2 DAGs
[2025-10-27T21:32:28.477-0300] {logging_mixin.py:188} INFO - [2025-10-27T21:32:28.477-0300] {dag.py:3954} INFO - Setting next_dagrun for example_external_task_marker_child to None, run_after=None
[2025-10-27T21:32:28.479-0300] {logging_mixin.py:188} INFO - [2025-10-27T21:32:28.479-0300] {dag.py:3954} INFO - Setting next_dagrun for example_external_task_marker_parent to None, run_after=None
[2025-10-27T21:32:28.492-0300] {processor.py:183} INFO - Processing /home/joaosousa/projects/spotify-project/venv/lib/python3.12/site-packages/airflow/example_dags/example_external_task_marker_dag.py took 0.045 seconds
[2025-10-27T21:33:15.621-0300] {processor.py:161} INFO - Started process (PID=1406) to work on /home/joaosousa/projects/spotify-project/venv/lib/python3.12/site-packages/airflow/example_dags/example_external_task_marker_dag.py
[2025-10-27T21:33:15.623-0300] {processor.py:830} INFO - Processing file /home/joaosousa/projects/spotify-project/venv/lib/python3.12/site-packages/airflow/example_dags/example_external_task_marker_dag.py for tasks to queue
[2025-10-27T21:33:15.624-0300] {logging_mixin.py:188} INFO - [2025-10-27T21:33:15.624-0300] {dagbag.py:545} INFO - Filling up the DagBag from /home/joaosousa/projects/spotify-project/venv/lib/python3.12/site-packages/airflow/example_dags/example_external_task_marker_dag.py
[2025-10-27T21:33:15.629-0300] {processor.py:840} INFO - DAG(s) 'example_external_task_marker_child', 'example_external_task_marker_parent' retrieved from /home/joaosousa/projects/spotify-project/venv/lib/python3.12/site-packages/airflow/example_dags/example_external_task_marker_dag.py
[2025-10-27T21:33:15.641-0300] {logging_mixin.py:188} INFO - [2025-10-27T21:33:15.641-0300] {dag.py:3096} INFO - Sync 2 DAGs
[2025-10-27T21:33:15.648-0300] {logging_mixin.py:188} INFO - [2025-10-27T21:33:15.648-0300] {dag.py:3954} INFO - Setting next_dagrun for example_external_task_marker_child to None, run_after=None
[2025-10-27T21:33:15.650-0300] {logging_mixin.py:188} INFO - [2025-10-27T21:33:15.650-0300] {dag.py:3954} INFO - Setting next_dagrun for example_external_task_marker_parent to None, run_after=None
[2025-10-27T21:33:15.666-0300] {processor.py:183} INFO - Processing /home/joaosousa/projects/spotify-project/venv/lib/python3.12/site-packages/airflow/example_dags/example_external_task_marker_dag.py took 0.049 seconds
[2025-10-27T21:33:56.392-0300] {processor.py:161} INFO - Started process (PID=1472) to work on /home/joaosousa/projects/spotify-project/venv/lib/python3.12/site-packages/airflow/example_dags/example_external_task_marker_dag.py
[2025-10-27T21:33:56.393-0300] {processor.py:830} INFO - Processing file /home/joaosousa/projects/spotify-project/venv/lib/python3.12/site-packages/airflow/example_dags/example_external_task_marker_dag.py for tasks to queue
[2025-10-27T21:33:56.395-0300] {logging_mixin.py:188} INFO - [2025-10-27T21:33:56.394-0300] {dagbag.py:545} INFO - Filling up the DagBag from /home/joaosousa/projects/spotify-project/venv/lib/python3.12/site-packages/airflow/example_dags/example_external_task_marker_dag.py
[2025-10-27T21:33:56.400-0300] {processor.py:840} INFO - DAG(s) 'example_external_task_marker_child', 'example_external_task_marker_parent' retrieved from /home/joaosousa/projects/spotify-project/venv/lib/python3.12/site-packages/airflow/example_dags/example_external_task_marker_dag.py
[2025-10-27T21:33:56.414-0300] {logging_mixin.py:188} INFO - [2025-10-27T21:33:56.414-0300] {dag.py:3096} INFO - Sync 2 DAGs
[2025-10-27T21:33:56.422-0300] {logging_mixin.py:188} INFO - [2025-10-27T21:33:56.422-0300] {dag.py:3954} INFO - Setting next_dagrun for example_external_task_marker_child to None, run_after=None
[2025-10-27T21:33:56.424-0300] {logging_mixin.py:188} INFO - [2025-10-27T21:33:56.424-0300] {dag.py:3954} INFO - Setting next_dagrun for example_external_task_marker_parent to None, run_after=None
[2025-10-27T21:33:56.438-0300] {processor.py:183} INFO - Processing /home/joaosousa/projects/spotify-project/venv/lib/python3.12/site-packages/airflow/example_dags/example_external_task_marker_dag.py took 0.050 seconds
[2025-10-27T21:34:37.404-0300] {processor.py:161} INFO - Started process (PID=1540) to work on /home/joaosousa/projects/spotify-project/venv/lib/python3.12/site-packages/airflow/example_dags/example_external_task_marker_dag.py
[2025-10-27T21:34:37.406-0300] {processor.py:830} INFO - Processing file /home/joaosousa/projects/spotify-project/venv/lib/python3.12/site-packages/airflow/example_dags/example_external_task_marker_dag.py for tasks to queue
[2025-10-27T21:34:37.407-0300] {logging_mixin.py:188} INFO - [2025-10-27T21:34:37.407-0300] {dagbag.py:545} INFO - Filling up the DagBag from /home/joaosousa/projects/spotify-project/venv/lib/python3.12/site-packages/airflow/example_dags/example_external_task_marker_dag.py
[2025-10-27T21:34:37.411-0300] {processor.py:840} INFO - DAG(s) 'example_external_task_marker_parent', 'example_external_task_marker_child' retrieved from /home/joaosousa/projects/spotify-project/venv/lib/python3.12/site-packages/airflow/example_dags/example_external_task_marker_dag.py
[2025-10-27T21:34:37.424-0300] {logging_mixin.py:188} INFO - [2025-10-27T21:34:37.423-0300] {dag.py:3096} INFO - Sync 2 DAGs
[2025-10-27T21:34:37.432-0300] {logging_mixin.py:188} INFO - [2025-10-27T21:34:37.431-0300] {dag.py:3954} INFO - Setting next_dagrun for example_external_task_marker_child to None, run_after=None
[2025-10-27T21:34:37.434-0300] {logging_mixin.py:188} INFO - [2025-10-27T21:34:37.433-0300] {dag.py:3954} INFO - Setting next_dagrun for example_external_task_marker_parent to None, run_after=None
[2025-10-27T21:34:37.448-0300] {processor.py:183} INFO - Processing /home/joaosousa/projects/spotify-project/venv/lib/python3.12/site-packages/airflow/example_dags/example_external_task_marker_dag.py took 0.048 seconds
[2025-10-27T21:35:16.209-0300] {processor.py:161} INFO - Started process (PID=1604) to work on /home/joaosousa/projects/spotify-project/venv/lib/python3.12/site-packages/airflow/example_dags/example_external_task_marker_dag.py
[2025-10-27T21:35:16.210-0300] {processor.py:830} INFO - Processing file /home/joaosousa/projects/spotify-project/venv/lib/python3.12/site-packages/airflow/example_dags/example_external_task_marker_dag.py for tasks to queue
[2025-10-27T21:35:16.211-0300] {logging_mixin.py:188} INFO - [2025-10-27T21:35:16.211-0300] {dagbag.py:545} INFO - Filling up the DagBag from /home/joaosousa/projects/spotify-project/venv/lib/python3.12/site-packages/airflow/example_dags/example_external_task_marker_dag.py
[2025-10-27T21:35:16.216-0300] {processor.py:840} INFO - DAG(s) 'example_external_task_marker_parent', 'example_external_task_marker_child' retrieved from /home/joaosousa/projects/spotify-project/venv/lib/python3.12/site-packages/airflow/example_dags/example_external_task_marker_dag.py
[2025-10-27T21:35:16.229-0300] {logging_mixin.py:188} INFO - [2025-10-27T21:35:16.228-0300] {dag.py:3096} INFO - Sync 2 DAGs
[2025-10-27T21:35:16.238-0300] {logging_mixin.py:188} INFO - [2025-10-27T21:35:16.238-0300] {dag.py:3954} INFO - Setting next_dagrun for example_external_task_marker_child to None, run_after=None
[2025-10-27T21:35:16.242-0300] {logging_mixin.py:188} INFO - [2025-10-27T21:35:16.242-0300] {dag.py:3954} INFO - Setting next_dagrun for example_external_task_marker_parent to None, run_after=None
[2025-10-27T21:35:16.270-0300] {processor.py:183} INFO - Processing /home/joaosousa/projects/spotify-project/venv/lib/python3.12/site-packages/airflow/example_dags/example_external_task_marker_dag.py took 0.065 seconds
[2025-10-27T21:35:58.672-0300] {processor.py:161} INFO - Started process (PID=1672) to work on /home/joaosousa/projects/spotify-project/venv/lib/python3.12/site-packages/airflow/example_dags/example_external_task_marker_dag.py
[2025-10-27T21:35:58.674-0300] {processor.py:830} INFO - Processing file /home/joaosousa/projects/spotify-project/venv/lib/python3.12/site-packages/airflow/example_dags/example_external_task_marker_dag.py for tasks to queue
[2025-10-27T21:35:58.675-0300] {logging_mixin.py:188} INFO - [2025-10-27T21:35:58.675-0300] {dagbag.py:545} INFO - Filling up the DagBag from /home/joaosousa/projects/spotify-project/venv/lib/python3.12/site-packages/airflow/example_dags/example_external_task_marker_dag.py
[2025-10-27T21:35:58.679-0300] {processor.py:840} INFO - DAG(s) 'example_external_task_marker_parent', 'example_external_task_marker_child' retrieved from /home/joaosousa/projects/spotify-project/venv/lib/python3.12/site-packages/airflow/example_dags/example_external_task_marker_dag.py
[2025-10-27T21:35:58.691-0300] {logging_mixin.py:188} INFO - [2025-10-27T21:35:58.691-0300] {dag.py:3096} INFO - Sync 2 DAGs
[2025-10-27T21:35:58.699-0300] {logging_mixin.py:188} INFO - [2025-10-27T21:35:58.698-0300] {dag.py:3954} INFO - Setting next_dagrun for example_external_task_marker_child to None, run_after=None
[2025-10-27T21:35:58.700-0300] {logging_mixin.py:188} INFO - [2025-10-27T21:35:58.700-0300] {dag.py:3954} INFO - Setting next_dagrun for example_external_task_marker_parent to None, run_after=None
[2025-10-27T21:35:58.713-0300] {processor.py:183} INFO - Processing /home/joaosousa/projects/spotify-project/venv/lib/python3.12/site-packages/airflow/example_dags/example_external_task_marker_dag.py took 0.046 seconds
[2025-10-27T21:36:48.889-0300] {processor.py:161} INFO - Started process (PID=1743) to work on /home/joaosousa/projects/spotify-project/venv/lib/python3.12/site-packages/airflow/example_dags/example_external_task_marker_dag.py
[2025-10-27T21:36:48.891-0300] {processor.py:830} INFO - Processing file /home/joaosousa/projects/spotify-project/venv/lib/python3.12/site-packages/airflow/example_dags/example_external_task_marker_dag.py for tasks to queue
[2025-10-27T21:36:48.892-0300] {logging_mixin.py:188} INFO - [2025-10-27T21:36:48.892-0300] {dagbag.py:545} INFO - Filling up the DagBag from /home/joaosousa/projects/spotify-project/venv/lib/python3.12/site-packages/airflow/example_dags/example_external_task_marker_dag.py
[2025-10-27T21:36:48.897-0300] {processor.py:840} INFO - DAG(s) 'example_external_task_marker_parent', 'example_external_task_marker_child' retrieved from /home/joaosousa/projects/spotify-project/venv/lib/python3.12/site-packages/airflow/example_dags/example_external_task_marker_dag.py
[2025-10-27T21:36:48.910-0300] {logging_mixin.py:188} INFO - [2025-10-27T21:36:48.910-0300] {dag.py:3096} INFO - Sync 2 DAGs
[2025-10-27T21:36:48.918-0300] {logging_mixin.py:188} INFO - [2025-10-27T21:36:48.918-0300] {dag.py:3954} INFO - Setting next_dagrun for example_external_task_marker_child to None, run_after=None
[2025-10-27T21:36:48.920-0300] {logging_mixin.py:188} INFO - [2025-10-27T21:36:48.920-0300] {dag.py:3954} INFO - Setting next_dagrun for example_external_task_marker_parent to None, run_after=None
[2025-10-27T21:36:48.938-0300] {processor.py:183} INFO - Processing /home/joaosousa/projects/spotify-project/venv/lib/python3.12/site-packages/airflow/example_dags/example_external_task_marker_dag.py took 0.053 seconds
[2025-10-27T21:37:32.696-0300] {processor.py:161} INFO - Started process (PID=1813) to work on /home/joaosousa/projects/spotify-project/venv/lib/python3.12/site-packages/airflow/example_dags/example_external_task_marker_dag.py
[2025-10-27T21:37:32.698-0300] {processor.py:830} INFO - Processing file /home/joaosousa/projects/spotify-project/venv/lib/python3.12/site-packages/airflow/example_dags/example_external_task_marker_dag.py for tasks to queue
[2025-10-27T21:37:32.699-0300] {logging_mixin.py:188} INFO - [2025-10-27T21:37:32.699-0300] {dagbag.py:545} INFO - Filling up the DagBag from /home/joaosousa/projects/spotify-project/venv/lib/python3.12/site-packages/airflow/example_dags/example_external_task_marker_dag.py
[2025-10-27T21:37:32.704-0300] {processor.py:840} INFO - DAG(s) 'example_external_task_marker_parent', 'example_external_task_marker_child' retrieved from /home/joaosousa/projects/spotify-project/venv/lib/python3.12/site-packages/airflow/example_dags/example_external_task_marker_dag.py
[2025-10-27T21:37:32.719-0300] {logging_mixin.py:188} INFO - [2025-10-27T21:37:32.718-0300] {dag.py:3096} INFO - Sync 2 DAGs
[2025-10-27T21:37:32.733-0300] {logging_mixin.py:188} INFO - [2025-10-27T21:37:32.733-0300] {dag.py:3954} INFO - Setting next_dagrun for example_external_task_marker_child to None, run_after=None
[2025-10-27T21:37:32.737-0300] {logging_mixin.py:188} INFO - [2025-10-27T21:37:32.736-0300] {dag.py:3954} INFO - Setting next_dagrun for example_external_task_marker_parent to None, run_after=None
[2025-10-27T21:37:32.752-0300] {processor.py:183} INFO - Processing /home/joaosousa/projects/spotify-project/venv/lib/python3.12/site-packages/airflow/example_dags/example_external_task_marker_dag.py took 0.060 seconds
[2025-10-27T21:38:16.532-0300] {processor.py:161} INFO - Started process (PID=1884) to work on /home/joaosousa/projects/spotify-project/venv/lib/python3.12/site-packages/airflow/example_dags/example_external_task_marker_dag.py
[2025-10-27T21:38:16.533-0300] {processor.py:830} INFO - Processing file /home/joaosousa/projects/spotify-project/venv/lib/python3.12/site-packages/airflow/example_dags/example_external_task_marker_dag.py for tasks to queue
[2025-10-27T21:38:16.534-0300] {logging_mixin.py:188} INFO - [2025-10-27T21:38:16.534-0300] {dagbag.py:545} INFO - Filling up the DagBag from /home/joaosousa/projects/spotify-project/venv/lib/python3.12/site-packages/airflow/example_dags/example_external_task_marker_dag.py
[2025-10-27T21:38:16.539-0300] {processor.py:840} INFO - DAG(s) 'example_external_task_marker_parent', 'example_external_task_marker_child' retrieved from /home/joaosousa/projects/spotify-project/venv/lib/python3.12/site-packages/airflow/example_dags/example_external_task_marker_dag.py
[2025-10-27T21:38:16.552-0300] {logging_mixin.py:188} INFO - [2025-10-27T21:38:16.552-0300] {dag.py:3096} INFO - Sync 2 DAGs
[2025-10-27T21:38:16.560-0300] {logging_mixin.py:188} INFO - [2025-10-27T21:38:16.560-0300] {dag.py:3954} INFO - Setting next_dagrun for example_external_task_marker_child to None, run_after=None
[2025-10-27T21:38:16.562-0300] {logging_mixin.py:188} INFO - [2025-10-27T21:38:16.562-0300] {dag.py:3954} INFO - Setting next_dagrun for example_external_task_marker_parent to None, run_after=None
[2025-10-27T21:38:16.577-0300] {processor.py:183} INFO - Processing /home/joaosousa/projects/spotify-project/venv/lib/python3.12/site-packages/airflow/example_dags/example_external_task_marker_dag.py took 0.050 seconds
[2025-10-27T21:38:54.722-0300] {processor.py:161} INFO - Started process (PID=1954) to work on /home/joaosousa/projects/spotify-project/venv/lib/python3.12/site-packages/airflow/example_dags/example_external_task_marker_dag.py
[2025-10-27T21:38:54.724-0300] {processor.py:830} INFO - Processing file /home/joaosousa/projects/spotify-project/venv/lib/python3.12/site-packages/airflow/example_dags/example_external_task_marker_dag.py for tasks to queue
[2025-10-27T21:38:54.725-0300] {logging_mixin.py:188} INFO - [2025-10-27T21:38:54.725-0300] {dagbag.py:545} INFO - Filling up the DagBag from /home/joaosousa/projects/spotify-project/venv/lib/python3.12/site-packages/airflow/example_dags/example_external_task_marker_dag.py
[2025-10-27T21:38:54.730-0300] {processor.py:840} INFO - DAG(s) 'example_external_task_marker_parent', 'example_external_task_marker_child' retrieved from /home/joaosousa/projects/spotify-project/venv/lib/python3.12/site-packages/airflow/example_dags/example_external_task_marker_dag.py
[2025-10-27T21:38:54.744-0300] {logging_mixin.py:188} INFO - [2025-10-27T21:38:54.744-0300] {dag.py:3096} INFO - Sync 2 DAGs
[2025-10-27T21:38:54.752-0300] {logging_mixin.py:188} INFO - [2025-10-27T21:38:54.752-0300] {dag.py:3954} INFO - Setting next_dagrun for example_external_task_marker_child to None, run_after=None
[2025-10-27T21:38:54.754-0300] {logging_mixin.py:188} INFO - [2025-10-27T21:38:54.754-0300] {dag.py:3954} INFO - Setting next_dagrun for example_external_task_marker_parent to None, run_after=None
[2025-10-27T21:38:54.770-0300] {processor.py:183} INFO - Processing /home/joaosousa/projects/spotify-project/venv/lib/python3.12/site-packages/airflow/example_dags/example_external_task_marker_dag.py took 0.052 seconds
[2025-10-27T21:39:32.946-0300] {processor.py:161} INFO - Started process (PID=2026) to work on /home/joaosousa/projects/spotify-project/venv/lib/python3.12/site-packages/airflow/example_dags/example_external_task_marker_dag.py
[2025-10-27T21:39:32.947-0300] {processor.py:830} INFO - Processing file /home/joaosousa/projects/spotify-project/venv/lib/python3.12/site-packages/airflow/example_dags/example_external_task_marker_dag.py for tasks to queue
[2025-10-27T21:39:32.948-0300] {logging_mixin.py:188} INFO - [2025-10-27T21:39:32.948-0300] {dagbag.py:545} INFO - Filling up the DagBag from /home/joaosousa/projects/spotify-project/venv/lib/python3.12/site-packages/airflow/example_dags/example_external_task_marker_dag.py
[2025-10-27T21:39:32.953-0300] {processor.py:840} INFO - DAG(s) 'example_external_task_marker_child', 'example_external_task_marker_parent' retrieved from /home/joaosousa/projects/spotify-project/venv/lib/python3.12/site-packages/airflow/example_dags/example_external_task_marker_dag.py
[2025-10-27T21:39:32.966-0300] {logging_mixin.py:188} INFO - [2025-10-27T21:39:32.966-0300] {dag.py:3096} INFO - Sync 2 DAGs
[2025-10-27T21:39:32.978-0300] {logging_mixin.py:188} INFO - [2025-10-27T21:39:32.977-0300] {dag.py:3954} INFO - Setting next_dagrun for example_external_task_marker_child to None, run_after=None
[2025-10-27T21:39:32.980-0300] {logging_mixin.py:188} INFO - [2025-10-27T21:39:32.980-0300] {dag.py:3954} INFO - Setting next_dagrun for example_external_task_marker_parent to None, run_after=None
[2025-10-27T21:39:32.995-0300] {processor.py:183} INFO - Processing /home/joaosousa/projects/spotify-project/venv/lib/python3.12/site-packages/airflow/example_dags/example_external_task_marker_dag.py took 0.053 seconds
[2025-10-27T21:40:15.962-0300] {processor.py:161} INFO - Started process (PID=2097) to work on /home/joaosousa/projects/spotify-project/venv/lib/python3.12/site-packages/airflow/example_dags/example_external_task_marker_dag.py
[2025-10-27T21:40:15.964-0300] {processor.py:830} INFO - Processing file /home/joaosousa/projects/spotify-project/venv/lib/python3.12/site-packages/airflow/example_dags/example_external_task_marker_dag.py for tasks to queue
[2025-10-27T21:40:15.965-0300] {logging_mixin.py:188} INFO - [2025-10-27T21:40:15.965-0300] {dagbag.py:545} INFO - Filling up the DagBag from /home/joaosousa/projects/spotify-project/venv/lib/python3.12/site-packages/airflow/example_dags/example_external_task_marker_dag.py
[2025-10-27T21:40:15.969-0300] {processor.py:840} INFO - DAG(s) 'example_external_task_marker_parent', 'example_external_task_marker_child' retrieved from /home/joaosousa/projects/spotify-project/venv/lib/python3.12/site-packages/airflow/example_dags/example_external_task_marker_dag.py
[2025-10-27T21:40:15.983-0300] {logging_mixin.py:188} INFO - [2025-10-27T21:40:15.982-0300] {dag.py:3096} INFO - Sync 2 DAGs
[2025-10-27T21:40:15.990-0300] {logging_mixin.py:188} INFO - [2025-10-27T21:40:15.990-0300] {dag.py:3954} INFO - Setting next_dagrun for example_external_task_marker_child to None, run_after=None
[2025-10-27T21:40:15.992-0300] {logging_mixin.py:188} INFO - [2025-10-27T21:40:15.992-0300] {dag.py:3954} INFO - Setting next_dagrun for example_external_task_marker_parent to None, run_after=None
[2025-10-27T21:40:16.006-0300] {processor.py:183} INFO - Processing /home/joaosousa/projects/spotify-project/venv/lib/python3.12/site-packages/airflow/example_dags/example_external_task_marker_dag.py took 0.048 seconds
