[2025-10-27T21:30:59.167-0300] {processor.py:161} INFO - Started process (PID=1083) to work on /home/joaosousa/projects/spotify-project/venv/lib/python3.12/site-packages/airflow/example_dags/example_nested_branch_dag.py
[2025-10-27T21:30:59.167-0300] {processor.py:830} INFO - Processing file /home/joaosousa/projects/spotify-project/venv/lib/python3.12/site-packages/airflow/example_dags/example_nested_branch_dag.py for tasks to queue
[2025-10-27T21:30:59.169-0300] {logging_mixin.py:188} INFO - [2025-10-27T21:30:59.168-0300] {dagbag.py:545} INFO - Filling up the DagBag from /home/joaosousa/projects/spotify-project/venv/lib/python3.12/site-packages/airflow/example_dags/example_nested_branch_dag.py
[2025-10-27T21:30:59.177-0300] {processor.py:840} INFO - DAG(s) 'example_nested_branch_dag' retrieved from /home/joaosousa/projects/spotify-project/venv/lib/python3.12/site-packages/airflow/example_dags/example_nested_branch_dag.py
[2025-10-27T21:30:59.190-0300] {logging_mixin.py:188} INFO - [2025-10-27T21:30:59.189-0300] {dag.py:3096} INFO - Sync 1 DAGs
[2025-10-27T21:30:59.202-0300] {logging_mixin.py:188} INFO - [2025-10-27T21:30:59.202-0300] {dag.py:3954} INFO - Setting next_dagrun for example_nested_branch_dag to 2025-10-27 00:00:00+00:00, run_after=2025-10-28 00:00:00+00:00
[2025-10-27T21:30:59.216-0300] {processor.py:183} INFO - Processing /home/joaosousa/projects/spotify-project/venv/lib/python3.12/site-packages/airflow/example_dags/example_nested_branch_dag.py took 0.053 seconds
[2025-10-27T21:31:47.232-0300] {processor.py:161} INFO - Started process (PID=1161) to work on /home/joaosousa/projects/spotify-project/venv/lib/python3.12/site-packages/airflow/example_dags/example_nested_branch_dag.py
[2025-10-27T21:31:47.234-0300] {processor.py:830} INFO - Processing file /home/joaosousa/projects/spotify-project/venv/lib/python3.12/site-packages/airflow/example_dags/example_nested_branch_dag.py for tasks to queue
[2025-10-27T21:31:47.235-0300] {logging_mixin.py:188} INFO - [2025-10-27T21:31:47.235-0300] {dagbag.py:545} INFO - Filling up the DagBag from /home/joaosousa/projects/spotify-project/venv/lib/python3.12/site-packages/airflow/example_dags/example_nested_branch_dag.py
[2025-10-27T21:31:47.243-0300] {processor.py:840} INFO - DAG(s) 'example_nested_branch_dag' retrieved from /home/joaosousa/projects/spotify-project/venv/lib/python3.12/site-packages/airflow/example_dags/example_nested_branch_dag.py
[2025-10-27T21:31:47.255-0300] {logging_mixin.py:188} INFO - [2025-10-27T21:31:47.254-0300] {dag.py:3096} INFO - Sync 1 DAGs
[2025-10-27T21:31:47.267-0300] {logging_mixin.py:188} INFO - [2025-10-27T21:31:47.267-0300] {dag.py:3954} INFO - Setting next_dagrun for example_nested_branch_dag to 2025-10-27 00:00:00+00:00, run_after=2025-10-28 00:00:00+00:00
[2025-10-27T21:31:47.283-0300] {processor.py:183} INFO - Processing /home/joaosousa/projects/spotify-project/venv/lib/python3.12/site-packages/airflow/example_dags/example_nested_branch_dag.py took 0.055 seconds
[2025-10-27T21:32:39.713-0300] {processor.py:161} INFO - Started process (PID=1346) to work on /home/joaosousa/projects/spotify-project/venv/lib/python3.12/site-packages/airflow/example_dags/example_nested_branch_dag.py
[2025-10-27T21:32:39.714-0300] {processor.py:830} INFO - Processing file /home/joaosousa/projects/spotify-project/venv/lib/python3.12/site-packages/airflow/example_dags/example_nested_branch_dag.py for tasks to queue
[2025-10-27T21:32:39.715-0300] {logging_mixin.py:188} INFO - [2025-10-27T21:32:39.715-0300] {dagbag.py:545} INFO - Filling up the DagBag from /home/joaosousa/projects/spotify-project/venv/lib/python3.12/site-packages/airflow/example_dags/example_nested_branch_dag.py
[2025-10-27T21:32:39.723-0300] {processor.py:840} INFO - DAG(s) 'example_nested_branch_dag' retrieved from /home/joaosousa/projects/spotify-project/venv/lib/python3.12/site-packages/airflow/example_dags/example_nested_branch_dag.py
[2025-10-27T21:32:39.735-0300] {logging_mixin.py:188} INFO - [2025-10-27T21:32:39.735-0300] {dag.py:3096} INFO - Sync 1 DAGs
[2025-10-27T21:32:39.750-0300] {logging_mixin.py:188} INFO - [2025-10-27T21:32:39.750-0300] {dag.py:3954} INFO - Setting next_dagrun for example_nested_branch_dag to 2025-10-27 00:00:00+00:00, run_after=2025-10-28 00:00:00+00:00
[2025-10-27T21:32:39.766-0300] {processor.py:183} INFO - Processing /home/joaosousa/projects/spotify-project/venv/lib/python3.12/site-packages/airflow/example_dags/example_nested_branch_dag.py took 0.058 seconds
[2025-10-27T21:33:25.416-0300] {processor.py:161} INFO - Started process (PID=1417) to work on /home/joaosousa/projects/spotify-project/venv/lib/python3.12/site-packages/airflow/example_dags/example_nested_branch_dag.py
[2025-10-27T21:33:25.418-0300] {processor.py:830} INFO - Processing file /home/joaosousa/projects/spotify-project/venv/lib/python3.12/site-packages/airflow/example_dags/example_nested_branch_dag.py for tasks to queue
[2025-10-27T21:33:25.420-0300] {logging_mixin.py:188} INFO - [2025-10-27T21:33:25.419-0300] {dagbag.py:545} INFO - Filling up the DagBag from /home/joaosousa/projects/spotify-project/venv/lib/python3.12/site-packages/airflow/example_dags/example_nested_branch_dag.py
[2025-10-27T21:33:25.428-0300] {processor.py:840} INFO - DAG(s) 'example_nested_branch_dag' retrieved from /home/joaosousa/projects/spotify-project/venv/lib/python3.12/site-packages/airflow/example_dags/example_nested_branch_dag.py
[2025-10-27T21:33:25.441-0300] {logging_mixin.py:188} INFO - [2025-10-27T21:33:25.441-0300] {dag.py:3096} INFO - Sync 1 DAGs
[2025-10-27T21:33:25.455-0300] {logging_mixin.py:188} INFO - [2025-10-27T21:33:25.455-0300] {dag.py:3954} INFO - Setting next_dagrun for example_nested_branch_dag to 2025-10-27 00:00:00+00:00, run_after=2025-10-28 00:00:00+00:00
[2025-10-27T21:33:25.472-0300] {processor.py:183} INFO - Processing /home/joaosousa/projects/spotify-project/venv/lib/python3.12/site-packages/airflow/example_dags/example_nested_branch_dag.py took 0.060 seconds
[2025-10-27T21:34:24.457-0300] {processor.py:161} INFO - Started process (PID=1525) to work on /home/joaosousa/projects/spotify-project/venv/lib/python3.12/site-packages/airflow/example_dags/example_nested_branch_dag.py
[2025-10-27T21:34:24.458-0300] {processor.py:830} INFO - Processing file /home/joaosousa/projects/spotify-project/venv/lib/python3.12/site-packages/airflow/example_dags/example_nested_branch_dag.py for tasks to queue
[2025-10-27T21:34:24.459-0300] {logging_mixin.py:188} INFO - [2025-10-27T21:34:24.459-0300] {dagbag.py:545} INFO - Filling up the DagBag from /home/joaosousa/projects/spotify-project/venv/lib/python3.12/site-packages/airflow/example_dags/example_nested_branch_dag.py
[2025-10-27T21:34:24.468-0300] {processor.py:840} INFO - DAG(s) 'example_nested_branch_dag' retrieved from /home/joaosousa/projects/spotify-project/venv/lib/python3.12/site-packages/airflow/example_dags/example_nested_branch_dag.py
[2025-10-27T21:34:24.484-0300] {logging_mixin.py:188} INFO - [2025-10-27T21:34:24.483-0300] {dag.py:3096} INFO - Sync 1 DAGs
[2025-10-27T21:34:24.502-0300] {logging_mixin.py:188} INFO - [2025-10-27T21:34:24.501-0300] {dag.py:3954} INFO - Setting next_dagrun for example_nested_branch_dag to 2025-10-27 00:00:00+00:00, run_after=2025-10-28 00:00:00+00:00
[2025-10-27T21:34:24.520-0300] {processor.py:183} INFO - Processing /home/joaosousa/projects/spotify-project/venv/lib/python3.12/site-packages/airflow/example_dags/example_nested_branch_dag.py took 0.068 seconds
[2025-10-27T21:35:21.357-0300] {processor.py:161} INFO - Started process (PID=1610) to work on /home/joaosousa/projects/spotify-project/venv/lib/python3.12/site-packages/airflow/example_dags/example_nested_branch_dag.py
[2025-10-27T21:35:21.359-0300] {processor.py:830} INFO - Processing file /home/joaosousa/projects/spotify-project/venv/lib/python3.12/site-packages/airflow/example_dags/example_nested_branch_dag.py for tasks to queue
[2025-10-27T21:35:21.360-0300] {logging_mixin.py:188} INFO - [2025-10-27T21:35:21.360-0300] {dagbag.py:545} INFO - Filling up the DagBag from /home/joaosousa/projects/spotify-project/venv/lib/python3.12/site-packages/airflow/example_dags/example_nested_branch_dag.py
[2025-10-27T21:35:21.368-0300] {processor.py:840} INFO - DAG(s) 'example_nested_branch_dag' retrieved from /home/joaosousa/projects/spotify-project/venv/lib/python3.12/site-packages/airflow/example_dags/example_nested_branch_dag.py
[2025-10-27T21:35:21.379-0300] {logging_mixin.py:188} INFO - [2025-10-27T21:35:21.379-0300] {dag.py:3096} INFO - Sync 1 DAGs
[2025-10-27T21:35:21.391-0300] {logging_mixin.py:188} INFO - [2025-10-27T21:35:21.391-0300] {dag.py:3954} INFO - Setting next_dagrun for example_nested_branch_dag to 2025-10-27 00:00:00+00:00, run_after=2025-10-28 00:00:00+00:00
[2025-10-27T21:35:21.406-0300] {processor.py:183} INFO - Processing /home/joaosousa/projects/spotify-project/venv/lib/python3.12/site-packages/airflow/example_dags/example_nested_branch_dag.py took 0.053 seconds
[2025-10-27T21:36:06.065-0300] {processor.py:161} INFO - Started process (PID=1679) to work on /home/joaosousa/projects/spotify-project/venv/lib/python3.12/site-packages/airflow/example_dags/example_nested_branch_dag.py
[2025-10-27T21:36:06.067-0300] {processor.py:830} INFO - Processing file /home/joaosousa/projects/spotify-project/venv/lib/python3.12/site-packages/airflow/example_dags/example_nested_branch_dag.py for tasks to queue
[2025-10-27T21:36:06.068-0300] {logging_mixin.py:188} INFO - [2025-10-27T21:36:06.068-0300] {dagbag.py:545} INFO - Filling up the DagBag from /home/joaosousa/projects/spotify-project/venv/lib/python3.12/site-packages/airflow/example_dags/example_nested_branch_dag.py
[2025-10-27T21:36:06.075-0300] {processor.py:840} INFO - DAG(s) 'example_nested_branch_dag' retrieved from /home/joaosousa/projects/spotify-project/venv/lib/python3.12/site-packages/airflow/example_dags/example_nested_branch_dag.py
[2025-10-27T21:36:06.086-0300] {logging_mixin.py:188} INFO - [2025-10-27T21:36:06.086-0300] {dag.py:3096} INFO - Sync 1 DAGs
[2025-10-27T21:36:06.098-0300] {logging_mixin.py:188} INFO - [2025-10-27T21:36:06.098-0300] {dag.py:3954} INFO - Setting next_dagrun for example_nested_branch_dag to 2025-10-27 00:00:00+00:00, run_after=2025-10-28 00:00:00+00:00
[2025-10-27T21:36:06.211-0300] {processor.py:183} INFO - Processing /home/joaosousa/projects/spotify-project/venv/lib/python3.12/site-packages/airflow/example_dags/example_nested_branch_dag.py took 0.150 seconds
[2025-10-27T21:36:54.705-0300] {processor.py:161} INFO - Started process (PID=1750) to work on /home/joaosousa/projects/spotify-project/venv/lib/python3.12/site-packages/airflow/example_dags/example_nested_branch_dag.py
[2025-10-27T21:36:54.707-0300] {processor.py:830} INFO - Processing file /home/joaosousa/projects/spotify-project/venv/lib/python3.12/site-packages/airflow/example_dags/example_nested_branch_dag.py for tasks to queue
[2025-10-27T21:36:54.709-0300] {logging_mixin.py:188} INFO - [2025-10-27T21:36:54.708-0300] {dagbag.py:545} INFO - Filling up the DagBag from /home/joaosousa/projects/spotify-project/venv/lib/python3.12/site-packages/airflow/example_dags/example_nested_branch_dag.py
[2025-10-27T21:36:54.717-0300] {processor.py:840} INFO - DAG(s) 'example_nested_branch_dag' retrieved from /home/joaosousa/projects/spotify-project/venv/lib/python3.12/site-packages/airflow/example_dags/example_nested_branch_dag.py
[2025-10-27T21:36:54.731-0300] {logging_mixin.py:188} INFO - [2025-10-27T21:36:54.730-0300] {dag.py:3096} INFO - Sync 1 DAGs
[2025-10-27T21:36:54.745-0300] {logging_mixin.py:188} INFO - [2025-10-27T21:36:54.745-0300] {dag.py:3954} INFO - Setting next_dagrun for example_nested_branch_dag to 2025-10-27 00:00:00+00:00, run_after=2025-10-28 00:00:00+00:00
[2025-10-27T21:36:54.763-0300] {processor.py:183} INFO - Processing /home/joaosousa/projects/spotify-project/venv/lib/python3.12/site-packages/airflow/example_dags/example_nested_branch_dag.py took 0.062 seconds
[2025-10-27T21:37:39.526-0300] {processor.py:161} INFO - Started process (PID=1822) to work on /home/joaosousa/projects/spotify-project/venv/lib/python3.12/site-packages/airflow/example_dags/example_nested_branch_dag.py
[2025-10-27T21:37:39.528-0300] {processor.py:830} INFO - Processing file /home/joaosousa/projects/spotify-project/venv/lib/python3.12/site-packages/airflow/example_dags/example_nested_branch_dag.py for tasks to queue
[2025-10-27T21:37:39.531-0300] {logging_mixin.py:188} INFO - [2025-10-27T21:37:39.531-0300] {dagbag.py:545} INFO - Filling up the DagBag from /home/joaosousa/projects/spotify-project/venv/lib/python3.12/site-packages/airflow/example_dags/example_nested_branch_dag.py
[2025-10-27T21:37:39.539-0300] {processor.py:840} INFO - DAG(s) 'example_nested_branch_dag' retrieved from /home/joaosousa/projects/spotify-project/venv/lib/python3.12/site-packages/airflow/example_dags/example_nested_branch_dag.py
[2025-10-27T21:37:39.551-0300] {logging_mixin.py:188} INFO - [2025-10-27T21:37:39.551-0300] {dag.py:3096} INFO - Sync 1 DAGs
[2025-10-27T21:37:39.567-0300] {logging_mixin.py:188} INFO - [2025-10-27T21:37:39.566-0300] {dag.py:3954} INFO - Setting next_dagrun for example_nested_branch_dag to 2025-10-27 00:00:00+00:00, run_after=2025-10-28 00:00:00+00:00
[2025-10-27T21:37:39.586-0300] {processor.py:183} INFO - Processing /home/joaosousa/projects/spotify-project/venv/lib/python3.12/site-packages/airflow/example_dags/example_nested_branch_dag.py took 0.064 seconds
[2025-10-27T21:38:21.949-0300] {processor.py:161} INFO - Started process (PID=1891) to work on /home/joaosousa/projects/spotify-project/venv/lib/python3.12/site-packages/airflow/example_dags/example_nested_branch_dag.py
[2025-10-27T21:38:21.950-0300] {processor.py:830} INFO - Processing file /home/joaosousa/projects/spotify-project/venv/lib/python3.12/site-packages/airflow/example_dags/example_nested_branch_dag.py for tasks to queue
[2025-10-27T21:38:21.951-0300] {logging_mixin.py:188} INFO - [2025-10-27T21:38:21.951-0300] {dagbag.py:545} INFO - Filling up the DagBag from /home/joaosousa/projects/spotify-project/venv/lib/python3.12/site-packages/airflow/example_dags/example_nested_branch_dag.py
[2025-10-27T21:38:21.960-0300] {processor.py:840} INFO - DAG(s) 'example_nested_branch_dag' retrieved from /home/joaosousa/projects/spotify-project/venv/lib/python3.12/site-packages/airflow/example_dags/example_nested_branch_dag.py
[2025-10-27T21:38:21.972-0300] {logging_mixin.py:188} INFO - [2025-10-27T21:38:21.972-0300] {dag.py:3096} INFO - Sync 1 DAGs
[2025-10-27T21:38:21.986-0300] {logging_mixin.py:188} INFO - [2025-10-27T21:38:21.986-0300] {dag.py:3954} INFO - Setting next_dagrun for example_nested_branch_dag to 2025-10-27 00:00:00+00:00, run_after=2025-10-28 00:00:00+00:00
[2025-10-27T21:38:22.009-0300] {processor.py:183} INFO - Processing /home/joaosousa/projects/spotify-project/venv/lib/python3.12/site-packages/airflow/example_dags/example_nested_branch_dag.py took 0.064 seconds
[2025-10-27T21:39:14.145-0300] {processor.py:161} INFO - Started process (PID=1991) to work on /home/joaosousa/projects/spotify-project/venv/lib/python3.12/site-packages/airflow/example_dags/example_nested_branch_dag.py
[2025-10-27T21:39:14.146-0300] {processor.py:830} INFO - Processing file /home/joaosousa/projects/spotify-project/venv/lib/python3.12/site-packages/airflow/example_dags/example_nested_branch_dag.py for tasks to queue
[2025-10-27T21:39:14.147-0300] {logging_mixin.py:188} INFO - [2025-10-27T21:39:14.147-0300] {dagbag.py:545} INFO - Filling up the DagBag from /home/joaosousa/projects/spotify-project/venv/lib/python3.12/site-packages/airflow/example_dags/example_nested_branch_dag.py
[2025-10-27T21:39:14.155-0300] {processor.py:840} INFO - DAG(s) 'example_nested_branch_dag' retrieved from /home/joaosousa/projects/spotify-project/venv/lib/python3.12/site-packages/airflow/example_dags/example_nested_branch_dag.py
[2025-10-27T21:39:14.167-0300] {logging_mixin.py:188} INFO - [2025-10-27T21:39:14.167-0300] {dag.py:3096} INFO - Sync 1 DAGs
[2025-10-27T21:39:14.180-0300] {logging_mixin.py:188} INFO - [2025-10-27T21:39:14.180-0300] {dag.py:3954} INFO - Setting next_dagrun for example_nested_branch_dag to 2025-10-27 00:00:00+00:00, run_after=2025-10-28 00:00:00+00:00
[2025-10-27T21:39:14.195-0300] {processor.py:183} INFO - Processing /home/joaosousa/projects/spotify-project/venv/lib/python3.12/site-packages/airflow/example_dags/example_nested_branch_dag.py took 0.055 seconds
[2025-10-27T21:39:57.459-0300] {processor.py:161} INFO - Started process (PID=2061) to work on /home/joaosousa/projects/spotify-project/venv/lib/python3.12/site-packages/airflow/example_dags/example_nested_branch_dag.py
[2025-10-27T21:39:57.461-0300] {processor.py:830} INFO - Processing file /home/joaosousa/projects/spotify-project/venv/lib/python3.12/site-packages/airflow/example_dags/example_nested_branch_dag.py for tasks to queue
[2025-10-27T21:39:57.462-0300] {logging_mixin.py:188} INFO - [2025-10-27T21:39:57.462-0300] {dagbag.py:545} INFO - Filling up the DagBag from /home/joaosousa/projects/spotify-project/venv/lib/python3.12/site-packages/airflow/example_dags/example_nested_branch_dag.py
[2025-10-27T21:39:57.470-0300] {processor.py:840} INFO - DAG(s) 'example_nested_branch_dag' retrieved from /home/joaosousa/projects/spotify-project/venv/lib/python3.12/site-packages/airflow/example_dags/example_nested_branch_dag.py
[2025-10-27T21:39:57.481-0300] {logging_mixin.py:188} INFO - [2025-10-27T21:39:57.481-0300] {dag.py:3096} INFO - Sync 1 DAGs
[2025-10-27T21:39:57.494-0300] {logging_mixin.py:188} INFO - [2025-10-27T21:39:57.494-0300] {dag.py:3954} INFO - Setting next_dagrun for example_nested_branch_dag to 2025-10-27 00:00:00+00:00, run_after=2025-10-28 00:00:00+00:00
[2025-10-27T21:39:57.508-0300] {processor.py:183} INFO - Processing /home/joaosousa/projects/spotify-project/venv/lib/python3.12/site-packages/airflow/example_dags/example_nested_branch_dag.py took 0.053 seconds
