[2025-10-27T21:31:18.047-0300] {processor.py:161} INFO - Started process (PID=1103) to work on /home/joaosousa/projects/spotify-project/venv/lib/python3.12/site-packages/airflow/example_dags/example_xcomargs.py
[2025-10-27T21:31:18.047-0300] {processor.py:830} INFO - Processing file /home/joaosousa/projects/spotify-project/venv/lib/python3.12/site-packages/airflow/example_dags/example_xcomargs.py for tasks to queue
[2025-10-27T21:31:18.048-0300] {logging_mixin.py:188} INFO - [2025-10-27T21:31:18.048-0300] {dagbag.py:545} INFO - Filling up the DagBag from /home/joaosousa/projects/spotify-project/venv/lib/python3.12/site-packages/airflow/example_dags/example_xcomargs.py
[2025-10-27T21:31:18.054-0300] {processor.py:840} INFO - DAG(s) 'example_xcom_args', 'example_xcom_args_with_operators' retrieved from /home/joaosousa/projects/spotify-project/venv/lib/python3.12/site-packages/airflow/example_dags/example_xcomargs.py
[2025-10-27T21:31:18.066-0300] {logging_mixin.py:188} INFO - [2025-10-27T21:31:18.066-0300] {dag.py:3096} INFO - Sync 2 DAGs
[2025-10-27T21:31:18.073-0300] {logging_mixin.py:188} INFO - [2025-10-27T21:31:18.073-0300] {dag.py:3954} INFO - Setting next_dagrun for example_xcom_args to None, run_after=None
[2025-10-27T21:31:18.075-0300] {logging_mixin.py:188} INFO - [2025-10-27T21:31:18.075-0300] {dag.py:3954} INFO - Setting next_dagrun for example_xcom_args_with_operators to None, run_after=None
[2025-10-27T21:31:18.088-0300] {processor.py:183} INFO - Processing /home/joaosousa/projects/spotify-project/venv/lib/python3.12/site-packages/airflow/example_dags/example_xcomargs.py took 0.046 seconds
[2025-10-27T21:32:15.247-0300] {processor.py:161} INFO - Started process (PID=1320) to work on /home/joaosousa/projects/spotify-project/venv/lib/python3.12/site-packages/airflow/example_dags/example_xcomargs.py
[2025-10-27T21:32:15.248-0300] {processor.py:830} INFO - Processing file /home/joaosousa/projects/spotify-project/venv/lib/python3.12/site-packages/airflow/example_dags/example_xcomargs.py for tasks to queue
[2025-10-27T21:32:15.250-0300] {logging_mixin.py:188} INFO - [2025-10-27T21:32:15.249-0300] {dagbag.py:545} INFO - Filling up the DagBag from /home/joaosousa/projects/spotify-project/venv/lib/python3.12/site-packages/airflow/example_dags/example_xcomargs.py
[2025-10-27T21:32:15.255-0300] {processor.py:840} INFO - DAG(s) 'example_xcom_args_with_operators', 'example_xcom_args' retrieved from /home/joaosousa/projects/spotify-project/venv/lib/python3.12/site-packages/airflow/example_dags/example_xcomargs.py
[2025-10-27T21:32:15.267-0300] {logging_mixin.py:188} INFO - [2025-10-27T21:32:15.267-0300] {dag.py:3096} INFO - Sync 2 DAGs
[2025-10-27T21:32:15.274-0300] {logging_mixin.py:188} INFO - [2025-10-27T21:32:15.274-0300] {dag.py:3954} INFO - Setting next_dagrun for example_xcom_args to None, run_after=None
[2025-10-27T21:32:15.276-0300] {logging_mixin.py:188} INFO - [2025-10-27T21:32:15.276-0300] {dag.py:3954} INFO - Setting next_dagrun for example_xcom_args_with_operators to None, run_after=None
[2025-10-27T21:32:15.289-0300] {processor.py:183} INFO - Processing /home/joaosousa/projects/spotify-project/venv/lib/python3.12/site-packages/airflow/example_dags/example_xcomargs.py took 0.047 seconds
[2025-10-27T21:33:08.026-0300] {processor.py:161} INFO - Started process (PID=1398) to work on /home/joaosousa/projects/spotify-project/venv/lib/python3.12/site-packages/airflow/example_dags/example_xcomargs.py
[2025-10-27T21:33:08.027-0300] {processor.py:830} INFO - Processing file /home/joaosousa/projects/spotify-project/venv/lib/python3.12/site-packages/airflow/example_dags/example_xcomargs.py for tasks to queue
[2025-10-27T21:33:08.028-0300] {logging_mixin.py:188} INFO - [2025-10-27T21:33:08.028-0300] {dagbag.py:545} INFO - Filling up the DagBag from /home/joaosousa/projects/spotify-project/venv/lib/python3.12/site-packages/airflow/example_dags/example_xcomargs.py
[2025-10-27T21:33:08.034-0300] {processor.py:840} INFO - DAG(s) 'example_xcom_args', 'example_xcom_args_with_operators' retrieved from /home/joaosousa/projects/spotify-project/venv/lib/python3.12/site-packages/airflow/example_dags/example_xcomargs.py
[2025-10-27T21:33:08.045-0300] {logging_mixin.py:188} INFO - [2025-10-27T21:33:08.045-0300] {dag.py:3096} INFO - Sync 2 DAGs
[2025-10-27T21:33:08.052-0300] {logging_mixin.py:188} INFO - [2025-10-27T21:33:08.052-0300] {dag.py:3954} INFO - Setting next_dagrun for example_xcom_args to None, run_after=None
[2025-10-27T21:33:08.054-0300] {logging_mixin.py:188} INFO - [2025-10-27T21:33:08.054-0300] {dag.py:3954} INFO - Setting next_dagrun for example_xcom_args_with_operators to None, run_after=None
[2025-10-27T21:33:08.067-0300] {processor.py:183} INFO - Processing /home/joaosousa/projects/spotify-project/venv/lib/python3.12/site-packages/airflow/example_dags/example_xcomargs.py took 0.044 seconds
[2025-10-27T21:34:09.919-0300] {processor.py:161} INFO - Started process (PID=1486) to work on /home/joaosousa/projects/spotify-project/venv/lib/python3.12/site-packages/airflow/example_dags/example_xcomargs.py
[2025-10-27T21:34:09.921-0300] {processor.py:830} INFO - Processing file /home/joaosousa/projects/spotify-project/venv/lib/python3.12/site-packages/airflow/example_dags/example_xcomargs.py for tasks to queue
[2025-10-27T21:34:09.922-0300] {logging_mixin.py:188} INFO - [2025-10-27T21:34:09.922-0300] {dagbag.py:545} INFO - Filling up the DagBag from /home/joaosousa/projects/spotify-project/venv/lib/python3.12/site-packages/airflow/example_dags/example_xcomargs.py
[2025-10-27T21:34:09.928-0300] {processor.py:840} INFO - DAG(s) 'example_xcom_args', 'example_xcom_args_with_operators' retrieved from /home/joaosousa/projects/spotify-project/venv/lib/python3.12/site-packages/airflow/example_dags/example_xcomargs.py
[2025-10-27T21:34:09.941-0300] {logging_mixin.py:188} INFO - [2025-10-27T21:34:09.941-0300] {dag.py:3096} INFO - Sync 2 DAGs
[2025-10-27T21:34:09.950-0300] {logging_mixin.py:188} INFO - [2025-10-27T21:34:09.949-0300] {dag.py:3954} INFO - Setting next_dagrun for example_xcom_args to None, run_after=None
[2025-10-27T21:34:09.952-0300] {logging_mixin.py:188} INFO - [2025-10-27T21:34:09.951-0300] {dag.py:3954} INFO - Setting next_dagrun for example_xcom_args_with_operators to None, run_after=None
[2025-10-27T21:34:09.965-0300] {processor.py:183} INFO - Processing /home/joaosousa/projects/spotify-project/venv/lib/python3.12/site-packages/airflow/example_dags/example_xcomargs.py took 0.051 seconds
[2025-10-27T21:35:08.474-0300] {processor.py:161} INFO - Started process (PID=1596) to work on /home/joaosousa/projects/spotify-project/venv/lib/python3.12/site-packages/airflow/example_dags/example_xcomargs.py
[2025-10-27T21:35:08.476-0300] {processor.py:830} INFO - Processing file /home/joaosousa/projects/spotify-project/venv/lib/python3.12/site-packages/airflow/example_dags/example_xcomargs.py for tasks to queue
[2025-10-27T21:35:08.477-0300] {logging_mixin.py:188} INFO - [2025-10-27T21:35:08.477-0300] {dagbag.py:545} INFO - Filling up the DagBag from /home/joaosousa/projects/spotify-project/venv/lib/python3.12/site-packages/airflow/example_dags/example_xcomargs.py
[2025-10-27T21:35:08.483-0300] {processor.py:840} INFO - DAG(s) 'example_xcom_args_with_operators', 'example_xcom_args' retrieved from /home/joaosousa/projects/spotify-project/venv/lib/python3.12/site-packages/airflow/example_dags/example_xcomargs.py
[2025-10-27T21:35:08.495-0300] {logging_mixin.py:188} INFO - [2025-10-27T21:35:08.495-0300] {dag.py:3096} INFO - Sync 2 DAGs
[2025-10-27T21:35:08.502-0300] {logging_mixin.py:188} INFO - [2025-10-27T21:35:08.502-0300] {dag.py:3954} INFO - Setting next_dagrun for example_xcom_args to None, run_after=None
[2025-10-27T21:35:08.504-0300] {logging_mixin.py:188} INFO - [2025-10-27T21:35:08.504-0300] {dag.py:3954} INFO - Setting next_dagrun for example_xcom_args_with_operators to None, run_after=None
[2025-10-27T21:35:08.518-0300] {processor.py:183} INFO - Processing /home/joaosousa/projects/spotify-project/venv/lib/python3.12/site-packages/airflow/example_dags/example_xcomargs.py took 0.047 seconds
[2025-10-27T21:36:14.800-0300] {processor.py:161} INFO - Started process (PID=1688) to work on /home/joaosousa/projects/spotify-project/venv/lib/python3.12/site-packages/airflow/example_dags/example_xcomargs.py
[2025-10-27T21:36:14.801-0300] {processor.py:830} INFO - Processing file /home/joaosousa/projects/spotify-project/venv/lib/python3.12/site-packages/airflow/example_dags/example_xcomargs.py for tasks to queue
[2025-10-27T21:36:14.803-0300] {logging_mixin.py:188} INFO - [2025-10-27T21:36:14.803-0300] {dagbag.py:545} INFO - Filling up the DagBag from /home/joaosousa/projects/spotify-project/venv/lib/python3.12/site-packages/airflow/example_dags/example_xcomargs.py
[2025-10-27T21:36:14.811-0300] {processor.py:840} INFO - DAG(s) 'example_xcom_args_with_operators', 'example_xcom_args' retrieved from /home/joaosousa/projects/spotify-project/venv/lib/python3.12/site-packages/airflow/example_dags/example_xcomargs.py
[2025-10-27T21:36:14.824-0300] {logging_mixin.py:188} INFO - [2025-10-27T21:36:14.824-0300] {dag.py:3096} INFO - Sync 2 DAGs
[2025-10-27T21:36:14.833-0300] {logging_mixin.py:188} INFO - [2025-10-27T21:36:14.833-0300] {dag.py:3954} INFO - Setting next_dagrun for example_xcom_args to None, run_after=None
[2025-10-27T21:36:14.835-0300] {logging_mixin.py:188} INFO - [2025-10-27T21:36:14.835-0300] {dag.py:3954} INFO - Setting next_dagrun for example_xcom_args_with_operators to None, run_after=None
[2025-10-27T21:36:14.940-0300] {processor.py:183} INFO - Processing /home/joaosousa/projects/spotify-project/venv/lib/python3.12/site-packages/airflow/example_dags/example_xcomargs.py took 0.145 seconds
[2025-10-27T21:37:24.737-0300] {processor.py:161} INFO - Started process (PID=1805) to work on /home/joaosousa/projects/spotify-project/venv/lib/python3.12/site-packages/airflow/example_dags/example_xcomargs.py
[2025-10-27T21:37:24.739-0300] {processor.py:830} INFO - Processing file /home/joaosousa/projects/spotify-project/venv/lib/python3.12/site-packages/airflow/example_dags/example_xcomargs.py for tasks to queue
[2025-10-27T21:37:24.740-0300] {logging_mixin.py:188} INFO - [2025-10-27T21:37:24.740-0300] {dagbag.py:545} INFO - Filling up the DagBag from /home/joaosousa/projects/spotify-project/venv/lib/python3.12/site-packages/airflow/example_dags/example_xcomargs.py
[2025-10-27T21:37:24.746-0300] {processor.py:840} INFO - DAG(s) 'example_xcom_args', 'example_xcom_args_with_operators' retrieved from /home/joaosousa/projects/spotify-project/venv/lib/python3.12/site-packages/airflow/example_dags/example_xcomargs.py
[2025-10-27T21:37:24.759-0300] {logging_mixin.py:188} INFO - [2025-10-27T21:37:24.759-0300] {dag.py:3096} INFO - Sync 2 DAGs
[2025-10-27T21:37:24.767-0300] {logging_mixin.py:188} INFO - [2025-10-27T21:37:24.767-0300] {dag.py:3954} INFO - Setting next_dagrun for example_xcom_args to None, run_after=None
[2025-10-27T21:37:24.769-0300] {logging_mixin.py:188} INFO - [2025-10-27T21:37:24.769-0300] {dag.py:3954} INFO - Setting next_dagrun for example_xcom_args_with_operators to None, run_after=None
[2025-10-27T21:37:24.783-0300] {processor.py:183} INFO - Processing /home/joaosousa/projects/spotify-project/venv/lib/python3.12/site-packages/airflow/example_dags/example_xcomargs.py took 0.050 seconds
[2025-10-27T21:38:29.221-0300] {processor.py:161} INFO - Started process (PID=1902) to work on /home/joaosousa/projects/spotify-project/venv/lib/python3.12/site-packages/airflow/example_dags/example_xcomargs.py
[2025-10-27T21:38:29.223-0300] {processor.py:830} INFO - Processing file /home/joaosousa/projects/spotify-project/venv/lib/python3.12/site-packages/airflow/example_dags/example_xcomargs.py for tasks to queue
[2025-10-27T21:38:29.224-0300] {logging_mixin.py:188} INFO - [2025-10-27T21:38:29.224-0300] {dagbag.py:545} INFO - Filling up the DagBag from /home/joaosousa/projects/spotify-project/venv/lib/python3.12/site-packages/airflow/example_dags/example_xcomargs.py
[2025-10-27T21:38:29.230-0300] {processor.py:840} INFO - DAG(s) 'example_xcom_args', 'example_xcom_args_with_operators' retrieved from /home/joaosousa/projects/spotify-project/venv/lib/python3.12/site-packages/airflow/example_dags/example_xcomargs.py
[2025-10-27T21:38:29.242-0300] {logging_mixin.py:188} INFO - [2025-10-27T21:38:29.242-0300] {dag.py:3096} INFO - Sync 2 DAGs
[2025-10-27T21:38:29.251-0300] {logging_mixin.py:188} INFO - [2025-10-27T21:38:29.250-0300] {dag.py:3954} INFO - Setting next_dagrun for example_xcom_args to None, run_after=None
[2025-10-27T21:38:29.253-0300] {logging_mixin.py:188} INFO - [2025-10-27T21:38:29.253-0300] {dag.py:3954} INFO - Setting next_dagrun for example_xcom_args_with_operators to None, run_after=None
[2025-10-27T21:38:29.267-0300] {processor.py:183} INFO - Processing /home/joaosousa/projects/spotify-project/venv/lib/python3.12/site-packages/airflow/example_dags/example_xcomargs.py took 0.051 seconds
[2025-10-27T21:39:22.086-0300] {processor.py:161} INFO - Started process (PID=1999) to work on /home/joaosousa/projects/spotify-project/venv/lib/python3.12/site-packages/airflow/example_dags/example_xcomargs.py
[2025-10-27T21:39:22.088-0300] {processor.py:830} INFO - Processing file /home/joaosousa/projects/spotify-project/venv/lib/python3.12/site-packages/airflow/example_dags/example_xcomargs.py for tasks to queue
[2025-10-27T21:39:22.089-0300] {logging_mixin.py:188} INFO - [2025-10-27T21:39:22.089-0300] {dagbag.py:545} INFO - Filling up the DagBag from /home/joaosousa/projects/spotify-project/venv/lib/python3.12/site-packages/airflow/example_dags/example_xcomargs.py
[2025-10-27T21:39:22.095-0300] {processor.py:840} INFO - DAG(s) 'example_xcom_args_with_operators', 'example_xcom_args' retrieved from /home/joaosousa/projects/spotify-project/venv/lib/python3.12/site-packages/airflow/example_dags/example_xcomargs.py
[2025-10-27T21:39:22.110-0300] {logging_mixin.py:188} INFO - [2025-10-27T21:39:22.110-0300] {dag.py:3096} INFO - Sync 2 DAGs
[2025-10-27T21:39:22.118-0300] {logging_mixin.py:188} INFO - [2025-10-27T21:39:22.117-0300] {dag.py:3954} INFO - Setting next_dagrun for example_xcom_args to None, run_after=None
[2025-10-27T21:39:22.120-0300] {logging_mixin.py:188} INFO - [2025-10-27T21:39:22.120-0300] {dag.py:3954} INFO - Setting next_dagrun for example_xcom_args_with_operators to None, run_after=None
[2025-10-27T21:39:22.133-0300] {processor.py:183} INFO - Processing /home/joaosousa/projects/spotify-project/venv/lib/python3.12/site-packages/airflow/example_dags/example_xcomargs.py took 0.051 seconds
[2025-10-27T21:40:26.718-0300] {processor.py:161} INFO - Started process (PID=2110) to work on /home/joaosousa/projects/spotify-project/venv/lib/python3.12/site-packages/airflow/example_dags/example_xcomargs.py
[2025-10-27T21:40:26.720-0300] {processor.py:830} INFO - Processing file /home/joaosousa/projects/spotify-project/venv/lib/python3.12/site-packages/airflow/example_dags/example_xcomargs.py for tasks to queue
[2025-10-27T21:40:26.722-0300] {logging_mixin.py:188} INFO - [2025-10-27T21:40:26.721-0300] {dagbag.py:545} INFO - Filling up the DagBag from /home/joaosousa/projects/spotify-project/venv/lib/python3.12/site-packages/airflow/example_dags/example_xcomargs.py
[2025-10-27T21:40:26.728-0300] {processor.py:840} INFO - DAG(s) 'example_xcom_args_with_operators', 'example_xcom_args' retrieved from /home/joaosousa/projects/spotify-project/venv/lib/python3.12/site-packages/airflow/example_dags/example_xcomargs.py
[2025-10-27T21:40:26.741-0300] {logging_mixin.py:188} INFO - [2025-10-27T21:40:26.741-0300] {dag.py:3096} INFO - Sync 2 DAGs
[2025-10-27T21:40:26.749-0300] {logging_mixin.py:188} INFO - [2025-10-27T21:40:26.749-0300] {dag.py:3954} INFO - Setting next_dagrun for example_xcom_args to None, run_after=None
[2025-10-27T21:40:26.751-0300] {logging_mixin.py:188} INFO - [2025-10-27T21:40:26.751-0300] {dag.py:3954} INFO - Setting next_dagrun for example_xcom_args_with_operators to None, run_after=None
[2025-10-27T21:40:26.765-0300] {processor.py:183} INFO - Processing /home/joaosousa/projects/spotify-project/venv/lib/python3.12/site-packages/airflow/example_dags/example_xcomargs.py took 0.051 seconds
[2025-10-27T21:41:26.297-0300] {processor.py:161} INFO - Started process (PID=2208) to work on /home/joaosousa/projects/spotify-project/venv/lib/python3.12/site-packages/airflow/example_dags/example_xcomargs.py
[2025-10-27T21:41:26.299-0300] {processor.py:830} INFO - Processing file /home/joaosousa/projects/spotify-project/venv/lib/python3.12/site-packages/airflow/example_dags/example_xcomargs.py for tasks to queue
[2025-10-27T21:41:26.300-0300] {logging_mixin.py:188} INFO - [2025-10-27T21:41:26.300-0300] {dagbag.py:545} INFO - Filling up the DagBag from /home/joaosousa/projects/spotify-project/venv/lib/python3.12/site-packages/airflow/example_dags/example_xcomargs.py
[2025-10-27T21:41:26.307-0300] {processor.py:840} INFO - DAG(s) 'example_xcom_args', 'example_xcom_args_with_operators' retrieved from /home/joaosousa/projects/spotify-project/venv/lib/python3.12/site-packages/airflow/example_dags/example_xcomargs.py
[2025-10-27T21:41:26.321-0300] {logging_mixin.py:188} INFO - [2025-10-27T21:41:26.320-0300] {dag.py:3096} INFO - Sync 2 DAGs
[2025-10-27T21:41:26.329-0300] {logging_mixin.py:188} INFO - [2025-10-27T21:41:26.329-0300] {dag.py:3954} INFO - Setting next_dagrun for example_xcom_args to None, run_after=None
[2025-10-27T21:41:26.331-0300] {logging_mixin.py:188} INFO - [2025-10-27T21:41:26.331-0300] {dag.py:3954} INFO - Setting next_dagrun for example_xcom_args_with_operators to None, run_after=None
[2025-10-27T21:41:26.345-0300] {processor.py:183} INFO - Processing /home/joaosousa/projects/spotify-project/venv/lib/python3.12/site-packages/airflow/example_dags/example_xcomargs.py took 0.053 seconds
[2025-10-27T21:42:25.429-0300] {processor.py:161} INFO - Started process (PID=2411) to work on /home/joaosousa/projects/spotify-project/venv/lib/python3.12/site-packages/airflow/example_dags/example_xcomargs.py
[2025-10-27T21:42:25.431-0300] {processor.py:830} INFO - Processing file /home/joaosousa/projects/spotify-project/venv/lib/python3.12/site-packages/airflow/example_dags/example_xcomargs.py for tasks to queue
[2025-10-27T21:42:25.433-0300] {logging_mixin.py:188} INFO - [2025-10-27T21:42:25.432-0300] {dagbag.py:545} INFO - Filling up the DagBag from /home/joaosousa/projects/spotify-project/venv/lib/python3.12/site-packages/airflow/example_dags/example_xcomargs.py
[2025-10-27T21:42:25.440-0300] {processor.py:840} INFO - DAG(s) 'example_xcom_args_with_operators', 'example_xcom_args' retrieved from /home/joaosousa/projects/spotify-project/venv/lib/python3.12/site-packages/airflow/example_dags/example_xcomargs.py
[2025-10-27T21:42:25.454-0300] {logging_mixin.py:188} INFO - [2025-10-27T21:42:25.454-0300] {dag.py:3096} INFO - Sync 2 DAGs
[2025-10-27T21:42:25.463-0300] {logging_mixin.py:188} INFO - [2025-10-27T21:42:25.463-0300] {dag.py:3954} INFO - Setting next_dagrun for example_xcom_args to None, run_after=None
[2025-10-27T21:42:25.465-0300] {logging_mixin.py:188} INFO - [2025-10-27T21:42:25.465-0300] {dag.py:3954} INFO - Setting next_dagrun for example_xcom_args_with_operators to None, run_after=None
[2025-10-27T21:42:25.479-0300] {processor.py:183} INFO - Processing /home/joaosousa/projects/spotify-project/venv/lib/python3.12/site-packages/airflow/example_dags/example_xcomargs.py took 0.055 seconds
[2025-10-27T21:43:25.875-0300] {processor.py:161} INFO - Started process (PID=2529) to work on /home/joaosousa/projects/spotify-project/venv/lib/python3.12/site-packages/airflow/example_dags/example_xcomargs.py
[2025-10-27T21:43:25.877-0300] {processor.py:830} INFO - Processing file /home/joaosousa/projects/spotify-project/venv/lib/python3.12/site-packages/airflow/example_dags/example_xcomargs.py for tasks to queue
[2025-10-27T21:43:25.878-0300] {logging_mixin.py:188} INFO - [2025-10-27T21:43:25.878-0300] {dagbag.py:545} INFO - Filling up the DagBag from /home/joaosousa/projects/spotify-project/venv/lib/python3.12/site-packages/airflow/example_dags/example_xcomargs.py
[2025-10-27T21:43:25.885-0300] {processor.py:840} INFO - DAG(s) 'example_xcom_args', 'example_xcom_args_with_operators' retrieved from /home/joaosousa/projects/spotify-project/venv/lib/python3.12/site-packages/airflow/example_dags/example_xcomargs.py
[2025-10-27T21:43:25.898-0300] {logging_mixin.py:188} INFO - [2025-10-27T21:43:25.898-0300] {dag.py:3096} INFO - Sync 2 DAGs
[2025-10-27T21:43:25.906-0300] {logging_mixin.py:188} INFO - [2025-10-27T21:43:25.906-0300] {dag.py:3954} INFO - Setting next_dagrun for example_xcom_args to None, run_after=None
[2025-10-27T21:43:25.909-0300] {logging_mixin.py:188} INFO - [2025-10-27T21:43:25.909-0300] {dag.py:3954} INFO - Setting next_dagrun for example_xcom_args_with_operators to None, run_after=None
[2025-10-27T21:43:25.922-0300] {processor.py:183} INFO - Processing /home/joaosousa/projects/spotify-project/venv/lib/python3.12/site-packages/airflow/example_dags/example_xcomargs.py took 0.052 seconds
[2025-10-27T21:44:25.518-0300] {processor.py:161} INFO - Started process (PID=2633) to work on /home/joaosousa/projects/spotify-project/venv/lib/python3.12/site-packages/airflow/example_dags/example_xcomargs.py
[2025-10-27T21:44:25.520-0300] {processor.py:830} INFO - Processing file /home/joaosousa/projects/spotify-project/venv/lib/python3.12/site-packages/airflow/example_dags/example_xcomargs.py for tasks to queue
[2025-10-27T21:44:25.521-0300] {logging_mixin.py:188} INFO - [2025-10-27T21:44:25.521-0300] {dagbag.py:545} INFO - Filling up the DagBag from /home/joaosousa/projects/spotify-project/venv/lib/python3.12/site-packages/airflow/example_dags/example_xcomargs.py
[2025-10-27T21:44:25.527-0300] {processor.py:840} INFO - DAG(s) 'example_xcom_args', 'example_xcom_args_with_operators' retrieved from /home/joaosousa/projects/spotify-project/venv/lib/python3.12/site-packages/airflow/example_dags/example_xcomargs.py
[2025-10-27T21:44:25.540-0300] {logging_mixin.py:188} INFO - [2025-10-27T21:44:25.539-0300] {dag.py:3096} INFO - Sync 2 DAGs
[2025-10-27T21:44:25.547-0300] {logging_mixin.py:188} INFO - [2025-10-27T21:44:25.547-0300] {dag.py:3954} INFO - Setting next_dagrun for example_xcom_args to None, run_after=None
[2025-10-27T21:44:25.550-0300] {logging_mixin.py:188} INFO - [2025-10-27T21:44:25.549-0300] {dag.py:3954} INFO - Setting next_dagrun for example_xcom_args_with_operators to None, run_after=None
[2025-10-27T21:44:25.562-0300] {processor.py:183} INFO - Processing /home/joaosousa/projects/spotify-project/venv/lib/python3.12/site-packages/airflow/example_dags/example_xcomargs.py took 0.048 seconds
[2025-10-27T21:45:24.707-0300] {processor.py:161} INFO - Started process (PID=2940) to work on /home/joaosousa/projects/spotify-project/venv/lib/python3.12/site-packages/airflow/example_dags/example_xcomargs.py
[2025-10-27T21:45:24.709-0300] {processor.py:830} INFO - Processing file /home/joaosousa/projects/spotify-project/venv/lib/python3.12/site-packages/airflow/example_dags/example_xcomargs.py for tasks to queue
[2025-10-27T21:45:24.710-0300] {logging_mixin.py:188} INFO - [2025-10-27T21:45:24.710-0300] {dagbag.py:545} INFO - Filling up the DagBag from /home/joaosousa/projects/spotify-project/venv/lib/python3.12/site-packages/airflow/example_dags/example_xcomargs.py
[2025-10-27T21:45:24.716-0300] {processor.py:840} INFO - DAG(s) 'example_xcom_args_with_operators', 'example_xcom_args' retrieved from /home/joaosousa/projects/spotify-project/venv/lib/python3.12/site-packages/airflow/example_dags/example_xcomargs.py
[2025-10-27T21:45:24.729-0300] {logging_mixin.py:188} INFO - [2025-10-27T21:45:24.729-0300] {dag.py:3096} INFO - Sync 2 DAGs
[2025-10-27T21:45:24.737-0300] {logging_mixin.py:188} INFO - [2025-10-27T21:45:24.737-0300] {dag.py:3954} INFO - Setting next_dagrun for example_xcom_args to None, run_after=None
[2025-10-27T21:45:24.740-0300] {logging_mixin.py:188} INFO - [2025-10-27T21:45:24.739-0300] {dag.py:3954} INFO - Setting next_dagrun for example_xcom_args_with_operators to None, run_after=None
[2025-10-27T21:45:24.754-0300] {processor.py:183} INFO - Processing /home/joaosousa/projects/spotify-project/venv/lib/python3.12/site-packages/airflow/example_dags/example_xcomargs.py took 0.052 seconds
[2025-10-27T21:46:26.100-0300] {processor.py:161} INFO - Started process (PID=3043) to work on /home/joaosousa/projects/spotify-project/venv/lib/python3.12/site-packages/airflow/example_dags/example_xcomargs.py
[2025-10-27T21:46:26.102-0300] {processor.py:830} INFO - Processing file /home/joaosousa/projects/spotify-project/venv/lib/python3.12/site-packages/airflow/example_dags/example_xcomargs.py for tasks to queue
[2025-10-27T21:46:26.103-0300] {logging_mixin.py:188} INFO - [2025-10-27T21:46:26.103-0300] {dagbag.py:545} INFO - Filling up the DagBag from /home/joaosousa/projects/spotify-project/venv/lib/python3.12/site-packages/airflow/example_dags/example_xcomargs.py
[2025-10-27T21:46:26.109-0300] {processor.py:840} INFO - DAG(s) 'example_xcom_args_with_operators', 'example_xcom_args' retrieved from /home/joaosousa/projects/spotify-project/venv/lib/python3.12/site-packages/airflow/example_dags/example_xcomargs.py
[2025-10-27T21:46:26.121-0300] {logging_mixin.py:188} INFO - [2025-10-27T21:46:26.121-0300] {dag.py:3096} INFO - Sync 2 DAGs
[2025-10-27T21:46:26.129-0300] {logging_mixin.py:188} INFO - [2025-10-27T21:46:26.128-0300] {dag.py:3954} INFO - Setting next_dagrun for example_xcom_args to None, run_after=None
[2025-10-27T21:46:26.131-0300] {logging_mixin.py:188} INFO - [2025-10-27T21:46:26.131-0300] {dag.py:3954} INFO - Setting next_dagrun for example_xcom_args_with_operators to None, run_after=None
[2025-10-27T21:46:26.144-0300] {processor.py:183} INFO - Processing /home/joaosousa/projects/spotify-project/venv/lib/python3.12/site-packages/airflow/example_dags/example_xcomargs.py took 0.049 seconds
[2025-10-27T21:47:32.080-0300] {processor.py:161} INFO - Started process (PID=3187) to work on /home/joaosousa/projects/spotify-project/venv/lib/python3.12/site-packages/airflow/example_dags/example_xcomargs.py
[2025-10-27T21:47:32.082-0300] {processor.py:830} INFO - Processing file /home/joaosousa/projects/spotify-project/venv/lib/python3.12/site-packages/airflow/example_dags/example_xcomargs.py for tasks to queue
[2025-10-27T21:47:32.083-0300] {logging_mixin.py:188} INFO - [2025-10-27T21:47:32.083-0300] {dagbag.py:545} INFO - Filling up the DagBag from /home/joaosousa/projects/spotify-project/venv/lib/python3.12/site-packages/airflow/example_dags/example_xcomargs.py
[2025-10-27T21:47:32.089-0300] {processor.py:840} INFO - DAG(s) 'example_xcom_args', 'example_xcom_args_with_operators' retrieved from /home/joaosousa/projects/spotify-project/venv/lib/python3.12/site-packages/airflow/example_dags/example_xcomargs.py
[2025-10-27T21:47:32.101-0300] {logging_mixin.py:188} INFO - [2025-10-27T21:47:32.101-0300] {dag.py:3096} INFO - Sync 2 DAGs
[2025-10-27T21:47:32.109-0300] {logging_mixin.py:188} INFO - [2025-10-27T21:47:32.108-0300] {dag.py:3954} INFO - Setting next_dagrun for example_xcom_args to None, run_after=None
[2025-10-27T21:47:32.111-0300] {logging_mixin.py:188} INFO - [2025-10-27T21:47:32.111-0300] {dag.py:3954} INFO - Setting next_dagrun for example_xcom_args_with_operators to None, run_after=None
[2025-10-27T21:47:32.123-0300] {processor.py:183} INFO - Processing /home/joaosousa/projects/spotify-project/venv/lib/python3.12/site-packages/airflow/example_dags/example_xcomargs.py took 0.048 seconds
[2025-10-27T21:48:36.288-0300] {processor.py:161} INFO - Started process (PID=3514) to work on /home/joaosousa/projects/spotify-project/venv/lib/python3.12/site-packages/airflow/example_dags/example_xcomargs.py
[2025-10-27T21:48:36.290-0300] {processor.py:830} INFO - Processing file /home/joaosousa/projects/spotify-project/venv/lib/python3.12/site-packages/airflow/example_dags/example_xcomargs.py for tasks to queue
[2025-10-27T21:48:36.291-0300] {logging_mixin.py:188} INFO - [2025-10-27T21:48:36.291-0300] {dagbag.py:545} INFO - Filling up the DagBag from /home/joaosousa/projects/spotify-project/venv/lib/python3.12/site-packages/airflow/example_dags/example_xcomargs.py
[2025-10-27T21:48:36.298-0300] {processor.py:840} INFO - DAG(s) 'example_xcom_args', 'example_xcom_args_with_operators' retrieved from /home/joaosousa/projects/spotify-project/venv/lib/python3.12/site-packages/airflow/example_dags/example_xcomargs.py
[2025-10-27T21:48:36.310-0300] {logging_mixin.py:188} INFO - [2025-10-27T21:48:36.310-0300] {dag.py:3096} INFO - Sync 2 DAGs
[2025-10-27T21:48:36.319-0300] {logging_mixin.py:188} INFO - [2025-10-27T21:48:36.318-0300] {dag.py:3954} INFO - Setting next_dagrun for example_xcom_args to None, run_after=None
[2025-10-27T21:48:36.321-0300] {logging_mixin.py:188} INFO - [2025-10-27T21:48:36.320-0300] {dag.py:3954} INFO - Setting next_dagrun for example_xcom_args_with_operators to None, run_after=None
[2025-10-27T21:48:36.334-0300] {processor.py:183} INFO - Processing /home/joaosousa/projects/spotify-project/venv/lib/python3.12/site-packages/airflow/example_dags/example_xcomargs.py took 0.051 seconds
[2025-10-27T21:49:34.342-0300] {processor.py:161} INFO - Started process (PID=3612) to work on /home/joaosousa/projects/spotify-project/venv/lib/python3.12/site-packages/airflow/example_dags/example_xcomargs.py
[2025-10-27T21:49:34.344-0300] {processor.py:830} INFO - Processing file /home/joaosousa/projects/spotify-project/venv/lib/python3.12/site-packages/airflow/example_dags/example_xcomargs.py for tasks to queue
[2025-10-27T21:49:34.345-0300] {logging_mixin.py:188} INFO - [2025-10-27T21:49:34.345-0300] {dagbag.py:545} INFO - Filling up the DagBag from /home/joaosousa/projects/spotify-project/venv/lib/python3.12/site-packages/airflow/example_dags/example_xcomargs.py
[2025-10-27T21:49:34.352-0300] {processor.py:840} INFO - DAG(s) 'example_xcom_args', 'example_xcom_args_with_operators' retrieved from /home/joaosousa/projects/spotify-project/venv/lib/python3.12/site-packages/airflow/example_dags/example_xcomargs.py
[2025-10-27T21:49:34.364-0300] {logging_mixin.py:188} INFO - [2025-10-27T21:49:34.364-0300] {dag.py:3096} INFO - Sync 2 DAGs
[2025-10-27T21:49:34.372-0300] {logging_mixin.py:188} INFO - [2025-10-27T21:49:34.372-0300] {dag.py:3954} INFO - Setting next_dagrun for example_xcom_args to None, run_after=None
[2025-10-27T21:49:34.374-0300] {logging_mixin.py:188} INFO - [2025-10-27T21:49:34.374-0300] {dag.py:3954} INFO - Setting next_dagrun for example_xcom_args_with_operators to None, run_after=None
[2025-10-27T21:49:34.388-0300] {processor.py:183} INFO - Processing /home/joaosousa/projects/spotify-project/venv/lib/python3.12/site-packages/airflow/example_dags/example_xcomargs.py took 0.050 seconds
[2025-10-27T21:50:37.799-0300] {processor.py:161} INFO - Started process (PID=3716) to work on /home/joaosousa/projects/spotify-project/venv/lib/python3.12/site-packages/airflow/example_dags/example_xcomargs.py
[2025-10-27T21:50:37.801-0300] {processor.py:830} INFO - Processing file /home/joaosousa/projects/spotify-project/venv/lib/python3.12/site-packages/airflow/example_dags/example_xcomargs.py for tasks to queue
[2025-10-27T21:50:37.803-0300] {logging_mixin.py:188} INFO - [2025-10-27T21:50:37.803-0300] {dagbag.py:545} INFO - Filling up the DagBag from /home/joaosousa/projects/spotify-project/venv/lib/python3.12/site-packages/airflow/example_dags/example_xcomargs.py
[2025-10-27T21:50:37.810-0300] {processor.py:840} INFO - DAG(s) 'example_xcom_args_with_operators', 'example_xcom_args' retrieved from /home/joaosousa/projects/spotify-project/venv/lib/python3.12/site-packages/airflow/example_dags/example_xcomargs.py
[2025-10-27T21:50:37.825-0300] {logging_mixin.py:188} INFO - [2025-10-27T21:50:37.825-0300] {dag.py:3096} INFO - Sync 2 DAGs
[2025-10-27T21:50:37.837-0300] {logging_mixin.py:188} INFO - [2025-10-27T21:50:37.837-0300] {dag.py:3954} INFO - Setting next_dagrun for example_xcom_args to None, run_after=None
[2025-10-27T21:50:37.841-0300] {logging_mixin.py:188} INFO - [2025-10-27T21:50:37.841-0300] {dag.py:3954} INFO - Setting next_dagrun for example_xcom_args_with_operators to None, run_after=None
[2025-10-27T21:50:37.857-0300] {processor.py:183} INFO - Processing /home/joaosousa/projects/spotify-project/venv/lib/python3.12/site-packages/airflow/example_dags/example_xcomargs.py took 0.062 seconds
[2025-10-27T21:51:41.332-0300] {processor.py:161} INFO - Started process (PID=3847) to work on /home/joaosousa/projects/spotify-project/venv/lib/python3.12/site-packages/airflow/example_dags/example_xcomargs.py
[2025-10-27T21:51:41.334-0300] {processor.py:830} INFO - Processing file /home/joaosousa/projects/spotify-project/venv/lib/python3.12/site-packages/airflow/example_dags/example_xcomargs.py for tasks to queue
[2025-10-27T21:51:41.336-0300] {logging_mixin.py:188} INFO - [2025-10-27T21:51:41.335-0300] {dagbag.py:545} INFO - Filling up the DagBag from /home/joaosousa/projects/spotify-project/venv/lib/python3.12/site-packages/airflow/example_dags/example_xcomargs.py
[2025-10-27T21:51:41.342-0300] {processor.py:840} INFO - DAG(s) 'example_xcom_args_with_operators', 'example_xcom_args' retrieved from /home/joaosousa/projects/spotify-project/venv/lib/python3.12/site-packages/airflow/example_dags/example_xcomargs.py
[2025-10-27T21:51:41.354-0300] {logging_mixin.py:188} INFO - [2025-10-27T21:51:41.354-0300] {dag.py:3096} INFO - Sync 2 DAGs
[2025-10-27T21:51:41.362-0300] {logging_mixin.py:188} INFO - [2025-10-27T21:51:41.362-0300] {dag.py:3954} INFO - Setting next_dagrun for example_xcom_args to None, run_after=None
[2025-10-27T21:51:41.364-0300] {logging_mixin.py:188} INFO - [2025-10-27T21:51:41.364-0300] {dag.py:3954} INFO - Setting next_dagrun for example_xcom_args_with_operators to None, run_after=None
[2025-10-27T21:51:41.378-0300] {processor.py:183} INFO - Processing /home/joaosousa/projects/spotify-project/venv/lib/python3.12/site-packages/airflow/example_dags/example_xcomargs.py took 0.049 seconds
[2025-10-27T21:52:44.831-0300] {processor.py:161} INFO - Started process (PID=3979) to work on /home/joaosousa/projects/spotify-project/venv/lib/python3.12/site-packages/airflow/example_dags/example_xcomargs.py
[2025-10-27T21:52:44.833-0300] {processor.py:830} INFO - Processing file /home/joaosousa/projects/spotify-project/venv/lib/python3.12/site-packages/airflow/example_dags/example_xcomargs.py for tasks to queue
[2025-10-27T21:52:44.834-0300] {logging_mixin.py:188} INFO - [2025-10-27T21:52:44.834-0300] {dagbag.py:545} INFO - Filling up the DagBag from /home/joaosousa/projects/spotify-project/venv/lib/python3.12/site-packages/airflow/example_dags/example_xcomargs.py
[2025-10-27T21:52:44.840-0300] {processor.py:840} INFO - DAG(s) 'example_xcom_args', 'example_xcom_args_with_operators' retrieved from /home/joaosousa/projects/spotify-project/venv/lib/python3.12/site-packages/airflow/example_dags/example_xcomargs.py
[2025-10-27T21:52:44.854-0300] {logging_mixin.py:188} INFO - [2025-10-27T21:52:44.854-0300] {dag.py:3096} INFO - Sync 2 DAGs
[2025-10-27T21:52:44.865-0300] {logging_mixin.py:188} INFO - [2025-10-27T21:52:44.865-0300] {dag.py:3954} INFO - Setting next_dagrun for example_xcom_args to None, run_after=None
[2025-10-27T21:52:44.867-0300] {logging_mixin.py:188} INFO - [2025-10-27T21:52:44.867-0300] {dag.py:3954} INFO - Setting next_dagrun for example_xcom_args_with_operators to None, run_after=None
[2025-10-27T21:52:44.884-0300] {processor.py:183} INFO - Processing /home/joaosousa/projects/spotify-project/venv/lib/python3.12/site-packages/airflow/example_dags/example_xcomargs.py took 0.058 seconds
[2025-10-27T21:53:43.587-0300] {processor.py:161} INFO - Started process (PID=4098) to work on /home/joaosousa/projects/spotify-project/venv/lib/python3.12/site-packages/airflow/example_dags/example_xcomargs.py
[2025-10-27T21:53:43.589-0300] {processor.py:830} INFO - Processing file /home/joaosousa/projects/spotify-project/venv/lib/python3.12/site-packages/airflow/example_dags/example_xcomargs.py for tasks to queue
[2025-10-27T21:53:43.590-0300] {logging_mixin.py:188} INFO - [2025-10-27T21:53:43.590-0300] {dagbag.py:545} INFO - Filling up the DagBag from /home/joaosousa/projects/spotify-project/venv/lib/python3.12/site-packages/airflow/example_dags/example_xcomargs.py
[2025-10-27T21:53:43.596-0300] {processor.py:840} INFO - DAG(s) 'example_xcom_args', 'example_xcom_args_with_operators' retrieved from /home/joaosousa/projects/spotify-project/venv/lib/python3.12/site-packages/airflow/example_dags/example_xcomargs.py
[2025-10-27T21:53:43.608-0300] {logging_mixin.py:188} INFO - [2025-10-27T21:53:43.608-0300] {dag.py:3096} INFO - Sync 2 DAGs
[2025-10-27T21:53:43.616-0300] {logging_mixin.py:188} INFO - [2025-10-27T21:53:43.616-0300] {dag.py:3954} INFO - Setting next_dagrun for example_xcom_args to None, run_after=None
[2025-10-27T21:53:43.618-0300] {logging_mixin.py:188} INFO - [2025-10-27T21:53:43.618-0300] {dag.py:3954} INFO - Setting next_dagrun for example_xcom_args_with_operators to None, run_after=None
[2025-10-27T21:53:43.632-0300] {processor.py:183} INFO - Processing /home/joaosousa/projects/spotify-project/venv/lib/python3.12/site-packages/airflow/example_dags/example_xcomargs.py took 0.048 seconds
[2025-10-27T21:54:48.955-0300] {processor.py:161} INFO - Started process (PID=4230) to work on /home/joaosousa/projects/spotify-project/venv/lib/python3.12/site-packages/airflow/example_dags/example_xcomargs.py
[2025-10-27T21:54:48.957-0300] {processor.py:830} INFO - Processing file /home/joaosousa/projects/spotify-project/venv/lib/python3.12/site-packages/airflow/example_dags/example_xcomargs.py for tasks to queue
[2025-10-27T21:54:48.959-0300] {logging_mixin.py:188} INFO - [2025-10-27T21:54:48.959-0300] {dagbag.py:545} INFO - Filling up the DagBag from /home/joaosousa/projects/spotify-project/venv/lib/python3.12/site-packages/airflow/example_dags/example_xcomargs.py
[2025-10-27T21:54:48.965-0300] {processor.py:840} INFO - DAG(s) 'example_xcom_args_with_operators', 'example_xcom_args' retrieved from /home/joaosousa/projects/spotify-project/venv/lib/python3.12/site-packages/airflow/example_dags/example_xcomargs.py
[2025-10-27T21:54:48.978-0300] {logging_mixin.py:188} INFO - [2025-10-27T21:54:48.977-0300] {dag.py:3096} INFO - Sync 2 DAGs
[2025-10-27T21:54:48.985-0300] {logging_mixin.py:188} INFO - [2025-10-27T21:54:48.985-0300] {dag.py:3954} INFO - Setting next_dagrun for example_xcom_args to None, run_after=None
[2025-10-27T21:54:48.988-0300] {logging_mixin.py:188} INFO - [2025-10-27T21:54:48.987-0300] {dag.py:3954} INFO - Setting next_dagrun for example_xcom_args_with_operators to None, run_after=None
[2025-10-27T21:54:49.003-0300] {processor.py:183} INFO - Processing /home/joaosousa/projects/spotify-project/venv/lib/python3.12/site-packages/airflow/example_dags/example_xcomargs.py took 0.052 seconds
[2025-10-27T21:55:51.443-0300] {processor.py:161} INFO - Started process (PID=4332) to work on /home/joaosousa/projects/spotify-project/venv/lib/python3.12/site-packages/airflow/example_dags/example_xcomargs.py
[2025-10-27T21:55:51.445-0300] {processor.py:830} INFO - Processing file /home/joaosousa/projects/spotify-project/venv/lib/python3.12/site-packages/airflow/example_dags/example_xcomargs.py for tasks to queue
[2025-10-27T21:55:51.446-0300] {logging_mixin.py:188} INFO - [2025-10-27T21:55:51.446-0300] {dagbag.py:545} INFO - Filling up the DagBag from /home/joaosousa/projects/spotify-project/venv/lib/python3.12/site-packages/airflow/example_dags/example_xcomargs.py
[2025-10-27T21:55:51.452-0300] {processor.py:840} INFO - DAG(s) 'example_xcom_args', 'example_xcom_args_with_operators' retrieved from /home/joaosousa/projects/spotify-project/venv/lib/python3.12/site-packages/airflow/example_dags/example_xcomargs.py
[2025-10-27T21:55:51.465-0300] {logging_mixin.py:188} INFO - [2025-10-27T21:55:51.465-0300] {dag.py:3096} INFO - Sync 2 DAGs
[2025-10-27T21:55:51.473-0300] {logging_mixin.py:188} INFO - [2025-10-27T21:55:51.473-0300] {dag.py:3954} INFO - Setting next_dagrun for example_xcom_args to None, run_after=None
[2025-10-27T21:55:51.475-0300] {logging_mixin.py:188} INFO - [2025-10-27T21:55:51.475-0300] {dag.py:3954} INFO - Setting next_dagrun for example_xcom_args_with_operators to None, run_after=None
[2025-10-27T21:55:51.488-0300] {processor.py:183} INFO - Processing /home/joaosousa/projects/spotify-project/venv/lib/python3.12/site-packages/airflow/example_dags/example_xcomargs.py took 0.050 seconds
[2025-10-27T21:56:55.996-0300] {processor.py:161} INFO - Started process (PID=4507) to work on /home/joaosousa/projects/spotify-project/venv/lib/python3.12/site-packages/airflow/example_dags/example_xcomargs.py
[2025-10-27T21:56:55.998-0300] {processor.py:830} INFO - Processing file /home/joaosousa/projects/spotify-project/venv/lib/python3.12/site-packages/airflow/example_dags/example_xcomargs.py for tasks to queue
[2025-10-27T21:56:56.000-0300] {logging_mixin.py:188} INFO - [2025-10-27T21:56:55.999-0300] {dagbag.py:545} INFO - Filling up the DagBag from /home/joaosousa/projects/spotify-project/venv/lib/python3.12/site-packages/airflow/example_dags/example_xcomargs.py
[2025-10-27T21:56:56.006-0300] {processor.py:840} INFO - DAG(s) 'example_xcom_args', 'example_xcom_args_with_operators' retrieved from /home/joaosousa/projects/spotify-project/venv/lib/python3.12/site-packages/airflow/example_dags/example_xcomargs.py
[2025-10-27T21:56:56.019-0300] {logging_mixin.py:188} INFO - [2025-10-27T21:56:56.019-0300] {dag.py:3096} INFO - Sync 2 DAGs
[2025-10-27T21:56:56.027-0300] {logging_mixin.py:188} INFO - [2025-10-27T21:56:56.027-0300] {dag.py:3954} INFO - Setting next_dagrun for example_xcom_args to None, run_after=None
[2025-10-27T21:56:56.029-0300] {logging_mixin.py:188} INFO - [2025-10-27T21:56:56.029-0300] {dag.py:3954} INFO - Setting next_dagrun for example_xcom_args_with_operators to None, run_after=None
[2025-10-27T21:56:56.043-0300] {processor.py:183} INFO - Processing /home/joaosousa/projects/spotify-project/venv/lib/python3.12/site-packages/airflow/example_dags/example_xcomargs.py took 0.051 seconds
[2025-10-27T21:57:55.144-0300] {processor.py:161} INFO - Started process (PID=4636) to work on /home/joaosousa/projects/spotify-project/venv/lib/python3.12/site-packages/airflow/example_dags/example_xcomargs.py
[2025-10-27T21:57:55.145-0300] {processor.py:830} INFO - Processing file /home/joaosousa/projects/spotify-project/venv/lib/python3.12/site-packages/airflow/example_dags/example_xcomargs.py for tasks to queue
[2025-10-27T21:57:55.146-0300] {logging_mixin.py:188} INFO - [2025-10-27T21:57:55.146-0300] {dagbag.py:545} INFO - Filling up the DagBag from /home/joaosousa/projects/spotify-project/venv/lib/python3.12/site-packages/airflow/example_dags/example_xcomargs.py
[2025-10-27T21:57:55.152-0300] {processor.py:840} INFO - DAG(s) 'example_xcom_args', 'example_xcom_args_with_operators' retrieved from /home/joaosousa/projects/spotify-project/venv/lib/python3.12/site-packages/airflow/example_dags/example_xcomargs.py
[2025-10-27T21:57:55.165-0300] {logging_mixin.py:188} INFO - [2025-10-27T21:57:55.165-0300] {dag.py:3096} INFO - Sync 2 DAGs
[2025-10-27T21:57:55.173-0300] {logging_mixin.py:188} INFO - [2025-10-27T21:57:55.173-0300] {dag.py:3954} INFO - Setting next_dagrun for example_xcom_args to None, run_after=None
[2025-10-27T21:57:55.176-0300] {logging_mixin.py:188} INFO - [2025-10-27T21:57:55.176-0300] {dag.py:3954} INFO - Setting next_dagrun for example_xcom_args_with_operators to None, run_after=None
[2025-10-27T21:57:55.188-0300] {processor.py:183} INFO - Processing /home/joaosousa/projects/spotify-project/venv/lib/python3.12/site-packages/airflow/example_dags/example_xcomargs.py took 0.049 seconds
[2025-10-27T21:58:54.219-0300] {processor.py:161} INFO - Started process (PID=4736) to work on /home/joaosousa/projects/spotify-project/venv/lib/python3.12/site-packages/airflow/example_dags/example_xcomargs.py
[2025-10-27T21:58:54.220-0300] {processor.py:830} INFO - Processing file /home/joaosousa/projects/spotify-project/venv/lib/python3.12/site-packages/airflow/example_dags/example_xcomargs.py for tasks to queue
[2025-10-27T21:58:54.222-0300] {logging_mixin.py:188} INFO - [2025-10-27T21:58:54.221-0300] {dagbag.py:545} INFO - Filling up the DagBag from /home/joaosousa/projects/spotify-project/venv/lib/python3.12/site-packages/airflow/example_dags/example_xcomargs.py
[2025-10-27T21:58:54.228-0300] {processor.py:840} INFO - DAG(s) 'example_xcom_args', 'example_xcom_args_with_operators' retrieved from /home/joaosousa/projects/spotify-project/venv/lib/python3.12/site-packages/airflow/example_dags/example_xcomargs.py
[2025-10-27T21:58:54.240-0300] {logging_mixin.py:188} INFO - [2025-10-27T21:58:54.239-0300] {dag.py:3096} INFO - Sync 2 DAGs
[2025-10-27T21:58:54.247-0300] {logging_mixin.py:188} INFO - [2025-10-27T21:58:54.247-0300] {dag.py:3954} INFO - Setting next_dagrun for example_xcom_args to None, run_after=None
[2025-10-27T21:58:54.249-0300] {logging_mixin.py:188} INFO - [2025-10-27T21:58:54.249-0300] {dag.py:3954} INFO - Setting next_dagrun for example_xcom_args_with_operators to None, run_after=None
[2025-10-27T21:58:54.262-0300] {processor.py:183} INFO - Processing /home/joaosousa/projects/spotify-project/venv/lib/python3.12/site-packages/airflow/example_dags/example_xcomargs.py took 0.048 seconds
[2025-10-27T21:59:56.709-0300] {processor.py:161} INFO - Started process (PID=4853) to work on /home/joaosousa/projects/spotify-project/venv/lib/python3.12/site-packages/airflow/example_dags/example_xcomargs.py
[2025-10-27T21:59:56.711-0300] {processor.py:830} INFO - Processing file /home/joaosousa/projects/spotify-project/venv/lib/python3.12/site-packages/airflow/example_dags/example_xcomargs.py for tasks to queue
[2025-10-27T21:59:56.713-0300] {logging_mixin.py:188} INFO - [2025-10-27T21:59:56.712-0300] {dagbag.py:545} INFO - Filling up the DagBag from /home/joaosousa/projects/spotify-project/venv/lib/python3.12/site-packages/airflow/example_dags/example_xcomargs.py
[2025-10-27T21:59:56.720-0300] {processor.py:840} INFO - DAG(s) 'example_xcom_args', 'example_xcom_args_with_operators' retrieved from /home/joaosousa/projects/spotify-project/venv/lib/python3.12/site-packages/airflow/example_dags/example_xcomargs.py
[2025-10-27T21:59:56.734-0300] {logging_mixin.py:188} INFO - [2025-10-27T21:59:56.734-0300] {dag.py:3096} INFO - Sync 2 DAGs
[2025-10-27T21:59:56.742-0300] {logging_mixin.py:188} INFO - [2025-10-27T21:59:56.742-0300] {dag.py:3954} INFO - Setting next_dagrun for example_xcom_args to None, run_after=None
[2025-10-27T21:59:56.745-0300] {logging_mixin.py:188} INFO - [2025-10-27T21:59:56.745-0300] {dag.py:3954} INFO - Setting next_dagrun for example_xcom_args_with_operators to None, run_after=None
[2025-10-27T21:59:56.759-0300] {processor.py:183} INFO - Processing /home/joaosousa/projects/spotify-project/venv/lib/python3.12/site-packages/airflow/example_dags/example_xcomargs.py took 0.055 seconds
[2025-10-27T22:01:02.802-0300] {processor.py:161} INFO - Started process (PID=4979) to work on /home/joaosousa/projects/spotify-project/venv/lib/python3.12/site-packages/airflow/example_dags/example_xcomargs.py
[2025-10-27T22:01:02.804-0300] {processor.py:830} INFO - Processing file /home/joaosousa/projects/spotify-project/venv/lib/python3.12/site-packages/airflow/example_dags/example_xcomargs.py for tasks to queue
[2025-10-27T22:01:02.806-0300] {logging_mixin.py:188} INFO - [2025-10-27T22:01:02.805-0300] {dagbag.py:545} INFO - Filling up the DagBag from /home/joaosousa/projects/spotify-project/venv/lib/python3.12/site-packages/airflow/example_dags/example_xcomargs.py
[2025-10-27T22:01:02.812-0300] {processor.py:840} INFO - DAG(s) 'example_xcom_args_with_operators', 'example_xcom_args' retrieved from /home/joaosousa/projects/spotify-project/venv/lib/python3.12/site-packages/airflow/example_dags/example_xcomargs.py
[2025-10-27T22:01:02.824-0300] {logging_mixin.py:188} INFO - [2025-10-27T22:01:02.824-0300] {dag.py:3096} INFO - Sync 2 DAGs
[2025-10-27T22:01:02.831-0300] {logging_mixin.py:188} INFO - [2025-10-27T22:01:02.831-0300] {dag.py:3954} INFO - Setting next_dagrun for example_xcom_args to None, run_after=None
[2025-10-27T22:01:02.833-0300] {logging_mixin.py:188} INFO - [2025-10-27T22:01:02.833-0300] {dag.py:3954} INFO - Setting next_dagrun for example_xcom_args_with_operators to None, run_after=None
[2025-10-27T22:01:02.846-0300] {processor.py:183} INFO - Processing /home/joaosousa/projects/spotify-project/venv/lib/python3.12/site-packages/airflow/example_dags/example_xcomargs.py took 0.048 seconds
[2025-10-27T22:02:02.442-0300] {processor.py:161} INFO - Started process (PID=5069) to work on /home/joaosousa/projects/spotify-project/venv/lib/python3.12/site-packages/airflow/example_dags/example_xcomargs.py
[2025-10-27T22:02:02.444-0300] {processor.py:830} INFO - Processing file /home/joaosousa/projects/spotify-project/venv/lib/python3.12/site-packages/airflow/example_dags/example_xcomargs.py for tasks to queue
[2025-10-27T22:02:02.446-0300] {logging_mixin.py:188} INFO - [2025-10-27T22:02:02.445-0300] {dagbag.py:545} INFO - Filling up the DagBag from /home/joaosousa/projects/spotify-project/venv/lib/python3.12/site-packages/airflow/example_dags/example_xcomargs.py
[2025-10-27T22:02:02.452-0300] {processor.py:840} INFO - DAG(s) 'example_xcom_args', 'example_xcom_args_with_operators' retrieved from /home/joaosousa/projects/spotify-project/venv/lib/python3.12/site-packages/airflow/example_dags/example_xcomargs.py
[2025-10-27T22:02:02.466-0300] {logging_mixin.py:188} INFO - [2025-10-27T22:02:02.466-0300] {dag.py:3096} INFO - Sync 2 DAGs
[2025-10-27T22:02:02.475-0300] {logging_mixin.py:188} INFO - [2025-10-27T22:02:02.475-0300] {dag.py:3954} INFO - Setting next_dagrun for example_xcom_args to None, run_after=None
[2025-10-27T22:02:02.478-0300] {logging_mixin.py:188} INFO - [2025-10-27T22:02:02.478-0300] {dag.py:3954} INFO - Setting next_dagrun for example_xcom_args_with_operators to None, run_after=None
[2025-10-27T22:02:02.491-0300] {processor.py:183} INFO - Processing /home/joaosousa/projects/spotify-project/venv/lib/python3.12/site-packages/airflow/example_dags/example_xcomargs.py took 0.054 seconds
[2025-10-27T22:03:04.335-0300] {processor.py:161} INFO - Started process (PID=5192) to work on /home/joaosousa/projects/spotify-project/venv/lib/python3.12/site-packages/airflow/example_dags/example_xcomargs.py
[2025-10-27T22:03:04.337-0300] {processor.py:830} INFO - Processing file /home/joaosousa/projects/spotify-project/venv/lib/python3.12/site-packages/airflow/example_dags/example_xcomargs.py for tasks to queue
[2025-10-27T22:03:04.339-0300] {logging_mixin.py:188} INFO - [2025-10-27T22:03:04.338-0300] {dagbag.py:545} INFO - Filling up the DagBag from /home/joaosousa/projects/spotify-project/venv/lib/python3.12/site-packages/airflow/example_dags/example_xcomargs.py
[2025-10-27T22:03:04.345-0300] {processor.py:840} INFO - DAG(s) 'example_xcom_args_with_operators', 'example_xcom_args' retrieved from /home/joaosousa/projects/spotify-project/venv/lib/python3.12/site-packages/airflow/example_dags/example_xcomargs.py
[2025-10-27T22:03:04.357-0300] {logging_mixin.py:188} INFO - [2025-10-27T22:03:04.357-0300] {dag.py:3096} INFO - Sync 2 DAGs
[2025-10-27T22:03:04.364-0300] {logging_mixin.py:188} INFO - [2025-10-27T22:03:04.364-0300] {dag.py:3954} INFO - Setting next_dagrun for example_xcom_args to None, run_after=None
[2025-10-27T22:03:04.366-0300] {logging_mixin.py:188} INFO - [2025-10-27T22:03:04.366-0300] {dag.py:3954} INFO - Setting next_dagrun for example_xcom_args_with_operators to None, run_after=None
[2025-10-27T22:03:04.380-0300] {processor.py:183} INFO - Processing /home/joaosousa/projects/spotify-project/venv/lib/python3.12/site-packages/airflow/example_dags/example_xcomargs.py took 0.050 seconds
[2025-10-27T22:04:03.081-0300] {processor.py:161} INFO - Started process (PID=5286) to work on /home/joaosousa/projects/spotify-project/venv/lib/python3.12/site-packages/airflow/example_dags/example_xcomargs.py
[2025-10-27T22:04:03.083-0300] {processor.py:830} INFO - Processing file /home/joaosousa/projects/spotify-project/venv/lib/python3.12/site-packages/airflow/example_dags/example_xcomargs.py for tasks to queue
[2025-10-27T22:04:03.085-0300] {logging_mixin.py:188} INFO - [2025-10-27T22:04:03.085-0300] {dagbag.py:545} INFO - Filling up the DagBag from /home/joaosousa/projects/spotify-project/venv/lib/python3.12/site-packages/airflow/example_dags/example_xcomargs.py
[2025-10-27T22:04:03.091-0300] {processor.py:840} INFO - DAG(s) 'example_xcom_args_with_operators', 'example_xcom_args' retrieved from /home/joaosousa/projects/spotify-project/venv/lib/python3.12/site-packages/airflow/example_dags/example_xcomargs.py
[2025-10-27T22:04:03.104-0300] {logging_mixin.py:188} INFO - [2025-10-27T22:04:03.104-0300] {dag.py:3096} INFO - Sync 2 DAGs
[2025-10-27T22:04:03.112-0300] {logging_mixin.py:188} INFO - [2025-10-27T22:04:03.112-0300] {dag.py:3954} INFO - Setting next_dagrun for example_xcom_args to None, run_after=None
[2025-10-27T22:04:03.114-0300] {logging_mixin.py:188} INFO - [2025-10-27T22:04:03.114-0300] {dag.py:3954} INFO - Setting next_dagrun for example_xcom_args_with_operators to None, run_after=None
[2025-10-27T22:04:03.127-0300] {processor.py:183} INFO - Processing /home/joaosousa/projects/spotify-project/venv/lib/python3.12/site-packages/airflow/example_dags/example_xcomargs.py took 0.050 seconds
[2025-10-27T22:05:01.096-0300] {processor.py:161} INFO - Started process (PID=5403) to work on /home/joaosousa/projects/spotify-project/venv/lib/python3.12/site-packages/airflow/example_dags/example_xcomargs.py
[2025-10-27T22:05:01.098-0300] {processor.py:830} INFO - Processing file /home/joaosousa/projects/spotify-project/venv/lib/python3.12/site-packages/airflow/example_dags/example_xcomargs.py for tasks to queue
[2025-10-27T22:05:01.099-0300] {logging_mixin.py:188} INFO - [2025-10-27T22:05:01.099-0300] {dagbag.py:545} INFO - Filling up the DagBag from /home/joaosousa/projects/spotify-project/venv/lib/python3.12/site-packages/airflow/example_dags/example_xcomargs.py
[2025-10-27T22:05:01.106-0300] {processor.py:840} INFO - DAG(s) 'example_xcom_args', 'example_xcom_args_with_operators' retrieved from /home/joaosousa/projects/spotify-project/venv/lib/python3.12/site-packages/airflow/example_dags/example_xcomargs.py
[2025-10-27T22:05:01.118-0300] {logging_mixin.py:188} INFO - [2025-10-27T22:05:01.118-0300] {dag.py:3096} INFO - Sync 2 DAGs
[2025-10-27T22:05:01.127-0300] {logging_mixin.py:188} INFO - [2025-10-27T22:05:01.126-0300] {dag.py:3954} INFO - Setting next_dagrun for example_xcom_args to None, run_after=None
[2025-10-27T22:05:01.129-0300] {logging_mixin.py:188} INFO - [2025-10-27T22:05:01.129-0300] {dag.py:3954} INFO - Setting next_dagrun for example_xcom_args_with_operators to None, run_after=None
[2025-10-27T22:05:01.143-0300] {processor.py:183} INFO - Processing /home/joaosousa/projects/spotify-project/venv/lib/python3.12/site-packages/airflow/example_dags/example_xcomargs.py took 0.051 seconds
[2025-10-27T22:06:02.581-0300] {processor.py:161} INFO - Started process (PID=5491) to work on /home/joaosousa/projects/spotify-project/venv/lib/python3.12/site-packages/airflow/example_dags/example_xcomargs.py
[2025-10-27T22:06:02.583-0300] {processor.py:830} INFO - Processing file /home/joaosousa/projects/spotify-project/venv/lib/python3.12/site-packages/airflow/example_dags/example_xcomargs.py for tasks to queue
[2025-10-27T22:06:02.584-0300] {logging_mixin.py:188} INFO - [2025-10-27T22:06:02.584-0300] {dagbag.py:545} INFO - Filling up the DagBag from /home/joaosousa/projects/spotify-project/venv/lib/python3.12/site-packages/airflow/example_dags/example_xcomargs.py
[2025-10-27T22:06:02.591-0300] {processor.py:840} INFO - DAG(s) 'example_xcom_args', 'example_xcom_args_with_operators' retrieved from /home/joaosousa/projects/spotify-project/venv/lib/python3.12/site-packages/airflow/example_dags/example_xcomargs.py
[2025-10-27T22:06:02.603-0300] {logging_mixin.py:188} INFO - [2025-10-27T22:06:02.603-0300] {dag.py:3096} INFO - Sync 2 DAGs
[2025-10-27T22:06:02.612-0300] {logging_mixin.py:188} INFO - [2025-10-27T22:06:02.612-0300] {dag.py:3954} INFO - Setting next_dagrun for example_xcom_args to None, run_after=None
[2025-10-27T22:06:02.614-0300] {logging_mixin.py:188} INFO - [2025-10-27T22:06:02.614-0300] {dag.py:3954} INFO - Setting next_dagrun for example_xcom_args_with_operators to None, run_after=None
[2025-10-27T22:06:02.628-0300] {processor.py:183} INFO - Processing /home/joaosousa/projects/spotify-project/venv/lib/python3.12/site-packages/airflow/example_dags/example_xcomargs.py took 0.051 seconds
[2025-10-27T22:06:58.922-0300] {processor.py:161} INFO - Started process (PID=5611) to work on /home/joaosousa/projects/spotify-project/venv/lib/python3.12/site-packages/airflow/example_dags/example_xcomargs.py
[2025-10-27T22:06:58.924-0300] {processor.py:830} INFO - Processing file /home/joaosousa/projects/spotify-project/venv/lib/python3.12/site-packages/airflow/example_dags/example_xcomargs.py for tasks to queue
[2025-10-27T22:06:58.925-0300] {logging_mixin.py:188} INFO - [2025-10-27T22:06:58.925-0300] {dagbag.py:545} INFO - Filling up the DagBag from /home/joaosousa/projects/spotify-project/venv/lib/python3.12/site-packages/airflow/example_dags/example_xcomargs.py
[2025-10-27T22:06:58.931-0300] {processor.py:840} INFO - DAG(s) 'example_xcom_args', 'example_xcom_args_with_operators' retrieved from /home/joaosousa/projects/spotify-project/venv/lib/python3.12/site-packages/airflow/example_dags/example_xcomargs.py
[2025-10-27T22:06:58.944-0300] {logging_mixin.py:188} INFO - [2025-10-27T22:06:58.943-0300] {dag.py:3096} INFO - Sync 2 DAGs
[2025-10-27T22:06:58.951-0300] {logging_mixin.py:188} INFO - [2025-10-27T22:06:58.951-0300] {dag.py:3954} INFO - Setting next_dagrun for example_xcom_args to None, run_after=None
[2025-10-27T22:06:58.953-0300] {logging_mixin.py:188} INFO - [2025-10-27T22:06:58.953-0300] {dag.py:3954} INFO - Setting next_dagrun for example_xcom_args_with_operators to None, run_after=None
[2025-10-27T22:06:58.967-0300] {processor.py:183} INFO - Processing /home/joaosousa/projects/spotify-project/venv/lib/python3.12/site-packages/airflow/example_dags/example_xcomargs.py took 0.049 seconds
[2025-10-27T22:08:00.730-0300] {processor.py:161} INFO - Started process (PID=5705) to work on /home/joaosousa/projects/spotify-project/venv/lib/python3.12/site-packages/airflow/example_dags/example_xcomargs.py
[2025-10-27T22:08:00.731-0300] {processor.py:830} INFO - Processing file /home/joaosousa/projects/spotify-project/venv/lib/python3.12/site-packages/airflow/example_dags/example_xcomargs.py for tasks to queue
[2025-10-27T22:08:00.733-0300] {logging_mixin.py:188} INFO - [2025-10-27T22:08:00.732-0300] {dagbag.py:545} INFO - Filling up the DagBag from /home/joaosousa/projects/spotify-project/venv/lib/python3.12/site-packages/airflow/example_dags/example_xcomargs.py
[2025-10-27T22:08:00.739-0300] {processor.py:840} INFO - DAG(s) 'example_xcom_args', 'example_xcom_args_with_operators' retrieved from /home/joaosousa/projects/spotify-project/venv/lib/python3.12/site-packages/airflow/example_dags/example_xcomargs.py
[2025-10-27T22:08:00.752-0300] {logging_mixin.py:188} INFO - [2025-10-27T22:08:00.752-0300] {dag.py:3096} INFO - Sync 2 DAGs
[2025-10-27T22:08:00.760-0300] {logging_mixin.py:188} INFO - [2025-10-27T22:08:00.760-0300] {dag.py:3954} INFO - Setting next_dagrun for example_xcom_args to None, run_after=None
[2025-10-27T22:08:00.762-0300] {logging_mixin.py:188} INFO - [2025-10-27T22:08:00.762-0300] {dag.py:3954} INFO - Setting next_dagrun for example_xcom_args_with_operators to None, run_after=None
[2025-10-27T22:08:00.775-0300] {processor.py:183} INFO - Processing /home/joaosousa/projects/spotify-project/venv/lib/python3.12/site-packages/airflow/example_dags/example_xcomargs.py took 0.050 seconds
[2025-10-27T22:08:58.297-0300] {processor.py:161} INFO - Started process (PID=5813) to work on /home/joaosousa/projects/spotify-project/venv/lib/python3.12/site-packages/airflow/example_dags/example_xcomargs.py
[2025-10-27T22:08:58.299-0300] {processor.py:830} INFO - Processing file /home/joaosousa/projects/spotify-project/venv/lib/python3.12/site-packages/airflow/example_dags/example_xcomargs.py for tasks to queue
[2025-10-27T22:08:58.301-0300] {logging_mixin.py:188} INFO - [2025-10-27T22:08:58.300-0300] {dagbag.py:545} INFO - Filling up the DagBag from /home/joaosousa/projects/spotify-project/venv/lib/python3.12/site-packages/airflow/example_dags/example_xcomargs.py
[2025-10-27T22:08:58.307-0300] {processor.py:840} INFO - DAG(s) 'example_xcom_args_with_operators', 'example_xcom_args' retrieved from /home/joaosousa/projects/spotify-project/venv/lib/python3.12/site-packages/airflow/example_dags/example_xcomargs.py
[2025-10-27T22:08:58.320-0300] {logging_mixin.py:188} INFO - [2025-10-27T22:08:58.320-0300] {dag.py:3096} INFO - Sync 2 DAGs
[2025-10-27T22:08:58.327-0300] {logging_mixin.py:188} INFO - [2025-10-27T22:08:58.327-0300] {dag.py:3954} INFO - Setting next_dagrun for example_xcom_args to None, run_after=None
[2025-10-27T22:08:58.330-0300] {logging_mixin.py:188} INFO - [2025-10-27T22:08:58.330-0300] {dag.py:3954} INFO - Setting next_dagrun for example_xcom_args_with_operators to None, run_after=None
[2025-10-27T22:08:58.343-0300] {processor.py:183} INFO - Processing /home/joaosousa/projects/spotify-project/venv/lib/python3.12/site-packages/airflow/example_dags/example_xcomargs.py took 0.050 seconds
[2025-10-27T22:09:58.125-0300] {processor.py:161} INFO - Started process (PID=5901) to work on /home/joaosousa/projects/spotify-project/venv/lib/python3.12/site-packages/airflow/example_dags/example_xcomargs.py
[2025-10-27T22:09:58.127-0300] {processor.py:830} INFO - Processing file /home/joaosousa/projects/spotify-project/venv/lib/python3.12/site-packages/airflow/example_dags/example_xcomargs.py for tasks to queue
[2025-10-27T22:09:58.128-0300] {logging_mixin.py:188} INFO - [2025-10-27T22:09:58.128-0300] {dagbag.py:545} INFO - Filling up the DagBag from /home/joaosousa/projects/spotify-project/venv/lib/python3.12/site-packages/airflow/example_dags/example_xcomargs.py
[2025-10-27T22:09:58.134-0300] {processor.py:840} INFO - DAG(s) 'example_xcom_args_with_operators', 'example_xcom_args' retrieved from /home/joaosousa/projects/spotify-project/venv/lib/python3.12/site-packages/airflow/example_dags/example_xcomargs.py
[2025-10-27T22:09:58.147-0300] {logging_mixin.py:188} INFO - [2025-10-27T22:09:58.147-0300] {dag.py:3096} INFO - Sync 2 DAGs
[2025-10-27T22:09:58.155-0300] {logging_mixin.py:188} INFO - [2025-10-27T22:09:58.155-0300] {dag.py:3954} INFO - Setting next_dagrun for example_xcom_args to None, run_after=None
[2025-10-27T22:09:58.157-0300] {logging_mixin.py:188} INFO - [2025-10-27T22:09:58.157-0300] {dag.py:3954} INFO - Setting next_dagrun for example_xcom_args_with_operators to None, run_after=None
[2025-10-27T22:09:58.171-0300] {processor.py:183} INFO - Processing /home/joaosousa/projects/spotify-project/venv/lib/python3.12/site-packages/airflow/example_dags/example_xcomargs.py took 0.051 seconds
[2025-10-27T22:10:55.230-0300] {processor.py:161} INFO - Started process (PID=6009) to work on /home/joaosousa/projects/spotify-project/venv/lib/python3.12/site-packages/airflow/example_dags/example_xcomargs.py
[2025-10-27T22:10:55.232-0300] {processor.py:830} INFO - Processing file /home/joaosousa/projects/spotify-project/venv/lib/python3.12/site-packages/airflow/example_dags/example_xcomargs.py for tasks to queue
[2025-10-27T22:10:55.233-0300] {logging_mixin.py:188} INFO - [2025-10-27T22:10:55.233-0300] {dagbag.py:545} INFO - Filling up the DagBag from /home/joaosousa/projects/spotify-project/venv/lib/python3.12/site-packages/airflow/example_dags/example_xcomargs.py
[2025-10-27T22:10:55.240-0300] {processor.py:840} INFO - DAG(s) 'example_xcom_args', 'example_xcom_args_with_operators' retrieved from /home/joaosousa/projects/spotify-project/venv/lib/python3.12/site-packages/airflow/example_dags/example_xcomargs.py
[2025-10-27T22:10:55.254-0300] {logging_mixin.py:188} INFO - [2025-10-27T22:10:55.254-0300] {dag.py:3096} INFO - Sync 2 DAGs
[2025-10-27T22:10:55.263-0300] {logging_mixin.py:188} INFO - [2025-10-27T22:10:55.262-0300] {dag.py:3954} INFO - Setting next_dagrun for example_xcom_args to None, run_after=None
[2025-10-27T22:10:55.265-0300] {logging_mixin.py:188} INFO - [2025-10-27T22:10:55.265-0300] {dag.py:3954} INFO - Setting next_dagrun for example_xcom_args_with_operators to None, run_after=None
[2025-10-27T22:10:55.280-0300] {processor.py:183} INFO - Processing /home/joaosousa/projects/spotify-project/venv/lib/python3.12/site-packages/airflow/example_dags/example_xcomargs.py took 0.054 seconds
[2025-10-27T22:11:54.806-0300] {processor.py:161} INFO - Started process (PID=6097) to work on /home/joaosousa/projects/spotify-project/venv/lib/python3.12/site-packages/airflow/example_dags/example_xcomargs.py
[2025-10-27T22:11:54.808-0300] {processor.py:830} INFO - Processing file /home/joaosousa/projects/spotify-project/venv/lib/python3.12/site-packages/airflow/example_dags/example_xcomargs.py for tasks to queue
[2025-10-27T22:11:54.809-0300] {logging_mixin.py:188} INFO - [2025-10-27T22:11:54.809-0300] {dagbag.py:545} INFO - Filling up the DagBag from /home/joaosousa/projects/spotify-project/venv/lib/python3.12/site-packages/airflow/example_dags/example_xcomargs.py
[2025-10-27T22:11:54.816-0300] {processor.py:840} INFO - DAG(s) 'example_xcom_args_with_operators', 'example_xcom_args' retrieved from /home/joaosousa/projects/spotify-project/venv/lib/python3.12/site-packages/airflow/example_dags/example_xcomargs.py
[2025-10-27T22:11:54.831-0300] {logging_mixin.py:188} INFO - [2025-10-27T22:11:54.831-0300] {dag.py:3096} INFO - Sync 2 DAGs
[2025-10-27T22:11:54.839-0300] {logging_mixin.py:188} INFO - [2025-10-27T22:11:54.839-0300] {dag.py:3954} INFO - Setting next_dagrun for example_xcom_args to None, run_after=None
[2025-10-27T22:11:54.841-0300] {logging_mixin.py:188} INFO - [2025-10-27T22:11:54.841-0300] {dag.py:3954} INFO - Setting next_dagrun for example_xcom_args_with_operators to None, run_after=None
[2025-10-27T22:11:54.855-0300] {processor.py:183} INFO - Processing /home/joaosousa/projects/spotify-project/venv/lib/python3.12/site-packages/airflow/example_dags/example_xcomargs.py took 0.053 seconds
[2025-10-27T22:12:52.527-0300] {processor.py:161} INFO - Started process (PID=6226) to work on /home/joaosousa/projects/spotify-project/venv/lib/python3.12/site-packages/airflow/example_dags/example_xcomargs.py
[2025-10-27T22:12:52.529-0300] {processor.py:830} INFO - Processing file /home/joaosousa/projects/spotify-project/venv/lib/python3.12/site-packages/airflow/example_dags/example_xcomargs.py for tasks to queue
[2025-10-27T22:12:52.530-0300] {logging_mixin.py:188} INFO - [2025-10-27T22:12:52.530-0300] {dagbag.py:545} INFO - Filling up the DagBag from /home/joaosousa/projects/spotify-project/venv/lib/python3.12/site-packages/airflow/example_dags/example_xcomargs.py
[2025-10-27T22:12:52.537-0300] {processor.py:840} INFO - DAG(s) 'example_xcom_args_with_operators', 'example_xcom_args' retrieved from /home/joaosousa/projects/spotify-project/venv/lib/python3.12/site-packages/airflow/example_dags/example_xcomargs.py
[2025-10-27T22:12:52.550-0300] {logging_mixin.py:188} INFO - [2025-10-27T22:12:52.550-0300] {dag.py:3096} INFO - Sync 2 DAGs
[2025-10-27T22:12:52.560-0300] {logging_mixin.py:188} INFO - [2025-10-27T22:12:52.560-0300] {dag.py:3954} INFO - Setting next_dagrun for example_xcom_args to None, run_after=None
[2025-10-27T22:12:52.563-0300] {logging_mixin.py:188} INFO - [2025-10-27T22:12:52.563-0300] {dag.py:3954} INFO - Setting next_dagrun for example_xcom_args_with_operators to None, run_after=None
[2025-10-27T22:12:52.580-0300] {processor.py:183} INFO - Processing /home/joaosousa/projects/spotify-project/venv/lib/python3.12/site-packages/airflow/example_dags/example_xcomargs.py took 0.058 seconds
[2025-10-27T22:13:51.278-0300] {processor.py:161} INFO - Started process (PID=6311) to work on /home/joaosousa/projects/spotify-project/venv/lib/python3.12/site-packages/airflow/example_dags/example_xcomargs.py
[2025-10-27T22:13:51.279-0300] {processor.py:830} INFO - Processing file /home/joaosousa/projects/spotify-project/venv/lib/python3.12/site-packages/airflow/example_dags/example_xcomargs.py for tasks to queue
[2025-10-27T22:13:51.280-0300] {logging_mixin.py:188} INFO - [2025-10-27T22:13:51.280-0300] {dagbag.py:545} INFO - Filling up the DagBag from /home/joaosousa/projects/spotify-project/venv/lib/python3.12/site-packages/airflow/example_dags/example_xcomargs.py
[2025-10-27T22:13:51.287-0300] {processor.py:840} INFO - DAG(s) 'example_xcom_args_with_operators', 'example_xcom_args' retrieved from /home/joaosousa/projects/spotify-project/venv/lib/python3.12/site-packages/airflow/example_dags/example_xcomargs.py
[2025-10-27T22:13:51.299-0300] {logging_mixin.py:188} INFO - [2025-10-27T22:13:51.299-0300] {dag.py:3096} INFO - Sync 2 DAGs
[2025-10-27T22:13:51.307-0300] {logging_mixin.py:188} INFO - [2025-10-27T22:13:51.306-0300] {dag.py:3954} INFO - Setting next_dagrun for example_xcom_args to None, run_after=None
[2025-10-27T22:13:51.309-0300] {logging_mixin.py:188} INFO - [2025-10-27T22:13:51.309-0300] {dag.py:3954} INFO - Setting next_dagrun for example_xcom_args_with_operators to None, run_after=None
[2025-10-27T22:13:51.322-0300] {processor.py:183} INFO - Processing /home/joaosousa/projects/spotify-project/venv/lib/python3.12/site-packages/airflow/example_dags/example_xcomargs.py took 0.048 seconds
[2025-10-27T22:14:55.933-0300] {processor.py:161} INFO - Started process (PID=6425) to work on /home/joaosousa/projects/spotify-project/venv/lib/python3.12/site-packages/airflow/example_dags/example_xcomargs.py
[2025-10-27T22:14:55.935-0300] {processor.py:830} INFO - Processing file /home/joaosousa/projects/spotify-project/venv/lib/python3.12/site-packages/airflow/example_dags/example_xcomargs.py for tasks to queue
[2025-10-27T22:14:55.937-0300] {logging_mixin.py:188} INFO - [2025-10-27T22:14:55.937-0300] {dagbag.py:545} INFO - Filling up the DagBag from /home/joaosousa/projects/spotify-project/venv/lib/python3.12/site-packages/airflow/example_dags/example_xcomargs.py
[2025-10-27T22:14:55.943-0300] {processor.py:840} INFO - DAG(s) 'example_xcom_args_with_operators', 'example_xcom_args' retrieved from /home/joaosousa/projects/spotify-project/venv/lib/python3.12/site-packages/airflow/example_dags/example_xcomargs.py
[2025-10-27T22:14:55.955-0300] {logging_mixin.py:188} INFO - [2025-10-27T22:14:55.955-0300] {dag.py:3096} INFO - Sync 2 DAGs
[2025-10-27T22:14:55.963-0300] {logging_mixin.py:188} INFO - [2025-10-27T22:14:55.962-0300] {dag.py:3954} INFO - Setting next_dagrun for example_xcom_args to None, run_after=None
[2025-10-27T22:14:55.965-0300] {logging_mixin.py:188} INFO - [2025-10-27T22:14:55.965-0300] {dag.py:3954} INFO - Setting next_dagrun for example_xcom_args_with_operators to None, run_after=None
[2025-10-27T22:14:55.978-0300] {processor.py:183} INFO - Processing /home/joaosousa/projects/spotify-project/venv/lib/python3.12/site-packages/airflow/example_dags/example_xcomargs.py took 0.050 seconds
[2025-10-27T22:15:55.636-0300] {processor.py:161} INFO - Started process (PID=6513) to work on /home/joaosousa/projects/spotify-project/venv/lib/python3.12/site-packages/airflow/example_dags/example_xcomargs.py
[2025-10-27T22:15:55.637-0300] {processor.py:830} INFO - Processing file /home/joaosousa/projects/spotify-project/venv/lib/python3.12/site-packages/airflow/example_dags/example_xcomargs.py for tasks to queue
[2025-10-27T22:15:55.639-0300] {logging_mixin.py:188} INFO - [2025-10-27T22:15:55.638-0300] {dagbag.py:545} INFO - Filling up the DagBag from /home/joaosousa/projects/spotify-project/venv/lib/python3.12/site-packages/airflow/example_dags/example_xcomargs.py
[2025-10-27T22:15:55.644-0300] {processor.py:840} INFO - DAG(s) 'example_xcom_args_with_operators', 'example_xcom_args' retrieved from /home/joaosousa/projects/spotify-project/venv/lib/python3.12/site-packages/airflow/example_dags/example_xcomargs.py
[2025-10-27T22:15:55.656-0300] {logging_mixin.py:188} INFO - [2025-10-27T22:15:55.656-0300] {dag.py:3096} INFO - Sync 2 DAGs
[2025-10-27T22:15:55.664-0300] {logging_mixin.py:188} INFO - [2025-10-27T22:15:55.664-0300] {dag.py:3954} INFO - Setting next_dagrun for example_xcom_args to None, run_after=None
[2025-10-27T22:15:55.666-0300] {logging_mixin.py:188} INFO - [2025-10-27T22:15:55.666-0300] {dag.py:3954} INFO - Setting next_dagrun for example_xcom_args_with_operators to None, run_after=None
[2025-10-27T22:15:55.678-0300] {processor.py:183} INFO - Processing /home/joaosousa/projects/spotify-project/venv/lib/python3.12/site-packages/airflow/example_dags/example_xcomargs.py took 0.047 seconds
[2025-10-27T22:16:53.399-0300] {processor.py:161} INFO - Started process (PID=6646) to work on /home/joaosousa/projects/spotify-project/venv/lib/python3.12/site-packages/airflow/example_dags/example_xcomargs.py
[2025-10-27T22:16:53.401-0300] {processor.py:830} INFO - Processing file /home/joaosousa/projects/spotify-project/venv/lib/python3.12/site-packages/airflow/example_dags/example_xcomargs.py for tasks to queue
[2025-10-27T22:16:53.402-0300] {logging_mixin.py:188} INFO - [2025-10-27T22:16:53.402-0300] {dagbag.py:545} INFO - Filling up the DagBag from /home/joaosousa/projects/spotify-project/venv/lib/python3.12/site-packages/airflow/example_dags/example_xcomargs.py
[2025-10-27T22:16:53.408-0300] {processor.py:840} INFO - DAG(s) 'example_xcom_args_with_operators', 'example_xcom_args' retrieved from /home/joaosousa/projects/spotify-project/venv/lib/python3.12/site-packages/airflow/example_dags/example_xcomargs.py
[2025-10-27T22:16:53.420-0300] {logging_mixin.py:188} INFO - [2025-10-27T22:16:53.420-0300] {dag.py:3096} INFO - Sync 2 DAGs
[2025-10-27T22:16:53.427-0300] {logging_mixin.py:188} INFO - [2025-10-27T22:16:53.427-0300] {dag.py:3954} INFO - Setting next_dagrun for example_xcom_args to None, run_after=None
[2025-10-27T22:16:53.429-0300] {logging_mixin.py:188} INFO - [2025-10-27T22:16:53.429-0300] {dag.py:3954} INFO - Setting next_dagrun for example_xcom_args_with_operators to None, run_after=None
[2025-10-27T22:16:53.442-0300] {processor.py:183} INFO - Processing /home/joaosousa/projects/spotify-project/venv/lib/python3.12/site-packages/airflow/example_dags/example_xcomargs.py took 0.048 seconds
[2025-10-27T22:17:56.304-0300] {processor.py:161} INFO - Started process (PID=6751) to work on /home/joaosousa/projects/spotify-project/venv/lib/python3.12/site-packages/airflow/example_dags/example_xcomargs.py
[2025-10-27T22:17:56.306-0300] {processor.py:830} INFO - Processing file /home/joaosousa/projects/spotify-project/venv/lib/python3.12/site-packages/airflow/example_dags/example_xcomargs.py for tasks to queue
[2025-10-27T22:17:56.307-0300] {logging_mixin.py:188} INFO - [2025-10-27T22:17:56.307-0300] {dagbag.py:545} INFO - Filling up the DagBag from /home/joaosousa/projects/spotify-project/venv/lib/python3.12/site-packages/airflow/example_dags/example_xcomargs.py
[2025-10-27T22:17:56.313-0300] {processor.py:840} INFO - DAG(s) 'example_xcom_args', 'example_xcom_args_with_operators' retrieved from /home/joaosousa/projects/spotify-project/venv/lib/python3.12/site-packages/airflow/example_dags/example_xcomargs.py
[2025-10-27T22:17:56.325-0300] {logging_mixin.py:188} INFO - [2025-10-27T22:17:56.325-0300] {dag.py:3096} INFO - Sync 2 DAGs
[2025-10-27T22:17:56.333-0300] {logging_mixin.py:188} INFO - [2025-10-27T22:17:56.333-0300] {dag.py:3954} INFO - Setting next_dagrun for example_xcom_args to None, run_after=None
[2025-10-27T22:17:56.335-0300] {logging_mixin.py:188} INFO - [2025-10-27T22:17:56.335-0300] {dag.py:3954} INFO - Setting next_dagrun for example_xcom_args_with_operators to None, run_after=None
[2025-10-27T22:17:56.348-0300] {processor.py:183} INFO - Processing /home/joaosousa/projects/spotify-project/venv/lib/python3.12/site-packages/airflow/example_dags/example_xcomargs.py took 0.048 seconds
[2025-10-27T22:18:53.914-0300] {processor.py:161} INFO - Started process (PID=6874) to work on /home/joaosousa/projects/spotify-project/venv/lib/python3.12/site-packages/airflow/example_dags/example_xcomargs.py
[2025-10-27T22:18:53.915-0300] {processor.py:830} INFO - Processing file /home/joaosousa/projects/spotify-project/venv/lib/python3.12/site-packages/airflow/example_dags/example_xcomargs.py for tasks to queue
[2025-10-27T22:18:53.916-0300] {logging_mixin.py:188} INFO - [2025-10-27T22:18:53.916-0300] {dagbag.py:545} INFO - Filling up the DagBag from /home/joaosousa/projects/spotify-project/venv/lib/python3.12/site-packages/airflow/example_dags/example_xcomargs.py
[2025-10-27T22:18:53.922-0300] {processor.py:840} INFO - DAG(s) 'example_xcom_args_with_operators', 'example_xcom_args' retrieved from /home/joaosousa/projects/spotify-project/venv/lib/python3.12/site-packages/airflow/example_dags/example_xcomargs.py
[2025-10-27T22:18:53.934-0300] {logging_mixin.py:188} INFO - [2025-10-27T22:18:53.934-0300] {dag.py:3096} INFO - Sync 2 DAGs
[2025-10-27T22:18:53.942-0300] {logging_mixin.py:188} INFO - [2025-10-27T22:18:53.942-0300] {dag.py:3954} INFO - Setting next_dagrun for example_xcom_args to None, run_after=None
[2025-10-27T22:18:53.944-0300] {logging_mixin.py:188} INFO - [2025-10-27T22:18:53.944-0300] {dag.py:3954} INFO - Setting next_dagrun for example_xcom_args_with_operators to None, run_after=None
[2025-10-27T22:18:53.956-0300] {processor.py:183} INFO - Processing /home/joaosousa/projects/spotify-project/venv/lib/python3.12/site-packages/airflow/example_dags/example_xcomargs.py took 0.047 seconds
[2025-10-27T22:19:55.340-0300] {processor.py:161} INFO - Started process (PID=6963) to work on /home/joaosousa/projects/spotify-project/venv/lib/python3.12/site-packages/airflow/example_dags/example_xcomargs.py
[2025-10-27T22:19:55.342-0300] {processor.py:830} INFO - Processing file /home/joaosousa/projects/spotify-project/venv/lib/python3.12/site-packages/airflow/example_dags/example_xcomargs.py for tasks to queue
[2025-10-27T22:19:55.344-0300] {logging_mixin.py:188} INFO - [2025-10-27T22:19:55.343-0300] {dagbag.py:545} INFO - Filling up the DagBag from /home/joaosousa/projects/spotify-project/venv/lib/python3.12/site-packages/airflow/example_dags/example_xcomargs.py
[2025-10-27T22:19:55.351-0300] {processor.py:840} INFO - DAG(s) 'example_xcom_args', 'example_xcom_args_with_operators' retrieved from /home/joaosousa/projects/spotify-project/venv/lib/python3.12/site-packages/airflow/example_dags/example_xcomargs.py
[2025-10-27T22:19:55.365-0300] {logging_mixin.py:188} INFO - [2025-10-27T22:19:55.365-0300] {dag.py:3096} INFO - Sync 2 DAGs
[2025-10-27T22:19:55.374-0300] {logging_mixin.py:188} INFO - [2025-10-27T22:19:55.374-0300] {dag.py:3954} INFO - Setting next_dagrun for example_xcom_args to None, run_after=None
[2025-10-27T22:19:55.376-0300] {logging_mixin.py:188} INFO - [2025-10-27T22:19:55.376-0300] {dag.py:3954} INFO - Setting next_dagrun for example_xcom_args_with_operators to None, run_after=None
[2025-10-27T22:19:55.389-0300] {processor.py:183} INFO - Processing /home/joaosousa/projects/spotify-project/venv/lib/python3.12/site-packages/airflow/example_dags/example_xcomargs.py took 0.054 seconds
[2025-10-27T22:20:48.341-0300] {processor.py:161} INFO - Started process (PID=7068) to work on /home/joaosousa/projects/spotify-project/venv/lib/python3.12/site-packages/airflow/example_dags/example_xcomargs.py
[2025-10-27T22:20:48.344-0300] {processor.py:830} INFO - Processing file /home/joaosousa/projects/spotify-project/venv/lib/python3.12/site-packages/airflow/example_dags/example_xcomargs.py for tasks to queue
[2025-10-27T22:20:48.345-0300] {logging_mixin.py:188} INFO - [2025-10-27T22:20:48.345-0300] {dagbag.py:545} INFO - Filling up the DagBag from /home/joaosousa/projects/spotify-project/venv/lib/python3.12/site-packages/airflow/example_dags/example_xcomargs.py
[2025-10-27T22:20:48.352-0300] {processor.py:840} INFO - DAG(s) 'example_xcom_args', 'example_xcom_args_with_operators' retrieved from /home/joaosousa/projects/spotify-project/venv/lib/python3.12/site-packages/airflow/example_dags/example_xcomargs.py
[2025-10-27T22:20:48.366-0300] {logging_mixin.py:188} INFO - [2025-10-27T22:20:48.366-0300] {dag.py:3096} INFO - Sync 2 DAGs
[2025-10-27T22:20:48.374-0300] {logging_mixin.py:188} INFO - [2025-10-27T22:20:48.374-0300] {dag.py:3954} INFO - Setting next_dagrun for example_xcom_args to None, run_after=None
[2025-10-27T22:20:48.377-0300] {logging_mixin.py:188} INFO - [2025-10-27T22:20:48.377-0300] {dag.py:3954} INFO - Setting next_dagrun for example_xcom_args_with_operators to None, run_after=None
[2025-10-27T22:20:48.392-0300] {processor.py:183} INFO - Processing /home/joaosousa/projects/spotify-project/venv/lib/python3.12/site-packages/airflow/example_dags/example_xcomargs.py took 0.055 seconds
[2025-10-27T22:21:49.922-0300] {processor.py:161} INFO - Started process (PID=7156) to work on /home/joaosousa/projects/spotify-project/venv/lib/python3.12/site-packages/airflow/example_dags/example_xcomargs.py
[2025-10-27T22:21:49.923-0300] {processor.py:830} INFO - Processing file /home/joaosousa/projects/spotify-project/venv/lib/python3.12/site-packages/airflow/example_dags/example_xcomargs.py for tasks to queue
[2025-10-27T22:21:49.924-0300] {logging_mixin.py:188} INFO - [2025-10-27T22:21:49.924-0300] {dagbag.py:545} INFO - Filling up the DagBag from /home/joaosousa/projects/spotify-project/venv/lib/python3.12/site-packages/airflow/example_dags/example_xcomargs.py
[2025-10-27T22:21:49.930-0300] {processor.py:840} INFO - DAG(s) 'example_xcom_args_with_operators', 'example_xcom_args' retrieved from /home/joaosousa/projects/spotify-project/venv/lib/python3.12/site-packages/airflow/example_dags/example_xcomargs.py
[2025-10-27T22:21:49.943-0300] {logging_mixin.py:188} INFO - [2025-10-27T22:21:49.943-0300] {dag.py:3096} INFO - Sync 2 DAGs
[2025-10-27T22:21:49.951-0300] {logging_mixin.py:188} INFO - [2025-10-27T22:21:49.951-0300] {dag.py:3954} INFO - Setting next_dagrun for example_xcom_args to None, run_after=None
[2025-10-27T22:21:49.953-0300] {logging_mixin.py:188} INFO - [2025-10-27T22:21:49.953-0300] {dag.py:3954} INFO - Setting next_dagrun for example_xcom_args_with_operators to None, run_after=None
[2025-10-27T22:21:49.988-0300] {processor.py:183} INFO - Processing /home/joaosousa/projects/spotify-project/venv/lib/python3.12/site-packages/airflow/example_dags/example_xcomargs.py took 0.071 seconds
