[2025-10-27T21:31:02.578-0300] {processor.py:161} INFO - Started process (PID=1086) to work on /home/joaosousa/projects/spotify-project/venv/lib/python3.12/site-packages/airflow/example_dags/example_latest_only.py
[2025-10-27T21:31:02.578-0300] {processor.py:830} INFO - Processing file /home/joaosousa/projects/spotify-project/venv/lib/python3.12/site-packages/airflow/example_dags/example_latest_only.py for tasks to queue
[2025-10-27T21:31:02.580-0300] {logging_mixin.py:188} INFO - [2025-10-27T21:31:02.580-0300] {dagbag.py:545} INFO - Filling up the DagBag from /home/joaosousa/projects/spotify-project/venv/lib/python3.12/site-packages/airflow/example_dags/example_latest_only.py
[2025-10-27T21:31:02.586-0300] {processor.py:840} INFO - DAG(s) 'latest_only' retrieved from /home/joaosousa/projects/spotify-project/venv/lib/python3.12/site-packages/airflow/example_dags/example_latest_only.py
[2025-10-27T21:31:02.598-0300] {logging_mixin.py:188} INFO - [2025-10-27T21:31:02.597-0300] {dag.py:3096} INFO - Sync 1 DAGs
[2025-10-27T21:31:02.610-0300] {logging_mixin.py:188} INFO - [2025-10-27T21:31:02.609-0300] {dag.py:3954} INFO - Setting next_dagrun for latest_only to 2025-10-27 20:00:00+00:00, run_after=2025-10-28 00:00:00+00:00
[2025-10-27T21:31:02.625-0300] {processor.py:183} INFO - Processing /home/joaosousa/projects/spotify-project/venv/lib/python3.12/site-packages/airflow/example_dags/example_latest_only.py took 0.052 seconds
[2025-10-27T21:31:50.104-0300] {processor.py:161} INFO - Started process (PID=1164) to work on /home/joaosousa/projects/spotify-project/venv/lib/python3.12/site-packages/airflow/example_dags/example_latest_only.py
[2025-10-27T21:31:50.106-0300] {processor.py:830} INFO - Processing file /home/joaosousa/projects/spotify-project/venv/lib/python3.12/site-packages/airflow/example_dags/example_latest_only.py for tasks to queue
[2025-10-27T21:31:50.107-0300] {logging_mixin.py:188} INFO - [2025-10-27T21:31:50.107-0300] {dagbag.py:545} INFO - Filling up the DagBag from /home/joaosousa/projects/spotify-project/venv/lib/python3.12/site-packages/airflow/example_dags/example_latest_only.py
[2025-10-27T21:31:50.111-0300] {processor.py:840} INFO - DAG(s) 'latest_only' retrieved from /home/joaosousa/projects/spotify-project/venv/lib/python3.12/site-packages/airflow/example_dags/example_latest_only.py
[2025-10-27T21:31:50.121-0300] {logging_mixin.py:188} INFO - [2025-10-27T21:31:50.121-0300] {dag.py:3096} INFO - Sync 1 DAGs
[2025-10-27T21:31:50.133-0300] {logging_mixin.py:188} INFO - [2025-10-27T21:31:50.133-0300] {dag.py:3954} INFO - Setting next_dagrun for latest_only to 2025-10-27 20:00:00+00:00, run_after=2025-10-28 00:00:00+00:00
[2025-10-27T21:31:50.147-0300] {processor.py:183} INFO - Processing /home/joaosousa/projects/spotify-project/venv/lib/python3.12/site-packages/airflow/example_dags/example_latest_only.py took 0.046 seconds
[2025-10-27T21:32:43.114-0300] {processor.py:161} INFO - Started process (PID=1349) to work on /home/joaosousa/projects/spotify-project/venv/lib/python3.12/site-packages/airflow/example_dags/example_latest_only.py
[2025-10-27T21:32:43.115-0300] {processor.py:830} INFO - Processing file /home/joaosousa/projects/spotify-project/venv/lib/python3.12/site-packages/airflow/example_dags/example_latest_only.py for tasks to queue
[2025-10-27T21:32:43.117-0300] {logging_mixin.py:188} INFO - [2025-10-27T21:32:43.116-0300] {dagbag.py:545} INFO - Filling up the DagBag from /home/joaosousa/projects/spotify-project/venv/lib/python3.12/site-packages/airflow/example_dags/example_latest_only.py
[2025-10-27T21:32:43.121-0300] {processor.py:840} INFO - DAG(s) 'latest_only' retrieved from /home/joaosousa/projects/spotify-project/venv/lib/python3.12/site-packages/airflow/example_dags/example_latest_only.py
[2025-10-27T21:32:43.134-0300] {logging_mixin.py:188} INFO - [2025-10-27T21:32:43.133-0300] {dag.py:3096} INFO - Sync 1 DAGs
[2025-10-27T21:32:43.148-0300] {logging_mixin.py:188} INFO - [2025-10-27T21:32:43.147-0300] {dag.py:3954} INFO - Setting next_dagrun for latest_only to 2025-10-27 20:00:00+00:00, run_after=2025-10-28 00:00:00+00:00
[2025-10-27T21:32:43.165-0300] {processor.py:183} INFO - Processing /home/joaosousa/projects/spotify-project/venv/lib/python3.12/site-packages/airflow/example_dags/example_latest_only.py took 0.056 seconds
[2025-10-27T21:33:41.224-0300] {processor.py:161} INFO - Started process (PID=1457) to work on /home/joaosousa/projects/spotify-project/venv/lib/python3.12/site-packages/airflow/example_dags/example_latest_only.py
[2025-10-27T21:33:41.226-0300] {processor.py:830} INFO - Processing file /home/joaosousa/projects/spotify-project/venv/lib/python3.12/site-packages/airflow/example_dags/example_latest_only.py for tasks to queue
[2025-10-27T21:33:41.227-0300] {logging_mixin.py:188} INFO - [2025-10-27T21:33:41.227-0300] {dagbag.py:545} INFO - Filling up the DagBag from /home/joaosousa/projects/spotify-project/venv/lib/python3.12/site-packages/airflow/example_dags/example_latest_only.py
[2025-10-27T21:33:41.230-0300] {processor.py:840} INFO - DAG(s) 'latest_only' retrieved from /home/joaosousa/projects/spotify-project/venv/lib/python3.12/site-packages/airflow/example_dags/example_latest_only.py
[2025-10-27T21:33:41.241-0300] {logging_mixin.py:188} INFO - [2025-10-27T21:33:41.241-0300] {dag.py:3096} INFO - Sync 1 DAGs
[2025-10-27T21:33:41.253-0300] {logging_mixin.py:188} INFO - [2025-10-27T21:33:41.252-0300] {dag.py:3954} INFO - Setting next_dagrun for latest_only to 2025-10-27 20:00:00+00:00, run_after=2025-10-28 00:00:00+00:00
[2025-10-27T21:33:41.268-0300] {processor.py:183} INFO - Processing /home/joaosousa/projects/spotify-project/venv/lib/python3.12/site-packages/airflow/example_dags/example_latest_only.py took 0.048 seconds
[2025-10-27T21:34:27.860-0300] {processor.py:161} INFO - Started process (PID=1528) to work on /home/joaosousa/projects/spotify-project/venv/lib/python3.12/site-packages/airflow/example_dags/example_latest_only.py
[2025-10-27T21:34:27.862-0300] {processor.py:830} INFO - Processing file /home/joaosousa/projects/spotify-project/venv/lib/python3.12/site-packages/airflow/example_dags/example_latest_only.py for tasks to queue
[2025-10-27T21:34:27.863-0300] {logging_mixin.py:188} INFO - [2025-10-27T21:34:27.863-0300] {dagbag.py:545} INFO - Filling up the DagBag from /home/joaosousa/projects/spotify-project/venv/lib/python3.12/site-packages/airflow/example_dags/example_latest_only.py
[2025-10-27T21:34:27.867-0300] {processor.py:840} INFO - DAG(s) 'latest_only' retrieved from /home/joaosousa/projects/spotify-project/venv/lib/python3.12/site-packages/airflow/example_dags/example_latest_only.py
[2025-10-27T21:34:27.877-0300] {logging_mixin.py:188} INFO - [2025-10-27T21:34:27.877-0300] {dag.py:3096} INFO - Sync 1 DAGs
[2025-10-27T21:34:27.889-0300] {logging_mixin.py:188} INFO - [2025-10-27T21:34:27.889-0300] {dag.py:3954} INFO - Setting next_dagrun for latest_only to 2025-10-27 20:00:00+00:00, run_after=2025-10-28 00:00:00+00:00
[2025-10-27T21:34:27.903-0300] {processor.py:183} INFO - Processing /home/joaosousa/projects/spotify-project/venv/lib/python3.12/site-packages/airflow/example_dags/example_latest_only.py took 0.047 seconds
[2025-10-27T21:35:24.117-0300] {processor.py:161} INFO - Started process (PID=1613) to work on /home/joaosousa/projects/spotify-project/venv/lib/python3.12/site-packages/airflow/example_dags/example_latest_only.py
[2025-10-27T21:35:24.119-0300] {processor.py:830} INFO - Processing file /home/joaosousa/projects/spotify-project/venv/lib/python3.12/site-packages/airflow/example_dags/example_latest_only.py for tasks to queue
[2025-10-27T21:35:24.120-0300] {logging_mixin.py:188} INFO - [2025-10-27T21:35:24.120-0300] {dagbag.py:545} INFO - Filling up the DagBag from /home/joaosousa/projects/spotify-project/venv/lib/python3.12/site-packages/airflow/example_dags/example_latest_only.py
[2025-10-27T21:35:24.124-0300] {processor.py:840} INFO - DAG(s) 'latest_only' retrieved from /home/joaosousa/projects/spotify-project/venv/lib/python3.12/site-packages/airflow/example_dags/example_latest_only.py
[2025-10-27T21:35:24.135-0300] {logging_mixin.py:188} INFO - [2025-10-27T21:35:24.135-0300] {dag.py:3096} INFO - Sync 1 DAGs
[2025-10-27T21:35:24.147-0300] {logging_mixin.py:188} INFO - [2025-10-27T21:35:24.147-0300] {dag.py:3954} INFO - Setting next_dagrun for latest_only to 2025-10-27 20:00:00+00:00, run_after=2025-10-28 00:00:00+00:00
[2025-10-27T21:35:24.160-0300] {processor.py:183} INFO - Processing /home/joaosousa/projects/spotify-project/venv/lib/python3.12/site-packages/airflow/example_dags/example_latest_only.py took 0.048 seconds
[2025-10-27T21:36:32.728-0300] {processor.py:161} INFO - Started process (PID=1727) to work on /home/joaosousa/projects/spotify-project/venv/lib/python3.12/site-packages/airflow/example_dags/example_latest_only.py
[2025-10-27T21:36:32.730-0300] {processor.py:830} INFO - Processing file /home/joaosousa/projects/spotify-project/venv/lib/python3.12/site-packages/airflow/example_dags/example_latest_only.py for tasks to queue
[2025-10-27T21:36:32.731-0300] {logging_mixin.py:188} INFO - [2025-10-27T21:36:32.731-0300] {dagbag.py:545} INFO - Filling up the DagBag from /home/joaosousa/projects/spotify-project/venv/lib/python3.12/site-packages/airflow/example_dags/example_latest_only.py
[2025-10-27T21:36:32.735-0300] {processor.py:840} INFO - DAG(s) 'latest_only' retrieved from /home/joaosousa/projects/spotify-project/venv/lib/python3.12/site-packages/airflow/example_dags/example_latest_only.py
[2025-10-27T21:36:32.838-0300] {logging_mixin.py:188} INFO - [2025-10-27T21:36:32.838-0300] {dag.py:3096} INFO - Sync 1 DAGs
[2025-10-27T21:36:32.848-0300] {logging_mixin.py:188} INFO - [2025-10-27T21:36:32.848-0300] {dag.py:3954} INFO - Setting next_dagrun for latest_only to 2025-10-27 20:00:00+00:00, run_after=2025-10-28 00:00:00+00:00
[2025-10-27T21:36:32.865-0300] {processor.py:183} INFO - Processing /home/joaosousa/projects/spotify-project/venv/lib/python3.12/site-packages/airflow/example_dags/example_latest_only.py took 0.142 seconds
[2025-10-27T21:37:18.518-0300] {processor.py:161} INFO - Started process (PID=1799) to work on /home/joaosousa/projects/spotify-project/venv/lib/python3.12/site-packages/airflow/example_dags/example_latest_only.py
[2025-10-27T21:37:18.520-0300] {processor.py:830} INFO - Processing file /home/joaosousa/projects/spotify-project/venv/lib/python3.12/site-packages/airflow/example_dags/example_latest_only.py for tasks to queue
[2025-10-27T21:37:18.521-0300] {logging_mixin.py:188} INFO - [2025-10-27T21:37:18.521-0300] {dagbag.py:545} INFO - Filling up the DagBag from /home/joaosousa/projects/spotify-project/venv/lib/python3.12/site-packages/airflow/example_dags/example_latest_only.py
[2025-10-27T21:37:18.525-0300] {processor.py:840} INFO - DAG(s) 'latest_only' retrieved from /home/joaosousa/projects/spotify-project/venv/lib/python3.12/site-packages/airflow/example_dags/example_latest_only.py
[2025-10-27T21:37:18.536-0300] {logging_mixin.py:188} INFO - [2025-10-27T21:37:18.536-0300] {dag.py:3096} INFO - Sync 1 DAGs
[2025-10-27T21:37:18.549-0300] {logging_mixin.py:188} INFO - [2025-10-27T21:37:18.549-0300] {dag.py:3954} INFO - Setting next_dagrun for latest_only to 2025-10-27 20:00:00+00:00, run_after=2025-10-28 00:00:00+00:00
[2025-10-27T21:37:18.564-0300] {processor.py:183} INFO - Processing /home/joaosousa/projects/spotify-project/venv/lib/python3.12/site-packages/airflow/example_dags/example_latest_only.py took 0.051 seconds
[2025-10-27T21:38:01.722-0300] {processor.py:161} INFO - Started process (PID=1868) to work on /home/joaosousa/projects/spotify-project/venv/lib/python3.12/site-packages/airflow/example_dags/example_latest_only.py
[2025-10-27T21:38:01.724-0300] {processor.py:830} INFO - Processing file /home/joaosousa/projects/spotify-project/venv/lib/python3.12/site-packages/airflow/example_dags/example_latest_only.py for tasks to queue
[2025-10-27T21:38:01.725-0300] {logging_mixin.py:188} INFO - [2025-10-27T21:38:01.725-0300] {dagbag.py:545} INFO - Filling up the DagBag from /home/joaosousa/projects/spotify-project/venv/lib/python3.12/site-packages/airflow/example_dags/example_latest_only.py
[2025-10-27T21:38:01.729-0300] {processor.py:840} INFO - DAG(s) 'latest_only' retrieved from /home/joaosousa/projects/spotify-project/venv/lib/python3.12/site-packages/airflow/example_dags/example_latest_only.py
[2025-10-27T21:38:01.740-0300] {logging_mixin.py:188} INFO - [2025-10-27T21:38:01.740-0300] {dag.py:3096} INFO - Sync 1 DAGs
[2025-10-27T21:38:01.752-0300] {logging_mixin.py:188} INFO - [2025-10-27T21:38:01.752-0300] {dag.py:3954} INFO - Setting next_dagrun for latest_only to 2025-10-27 20:00:00+00:00, run_after=2025-10-28 00:00:00+00:00
[2025-10-27T21:38:01.768-0300] {processor.py:183} INFO - Processing /home/joaosousa/projects/spotify-project/venv/lib/python3.12/site-packages/airflow/example_dags/example_latest_only.py took 0.050 seconds
[2025-10-27T21:38:43.912-0300] {processor.py:161} INFO - Started process (PID=1942) to work on /home/joaosousa/projects/spotify-project/venv/lib/python3.12/site-packages/airflow/example_dags/example_latest_only.py
[2025-10-27T21:38:43.913-0300] {processor.py:830} INFO - Processing file /home/joaosousa/projects/spotify-project/venv/lib/python3.12/site-packages/airflow/example_dags/example_latest_only.py for tasks to queue
[2025-10-27T21:38:43.915-0300] {logging_mixin.py:188} INFO - [2025-10-27T21:38:43.915-0300] {dagbag.py:545} INFO - Filling up the DagBag from /home/joaosousa/projects/spotify-project/venv/lib/python3.12/site-packages/airflow/example_dags/example_latest_only.py
[2025-10-27T21:38:43.919-0300] {processor.py:840} INFO - DAG(s) 'latest_only' retrieved from /home/joaosousa/projects/spotify-project/venv/lib/python3.12/site-packages/airflow/example_dags/example_latest_only.py
[2025-10-27T21:38:43.929-0300] {logging_mixin.py:188} INFO - [2025-10-27T21:38:43.929-0300] {dag.py:3096} INFO - Sync 1 DAGs
[2025-10-27T21:38:43.941-0300] {logging_mixin.py:188} INFO - [2025-10-27T21:38:43.941-0300] {dag.py:3954} INFO - Setting next_dagrun for latest_only to 2025-10-27 20:00:00+00:00, run_after=2025-10-28 00:00:00+00:00
[2025-10-27T21:38:43.956-0300] {processor.py:183} INFO - Processing /home/joaosousa/projects/spotify-project/venv/lib/python3.12/site-packages/airflow/example_dags/example_latest_only.py took 0.050 seconds
[2025-10-27T21:39:38.086-0300] {processor.py:161} INFO - Started process (PID=2031) to work on /home/joaosousa/projects/spotify-project/venv/lib/python3.12/site-packages/airflow/example_dags/example_latest_only.py
[2025-10-27T21:39:38.087-0300] {processor.py:830} INFO - Processing file /home/joaosousa/projects/spotify-project/venv/lib/python3.12/site-packages/airflow/example_dags/example_latest_only.py for tasks to queue
[2025-10-27T21:39:38.089-0300] {logging_mixin.py:188} INFO - [2025-10-27T21:39:38.088-0300] {dagbag.py:545} INFO - Filling up the DagBag from /home/joaosousa/projects/spotify-project/venv/lib/python3.12/site-packages/airflow/example_dags/example_latest_only.py
[2025-10-27T21:39:38.092-0300] {processor.py:840} INFO - DAG(s) 'latest_only' retrieved from /home/joaosousa/projects/spotify-project/venv/lib/python3.12/site-packages/airflow/example_dags/example_latest_only.py
[2025-10-27T21:39:38.104-0300] {logging_mixin.py:188} INFO - [2025-10-27T21:39:38.104-0300] {dag.py:3096} INFO - Sync 1 DAGs
[2025-10-27T21:39:38.117-0300] {logging_mixin.py:188} INFO - [2025-10-27T21:39:38.117-0300] {dag.py:3954} INFO - Setting next_dagrun for latest_only to 2025-10-27 20:00:00+00:00, run_after=2025-10-28 00:00:00+00:00
[2025-10-27T21:39:38.131-0300] {processor.py:183} INFO - Processing /home/joaosousa/projects/spotify-project/venv/lib/python3.12/site-packages/airflow/example_dags/example_latest_only.py took 0.049 seconds
[2025-10-27T21:40:21.312-0300] {processor.py:161} INFO - Started process (PID=2103) to work on /home/joaosousa/projects/spotify-project/venv/lib/python3.12/site-packages/airflow/example_dags/example_latest_only.py
[2025-10-27T21:40:21.313-0300] {processor.py:830} INFO - Processing file /home/joaosousa/projects/spotify-project/venv/lib/python3.12/site-packages/airflow/example_dags/example_latest_only.py for tasks to queue
[2025-10-27T21:40:21.315-0300] {logging_mixin.py:188} INFO - [2025-10-27T21:40:21.314-0300] {dagbag.py:545} INFO - Filling up the DagBag from /home/joaosousa/projects/spotify-project/venv/lib/python3.12/site-packages/airflow/example_dags/example_latest_only.py
[2025-10-27T21:40:21.318-0300] {processor.py:840} INFO - DAG(s) 'latest_only' retrieved from /home/joaosousa/projects/spotify-project/venv/lib/python3.12/site-packages/airflow/example_dags/example_latest_only.py
[2025-10-27T21:40:21.332-0300] {logging_mixin.py:188} INFO - [2025-10-27T21:40:21.332-0300] {dag.py:3096} INFO - Sync 1 DAGs
[2025-10-27T21:40:21.345-0300] {logging_mixin.py:188} INFO - [2025-10-27T21:40:21.345-0300] {dag.py:3954} INFO - Setting next_dagrun for latest_only to 2025-10-27 20:00:00+00:00, run_after=2025-10-28 00:00:00+00:00
[2025-10-27T21:40:21.360-0300] {processor.py:183} INFO - Processing /home/joaosousa/projects/spotify-project/venv/lib/python3.12/site-packages/airflow/example_dags/example_latest_only.py took 0.053 seconds
