[2025-10-27T21:31:18.655-0300] {processor.py:161} INFO - Started process (PID=1105) to work on /home/joaosousa/projects/spotify-project/venv/lib/python3.12/site-packages/airflow/example_dags/example_branch_operator_decorator.py
[2025-10-27T21:31:18.656-0300] {processor.py:830} INFO - Processing file /home/joaosousa/projects/spotify-project/venv/lib/python3.12/site-packages/airflow/example_dags/example_branch_operator_decorator.py for tasks to queue
[2025-10-27T21:31:18.657-0300] {logging_mixin.py:188} INFO - [2025-10-27T21:31:18.657-0300] {dagbag.py:545} INFO - Filling up the DagBag from /home/joaosousa/projects/spotify-project/venv/lib/python3.12/site-packages/airflow/example_dags/example_branch_operator_decorator.py
[2025-10-27T21:31:18.689-0300] {processor.py:842} WARNING - No viable dags retrieved from /home/joaosousa/projects/spotify-project/venv/lib/python3.12/site-packages/airflow/example_dags/example_branch_operator_decorator.py
[2025-10-27T21:31:18.697-0300] {processor.py:183} INFO - Processing /home/joaosousa/projects/spotify-project/venv/lib/python3.12/site-packages/airflow/example_dags/example_branch_operator_decorator.py took 0.045 seconds
[2025-10-27T21:32:17.504-0300] {processor.py:161} INFO - Started process (PID=1322) to work on /home/joaosousa/projects/spotify-project/venv/lib/python3.12/site-packages/airflow/example_dags/example_branch_operator_decorator.py
[2025-10-27T21:32:17.506-0300] {processor.py:830} INFO - Processing file /home/joaosousa/projects/spotify-project/venv/lib/python3.12/site-packages/airflow/example_dags/example_branch_operator_decorator.py for tasks to queue
[2025-10-27T21:32:17.507-0300] {logging_mixin.py:188} INFO - [2025-10-27T21:32:17.507-0300] {dagbag.py:545} INFO - Filling up the DagBag from /home/joaosousa/projects/spotify-project/venv/lib/python3.12/site-packages/airflow/example_dags/example_branch_operator_decorator.py
[2025-10-27T21:32:17.543-0300] {processor.py:842} WARNING - No viable dags retrieved from /home/joaosousa/projects/spotify-project/venv/lib/python3.12/site-packages/airflow/example_dags/example_branch_operator_decorator.py
[2025-10-27T21:32:17.553-0300] {processor.py:183} INFO - Processing /home/joaosousa/projects/spotify-project/venv/lib/python3.12/site-packages/airflow/example_dags/example_branch_operator_decorator.py took 0.054 seconds
[2025-10-27T21:33:10.231-0300] {processor.py:161} INFO - Started process (PID=1400) to work on /home/joaosousa/projects/spotify-project/venv/lib/python3.12/site-packages/airflow/example_dags/example_branch_operator_decorator.py
[2025-10-27T21:33:10.233-0300] {processor.py:830} INFO - Processing file /home/joaosousa/projects/spotify-project/venv/lib/python3.12/site-packages/airflow/example_dags/example_branch_operator_decorator.py for tasks to queue
[2025-10-27T21:33:10.234-0300] {logging_mixin.py:188} INFO - [2025-10-27T21:33:10.234-0300] {dagbag.py:545} INFO - Filling up the DagBag from /home/joaosousa/projects/spotify-project/venv/lib/python3.12/site-packages/airflow/example_dags/example_branch_operator_decorator.py
[2025-10-27T21:33:10.267-0300] {processor.py:842} WARNING - No viable dags retrieved from /home/joaosousa/projects/spotify-project/venv/lib/python3.12/site-packages/airflow/example_dags/example_branch_operator_decorator.py
[2025-10-27T21:33:10.275-0300] {processor.py:183} INFO - Processing /home/joaosousa/projects/spotify-project/venv/lib/python3.12/site-packages/airflow/example_dags/example_branch_operator_decorator.py took 0.048 seconds
[2025-10-27T21:34:11.204-0300] {processor.py:161} INFO - Started process (PID=1488) to work on /home/joaosousa/projects/spotify-project/venv/lib/python3.12/site-packages/airflow/example_dags/example_branch_operator_decorator.py
[2025-10-27T21:34:11.205-0300] {processor.py:830} INFO - Processing file /home/joaosousa/projects/spotify-project/venv/lib/python3.12/site-packages/airflow/example_dags/example_branch_operator_decorator.py for tasks to queue
[2025-10-27T21:34:11.206-0300] {logging_mixin.py:188} INFO - [2025-10-27T21:34:11.206-0300] {dagbag.py:545} INFO - Filling up the DagBag from /home/joaosousa/projects/spotify-project/venv/lib/python3.12/site-packages/airflow/example_dags/example_branch_operator_decorator.py
[2025-10-27T21:34:11.239-0300] {processor.py:842} WARNING - No viable dags retrieved from /home/joaosousa/projects/spotify-project/venv/lib/python3.12/site-packages/airflow/example_dags/example_branch_operator_decorator.py
[2025-10-27T21:34:11.246-0300] {processor.py:183} INFO - Processing /home/joaosousa/projects/spotify-project/venv/lib/python3.12/site-packages/airflow/example_dags/example_branch_operator_decorator.py took 0.047 seconds
[2025-10-27T21:35:09.384-0300] {processor.py:161} INFO - Started process (PID=1598) to work on /home/joaosousa/projects/spotify-project/venv/lib/python3.12/site-packages/airflow/example_dags/example_branch_operator_decorator.py
[2025-10-27T21:35:09.386-0300] {processor.py:830} INFO - Processing file /home/joaosousa/projects/spotify-project/venv/lib/python3.12/site-packages/airflow/example_dags/example_branch_operator_decorator.py for tasks to queue
[2025-10-27T21:35:09.387-0300] {logging_mixin.py:188} INFO - [2025-10-27T21:35:09.387-0300] {dagbag.py:545} INFO - Filling up the DagBag from /home/joaosousa/projects/spotify-project/venv/lib/python3.12/site-packages/airflow/example_dags/example_branch_operator_decorator.py
[2025-10-27T21:35:09.419-0300] {processor.py:842} WARNING - No viable dags retrieved from /home/joaosousa/projects/spotify-project/venv/lib/python3.12/site-packages/airflow/example_dags/example_branch_operator_decorator.py
[2025-10-27T21:35:09.427-0300] {processor.py:183} INFO - Processing /home/joaosousa/projects/spotify-project/venv/lib/python3.12/site-packages/airflow/example_dags/example_branch_operator_decorator.py took 0.047 seconds
[2025-10-27T21:36:17.296-0300] {processor.py:161} INFO - Started process (PID=1690) to work on /home/joaosousa/projects/spotify-project/venv/lib/python3.12/site-packages/airflow/example_dags/example_branch_operator_decorator.py
[2025-10-27T21:36:17.298-0300] {processor.py:830} INFO - Processing file /home/joaosousa/projects/spotify-project/venv/lib/python3.12/site-packages/airflow/example_dags/example_branch_operator_decorator.py for tasks to queue
[2025-10-27T21:36:17.299-0300] {logging_mixin.py:188} INFO - [2025-10-27T21:36:17.299-0300] {dagbag.py:545} INFO - Filling up the DagBag from /home/joaosousa/projects/spotify-project/venv/lib/python3.12/site-packages/airflow/example_dags/example_branch_operator_decorator.py
[2025-10-27T21:36:17.332-0300] {processor.py:842} WARNING - No viable dags retrieved from /home/joaosousa/projects/spotify-project/venv/lib/python3.12/site-packages/airflow/example_dags/example_branch_operator_decorator.py
[2025-10-27T21:36:17.342-0300] {processor.py:183} INFO - Processing /home/joaosousa/projects/spotify-project/venv/lib/python3.12/site-packages/airflow/example_dags/example_branch_operator_decorator.py took 0.050 seconds
[2025-10-27T21:37:26.434-0300] {processor.py:161} INFO - Started process (PID=1807) to work on /home/joaosousa/projects/spotify-project/venv/lib/python3.12/site-packages/airflow/example_dags/example_branch_operator_decorator.py
[2025-10-27T21:37:26.436-0300] {processor.py:830} INFO - Processing file /home/joaosousa/projects/spotify-project/venv/lib/python3.12/site-packages/airflow/example_dags/example_branch_operator_decorator.py for tasks to queue
[2025-10-27T21:37:26.437-0300] {logging_mixin.py:188} INFO - [2025-10-27T21:37:26.437-0300] {dagbag.py:545} INFO - Filling up the DagBag from /home/joaosousa/projects/spotify-project/venv/lib/python3.12/site-packages/airflow/example_dags/example_branch_operator_decorator.py
[2025-10-27T21:37:26.470-0300] {processor.py:842} WARNING - No viable dags retrieved from /home/joaosousa/projects/spotify-project/venv/lib/python3.12/site-packages/airflow/example_dags/example_branch_operator_decorator.py
[2025-10-27T21:37:26.480-0300] {processor.py:183} INFO - Processing /home/joaosousa/projects/spotify-project/venv/lib/python3.12/site-packages/airflow/example_dags/example_branch_operator_decorator.py took 0.050 seconds
[2025-10-27T21:38:31.479-0300] {processor.py:161} INFO - Started process (PID=1905) to work on /home/joaosousa/projects/spotify-project/venv/lib/python3.12/site-packages/airflow/example_dags/example_branch_operator_decorator.py
[2025-10-27T21:38:31.480-0300] {processor.py:830} INFO - Processing file /home/joaosousa/projects/spotify-project/venv/lib/python3.12/site-packages/airflow/example_dags/example_branch_operator_decorator.py for tasks to queue
[2025-10-27T21:38:31.481-0300] {logging_mixin.py:188} INFO - [2025-10-27T21:38:31.481-0300] {dagbag.py:545} INFO - Filling up the DagBag from /home/joaosousa/projects/spotify-project/venv/lib/python3.12/site-packages/airflow/example_dags/example_branch_operator_decorator.py
[2025-10-27T21:38:31.516-0300] {processor.py:842} WARNING - No viable dags retrieved from /home/joaosousa/projects/spotify-project/venv/lib/python3.12/site-packages/airflow/example_dags/example_branch_operator_decorator.py
[2025-10-27T21:38:31.525-0300] {processor.py:183} INFO - Processing /home/joaosousa/projects/spotify-project/venv/lib/python3.12/site-packages/airflow/example_dags/example_branch_operator_decorator.py took 0.050 seconds
[2025-10-27T21:39:23.817-0300] {processor.py:161} INFO - Started process (PID=2001) to work on /home/joaosousa/projects/spotify-project/venv/lib/python3.12/site-packages/airflow/example_dags/example_branch_operator_decorator.py
[2025-10-27T21:39:23.819-0300] {processor.py:830} INFO - Processing file /home/joaosousa/projects/spotify-project/venv/lib/python3.12/site-packages/airflow/example_dags/example_branch_operator_decorator.py for tasks to queue
[2025-10-27T21:39:23.820-0300] {logging_mixin.py:188} INFO - [2025-10-27T21:39:23.820-0300] {dagbag.py:545} INFO - Filling up the DagBag from /home/joaosousa/projects/spotify-project/venv/lib/python3.12/site-packages/airflow/example_dags/example_branch_operator_decorator.py
[2025-10-27T21:39:23.849-0300] {processor.py:842} WARNING - No viable dags retrieved from /home/joaosousa/projects/spotify-project/venv/lib/python3.12/site-packages/airflow/example_dags/example_branch_operator_decorator.py
[2025-10-27T21:39:23.856-0300] {processor.py:183} INFO - Processing /home/joaosousa/projects/spotify-project/venv/lib/python3.12/site-packages/airflow/example_dags/example_branch_operator_decorator.py took 0.044 seconds
[2025-10-27T21:40:28.454-0300] {processor.py:161} INFO - Started process (PID=2112) to work on /home/joaosousa/projects/spotify-project/venv/lib/python3.12/site-packages/airflow/example_dags/example_branch_operator_decorator.py
[2025-10-27T21:40:28.455-0300] {processor.py:830} INFO - Processing file /home/joaosousa/projects/spotify-project/venv/lib/python3.12/site-packages/airflow/example_dags/example_branch_operator_decorator.py for tasks to queue
[2025-10-27T21:40:28.457-0300] {logging_mixin.py:188} INFO - [2025-10-27T21:40:28.456-0300] {dagbag.py:545} INFO - Filling up the DagBag from /home/joaosousa/projects/spotify-project/venv/lib/python3.12/site-packages/airflow/example_dags/example_branch_operator_decorator.py
[2025-10-27T21:40:28.491-0300] {processor.py:842} WARNING - No viable dags retrieved from /home/joaosousa/projects/spotify-project/venv/lib/python3.12/site-packages/airflow/example_dags/example_branch_operator_decorator.py
[2025-10-27T21:40:28.499-0300] {processor.py:183} INFO - Processing /home/joaosousa/projects/spotify-project/venv/lib/python3.12/site-packages/airflow/example_dags/example_branch_operator_decorator.py took 0.050 seconds
[2025-10-27T21:41:28.570-0300] {processor.py:161} INFO - Started process (PID=2210) to work on /home/joaosousa/projects/spotify-project/venv/lib/python3.12/site-packages/airflow/example_dags/example_branch_operator_decorator.py
[2025-10-27T21:41:28.572-0300] {processor.py:830} INFO - Processing file /home/joaosousa/projects/spotify-project/venv/lib/python3.12/site-packages/airflow/example_dags/example_branch_operator_decorator.py for tasks to queue
[2025-10-27T21:41:28.574-0300] {logging_mixin.py:188} INFO - [2025-10-27T21:41:28.573-0300] {dagbag.py:545} INFO - Filling up the DagBag from /home/joaosousa/projects/spotify-project/venv/lib/python3.12/site-packages/airflow/example_dags/example_branch_operator_decorator.py
[2025-10-27T21:41:28.608-0300] {processor.py:842} WARNING - No viable dags retrieved from /home/joaosousa/projects/spotify-project/venv/lib/python3.12/site-packages/airflow/example_dags/example_branch_operator_decorator.py
[2025-10-27T21:41:28.617-0300] {processor.py:183} INFO - Processing /home/joaosousa/projects/spotify-project/venv/lib/python3.12/site-packages/airflow/example_dags/example_branch_operator_decorator.py took 0.051 seconds
[2025-10-27T21:42:27.710-0300] {processor.py:161} INFO - Started process (PID=2416) to work on /home/joaosousa/projects/spotify-project/venv/lib/python3.12/site-packages/airflow/example_dags/example_branch_operator_decorator.py
[2025-10-27T21:42:27.712-0300] {processor.py:830} INFO - Processing file /home/joaosousa/projects/spotify-project/venv/lib/python3.12/site-packages/airflow/example_dags/example_branch_operator_decorator.py for tasks to queue
[2025-10-27T21:42:27.714-0300] {logging_mixin.py:188} INFO - [2025-10-27T21:42:27.713-0300] {dagbag.py:545} INFO - Filling up the DagBag from /home/joaosousa/projects/spotify-project/venv/lib/python3.12/site-packages/airflow/example_dags/example_branch_operator_decorator.py
[2025-10-27T21:42:27.743-0300] {processor.py:842} WARNING - No viable dags retrieved from /home/joaosousa/projects/spotify-project/venv/lib/python3.12/site-packages/airflow/example_dags/example_branch_operator_decorator.py
[2025-10-27T21:42:27.754-0300] {processor.py:183} INFO - Processing /home/joaosousa/projects/spotify-project/venv/lib/python3.12/site-packages/airflow/example_dags/example_branch_operator_decorator.py took 0.048 seconds
[2025-10-27T21:43:28.164-0300] {processor.py:161} INFO - Started process (PID=2531) to work on /home/joaosousa/projects/spotify-project/venv/lib/python3.12/site-packages/airflow/example_dags/example_branch_operator_decorator.py
[2025-10-27T21:43:28.166-0300] {processor.py:830} INFO - Processing file /home/joaosousa/projects/spotify-project/venv/lib/python3.12/site-packages/airflow/example_dags/example_branch_operator_decorator.py for tasks to queue
[2025-10-27T21:43:28.168-0300] {logging_mixin.py:188} INFO - [2025-10-27T21:43:28.167-0300] {dagbag.py:545} INFO - Filling up the DagBag from /home/joaosousa/projects/spotify-project/venv/lib/python3.12/site-packages/airflow/example_dags/example_branch_operator_decorator.py
[2025-10-27T21:43:28.199-0300] {processor.py:842} WARNING - No viable dags retrieved from /home/joaosousa/projects/spotify-project/venv/lib/python3.12/site-packages/airflow/example_dags/example_branch_operator_decorator.py
[2025-10-27T21:43:28.208-0300] {processor.py:183} INFO - Processing /home/joaosousa/projects/spotify-project/venv/lib/python3.12/site-packages/airflow/example_dags/example_branch_operator_decorator.py took 0.048 seconds
[2025-10-27T21:44:27.249-0300] {processor.py:161} INFO - Started process (PID=2635) to work on /home/joaosousa/projects/spotify-project/venv/lib/python3.12/site-packages/airflow/example_dags/example_branch_operator_decorator.py
[2025-10-27T21:44:27.251-0300] {processor.py:830} INFO - Processing file /home/joaosousa/projects/spotify-project/venv/lib/python3.12/site-packages/airflow/example_dags/example_branch_operator_decorator.py for tasks to queue
[2025-10-27T21:44:27.253-0300] {logging_mixin.py:188} INFO - [2025-10-27T21:44:27.252-0300] {dagbag.py:545} INFO - Filling up the DagBag from /home/joaosousa/projects/spotify-project/venv/lib/python3.12/site-packages/airflow/example_dags/example_branch_operator_decorator.py
[2025-10-27T21:44:27.284-0300] {processor.py:842} WARNING - No viable dags retrieved from /home/joaosousa/projects/spotify-project/venv/lib/python3.12/site-packages/airflow/example_dags/example_branch_operator_decorator.py
[2025-10-27T21:44:27.291-0300] {processor.py:183} INFO - Processing /home/joaosousa/projects/spotify-project/venv/lib/python3.12/site-packages/airflow/example_dags/example_branch_operator_decorator.py took 0.047 seconds
[2025-10-27T21:45:26.421-0300] {processor.py:161} INFO - Started process (PID=2942) to work on /home/joaosousa/projects/spotify-project/venv/lib/python3.12/site-packages/airflow/example_dags/example_branch_operator_decorator.py
[2025-10-27T21:45:26.422-0300] {processor.py:830} INFO - Processing file /home/joaosousa/projects/spotify-project/venv/lib/python3.12/site-packages/airflow/example_dags/example_branch_operator_decorator.py for tasks to queue
[2025-10-27T21:45:26.424-0300] {logging_mixin.py:188} INFO - [2025-10-27T21:45:26.423-0300] {dagbag.py:545} INFO - Filling up the DagBag from /home/joaosousa/projects/spotify-project/venv/lib/python3.12/site-packages/airflow/example_dags/example_branch_operator_decorator.py
[2025-10-27T21:45:26.458-0300] {processor.py:842} WARNING - No viable dags retrieved from /home/joaosousa/projects/spotify-project/venv/lib/python3.12/site-packages/airflow/example_dags/example_branch_operator_decorator.py
[2025-10-27T21:45:26.466-0300] {processor.py:183} INFO - Processing /home/joaosousa/projects/spotify-project/venv/lib/python3.12/site-packages/airflow/example_dags/example_branch_operator_decorator.py took 0.050 seconds
[2025-10-27T21:46:27.812-0300] {processor.py:161} INFO - Started process (PID=3045) to work on /home/joaosousa/projects/spotify-project/venv/lib/python3.12/site-packages/airflow/example_dags/example_branch_operator_decorator.py
[2025-10-27T21:46:27.814-0300] {processor.py:830} INFO - Processing file /home/joaosousa/projects/spotify-project/venv/lib/python3.12/site-packages/airflow/example_dags/example_branch_operator_decorator.py for tasks to queue
[2025-10-27T21:46:27.816-0300] {logging_mixin.py:188} INFO - [2025-10-27T21:46:27.815-0300] {dagbag.py:545} INFO - Filling up the DagBag from /home/joaosousa/projects/spotify-project/venv/lib/python3.12/site-packages/airflow/example_dags/example_branch_operator_decorator.py
[2025-10-27T21:46:27.848-0300] {processor.py:842} WARNING - No viable dags retrieved from /home/joaosousa/projects/spotify-project/venv/lib/python3.12/site-packages/airflow/example_dags/example_branch_operator_decorator.py
[2025-10-27T21:46:27.855-0300] {processor.py:183} INFO - Processing /home/joaosousa/projects/spotify-project/venv/lib/python3.12/site-packages/airflow/example_dags/example_branch_operator_decorator.py took 0.047 seconds
[2025-10-27T21:47:34.355-0300] {processor.py:161} INFO - Started process (PID=3189) to work on /home/joaosousa/projects/spotify-project/venv/lib/python3.12/site-packages/airflow/example_dags/example_branch_operator_decorator.py
[2025-10-27T21:47:34.357-0300] {processor.py:830} INFO - Processing file /home/joaosousa/projects/spotify-project/venv/lib/python3.12/site-packages/airflow/example_dags/example_branch_operator_decorator.py for tasks to queue
[2025-10-27T21:47:34.359-0300] {logging_mixin.py:188} INFO - [2025-10-27T21:47:34.359-0300] {dagbag.py:545} INFO - Filling up the DagBag from /home/joaosousa/projects/spotify-project/venv/lib/python3.12/site-packages/airflow/example_dags/example_branch_operator_decorator.py
[2025-10-27T21:47:34.393-0300] {processor.py:842} WARNING - No viable dags retrieved from /home/joaosousa/projects/spotify-project/venv/lib/python3.12/site-packages/airflow/example_dags/example_branch_operator_decorator.py
[2025-10-27T21:47:34.401-0300] {processor.py:183} INFO - Processing /home/joaosousa/projects/spotify-project/venv/lib/python3.12/site-packages/airflow/example_dags/example_branch_operator_decorator.py took 0.050 seconds
[2025-10-27T21:48:37.989-0300] {processor.py:161} INFO - Started process (PID=3516) to work on /home/joaosousa/projects/spotify-project/venv/lib/python3.12/site-packages/airflow/example_dags/example_branch_operator_decorator.py
[2025-10-27T21:48:37.991-0300] {processor.py:830} INFO - Processing file /home/joaosousa/projects/spotify-project/venv/lib/python3.12/site-packages/airflow/example_dags/example_branch_operator_decorator.py for tasks to queue
[2025-10-27T21:48:37.993-0300] {logging_mixin.py:188} INFO - [2025-10-27T21:48:37.992-0300] {dagbag.py:545} INFO - Filling up the DagBag from /home/joaosousa/projects/spotify-project/venv/lib/python3.12/site-packages/airflow/example_dags/example_branch_operator_decorator.py
[2025-10-27T21:48:38.027-0300] {processor.py:842} WARNING - No viable dags retrieved from /home/joaosousa/projects/spotify-project/venv/lib/python3.12/site-packages/airflow/example_dags/example_branch_operator_decorator.py
[2025-10-27T21:48:38.035-0300] {processor.py:183} INFO - Processing /home/joaosousa/projects/spotify-project/venv/lib/python3.12/site-packages/airflow/example_dags/example_branch_operator_decorator.py took 0.052 seconds
[2025-10-27T21:49:36.610-0300] {processor.py:161} INFO - Started process (PID=3614) to work on /home/joaosousa/projects/spotify-project/venv/lib/python3.12/site-packages/airflow/example_dags/example_branch_operator_decorator.py
[2025-10-27T21:49:36.612-0300] {processor.py:830} INFO - Processing file /home/joaosousa/projects/spotify-project/venv/lib/python3.12/site-packages/airflow/example_dags/example_branch_operator_decorator.py for tasks to queue
[2025-10-27T21:49:36.613-0300] {logging_mixin.py:188} INFO - [2025-10-27T21:49:36.613-0300] {dagbag.py:545} INFO - Filling up the DagBag from /home/joaosousa/projects/spotify-project/venv/lib/python3.12/site-packages/airflow/example_dags/example_branch_operator_decorator.py
[2025-10-27T21:49:36.648-0300] {processor.py:842} WARNING - No viable dags retrieved from /home/joaosousa/projects/spotify-project/venv/lib/python3.12/site-packages/airflow/example_dags/example_branch_operator_decorator.py
[2025-10-27T21:49:36.657-0300] {processor.py:183} INFO - Processing /home/joaosousa/projects/spotify-project/venv/lib/python3.12/site-packages/airflow/example_dags/example_branch_operator_decorator.py took 0.052 seconds
[2025-10-27T21:50:39.538-0300] {processor.py:161} INFO - Started process (PID=3718) to work on /home/joaosousa/projects/spotify-project/venv/lib/python3.12/site-packages/airflow/example_dags/example_branch_operator_decorator.py
[2025-10-27T21:50:39.540-0300] {processor.py:830} INFO - Processing file /home/joaosousa/projects/spotify-project/venv/lib/python3.12/site-packages/airflow/example_dags/example_branch_operator_decorator.py for tasks to queue
[2025-10-27T21:50:39.541-0300] {logging_mixin.py:188} INFO - [2025-10-27T21:50:39.541-0300] {dagbag.py:545} INFO - Filling up the DagBag from /home/joaosousa/projects/spotify-project/venv/lib/python3.12/site-packages/airflow/example_dags/example_branch_operator_decorator.py
[2025-10-27T21:50:39.575-0300] {processor.py:842} WARNING - No viable dags retrieved from /home/joaosousa/projects/spotify-project/venv/lib/python3.12/site-packages/airflow/example_dags/example_branch_operator_decorator.py
[2025-10-27T21:50:39.583-0300] {processor.py:183} INFO - Processing /home/joaosousa/projects/spotify-project/venv/lib/python3.12/site-packages/airflow/example_dags/example_branch_operator_decorator.py took 0.050 seconds
[2025-10-27T21:51:43.624-0300] {processor.py:161} INFO - Started process (PID=3849) to work on /home/joaosousa/projects/spotify-project/venv/lib/python3.12/site-packages/airflow/example_dags/example_branch_operator_decorator.py
[2025-10-27T21:51:43.626-0300] {processor.py:830} INFO - Processing file /home/joaosousa/projects/spotify-project/venv/lib/python3.12/site-packages/airflow/example_dags/example_branch_operator_decorator.py for tasks to queue
[2025-10-27T21:51:43.627-0300] {logging_mixin.py:188} INFO - [2025-10-27T21:51:43.627-0300] {dagbag.py:545} INFO - Filling up the DagBag from /home/joaosousa/projects/spotify-project/venv/lib/python3.12/site-packages/airflow/example_dags/example_branch_operator_decorator.py
[2025-10-27T21:51:43.659-0300] {processor.py:842} WARNING - No viable dags retrieved from /home/joaosousa/projects/spotify-project/venv/lib/python3.12/site-packages/airflow/example_dags/example_branch_operator_decorator.py
[2025-10-27T21:51:43.668-0300] {processor.py:183} INFO - Processing /home/joaosousa/projects/spotify-project/venv/lib/python3.12/site-packages/airflow/example_dags/example_branch_operator_decorator.py took 0.050 seconds
[2025-10-27T21:52:47.111-0300] {processor.py:161} INFO - Started process (PID=3981) to work on /home/joaosousa/projects/spotify-project/venv/lib/python3.12/site-packages/airflow/example_dags/example_branch_operator_decorator.py
[2025-10-27T21:52:47.112-0300] {processor.py:830} INFO - Processing file /home/joaosousa/projects/spotify-project/venv/lib/python3.12/site-packages/airflow/example_dags/example_branch_operator_decorator.py for tasks to queue
[2025-10-27T21:52:47.114-0300] {logging_mixin.py:188} INFO - [2025-10-27T21:52:47.113-0300] {dagbag.py:545} INFO - Filling up the DagBag from /home/joaosousa/projects/spotify-project/venv/lib/python3.12/site-packages/airflow/example_dags/example_branch_operator_decorator.py
[2025-10-27T21:52:47.148-0300] {processor.py:842} WARNING - No viable dags retrieved from /home/joaosousa/projects/spotify-project/venv/lib/python3.12/site-packages/airflow/example_dags/example_branch_operator_decorator.py
[2025-10-27T21:52:47.158-0300] {processor.py:183} INFO - Processing /home/joaosousa/projects/spotify-project/venv/lib/python3.12/site-packages/airflow/example_dags/example_branch_operator_decorator.py took 0.052 seconds
[2025-10-27T21:53:45.081-0300] {processor.py:161} INFO - Started process (PID=4100) to work on /home/joaosousa/projects/spotify-project/venv/lib/python3.12/site-packages/airflow/example_dags/example_branch_operator_decorator.py
[2025-10-27T21:53:45.083-0300] {processor.py:830} INFO - Processing file /home/joaosousa/projects/spotify-project/venv/lib/python3.12/site-packages/airflow/example_dags/example_branch_operator_decorator.py for tasks to queue
[2025-10-27T21:53:45.084-0300] {logging_mixin.py:188} INFO - [2025-10-27T21:53:45.084-0300] {dagbag.py:545} INFO - Filling up the DagBag from /home/joaosousa/projects/spotify-project/venv/lib/python3.12/site-packages/airflow/example_dags/example_branch_operator_decorator.py
[2025-10-27T21:53:45.113-0300] {processor.py:842} WARNING - No viable dags retrieved from /home/joaosousa/projects/spotify-project/venv/lib/python3.12/site-packages/airflow/example_dags/example_branch_operator_decorator.py
[2025-10-27T21:53:45.121-0300] {processor.py:183} INFO - Processing /home/joaosousa/projects/spotify-project/venv/lib/python3.12/site-packages/airflow/example_dags/example_branch_operator_decorator.py took 0.045 seconds
[2025-10-27T21:54:51.210-0300] {processor.py:161} INFO - Started process (PID=4232) to work on /home/joaosousa/projects/spotify-project/venv/lib/python3.12/site-packages/airflow/example_dags/example_branch_operator_decorator.py
[2025-10-27T21:54:51.211-0300] {processor.py:830} INFO - Processing file /home/joaosousa/projects/spotify-project/venv/lib/python3.12/site-packages/airflow/example_dags/example_branch_operator_decorator.py for tasks to queue
[2025-10-27T21:54:51.213-0300] {logging_mixin.py:188} INFO - [2025-10-27T21:54:51.212-0300] {dagbag.py:545} INFO - Filling up the DagBag from /home/joaosousa/projects/spotify-project/venv/lib/python3.12/site-packages/airflow/example_dags/example_branch_operator_decorator.py
[2025-10-27T21:54:51.248-0300] {processor.py:842} WARNING - No viable dags retrieved from /home/joaosousa/projects/spotify-project/venv/lib/python3.12/site-packages/airflow/example_dags/example_branch_operator_decorator.py
[2025-10-27T21:54:51.256-0300] {processor.py:183} INFO - Processing /home/joaosousa/projects/spotify-project/venv/lib/python3.12/site-packages/airflow/example_dags/example_branch_operator_decorator.py took 0.051 seconds
[2025-10-27T21:55:53.714-0300] {processor.py:161} INFO - Started process (PID=4334) to work on /home/joaosousa/projects/spotify-project/venv/lib/python3.12/site-packages/airflow/example_dags/example_branch_operator_decorator.py
[2025-10-27T21:55:53.716-0300] {processor.py:830} INFO - Processing file /home/joaosousa/projects/spotify-project/venv/lib/python3.12/site-packages/airflow/example_dags/example_branch_operator_decorator.py for tasks to queue
[2025-10-27T21:55:53.717-0300] {logging_mixin.py:188} INFO - [2025-10-27T21:55:53.717-0300] {dagbag.py:545} INFO - Filling up the DagBag from /home/joaosousa/projects/spotify-project/venv/lib/python3.12/site-packages/airflow/example_dags/example_branch_operator_decorator.py
[2025-10-27T21:55:53.746-0300] {processor.py:842} WARNING - No viable dags retrieved from /home/joaosousa/projects/spotify-project/venv/lib/python3.12/site-packages/airflow/example_dags/example_branch_operator_decorator.py
[2025-10-27T21:55:53.753-0300] {processor.py:183} INFO - Processing /home/joaosousa/projects/spotify-project/venv/lib/python3.12/site-packages/airflow/example_dags/example_branch_operator_decorator.py took 0.044 seconds
[2025-10-27T21:56:57.122-0300] {processor.py:161} INFO - Started process (PID=4509) to work on /home/joaosousa/projects/spotify-project/venv/lib/python3.12/site-packages/airflow/example_dags/example_branch_operator_decorator.py
[2025-10-27T21:56:57.124-0300] {processor.py:830} INFO - Processing file /home/joaosousa/projects/spotify-project/venv/lib/python3.12/site-packages/airflow/example_dags/example_branch_operator_decorator.py for tasks to queue
[2025-10-27T21:56:57.125-0300] {logging_mixin.py:188} INFO - [2025-10-27T21:56:57.125-0300] {dagbag.py:545} INFO - Filling up the DagBag from /home/joaosousa/projects/spotify-project/venv/lib/python3.12/site-packages/airflow/example_dags/example_branch_operator_decorator.py
[2025-10-27T21:56:57.160-0300] {processor.py:842} WARNING - No viable dags retrieved from /home/joaosousa/projects/spotify-project/venv/lib/python3.12/site-packages/airflow/example_dags/example_branch_operator_decorator.py
[2025-10-27T21:56:57.170-0300] {processor.py:183} INFO - Processing /home/joaosousa/projects/spotify-project/venv/lib/python3.12/site-packages/airflow/example_dags/example_branch_operator_decorator.py took 0.053 seconds
[2025-10-27T21:57:56.575-0300] {processor.py:161} INFO - Started process (PID=4638) to work on /home/joaosousa/projects/spotify-project/venv/lib/python3.12/site-packages/airflow/example_dags/example_branch_operator_decorator.py
[2025-10-27T21:57:56.577-0300] {processor.py:830} INFO - Processing file /home/joaosousa/projects/spotify-project/venv/lib/python3.12/site-packages/airflow/example_dags/example_branch_operator_decorator.py for tasks to queue
[2025-10-27T21:57:56.578-0300] {logging_mixin.py:188} INFO - [2025-10-27T21:57:56.578-0300] {dagbag.py:545} INFO - Filling up the DagBag from /home/joaosousa/projects/spotify-project/venv/lib/python3.12/site-packages/airflow/example_dags/example_branch_operator_decorator.py
[2025-10-27T21:57:56.608-0300] {processor.py:842} WARNING - No viable dags retrieved from /home/joaosousa/projects/spotify-project/venv/lib/python3.12/site-packages/airflow/example_dags/example_branch_operator_decorator.py
[2025-10-27T21:57:56.615-0300] {processor.py:183} INFO - Processing /home/joaosousa/projects/spotify-project/venv/lib/python3.12/site-packages/airflow/example_dags/example_branch_operator_decorator.py took 0.046 seconds
[2025-10-27T21:58:55.911-0300] {processor.py:161} INFO - Started process (PID=4738) to work on /home/joaosousa/projects/spotify-project/venv/lib/python3.12/site-packages/airflow/example_dags/example_branch_operator_decorator.py
[2025-10-27T21:58:55.913-0300] {processor.py:830} INFO - Processing file /home/joaosousa/projects/spotify-project/venv/lib/python3.12/site-packages/airflow/example_dags/example_branch_operator_decorator.py for tasks to queue
[2025-10-27T21:58:55.914-0300] {logging_mixin.py:188} INFO - [2025-10-27T21:58:55.914-0300] {dagbag.py:545} INFO - Filling up the DagBag from /home/joaosousa/projects/spotify-project/venv/lib/python3.12/site-packages/airflow/example_dags/example_branch_operator_decorator.py
[2025-10-27T21:58:55.944-0300] {processor.py:842} WARNING - No viable dags retrieved from /home/joaosousa/projects/spotify-project/venv/lib/python3.12/site-packages/airflow/example_dags/example_branch_operator_decorator.py
[2025-10-27T21:58:55.952-0300] {processor.py:183} INFO - Processing /home/joaosousa/projects/spotify-project/venv/lib/python3.12/site-packages/airflow/example_dags/example_branch_operator_decorator.py took 0.045 seconds
[2025-10-27T21:59:58.549-0300] {processor.py:161} INFO - Started process (PID=4859) to work on /home/joaosousa/projects/spotify-project/venv/lib/python3.12/site-packages/airflow/example_dags/example_branch_operator_decorator.py
[2025-10-27T21:59:58.551-0300] {processor.py:830} INFO - Processing file /home/joaosousa/projects/spotify-project/venv/lib/python3.12/site-packages/airflow/example_dags/example_branch_operator_decorator.py for tasks to queue
[2025-10-27T21:59:58.552-0300] {logging_mixin.py:188} INFO - [2025-10-27T21:59:58.552-0300] {dagbag.py:545} INFO - Filling up the DagBag from /home/joaosousa/projects/spotify-project/venv/lib/python3.12/site-packages/airflow/example_dags/example_branch_operator_decorator.py
[2025-10-27T21:59:58.584-0300] {processor.py:842} WARNING - No viable dags retrieved from /home/joaosousa/projects/spotify-project/venv/lib/python3.12/site-packages/airflow/example_dags/example_branch_operator_decorator.py
[2025-10-27T21:59:58.592-0300] {processor.py:183} INFO - Processing /home/joaosousa/projects/spotify-project/venv/lib/python3.12/site-packages/airflow/example_dags/example_branch_operator_decorator.py took 0.048 seconds
[2025-10-27T22:01:05.069-0300] {processor.py:161} INFO - Started process (PID=4981) to work on /home/joaosousa/projects/spotify-project/venv/lib/python3.12/site-packages/airflow/example_dags/example_branch_operator_decorator.py
[2025-10-27T22:01:05.069-0300] {processor.py:830} INFO - Processing file /home/joaosousa/projects/spotify-project/venv/lib/python3.12/site-packages/airflow/example_dags/example_branch_operator_decorator.py for tasks to queue
[2025-10-27T22:01:05.071-0300] {logging_mixin.py:188} INFO - [2025-10-27T22:01:05.070-0300] {dagbag.py:545} INFO - Filling up the DagBag from /home/joaosousa/projects/spotify-project/venv/lib/python3.12/site-packages/airflow/example_dags/example_branch_operator_decorator.py
[2025-10-27T22:01:05.106-0300] {processor.py:842} WARNING - No viable dags retrieved from /home/joaosousa/projects/spotify-project/venv/lib/python3.12/site-packages/airflow/example_dags/example_branch_operator_decorator.py
[2025-10-27T22:01:05.114-0300] {processor.py:183} INFO - Processing /home/joaosousa/projects/spotify-project/venv/lib/python3.12/site-packages/airflow/example_dags/example_branch_operator_decorator.py took 0.050 seconds
[2025-10-27T22:02:04.163-0300] {processor.py:161} INFO - Started process (PID=5071) to work on /home/joaosousa/projects/spotify-project/venv/lib/python3.12/site-packages/airflow/example_dags/example_branch_operator_decorator.py
[2025-10-27T22:02:04.164-0300] {processor.py:830} INFO - Processing file /home/joaosousa/projects/spotify-project/venv/lib/python3.12/site-packages/airflow/example_dags/example_branch_operator_decorator.py for tasks to queue
[2025-10-27T22:02:04.165-0300] {logging_mixin.py:188} INFO - [2025-10-27T22:02:04.165-0300] {dagbag.py:545} INFO - Filling up the DagBag from /home/joaosousa/projects/spotify-project/venv/lib/python3.12/site-packages/airflow/example_dags/example_branch_operator_decorator.py
[2025-10-27T22:02:04.199-0300] {processor.py:842} WARNING - No viable dags retrieved from /home/joaosousa/projects/spotify-project/venv/lib/python3.12/site-packages/airflow/example_dags/example_branch_operator_decorator.py
[2025-10-27T22:02:04.208-0300] {processor.py:183} INFO - Processing /home/joaosousa/projects/spotify-project/venv/lib/python3.12/site-packages/airflow/example_dags/example_branch_operator_decorator.py took 0.050 seconds
[2025-10-27T22:03:05.332-0300] {processor.py:161} INFO - Started process (PID=5194) to work on /home/joaosousa/projects/spotify-project/venv/lib/python3.12/site-packages/airflow/example_dags/example_branch_operator_decorator.py
[2025-10-27T22:03:05.334-0300] {processor.py:830} INFO - Processing file /home/joaosousa/projects/spotify-project/venv/lib/python3.12/site-packages/airflow/example_dags/example_branch_operator_decorator.py for tasks to queue
[2025-10-27T22:03:05.336-0300] {logging_mixin.py:188} INFO - [2025-10-27T22:03:05.335-0300] {dagbag.py:545} INFO - Filling up the DagBag from /home/joaosousa/projects/spotify-project/venv/lib/python3.12/site-packages/airflow/example_dags/example_branch_operator_decorator.py
[2025-10-27T22:03:05.371-0300] {processor.py:842} WARNING - No viable dags retrieved from /home/joaosousa/projects/spotify-project/venv/lib/python3.12/site-packages/airflow/example_dags/example_branch_operator_decorator.py
[2025-10-27T22:03:05.379-0300] {processor.py:183} INFO - Processing /home/joaosousa/projects/spotify-project/venv/lib/python3.12/site-packages/airflow/example_dags/example_branch_operator_decorator.py took 0.052 seconds
[2025-10-27T22:04:03.924-0300] {processor.py:161} INFO - Started process (PID=5288) to work on /home/joaosousa/projects/spotify-project/venv/lib/python3.12/site-packages/airflow/example_dags/example_branch_operator_decorator.py
[2025-10-27T22:04:03.926-0300] {processor.py:830} INFO - Processing file /home/joaosousa/projects/spotify-project/venv/lib/python3.12/site-packages/airflow/example_dags/example_branch_operator_decorator.py for tasks to queue
[2025-10-27T22:04:03.928-0300] {logging_mixin.py:188} INFO - [2025-10-27T22:04:03.927-0300] {dagbag.py:545} INFO - Filling up the DagBag from /home/joaosousa/projects/spotify-project/venv/lib/python3.12/site-packages/airflow/example_dags/example_branch_operator_decorator.py
[2025-10-27T22:04:03.960-0300] {processor.py:842} WARNING - No viable dags retrieved from /home/joaosousa/projects/spotify-project/venv/lib/python3.12/site-packages/airflow/example_dags/example_branch_operator_decorator.py
[2025-10-27T22:04:03.968-0300] {processor.py:183} INFO - Processing /home/joaosousa/projects/spotify-project/venv/lib/python3.12/site-packages/airflow/example_dags/example_branch_operator_decorator.py took 0.047 seconds
[2025-10-27T22:05:03.389-0300] {processor.py:161} INFO - Started process (PID=5405) to work on /home/joaosousa/projects/spotify-project/venv/lib/python3.12/site-packages/airflow/example_dags/example_branch_operator_decorator.py
[2025-10-27T22:05:03.391-0300] {processor.py:830} INFO - Processing file /home/joaosousa/projects/spotify-project/venv/lib/python3.12/site-packages/airflow/example_dags/example_branch_operator_decorator.py for tasks to queue
[2025-10-27T22:05:03.393-0300] {logging_mixin.py:188} INFO - [2025-10-27T22:05:03.392-0300] {dagbag.py:545} INFO - Filling up the DagBag from /home/joaosousa/projects/spotify-project/venv/lib/python3.12/site-packages/airflow/example_dags/example_branch_operator_decorator.py
[2025-10-27T22:05:03.427-0300] {processor.py:842} WARNING - No viable dags retrieved from /home/joaosousa/projects/spotify-project/venv/lib/python3.12/site-packages/airflow/example_dags/example_branch_operator_decorator.py
[2025-10-27T22:05:03.434-0300] {processor.py:183} INFO - Processing /home/joaosousa/projects/spotify-project/venv/lib/python3.12/site-packages/airflow/example_dags/example_branch_operator_decorator.py took 0.049 seconds
[2025-10-27T22:06:03.286-0300] {processor.py:161} INFO - Started process (PID=5493) to work on /home/joaosousa/projects/spotify-project/venv/lib/python3.12/site-packages/airflow/example_dags/example_branch_operator_decorator.py
[2025-10-27T22:06:03.287-0300] {processor.py:830} INFO - Processing file /home/joaosousa/projects/spotify-project/venv/lib/python3.12/site-packages/airflow/example_dags/example_branch_operator_decorator.py for tasks to queue
[2025-10-27T22:06:03.289-0300] {logging_mixin.py:188} INFO - [2025-10-27T22:06:03.288-0300] {dagbag.py:545} INFO - Filling up the DagBag from /home/joaosousa/projects/spotify-project/venv/lib/python3.12/site-packages/airflow/example_dags/example_branch_operator_decorator.py
[2025-10-27T22:06:03.322-0300] {processor.py:842} WARNING - No viable dags retrieved from /home/joaosousa/projects/spotify-project/venv/lib/python3.12/site-packages/airflow/example_dags/example_branch_operator_decorator.py
[2025-10-27T22:06:03.330-0300] {processor.py:183} INFO - Processing /home/joaosousa/projects/spotify-project/venv/lib/python3.12/site-packages/airflow/example_dags/example_branch_operator_decorator.py took 0.049 seconds
[2025-10-27T22:07:00.645-0300] {processor.py:161} INFO - Started process (PID=5615) to work on /home/joaosousa/projects/spotify-project/venv/lib/python3.12/site-packages/airflow/example_dags/example_branch_operator_decorator.py
[2025-10-27T22:07:00.647-0300] {processor.py:830} INFO - Processing file /home/joaosousa/projects/spotify-project/venv/lib/python3.12/site-packages/airflow/example_dags/example_branch_operator_decorator.py for tasks to queue
[2025-10-27T22:07:00.648-0300] {logging_mixin.py:188} INFO - [2025-10-27T22:07:00.648-0300] {dagbag.py:545} INFO - Filling up the DagBag from /home/joaosousa/projects/spotify-project/venv/lib/python3.12/site-packages/airflow/example_dags/example_branch_operator_decorator.py
[2025-10-27T22:07:00.680-0300] {processor.py:842} WARNING - No viable dags retrieved from /home/joaosousa/projects/spotify-project/venv/lib/python3.12/site-packages/airflow/example_dags/example_branch_operator_decorator.py
[2025-10-27T22:07:00.687-0300] {processor.py:183} INFO - Processing /home/joaosousa/projects/spotify-project/venv/lib/python3.12/site-packages/airflow/example_dags/example_branch_operator_decorator.py took 0.047 seconds
[2025-10-27T22:08:01.154-0300] {processor.py:161} INFO - Started process (PID=5707) to work on /home/joaosousa/projects/spotify-project/venv/lib/python3.12/site-packages/airflow/example_dags/example_branch_operator_decorator.py
[2025-10-27T22:08:01.156-0300] {processor.py:830} INFO - Processing file /home/joaosousa/projects/spotify-project/venv/lib/python3.12/site-packages/airflow/example_dags/example_branch_operator_decorator.py for tasks to queue
[2025-10-27T22:08:01.158-0300] {logging_mixin.py:188} INFO - [2025-10-27T22:08:01.157-0300] {dagbag.py:545} INFO - Filling up the DagBag from /home/joaosousa/projects/spotify-project/venv/lib/python3.12/site-packages/airflow/example_dags/example_branch_operator_decorator.py
[2025-10-27T22:08:01.192-0300] {processor.py:842} WARNING - No viable dags retrieved from /home/joaosousa/projects/spotify-project/venv/lib/python3.12/site-packages/airflow/example_dags/example_branch_operator_decorator.py
[2025-10-27T22:08:01.201-0300] {processor.py:183} INFO - Processing /home/joaosousa/projects/spotify-project/venv/lib/python3.12/site-packages/airflow/example_dags/example_branch_operator_decorator.py took 0.051 seconds
[2025-10-27T22:09:00.266-0300] {processor.py:161} INFO - Started process (PID=5815) to work on /home/joaosousa/projects/spotify-project/venv/lib/python3.12/site-packages/airflow/example_dags/example_branch_operator_decorator.py
[2025-10-27T22:09:00.268-0300] {processor.py:830} INFO - Processing file /home/joaosousa/projects/spotify-project/venv/lib/python3.12/site-packages/airflow/example_dags/example_branch_operator_decorator.py for tasks to queue
[2025-10-27T22:09:00.269-0300] {logging_mixin.py:188} INFO - [2025-10-27T22:09:00.269-0300] {dagbag.py:545} INFO - Filling up the DagBag from /home/joaosousa/projects/spotify-project/venv/lib/python3.12/site-packages/airflow/example_dags/example_branch_operator_decorator.py
[2025-10-27T22:09:00.303-0300] {processor.py:842} WARNING - No viable dags retrieved from /home/joaosousa/projects/spotify-project/venv/lib/python3.12/site-packages/airflow/example_dags/example_branch_operator_decorator.py
[2025-10-27T22:09:00.311-0300] {processor.py:183} INFO - Processing /home/joaosousa/projects/spotify-project/venv/lib/python3.12/site-packages/airflow/example_dags/example_branch_operator_decorator.py took 0.049 seconds
[2025-10-27T22:10:00.393-0300] {processor.py:161} INFO - Started process (PID=5903) to work on /home/joaosousa/projects/spotify-project/venv/lib/python3.12/site-packages/airflow/example_dags/example_branch_operator_decorator.py
[2025-10-27T22:10:00.395-0300] {processor.py:830} INFO - Processing file /home/joaosousa/projects/spotify-project/venv/lib/python3.12/site-packages/airflow/example_dags/example_branch_operator_decorator.py for tasks to queue
[2025-10-27T22:10:00.396-0300] {logging_mixin.py:188} INFO - [2025-10-27T22:10:00.395-0300] {dagbag.py:545} INFO - Filling up the DagBag from /home/joaosousa/projects/spotify-project/venv/lib/python3.12/site-packages/airflow/example_dags/example_branch_operator_decorator.py
[2025-10-27T22:10:00.431-0300] {processor.py:842} WARNING - No viable dags retrieved from /home/joaosousa/projects/spotify-project/venv/lib/python3.12/site-packages/airflow/example_dags/example_branch_operator_decorator.py
[2025-10-27T22:10:00.440-0300] {processor.py:183} INFO - Processing /home/joaosousa/projects/spotify-project/venv/lib/python3.12/site-packages/airflow/example_dags/example_branch_operator_decorator.py took 0.052 seconds
[2025-10-27T22:10:56.846-0300] {processor.py:161} INFO - Started process (PID=6011) to work on /home/joaosousa/projects/spotify-project/venv/lib/python3.12/site-packages/airflow/example_dags/example_branch_operator_decorator.py
[2025-10-27T22:10:56.847-0300] {processor.py:830} INFO - Processing file /home/joaosousa/projects/spotify-project/venv/lib/python3.12/site-packages/airflow/example_dags/example_branch_operator_decorator.py for tasks to queue
[2025-10-27T22:10:56.848-0300] {logging_mixin.py:188} INFO - [2025-10-27T22:10:56.848-0300] {dagbag.py:545} INFO - Filling up the DagBag from /home/joaosousa/projects/spotify-project/venv/lib/python3.12/site-packages/airflow/example_dags/example_branch_operator_decorator.py
[2025-10-27T22:10:56.882-0300] {processor.py:842} WARNING - No viable dags retrieved from /home/joaosousa/projects/spotify-project/venv/lib/python3.12/site-packages/airflow/example_dags/example_branch_operator_decorator.py
[2025-10-27T22:10:56.891-0300] {processor.py:183} INFO - Processing /home/joaosousa/projects/spotify-project/venv/lib/python3.12/site-packages/airflow/example_dags/example_branch_operator_decorator.py took 0.050 seconds
[2025-10-27T22:11:55.564-0300] {processor.py:161} INFO - Started process (PID=6099) to work on /home/joaosousa/projects/spotify-project/venv/lib/python3.12/site-packages/airflow/example_dags/example_branch_operator_decorator.py
[2025-10-27T22:11:55.566-0300] {processor.py:830} INFO - Processing file /home/joaosousa/projects/spotify-project/venv/lib/python3.12/site-packages/airflow/example_dags/example_branch_operator_decorator.py for tasks to queue
[2025-10-27T22:11:55.568-0300] {logging_mixin.py:188} INFO - [2025-10-27T22:11:55.567-0300] {dagbag.py:545} INFO - Filling up the DagBag from /home/joaosousa/projects/spotify-project/venv/lib/python3.12/site-packages/airflow/example_dags/example_branch_operator_decorator.py
[2025-10-27T22:11:55.600-0300] {processor.py:842} WARNING - No viable dags retrieved from /home/joaosousa/projects/spotify-project/venv/lib/python3.12/site-packages/airflow/example_dags/example_branch_operator_decorator.py
[2025-10-27T22:11:55.608-0300] {processor.py:183} INFO - Processing /home/joaosousa/projects/spotify-project/venv/lib/python3.12/site-packages/airflow/example_dags/example_branch_operator_decorator.py took 0.050 seconds
[2025-10-27T22:12:53.902-0300] {processor.py:161} INFO - Started process (PID=6228) to work on /home/joaosousa/projects/spotify-project/venv/lib/python3.12/site-packages/airflow/example_dags/example_branch_operator_decorator.py
[2025-10-27T22:12:53.903-0300] {processor.py:830} INFO - Processing file /home/joaosousa/projects/spotify-project/venv/lib/python3.12/site-packages/airflow/example_dags/example_branch_operator_decorator.py for tasks to queue
[2025-10-27T22:12:53.905-0300] {logging_mixin.py:188} INFO - [2025-10-27T22:12:53.905-0300] {dagbag.py:545} INFO - Filling up the DagBag from /home/joaosousa/projects/spotify-project/venv/lib/python3.12/site-packages/airflow/example_dags/example_branch_operator_decorator.py
[2025-10-27T22:12:53.939-0300] {processor.py:842} WARNING - No viable dags retrieved from /home/joaosousa/projects/spotify-project/venv/lib/python3.12/site-packages/airflow/example_dags/example_branch_operator_decorator.py
[2025-10-27T22:12:53.947-0300] {processor.py:183} INFO - Processing /home/joaosousa/projects/spotify-project/venv/lib/python3.12/site-packages/airflow/example_dags/example_branch_operator_decorator.py took 0.050 seconds
[2025-10-27T22:13:52.944-0300] {processor.py:161} INFO - Started process (PID=6313) to work on /home/joaosousa/projects/spotify-project/venv/lib/python3.12/site-packages/airflow/example_dags/example_branch_operator_decorator.py
[2025-10-27T22:13:52.946-0300] {processor.py:830} INFO - Processing file /home/joaosousa/projects/spotify-project/venv/lib/python3.12/site-packages/airflow/example_dags/example_branch_operator_decorator.py for tasks to queue
[2025-10-27T22:13:52.947-0300] {logging_mixin.py:188} INFO - [2025-10-27T22:13:52.947-0300] {dagbag.py:545} INFO - Filling up the DagBag from /home/joaosousa/projects/spotify-project/venv/lib/python3.12/site-packages/airflow/example_dags/example_branch_operator_decorator.py
[2025-10-27T22:13:52.983-0300] {processor.py:842} WARNING - No viable dags retrieved from /home/joaosousa/projects/spotify-project/venv/lib/python3.12/site-packages/airflow/example_dags/example_branch_operator_decorator.py
[2025-10-27T22:13:52.991-0300] {processor.py:183} INFO - Processing /home/joaosousa/projects/spotify-project/venv/lib/python3.12/site-packages/airflow/example_dags/example_branch_operator_decorator.py took 0.051 seconds
[2025-10-27T22:14:58.234-0300] {processor.py:161} INFO - Started process (PID=6427) to work on /home/joaosousa/projects/spotify-project/venv/lib/python3.12/site-packages/airflow/example_dags/example_branch_operator_decorator.py
[2025-10-27T22:14:58.236-0300] {processor.py:830} INFO - Processing file /home/joaosousa/projects/spotify-project/venv/lib/python3.12/site-packages/airflow/example_dags/example_branch_operator_decorator.py for tasks to queue
[2025-10-27T22:14:58.237-0300] {logging_mixin.py:188} INFO - [2025-10-27T22:14:58.237-0300] {dagbag.py:545} INFO - Filling up the DagBag from /home/joaosousa/projects/spotify-project/venv/lib/python3.12/site-packages/airflow/example_dags/example_branch_operator_decorator.py
[2025-10-27T22:14:58.272-0300] {processor.py:842} WARNING - No viable dags retrieved from /home/joaosousa/projects/spotify-project/venv/lib/python3.12/site-packages/airflow/example_dags/example_branch_operator_decorator.py
[2025-10-27T22:14:58.279-0300] {processor.py:183} INFO - Processing /home/joaosousa/projects/spotify-project/venv/lib/python3.12/site-packages/airflow/example_dags/example_branch_operator_decorator.py took 0.049 seconds
[2025-10-27T22:15:57.940-0300] {processor.py:161} INFO - Started process (PID=6519) to work on /home/joaosousa/projects/spotify-project/venv/lib/python3.12/site-packages/airflow/example_dags/example_branch_operator_decorator.py
[2025-10-27T22:15:57.941-0300] {processor.py:830} INFO - Processing file /home/joaosousa/projects/spotify-project/venv/lib/python3.12/site-packages/airflow/example_dags/example_branch_operator_decorator.py for tasks to queue
[2025-10-27T22:15:57.943-0300] {logging_mixin.py:188} INFO - [2025-10-27T22:15:57.943-0300] {dagbag.py:545} INFO - Filling up the DagBag from /home/joaosousa/projects/spotify-project/venv/lib/python3.12/site-packages/airflow/example_dags/example_branch_operator_decorator.py
[2025-10-27T22:15:57.970-0300] {processor.py:842} WARNING - No viable dags retrieved from /home/joaosousa/projects/spotify-project/venv/lib/python3.12/site-packages/airflow/example_dags/example_branch_operator_decorator.py
[2025-10-27T22:15:57.979-0300] {processor.py:183} INFO - Processing /home/joaosousa/projects/spotify-project/venv/lib/python3.12/site-packages/airflow/example_dags/example_branch_operator_decorator.py took 0.044 seconds
[2025-10-27T22:16:55.346-0300] {processor.py:161} INFO - Started process (PID=6648) to work on /home/joaosousa/projects/spotify-project/venv/lib/python3.12/site-packages/airflow/example_dags/example_branch_operator_decorator.py
[2025-10-27T22:16:55.348-0300] {processor.py:830} INFO - Processing file /home/joaosousa/projects/spotify-project/venv/lib/python3.12/site-packages/airflow/example_dags/example_branch_operator_decorator.py for tasks to queue
[2025-10-27T22:16:55.349-0300] {logging_mixin.py:188} INFO - [2025-10-27T22:16:55.349-0300] {dagbag.py:545} INFO - Filling up the DagBag from /home/joaosousa/projects/spotify-project/venv/lib/python3.12/site-packages/airflow/example_dags/example_branch_operator_decorator.py
[2025-10-27T22:16:55.383-0300] {processor.py:842} WARNING - No viable dags retrieved from /home/joaosousa/projects/spotify-project/venv/lib/python3.12/site-packages/airflow/example_dags/example_branch_operator_decorator.py
[2025-10-27T22:16:55.391-0300] {processor.py:183} INFO - Processing /home/joaosousa/projects/spotify-project/venv/lib/python3.12/site-packages/airflow/example_dags/example_branch_operator_decorator.py took 0.050 seconds
[2025-10-27T22:17:58.605-0300] {processor.py:161} INFO - Started process (PID=6753) to work on /home/joaosousa/projects/spotify-project/venv/lib/python3.12/site-packages/airflow/example_dags/example_branch_operator_decorator.py
[2025-10-27T22:17:58.607-0300] {processor.py:830} INFO - Processing file /home/joaosousa/projects/spotify-project/venv/lib/python3.12/site-packages/airflow/example_dags/example_branch_operator_decorator.py for tasks to queue
[2025-10-27T22:17:58.608-0300] {logging_mixin.py:188} INFO - [2025-10-27T22:17:58.608-0300] {dagbag.py:545} INFO - Filling up the DagBag from /home/joaosousa/projects/spotify-project/venv/lib/python3.12/site-packages/airflow/example_dags/example_branch_operator_decorator.py
[2025-10-27T22:17:58.642-0300] {processor.py:842} WARNING - No viable dags retrieved from /home/joaosousa/projects/spotify-project/venv/lib/python3.12/site-packages/airflow/example_dags/example_branch_operator_decorator.py
[2025-10-27T22:17:58.649-0300] {processor.py:183} INFO - Processing /home/joaosousa/projects/spotify-project/venv/lib/python3.12/site-packages/airflow/example_dags/example_branch_operator_decorator.py took 0.049 seconds
[2025-10-27T22:18:56.190-0300] {processor.py:161} INFO - Started process (PID=6876) to work on /home/joaosousa/projects/spotify-project/venv/lib/python3.12/site-packages/airflow/example_dags/example_branch_operator_decorator.py
[2025-10-27T22:18:56.192-0300] {processor.py:830} INFO - Processing file /home/joaosousa/projects/spotify-project/venv/lib/python3.12/site-packages/airflow/example_dags/example_branch_operator_decorator.py for tasks to queue
[2025-10-27T22:18:56.194-0300] {logging_mixin.py:188} INFO - [2025-10-27T22:18:56.193-0300] {dagbag.py:545} INFO - Filling up the DagBag from /home/joaosousa/projects/spotify-project/venv/lib/python3.12/site-packages/airflow/example_dags/example_branch_operator_decorator.py
[2025-10-27T22:18:56.228-0300] {processor.py:842} WARNING - No viable dags retrieved from /home/joaosousa/projects/spotify-project/venv/lib/python3.12/site-packages/airflow/example_dags/example_branch_operator_decorator.py
[2025-10-27T22:18:56.236-0300] {processor.py:183} INFO - Processing /home/joaosousa/projects/spotify-project/venv/lib/python3.12/site-packages/airflow/example_dags/example_branch_operator_decorator.py took 0.050 seconds
[2025-10-27T22:19:57.054-0300] {processor.py:161} INFO - Started process (PID=6965) to work on /home/joaosousa/projects/spotify-project/venv/lib/python3.12/site-packages/airflow/example_dags/example_branch_operator_decorator.py
[2025-10-27T22:19:57.056-0300] {processor.py:830} INFO - Processing file /home/joaosousa/projects/spotify-project/venv/lib/python3.12/site-packages/airflow/example_dags/example_branch_operator_decorator.py for tasks to queue
[2025-10-27T22:19:57.057-0300] {logging_mixin.py:188} INFO - [2025-10-27T22:19:57.057-0300] {dagbag.py:545} INFO - Filling up the DagBag from /home/joaosousa/projects/spotify-project/venv/lib/python3.12/site-packages/airflow/example_dags/example_branch_operator_decorator.py
[2025-10-27T22:19:57.091-0300] {processor.py:842} WARNING - No viable dags retrieved from /home/joaosousa/projects/spotify-project/venv/lib/python3.12/site-packages/airflow/example_dags/example_branch_operator_decorator.py
[2025-10-27T22:19:57.099-0300] {processor.py:183} INFO - Processing /home/joaosousa/projects/spotify-project/venv/lib/python3.12/site-packages/airflow/example_dags/example_branch_operator_decorator.py took 0.049 seconds
[2025-10-27T22:20:50.642-0300] {processor.py:161} INFO - Started process (PID=7070) to work on /home/joaosousa/projects/spotify-project/venv/lib/python3.12/site-packages/airflow/example_dags/example_branch_operator_decorator.py
[2025-10-27T22:20:50.643-0300] {processor.py:830} INFO - Processing file /home/joaosousa/projects/spotify-project/venv/lib/python3.12/site-packages/airflow/example_dags/example_branch_operator_decorator.py for tasks to queue
[2025-10-27T22:20:50.645-0300] {logging_mixin.py:188} INFO - [2025-10-27T22:20:50.644-0300] {dagbag.py:545} INFO - Filling up the DagBag from /home/joaosousa/projects/spotify-project/venv/lib/python3.12/site-packages/airflow/example_dags/example_branch_operator_decorator.py
[2025-10-27T22:20:50.678-0300] {processor.py:842} WARNING - No viable dags retrieved from /home/joaosousa/projects/spotify-project/venv/lib/python3.12/site-packages/airflow/example_dags/example_branch_operator_decorator.py
[2025-10-27T22:20:50.685-0300] {processor.py:183} INFO - Processing /home/joaosousa/projects/spotify-project/venv/lib/python3.12/site-packages/airflow/example_dags/example_branch_operator_decorator.py took 0.048 seconds
[2025-10-27T22:21:52.041-0300] {processor.py:161} INFO - Started process (PID=7158) to work on /home/joaosousa/projects/spotify-project/venv/lib/python3.12/site-packages/airflow/example_dags/example_branch_operator_decorator.py
[2025-10-27T22:21:52.043-0300] {processor.py:830} INFO - Processing file /home/joaosousa/projects/spotify-project/venv/lib/python3.12/site-packages/airflow/example_dags/example_branch_operator_decorator.py for tasks to queue
[2025-10-27T22:21:52.044-0300] {logging_mixin.py:188} INFO - [2025-10-27T22:21:52.043-0300] {dagbag.py:545} INFO - Filling up the DagBag from /home/joaosousa/projects/spotify-project/venv/lib/python3.12/site-packages/airflow/example_dags/example_branch_operator_decorator.py
[2025-10-27T22:21:52.078-0300] {processor.py:842} WARNING - No viable dags retrieved from /home/joaosousa/projects/spotify-project/venv/lib/python3.12/site-packages/airflow/example_dags/example_branch_operator_decorator.py
[2025-10-27T22:21:52.086-0300] {processor.py:183} INFO - Processing /home/joaosousa/projects/spotify-project/venv/lib/python3.12/site-packages/airflow/example_dags/example_branch_operator_decorator.py took 0.049 seconds
