[2025-10-27T21:31:10.665-0300] {processor.py:161} INFO - Started process (PID=1095) to work on /home/joaosousa/projects/spotify-project/venv/lib/python3.12/site-packages/airflow/example_dags/example_subdag_operator.py
[2025-10-27T21:31:10.665-0300] {processor.py:830} INFO - Processing file /home/joaosousa/projects/spotify-project/venv/lib/python3.12/site-packages/airflow/example_dags/example_subdag_operator.py for tasks to queue
[2025-10-27T21:31:10.667-0300] {logging_mixin.py:188} INFO - [2025-10-27T21:31:10.666-0300] {dagbag.py:545} INFO - Filling up the DagBag from /home/joaosousa/projects/spotify-project/venv/lib/python3.12/site-packages/airflow/example_dags/example_subdag_operator.py
[2025-10-27T21:31:10.680-0300] {processor.py:840} INFO - DAG(s) 'example_subdag_operator.section-1', 'example_subdag_operator.section-2', 'example_subdag_operator' retrieved from /home/joaosousa/projects/spotify-project/venv/lib/python3.12/site-packages/airflow/example_dags/example_subdag_operator.py
[2025-10-27T21:31:10.690-0300] {logging_mixin.py:188} INFO - [2025-10-27T21:31:10.689-0300] {dag.py:3096} INFO - Sync 3 DAGs
[2025-10-27T21:31:10.701-0300] {logging_mixin.py:188} INFO - [2025-10-27T21:31:10.701-0300] {dag.py:3954} INFO - Setting next_dagrun for example_subdag_operator to 2022-01-01 00:00:00+00:00, run_after=2022-01-01 00:00:00+00:00
[2025-10-27T21:31:10.703-0300] {logging_mixin.py:188} INFO - [2025-10-27T21:31:10.703-0300] {dag.py:3954} INFO - Setting next_dagrun for example_subdag_operator.section-1 to None, run_after=None
[2025-10-27T21:31:10.703-0300] {logging_mixin.py:188} INFO - [2025-10-27T21:31:10.703-0300] {dag.py:3954} INFO - Setting next_dagrun for example_subdag_operator.section-2 to None, run_after=None
[2025-10-27T21:31:10.707-0300] {logging_mixin.py:188} INFO - [2025-10-27T21:31:10.706-0300] {dag.py:3096} INFO - Sync 2 DAGs
[2025-10-27T21:31:10.709-0300] {logging_mixin.py:188} INFO - [2025-10-27T21:31:10.709-0300] {dag.py:3954} INFO - Setting next_dagrun for example_subdag_operator.section-1 to None, run_after=None
[2025-10-27T21:31:10.709-0300] {logging_mixin.py:188} INFO - [2025-10-27T21:31:10.709-0300] {dag.py:3954} INFO - Setting next_dagrun for example_subdag_operator.section-2 to None, run_after=None
[2025-10-27T21:31:10.721-0300] {processor.py:183} INFO - Processing /home/joaosousa/projects/spotify-project/venv/lib/python3.12/site-packages/airflow/example_dags/example_subdag_operator.py took 0.060 seconds
[2025-10-27T21:31:58.722-0300] {processor.py:161} INFO - Started process (PID=1280) to work on /home/joaosousa/projects/spotify-project/venv/lib/python3.12/site-packages/airflow/example_dags/example_subdag_operator.py
[2025-10-27T21:31:58.724-0300] {processor.py:830} INFO - Processing file /home/joaosousa/projects/spotify-project/venv/lib/python3.12/site-packages/airflow/example_dags/example_subdag_operator.py for tasks to queue
[2025-10-27T21:31:58.725-0300] {logging_mixin.py:188} INFO - [2025-10-27T21:31:58.725-0300] {dagbag.py:545} INFO - Filling up the DagBag from /home/joaosousa/projects/spotify-project/venv/lib/python3.12/site-packages/airflow/example_dags/example_subdag_operator.py
[2025-10-27T21:31:58.739-0300] {processor.py:840} INFO - DAG(s) 'example_subdag_operator.section-1', 'example_subdag_operator.section-2', 'example_subdag_operator' retrieved from /home/joaosousa/projects/spotify-project/venv/lib/python3.12/site-packages/airflow/example_dags/example_subdag_operator.py
[2025-10-27T21:31:58.747-0300] {logging_mixin.py:188} INFO - [2025-10-27T21:31:58.747-0300] {dag.py:3096} INFO - Sync 3 DAGs
[2025-10-27T21:31:58.758-0300] {logging_mixin.py:188} INFO - [2025-10-27T21:31:58.758-0300] {dag.py:3954} INFO - Setting next_dagrun for example_subdag_operator to 2022-01-01 00:00:00+00:00, run_after=2022-01-01 00:00:00+00:00
[2025-10-27T21:31:58.760-0300] {logging_mixin.py:188} INFO - [2025-10-27T21:31:58.760-0300] {dag.py:3954} INFO - Setting next_dagrun for example_subdag_operator.section-1 to None, run_after=None
[2025-10-27T21:31:58.761-0300] {logging_mixin.py:188} INFO - [2025-10-27T21:31:58.761-0300] {dag.py:3954} INFO - Setting next_dagrun for example_subdag_operator.section-2 to None, run_after=None
[2025-10-27T21:31:58.764-0300] {logging_mixin.py:188} INFO - [2025-10-27T21:31:58.764-0300] {dag.py:3096} INFO - Sync 2 DAGs
[2025-10-27T21:31:58.766-0300] {logging_mixin.py:188} INFO - [2025-10-27T21:31:58.766-0300] {dag.py:3954} INFO - Setting next_dagrun for example_subdag_operator.section-1 to None, run_after=None
[2025-10-27T21:31:58.767-0300] {logging_mixin.py:188} INFO - [2025-10-27T21:31:58.766-0300] {dag.py:3954} INFO - Setting next_dagrun for example_subdag_operator.section-2 to None, run_after=None
[2025-10-27T21:31:58.777-0300] {processor.py:183} INFO - Processing /home/joaosousa/projects/spotify-project/venv/lib/python3.12/site-packages/airflow/example_dags/example_subdag_operator.py took 0.058 seconds
[2025-10-27T21:33:00.267-0300] {processor.py:161} INFO - Started process (PID=1390) to work on /home/joaosousa/projects/spotify-project/venv/lib/python3.12/site-packages/airflow/example_dags/example_subdag_operator.py
[2025-10-27T21:33:00.268-0300] {processor.py:830} INFO - Processing file /home/joaosousa/projects/spotify-project/venv/lib/python3.12/site-packages/airflow/example_dags/example_subdag_operator.py for tasks to queue
[2025-10-27T21:33:00.269-0300] {logging_mixin.py:188} INFO - [2025-10-27T21:33:00.269-0300] {dagbag.py:545} INFO - Filling up the DagBag from /home/joaosousa/projects/spotify-project/venv/lib/python3.12/site-packages/airflow/example_dags/example_subdag_operator.py
[2025-10-27T21:33:00.288-0300] {processor.py:840} INFO - DAG(s) 'example_subdag_operator.section-1', 'example_subdag_operator.section-2', 'example_subdag_operator' retrieved from /home/joaosousa/projects/spotify-project/venv/lib/python3.12/site-packages/airflow/example_dags/example_subdag_operator.py
[2025-10-27T21:33:00.302-0300] {logging_mixin.py:188} INFO - [2025-10-27T21:33:00.302-0300] {dag.py:3096} INFO - Sync 3 DAGs
[2025-10-27T21:33:00.319-0300] {logging_mixin.py:188} INFO - [2025-10-27T21:33:00.319-0300] {dag.py:3954} INFO - Setting next_dagrun for example_subdag_operator to 2022-01-01 00:00:00+00:00, run_after=2022-01-01 00:00:00+00:00
[2025-10-27T21:33:00.321-0300] {logging_mixin.py:188} INFO - [2025-10-27T21:33:00.321-0300] {dag.py:3954} INFO - Setting next_dagrun for example_subdag_operator.section-1 to None, run_after=None
[2025-10-27T21:33:00.322-0300] {logging_mixin.py:188} INFO - [2025-10-27T21:33:00.322-0300] {dag.py:3954} INFO - Setting next_dagrun for example_subdag_operator.section-2 to None, run_after=None
[2025-10-27T21:33:00.328-0300] {logging_mixin.py:188} INFO - [2025-10-27T21:33:00.328-0300] {dag.py:3096} INFO - Sync 2 DAGs
[2025-10-27T21:33:00.331-0300] {logging_mixin.py:188} INFO - [2025-10-27T21:33:00.331-0300] {dag.py:3954} INFO - Setting next_dagrun for example_subdag_operator.section-1 to None, run_after=None
[2025-10-27T21:33:00.332-0300] {logging_mixin.py:188} INFO - [2025-10-27T21:33:00.332-0300] {dag.py:3954} INFO - Setting next_dagrun for example_subdag_operator.section-2 to None, run_after=None
[2025-10-27T21:33:00.345-0300] {processor.py:183} INFO - Processing /home/joaosousa/projects/spotify-project/venv/lib/python3.12/site-packages/airflow/example_dags/example_subdag_operator.py took 0.082 seconds
[2025-10-27T21:33:50.245-0300] {processor.py:161} INFO - Started process (PID=1466) to work on /home/joaosousa/projects/spotify-project/venv/lib/python3.12/site-packages/airflow/example_dags/example_subdag_operator.py
[2025-10-27T21:33:50.247-0300] {processor.py:830} INFO - Processing file /home/joaosousa/projects/spotify-project/venv/lib/python3.12/site-packages/airflow/example_dags/example_subdag_operator.py for tasks to queue
[2025-10-27T21:33:50.248-0300] {logging_mixin.py:188} INFO - [2025-10-27T21:33:50.248-0300] {dagbag.py:545} INFO - Filling up the DagBag from /home/joaosousa/projects/spotify-project/venv/lib/python3.12/site-packages/airflow/example_dags/example_subdag_operator.py
[2025-10-27T21:33:50.262-0300] {processor.py:840} INFO - DAG(s) 'example_subdag_operator.section-1', 'example_subdag_operator.section-2', 'example_subdag_operator' retrieved from /home/joaosousa/projects/spotify-project/venv/lib/python3.12/site-packages/airflow/example_dags/example_subdag_operator.py
[2025-10-27T21:33:50.271-0300] {logging_mixin.py:188} INFO - [2025-10-27T21:33:50.271-0300] {dag.py:3096} INFO - Sync 3 DAGs
[2025-10-27T21:33:50.282-0300] {logging_mixin.py:188} INFO - [2025-10-27T21:33:50.282-0300] {dag.py:3954} INFO - Setting next_dagrun for example_subdag_operator to 2022-01-01 00:00:00+00:00, run_after=2022-01-01 00:00:00+00:00
[2025-10-27T21:33:50.284-0300] {logging_mixin.py:188} INFO - [2025-10-27T21:33:50.284-0300] {dag.py:3954} INFO - Setting next_dagrun for example_subdag_operator.section-1 to None, run_after=None
[2025-10-27T21:33:50.285-0300] {logging_mixin.py:188} INFO - [2025-10-27T21:33:50.285-0300] {dag.py:3954} INFO - Setting next_dagrun for example_subdag_operator.section-2 to None, run_after=None
[2025-10-27T21:33:50.289-0300] {logging_mixin.py:188} INFO - [2025-10-27T21:33:50.289-0300] {dag.py:3096} INFO - Sync 2 DAGs
[2025-10-27T21:33:50.291-0300] {logging_mixin.py:188} INFO - [2025-10-27T21:33:50.291-0300] {dag.py:3954} INFO - Setting next_dagrun for example_subdag_operator.section-1 to None, run_after=None
[2025-10-27T21:33:50.292-0300] {logging_mixin.py:188} INFO - [2025-10-27T21:33:50.291-0300] {dag.py:3954} INFO - Setting next_dagrun for example_subdag_operator.section-2 to None, run_after=None
[2025-10-27T21:33:50.301-0300] {processor.py:183} INFO - Processing /home/joaosousa/projects/spotify-project/venv/lib/python3.12/site-packages/airflow/example_dags/example_subdag_operator.py took 0.061 seconds
[2025-10-27T21:34:50.948-0300] {processor.py:161} INFO - Started process (PID=1554) to work on /home/joaosousa/projects/spotify-project/venv/lib/python3.12/site-packages/airflow/example_dags/example_subdag_operator.py
[2025-10-27T21:34:50.950-0300] {processor.py:830} INFO - Processing file /home/joaosousa/projects/spotify-project/venv/lib/python3.12/site-packages/airflow/example_dags/example_subdag_operator.py for tasks to queue
[2025-10-27T21:34:50.951-0300] {logging_mixin.py:188} INFO - [2025-10-27T21:34:50.951-0300] {dagbag.py:545} INFO - Filling up the DagBag from /home/joaosousa/projects/spotify-project/venv/lib/python3.12/site-packages/airflow/example_dags/example_subdag_operator.py
[2025-10-27T21:34:50.965-0300] {processor.py:840} INFO - DAG(s) 'example_subdag_operator.section-1', 'example_subdag_operator.section-2', 'example_subdag_operator' retrieved from /home/joaosousa/projects/spotify-project/venv/lib/python3.12/site-packages/airflow/example_dags/example_subdag_operator.py
[2025-10-27T21:34:50.973-0300] {logging_mixin.py:188} INFO - [2025-10-27T21:34:50.973-0300] {dag.py:3096} INFO - Sync 3 DAGs
[2025-10-27T21:34:50.984-0300] {logging_mixin.py:188} INFO - [2025-10-27T21:34:50.984-0300] {dag.py:3954} INFO - Setting next_dagrun for example_subdag_operator to 2022-01-01 00:00:00+00:00, run_after=2022-01-01 00:00:00+00:00
[2025-10-27T21:34:50.986-0300] {logging_mixin.py:188} INFO - [2025-10-27T21:34:50.985-0300] {dag.py:3954} INFO - Setting next_dagrun for example_subdag_operator.section-1 to None, run_after=None
[2025-10-27T21:34:50.986-0300] {logging_mixin.py:188} INFO - [2025-10-27T21:34:50.986-0300] {dag.py:3954} INFO - Setting next_dagrun for example_subdag_operator.section-2 to None, run_after=None
[2025-10-27T21:34:50.989-0300] {logging_mixin.py:188} INFO - [2025-10-27T21:34:50.989-0300] {dag.py:3096} INFO - Sync 2 DAGs
[2025-10-27T21:34:50.992-0300] {logging_mixin.py:188} INFO - [2025-10-27T21:34:50.992-0300] {dag.py:3954} INFO - Setting next_dagrun for example_subdag_operator.section-1 to None, run_after=None
[2025-10-27T21:34:50.992-0300] {logging_mixin.py:188} INFO - [2025-10-27T21:34:50.992-0300] {dag.py:3954} INFO - Setting next_dagrun for example_subdag_operator.section-2 to None, run_after=None
[2025-10-27T21:34:51.002-0300] {processor.py:183} INFO - Processing /home/joaosousa/projects/spotify-project/venv/lib/python3.12/site-packages/airflow/example_dags/example_subdag_operator.py took 0.058 seconds
[2025-10-27T21:35:51.614-0300] {processor.py:161} INFO - Started process (PID=1665) to work on /home/joaosousa/projects/spotify-project/venv/lib/python3.12/site-packages/airflow/example_dags/example_subdag_operator.py
[2025-10-27T21:35:51.616-0300] {processor.py:830} INFO - Processing file /home/joaosousa/projects/spotify-project/venv/lib/python3.12/site-packages/airflow/example_dags/example_subdag_operator.py for tasks to queue
[2025-10-27T21:35:51.618-0300] {logging_mixin.py:188} INFO - [2025-10-27T21:35:51.618-0300] {dagbag.py:545} INFO - Filling up the DagBag from /home/joaosousa/projects/spotify-project/venv/lib/python3.12/site-packages/airflow/example_dags/example_subdag_operator.py
[2025-10-27T21:35:51.632-0300] {processor.py:840} INFO - DAG(s) 'example_subdag_operator.section-1', 'example_subdag_operator.section-2', 'example_subdag_operator' retrieved from /home/joaosousa/projects/spotify-project/venv/lib/python3.12/site-packages/airflow/example_dags/example_subdag_operator.py
[2025-10-27T21:35:51.641-0300] {logging_mixin.py:188} INFO - [2025-10-27T21:35:51.641-0300] {dag.py:3096} INFO - Sync 3 DAGs
[2025-10-27T21:35:51.653-0300] {logging_mixin.py:188} INFO - [2025-10-27T21:35:51.653-0300] {dag.py:3954} INFO - Setting next_dagrun for example_subdag_operator to 2022-01-01 00:00:00+00:00, run_after=2022-01-01 00:00:00+00:00
[2025-10-27T21:35:51.655-0300] {logging_mixin.py:188} INFO - [2025-10-27T21:35:51.655-0300] {dag.py:3954} INFO - Setting next_dagrun for example_subdag_operator.section-1 to None, run_after=None
[2025-10-27T21:35:51.656-0300] {logging_mixin.py:188} INFO - [2025-10-27T21:35:51.656-0300] {dag.py:3954} INFO - Setting next_dagrun for example_subdag_operator.section-2 to None, run_after=None
[2025-10-27T21:35:51.659-0300] {logging_mixin.py:188} INFO - [2025-10-27T21:35:51.659-0300] {dag.py:3096} INFO - Sync 2 DAGs
[2025-10-27T21:35:51.662-0300] {logging_mixin.py:188} INFO - [2025-10-27T21:35:51.662-0300] {dag.py:3954} INFO - Setting next_dagrun for example_subdag_operator.section-1 to None, run_after=None
[2025-10-27T21:35:51.662-0300] {logging_mixin.py:188} INFO - [2025-10-27T21:35:51.662-0300] {dag.py:3954} INFO - Setting next_dagrun for example_subdag_operator.section-2 to None, run_after=None
[2025-10-27T21:35:51.672-0300] {processor.py:183} INFO - Processing /home/joaosousa/projects/spotify-project/venv/lib/python3.12/site-packages/airflow/example_dags/example_subdag_operator.py took 0.062 seconds
[2025-10-27T21:37:00.480-0300] {processor.py:161} INFO - Started process (PID=1756) to work on /home/joaosousa/projects/spotify-project/venv/lib/python3.12/site-packages/airflow/example_dags/example_subdag_operator.py
[2025-10-27T21:37:00.482-0300] {processor.py:830} INFO - Processing file /home/joaosousa/projects/spotify-project/venv/lib/python3.12/site-packages/airflow/example_dags/example_subdag_operator.py for tasks to queue
[2025-10-27T21:37:00.483-0300] {logging_mixin.py:188} INFO - [2025-10-27T21:37:00.483-0300] {dagbag.py:545} INFO - Filling up the DagBag from /home/joaosousa/projects/spotify-project/venv/lib/python3.12/site-packages/airflow/example_dags/example_subdag_operator.py
[2025-10-27T21:37:00.497-0300] {processor.py:840} INFO - DAG(s) 'example_subdag_operator.section-1', 'example_subdag_operator.section-2', 'example_subdag_operator' retrieved from /home/joaosousa/projects/spotify-project/venv/lib/python3.12/site-packages/airflow/example_dags/example_subdag_operator.py
[2025-10-27T21:37:00.506-0300] {logging_mixin.py:188} INFO - [2025-10-27T21:37:00.506-0300] {dag.py:3096} INFO - Sync 3 DAGs
[2025-10-27T21:37:00.519-0300] {logging_mixin.py:188} INFO - [2025-10-27T21:37:00.519-0300] {dag.py:3954} INFO - Setting next_dagrun for example_subdag_operator to 2022-01-01 00:00:00+00:00, run_after=2022-01-01 00:00:00+00:00
[2025-10-27T21:37:00.521-0300] {logging_mixin.py:188} INFO - [2025-10-27T21:37:00.521-0300] {dag.py:3954} INFO - Setting next_dagrun for example_subdag_operator.section-1 to None, run_after=None
[2025-10-27T21:37:00.523-0300] {logging_mixin.py:188} INFO - [2025-10-27T21:37:00.523-0300] {dag.py:3954} INFO - Setting next_dagrun for example_subdag_operator.section-2 to None, run_after=None
[2025-10-27T21:37:00.527-0300] {logging_mixin.py:188} INFO - [2025-10-27T21:37:00.527-0300] {dag.py:3096} INFO - Sync 2 DAGs
[2025-10-27T21:37:00.530-0300] {logging_mixin.py:188} INFO - [2025-10-27T21:37:00.530-0300] {dag.py:3954} INFO - Setting next_dagrun for example_subdag_operator.section-1 to None, run_after=None
[2025-10-27T21:37:00.531-0300] {logging_mixin.py:188} INFO - [2025-10-27T21:37:00.531-0300] {dag.py:3954} INFO - Setting next_dagrun for example_subdag_operator.section-2 to None, run_after=None
[2025-10-27T21:37:00.542-0300] {processor.py:183} INFO - Processing /home/joaosousa/projects/spotify-project/venv/lib/python3.12/site-packages/airflow/example_dags/example_subdag_operator.py took 0.066 seconds
[2025-10-27T21:38:06.303-0300] {processor.py:161} INFO - Started process (PID=1872) to work on /home/joaosousa/projects/spotify-project/venv/lib/python3.12/site-packages/airflow/example_dags/example_subdag_operator.py
[2025-10-27T21:38:06.305-0300] {processor.py:830} INFO - Processing file /home/joaosousa/projects/spotify-project/venv/lib/python3.12/site-packages/airflow/example_dags/example_subdag_operator.py for tasks to queue
[2025-10-27T21:38:06.306-0300] {logging_mixin.py:188} INFO - [2025-10-27T21:38:06.306-0300] {dagbag.py:545} INFO - Filling up the DagBag from /home/joaosousa/projects/spotify-project/venv/lib/python3.12/site-packages/airflow/example_dags/example_subdag_operator.py
[2025-10-27T21:38:06.321-0300] {processor.py:840} INFO - DAG(s) 'example_subdag_operator.section-1', 'example_subdag_operator.section-2', 'example_subdag_operator' retrieved from /home/joaosousa/projects/spotify-project/venv/lib/python3.12/site-packages/airflow/example_dags/example_subdag_operator.py
[2025-10-27T21:38:06.332-0300] {logging_mixin.py:188} INFO - [2025-10-27T21:38:06.332-0300] {dag.py:3096} INFO - Sync 3 DAGs
[2025-10-27T21:38:06.346-0300] {logging_mixin.py:188} INFO - [2025-10-27T21:38:06.346-0300] {dag.py:3954} INFO - Setting next_dagrun for example_subdag_operator to 2022-01-01 00:00:00+00:00, run_after=2022-01-01 00:00:00+00:00
[2025-10-27T21:38:06.348-0300] {logging_mixin.py:188} INFO - [2025-10-27T21:38:06.348-0300] {dag.py:3954} INFO - Setting next_dagrun for example_subdag_operator.section-1 to None, run_after=None
[2025-10-27T21:38:06.349-0300] {logging_mixin.py:188} INFO - [2025-10-27T21:38:06.349-0300] {dag.py:3954} INFO - Setting next_dagrun for example_subdag_operator.section-2 to None, run_after=None
[2025-10-27T21:38:06.354-0300] {logging_mixin.py:188} INFO - [2025-10-27T21:38:06.354-0300] {dag.py:3096} INFO - Sync 2 DAGs
[2025-10-27T21:38:06.357-0300] {logging_mixin.py:188} INFO - [2025-10-27T21:38:06.357-0300] {dag.py:3954} INFO - Setting next_dagrun for example_subdag_operator.section-1 to None, run_after=None
[2025-10-27T21:38:06.357-0300] {logging_mixin.py:188} INFO - [2025-10-27T21:38:06.357-0300] {dag.py:3954} INFO - Setting next_dagrun for example_subdag_operator.section-2 to None, run_after=None
[2025-10-27T21:38:06.368-0300] {processor.py:183} INFO - Processing /home/joaosousa/projects/spotify-project/venv/lib/python3.12/site-packages/airflow/example_dags/example_subdag_operator.py took 0.071 seconds
[2025-10-27T21:39:01.331-0300] {processor.py:161} INFO - Started process (PID=1964) to work on /home/joaosousa/projects/spotify-project/venv/lib/python3.12/site-packages/airflow/example_dags/example_subdag_operator.py
[2025-10-27T21:39:01.333-0300] {processor.py:830} INFO - Processing file /home/joaosousa/projects/spotify-project/venv/lib/python3.12/site-packages/airflow/example_dags/example_subdag_operator.py for tasks to queue
[2025-10-27T21:39:01.334-0300] {logging_mixin.py:188} INFO - [2025-10-27T21:39:01.334-0300] {dagbag.py:545} INFO - Filling up the DagBag from /home/joaosousa/projects/spotify-project/venv/lib/python3.12/site-packages/airflow/example_dags/example_subdag_operator.py
[2025-10-27T21:39:01.348-0300] {processor.py:840} INFO - DAG(s) 'example_subdag_operator.section-1', 'example_subdag_operator.section-2', 'example_subdag_operator' retrieved from /home/joaosousa/projects/spotify-project/venv/lib/python3.12/site-packages/airflow/example_dags/example_subdag_operator.py
[2025-10-27T21:39:01.357-0300] {logging_mixin.py:188} INFO - [2025-10-27T21:39:01.357-0300] {dag.py:3096} INFO - Sync 3 DAGs
[2025-10-27T21:39:01.368-0300] {logging_mixin.py:188} INFO - [2025-10-27T21:39:01.368-0300] {dag.py:3954} INFO - Setting next_dagrun for example_subdag_operator to 2022-01-01 00:00:00+00:00, run_after=2022-01-01 00:00:00+00:00
[2025-10-27T21:39:01.370-0300] {logging_mixin.py:188} INFO - [2025-10-27T21:39:01.370-0300] {dag.py:3954} INFO - Setting next_dagrun for example_subdag_operator.section-1 to None, run_after=None
[2025-10-27T21:39:01.371-0300] {logging_mixin.py:188} INFO - [2025-10-27T21:39:01.371-0300] {dag.py:3954} INFO - Setting next_dagrun for example_subdag_operator.section-2 to None, run_after=None
[2025-10-27T21:39:01.374-0300] {logging_mixin.py:188} INFO - [2025-10-27T21:39:01.374-0300] {dag.py:3096} INFO - Sync 2 DAGs
[2025-10-27T21:39:01.376-0300] {logging_mixin.py:188} INFO - [2025-10-27T21:39:01.376-0300] {dag.py:3954} INFO - Setting next_dagrun for example_subdag_operator.section-1 to None, run_after=None
[2025-10-27T21:39:01.377-0300] {logging_mixin.py:188} INFO - [2025-10-27T21:39:01.377-0300] {dag.py:3954} INFO - Setting next_dagrun for example_subdag_operator.section-2 to None, run_after=None
[2025-10-27T21:39:01.387-0300] {processor.py:183} INFO - Processing /home/joaosousa/projects/spotify-project/venv/lib/python3.12/site-packages/airflow/example_dags/example_subdag_operator.py took 0.061 seconds
[2025-10-27T21:40:02.132-0300] {processor.py:161} INFO - Started process (PID=2066) to work on /home/joaosousa/projects/spotify-project/venv/lib/python3.12/site-packages/airflow/example_dags/example_subdag_operator.py
[2025-10-27T21:40:02.134-0300] {processor.py:830} INFO - Processing file /home/joaosousa/projects/spotify-project/venv/lib/python3.12/site-packages/airflow/example_dags/example_subdag_operator.py for tasks to queue
[2025-10-27T21:40:02.136-0300] {logging_mixin.py:188} INFO - [2025-10-27T21:40:02.136-0300] {dagbag.py:545} INFO - Filling up the DagBag from /home/joaosousa/projects/spotify-project/venv/lib/python3.12/site-packages/airflow/example_dags/example_subdag_operator.py
[2025-10-27T21:40:02.151-0300] {processor.py:840} INFO - DAG(s) 'example_subdag_operator.section-1', 'example_subdag_operator.section-2', 'example_subdag_operator' retrieved from /home/joaosousa/projects/spotify-project/venv/lib/python3.12/site-packages/airflow/example_dags/example_subdag_operator.py
[2025-10-27T21:40:02.160-0300] {logging_mixin.py:188} INFO - [2025-10-27T21:40:02.160-0300] {dag.py:3096} INFO - Sync 3 DAGs
[2025-10-27T21:40:02.174-0300] {logging_mixin.py:188} INFO - [2025-10-27T21:40:02.173-0300] {dag.py:3954} INFO - Setting next_dagrun for example_subdag_operator to 2022-01-01 00:00:00+00:00, run_after=2022-01-01 00:00:00+00:00
[2025-10-27T21:40:02.175-0300] {logging_mixin.py:188} INFO - [2025-10-27T21:40:02.175-0300] {dag.py:3954} INFO - Setting next_dagrun for example_subdag_operator.section-1 to None, run_after=None
[2025-10-27T21:40:02.176-0300] {logging_mixin.py:188} INFO - [2025-10-27T21:40:02.176-0300] {dag.py:3954} INFO - Setting next_dagrun for example_subdag_operator.section-2 to None, run_after=None
[2025-10-27T21:40:02.180-0300] {logging_mixin.py:188} INFO - [2025-10-27T21:40:02.180-0300] {dag.py:3096} INFO - Sync 2 DAGs
[2025-10-27T21:40:02.182-0300] {logging_mixin.py:188} INFO - [2025-10-27T21:40:02.182-0300] {dag.py:3954} INFO - Setting next_dagrun for example_subdag_operator.section-1 to None, run_after=None
[2025-10-27T21:40:02.182-0300] {logging_mixin.py:188} INFO - [2025-10-27T21:40:02.182-0300] {dag.py:3954} INFO - Setting next_dagrun for example_subdag_operator.section-2 to None, run_after=None
[2025-10-27T21:40:02.195-0300] {processor.py:183} INFO - Processing /home/joaosousa/projects/spotify-project/venv/lib/python3.12/site-packages/airflow/example_dags/example_subdag_operator.py took 0.067 seconds
