[2025-10-27T21:31:21.553-0300] {processor.py:161} INFO - Started process (PID=1110) to work on /home/joaosousa/projects/spotify-project/venv/lib/python3.12/site-packages/airflow/example_dags/example_bash_decorator.py
[2025-10-27T21:31:21.553-0300] {processor.py:830} INFO - Processing file /home/joaosousa/projects/spotify-project/venv/lib/python3.12/site-packages/airflow/example_dags/example_bash_decorator.py for tasks to queue
[2025-10-27T21:31:21.554-0300] {logging_mixin.py:188} INFO - [2025-10-27T21:31:21.554-0300] {dagbag.py:545} INFO - Filling up the DagBag from /home/joaosousa/projects/spotify-project/venv/lib/python3.12/site-packages/airflow/example_dags/example_bash_decorator.py
[2025-10-27T21:31:21.563-0300] {processor.py:840} INFO - DAG(s) 'example_bash_decorator' retrieved from /home/joaosousa/projects/spotify-project/venv/lib/python3.12/site-packages/airflow/example_dags/example_bash_decorator.py
[2025-10-27T21:31:21.625-0300] {logging_mixin.py:188} INFO - [2025-10-27T21:31:21.625-0300] {dag.py:3096} INFO - Sync 1 DAGs
[2025-10-27T21:31:21.632-0300] {logging_mixin.py:188} INFO - [2025-10-27T21:31:21.632-0300] {dag.py:3954} INFO - Setting next_dagrun for example_bash_decorator to None, run_after=None
[2025-10-27T21:31:21.647-0300] {processor.py:183} INFO - Processing /home/joaosousa/projects/spotify-project/venv/lib/python3.12/site-packages/airflow/example_dags/example_bash_decorator.py took 0.099 seconds
[2025-10-27T21:32:20.381-0300] {processor.py:161} INFO - Started process (PID=1325) to work on /home/joaosousa/projects/spotify-project/venv/lib/python3.12/site-packages/airflow/example_dags/example_bash_decorator.py
[2025-10-27T21:32:20.383-0300] {processor.py:830} INFO - Processing file /home/joaosousa/projects/spotify-project/venv/lib/python3.12/site-packages/airflow/example_dags/example_bash_decorator.py for tasks to queue
[2025-10-27T21:32:20.384-0300] {logging_mixin.py:188} INFO - [2025-10-27T21:32:20.384-0300] {dagbag.py:545} INFO - Filling up the DagBag from /home/joaosousa/projects/spotify-project/venv/lib/python3.12/site-packages/airflow/example_dags/example_bash_decorator.py
[2025-10-27T21:32:20.393-0300] {processor.py:840} INFO - DAG(s) 'example_bash_decorator' retrieved from /home/joaosousa/projects/spotify-project/venv/lib/python3.12/site-packages/airflow/example_dags/example_bash_decorator.py
[2025-10-27T21:32:20.405-0300] {logging_mixin.py:188} INFO - [2025-10-27T21:32:20.405-0300] {dag.py:3096} INFO - Sync 1 DAGs
[2025-10-27T21:32:20.413-0300] {logging_mixin.py:188} INFO - [2025-10-27T21:32:20.412-0300] {dag.py:3954} INFO - Setting next_dagrun for example_bash_decorator to None, run_after=None
[2025-10-27T21:32:20.428-0300] {processor.py:183} INFO - Processing /home/joaosousa/projects/spotify-project/venv/lib/python3.12/site-packages/airflow/example_dags/example_bash_decorator.py took 0.051 seconds
[2025-10-27T21:33:28.156-0300] {processor.py:161} INFO - Started process (PID=1420) to work on /home/joaosousa/projects/spotify-project/venv/lib/python3.12/site-packages/airflow/example_dags/example_bash_decorator.py
[2025-10-27T21:33:28.158-0300] {processor.py:830} INFO - Processing file /home/joaosousa/projects/spotify-project/venv/lib/python3.12/site-packages/airflow/example_dags/example_bash_decorator.py for tasks to queue
[2025-10-27T21:33:28.159-0300] {logging_mixin.py:188} INFO - [2025-10-27T21:33:28.159-0300] {dagbag.py:545} INFO - Filling up the DagBag from /home/joaosousa/projects/spotify-project/venv/lib/python3.12/site-packages/airflow/example_dags/example_bash_decorator.py
[2025-10-27T21:33:28.169-0300] {processor.py:840} INFO - DAG(s) 'example_bash_decorator' retrieved from /home/joaosousa/projects/spotify-project/venv/lib/python3.12/site-packages/airflow/example_dags/example_bash_decorator.py
[2025-10-27T21:33:28.183-0300] {logging_mixin.py:188} INFO - [2025-10-27T21:33:28.182-0300] {dag.py:3096} INFO - Sync 1 DAGs
[2025-10-27T21:33:28.190-0300] {logging_mixin.py:188} INFO - [2025-10-27T21:33:28.190-0300] {dag.py:3954} INFO - Setting next_dagrun for example_bash_decorator to None, run_after=None
[2025-10-27T21:33:28.206-0300] {processor.py:183} INFO - Processing /home/joaosousa/projects/spotify-project/venv/lib/python3.12/site-packages/airflow/example_dags/example_bash_decorator.py took 0.054 seconds
[2025-10-27T21:34:31.319-0300] {processor.py:161} INFO - Started process (PID=1532) to work on /home/joaosousa/projects/spotify-project/venv/lib/python3.12/site-packages/airflow/example_dags/example_bash_decorator.py
[2025-10-27T21:34:31.321-0300] {processor.py:830} INFO - Processing file /home/joaosousa/projects/spotify-project/venv/lib/python3.12/site-packages/airflow/example_dags/example_bash_decorator.py for tasks to queue
[2025-10-27T21:34:31.322-0300] {logging_mixin.py:188} INFO - [2025-10-27T21:34:31.322-0300] {dagbag.py:545} INFO - Filling up the DagBag from /home/joaosousa/projects/spotify-project/venv/lib/python3.12/site-packages/airflow/example_dags/example_bash_decorator.py
[2025-10-27T21:34:31.331-0300] {processor.py:840} INFO - DAG(s) 'example_bash_decorator' retrieved from /home/joaosousa/projects/spotify-project/venv/lib/python3.12/site-packages/airflow/example_dags/example_bash_decorator.py
[2025-10-27T21:34:31.343-0300] {logging_mixin.py:188} INFO - [2025-10-27T21:34:31.343-0300] {dag.py:3096} INFO - Sync 1 DAGs
[2025-10-27T21:34:31.350-0300] {logging_mixin.py:188} INFO - [2025-10-27T21:34:31.350-0300] {dag.py:3954} INFO - Setting next_dagrun for example_bash_decorator to None, run_after=None
[2025-10-27T21:34:31.363-0300] {processor.py:183} INFO - Processing /home/joaosousa/projects/spotify-project/venv/lib/python3.12/site-packages/airflow/example_dags/example_bash_decorator.py took 0.048 seconds
[2025-10-27T21:35:28.755-0300] {processor.py:161} INFO - Started process (PID=1617) to work on /home/joaosousa/projects/spotify-project/venv/lib/python3.12/site-packages/airflow/example_dags/example_bash_decorator.py
[2025-10-27T21:35:28.758-0300] {processor.py:830} INFO - Processing file /home/joaosousa/projects/spotify-project/venv/lib/python3.12/site-packages/airflow/example_dags/example_bash_decorator.py for tasks to queue
[2025-10-27T21:35:28.759-0300] {logging_mixin.py:188} INFO - [2025-10-27T21:35:28.759-0300] {dagbag.py:545} INFO - Filling up the DagBag from /home/joaosousa/projects/spotify-project/venv/lib/python3.12/site-packages/airflow/example_dags/example_bash_decorator.py
[2025-10-27T21:35:28.768-0300] {processor.py:840} INFO - DAG(s) 'example_bash_decorator' retrieved from /home/joaosousa/projects/spotify-project/venv/lib/python3.12/site-packages/airflow/example_dags/example_bash_decorator.py
[2025-10-27T21:35:28.781-0300] {logging_mixin.py:188} INFO - [2025-10-27T21:35:28.780-0300] {dag.py:3096} INFO - Sync 1 DAGs
[2025-10-27T21:35:28.788-0300] {logging_mixin.py:188} INFO - [2025-10-27T21:35:28.788-0300] {dag.py:3954} INFO - Setting next_dagrun for example_bash_decorator to None, run_after=None
[2025-10-27T21:35:28.803-0300] {processor.py:183} INFO - Processing /home/joaosousa/projects/spotify-project/venv/lib/python3.12/site-packages/airflow/example_dags/example_bash_decorator.py took 0.052 seconds
[2025-10-27T21:36:40.225-0300] {processor.py:161} INFO - Started process (PID=1735) to work on /home/joaosousa/projects/spotify-project/venv/lib/python3.12/site-packages/airflow/example_dags/example_bash_decorator.py
[2025-10-27T21:36:40.227-0300] {processor.py:830} INFO - Processing file /home/joaosousa/projects/spotify-project/venv/lib/python3.12/site-packages/airflow/example_dags/example_bash_decorator.py for tasks to queue
[2025-10-27T21:36:40.228-0300] {logging_mixin.py:188} INFO - [2025-10-27T21:36:40.228-0300] {dagbag.py:545} INFO - Filling up the DagBag from /home/joaosousa/projects/spotify-project/venv/lib/python3.12/site-packages/airflow/example_dags/example_bash_decorator.py
[2025-10-27T21:36:40.336-0300] {processor.py:840} INFO - DAG(s) 'example_bash_decorator' retrieved from /home/joaosousa/projects/spotify-project/venv/lib/python3.12/site-packages/airflow/example_dags/example_bash_decorator.py
[2025-10-27T21:36:40.345-0300] {logging_mixin.py:188} INFO - [2025-10-27T21:36:40.345-0300] {dag.py:3096} INFO - Sync 1 DAGs
[2025-10-27T21:36:40.350-0300] {logging_mixin.py:188} INFO - [2025-10-27T21:36:40.350-0300] {dag.py:3954} INFO - Setting next_dagrun for example_bash_decorator to None, run_after=None
[2025-10-27T21:36:40.364-0300] {processor.py:183} INFO - Processing /home/joaosousa/projects/spotify-project/venv/lib/python3.12/site-packages/airflow/example_dags/example_bash_decorator.py took 0.144 seconds
[2025-10-27T21:37:45.849-0300] {processor.py:161} INFO - Started process (PID=1829) to work on /home/joaosousa/projects/spotify-project/venv/lib/python3.12/site-packages/airflow/example_dags/example_bash_decorator.py
[2025-10-27T21:37:45.851-0300] {processor.py:830} INFO - Processing file /home/joaosousa/projects/spotify-project/venv/lib/python3.12/site-packages/airflow/example_dags/example_bash_decorator.py for tasks to queue
[2025-10-27T21:37:45.853-0300] {logging_mixin.py:188} INFO - [2025-10-27T21:37:45.852-0300] {dagbag.py:545} INFO - Filling up the DagBag from /home/joaosousa/projects/spotify-project/venv/lib/python3.12/site-packages/airflow/example_dags/example_bash_decorator.py
[2025-10-27T21:37:45.863-0300] {processor.py:840} INFO - DAG(s) 'example_bash_decorator' retrieved from /home/joaosousa/projects/spotify-project/venv/lib/python3.12/site-packages/airflow/example_dags/example_bash_decorator.py
[2025-10-27T21:37:45.875-0300] {logging_mixin.py:188} INFO - [2025-10-27T21:37:45.875-0300] {dag.py:3096} INFO - Sync 1 DAGs
[2025-10-27T21:37:45.883-0300] {logging_mixin.py:188} INFO - [2025-10-27T21:37:45.883-0300] {dag.py:3954} INFO - Setting next_dagrun for example_bash_decorator to None, run_after=None
[2025-10-27T21:37:45.900-0300] {processor.py:183} INFO - Processing /home/joaosousa/projects/spotify-project/venv/lib/python3.12/site-packages/airflow/example_dags/example_bash_decorator.py took 0.056 seconds
[2025-10-27T21:38:47.314-0300] {processor.py:161} INFO - Started process (PID=1946) to work on /home/joaosousa/projects/spotify-project/venv/lib/python3.12/site-packages/airflow/example_dags/example_bash_decorator.py
[2025-10-27T21:38:47.316-0300] {processor.py:830} INFO - Processing file /home/joaosousa/projects/spotify-project/venv/lib/python3.12/site-packages/airflow/example_dags/example_bash_decorator.py for tasks to queue
[2025-10-27T21:38:47.317-0300] {logging_mixin.py:188} INFO - [2025-10-27T21:38:47.317-0300] {dagbag.py:545} INFO - Filling up the DagBag from /home/joaosousa/projects/spotify-project/venv/lib/python3.12/site-packages/airflow/example_dags/example_bash_decorator.py
[2025-10-27T21:38:47.327-0300] {processor.py:840} INFO - DAG(s) 'example_bash_decorator' retrieved from /home/joaosousa/projects/spotify-project/venv/lib/python3.12/site-packages/airflow/example_dags/example_bash_decorator.py
[2025-10-27T21:38:47.339-0300] {logging_mixin.py:188} INFO - [2025-10-27T21:38:47.339-0300] {dag.py:3096} INFO - Sync 1 DAGs
[2025-10-27T21:38:47.347-0300] {logging_mixin.py:188} INFO - [2025-10-27T21:38:47.347-0300] {dag.py:3954} INFO - Setting next_dagrun for example_bash_decorator to None, run_after=None
[2025-10-27T21:38:47.364-0300] {processor.py:183} INFO - Processing /home/joaosousa/projects/spotify-project/venv/lib/python3.12/site-packages/airflow/example_dags/example_bash_decorator.py took 0.055 seconds
[2025-10-27T21:39:42.397-0300] {processor.py:161} INFO - Started process (PID=2035) to work on /home/joaosousa/projects/spotify-project/venv/lib/python3.12/site-packages/airflow/example_dags/example_bash_decorator.py
[2025-10-27T21:39:42.399-0300] {processor.py:830} INFO - Processing file /home/joaosousa/projects/spotify-project/venv/lib/python3.12/site-packages/airflow/example_dags/example_bash_decorator.py for tasks to queue
[2025-10-27T21:39:42.400-0300] {logging_mixin.py:188} INFO - [2025-10-27T21:39:42.400-0300] {dagbag.py:545} INFO - Filling up the DagBag from /home/joaosousa/projects/spotify-project/venv/lib/python3.12/site-packages/airflow/example_dags/example_bash_decorator.py
[2025-10-27T21:39:42.410-0300] {processor.py:840} INFO - DAG(s) 'example_bash_decorator' retrieved from /home/joaosousa/projects/spotify-project/venv/lib/python3.12/site-packages/airflow/example_dags/example_bash_decorator.py
[2025-10-27T21:39:42.422-0300] {logging_mixin.py:188} INFO - [2025-10-27T21:39:42.422-0300] {dag.py:3096} INFO - Sync 1 DAGs
[2025-10-27T21:39:42.430-0300] {logging_mixin.py:188} INFO - [2025-10-27T21:39:42.430-0300] {dag.py:3954} INFO - Setting next_dagrun for example_bash_decorator to None, run_after=None
[2025-10-27T21:39:42.445-0300] {processor.py:183} INFO - Processing /home/joaosousa/projects/spotify-project/venv/lib/python3.12/site-packages/airflow/example_dags/example_bash_decorator.py took 0.053 seconds
[2025-10-27T21:40:46.118-0300] {processor.py:161} INFO - Started process (PID=2143) to work on /home/joaosousa/projects/spotify-project/venv/lib/python3.12/site-packages/airflow/example_dags/example_bash_decorator.py
[2025-10-27T21:40:46.119-0300] {processor.py:830} INFO - Processing file /home/joaosousa/projects/spotify-project/venv/lib/python3.12/site-packages/airflow/example_dags/example_bash_decorator.py for tasks to queue
[2025-10-27T21:40:46.120-0300] {logging_mixin.py:188} INFO - [2025-10-27T21:40:46.120-0300] {dagbag.py:545} INFO - Filling up the DagBag from /home/joaosousa/projects/spotify-project/venv/lib/python3.12/site-packages/airflow/example_dags/example_bash_decorator.py
[2025-10-27T21:40:46.133-0300] {processor.py:840} INFO - DAG(s) 'example_bash_decorator' retrieved from /home/joaosousa/projects/spotify-project/venv/lib/python3.12/site-packages/airflow/example_dags/example_bash_decorator.py
[2025-10-27T21:40:46.150-0300] {logging_mixin.py:188} INFO - [2025-10-27T21:40:46.150-0300] {dag.py:3096} INFO - Sync 1 DAGs
[2025-10-27T21:40:46.161-0300] {logging_mixin.py:188} INFO - [2025-10-27T21:40:46.160-0300] {dag.py:3954} INFO - Setting next_dagrun for example_bash_decorator to None, run_after=None
[2025-10-27T21:40:46.187-0300] {processor.py:183} INFO - Processing /home/joaosousa/projects/spotify-project/venv/lib/python3.12/site-packages/airflow/example_dags/example_bash_decorator.py took 0.075 seconds
[2025-10-27T21:41:46.922-0300] {processor.py:161} INFO - Started process (PID=2283) to work on /home/joaosousa/projects/spotify-project/venv/lib/python3.12/site-packages/airflow/example_dags/example_bash_decorator.py
[2025-10-27T21:41:46.924-0300] {processor.py:830} INFO - Processing file /home/joaosousa/projects/spotify-project/venv/lib/python3.12/site-packages/airflow/example_dags/example_bash_decorator.py for tasks to queue
[2025-10-27T21:41:46.925-0300] {logging_mixin.py:188} INFO - [2025-10-27T21:41:46.925-0300] {dagbag.py:545} INFO - Filling up the DagBag from /home/joaosousa/projects/spotify-project/venv/lib/python3.12/site-packages/airflow/example_dags/example_bash_decorator.py
[2025-10-27T21:41:46.935-0300] {processor.py:840} INFO - DAG(s) 'example_bash_decorator' retrieved from /home/joaosousa/projects/spotify-project/venv/lib/python3.12/site-packages/airflow/example_dags/example_bash_decorator.py
[2025-10-27T21:41:46.948-0300] {logging_mixin.py:188} INFO - [2025-10-27T21:41:46.948-0300] {dag.py:3096} INFO - Sync 1 DAGs
[2025-10-27T21:41:46.957-0300] {logging_mixin.py:188} INFO - [2025-10-27T21:41:46.957-0300] {dag.py:3954} INFO - Setting next_dagrun for example_bash_decorator to None, run_after=None
[2025-10-27T21:41:46.971-0300] {processor.py:183} INFO - Processing /home/joaosousa/projects/spotify-project/venv/lib/python3.12/site-packages/airflow/example_dags/example_bash_decorator.py took 0.054 seconds
[2025-10-27T21:42:44.782-0300] {processor.py:161} INFO - Started process (PID=2456) to work on /home/joaosousa/projects/spotify-project/venv/lib/python3.12/site-packages/airflow/example_dags/example_bash_decorator.py
[2025-10-27T21:42:44.783-0300] {processor.py:830} INFO - Processing file /home/joaosousa/projects/spotify-project/venv/lib/python3.12/site-packages/airflow/example_dags/example_bash_decorator.py for tasks to queue
[2025-10-27T21:42:44.785-0300] {logging_mixin.py:188} INFO - [2025-10-27T21:42:44.785-0300] {dagbag.py:545} INFO - Filling up the DagBag from /home/joaosousa/projects/spotify-project/venv/lib/python3.12/site-packages/airflow/example_dags/example_bash_decorator.py
[2025-10-27T21:42:44.795-0300] {processor.py:840} INFO - DAG(s) 'example_bash_decorator' retrieved from /home/joaosousa/projects/spotify-project/venv/lib/python3.12/site-packages/airflow/example_dags/example_bash_decorator.py
[2025-10-27T21:42:44.808-0300] {logging_mixin.py:188} INFO - [2025-10-27T21:42:44.808-0300] {dag.py:3096} INFO - Sync 1 DAGs
[2025-10-27T21:42:44.817-0300] {logging_mixin.py:188} INFO - [2025-10-27T21:42:44.817-0300] {dag.py:3954} INFO - Setting next_dagrun for example_bash_decorator to None, run_after=None
[2025-10-27T21:42:44.833-0300] {processor.py:183} INFO - Processing /home/joaosousa/projects/spotify-project/venv/lib/python3.12/site-packages/airflow/example_dags/example_bash_decorator.py took 0.056 seconds
[2025-10-27T21:43:45.739-0300] {processor.py:161} INFO - Started process (PID=2563) to work on /home/joaosousa/projects/spotify-project/venv/lib/python3.12/site-packages/airflow/example_dags/example_bash_decorator.py
[2025-10-27T21:43:45.741-0300] {processor.py:830} INFO - Processing file /home/joaosousa/projects/spotify-project/venv/lib/python3.12/site-packages/airflow/example_dags/example_bash_decorator.py for tasks to queue
[2025-10-27T21:43:45.742-0300] {logging_mixin.py:188} INFO - [2025-10-27T21:43:45.742-0300] {dagbag.py:545} INFO - Filling up the DagBag from /home/joaosousa/projects/spotify-project/venv/lib/python3.12/site-packages/airflow/example_dags/example_bash_decorator.py
[2025-10-27T21:43:45.752-0300] {processor.py:840} INFO - DAG(s) 'example_bash_decorator' retrieved from /home/joaosousa/projects/spotify-project/venv/lib/python3.12/site-packages/airflow/example_dags/example_bash_decorator.py
[2025-10-27T21:43:45.765-0300] {logging_mixin.py:188} INFO - [2025-10-27T21:43:45.764-0300] {dag.py:3096} INFO - Sync 1 DAGs
[2025-10-27T21:43:45.772-0300] {logging_mixin.py:188} INFO - [2025-10-27T21:43:45.772-0300] {dag.py:3954} INFO - Setting next_dagrun for example_bash_decorator to None, run_after=None
[2025-10-27T21:43:45.787-0300] {processor.py:183} INFO - Processing /home/joaosousa/projects/spotify-project/venv/lib/python3.12/site-packages/airflow/example_dags/example_bash_decorator.py took 0.052 seconds
[2025-10-27T21:44:44.273-0300] {processor.py:161} INFO - Started process (PID=2668) to work on /home/joaosousa/projects/spotify-project/venv/lib/python3.12/site-packages/airflow/example_dags/example_bash_decorator.py
[2025-10-27T21:44:44.275-0300] {processor.py:830} INFO - Processing file /home/joaosousa/projects/spotify-project/venv/lib/python3.12/site-packages/airflow/example_dags/example_bash_decorator.py for tasks to queue
[2025-10-27T21:44:44.276-0300] {logging_mixin.py:188} INFO - [2025-10-27T21:44:44.276-0300] {dagbag.py:545} INFO - Filling up the DagBag from /home/joaosousa/projects/spotify-project/venv/lib/python3.12/site-packages/airflow/example_dags/example_bash_decorator.py
[2025-10-27T21:44:44.287-0300] {processor.py:840} INFO - DAG(s) 'example_bash_decorator' retrieved from /home/joaosousa/projects/spotify-project/venv/lib/python3.12/site-packages/airflow/example_dags/example_bash_decorator.py
[2025-10-27T21:44:44.300-0300] {logging_mixin.py:188} INFO - [2025-10-27T21:44:44.300-0300] {dag.py:3096} INFO - Sync 1 DAGs
[2025-10-27T21:44:44.308-0300] {logging_mixin.py:188} INFO - [2025-10-27T21:44:44.308-0300] {dag.py:3954} INFO - Setting next_dagrun for example_bash_decorator to None, run_after=None
[2025-10-27T21:44:44.324-0300] {processor.py:183} INFO - Processing /home/joaosousa/projects/spotify-project/venv/lib/python3.12/site-packages/airflow/example_dags/example_bash_decorator.py took 0.055 seconds
[2025-10-27T21:45:42.330-0300] {processor.py:161} INFO - Started process (PID=2971) to work on /home/joaosousa/projects/spotify-project/venv/lib/python3.12/site-packages/airflow/example_dags/example_bash_decorator.py
[2025-10-27T21:45:42.332-0300] {processor.py:830} INFO - Processing file /home/joaosousa/projects/spotify-project/venv/lib/python3.12/site-packages/airflow/example_dags/example_bash_decorator.py for tasks to queue
[2025-10-27T21:45:42.333-0300] {logging_mixin.py:188} INFO - [2025-10-27T21:45:42.333-0300] {dagbag.py:545} INFO - Filling up the DagBag from /home/joaosousa/projects/spotify-project/venv/lib/python3.12/site-packages/airflow/example_dags/example_bash_decorator.py
[2025-10-27T21:45:42.343-0300] {processor.py:840} INFO - DAG(s) 'example_bash_decorator' retrieved from /home/joaosousa/projects/spotify-project/venv/lib/python3.12/site-packages/airflow/example_dags/example_bash_decorator.py
[2025-10-27T21:45:42.355-0300] {logging_mixin.py:188} INFO - [2025-10-27T21:45:42.355-0300] {dag.py:3096} INFO - Sync 1 DAGs
[2025-10-27T21:45:42.363-0300] {logging_mixin.py:188} INFO - [2025-10-27T21:45:42.362-0300] {dag.py:3954} INFO - Setting next_dagrun for example_bash_decorator to None, run_after=None
[2025-10-27T21:45:42.377-0300] {processor.py:183} INFO - Processing /home/joaosousa/projects/spotify-project/venv/lib/python3.12/site-packages/airflow/example_dags/example_bash_decorator.py took 0.051 seconds
[2025-10-27T21:46:47.314-0300] {processor.py:161} INFO - Started process (PID=3081) to work on /home/joaosousa/projects/spotify-project/venv/lib/python3.12/site-packages/airflow/example_dags/example_bash_decorator.py
[2025-10-27T21:46:47.316-0300] {processor.py:830} INFO - Processing file /home/joaosousa/projects/spotify-project/venv/lib/python3.12/site-packages/airflow/example_dags/example_bash_decorator.py for tasks to queue
[2025-10-27T21:46:47.318-0300] {logging_mixin.py:188} INFO - [2025-10-27T21:46:47.317-0300] {dagbag.py:545} INFO - Filling up the DagBag from /home/joaosousa/projects/spotify-project/venv/lib/python3.12/site-packages/airflow/example_dags/example_bash_decorator.py
[2025-10-27T21:46:47.327-0300] {processor.py:840} INFO - DAG(s) 'example_bash_decorator' retrieved from /home/joaosousa/projects/spotify-project/venv/lib/python3.12/site-packages/airflow/example_dags/example_bash_decorator.py
[2025-10-27T21:46:47.339-0300] {logging_mixin.py:188} INFO - [2025-10-27T21:46:47.339-0300] {dag.py:3096} INFO - Sync 1 DAGs
[2025-10-27T21:46:47.346-0300] {logging_mixin.py:188} INFO - [2025-10-27T21:46:47.346-0300] {dag.py:3954} INFO - Setting next_dagrun for example_bash_decorator to None, run_after=None
[2025-10-27T21:46:47.360-0300] {processor.py:183} INFO - Processing /home/joaosousa/projects/spotify-project/venv/lib/python3.12/site-packages/airflow/example_dags/example_bash_decorator.py took 0.050 seconds
[2025-10-27T21:47:54.811-0300] {processor.py:161} INFO - Started process (PID=3271) to work on /home/joaosousa/projects/spotify-project/venv/lib/python3.12/site-packages/airflow/example_dags/example_bash_decorator.py
[2025-10-27T21:47:54.813-0300] {processor.py:830} INFO - Processing file /home/joaosousa/projects/spotify-project/venv/lib/python3.12/site-packages/airflow/example_dags/example_bash_decorator.py for tasks to queue
[2025-10-27T21:47:54.815-0300] {logging_mixin.py:188} INFO - [2025-10-27T21:47:54.814-0300] {dagbag.py:545} INFO - Filling up the DagBag from /home/joaosousa/projects/spotify-project/venv/lib/python3.12/site-packages/airflow/example_dags/example_bash_decorator.py
[2025-10-27T21:47:54.829-0300] {processor.py:840} INFO - DAG(s) 'example_bash_decorator' retrieved from /home/joaosousa/projects/spotify-project/venv/lib/python3.12/site-packages/airflow/example_dags/example_bash_decorator.py
[2025-10-27T21:47:54.848-0300] {logging_mixin.py:188} INFO - [2025-10-27T21:47:54.847-0300] {dag.py:3096} INFO - Sync 1 DAGs
[2025-10-27T21:47:54.860-0300] {logging_mixin.py:188} INFO - [2025-10-27T21:47:54.860-0300] {dag.py:3954} INFO - Setting next_dagrun for example_bash_decorator to None, run_after=None
[2025-10-27T21:47:54.879-0300] {processor.py:183} INFO - Processing /home/joaosousa/projects/spotify-project/venv/lib/python3.12/site-packages/airflow/example_dags/example_bash_decorator.py took 0.075 seconds
[2025-10-27T21:48:56.567-0300] {processor.py:161} INFO - Started process (PID=3547) to work on /home/joaosousa/projects/spotify-project/venv/lib/python3.12/site-packages/airflow/example_dags/example_bash_decorator.py
[2025-10-27T21:48:56.569-0300] {processor.py:830} INFO - Processing file /home/joaosousa/projects/spotify-project/venv/lib/python3.12/site-packages/airflow/example_dags/example_bash_decorator.py for tasks to queue
[2025-10-27T21:48:56.570-0300] {logging_mixin.py:188} INFO - [2025-10-27T21:48:56.570-0300] {dagbag.py:545} INFO - Filling up the DagBag from /home/joaosousa/projects/spotify-project/venv/lib/python3.12/site-packages/airflow/example_dags/example_bash_decorator.py
[2025-10-27T21:48:56.580-0300] {processor.py:840} INFO - DAG(s) 'example_bash_decorator' retrieved from /home/joaosousa/projects/spotify-project/venv/lib/python3.12/site-packages/airflow/example_dags/example_bash_decorator.py
[2025-10-27T21:48:56.592-0300] {logging_mixin.py:188} INFO - [2025-10-27T21:48:56.592-0300] {dag.py:3096} INFO - Sync 1 DAGs
[2025-10-27T21:48:56.600-0300] {logging_mixin.py:188} INFO - [2025-10-27T21:48:56.600-0300] {dag.py:3954} INFO - Setting next_dagrun for example_bash_decorator to None, run_after=None
[2025-10-27T21:48:56.613-0300] {processor.py:183} INFO - Processing /home/joaosousa/projects/spotify-project/venv/lib/python3.12/site-packages/airflow/example_dags/example_bash_decorator.py took 0.051 seconds
[2025-10-27T21:49:53.435-0300] {processor.py:161} INFO - Started process (PID=3645) to work on /home/joaosousa/projects/spotify-project/venv/lib/python3.12/site-packages/airflow/example_dags/example_bash_decorator.py
[2025-10-27T21:49:53.437-0300] {processor.py:830} INFO - Processing file /home/joaosousa/projects/spotify-project/venv/lib/python3.12/site-packages/airflow/example_dags/example_bash_decorator.py for tasks to queue
[2025-10-27T21:49:53.438-0300] {logging_mixin.py:188} INFO - [2025-10-27T21:49:53.438-0300] {dagbag.py:545} INFO - Filling up the DagBag from /home/joaosousa/projects/spotify-project/venv/lib/python3.12/site-packages/airflow/example_dags/example_bash_decorator.py
[2025-10-27T21:49:53.448-0300] {processor.py:840} INFO - DAG(s) 'example_bash_decorator' retrieved from /home/joaosousa/projects/spotify-project/venv/lib/python3.12/site-packages/airflow/example_dags/example_bash_decorator.py
[2025-10-27T21:49:53.461-0300] {logging_mixin.py:188} INFO - [2025-10-27T21:49:53.461-0300] {dag.py:3096} INFO - Sync 1 DAGs
[2025-10-27T21:49:53.469-0300] {logging_mixin.py:188} INFO - [2025-10-27T21:49:53.469-0300] {dag.py:3954} INFO - Setting next_dagrun for example_bash_decorator to None, run_after=None
[2025-10-27T21:49:53.484-0300] {processor.py:183} INFO - Processing /home/joaosousa/projects/spotify-project/venv/lib/python3.12/site-packages/airflow/example_dags/example_bash_decorator.py took 0.053 seconds
[2025-10-27T21:50:58.919-0300] {processor.py:161} INFO - Started process (PID=3755) to work on /home/joaosousa/projects/spotify-project/venv/lib/python3.12/site-packages/airflow/example_dags/example_bash_decorator.py
[2025-10-27T21:50:58.921-0300] {processor.py:830} INFO - Processing file /home/joaosousa/projects/spotify-project/venv/lib/python3.12/site-packages/airflow/example_dags/example_bash_decorator.py for tasks to queue
[2025-10-27T21:50:58.922-0300] {logging_mixin.py:188} INFO - [2025-10-27T21:50:58.922-0300] {dagbag.py:545} INFO - Filling up the DagBag from /home/joaosousa/projects/spotify-project/venv/lib/python3.12/site-packages/airflow/example_dags/example_bash_decorator.py
[2025-10-27T21:50:58.934-0300] {processor.py:840} INFO - DAG(s) 'example_bash_decorator' retrieved from /home/joaosousa/projects/spotify-project/venv/lib/python3.12/site-packages/airflow/example_dags/example_bash_decorator.py
[2025-10-27T21:50:58.949-0300] {logging_mixin.py:188} INFO - [2025-10-27T21:50:58.948-0300] {dag.py:3096} INFO - Sync 1 DAGs
[2025-10-27T21:50:58.958-0300] {logging_mixin.py:188} INFO - [2025-10-27T21:50:58.958-0300] {dag.py:3954} INFO - Setting next_dagrun for example_bash_decorator to None, run_after=None
[2025-10-27T21:50:58.973-0300] {processor.py:183} INFO - Processing /home/joaosousa/projects/spotify-project/venv/lib/python3.12/site-packages/airflow/example_dags/example_bash_decorator.py took 0.060 seconds
[2025-10-27T21:52:03.793-0300] {processor.py:161} INFO - Started process (PID=3886) to work on /home/joaosousa/projects/spotify-project/venv/lib/python3.12/site-packages/airflow/example_dags/example_bash_decorator.py
[2025-10-27T21:52:03.795-0300] {processor.py:830} INFO - Processing file /home/joaosousa/projects/spotify-project/venv/lib/python3.12/site-packages/airflow/example_dags/example_bash_decorator.py for tasks to queue
[2025-10-27T21:52:03.797-0300] {logging_mixin.py:188} INFO - [2025-10-27T21:52:03.796-0300] {dagbag.py:545} INFO - Filling up the DagBag from /home/joaosousa/projects/spotify-project/venv/lib/python3.12/site-packages/airflow/example_dags/example_bash_decorator.py
[2025-10-27T21:52:03.806-0300] {processor.py:840} INFO - DAG(s) 'example_bash_decorator' retrieved from /home/joaosousa/projects/spotify-project/venv/lib/python3.12/site-packages/airflow/example_dags/example_bash_decorator.py
[2025-10-27T21:52:03.819-0300] {logging_mixin.py:188} INFO - [2025-10-27T21:52:03.819-0300] {dag.py:3096} INFO - Sync 1 DAGs
[2025-10-27T21:52:03.828-0300] {logging_mixin.py:188} INFO - [2025-10-27T21:52:03.828-0300] {dag.py:3954} INFO - Setting next_dagrun for example_bash_decorator to None, run_after=None
[2025-10-27T21:52:03.843-0300] {processor.py:183} INFO - Processing /home/joaosousa/projects/spotify-project/venv/lib/python3.12/site-packages/airflow/example_dags/example_bash_decorator.py took 0.054 seconds
[2025-10-27T21:53:04.101-0300] {processor.py:161} INFO - Started process (PID=4021) to work on /home/joaosousa/projects/spotify-project/venv/lib/python3.12/site-packages/airflow/example_dags/example_bash_decorator.py
[2025-10-27T21:53:04.103-0300] {processor.py:830} INFO - Processing file /home/joaosousa/projects/spotify-project/venv/lib/python3.12/site-packages/airflow/example_dags/example_bash_decorator.py for tasks to queue
[2025-10-27T21:53:04.104-0300] {logging_mixin.py:188} INFO - [2025-10-27T21:53:04.104-0300] {dagbag.py:545} INFO - Filling up the DagBag from /home/joaosousa/projects/spotify-project/venv/lib/python3.12/site-packages/airflow/example_dags/example_bash_decorator.py
[2025-10-27T21:53:04.114-0300] {processor.py:840} INFO - DAG(s) 'example_bash_decorator' retrieved from /home/joaosousa/projects/spotify-project/venv/lib/python3.12/site-packages/airflow/example_dags/example_bash_decorator.py
[2025-10-27T21:53:04.127-0300] {logging_mixin.py:188} INFO - [2025-10-27T21:53:04.126-0300] {dag.py:3096} INFO - Sync 1 DAGs
[2025-10-27T21:53:04.134-0300] {logging_mixin.py:188} INFO - [2025-10-27T21:53:04.134-0300] {dag.py:3954} INFO - Setting next_dagrun for example_bash_decorator to None, run_after=None
[2025-10-27T21:53:04.148-0300] {processor.py:183} INFO - Processing /home/joaosousa/projects/spotify-project/venv/lib/python3.12/site-packages/airflow/example_dags/example_bash_decorator.py took 0.053 seconds
[2025-10-27T21:54:04.800-0300] {processor.py:161} INFO - Started process (PID=4162) to work on /home/joaosousa/projects/spotify-project/venv/lib/python3.12/site-packages/airflow/example_dags/example_bash_decorator.py
[2025-10-27T21:54:04.802-0300] {processor.py:830} INFO - Processing file /home/joaosousa/projects/spotify-project/venv/lib/python3.12/site-packages/airflow/example_dags/example_bash_decorator.py for tasks to queue
[2025-10-27T21:54:04.803-0300] {logging_mixin.py:188} INFO - [2025-10-27T21:54:04.803-0300] {dagbag.py:545} INFO - Filling up the DagBag from /home/joaosousa/projects/spotify-project/venv/lib/python3.12/site-packages/airflow/example_dags/example_bash_decorator.py
[2025-10-27T21:54:04.814-0300] {processor.py:840} INFO - DAG(s) 'example_bash_decorator' retrieved from /home/joaosousa/projects/spotify-project/venv/lib/python3.12/site-packages/airflow/example_dags/example_bash_decorator.py
[2025-10-27T21:54:04.826-0300] {logging_mixin.py:188} INFO - [2025-10-27T21:54:04.826-0300] {dag.py:3096} INFO - Sync 1 DAGs
[2025-10-27T21:54:04.835-0300] {logging_mixin.py:188} INFO - [2025-10-27T21:54:04.834-0300] {dag.py:3954} INFO - Setting next_dagrun for example_bash_decorator to None, run_after=None
[2025-10-27T21:54:04.849-0300] {processor.py:183} INFO - Processing /home/joaosousa/projects/spotify-project/venv/lib/python3.12/site-packages/airflow/example_dags/example_bash_decorator.py took 0.053 seconds
[2025-10-27T21:55:09.902-0300] {processor.py:161} INFO - Started process (PID=4266) to work on /home/joaosousa/projects/spotify-project/venv/lib/python3.12/site-packages/airflow/example_dags/example_bash_decorator.py
[2025-10-27T21:55:09.904-0300] {processor.py:830} INFO - Processing file /home/joaosousa/projects/spotify-project/venv/lib/python3.12/site-packages/airflow/example_dags/example_bash_decorator.py for tasks to queue
[2025-10-27T21:55:09.905-0300] {logging_mixin.py:188} INFO - [2025-10-27T21:55:09.905-0300] {dagbag.py:545} INFO - Filling up the DagBag from /home/joaosousa/projects/spotify-project/venv/lib/python3.12/site-packages/airflow/example_dags/example_bash_decorator.py
[2025-10-27T21:55:09.915-0300] {processor.py:840} INFO - DAG(s) 'example_bash_decorator' retrieved from /home/joaosousa/projects/spotify-project/venv/lib/python3.12/site-packages/airflow/example_dags/example_bash_decorator.py
[2025-10-27T21:55:09.927-0300] {logging_mixin.py:188} INFO - [2025-10-27T21:55:09.927-0300] {dag.py:3096} INFO - Sync 1 DAGs
[2025-10-27T21:55:09.935-0300] {logging_mixin.py:188} INFO - [2025-10-27T21:55:09.935-0300] {dag.py:3954} INFO - Setting next_dagrun for example_bash_decorator to None, run_after=None
[2025-10-27T21:55:09.950-0300] {processor.py:183} INFO - Processing /home/joaosousa/projects/spotify-project/venv/lib/python3.12/site-packages/airflow/example_dags/example_bash_decorator.py took 0.052 seconds
[2025-10-27T21:56:12.430-0300] {processor.py:161} INFO - Started process (PID=4368) to work on /home/joaosousa/projects/spotify-project/venv/lib/python3.12/site-packages/airflow/example_dags/example_bash_decorator.py
[2025-10-27T21:56:12.432-0300] {processor.py:830} INFO - Processing file /home/joaosousa/projects/spotify-project/venv/lib/python3.12/site-packages/airflow/example_dags/example_bash_decorator.py for tasks to queue
[2025-10-27T21:56:12.433-0300] {logging_mixin.py:188} INFO - [2025-10-27T21:56:12.433-0300] {dagbag.py:545} INFO - Filling up the DagBag from /home/joaosousa/projects/spotify-project/venv/lib/python3.12/site-packages/airflow/example_dags/example_bash_decorator.py
[2025-10-27T21:56:12.443-0300] {processor.py:840} INFO - DAG(s) 'example_bash_decorator' retrieved from /home/joaosousa/projects/spotify-project/venv/lib/python3.12/site-packages/airflow/example_dags/example_bash_decorator.py
[2025-10-27T21:56:12.456-0300] {logging_mixin.py:188} INFO - [2025-10-27T21:56:12.456-0300] {dag.py:3096} INFO - Sync 1 DAGs
[2025-10-27T21:56:12.465-0300] {logging_mixin.py:188} INFO - [2025-10-27T21:56:12.465-0300] {dag.py:3954} INFO - Setting next_dagrun for example_bash_decorator to None, run_after=None
[2025-10-27T21:56:12.479-0300] {processor.py:183} INFO - Processing /home/joaosousa/projects/spotify-project/venv/lib/python3.12/site-packages/airflow/example_dags/example_bash_decorator.py took 0.054 seconds
[2025-10-27T21:57:15.471-0300] {processor.py:161} INFO - Started process (PID=4567) to work on /home/joaosousa/projects/spotify-project/venv/lib/python3.12/site-packages/airflow/example_dags/example_bash_decorator.py
[2025-10-27T21:57:15.473-0300] {processor.py:830} INFO - Processing file /home/joaosousa/projects/spotify-project/venv/lib/python3.12/site-packages/airflow/example_dags/example_bash_decorator.py for tasks to queue
[2025-10-27T21:57:15.474-0300] {logging_mixin.py:188} INFO - [2025-10-27T21:57:15.474-0300] {dagbag.py:545} INFO - Filling up the DagBag from /home/joaosousa/projects/spotify-project/venv/lib/python3.12/site-packages/airflow/example_dags/example_bash_decorator.py
[2025-10-27T21:57:15.484-0300] {processor.py:840} INFO - DAG(s) 'example_bash_decorator' retrieved from /home/joaosousa/projects/spotify-project/venv/lib/python3.12/site-packages/airflow/example_dags/example_bash_decorator.py
[2025-10-27T21:57:15.497-0300] {logging_mixin.py:188} INFO - [2025-10-27T21:57:15.497-0300] {dag.py:3096} INFO - Sync 1 DAGs
[2025-10-27T21:57:15.505-0300] {logging_mixin.py:188} INFO - [2025-10-27T21:57:15.505-0300] {dag.py:3954} INFO - Setting next_dagrun for example_bash_decorator to None, run_after=None
[2025-10-27T21:57:15.519-0300] {processor.py:183} INFO - Processing /home/joaosousa/projects/spotify-project/venv/lib/python3.12/site-packages/airflow/example_dags/example_bash_decorator.py took 0.053 seconds
[2025-10-27T21:58:14.924-0300] {processor.py:161} INFO - Started process (PID=4671) to work on /home/joaosousa/projects/spotify-project/venv/lib/python3.12/site-packages/airflow/example_dags/example_bash_decorator.py
[2025-10-27T21:58:14.926-0300] {processor.py:830} INFO - Processing file /home/joaosousa/projects/spotify-project/venv/lib/python3.12/site-packages/airflow/example_dags/example_bash_decorator.py for tasks to queue
[2025-10-27T21:58:14.927-0300] {logging_mixin.py:188} INFO - [2025-10-27T21:58:14.927-0300] {dagbag.py:545} INFO - Filling up the DagBag from /home/joaosousa/projects/spotify-project/venv/lib/python3.12/site-packages/airflow/example_dags/example_bash_decorator.py
[2025-10-27T21:58:14.937-0300] {processor.py:840} INFO - DAG(s) 'example_bash_decorator' retrieved from /home/joaosousa/projects/spotify-project/venv/lib/python3.12/site-packages/airflow/example_dags/example_bash_decorator.py
[2025-10-27T21:58:14.949-0300] {logging_mixin.py:188} INFO - [2025-10-27T21:58:14.949-0300] {dag.py:3096} INFO - Sync 1 DAGs
[2025-10-27T21:58:14.958-0300] {logging_mixin.py:188} INFO - [2025-10-27T21:58:14.958-0300] {dag.py:3954} INFO - Setting next_dagrun for example_bash_decorator to None, run_after=None
[2025-10-27T21:58:14.973-0300] {processor.py:183} INFO - Processing /home/joaosousa/projects/spotify-project/venv/lib/python3.12/site-packages/airflow/example_dags/example_bash_decorator.py took 0.053 seconds
[2025-10-27T21:59:13.241-0300] {processor.py:161} INFO - Started process (PID=4767) to work on /home/joaosousa/projects/spotify-project/venv/lib/python3.12/site-packages/airflow/example_dags/example_bash_decorator.py
[2025-10-27T21:59:13.243-0300] {processor.py:830} INFO - Processing file /home/joaosousa/projects/spotify-project/venv/lib/python3.12/site-packages/airflow/example_dags/example_bash_decorator.py for tasks to queue
[2025-10-27T21:59:13.245-0300] {logging_mixin.py:188} INFO - [2025-10-27T21:59:13.244-0300] {dagbag.py:545} INFO - Filling up the DagBag from /home/joaosousa/projects/spotify-project/venv/lib/python3.12/site-packages/airflow/example_dags/example_bash_decorator.py
[2025-10-27T21:59:13.254-0300] {processor.py:840} INFO - DAG(s) 'example_bash_decorator' retrieved from /home/joaosousa/projects/spotify-project/venv/lib/python3.12/site-packages/airflow/example_dags/example_bash_decorator.py
[2025-10-27T21:59:13.267-0300] {logging_mixin.py:188} INFO - [2025-10-27T21:59:13.266-0300] {dag.py:3096} INFO - Sync 1 DAGs
[2025-10-27T21:59:13.275-0300] {logging_mixin.py:188} INFO - [2025-10-27T21:59:13.275-0300] {dag.py:3954} INFO - Setting next_dagrun for example_bash_decorator to None, run_after=None
[2025-10-27T21:59:13.289-0300] {processor.py:183} INFO - Processing /home/joaosousa/projects/spotify-project/venv/lib/python3.12/site-packages/airflow/example_dags/example_bash_decorator.py took 0.052 seconds
[2025-10-27T22:00:20.214-0300] {processor.py:161} INFO - Started process (PID=4904) to work on /home/joaosousa/projects/spotify-project/venv/lib/python3.12/site-packages/airflow/example_dags/example_bash_decorator.py
[2025-10-27T22:00:20.216-0300] {processor.py:830} INFO - Processing file /home/joaosousa/projects/spotify-project/venv/lib/python3.12/site-packages/airflow/example_dags/example_bash_decorator.py for tasks to queue
[2025-10-27T22:00:20.217-0300] {logging_mixin.py:188} INFO - [2025-10-27T22:00:20.217-0300] {dagbag.py:545} INFO - Filling up the DagBag from /home/joaosousa/projects/spotify-project/venv/lib/python3.12/site-packages/airflow/example_dags/example_bash_decorator.py
[2025-10-27T22:00:20.227-0300] {processor.py:840} INFO - DAG(s) 'example_bash_decorator' retrieved from /home/joaosousa/projects/spotify-project/venv/lib/python3.12/site-packages/airflow/example_dags/example_bash_decorator.py
[2025-10-27T22:00:20.240-0300] {logging_mixin.py:188} INFO - [2025-10-27T22:00:20.240-0300] {dag.py:3096} INFO - Sync 1 DAGs
[2025-10-27T22:00:20.248-0300] {logging_mixin.py:188} INFO - [2025-10-27T22:00:20.248-0300] {dag.py:3954} INFO - Setting next_dagrun for example_bash_decorator to None, run_after=None
[2025-10-27T22:00:20.264-0300] {processor.py:183} INFO - Processing /home/joaosousa/projects/spotify-project/venv/lib/python3.12/site-packages/airflow/example_dags/example_bash_decorator.py took 0.054 seconds
[2025-10-27T22:01:22.559-0300] {processor.py:161} INFO - Started process (PID=4999) to work on /home/joaosousa/projects/spotify-project/venv/lib/python3.12/site-packages/airflow/example_dags/example_bash_decorator.py
[2025-10-27T22:01:22.561-0300] {processor.py:830} INFO - Processing file /home/joaosousa/projects/spotify-project/venv/lib/python3.12/site-packages/airflow/example_dags/example_bash_decorator.py for tasks to queue
[2025-10-27T22:01:22.563-0300] {logging_mixin.py:188} INFO - [2025-10-27T22:01:22.563-0300] {dagbag.py:545} INFO - Filling up the DagBag from /home/joaosousa/projects/spotify-project/venv/lib/python3.12/site-packages/airflow/example_dags/example_bash_decorator.py
[2025-10-27T22:01:22.575-0300] {processor.py:840} INFO - DAG(s) 'example_bash_decorator' retrieved from /home/joaosousa/projects/spotify-project/venv/lib/python3.12/site-packages/airflow/example_dags/example_bash_decorator.py
[2025-10-27T22:01:22.590-0300] {logging_mixin.py:188} INFO - [2025-10-27T22:01:22.590-0300] {dag.py:3096} INFO - Sync 1 DAGs
[2025-10-27T22:01:22.599-0300] {logging_mixin.py:188} INFO - [2025-10-27T22:01:22.599-0300] {dag.py:3954} INFO - Setting next_dagrun for example_bash_decorator to None, run_after=None
[2025-10-27T22:01:22.616-0300] {processor.py:183} INFO - Processing /home/joaosousa/projects/spotify-project/venv/lib/python3.12/site-packages/airflow/example_dags/example_bash_decorator.py took 0.062 seconds
[2025-10-27T22:02:20.710-0300] {processor.py:161} INFO - Started process (PID=5125) to work on /home/joaosousa/projects/spotify-project/venv/lib/python3.12/site-packages/airflow/example_dags/example_bash_decorator.py
[2025-10-27T22:02:20.712-0300] {processor.py:830} INFO - Processing file /home/joaosousa/projects/spotify-project/venv/lib/python3.12/site-packages/airflow/example_dags/example_bash_decorator.py for tasks to queue
[2025-10-27T22:02:20.713-0300] {logging_mixin.py:188} INFO - [2025-10-27T22:02:20.713-0300] {dagbag.py:545} INFO - Filling up the DagBag from /home/joaosousa/projects/spotify-project/venv/lib/python3.12/site-packages/airflow/example_dags/example_bash_decorator.py
[2025-10-27T22:02:20.723-0300] {processor.py:840} INFO - DAG(s) 'example_bash_decorator' retrieved from /home/joaosousa/projects/spotify-project/venv/lib/python3.12/site-packages/airflow/example_dags/example_bash_decorator.py
[2025-10-27T22:02:20.736-0300] {logging_mixin.py:188} INFO - [2025-10-27T22:02:20.736-0300] {dag.py:3096} INFO - Sync 1 DAGs
[2025-10-27T22:02:20.745-0300] {logging_mixin.py:188} INFO - [2025-10-27T22:02:20.745-0300] {dag.py:3954} INFO - Setting next_dagrun for example_bash_decorator to None, run_after=None
[2025-10-27T22:02:20.762-0300] {processor.py:183} INFO - Processing /home/joaosousa/projects/spotify-project/venv/lib/python3.12/site-packages/airflow/example_dags/example_bash_decorator.py took 0.058 seconds
[2025-10-27T22:03:24.916-0300] {processor.py:161} INFO - Started process (PID=5219) to work on /home/joaosousa/projects/spotify-project/venv/lib/python3.12/site-packages/airflow/example_dags/example_bash_decorator.py
[2025-10-27T22:03:24.917-0300] {processor.py:830} INFO - Processing file /home/joaosousa/projects/spotify-project/venv/lib/python3.12/site-packages/airflow/example_dags/example_bash_decorator.py for tasks to queue
[2025-10-27T22:03:24.919-0300] {logging_mixin.py:188} INFO - [2025-10-27T22:03:24.919-0300] {dagbag.py:545} INFO - Filling up the DagBag from /home/joaosousa/projects/spotify-project/venv/lib/python3.12/site-packages/airflow/example_dags/example_bash_decorator.py
[2025-10-27T22:03:24.931-0300] {processor.py:840} INFO - DAG(s) 'example_bash_decorator' retrieved from /home/joaosousa/projects/spotify-project/venv/lib/python3.12/site-packages/airflow/example_dags/example_bash_decorator.py
[2025-10-27T22:03:24.945-0300] {logging_mixin.py:188} INFO - [2025-10-27T22:03:24.945-0300] {dag.py:3096} INFO - Sync 1 DAGs
[2025-10-27T22:03:24.953-0300] {logging_mixin.py:188} INFO - [2025-10-27T22:03:24.952-0300] {dag.py:3954} INFO - Setting next_dagrun for example_bash_decorator to None, run_after=None
[2025-10-27T22:03:24.969-0300] {processor.py:183} INFO - Processing /home/joaosousa/projects/spotify-project/venv/lib/python3.12/site-packages/airflow/example_dags/example_bash_decorator.py took 0.058 seconds
[2025-10-27T22:04:22.461-0300] {processor.py:161} INFO - Started process (PID=5331) to work on /home/joaosousa/projects/spotify-project/venv/lib/python3.12/site-packages/airflow/example_dags/example_bash_decorator.py
[2025-10-27T22:04:22.463-0300] {processor.py:830} INFO - Processing file /home/joaosousa/projects/spotify-project/venv/lib/python3.12/site-packages/airflow/example_dags/example_bash_decorator.py for tasks to queue
[2025-10-27T22:04:22.465-0300] {logging_mixin.py:188} INFO - [2025-10-27T22:04:22.465-0300] {dagbag.py:545} INFO - Filling up the DagBag from /home/joaosousa/projects/spotify-project/venv/lib/python3.12/site-packages/airflow/example_dags/example_bash_decorator.py
[2025-10-27T22:04:22.475-0300] {processor.py:840} INFO - DAG(s) 'example_bash_decorator' retrieved from /home/joaosousa/projects/spotify-project/venv/lib/python3.12/site-packages/airflow/example_dags/example_bash_decorator.py
[2025-10-27T22:04:22.487-0300] {logging_mixin.py:188} INFO - [2025-10-27T22:04:22.487-0300] {dag.py:3096} INFO - Sync 1 DAGs
[2025-10-27T22:04:22.495-0300] {logging_mixin.py:188} INFO - [2025-10-27T22:04:22.495-0300] {dag.py:3954} INFO - Setting next_dagrun for example_bash_decorator to None, run_after=None
[2025-10-27T22:04:22.509-0300] {processor.py:183} INFO - Processing /home/joaosousa/projects/spotify-project/venv/lib/python3.12/site-packages/airflow/example_dags/example_bash_decorator.py took 0.053 seconds
[2025-10-27T22:05:19.807-0300] {processor.py:161} INFO - Started process (PID=5425) to work on /home/joaosousa/projects/spotify-project/venv/lib/python3.12/site-packages/airflow/example_dags/example_bash_decorator.py
[2025-10-27T22:05:19.809-0300] {processor.py:830} INFO - Processing file /home/joaosousa/projects/spotify-project/venv/lib/python3.12/site-packages/airflow/example_dags/example_bash_decorator.py for tasks to queue
[2025-10-27T22:05:19.810-0300] {logging_mixin.py:188} INFO - [2025-10-27T22:05:19.810-0300] {dagbag.py:545} INFO - Filling up the DagBag from /home/joaosousa/projects/spotify-project/venv/lib/python3.12/site-packages/airflow/example_dags/example_bash_decorator.py
[2025-10-27T22:05:19.820-0300] {processor.py:840} INFO - DAG(s) 'example_bash_decorator' retrieved from /home/joaosousa/projects/spotify-project/venv/lib/python3.12/site-packages/airflow/example_dags/example_bash_decorator.py
[2025-10-27T22:05:19.834-0300] {logging_mixin.py:188} INFO - [2025-10-27T22:05:19.834-0300] {dag.py:3096} INFO - Sync 1 DAGs
[2025-10-27T22:05:19.841-0300] {logging_mixin.py:188} INFO - [2025-10-27T22:05:19.841-0300] {dag.py:3954} INFO - Setting next_dagrun for example_bash_decorator to None, run_after=None
[2025-10-27T22:05:19.856-0300] {processor.py:183} INFO - Processing /home/joaosousa/projects/spotify-project/venv/lib/python3.12/site-packages/airflow/example_dags/example_bash_decorator.py took 0.053 seconds
[2025-10-27T22:06:20.340-0300] {processor.py:161} INFO - Started process (PID=5535) to work on /home/joaosousa/projects/spotify-project/venv/lib/python3.12/site-packages/airflow/example_dags/example_bash_decorator.py
[2025-10-27T22:06:20.342-0300] {processor.py:830} INFO - Processing file /home/joaosousa/projects/spotify-project/venv/lib/python3.12/site-packages/airflow/example_dags/example_bash_decorator.py for tasks to queue
[2025-10-27T22:06:20.343-0300] {logging_mixin.py:188} INFO - [2025-10-27T22:06:20.343-0300] {dagbag.py:545} INFO - Filling up the DagBag from /home/joaosousa/projects/spotify-project/venv/lib/python3.12/site-packages/airflow/example_dags/example_bash_decorator.py
[2025-10-27T22:06:20.353-0300] {processor.py:840} INFO - DAG(s) 'example_bash_decorator' retrieved from /home/joaosousa/projects/spotify-project/venv/lib/python3.12/site-packages/airflow/example_dags/example_bash_decorator.py
[2025-10-27T22:06:20.366-0300] {logging_mixin.py:188} INFO - [2025-10-27T22:06:20.365-0300] {dag.py:3096} INFO - Sync 1 DAGs
[2025-10-27T22:06:20.373-0300] {logging_mixin.py:188} INFO - [2025-10-27T22:06:20.373-0300] {dag.py:3954} INFO - Setting next_dagrun for example_bash_decorator to None, run_after=None
[2025-10-27T22:06:20.387-0300] {processor.py:183} INFO - Processing /home/joaosousa/projects/spotify-project/venv/lib/python3.12/site-packages/airflow/example_dags/example_bash_decorator.py took 0.052 seconds
[2025-10-27T22:07:18.728-0300] {processor.py:161} INFO - Started process (PID=5637) to work on /home/joaosousa/projects/spotify-project/venv/lib/python3.12/site-packages/airflow/example_dags/example_bash_decorator.py
[2025-10-27T22:07:18.730-0300] {processor.py:830} INFO - Processing file /home/joaosousa/projects/spotify-project/venv/lib/python3.12/site-packages/airflow/example_dags/example_bash_decorator.py for tasks to queue
[2025-10-27T22:07:18.732-0300] {logging_mixin.py:188} INFO - [2025-10-27T22:07:18.731-0300] {dagbag.py:545} INFO - Filling up the DagBag from /home/joaosousa/projects/spotify-project/venv/lib/python3.12/site-packages/airflow/example_dags/example_bash_decorator.py
[2025-10-27T22:07:18.741-0300] {processor.py:840} INFO - DAG(s) 'example_bash_decorator' retrieved from /home/joaosousa/projects/spotify-project/venv/lib/python3.12/site-packages/airflow/example_dags/example_bash_decorator.py
[2025-10-27T22:07:18.755-0300] {logging_mixin.py:188} INFO - [2025-10-27T22:07:18.755-0300] {dag.py:3096} INFO - Sync 1 DAGs
[2025-10-27T22:07:18.763-0300] {logging_mixin.py:188} INFO - [2025-10-27T22:07:18.763-0300] {dag.py:3954} INFO - Setting next_dagrun for example_bash_decorator to None, run_after=None
[2025-10-27T22:07:18.778-0300] {processor.py:183} INFO - Processing /home/joaosousa/projects/spotify-project/venv/lib/python3.12/site-packages/airflow/example_dags/example_bash_decorator.py took 0.055 seconds
[2025-10-27T22:08:17.868-0300] {processor.py:161} INFO - Started process (PID=5747) to work on /home/joaosousa/projects/spotify-project/venv/lib/python3.12/site-packages/airflow/example_dags/example_bash_decorator.py
[2025-10-27T22:08:17.870-0300] {processor.py:830} INFO - Processing file /home/joaosousa/projects/spotify-project/venv/lib/python3.12/site-packages/airflow/example_dags/example_bash_decorator.py for tasks to queue
[2025-10-27T22:08:17.872-0300] {logging_mixin.py:188} INFO - [2025-10-27T22:08:17.871-0300] {dagbag.py:545} INFO - Filling up the DagBag from /home/joaosousa/projects/spotify-project/venv/lib/python3.12/site-packages/airflow/example_dags/example_bash_decorator.py
[2025-10-27T22:08:17.882-0300] {processor.py:840} INFO - DAG(s) 'example_bash_decorator' retrieved from /home/joaosousa/projects/spotify-project/venv/lib/python3.12/site-packages/airflow/example_dags/example_bash_decorator.py
[2025-10-27T22:08:17.896-0300] {logging_mixin.py:188} INFO - [2025-10-27T22:08:17.896-0300] {dag.py:3096} INFO - Sync 1 DAGs
[2025-10-27T22:08:17.908-0300] {logging_mixin.py:188} INFO - [2025-10-27T22:08:17.908-0300] {dag.py:3954} INFO - Setting next_dagrun for example_bash_decorator to None, run_after=None
[2025-10-27T22:08:17.925-0300] {processor.py:183} INFO - Processing /home/joaosousa/projects/spotify-project/venv/lib/python3.12/site-packages/airflow/example_dags/example_bash_decorator.py took 0.061 seconds
[2025-10-27T22:09:19.247-0300] {processor.py:161} INFO - Started process (PID=5836) to work on /home/joaosousa/projects/spotify-project/venv/lib/python3.12/site-packages/airflow/example_dags/example_bash_decorator.py
[2025-10-27T22:09:19.249-0300] {processor.py:830} INFO - Processing file /home/joaosousa/projects/spotify-project/venv/lib/python3.12/site-packages/airflow/example_dags/example_bash_decorator.py for tasks to queue
[2025-10-27T22:09:19.251-0300] {logging_mixin.py:188} INFO - [2025-10-27T22:09:19.251-0300] {dagbag.py:545} INFO - Filling up the DagBag from /home/joaosousa/projects/spotify-project/venv/lib/python3.12/site-packages/airflow/example_dags/example_bash_decorator.py
[2025-10-27T22:09:19.261-0300] {processor.py:840} INFO - DAG(s) 'example_bash_decorator' retrieved from /home/joaosousa/projects/spotify-project/venv/lib/python3.12/site-packages/airflow/example_dags/example_bash_decorator.py
[2025-10-27T22:09:19.274-0300] {logging_mixin.py:188} INFO - [2025-10-27T22:09:19.273-0300] {dag.py:3096} INFO - Sync 1 DAGs
[2025-10-27T22:09:19.281-0300] {logging_mixin.py:188} INFO - [2025-10-27T22:09:19.281-0300] {dag.py:3954} INFO - Setting next_dagrun for example_bash_decorator to None, run_after=None
[2025-10-27T22:09:19.297-0300] {processor.py:183} INFO - Processing /home/joaosousa/projects/spotify-project/venv/lib/python3.12/site-packages/airflow/example_dags/example_bash_decorator.py took 0.054 seconds
[2025-10-27T22:10:18.440-0300] {processor.py:161} INFO - Started process (PID=5945) to work on /home/joaosousa/projects/spotify-project/venv/lib/python3.12/site-packages/airflow/example_dags/example_bash_decorator.py
[2025-10-27T22:10:18.442-0300] {processor.py:830} INFO - Processing file /home/joaosousa/projects/spotify-project/venv/lib/python3.12/site-packages/airflow/example_dags/example_bash_decorator.py for tasks to queue
[2025-10-27T22:10:18.443-0300] {logging_mixin.py:188} INFO - [2025-10-27T22:10:18.443-0300] {dagbag.py:545} INFO - Filling up the DagBag from /home/joaosousa/projects/spotify-project/venv/lib/python3.12/site-packages/airflow/example_dags/example_bash_decorator.py
[2025-10-27T22:10:18.453-0300] {processor.py:840} INFO - DAG(s) 'example_bash_decorator' retrieved from /home/joaosousa/projects/spotify-project/venv/lib/python3.12/site-packages/airflow/example_dags/example_bash_decorator.py
[2025-10-27T22:10:18.466-0300] {logging_mixin.py:188} INFO - [2025-10-27T22:10:18.466-0300] {dag.py:3096} INFO - Sync 1 DAGs
[2025-10-27T22:10:18.475-0300] {logging_mixin.py:188} INFO - [2025-10-27T22:10:18.474-0300] {dag.py:3954} INFO - Setting next_dagrun for example_bash_decorator to None, run_after=None
[2025-10-27T22:10:18.490-0300] {processor.py:183} INFO - Processing /home/joaosousa/projects/spotify-project/venv/lib/python3.12/site-packages/airflow/example_dags/example_bash_decorator.py took 0.055 seconds
[2025-10-27T22:11:14.736-0300] {processor.py:161} INFO - Started process (PID=6030) to work on /home/joaosousa/projects/spotify-project/venv/lib/python3.12/site-packages/airflow/example_dags/example_bash_decorator.py
[2025-10-27T22:11:14.738-0300] {processor.py:830} INFO - Processing file /home/joaosousa/projects/spotify-project/venv/lib/python3.12/site-packages/airflow/example_dags/example_bash_decorator.py for tasks to queue
[2025-10-27T22:11:14.740-0300] {logging_mixin.py:188} INFO - [2025-10-27T22:11:14.739-0300] {dagbag.py:545} INFO - Filling up the DagBag from /home/joaosousa/projects/spotify-project/venv/lib/python3.12/site-packages/airflow/example_dags/example_bash_decorator.py
[2025-10-27T22:11:14.749-0300] {processor.py:840} INFO - DAG(s) 'example_bash_decorator' retrieved from /home/joaosousa/projects/spotify-project/venv/lib/python3.12/site-packages/airflow/example_dags/example_bash_decorator.py
[2025-10-27T22:11:14.762-0300] {logging_mixin.py:188} INFO - [2025-10-27T22:11:14.762-0300] {dag.py:3096} INFO - Sync 1 DAGs
[2025-10-27T22:11:14.770-0300] {logging_mixin.py:188} INFO - [2025-10-27T22:11:14.770-0300] {dag.py:3954} INFO - Setting next_dagrun for example_bash_decorator to None, run_after=None
[2025-10-27T22:11:14.786-0300] {processor.py:183} INFO - Processing /home/joaosousa/projects/spotify-project/venv/lib/python3.12/site-packages/airflow/example_dags/example_bash_decorator.py took 0.054 seconds
[2025-10-27T22:12:12.669-0300] {processor.py:161} INFO - Started process (PID=6140) to work on /home/joaosousa/projects/spotify-project/venv/lib/python3.12/site-packages/airflow/example_dags/example_bash_decorator.py
[2025-10-27T22:12:12.670-0300] {processor.py:830} INFO - Processing file /home/joaosousa/projects/spotify-project/venv/lib/python3.12/site-packages/airflow/example_dags/example_bash_decorator.py for tasks to queue
[2025-10-27T22:12:12.671-0300] {logging_mixin.py:188} INFO - [2025-10-27T22:12:12.671-0300] {dagbag.py:545} INFO - Filling up the DagBag from /home/joaosousa/projects/spotify-project/venv/lib/python3.12/site-packages/airflow/example_dags/example_bash_decorator.py
[2025-10-27T22:12:12.681-0300] {processor.py:840} INFO - DAG(s) 'example_bash_decorator' retrieved from /home/joaosousa/projects/spotify-project/venv/lib/python3.12/site-packages/airflow/example_dags/example_bash_decorator.py
[2025-10-27T22:12:12.694-0300] {logging_mixin.py:188} INFO - [2025-10-27T22:12:12.693-0300] {dag.py:3096} INFO - Sync 1 DAGs
[2025-10-27T22:12:12.702-0300] {logging_mixin.py:188} INFO - [2025-10-27T22:12:12.702-0300] {dag.py:3954} INFO - Setting next_dagrun for example_bash_decorator to None, run_after=None
[2025-10-27T22:12:12.717-0300] {processor.py:183} INFO - Processing /home/joaosousa/projects/spotify-project/venv/lib/python3.12/site-packages/airflow/example_dags/example_bash_decorator.py took 0.052 seconds
[2025-10-27T22:13:10.758-0300] {processor.py:161} INFO - Started process (PID=6246) to work on /home/joaosousa/projects/spotify-project/venv/lib/python3.12/site-packages/airflow/example_dags/example_bash_decorator.py
[2025-10-27T22:13:10.760-0300] {processor.py:830} INFO - Processing file /home/joaosousa/projects/spotify-project/venv/lib/python3.12/site-packages/airflow/example_dags/example_bash_decorator.py for tasks to queue
[2025-10-27T22:13:10.761-0300] {logging_mixin.py:188} INFO - [2025-10-27T22:13:10.761-0300] {dagbag.py:545} INFO - Filling up the DagBag from /home/joaosousa/projects/spotify-project/venv/lib/python3.12/site-packages/airflow/example_dags/example_bash_decorator.py
[2025-10-27T22:13:10.770-0300] {processor.py:840} INFO - DAG(s) 'example_bash_decorator' retrieved from /home/joaosousa/projects/spotify-project/venv/lib/python3.12/site-packages/airflow/example_dags/example_bash_decorator.py
[2025-10-27T22:13:10.783-0300] {logging_mixin.py:188} INFO - [2025-10-27T22:13:10.783-0300] {dag.py:3096} INFO - Sync 1 DAGs
[2025-10-27T22:13:10.791-0300] {logging_mixin.py:188} INFO - [2025-10-27T22:13:10.791-0300] {dag.py:3954} INFO - Setting next_dagrun for example_bash_decorator to None, run_after=None
[2025-10-27T22:13:10.806-0300] {processor.py:183} INFO - Processing /home/joaosousa/projects/spotify-project/venv/lib/python3.12/site-packages/airflow/example_dags/example_bash_decorator.py took 0.053 seconds
[2025-10-27T22:14:12.363-0300] {processor.py:161} INFO - Started process (PID=6357) to work on /home/joaosousa/projects/spotify-project/venv/lib/python3.12/site-packages/airflow/example_dags/example_bash_decorator.py
[2025-10-27T22:14:12.365-0300] {processor.py:830} INFO - Processing file /home/joaosousa/projects/spotify-project/venv/lib/python3.12/site-packages/airflow/example_dags/example_bash_decorator.py for tasks to queue
[2025-10-27T22:14:12.367-0300] {logging_mixin.py:188} INFO - [2025-10-27T22:14:12.367-0300] {dagbag.py:545} INFO - Filling up the DagBag from /home/joaosousa/projects/spotify-project/venv/lib/python3.12/site-packages/airflow/example_dags/example_bash_decorator.py
[2025-10-27T22:14:12.376-0300] {processor.py:840} INFO - DAG(s) 'example_bash_decorator' retrieved from /home/joaosousa/projects/spotify-project/venv/lib/python3.12/site-packages/airflow/example_dags/example_bash_decorator.py
[2025-10-27T22:14:12.388-0300] {logging_mixin.py:188} INFO - [2025-10-27T22:14:12.388-0300] {dag.py:3096} INFO - Sync 1 DAGs
[2025-10-27T22:14:12.395-0300] {logging_mixin.py:188} INFO - [2025-10-27T22:14:12.395-0300] {dag.py:3954} INFO - Setting next_dagrun for example_bash_decorator to None, run_after=None
[2025-10-27T22:14:12.409-0300] {processor.py:183} INFO - Processing /home/joaosousa/projects/spotify-project/venv/lib/python3.12/site-packages/airflow/example_dags/example_bash_decorator.py took 0.050 seconds
[2025-10-27T22:15:17.005-0300] {processor.py:161} INFO - Started process (PID=6447) to work on /home/joaosousa/projects/spotify-project/venv/lib/python3.12/site-packages/airflow/example_dags/example_bash_decorator.py
[2025-10-27T22:15:17.007-0300] {processor.py:830} INFO - Processing file /home/joaosousa/projects/spotify-project/venv/lib/python3.12/site-packages/airflow/example_dags/example_bash_decorator.py for tasks to queue
[2025-10-27T22:15:17.008-0300] {logging_mixin.py:188} INFO - [2025-10-27T22:15:17.008-0300] {dagbag.py:545} INFO - Filling up the DagBag from /home/joaosousa/projects/spotify-project/venv/lib/python3.12/site-packages/airflow/example_dags/example_bash_decorator.py
[2025-10-27T22:15:17.018-0300] {processor.py:840} INFO - DAG(s) 'example_bash_decorator' retrieved from /home/joaosousa/projects/spotify-project/venv/lib/python3.12/site-packages/airflow/example_dags/example_bash_decorator.py
[2025-10-27T22:15:17.031-0300] {logging_mixin.py:188} INFO - [2025-10-27T22:15:17.030-0300] {dag.py:3096} INFO - Sync 1 DAGs
[2025-10-27T22:15:17.038-0300] {logging_mixin.py:188} INFO - [2025-10-27T22:15:17.038-0300] {dag.py:3954} INFO - Setting next_dagrun for example_bash_decorator to None, run_after=None
[2025-10-27T22:15:17.052-0300] {processor.py:183} INFO - Processing /home/joaosousa/projects/spotify-project/venv/lib/python3.12/site-packages/airflow/example_dags/example_bash_decorator.py took 0.052 seconds
[2025-10-27T22:16:15.321-0300] {processor.py:161} INFO - Started process (PID=6577) to work on /home/joaosousa/projects/spotify-project/venv/lib/python3.12/site-packages/airflow/example_dags/example_bash_decorator.py
[2025-10-27T22:16:15.322-0300] {processor.py:830} INFO - Processing file /home/joaosousa/projects/spotify-project/venv/lib/python3.12/site-packages/airflow/example_dags/example_bash_decorator.py for tasks to queue
[2025-10-27T22:16:15.323-0300] {logging_mixin.py:188} INFO - [2025-10-27T22:16:15.323-0300] {dagbag.py:545} INFO - Filling up the DagBag from /home/joaosousa/projects/spotify-project/venv/lib/python3.12/site-packages/airflow/example_dags/example_bash_decorator.py
[2025-10-27T22:16:15.334-0300] {processor.py:840} INFO - DAG(s) 'example_bash_decorator' retrieved from /home/joaosousa/projects/spotify-project/venv/lib/python3.12/site-packages/airflow/example_dags/example_bash_decorator.py
[2025-10-27T22:16:15.347-0300] {logging_mixin.py:188} INFO - [2025-10-27T22:16:15.346-0300] {dag.py:3096} INFO - Sync 1 DAGs
[2025-10-27T22:16:15.355-0300] {logging_mixin.py:188} INFO - [2025-10-27T22:16:15.355-0300] {dag.py:3954} INFO - Setting next_dagrun for example_bash_decorator to None, run_after=None
[2025-10-27T22:16:15.369-0300] {processor.py:183} INFO - Processing /home/joaosousa/projects/spotify-project/venv/lib/python3.12/site-packages/airflow/example_dags/example_bash_decorator.py took 0.053 seconds
[2025-10-27T22:17:14.430-0300] {processor.py:161} INFO - Started process (PID=6676) to work on /home/joaosousa/projects/spotify-project/venv/lib/python3.12/site-packages/airflow/example_dags/example_bash_decorator.py
[2025-10-27T22:17:14.432-0300] {processor.py:830} INFO - Processing file /home/joaosousa/projects/spotify-project/venv/lib/python3.12/site-packages/airflow/example_dags/example_bash_decorator.py for tasks to queue
[2025-10-27T22:17:14.433-0300] {logging_mixin.py:188} INFO - [2025-10-27T22:17:14.433-0300] {dagbag.py:545} INFO - Filling up the DagBag from /home/joaosousa/projects/spotify-project/venv/lib/python3.12/site-packages/airflow/example_dags/example_bash_decorator.py
[2025-10-27T22:17:14.442-0300] {processor.py:840} INFO - DAG(s) 'example_bash_decorator' retrieved from /home/joaosousa/projects/spotify-project/venv/lib/python3.12/site-packages/airflow/example_dags/example_bash_decorator.py
[2025-10-27T22:17:14.454-0300] {logging_mixin.py:188} INFO - [2025-10-27T22:17:14.454-0300] {dag.py:3096} INFO - Sync 1 DAGs
[2025-10-27T22:17:14.462-0300] {logging_mixin.py:188} INFO - [2025-10-27T22:17:14.462-0300] {dag.py:3954} INFO - Setting next_dagrun for example_bash_decorator to None, run_after=None
[2025-10-27T22:17:14.476-0300] {processor.py:183} INFO - Processing /home/joaosousa/projects/spotify-project/venv/lib/python3.12/site-packages/airflow/example_dags/example_bash_decorator.py took 0.050 seconds
[2025-10-27T22:18:16.138-0300] {processor.py:161} INFO - Started process (PID=6795) to work on /home/joaosousa/projects/spotify-project/venv/lib/python3.12/site-packages/airflow/example_dags/example_bash_decorator.py
[2025-10-27T22:18:16.140-0300] {processor.py:830} INFO - Processing file /home/joaosousa/projects/spotify-project/venv/lib/python3.12/site-packages/airflow/example_dags/example_bash_decorator.py for tasks to queue
[2025-10-27T22:18:16.141-0300] {logging_mixin.py:188} INFO - [2025-10-27T22:18:16.141-0300] {dagbag.py:545} INFO - Filling up the DagBag from /home/joaosousa/projects/spotify-project/venv/lib/python3.12/site-packages/airflow/example_dags/example_bash_decorator.py
[2025-10-27T22:18:16.151-0300] {processor.py:840} INFO - DAG(s) 'example_bash_decorator' retrieved from /home/joaosousa/projects/spotify-project/venv/lib/python3.12/site-packages/airflow/example_dags/example_bash_decorator.py
[2025-10-27T22:18:16.162-0300] {logging_mixin.py:188} INFO - [2025-10-27T22:18:16.162-0300] {dag.py:3096} INFO - Sync 1 DAGs
[2025-10-27T22:18:16.170-0300] {logging_mixin.py:188} INFO - [2025-10-27T22:18:16.169-0300] {dag.py:3954} INFO - Setting next_dagrun for example_bash_decorator to None, run_after=None
[2025-10-27T22:18:16.183-0300] {processor.py:183} INFO - Processing /home/joaosousa/projects/spotify-project/venv/lib/python3.12/site-packages/airflow/example_dags/example_bash_decorator.py took 0.050 seconds
[2025-10-27T22:19:16.083-0300] {processor.py:161} INFO - Started process (PID=6897) to work on /home/joaosousa/projects/spotify-project/venv/lib/python3.12/site-packages/airflow/example_dags/example_bash_decorator.py
[2025-10-27T22:19:16.084-0300] {processor.py:830} INFO - Processing file /home/joaosousa/projects/spotify-project/venv/lib/python3.12/site-packages/airflow/example_dags/example_bash_decorator.py for tasks to queue
[2025-10-27T22:19:16.086-0300] {logging_mixin.py:188} INFO - [2025-10-27T22:19:16.085-0300] {dagbag.py:545} INFO - Filling up the DagBag from /home/joaosousa/projects/spotify-project/venv/lib/python3.12/site-packages/airflow/example_dags/example_bash_decorator.py
[2025-10-27T22:19:16.095-0300] {processor.py:840} INFO - DAG(s) 'example_bash_decorator' retrieved from /home/joaosousa/projects/spotify-project/venv/lib/python3.12/site-packages/airflow/example_dags/example_bash_decorator.py
[2025-10-27T22:19:16.107-0300] {logging_mixin.py:188} INFO - [2025-10-27T22:19:16.107-0300] {dag.py:3096} INFO - Sync 1 DAGs
[2025-10-27T22:19:16.114-0300] {logging_mixin.py:188} INFO - [2025-10-27T22:19:16.114-0300] {dag.py:3954} INFO - Setting next_dagrun for example_bash_decorator to None, run_after=None
[2025-10-27T22:19:16.130-0300] {processor.py:183} INFO - Processing /home/joaosousa/projects/spotify-project/venv/lib/python3.12/site-packages/airflow/example_dags/example_bash_decorator.py took 0.052 seconds
[2025-10-27T22:20:12.069-0300] {processor.py:161} INFO - Started process (PID=7005) to work on /home/joaosousa/projects/spotify-project/venv/lib/python3.12/site-packages/airflow/example_dags/example_bash_decorator.py
[2025-10-27T22:20:12.070-0300] {processor.py:830} INFO - Processing file /home/joaosousa/projects/spotify-project/venv/lib/python3.12/site-packages/airflow/example_dags/example_bash_decorator.py for tasks to queue
[2025-10-27T22:20:12.071-0300] {logging_mixin.py:188} INFO - [2025-10-27T22:20:12.071-0300] {dagbag.py:545} INFO - Filling up the DagBag from /home/joaosousa/projects/spotify-project/venv/lib/python3.12/site-packages/airflow/example_dags/example_bash_decorator.py
[2025-10-27T22:20:12.081-0300] {processor.py:840} INFO - DAG(s) 'example_bash_decorator' retrieved from /home/joaosousa/projects/spotify-project/venv/lib/python3.12/site-packages/airflow/example_dags/example_bash_decorator.py
[2025-10-27T22:20:12.093-0300] {logging_mixin.py:188} INFO - [2025-10-27T22:20:12.093-0300] {dag.py:3096} INFO - Sync 1 DAGs
[2025-10-27T22:20:12.101-0300] {logging_mixin.py:188} INFO - [2025-10-27T22:20:12.100-0300] {dag.py:3954} INFO - Setting next_dagrun for example_bash_decorator to None, run_after=None
[2025-10-27T22:20:12.115-0300] {processor.py:183} INFO - Processing /home/joaosousa/projects/spotify-project/venv/lib/python3.12/site-packages/airflow/example_dags/example_bash_decorator.py took 0.051 seconds
[2025-10-27T22:21:09.052-0300] {processor.py:161} INFO - Started process (PID=7089) to work on /home/joaosousa/projects/spotify-project/venv/lib/python3.12/site-packages/airflow/example_dags/example_bash_decorator.py
[2025-10-27T22:21:09.054-0300] {processor.py:830} INFO - Processing file /home/joaosousa/projects/spotify-project/venv/lib/python3.12/site-packages/airflow/example_dags/example_bash_decorator.py for tasks to queue
[2025-10-27T22:21:09.055-0300] {logging_mixin.py:188} INFO - [2025-10-27T22:21:09.055-0300] {dagbag.py:545} INFO - Filling up the DagBag from /home/joaosousa/projects/spotify-project/venv/lib/python3.12/site-packages/airflow/example_dags/example_bash_decorator.py
[2025-10-27T22:21:09.064-0300] {processor.py:840} INFO - DAG(s) 'example_bash_decorator' retrieved from /home/joaosousa/projects/spotify-project/venv/lib/python3.12/site-packages/airflow/example_dags/example_bash_decorator.py
[2025-10-27T22:21:09.076-0300] {logging_mixin.py:188} INFO - [2025-10-27T22:21:09.076-0300] {dag.py:3096} INFO - Sync 1 DAGs
[2025-10-27T22:21:09.084-0300] {logging_mixin.py:188} INFO - [2025-10-27T22:21:09.083-0300] {dag.py:3954} INFO - Setting next_dagrun for example_bash_decorator to None, run_after=None
[2025-10-27T22:21:09.098-0300] {processor.py:183} INFO - Processing /home/joaosousa/projects/spotify-project/venv/lib/python3.12/site-packages/airflow/example_dags/example_bash_decorator.py took 0.050 seconds
[2025-10-27T22:22:11.330-0300] {processor.py:161} INFO - Started process (PID=7202) to work on /home/joaosousa/projects/spotify-project/venv/lib/python3.12/site-packages/airflow/example_dags/example_bash_decorator.py
[2025-10-27T22:22:11.332-0300] {processor.py:830} INFO - Processing file /home/joaosousa/projects/spotify-project/venv/lib/python3.12/site-packages/airflow/example_dags/example_bash_decorator.py for tasks to queue
[2025-10-27T22:22:11.333-0300] {logging_mixin.py:188} INFO - [2025-10-27T22:22:11.333-0300] {dagbag.py:545} INFO - Filling up the DagBag from /home/joaosousa/projects/spotify-project/venv/lib/python3.12/site-packages/airflow/example_dags/example_bash_decorator.py
[2025-10-27T22:22:11.343-0300] {processor.py:840} INFO - DAG(s) 'example_bash_decorator' retrieved from /home/joaosousa/projects/spotify-project/venv/lib/python3.12/site-packages/airflow/example_dags/example_bash_decorator.py
[2025-10-27T22:22:11.355-0300] {logging_mixin.py:188} INFO - [2025-10-27T22:22:11.355-0300] {dag.py:3096} INFO - Sync 1 DAGs
[2025-10-27T22:22:11.363-0300] {logging_mixin.py:188} INFO - [2025-10-27T22:22:11.363-0300] {dag.py:3954} INFO - Setting next_dagrun for example_bash_decorator to None, run_after=None
[2025-10-27T22:22:11.377-0300] {processor.py:183} INFO - Processing /home/joaosousa/projects/spotify-project/venv/lib/python3.12/site-packages/airflow/example_dags/example_bash_decorator.py took 0.051 seconds
