[2025-10-27T21:31:13.089-0300] {processor.py:161} INFO - Started process (PID=1098) to work on /home/joaosousa/projects/spotify-project/venv/lib/python3.12/site-packages/airflow/example_dags/example_display_name.py
[2025-10-27T21:31:13.089-0300] {processor.py:830} INFO - Processing file /home/joaosousa/projects/spotify-project/venv/lib/python3.12/site-packages/airflow/example_dags/example_display_name.py for tasks to queue
[2025-10-27T21:31:13.090-0300] {logging_mixin.py:188} INFO - [2025-10-27T21:31:13.090-0300] {dagbag.py:545} INFO - Filling up the DagBag from /home/joaosousa/projects/spotify-project/venv/lib/python3.12/site-packages/airflow/example_dags/example_display_name.py
[2025-10-27T21:31:13.094-0300] {processor.py:840} INFO - DAG(s) 'example_display_name' retrieved from /home/joaosousa/projects/spotify-project/venv/lib/python3.12/site-packages/airflow/example_dags/example_display_name.py
[2025-10-27T21:31:13.105-0300] {logging_mixin.py:188} INFO - [2025-10-27T21:31:13.105-0300] {dag.py:3096} INFO - Sync 1 DAGs
[2025-10-27T21:31:13.112-0300] {logging_mixin.py:188} INFO - [2025-10-27T21:31:13.112-0300] {dag.py:3954} INFO - Setting next_dagrun for example_display_name to None, run_after=None
[2025-10-27T21:31:13.126-0300] {processor.py:183} INFO - Processing /home/joaosousa/projects/spotify-project/venv/lib/python3.12/site-packages/airflow/example_dags/example_display_name.py took 0.042 seconds
[2025-10-27T21:32:02.105-0300] {processor.py:161} INFO - Started process (PID=1283) to work on /home/joaosousa/projects/spotify-project/venv/lib/python3.12/site-packages/airflow/example_dags/example_display_name.py
[2025-10-27T21:32:02.107-0300] {processor.py:830} INFO - Processing file /home/joaosousa/projects/spotify-project/venv/lib/python3.12/site-packages/airflow/example_dags/example_display_name.py for tasks to queue
[2025-10-27T21:32:02.108-0300] {logging_mixin.py:188} INFO - [2025-10-27T21:32:02.108-0300] {dagbag.py:545} INFO - Filling up the DagBag from /home/joaosousa/projects/spotify-project/venv/lib/python3.12/site-packages/airflow/example_dags/example_display_name.py
[2025-10-27T21:32:02.113-0300] {processor.py:840} INFO - DAG(s) 'example_display_name' retrieved from /home/joaosousa/projects/spotify-project/venv/lib/python3.12/site-packages/airflow/example_dags/example_display_name.py
[2025-10-27T21:32:02.123-0300] {logging_mixin.py:188} INFO - [2025-10-27T21:32:02.123-0300] {dag.py:3096} INFO - Sync 1 DAGs
[2025-10-27T21:32:02.131-0300] {logging_mixin.py:188} INFO - [2025-10-27T21:32:02.131-0300] {dag.py:3954} INFO - Setting next_dagrun for example_display_name to None, run_after=None
[2025-10-27T21:32:02.146-0300] {processor.py:183} INFO - Processing /home/joaosousa/projects/spotify-project/venv/lib/python3.12/site-packages/airflow/example_dags/example_display_name.py took 0.045 seconds
[2025-10-27T21:33:03.660-0300] {processor.py:161} INFO - Started process (PID=1393) to work on /home/joaosousa/projects/spotify-project/venv/lib/python3.12/site-packages/airflow/example_dags/example_display_name.py
[2025-10-27T21:33:03.660-0300] {processor.py:830} INFO - Processing file /home/joaosousa/projects/spotify-project/venv/lib/python3.12/site-packages/airflow/example_dags/example_display_name.py for tasks to queue
[2025-10-27T21:33:03.662-0300] {logging_mixin.py:188} INFO - [2025-10-27T21:33:03.662-0300] {dagbag.py:545} INFO - Filling up the DagBag from /home/joaosousa/projects/spotify-project/venv/lib/python3.12/site-packages/airflow/example_dags/example_display_name.py
[2025-10-27T21:33:03.666-0300] {processor.py:840} INFO - DAG(s) 'example_display_name' retrieved from /home/joaosousa/projects/spotify-project/venv/lib/python3.12/site-packages/airflow/example_dags/example_display_name.py
[2025-10-27T21:33:03.676-0300] {logging_mixin.py:188} INFO - [2025-10-27T21:33:03.676-0300] {dag.py:3096} INFO - Sync 1 DAGs
[2025-10-27T21:33:03.684-0300] {logging_mixin.py:188} INFO - [2025-10-27T21:33:03.684-0300] {dag.py:3954} INFO - Setting next_dagrun for example_display_name to None, run_after=None
[2025-10-27T21:33:03.699-0300] {processor.py:183} INFO - Processing /home/joaosousa/projects/spotify-project/venv/lib/python3.12/site-packages/airflow/example_dags/example_display_name.py took 0.043 seconds
[2025-10-27T21:34:05.219-0300] {processor.py:161} INFO - Started process (PID=1481) to work on /home/joaosousa/projects/spotify-project/venv/lib/python3.12/site-packages/airflow/example_dags/example_display_name.py
[2025-10-27T21:34:05.221-0300] {processor.py:830} INFO - Processing file /home/joaosousa/projects/spotify-project/venv/lib/python3.12/site-packages/airflow/example_dags/example_display_name.py for tasks to queue
[2025-10-27T21:34:05.222-0300] {logging_mixin.py:188} INFO - [2025-10-27T21:34:05.222-0300] {dagbag.py:545} INFO - Filling up the DagBag from /home/joaosousa/projects/spotify-project/venv/lib/python3.12/site-packages/airflow/example_dags/example_display_name.py
[2025-10-27T21:34:05.226-0300] {processor.py:840} INFO - DAG(s) 'example_display_name' retrieved from /home/joaosousa/projects/spotify-project/venv/lib/python3.12/site-packages/airflow/example_dags/example_display_name.py
[2025-10-27T21:34:05.237-0300] {logging_mixin.py:188} INFO - [2025-10-27T21:34:05.237-0300] {dag.py:3096} INFO - Sync 1 DAGs
[2025-10-27T21:34:05.246-0300] {logging_mixin.py:188} INFO - [2025-10-27T21:34:05.246-0300] {dag.py:3954} INFO - Setting next_dagrun for example_display_name to None, run_after=None
[2025-10-27T21:34:05.261-0300] {processor.py:183} INFO - Processing /home/joaosousa/projects/spotify-project/venv/lib/python3.12/site-packages/airflow/example_dags/example_display_name.py took 0.046 seconds
[2025-10-27T21:35:04.072-0300] {processor.py:161} INFO - Started process (PID=1591) to work on /home/joaosousa/projects/spotify-project/venv/lib/python3.12/site-packages/airflow/example_dags/example_display_name.py
[2025-10-27T21:35:04.074-0300] {processor.py:830} INFO - Processing file /home/joaosousa/projects/spotify-project/venv/lib/python3.12/site-packages/airflow/example_dags/example_display_name.py for tasks to queue
[2025-10-27T21:35:04.075-0300] {logging_mixin.py:188} INFO - [2025-10-27T21:35:04.075-0300] {dagbag.py:545} INFO - Filling up the DagBag from /home/joaosousa/projects/spotify-project/venv/lib/python3.12/site-packages/airflow/example_dags/example_display_name.py
[2025-10-27T21:35:04.079-0300] {processor.py:840} INFO - DAG(s) 'example_display_name' retrieved from /home/joaosousa/projects/spotify-project/venv/lib/python3.12/site-packages/airflow/example_dags/example_display_name.py
[2025-10-27T21:35:04.089-0300] {logging_mixin.py:188} INFO - [2025-10-27T21:35:04.089-0300] {dag.py:3096} INFO - Sync 1 DAGs
[2025-10-27T21:35:04.096-0300] {logging_mixin.py:188} INFO - [2025-10-27T21:35:04.096-0300] {dag.py:3954} INFO - Setting next_dagrun for example_display_name to None, run_after=None
[2025-10-27T21:35:04.110-0300] {processor.py:183} INFO - Processing /home/joaosousa/projects/spotify-project/venv/lib/python3.12/site-packages/airflow/example_dags/example_display_name.py took 0.042 seconds
[2025-10-27T21:36:09.568-0300] {processor.py:161} INFO - Started process (PID=1683) to work on /home/joaosousa/projects/spotify-project/venv/lib/python3.12/site-packages/airflow/example_dags/example_display_name.py
[2025-10-27T21:36:09.570-0300] {processor.py:830} INFO - Processing file /home/joaosousa/projects/spotify-project/venv/lib/python3.12/site-packages/airflow/example_dags/example_display_name.py for tasks to queue
[2025-10-27T21:36:09.572-0300] {logging_mixin.py:188} INFO - [2025-10-27T21:36:09.571-0300] {dagbag.py:545} INFO - Filling up the DagBag from /home/joaosousa/projects/spotify-project/venv/lib/python3.12/site-packages/airflow/example_dags/example_display_name.py
[2025-10-27T21:36:09.576-0300] {processor.py:840} INFO - DAG(s) 'example_display_name' retrieved from /home/joaosousa/projects/spotify-project/venv/lib/python3.12/site-packages/airflow/example_dags/example_display_name.py
[2025-10-27T21:36:09.586-0300] {logging_mixin.py:188} INFO - [2025-10-27T21:36:09.586-0300] {dag.py:3096} INFO - Sync 1 DAGs
[2025-10-27T21:36:09.594-0300] {logging_mixin.py:188} INFO - [2025-10-27T21:36:09.594-0300] {dag.py:3954} INFO - Setting next_dagrun for example_display_name to None, run_after=None
[2025-10-27T21:36:09.702-0300] {processor.py:183} INFO - Processing /home/joaosousa/projects/spotify-project/venv/lib/python3.12/site-packages/airflow/example_dags/example_display_name.py took 0.138 seconds
[2025-10-27T21:37:03.178-0300] {processor.py:161} INFO - Started process (PID=1759) to work on /home/joaosousa/projects/spotify-project/venv/lib/python3.12/site-packages/airflow/example_dags/example_display_name.py
[2025-10-27T21:37:03.180-0300] {processor.py:830} INFO - Processing file /home/joaosousa/projects/spotify-project/venv/lib/python3.12/site-packages/airflow/example_dags/example_display_name.py for tasks to queue
[2025-10-27T21:37:03.182-0300] {logging_mixin.py:188} INFO - [2025-10-27T21:37:03.181-0300] {dagbag.py:545} INFO - Filling up the DagBag from /home/joaosousa/projects/spotify-project/venv/lib/python3.12/site-packages/airflow/example_dags/example_display_name.py
[2025-10-27T21:37:03.186-0300] {processor.py:840} INFO - DAG(s) 'example_display_name' retrieved from /home/joaosousa/projects/spotify-project/venv/lib/python3.12/site-packages/airflow/example_dags/example_display_name.py
[2025-10-27T21:37:03.197-0300] {logging_mixin.py:188} INFO - [2025-10-27T21:37:03.197-0300] {dag.py:3096} INFO - Sync 1 DAGs
[2025-10-27T21:37:03.205-0300] {logging_mixin.py:188} INFO - [2025-10-27T21:37:03.204-0300] {dag.py:3954} INFO - Setting next_dagrun for example_display_name to None, run_after=None
[2025-10-27T21:37:03.221-0300] {processor.py:183} INFO - Processing /home/joaosousa/projects/spotify-project/venv/lib/python3.12/site-packages/airflow/example_dags/example_display_name.py took 0.047 seconds
[2025-10-27T21:38:08.572-0300] {processor.py:161} INFO - Started process (PID=1875) to work on /home/joaosousa/projects/spotify-project/venv/lib/python3.12/site-packages/airflow/example_dags/example_display_name.py
[2025-10-27T21:38:08.576-0300] {processor.py:830} INFO - Processing file /home/joaosousa/projects/spotify-project/venv/lib/python3.12/site-packages/airflow/example_dags/example_display_name.py for tasks to queue
[2025-10-27T21:38:08.578-0300] {logging_mixin.py:188} INFO - [2025-10-27T21:38:08.577-0300] {dagbag.py:545} INFO - Filling up the DagBag from /home/joaosousa/projects/spotify-project/venv/lib/python3.12/site-packages/airflow/example_dags/example_display_name.py
[2025-10-27T21:38:08.583-0300] {processor.py:840} INFO - DAG(s) 'example_display_name' retrieved from /home/joaosousa/projects/spotify-project/venv/lib/python3.12/site-packages/airflow/example_dags/example_display_name.py
[2025-10-27T21:38:08.594-0300] {logging_mixin.py:188} INFO - [2025-10-27T21:38:08.594-0300] {dag.py:3096} INFO - Sync 1 DAGs
[2025-10-27T21:38:08.601-0300] {logging_mixin.py:188} INFO - [2025-10-27T21:38:08.601-0300] {dag.py:3954} INFO - Setting next_dagrun for example_display_name to None, run_after=None
[2025-10-27T21:38:08.619-0300] {processor.py:183} INFO - Processing /home/joaosousa/projects/spotify-project/venv/lib/python3.12/site-packages/airflow/example_dags/example_display_name.py took 0.052 seconds
[2025-10-27T21:39:03.873-0300] {processor.py:161} INFO - Started process (PID=1967) to work on /home/joaosousa/projects/spotify-project/venv/lib/python3.12/site-packages/airflow/example_dags/example_display_name.py
[2025-10-27T21:39:03.875-0300] {processor.py:830} INFO - Processing file /home/joaosousa/projects/spotify-project/venv/lib/python3.12/site-packages/airflow/example_dags/example_display_name.py for tasks to queue
[2025-10-27T21:39:03.876-0300] {logging_mixin.py:188} INFO - [2025-10-27T21:39:03.876-0300] {dagbag.py:545} INFO - Filling up the DagBag from /home/joaosousa/projects/spotify-project/venv/lib/python3.12/site-packages/airflow/example_dags/example_display_name.py
[2025-10-27T21:39:03.881-0300] {processor.py:840} INFO - DAG(s) 'example_display_name' retrieved from /home/joaosousa/projects/spotify-project/venv/lib/python3.12/site-packages/airflow/example_dags/example_display_name.py
[2025-10-27T21:39:03.892-0300] {logging_mixin.py:188} INFO - [2025-10-27T21:39:03.891-0300] {dag.py:3096} INFO - Sync 1 DAGs
[2025-10-27T21:39:03.899-0300] {logging_mixin.py:188} INFO - [2025-10-27T21:39:03.899-0300] {dag.py:3954} INFO - Setting next_dagrun for example_display_name to None, run_after=None
[2025-10-27T21:39:03.914-0300] {processor.py:183} INFO - Processing /home/joaosousa/projects/spotify-project/venv/lib/python3.12/site-packages/airflow/example_dags/example_display_name.py took 0.046 seconds
[2025-10-27T21:40:05.461-0300] {processor.py:161} INFO - Started process (PID=2070) to work on /home/joaosousa/projects/spotify-project/venv/lib/python3.12/site-packages/airflow/example_dags/example_display_name.py
[2025-10-27T21:40:05.463-0300] {processor.py:830} INFO - Processing file /home/joaosousa/projects/spotify-project/venv/lib/python3.12/site-packages/airflow/example_dags/example_display_name.py for tasks to queue
[2025-10-27T21:40:05.464-0300] {logging_mixin.py:188} INFO - [2025-10-27T21:40:05.464-0300] {dagbag.py:545} INFO - Filling up the DagBag from /home/joaosousa/projects/spotify-project/venv/lib/python3.12/site-packages/airflow/example_dags/example_display_name.py
[2025-10-27T21:40:05.468-0300] {processor.py:840} INFO - DAG(s) 'example_display_name' retrieved from /home/joaosousa/projects/spotify-project/venv/lib/python3.12/site-packages/airflow/example_dags/example_display_name.py
[2025-10-27T21:40:05.479-0300] {logging_mixin.py:188} INFO - [2025-10-27T21:40:05.479-0300] {dag.py:3096} INFO - Sync 1 DAGs
[2025-10-27T21:40:05.486-0300] {logging_mixin.py:188} INFO - [2025-10-27T21:40:05.486-0300] {dag.py:3954} INFO - Setting next_dagrun for example_display_name to None, run_after=None
[2025-10-27T21:40:05.501-0300] {processor.py:183} INFO - Processing /home/joaosousa/projects/spotify-project/venv/lib/python3.12/site-packages/airflow/example_dags/example_display_name.py took 0.045 seconds
