[2025-10-27T21:30:52.919-0300] {processor.py:161} INFO - Started process (PID=1077) to work on /home/joaosousa/projects/spotify-project/venv/lib/python3.12/site-packages/airflow/example_dags/example_params_trigger_ui.py
[2025-10-27T21:30:52.919-0300] {processor.py:830} INFO - Processing file /home/joaosousa/projects/spotify-project/venv/lib/python3.12/site-packages/airflow/example_dags/example_params_trigger_ui.py for tasks to queue
[2025-10-27T21:30:52.921-0300] {logging_mixin.py:188} INFO - [2025-10-27T21:30:52.920-0300] {dagbag.py:545} INFO - Filling up the DagBag from /home/joaosousa/projects/spotify-project/venv/lib/python3.12/site-packages/airflow/example_dags/example_params_trigger_ui.py
[2025-10-27T21:30:52.932-0300] {processor.py:840} INFO - DAG(s) 'example_params_trigger_ui' retrieved from /home/joaosousa/projects/spotify-project/venv/lib/python3.12/site-packages/airflow/example_dags/example_params_trigger_ui.py
[2025-10-27T21:30:52.958-0300] {logging_mixin.py:188} INFO - [2025-10-27T21:30:52.958-0300] {dag.py:3096} INFO - Sync 1 DAGs
[2025-10-27T21:30:52.966-0300] {logging_mixin.py:188} INFO - [2025-10-27T21:30:52.966-0300] {dag.py:3954} INFO - Setting next_dagrun for example_params_trigger_ui to None, run_after=None
[2025-10-27T21:30:52.989-0300] {processor.py:183} INFO - Processing /home/joaosousa/projects/spotify-project/venv/lib/python3.12/site-packages/airflow/example_dags/example_params_trigger_ui.py took 0.075 seconds
[2025-10-27T21:31:40.975-0300] {processor.py:161} INFO - Started process (PID=1155) to work on /home/joaosousa/projects/spotify-project/venv/lib/python3.12/site-packages/airflow/example_dags/example_params_trigger_ui.py
[2025-10-27T21:31:40.976-0300] {processor.py:830} INFO - Processing file /home/joaosousa/projects/spotify-project/venv/lib/python3.12/site-packages/airflow/example_dags/example_params_trigger_ui.py for tasks to queue
[2025-10-27T21:31:40.978-0300] {logging_mixin.py:188} INFO - [2025-10-27T21:31:40.977-0300] {dagbag.py:545} INFO - Filling up the DagBag from /home/joaosousa/projects/spotify-project/venv/lib/python3.12/site-packages/airflow/example_dags/example_params_trigger_ui.py
[2025-10-27T21:31:40.987-0300] {processor.py:840} INFO - DAG(s) 'example_params_trigger_ui' retrieved from /home/joaosousa/projects/spotify-project/venv/lib/python3.12/site-packages/airflow/example_dags/example_params_trigger_ui.py
[2025-10-27T21:31:41.010-0300] {logging_mixin.py:188} INFO - [2025-10-27T21:31:41.010-0300] {dag.py:3096} INFO - Sync 1 DAGs
[2025-10-27T21:31:41.017-0300] {logging_mixin.py:188} INFO - [2025-10-27T21:31:41.017-0300] {dag.py:3954} INFO - Setting next_dagrun for example_params_trigger_ui to None, run_after=None
[2025-10-27T21:31:41.031-0300] {processor.py:183} INFO - Processing /home/joaosousa/projects/spotify-project/venv/lib/python3.12/site-packages/airflow/example_dags/example_params_trigger_ui.py took 0.060 seconds
[2025-10-27T21:32:34.040-0300] {processor.py:161} INFO - Started process (PID=1340) to work on /home/joaosousa/projects/spotify-project/venv/lib/python3.12/site-packages/airflow/example_dags/example_params_trigger_ui.py
[2025-10-27T21:32:34.042-0300] {processor.py:830} INFO - Processing file /home/joaosousa/projects/spotify-project/venv/lib/python3.12/site-packages/airflow/example_dags/example_params_trigger_ui.py for tasks to queue
[2025-10-27T21:32:34.043-0300] {logging_mixin.py:188} INFO - [2025-10-27T21:32:34.043-0300] {dagbag.py:545} INFO - Filling up the DagBag from /home/joaosousa/projects/spotify-project/venv/lib/python3.12/site-packages/airflow/example_dags/example_params_trigger_ui.py
[2025-10-27T21:32:34.053-0300] {processor.py:840} INFO - DAG(s) 'example_params_trigger_ui' retrieved from /home/joaosousa/projects/spotify-project/venv/lib/python3.12/site-packages/airflow/example_dags/example_params_trigger_ui.py
[2025-10-27T21:32:34.076-0300] {logging_mixin.py:188} INFO - [2025-10-27T21:32:34.076-0300] {dag.py:3096} INFO - Sync 1 DAGs
[2025-10-27T21:32:34.084-0300] {logging_mixin.py:188} INFO - [2025-10-27T21:32:34.084-0300] {dag.py:3954} INFO - Setting next_dagrun for example_params_trigger_ui to None, run_after=None
[2025-10-27T21:32:34.098-0300] {processor.py:183} INFO - Processing /home/joaosousa/projects/spotify-project/venv/lib/python3.12/site-packages/airflow/example_dags/example_params_trigger_ui.py took 0.063 seconds
[2025-10-27T21:33:20.360-0300] {processor.py:161} INFO - Started process (PID=1411) to work on /home/joaosousa/projects/spotify-project/venv/lib/python3.12/site-packages/airflow/example_dags/example_params_trigger_ui.py
[2025-10-27T21:33:20.362-0300] {processor.py:830} INFO - Processing file /home/joaosousa/projects/spotify-project/venv/lib/python3.12/site-packages/airflow/example_dags/example_params_trigger_ui.py for tasks to queue
[2025-10-27T21:33:20.363-0300] {logging_mixin.py:188} INFO - [2025-10-27T21:33:20.363-0300] {dagbag.py:545} INFO - Filling up the DagBag from /home/joaosousa/projects/spotify-project/venv/lib/python3.12/site-packages/airflow/example_dags/example_params_trigger_ui.py
[2025-10-27T21:33:20.373-0300] {processor.py:840} INFO - DAG(s) 'example_params_trigger_ui' retrieved from /home/joaosousa/projects/spotify-project/venv/lib/python3.12/site-packages/airflow/example_dags/example_params_trigger_ui.py
[2025-10-27T21:33:20.396-0300] {logging_mixin.py:188} INFO - [2025-10-27T21:33:20.396-0300] {dag.py:3096} INFO - Sync 1 DAGs
[2025-10-27T21:33:20.403-0300] {logging_mixin.py:188} INFO - [2025-10-27T21:33:20.403-0300] {dag.py:3954} INFO - Setting next_dagrun for example_params_trigger_ui to None, run_after=None
[2025-10-27T21:33:20.417-0300] {processor.py:183} INFO - Processing /home/joaosousa/projects/spotify-project/venv/lib/python3.12/site-packages/airflow/example_dags/example_params_trigger_ui.py took 0.061 seconds
[2025-10-27T21:34:01.081-0300] {processor.py:161} INFO - Started process (PID=1477) to work on /home/joaosousa/projects/spotify-project/venv/lib/python3.12/site-packages/airflow/example_dags/example_params_trigger_ui.py
[2025-10-27T21:34:01.083-0300] {processor.py:830} INFO - Processing file /home/joaosousa/projects/spotify-project/venv/lib/python3.12/site-packages/airflow/example_dags/example_params_trigger_ui.py for tasks to queue
[2025-10-27T21:34:01.084-0300] {logging_mixin.py:188} INFO - [2025-10-27T21:34:01.084-0300] {dagbag.py:545} INFO - Filling up the DagBag from /home/joaosousa/projects/spotify-project/venv/lib/python3.12/site-packages/airflow/example_dags/example_params_trigger_ui.py
[2025-10-27T21:34:01.094-0300] {processor.py:840} INFO - DAG(s) 'example_params_trigger_ui' retrieved from /home/joaosousa/projects/spotify-project/venv/lib/python3.12/site-packages/airflow/example_dags/example_params_trigger_ui.py
[2025-10-27T21:34:01.118-0300] {logging_mixin.py:188} INFO - [2025-10-27T21:34:01.118-0300] {dag.py:3096} INFO - Sync 1 DAGs
[2025-10-27T21:34:01.125-0300] {logging_mixin.py:188} INFO - [2025-10-27T21:34:01.125-0300] {dag.py:3954} INFO - Setting next_dagrun for example_params_trigger_ui to None, run_after=None
[2025-10-27T21:34:01.140-0300] {processor.py:183} INFO - Processing /home/joaosousa/projects/spotify-project/venv/lib/python3.12/site-packages/airflow/example_dags/example_params_trigger_ui.py took 0.063 seconds
[2025-10-27T21:34:42.076-0300] {processor.py:161} INFO - Started process (PID=1545) to work on /home/joaosousa/projects/spotify-project/venv/lib/python3.12/site-packages/airflow/example_dags/example_params_trigger_ui.py
[2025-10-27T21:34:42.109-0300] {processor.py:830} INFO - Processing file /home/joaosousa/projects/spotify-project/venv/lib/python3.12/site-packages/airflow/example_dags/example_params_trigger_ui.py for tasks to queue
[2025-10-27T21:34:42.110-0300] {logging_mixin.py:188} INFO - [2025-10-27T21:34:42.110-0300] {dagbag.py:545} INFO - Filling up the DagBag from /home/joaosousa/projects/spotify-project/venv/lib/python3.12/site-packages/airflow/example_dags/example_params_trigger_ui.py
[2025-10-27T21:34:42.120-0300] {processor.py:840} INFO - DAG(s) 'example_params_trigger_ui' retrieved from /home/joaosousa/projects/spotify-project/venv/lib/python3.12/site-packages/airflow/example_dags/example_params_trigger_ui.py
[2025-10-27T21:34:42.142-0300] {logging_mixin.py:188} INFO - [2025-10-27T21:34:42.142-0300] {dag.py:3096} INFO - Sync 1 DAGs
[2025-10-27T21:34:42.149-0300] {logging_mixin.py:188} INFO - [2025-10-27T21:34:42.149-0300] {dag.py:3954} INFO - Setting next_dagrun for example_params_trigger_ui to None, run_after=None
[2025-10-27T21:34:42.164-0300] {processor.py:183} INFO - Processing /home/joaosousa/projects/spotify-project/venv/lib/python3.12/site-packages/airflow/example_dags/example_params_trigger_ui.py took 0.092 seconds
[2025-10-27T21:35:41.340-0300] {processor.py:161} INFO - Started process (PID=1655) to work on /home/joaosousa/projects/spotify-project/venv/lib/python3.12/site-packages/airflow/example_dags/example_params_trigger_ui.py
[2025-10-27T21:35:41.342-0300] {processor.py:830} INFO - Processing file /home/joaosousa/projects/spotify-project/venv/lib/python3.12/site-packages/airflow/example_dags/example_params_trigger_ui.py for tasks to queue
[2025-10-27T21:35:41.343-0300] {logging_mixin.py:188} INFO - [2025-10-27T21:35:41.343-0300] {dagbag.py:545} INFO - Filling up the DagBag from /home/joaosousa/projects/spotify-project/venv/lib/python3.12/site-packages/airflow/example_dags/example_params_trigger_ui.py
[2025-10-27T21:35:41.353-0300] {processor.py:840} INFO - DAG(s) 'example_params_trigger_ui' retrieved from /home/joaosousa/projects/spotify-project/venv/lib/python3.12/site-packages/airflow/example_dags/example_params_trigger_ui.py
[2025-10-27T21:35:41.375-0300] {logging_mixin.py:188} INFO - [2025-10-27T21:35:41.375-0300] {dag.py:3096} INFO - Sync 1 DAGs
[2025-10-27T21:35:41.383-0300] {logging_mixin.py:188} INFO - [2025-10-27T21:35:41.383-0300] {dag.py:3954} INFO - Setting next_dagrun for example_params_trigger_ui to None, run_after=None
[2025-10-27T21:35:41.398-0300] {processor.py:183} INFO - Processing /home/joaosousa/projects/spotify-project/venv/lib/python3.12/site-packages/airflow/example_dags/example_params_trigger_ui.py took 0.062 seconds
[2025-10-27T21:36:29.203-0300] {processor.py:161} INFO - Started process (PID=1724) to work on /home/joaosousa/projects/spotify-project/venv/lib/python3.12/site-packages/airflow/example_dags/example_params_trigger_ui.py
[2025-10-27T21:36:29.204-0300] {processor.py:830} INFO - Processing file /home/joaosousa/projects/spotify-project/venv/lib/python3.12/site-packages/airflow/example_dags/example_params_trigger_ui.py for tasks to queue
[2025-10-27T21:36:29.206-0300] {logging_mixin.py:188} INFO - [2025-10-27T21:36:29.206-0300] {dagbag.py:545} INFO - Filling up the DagBag from /home/joaosousa/projects/spotify-project/venv/lib/python3.12/site-packages/airflow/example_dags/example_params_trigger_ui.py
[2025-10-27T21:36:29.216-0300] {processor.py:840} INFO - DAG(s) 'example_params_trigger_ui' retrieved from /home/joaosousa/projects/spotify-project/venv/lib/python3.12/site-packages/airflow/example_dags/example_params_trigger_ui.py
[2025-10-27T21:36:29.330-0300] {logging_mixin.py:188} INFO - [2025-10-27T21:36:29.330-0300] {dag.py:3096} INFO - Sync 1 DAGs
[2025-10-27T21:36:29.336-0300] {logging_mixin.py:188} INFO - [2025-10-27T21:36:29.336-0300] {dag.py:3954} INFO - Setting next_dagrun for example_params_trigger_ui to None, run_after=None
[2025-10-27T21:36:29.350-0300] {processor.py:183} INFO - Processing /home/joaosousa/projects/spotify-project/venv/lib/python3.12/site-packages/airflow/example_dags/example_params_trigger_ui.py took 0.151 seconds
[2025-10-27T21:37:15.576-0300] {processor.py:161} INFO - Started process (PID=1796) to work on /home/joaosousa/projects/spotify-project/venv/lib/python3.12/site-packages/airflow/example_dags/example_params_trigger_ui.py
[2025-10-27T21:37:15.578-0300] {processor.py:830} INFO - Processing file /home/joaosousa/projects/spotify-project/venv/lib/python3.12/site-packages/airflow/example_dags/example_params_trigger_ui.py for tasks to queue
[2025-10-27T21:37:15.579-0300] {logging_mixin.py:188} INFO - [2025-10-27T21:37:15.579-0300] {dagbag.py:545} INFO - Filling up the DagBag from /home/joaosousa/projects/spotify-project/venv/lib/python3.12/site-packages/airflow/example_dags/example_params_trigger_ui.py
[2025-10-27T21:37:15.590-0300] {processor.py:840} INFO - DAG(s) 'example_params_trigger_ui' retrieved from /home/joaosousa/projects/spotify-project/venv/lib/python3.12/site-packages/airflow/example_dags/example_params_trigger_ui.py
[2025-10-27T21:37:15.613-0300] {logging_mixin.py:188} INFO - [2025-10-27T21:37:15.613-0300] {dag.py:3096} INFO - Sync 1 DAGs
[2025-10-27T21:37:15.621-0300] {logging_mixin.py:188} INFO - [2025-10-27T21:37:15.621-0300] {dag.py:3954} INFO - Setting next_dagrun for example_params_trigger_ui to None, run_after=None
[2025-10-27T21:37:15.636-0300] {processor.py:183} INFO - Processing /home/joaosousa/projects/spotify-project/venv/lib/python3.12/site-packages/airflow/example_dags/example_params_trigger_ui.py took 0.065 seconds
[2025-10-27T21:37:58.984-0300] {processor.py:161} INFO - Started process (PID=1865) to work on /home/joaosousa/projects/spotify-project/venv/lib/python3.12/site-packages/airflow/example_dags/example_params_trigger_ui.py
[2025-10-27T21:37:58.986-0300] {processor.py:830} INFO - Processing file /home/joaosousa/projects/spotify-project/venv/lib/python3.12/site-packages/airflow/example_dags/example_params_trigger_ui.py for tasks to queue
[2025-10-27T21:37:58.987-0300] {logging_mixin.py:188} INFO - [2025-10-27T21:37:58.987-0300] {dagbag.py:545} INFO - Filling up the DagBag from /home/joaosousa/projects/spotify-project/venv/lib/python3.12/site-packages/airflow/example_dags/example_params_trigger_ui.py
[2025-10-27T21:37:58.998-0300] {processor.py:840} INFO - DAG(s) 'example_params_trigger_ui' retrieved from /home/joaosousa/projects/spotify-project/venv/lib/python3.12/site-packages/airflow/example_dags/example_params_trigger_ui.py
[2025-10-27T21:37:59.022-0300] {logging_mixin.py:188} INFO - [2025-10-27T21:37:59.022-0300] {dag.py:3096} INFO - Sync 1 DAGs
[2025-10-27T21:37:59.030-0300] {logging_mixin.py:188} INFO - [2025-10-27T21:37:59.030-0300] {dag.py:3954} INFO - Setting next_dagrun for example_params_trigger_ui to None, run_after=None
[2025-10-27T21:37:59.045-0300] {processor.py:183} INFO - Processing /home/joaosousa/projects/spotify-project/venv/lib/python3.12/site-packages/airflow/example_dags/example_params_trigger_ui.py took 0.065 seconds
[2025-10-27T21:38:40.497-0300] {processor.py:161} INFO - Started process (PID=1939) to work on /home/joaosousa/projects/spotify-project/venv/lib/python3.12/site-packages/airflow/example_dags/example_params_trigger_ui.py
[2025-10-27T21:38:40.499-0300] {processor.py:830} INFO - Processing file /home/joaosousa/projects/spotify-project/venv/lib/python3.12/site-packages/airflow/example_dags/example_params_trigger_ui.py for tasks to queue
[2025-10-27T21:38:40.500-0300] {logging_mixin.py:188} INFO - [2025-10-27T21:38:40.500-0300] {dagbag.py:545} INFO - Filling up the DagBag from /home/joaosousa/projects/spotify-project/venv/lib/python3.12/site-packages/airflow/example_dags/example_params_trigger_ui.py
[2025-10-27T21:38:40.510-0300] {processor.py:840} INFO - DAG(s) 'example_params_trigger_ui' retrieved from /home/joaosousa/projects/spotify-project/venv/lib/python3.12/site-packages/airflow/example_dags/example_params_trigger_ui.py
[2025-10-27T21:38:40.533-0300] {logging_mixin.py:188} INFO - [2025-10-27T21:38:40.533-0300] {dag.py:3096} INFO - Sync 1 DAGs
[2025-10-27T21:38:40.541-0300] {logging_mixin.py:188} INFO - [2025-10-27T21:38:40.541-0300] {dag.py:3954} INFO - Setting next_dagrun for example_params_trigger_ui to None, run_after=None
[2025-10-27T21:38:40.559-0300] {processor.py:183} INFO - Processing /home/joaosousa/projects/spotify-project/venv/lib/python3.12/site-packages/airflow/example_dags/example_params_trigger_ui.py took 0.066 seconds
[2025-10-27T21:39:35.239-0300] {processor.py:161} INFO - Started process (PID=2028) to work on /home/joaosousa/projects/spotify-project/venv/lib/python3.12/site-packages/airflow/example_dags/example_params_trigger_ui.py
[2025-10-27T21:39:35.240-0300] {processor.py:830} INFO - Processing file /home/joaosousa/projects/spotify-project/venv/lib/python3.12/site-packages/airflow/example_dags/example_params_trigger_ui.py for tasks to queue
[2025-10-27T21:39:35.241-0300] {logging_mixin.py:188} INFO - [2025-10-27T21:39:35.241-0300] {dagbag.py:545} INFO - Filling up the DagBag from /home/joaosousa/projects/spotify-project/venv/lib/python3.12/site-packages/airflow/example_dags/example_params_trigger_ui.py
[2025-10-27T21:39:35.251-0300] {processor.py:840} INFO - DAG(s) 'example_params_trigger_ui' retrieved from /home/joaosousa/projects/spotify-project/venv/lib/python3.12/site-packages/airflow/example_dags/example_params_trigger_ui.py
[2025-10-27T21:39:35.275-0300] {logging_mixin.py:188} INFO - [2025-10-27T21:39:35.275-0300] {dag.py:3096} INFO - Sync 1 DAGs
[2025-10-27T21:39:35.283-0300] {logging_mixin.py:188} INFO - [2025-10-27T21:39:35.283-0300] {dag.py:3954} INFO - Setting next_dagrun for example_params_trigger_ui to None, run_after=None
[2025-10-27T21:39:35.297-0300] {processor.py:183} INFO - Processing /home/joaosousa/projects/spotify-project/venv/lib/python3.12/site-packages/airflow/example_dags/example_params_trigger_ui.py took 0.063 seconds
[2025-10-27T21:40:18.262-0300] {processor.py:161} INFO - Started process (PID=2099) to work on /home/joaosousa/projects/spotify-project/venv/lib/python3.12/site-packages/airflow/example_dags/example_params_trigger_ui.py
[2025-10-27T21:40:18.263-0300] {processor.py:830} INFO - Processing file /home/joaosousa/projects/spotify-project/venv/lib/python3.12/site-packages/airflow/example_dags/example_params_trigger_ui.py for tasks to queue
[2025-10-27T21:40:18.264-0300] {logging_mixin.py:188} INFO - [2025-10-27T21:40:18.264-0300] {dagbag.py:545} INFO - Filling up the DagBag from /home/joaosousa/projects/spotify-project/venv/lib/python3.12/site-packages/airflow/example_dags/example_params_trigger_ui.py
[2025-10-27T21:40:18.274-0300] {processor.py:840} INFO - DAG(s) 'example_params_trigger_ui' retrieved from /home/joaosousa/projects/spotify-project/venv/lib/python3.12/site-packages/airflow/example_dags/example_params_trigger_ui.py
[2025-10-27T21:40:18.298-0300] {logging_mixin.py:188} INFO - [2025-10-27T21:40:18.298-0300] {dag.py:3096} INFO - Sync 1 DAGs
[2025-10-27T21:40:18.307-0300] {logging_mixin.py:188} INFO - [2025-10-27T21:40:18.306-0300] {dag.py:3954} INFO - Setting next_dagrun for example_params_trigger_ui to None, run_after=None
[2025-10-27T21:40:18.321-0300] {processor.py:183} INFO - Processing /home/joaosousa/projects/spotify-project/venv/lib/python3.12/site-packages/airflow/example_dags/example_params_trigger_ui.py took 0.064 seconds
