[2025-10-27T21:30:06.085-0300] {processor.py:161} INFO - Started process (PID=995) to work on /home/joaosousa/projects/spotify-project/venv/lib/python3.12/site-packages/airflow/example_dags/tutorial_taskflow_api.py
[2025-10-27T21:30:06.086-0300] {processor.py:830} INFO - Processing file /home/joaosousa/projects/spotify-project/venv/lib/python3.12/site-packages/airflow/example_dags/tutorial_taskflow_api.py for tasks to queue
[2025-10-27T21:30:06.088-0300] {logging_mixin.py:188} INFO - [2025-10-27T21:30:06.088-0300] {dagbag.py:545} INFO - Filling up the DagBag from /home/joaosousa/projects/spotify-project/venv/lib/python3.12/site-packages/airflow/example_dags/tutorial_taskflow_api.py
[2025-10-27T21:30:06.096-0300] {processor.py:840} INFO - DAG(s) 'tutorial_taskflow_api' retrieved from /home/joaosousa/projects/spotify-project/venv/lib/python3.12/site-packages/airflow/example_dags/tutorial_taskflow_api.py
[2025-10-27T21:30:06.116-0300] {logging_mixin.py:188} INFO - [2025-10-27T21:30:06.115-0300] {dag.py:3096} INFO - Sync 1 DAGs
[2025-10-27T21:30:06.123-0300] {logging_mixin.py:188} INFO - [2025-10-27T21:30:06.123-0300] {dag.py:3954} INFO - Setting next_dagrun for tutorial_taskflow_api to None, run_after=None
[2025-10-27T21:30:06.138-0300] {processor.py:183} INFO - Processing /home/joaosousa/projects/spotify-project/venv/lib/python3.12/site-packages/airflow/example_dags/tutorial_taskflow_api.py took 0.058 seconds
[2025-10-27T21:31:27.837-0300] {processor.py:161} INFO - Started process (PID=1128) to work on /home/joaosousa/projects/spotify-project/venv/lib/python3.12/site-packages/airflow/example_dags/tutorial_taskflow_api.py
[2025-10-27T21:31:27.839-0300] {processor.py:830} INFO - Processing file /home/joaosousa/projects/spotify-project/venv/lib/python3.12/site-packages/airflow/example_dags/tutorial_taskflow_api.py for tasks to queue
[2025-10-27T21:31:27.840-0300] {logging_mixin.py:188} INFO - [2025-10-27T21:31:27.840-0300] {dagbag.py:545} INFO - Filling up the DagBag from /home/joaosousa/projects/spotify-project/venv/lib/python3.12/site-packages/airflow/example_dags/tutorial_taskflow_api.py
[2025-10-27T21:31:27.845-0300] {processor.py:840} INFO - DAG(s) 'tutorial_taskflow_api' retrieved from /home/joaosousa/projects/spotify-project/venv/lib/python3.12/site-packages/airflow/example_dags/tutorial_taskflow_api.py
[2025-10-27T21:31:27.856-0300] {logging_mixin.py:188} INFO - [2025-10-27T21:31:27.856-0300] {dag.py:3096} INFO - Sync 1 DAGs
[2025-10-27T21:31:27.863-0300] {logging_mixin.py:188} INFO - [2025-10-27T21:31:27.863-0300] {dag.py:3954} INFO - Setting next_dagrun for tutorial_taskflow_api to None, run_after=None
[2025-10-27T21:31:27.879-0300] {processor.py:183} INFO - Processing /home/joaosousa/projects/spotify-project/venv/lib/python3.12/site-packages/airflow/example_dags/tutorial_taskflow_api.py took 0.046 seconds
[2025-10-27T21:32:07.226-0300] {processor.py:161} INFO - Started process (PID=1299) to work on /home/joaosousa/projects/spotify-project/venv/lib/python3.12/site-packages/airflow/example_dags/tutorial_taskflow_api.py
[2025-10-27T21:32:07.227-0300] {processor.py:830} INFO - Processing file /home/joaosousa/projects/spotify-project/venv/lib/python3.12/site-packages/airflow/example_dags/tutorial_taskflow_api.py for tasks to queue
[2025-10-27T21:32:07.229-0300] {logging_mixin.py:188} INFO - [2025-10-27T21:32:07.228-0300] {dagbag.py:545} INFO - Filling up the DagBag from /home/joaosousa/projects/spotify-project/venv/lib/python3.12/site-packages/airflow/example_dags/tutorial_taskflow_api.py
[2025-10-27T21:32:07.233-0300] {processor.py:840} INFO - DAG(s) 'tutorial_taskflow_api' retrieved from /home/joaosousa/projects/spotify-project/venv/lib/python3.12/site-packages/airflow/example_dags/tutorial_taskflow_api.py
[2025-10-27T21:32:07.244-0300] {logging_mixin.py:188} INFO - [2025-10-27T21:32:07.244-0300] {dag.py:3096} INFO - Sync 1 DAGs
[2025-10-27T21:32:07.252-0300] {logging_mixin.py:188} INFO - [2025-10-27T21:32:07.252-0300] {dag.py:3954} INFO - Setting next_dagrun for tutorial_taskflow_api to None, run_after=None
[2025-10-27T21:32:07.268-0300] {processor.py:183} INFO - Processing /home/joaosousa/projects/spotify-project/venv/lib/python3.12/site-packages/airflow/example_dags/tutorial_taskflow_api.py took 0.047 seconds
[2025-10-27T21:32:52.274-0300] {processor.py:161} INFO - Started process (PID=1369) to work on /home/joaosousa/projects/spotify-project/venv/lib/python3.12/site-packages/airflow/example_dags/tutorial_taskflow_api.py
[2025-10-27T21:32:52.276-0300] {processor.py:830} INFO - Processing file /home/joaosousa/projects/spotify-project/venv/lib/python3.12/site-packages/airflow/example_dags/tutorial_taskflow_api.py for tasks to queue
[2025-10-27T21:32:52.277-0300] {logging_mixin.py:188} INFO - [2025-10-27T21:32:52.277-0300] {dagbag.py:545} INFO - Filling up the DagBag from /home/joaosousa/projects/spotify-project/venv/lib/python3.12/site-packages/airflow/example_dags/tutorial_taskflow_api.py
[2025-10-27T21:32:52.282-0300] {processor.py:840} INFO - DAG(s) 'tutorial_taskflow_api' retrieved from /home/joaosousa/projects/spotify-project/venv/lib/python3.12/site-packages/airflow/example_dags/tutorial_taskflow_api.py
[2025-10-27T21:32:52.294-0300] {logging_mixin.py:188} INFO - [2025-10-27T21:32:52.294-0300] {dag.py:3096} INFO - Sync 1 DAGs
[2025-10-27T21:32:52.303-0300] {logging_mixin.py:188} INFO - [2025-10-27T21:32:52.303-0300] {dag.py:3954} INFO - Setting next_dagrun for tutorial_taskflow_api to None, run_after=None
[2025-10-27T21:32:52.321-0300] {processor.py:183} INFO - Processing /home/joaosousa/projects/spotify-project/venv/lib/python3.12/site-packages/airflow/example_dags/tutorial_taskflow_api.py took 0.052 seconds
[2025-10-27T21:33:34.478-0300] {processor.py:161} INFO - Started process (PID=1438) to work on /home/joaosousa/projects/spotify-project/venv/lib/python3.12/site-packages/airflow/example_dags/tutorial_taskflow_api.py
[2025-10-27T21:33:34.480-0300] {processor.py:830} INFO - Processing file /home/joaosousa/projects/spotify-project/venv/lib/python3.12/site-packages/airflow/example_dags/tutorial_taskflow_api.py for tasks to queue
[2025-10-27T21:33:34.481-0300] {logging_mixin.py:188} INFO - [2025-10-27T21:33:34.481-0300] {dagbag.py:545} INFO - Filling up the DagBag from /home/joaosousa/projects/spotify-project/venv/lib/python3.12/site-packages/airflow/example_dags/tutorial_taskflow_api.py
[2025-10-27T21:33:34.486-0300] {processor.py:840} INFO - DAG(s) 'tutorial_taskflow_api' retrieved from /home/joaosousa/projects/spotify-project/venv/lib/python3.12/site-packages/airflow/example_dags/tutorial_taskflow_api.py
[2025-10-27T21:33:34.496-0300] {logging_mixin.py:188} INFO - [2025-10-27T21:33:34.496-0300] {dag.py:3096} INFO - Sync 1 DAGs
[2025-10-27T21:33:34.504-0300] {logging_mixin.py:188} INFO - [2025-10-27T21:33:34.503-0300] {dag.py:3954} INFO - Setting next_dagrun for tutorial_taskflow_api to None, run_after=None
[2025-10-27T21:33:34.518-0300] {processor.py:183} INFO - Processing /home/joaosousa/projects/spotify-project/venv/lib/python3.12/site-packages/airflow/example_dags/tutorial_taskflow_api.py took 0.044 seconds
[2025-10-27T21:34:16.207-0300] {processor.py:161} INFO - Started process (PID=1504) to work on /home/joaosousa/projects/spotify-project/venv/lib/python3.12/site-packages/airflow/example_dags/tutorial_taskflow_api.py
[2025-10-27T21:34:16.209-0300] {processor.py:830} INFO - Processing file /home/joaosousa/projects/spotify-project/venv/lib/python3.12/site-packages/airflow/example_dags/tutorial_taskflow_api.py for tasks to queue
[2025-10-27T21:34:16.211-0300] {logging_mixin.py:188} INFO - [2025-10-27T21:34:16.211-0300] {dagbag.py:545} INFO - Filling up the DagBag from /home/joaosousa/projects/spotify-project/venv/lib/python3.12/site-packages/airflow/example_dags/tutorial_taskflow_api.py
[2025-10-27T21:34:16.217-0300] {processor.py:840} INFO - DAG(s) 'tutorial_taskflow_api' retrieved from /home/joaosousa/projects/spotify-project/venv/lib/python3.12/site-packages/airflow/example_dags/tutorial_taskflow_api.py
[2025-10-27T21:34:16.230-0300] {logging_mixin.py:188} INFO - [2025-10-27T21:34:16.230-0300] {dag.py:3096} INFO - Sync 1 DAGs
[2025-10-27T21:34:16.239-0300] {logging_mixin.py:188} INFO - [2025-10-27T21:34:16.239-0300] {dag.py:3954} INFO - Setting next_dagrun for tutorial_taskflow_api to None, run_after=None
[2025-10-27T21:34:16.256-0300] {processor.py:183} INFO - Processing /home/joaosousa/projects/spotify-project/venv/lib/python3.12/site-packages/airflow/example_dags/tutorial_taskflow_api.py took 0.053 seconds
[2025-10-27T21:34:56.086-0300] {processor.py:161} INFO - Started process (PID=1571) to work on /home/joaosousa/projects/spotify-project/venv/lib/python3.12/site-packages/airflow/example_dags/tutorial_taskflow_api.py
[2025-10-27T21:34:56.088-0300] {processor.py:830} INFO - Processing file /home/joaosousa/projects/spotify-project/venv/lib/python3.12/site-packages/airflow/example_dags/tutorial_taskflow_api.py for tasks to queue
[2025-10-27T21:34:56.089-0300] {logging_mixin.py:188} INFO - [2025-10-27T21:34:56.089-0300] {dagbag.py:545} INFO - Filling up the DagBag from /home/joaosousa/projects/spotify-project/venv/lib/python3.12/site-packages/airflow/example_dags/tutorial_taskflow_api.py
[2025-10-27T21:34:56.094-0300] {processor.py:840} INFO - DAG(s) 'tutorial_taskflow_api' retrieved from /home/joaosousa/projects/spotify-project/venv/lib/python3.12/site-packages/airflow/example_dags/tutorial_taskflow_api.py
[2025-10-27T21:34:56.104-0300] {logging_mixin.py:188} INFO - [2025-10-27T21:34:56.104-0300] {dag.py:3096} INFO - Sync 1 DAGs
[2025-10-27T21:34:56.111-0300] {logging_mixin.py:188} INFO - [2025-10-27T21:34:56.111-0300] {dag.py:3954} INFO - Setting next_dagrun for tutorial_taskflow_api to None, run_after=None
[2025-10-27T21:34:56.126-0300] {processor.py:183} INFO - Processing /home/joaosousa/projects/spotify-project/venv/lib/python3.12/site-packages/airflow/example_dags/tutorial_taskflow_api.py took 0.044 seconds
[2025-10-27T21:35:35.405-0300] {processor.py:161} INFO - Started process (PID=1635) to work on /home/joaosousa/projects/spotify-project/venv/lib/python3.12/site-packages/airflow/example_dags/tutorial_taskflow_api.py
[2025-10-27T21:35:35.406-0300] {processor.py:830} INFO - Processing file /home/joaosousa/projects/spotify-project/venv/lib/python3.12/site-packages/airflow/example_dags/tutorial_taskflow_api.py for tasks to queue
[2025-10-27T21:35:35.408-0300] {logging_mixin.py:188} INFO - [2025-10-27T21:35:35.407-0300] {dagbag.py:545} INFO - Filling up the DagBag from /home/joaosousa/projects/spotify-project/venv/lib/python3.12/site-packages/airflow/example_dags/tutorial_taskflow_api.py
[2025-10-27T21:35:35.412-0300] {processor.py:840} INFO - DAG(s) 'tutorial_taskflow_api' retrieved from /home/joaosousa/projects/spotify-project/venv/lib/python3.12/site-packages/airflow/example_dags/tutorial_taskflow_api.py
[2025-10-27T21:35:35.423-0300] {logging_mixin.py:188} INFO - [2025-10-27T21:35:35.423-0300] {dag.py:3096} INFO - Sync 1 DAGs
[2025-10-27T21:35:35.430-0300] {logging_mixin.py:188} INFO - [2025-10-27T21:35:35.430-0300] {dag.py:3954} INFO - Setting next_dagrun for tutorial_taskflow_api to None, run_after=None
[2025-10-27T21:35:35.445-0300] {processor.py:183} INFO - Processing /home/joaosousa/projects/spotify-project/venv/lib/python3.12/site-packages/airflow/example_dags/tutorial_taskflow_api.py took 0.044 seconds
[2025-10-27T21:36:22.416-0300] {processor.py:161} INFO - Started process (PID=1706) to work on /home/joaosousa/projects/spotify-project/venv/lib/python3.12/site-packages/airflow/example_dags/tutorial_taskflow_api.py
[2025-10-27T21:36:22.418-0300] {processor.py:830} INFO - Processing file /home/joaosousa/projects/spotify-project/venv/lib/python3.12/site-packages/airflow/example_dags/tutorial_taskflow_api.py for tasks to queue
[2025-10-27T21:36:22.419-0300] {logging_mixin.py:188} INFO - [2025-10-27T21:36:22.419-0300] {dagbag.py:545} INFO - Filling up the DagBag from /home/joaosousa/projects/spotify-project/venv/lib/python3.12/site-packages/airflow/example_dags/tutorial_taskflow_api.py
[2025-10-27T21:36:22.424-0300] {processor.py:840} INFO - DAG(s) 'tutorial_taskflow_api' retrieved from /home/joaosousa/projects/spotify-project/venv/lib/python3.12/site-packages/airflow/example_dags/tutorial_taskflow_api.py
[2025-10-27T21:36:22.435-0300] {logging_mixin.py:188} INFO - [2025-10-27T21:36:22.435-0300] {dag.py:3096} INFO - Sync 1 DAGs
[2025-10-27T21:36:22.442-0300] {logging_mixin.py:188} INFO - [2025-10-27T21:36:22.442-0300] {dag.py:3954} INFO - Setting next_dagrun for tutorial_taskflow_api to None, run_after=None
[2025-10-27T21:36:22.547-0300] {processor.py:183} INFO - Processing /home/joaosousa/projects/spotify-project/venv/lib/python3.12/site-packages/airflow/example_dags/tutorial_taskflow_api.py took 0.135 seconds
[2025-10-27T21:37:09.480-0300] {processor.py:161} INFO - Started process (PID=1778) to work on /home/joaosousa/projects/spotify-project/venv/lib/python3.12/site-packages/airflow/example_dags/tutorial_taskflow_api.py
[2025-10-27T21:37:09.482-0300] {processor.py:830} INFO - Processing file /home/joaosousa/projects/spotify-project/venv/lib/python3.12/site-packages/airflow/example_dags/tutorial_taskflow_api.py for tasks to queue
[2025-10-27T21:37:09.483-0300] {logging_mixin.py:188} INFO - [2025-10-27T21:37:09.483-0300] {dagbag.py:545} INFO - Filling up the DagBag from /home/joaosousa/projects/spotify-project/venv/lib/python3.12/site-packages/airflow/example_dags/tutorial_taskflow_api.py
[2025-10-27T21:37:09.488-0300] {processor.py:840} INFO - DAG(s) 'tutorial_taskflow_api' retrieved from /home/joaosousa/projects/spotify-project/venv/lib/python3.12/site-packages/airflow/example_dags/tutorial_taskflow_api.py
[2025-10-27T21:37:09.499-0300] {logging_mixin.py:188} INFO - [2025-10-27T21:37:09.499-0300] {dag.py:3096} INFO - Sync 1 DAGs
[2025-10-27T21:37:09.506-0300] {logging_mixin.py:188} INFO - [2025-10-27T21:37:09.506-0300] {dag.py:3954} INFO - Setting next_dagrun for tutorial_taskflow_api to None, run_after=None
[2025-10-27T21:37:09.521-0300] {processor.py:183} INFO - Processing /home/joaosousa/projects/spotify-project/venv/lib/python3.12/site-packages/airflow/example_dags/tutorial_taskflow_api.py took 0.046 seconds
[2025-10-27T21:37:52.287-0300] {processor.py:161} INFO - Started process (PID=1847) to work on /home/joaosousa/projects/spotify-project/venv/lib/python3.12/site-packages/airflow/example_dags/tutorial_taskflow_api.py
[2025-10-27T21:37:52.289-0300] {processor.py:830} INFO - Processing file /home/joaosousa/projects/spotify-project/venv/lib/python3.12/site-packages/airflow/example_dags/tutorial_taskflow_api.py for tasks to queue
[2025-10-27T21:37:52.291-0300] {logging_mixin.py:188} INFO - [2025-10-27T21:37:52.291-0300] {dagbag.py:545} INFO - Filling up the DagBag from /home/joaosousa/projects/spotify-project/venv/lib/python3.12/site-packages/airflow/example_dags/tutorial_taskflow_api.py
[2025-10-27T21:37:52.298-0300] {processor.py:840} INFO - DAG(s) 'tutorial_taskflow_api' retrieved from /home/joaosousa/projects/spotify-project/venv/lib/python3.12/site-packages/airflow/example_dags/tutorial_taskflow_api.py
[2025-10-27T21:37:52.316-0300] {logging_mixin.py:188} INFO - [2025-10-27T21:37:52.316-0300] {dag.py:3096} INFO - Sync 1 DAGs
[2025-10-27T21:37:52.328-0300] {logging_mixin.py:188} INFO - [2025-10-27T21:37:52.328-0300] {dag.py:3954} INFO - Setting next_dagrun for tutorial_taskflow_api to None, run_after=None
[2025-10-27T21:37:52.349-0300] {processor.py:183} INFO - Processing /home/joaosousa/projects/spotify-project/venv/lib/python3.12/site-packages/airflow/example_dags/tutorial_taskflow_api.py took 0.068 seconds
[2025-10-27T21:38:35.117-0300] {processor.py:161} INFO - Started process (PID=1921) to work on /home/joaosousa/projects/spotify-project/venv/lib/python3.12/site-packages/airflow/example_dags/tutorial_taskflow_api.py
[2025-10-27T21:38:35.118-0300] {processor.py:830} INFO - Processing file /home/joaosousa/projects/spotify-project/venv/lib/python3.12/site-packages/airflow/example_dags/tutorial_taskflow_api.py for tasks to queue
[2025-10-27T21:38:35.119-0300] {logging_mixin.py:188} INFO - [2025-10-27T21:38:35.119-0300] {dagbag.py:545} INFO - Filling up the DagBag from /home/joaosousa/projects/spotify-project/venv/lib/python3.12/site-packages/airflow/example_dags/tutorial_taskflow_api.py
[2025-10-27T21:38:35.124-0300] {processor.py:840} INFO - DAG(s) 'tutorial_taskflow_api' retrieved from /home/joaosousa/projects/spotify-project/venv/lib/python3.12/site-packages/airflow/example_dags/tutorial_taskflow_api.py
[2025-10-27T21:38:35.135-0300] {logging_mixin.py:188} INFO - [2025-10-27T21:38:35.135-0300] {dag.py:3096} INFO - Sync 1 DAGs
[2025-10-27T21:38:35.144-0300] {logging_mixin.py:188} INFO - [2025-10-27T21:38:35.143-0300] {dag.py:3954} INFO - Setting next_dagrun for tutorial_taskflow_api to None, run_after=None
[2025-10-27T21:38:35.166-0300] {processor.py:183} INFO - Processing /home/joaosousa/projects/spotify-project/venv/lib/python3.12/site-packages/airflow/example_dags/tutorial_taskflow_api.py took 0.053 seconds
[2025-10-27T21:39:09.153-0300] {processor.py:161} INFO - Started process (PID=1986) to work on /home/joaosousa/projects/spotify-project/venv/lib/python3.12/site-packages/airflow/example_dags/tutorial_taskflow_api.py
[2025-10-27T21:39:09.155-0300] {processor.py:830} INFO - Processing file /home/joaosousa/projects/spotify-project/venv/lib/python3.12/site-packages/airflow/example_dags/tutorial_taskflow_api.py for tasks to queue
[2025-10-27T21:39:09.157-0300] {logging_mixin.py:188} INFO - [2025-10-27T21:39:09.156-0300] {dagbag.py:545} INFO - Filling up the DagBag from /home/joaosousa/projects/spotify-project/venv/lib/python3.12/site-packages/airflow/example_dags/tutorial_taskflow_api.py
[2025-10-27T21:39:09.161-0300] {processor.py:840} INFO - DAG(s) 'tutorial_taskflow_api' retrieved from /home/joaosousa/projects/spotify-project/venv/lib/python3.12/site-packages/airflow/example_dags/tutorial_taskflow_api.py
[2025-10-27T21:39:09.174-0300] {logging_mixin.py:188} INFO - [2025-10-27T21:39:09.174-0300] {dag.py:3096} INFO - Sync 1 DAGs
[2025-10-27T21:39:09.182-0300] {logging_mixin.py:188} INFO - [2025-10-27T21:39:09.182-0300] {dag.py:3954} INFO - Setting next_dagrun for tutorial_taskflow_api to None, run_after=None
[2025-10-27T21:39:09.197-0300] {processor.py:183} INFO - Processing /home/joaosousa/projects/spotify-project/venv/lib/python3.12/site-packages/airflow/example_dags/tutorial_taskflow_api.py took 0.048 seconds
[2025-10-27T21:39:49.106-0300] {processor.py:161} INFO - Started process (PID=2053) to work on /home/joaosousa/projects/spotify-project/venv/lib/python3.12/site-packages/airflow/example_dags/tutorial_taskflow_api.py
[2025-10-27T21:39:49.108-0300] {processor.py:830} INFO - Processing file /home/joaosousa/projects/spotify-project/venv/lib/python3.12/site-packages/airflow/example_dags/tutorial_taskflow_api.py for tasks to queue
[2025-10-27T21:39:49.110-0300] {logging_mixin.py:188} INFO - [2025-10-27T21:39:49.109-0300] {dagbag.py:545} INFO - Filling up the DagBag from /home/joaosousa/projects/spotify-project/venv/lib/python3.12/site-packages/airflow/example_dags/tutorial_taskflow_api.py
[2025-10-27T21:39:49.115-0300] {processor.py:840} INFO - DAG(s) 'tutorial_taskflow_api' retrieved from /home/joaosousa/projects/spotify-project/venv/lib/python3.12/site-packages/airflow/example_dags/tutorial_taskflow_api.py
[2025-10-27T21:39:49.127-0300] {logging_mixin.py:188} INFO - [2025-10-27T21:39:49.127-0300] {dag.py:3096} INFO - Sync 1 DAGs
[2025-10-27T21:39:49.135-0300] {logging_mixin.py:188} INFO - [2025-10-27T21:39:49.135-0300] {dag.py:3954} INFO - Setting next_dagrun for tutorial_taskflow_api to None, run_after=None
[2025-10-27T21:39:49.153-0300] {processor.py:183} INFO - Processing /home/joaosousa/projects/spotify-project/venv/lib/python3.12/site-packages/airflow/example_dags/tutorial_taskflow_api.py took 0.052 seconds
