[2025-10-27T21:31:09.528-0300] {processor.py:161} INFO - Started process (PID=1094) to work on /home/joaosousa/projects/spotify-project/venv/lib/python3.12/site-packages/airflow/example_dags/tutorial_dag.py
[2025-10-27T21:31:09.529-0300] {processor.py:830} INFO - Processing file /home/joaosousa/projects/spotify-project/venv/lib/python3.12/site-packages/airflow/example_dags/tutorial_dag.py for tasks to queue
[2025-10-27T21:31:09.531-0300] {logging_mixin.py:188} INFO - [2025-10-27T21:31:09.530-0300] {dagbag.py:545} INFO - Filling up the DagBag from /home/joaosousa/projects/spotify-project/venv/lib/python3.12/site-packages/airflow/example_dags/tutorial_dag.py
[2025-10-27T21:31:09.539-0300] {processor.py:840} INFO - DAG(s) 'tutorial_dag' retrieved from /home/joaosousa/projects/spotify-project/venv/lib/python3.12/site-packages/airflow/example_dags/tutorial_dag.py
[2025-10-27T21:31:09.555-0300] {logging_mixin.py:188} INFO - [2025-10-27T21:31:09.555-0300] {dag.py:3096} INFO - Sync 1 DAGs
[2025-10-27T21:31:09.571-0300] {logging_mixin.py:188} INFO - [2025-10-27T21:31:09.571-0300] {dag.py:3954} INFO - Setting next_dagrun for tutorial_dag to None, run_after=None
[2025-10-27T21:31:09.589-0300] {processor.py:183} INFO - Processing /home/joaosousa/projects/spotify-project/venv/lib/python3.12/site-packages/airflow/example_dags/tutorial_dag.py took 0.065 seconds
[2025-10-27T21:31:57.744-0300] {processor.py:161} INFO - Started process (PID=1279) to work on /home/joaosousa/projects/spotify-project/venv/lib/python3.12/site-packages/airflow/example_dags/tutorial_dag.py
[2025-10-27T21:31:57.746-0300] {processor.py:830} INFO - Processing file /home/joaosousa/projects/spotify-project/venv/lib/python3.12/site-packages/airflow/example_dags/tutorial_dag.py for tasks to queue
[2025-10-27T21:31:57.747-0300] {logging_mixin.py:188} INFO - [2025-10-27T21:31:57.747-0300] {dagbag.py:545} INFO - Filling up the DagBag from /home/joaosousa/projects/spotify-project/venv/lib/python3.12/site-packages/airflow/example_dags/tutorial_dag.py
[2025-10-27T21:31:57.751-0300] {processor.py:840} INFO - DAG(s) 'tutorial_dag' retrieved from /home/joaosousa/projects/spotify-project/venv/lib/python3.12/site-packages/airflow/example_dags/tutorial_dag.py
[2025-10-27T21:31:57.762-0300] {logging_mixin.py:188} INFO - [2025-10-27T21:31:57.762-0300] {dag.py:3096} INFO - Sync 1 DAGs
[2025-10-27T21:31:57.769-0300] {logging_mixin.py:188} INFO - [2025-10-27T21:31:57.769-0300] {dag.py:3954} INFO - Setting next_dagrun for tutorial_dag to None, run_after=None
[2025-10-27T21:31:57.784-0300] {processor.py:183} INFO - Processing /home/joaosousa/projects/spotify-project/venv/lib/python3.12/site-packages/airflow/example_dags/tutorial_dag.py took 0.044 seconds
[2025-10-27T21:33:00.107-0300] {processor.py:161} INFO - Started process (PID=1389) to work on /home/joaosousa/projects/spotify-project/venv/lib/python3.12/site-packages/airflow/example_dags/tutorial_dag.py
[2025-10-27T21:33:00.109-0300] {processor.py:830} INFO - Processing file /home/joaosousa/projects/spotify-project/venv/lib/python3.12/site-packages/airflow/example_dags/tutorial_dag.py for tasks to queue
[2025-10-27T21:33:00.114-0300] {logging_mixin.py:188} INFO - [2025-10-27T21:33:00.114-0300] {dagbag.py:545} INFO - Filling up the DagBag from /home/joaosousa/projects/spotify-project/venv/lib/python3.12/site-packages/airflow/example_dags/tutorial_dag.py
[2025-10-27T21:33:00.120-0300] {processor.py:840} INFO - DAG(s) 'tutorial_dag' retrieved from /home/joaosousa/projects/spotify-project/venv/lib/python3.12/site-packages/airflow/example_dags/tutorial_dag.py
[2025-10-27T21:33:00.133-0300] {logging_mixin.py:188} INFO - [2025-10-27T21:33:00.133-0300] {dag.py:3096} INFO - Sync 1 DAGs
[2025-10-27T21:33:00.142-0300] {logging_mixin.py:188} INFO - [2025-10-27T21:33:00.142-0300] {dag.py:3954} INFO - Setting next_dagrun for tutorial_dag to None, run_after=None
[2025-10-27T21:33:00.159-0300] {processor.py:183} INFO - Processing /home/joaosousa/projects/spotify-project/venv/lib/python3.12/site-packages/airflow/example_dags/tutorial_dag.py took 0.058 seconds
[2025-10-27T21:33:49.091-0300] {processor.py:161} INFO - Started process (PID=1465) to work on /home/joaosousa/projects/spotify-project/venv/lib/python3.12/site-packages/airflow/example_dags/tutorial_dag.py
[2025-10-27T21:33:49.093-0300] {processor.py:830} INFO - Processing file /home/joaosousa/projects/spotify-project/venv/lib/python3.12/site-packages/airflow/example_dags/tutorial_dag.py for tasks to queue
[2025-10-27T21:33:49.095-0300] {logging_mixin.py:188} INFO - [2025-10-27T21:33:49.094-0300] {dagbag.py:545} INFO - Filling up the DagBag from /home/joaosousa/projects/spotify-project/venv/lib/python3.12/site-packages/airflow/example_dags/tutorial_dag.py
[2025-10-27T21:33:49.098-0300] {processor.py:840} INFO - DAG(s) 'tutorial_dag' retrieved from /home/joaosousa/projects/spotify-project/venv/lib/python3.12/site-packages/airflow/example_dags/tutorial_dag.py
[2025-10-27T21:33:49.110-0300] {logging_mixin.py:188} INFO - [2025-10-27T21:33:49.110-0300] {dag.py:3096} INFO - Sync 1 DAGs
[2025-10-27T21:33:49.118-0300] {logging_mixin.py:188} INFO - [2025-10-27T21:33:49.118-0300] {dag.py:3954} INFO - Setting next_dagrun for tutorial_dag to None, run_after=None
[2025-10-27T21:33:49.132-0300] {processor.py:183} INFO - Processing /home/joaosousa/projects/spotify-project/venv/lib/python3.12/site-packages/airflow/example_dags/tutorial_dag.py took 0.045 seconds
[2025-10-27T21:34:49.816-0300] {processor.py:161} INFO - Started process (PID=1553) to work on /home/joaosousa/projects/spotify-project/venv/lib/python3.12/site-packages/airflow/example_dags/tutorial_dag.py
[2025-10-27T21:34:49.817-0300] {processor.py:830} INFO - Processing file /home/joaosousa/projects/spotify-project/venv/lib/python3.12/site-packages/airflow/example_dags/tutorial_dag.py for tasks to queue
[2025-10-27T21:34:49.819-0300] {logging_mixin.py:188} INFO - [2025-10-27T21:34:49.818-0300] {dagbag.py:545} INFO - Filling up the DagBag from /home/joaosousa/projects/spotify-project/venv/lib/python3.12/site-packages/airflow/example_dags/tutorial_dag.py
[2025-10-27T21:34:49.823-0300] {processor.py:840} INFO - DAG(s) 'tutorial_dag' retrieved from /home/joaosousa/projects/spotify-project/venv/lib/python3.12/site-packages/airflow/example_dags/tutorial_dag.py
[2025-10-27T21:34:49.837-0300] {logging_mixin.py:188} INFO - [2025-10-27T21:34:49.836-0300] {dag.py:3096} INFO - Sync 1 DAGs
[2025-10-27T21:34:49.846-0300] {logging_mixin.py:188} INFO - [2025-10-27T21:34:49.846-0300] {dag.py:3954} INFO - Setting next_dagrun for tutorial_dag to None, run_after=None
[2025-10-27T21:34:49.862-0300] {processor.py:183} INFO - Processing /home/joaosousa/projects/spotify-project/venv/lib/python3.12/site-packages/airflow/example_dags/tutorial_dag.py took 0.050 seconds
[2025-10-27T21:35:50.460-0300] {processor.py:161} INFO - Started process (PID=1664) to work on /home/joaosousa/projects/spotify-project/venv/lib/python3.12/site-packages/airflow/example_dags/tutorial_dag.py
[2025-10-27T21:35:50.462-0300] {processor.py:830} INFO - Processing file /home/joaosousa/projects/spotify-project/venv/lib/python3.12/site-packages/airflow/example_dags/tutorial_dag.py for tasks to queue
[2025-10-27T21:35:50.463-0300] {logging_mixin.py:188} INFO - [2025-10-27T21:35:50.462-0300] {dagbag.py:545} INFO - Filling up the DagBag from /home/joaosousa/projects/spotify-project/venv/lib/python3.12/site-packages/airflow/example_dags/tutorial_dag.py
[2025-10-27T21:35:50.467-0300] {processor.py:840} INFO - DAG(s) 'tutorial_dag' retrieved from /home/joaosousa/projects/spotify-project/venv/lib/python3.12/site-packages/airflow/example_dags/tutorial_dag.py
[2025-10-27T21:35:50.477-0300] {logging_mixin.py:188} INFO - [2025-10-27T21:35:50.477-0300] {dag.py:3096} INFO - Sync 1 DAGs
[2025-10-27T21:35:50.485-0300] {logging_mixin.py:188} INFO - [2025-10-27T21:35:50.485-0300] {dag.py:3954} INFO - Setting next_dagrun for tutorial_dag to None, run_after=None
[2025-10-27T21:35:50.499-0300] {processor.py:183} INFO - Processing /home/joaosousa/projects/spotify-project/venv/lib/python3.12/site-packages/airflow/example_dags/tutorial_dag.py took 0.043 seconds
[2025-10-27T21:36:59.349-0300] {processor.py:161} INFO - Started process (PID=1755) to work on /home/joaosousa/projects/spotify-project/venv/lib/python3.12/site-packages/airflow/example_dags/tutorial_dag.py
[2025-10-27T21:36:59.351-0300] {processor.py:830} INFO - Processing file /home/joaosousa/projects/spotify-project/venv/lib/python3.12/site-packages/airflow/example_dags/tutorial_dag.py for tasks to queue
[2025-10-27T21:36:59.352-0300] {logging_mixin.py:188} INFO - [2025-10-27T21:36:59.352-0300] {dagbag.py:545} INFO - Filling up the DagBag from /home/joaosousa/projects/spotify-project/venv/lib/python3.12/site-packages/airflow/example_dags/tutorial_dag.py
[2025-10-27T21:36:59.357-0300] {processor.py:840} INFO - DAG(s) 'tutorial_dag' retrieved from /home/joaosousa/projects/spotify-project/venv/lib/python3.12/site-packages/airflow/example_dags/tutorial_dag.py
[2025-10-27T21:36:59.369-0300] {logging_mixin.py:188} INFO - [2025-10-27T21:36:59.368-0300] {dag.py:3096} INFO - Sync 1 DAGs
[2025-10-27T21:36:59.376-0300] {logging_mixin.py:188} INFO - [2025-10-27T21:36:59.376-0300] {dag.py:3954} INFO - Setting next_dagrun for tutorial_dag to None, run_after=None
[2025-10-27T21:36:59.392-0300] {processor.py:183} INFO - Processing /home/joaosousa/projects/spotify-project/venv/lib/python3.12/site-packages/airflow/example_dags/tutorial_dag.py took 0.047 seconds
[2025-10-27T21:38:05.157-0300] {processor.py:161} INFO - Started process (PID=1871) to work on /home/joaosousa/projects/spotify-project/venv/lib/python3.12/site-packages/airflow/example_dags/tutorial_dag.py
[2025-10-27T21:38:05.159-0300] {processor.py:830} INFO - Processing file /home/joaosousa/projects/spotify-project/venv/lib/python3.12/site-packages/airflow/example_dags/tutorial_dag.py for tasks to queue
[2025-10-27T21:38:05.161-0300] {logging_mixin.py:188} INFO - [2025-10-27T21:38:05.160-0300] {dagbag.py:545} INFO - Filling up the DagBag from /home/joaosousa/projects/spotify-project/venv/lib/python3.12/site-packages/airflow/example_dags/tutorial_dag.py
[2025-10-27T21:38:05.165-0300] {processor.py:840} INFO - DAG(s) 'tutorial_dag' retrieved from /home/joaosousa/projects/spotify-project/venv/lib/python3.12/site-packages/airflow/example_dags/tutorial_dag.py
[2025-10-27T21:38:05.176-0300] {logging_mixin.py:188} INFO - [2025-10-27T21:38:05.176-0300] {dag.py:3096} INFO - Sync 1 DAGs
[2025-10-27T21:38:05.184-0300] {logging_mixin.py:188} INFO - [2025-10-27T21:38:05.184-0300] {dag.py:3954} INFO - Setting next_dagrun for tutorial_dag to None, run_after=None
[2025-10-27T21:38:05.199-0300] {processor.py:183} INFO - Processing /home/joaosousa/projects/spotify-project/venv/lib/python3.12/site-packages/airflow/example_dags/tutorial_dag.py took 0.046 seconds
[2025-10-27T21:39:00.187-0300] {processor.py:161} INFO - Started process (PID=1963) to work on /home/joaosousa/projects/spotify-project/venv/lib/python3.12/site-packages/airflow/example_dags/tutorial_dag.py
[2025-10-27T21:39:00.189-0300] {processor.py:830} INFO - Processing file /home/joaosousa/projects/spotify-project/venv/lib/python3.12/site-packages/airflow/example_dags/tutorial_dag.py for tasks to queue
[2025-10-27T21:39:00.190-0300] {logging_mixin.py:188} INFO - [2025-10-27T21:39:00.190-0300] {dagbag.py:545} INFO - Filling up the DagBag from /home/joaosousa/projects/spotify-project/venv/lib/python3.12/site-packages/airflow/example_dags/tutorial_dag.py
[2025-10-27T21:39:00.194-0300] {processor.py:840} INFO - DAG(s) 'tutorial_dag' retrieved from /home/joaosousa/projects/spotify-project/venv/lib/python3.12/site-packages/airflow/example_dags/tutorial_dag.py
[2025-10-27T21:39:00.205-0300] {logging_mixin.py:188} INFO - [2025-10-27T21:39:00.205-0300] {dag.py:3096} INFO - Sync 1 DAGs
[2025-10-27T21:39:00.213-0300] {logging_mixin.py:188} INFO - [2025-10-27T21:39:00.213-0300] {dag.py:3954} INFO - Setting next_dagrun for tutorial_dag to None, run_after=None
[2025-10-27T21:39:00.228-0300] {processor.py:183} INFO - Processing /home/joaosousa/projects/spotify-project/venv/lib/python3.12/site-packages/airflow/example_dags/tutorial_dag.py took 0.045 seconds
[2025-10-27T21:40:00.996-0300] {processor.py:161} INFO - Started process (PID=2065) to work on /home/joaosousa/projects/spotify-project/venv/lib/python3.12/site-packages/airflow/example_dags/tutorial_dag.py
[2025-10-27T21:40:00.998-0300] {processor.py:830} INFO - Processing file /home/joaosousa/projects/spotify-project/venv/lib/python3.12/site-packages/airflow/example_dags/tutorial_dag.py for tasks to queue
[2025-10-27T21:40:01.000-0300] {logging_mixin.py:188} INFO - [2025-10-27T21:40:01.000-0300] {dagbag.py:545} INFO - Filling up the DagBag from /home/joaosousa/projects/spotify-project/venv/lib/python3.12/site-packages/airflow/example_dags/tutorial_dag.py
[2025-10-27T21:40:01.004-0300] {processor.py:840} INFO - DAG(s) 'tutorial_dag' retrieved from /home/joaosousa/projects/spotify-project/venv/lib/python3.12/site-packages/airflow/example_dags/tutorial_dag.py
[2025-10-27T21:40:01.015-0300] {logging_mixin.py:188} INFO - [2025-10-27T21:40:01.015-0300] {dag.py:3096} INFO - Sync 1 DAGs
[2025-10-27T21:40:01.022-0300] {logging_mixin.py:188} INFO - [2025-10-27T21:40:01.022-0300] {dag.py:3954} INFO - Setting next_dagrun for tutorial_dag to None, run_after=None
[2025-10-27T21:40:01.038-0300] {processor.py:183} INFO - Processing /home/joaosousa/projects/spotify-project/venv/lib/python3.12/site-packages/airflow/example_dags/tutorial_dag.py took 0.046 seconds
[2025-10-27T21:41:00.748-0300] {processor.py:161} INFO - Started process (PID=2170) to work on /home/joaosousa/projects/spotify-project/venv/lib/python3.12/site-packages/airflow/example_dags/tutorial_dag.py
[2025-10-27T21:41:00.749-0300] {processor.py:830} INFO - Processing file /home/joaosousa/projects/spotify-project/venv/lib/python3.12/site-packages/airflow/example_dags/tutorial_dag.py for tasks to queue
[2025-10-27T21:41:00.751-0300] {logging_mixin.py:188} INFO - [2025-10-27T21:41:00.751-0300] {dagbag.py:545} INFO - Filling up the DagBag from /home/joaosousa/projects/spotify-project/venv/lib/python3.12/site-packages/airflow/example_dags/tutorial_dag.py
[2025-10-27T21:41:00.756-0300] {processor.py:840} INFO - DAG(s) 'tutorial_dag' retrieved from /home/joaosousa/projects/spotify-project/venv/lib/python3.12/site-packages/airflow/example_dags/tutorial_dag.py
[2025-10-27T21:41:00.773-0300] {logging_mixin.py:188} INFO - [2025-10-27T21:41:00.773-0300] {dag.py:3096} INFO - Sync 1 DAGs
[2025-10-27T21:41:00.783-0300] {logging_mixin.py:188} INFO - [2025-10-27T21:41:00.783-0300] {dag.py:3954} INFO - Setting next_dagrun for tutorial_dag to None, run_after=None
[2025-10-27T21:41:00.811-0300] {processor.py:183} INFO - Processing /home/joaosousa/projects/spotify-project/venv/lib/python3.12/site-packages/airflow/example_dags/tutorial_dag.py took 0.068 seconds
[2025-10-27T21:42:00.875-0300] {processor.py:161} INFO - Started process (PID=2311) to work on /home/joaosousa/projects/spotify-project/venv/lib/python3.12/site-packages/airflow/example_dags/tutorial_dag.py
[2025-10-27T21:42:00.876-0300] {processor.py:830} INFO - Processing file /home/joaosousa/projects/spotify-project/venv/lib/python3.12/site-packages/airflow/example_dags/tutorial_dag.py for tasks to queue
[2025-10-27T21:42:00.877-0300] {logging_mixin.py:188} INFO - [2025-10-27T21:42:00.877-0300] {dagbag.py:545} INFO - Filling up the DagBag from /home/joaosousa/projects/spotify-project/venv/lib/python3.12/site-packages/airflow/example_dags/tutorial_dag.py
[2025-10-27T21:42:00.881-0300] {processor.py:840} INFO - DAG(s) 'tutorial_dag' retrieved from /home/joaosousa/projects/spotify-project/venv/lib/python3.12/site-packages/airflow/example_dags/tutorial_dag.py
[2025-10-27T21:42:00.893-0300] {logging_mixin.py:188} INFO - [2025-10-27T21:42:00.893-0300] {dag.py:3096} INFO - Sync 1 DAGs
[2025-10-27T21:42:00.901-0300] {logging_mixin.py:188} INFO - [2025-10-27T21:42:00.901-0300] {dag.py:3954} INFO - Setting next_dagrun for tutorial_dag to None, run_after=None
[2025-10-27T21:42:00.916-0300] {processor.py:183} INFO - Processing /home/joaosousa/projects/spotify-project/venv/lib/python3.12/site-packages/airflow/example_dags/tutorial_dag.py took 0.045 seconds
[2025-10-27T21:43:00.176-0300] {processor.py:161} INFO - Started process (PID=2487) to work on /home/joaosousa/projects/spotify-project/venv/lib/python3.12/site-packages/airflow/example_dags/tutorial_dag.py
[2025-10-27T21:43:00.177-0300] {processor.py:830} INFO - Processing file /home/joaosousa/projects/spotify-project/venv/lib/python3.12/site-packages/airflow/example_dags/tutorial_dag.py for tasks to queue
[2025-10-27T21:43:00.179-0300] {logging_mixin.py:188} INFO - [2025-10-27T21:43:00.179-0300] {dagbag.py:545} INFO - Filling up the DagBag from /home/joaosousa/projects/spotify-project/venv/lib/python3.12/site-packages/airflow/example_dags/tutorial_dag.py
[2025-10-27T21:43:00.183-0300] {processor.py:840} INFO - DAG(s) 'tutorial_dag' retrieved from /home/joaosousa/projects/spotify-project/venv/lib/python3.12/site-packages/airflow/example_dags/tutorial_dag.py
[2025-10-27T21:43:00.195-0300] {logging_mixin.py:188} INFO - [2025-10-27T21:43:00.194-0300] {dag.py:3096} INFO - Sync 1 DAGs
[2025-10-27T21:43:00.202-0300] {logging_mixin.py:188} INFO - [2025-10-27T21:43:00.202-0300] {dag.py:3954} INFO - Setting next_dagrun for tutorial_dag to None, run_after=None
[2025-10-27T21:43:00.217-0300] {processor.py:183} INFO - Processing /home/joaosousa/projects/spotify-project/venv/lib/python3.12/site-packages/airflow/example_dags/tutorial_dag.py took 0.046 seconds
[2025-10-27T21:44:00.262-0300] {processor.py:161} INFO - Started process (PID=2591) to work on /home/joaosousa/projects/spotify-project/venv/lib/python3.12/site-packages/airflow/example_dags/tutorial_dag.py
[2025-10-27T21:44:00.264-0300] {processor.py:830} INFO - Processing file /home/joaosousa/projects/spotify-project/venv/lib/python3.12/site-packages/airflow/example_dags/tutorial_dag.py for tasks to queue
[2025-10-27T21:44:00.265-0300] {logging_mixin.py:188} INFO - [2025-10-27T21:44:00.265-0300] {dagbag.py:545} INFO - Filling up the DagBag from /home/joaosousa/projects/spotify-project/venv/lib/python3.12/site-packages/airflow/example_dags/tutorial_dag.py
[2025-10-27T21:44:00.269-0300] {processor.py:840} INFO - DAG(s) 'tutorial_dag' retrieved from /home/joaosousa/projects/spotify-project/venv/lib/python3.12/site-packages/airflow/example_dags/tutorial_dag.py
[2025-10-27T21:44:00.281-0300] {logging_mixin.py:188} INFO - [2025-10-27T21:44:00.280-0300] {dag.py:3096} INFO - Sync 1 DAGs
[2025-10-27T21:44:00.288-0300] {logging_mixin.py:188} INFO - [2025-10-27T21:44:00.288-0300] {dag.py:3954} INFO - Setting next_dagrun for tutorial_dag to None, run_after=None
[2025-10-27T21:44:00.303-0300] {processor.py:183} INFO - Processing /home/joaosousa/projects/spotify-project/venv/lib/python3.12/site-packages/airflow/example_dags/tutorial_dag.py took 0.046 seconds
[2025-10-27T21:45:00.531-0300] {processor.py:161} INFO - Started process (PID=2697) to work on /home/joaosousa/projects/spotify-project/venv/lib/python3.12/site-packages/airflow/example_dags/tutorial_dag.py
[2025-10-27T21:45:00.533-0300] {processor.py:830} INFO - Processing file /home/joaosousa/projects/spotify-project/venv/lib/python3.12/site-packages/airflow/example_dags/tutorial_dag.py for tasks to queue
[2025-10-27T21:45:00.534-0300] {logging_mixin.py:188} INFO - [2025-10-27T21:45:00.534-0300] {dagbag.py:545} INFO - Filling up the DagBag from /home/joaosousa/projects/spotify-project/venv/lib/python3.12/site-packages/airflow/example_dags/tutorial_dag.py
[2025-10-27T21:45:00.539-0300] {processor.py:840} INFO - DAG(s) 'tutorial_dag' retrieved from /home/joaosousa/projects/spotify-project/venv/lib/python3.12/site-packages/airflow/example_dags/tutorial_dag.py
[2025-10-27T21:45:00.551-0300] {logging_mixin.py:188} INFO - [2025-10-27T21:45:00.551-0300] {dag.py:3096} INFO - Sync 1 DAGs
[2025-10-27T21:45:00.559-0300] {logging_mixin.py:188} INFO - [2025-10-27T21:45:00.559-0300] {dag.py:3954} INFO - Setting next_dagrun for tutorial_dag to None, run_after=None
[2025-10-27T21:45:00.576-0300] {processor.py:183} INFO - Processing /home/joaosousa/projects/spotify-project/venv/lib/python3.12/site-packages/airflow/example_dags/tutorial_dag.py took 0.049 seconds
[2025-10-27T21:45:58.495-0300] {processor.py:161} INFO - Started process (PID=3001) to work on /home/joaosousa/projects/spotify-project/venv/lib/python3.12/site-packages/airflow/example_dags/tutorial_dag.py
[2025-10-27T21:45:58.497-0300] {processor.py:830} INFO - Processing file /home/joaosousa/projects/spotify-project/venv/lib/python3.12/site-packages/airflow/example_dags/tutorial_dag.py for tasks to queue
[2025-10-27T21:45:58.498-0300] {logging_mixin.py:188} INFO - [2025-10-27T21:45:58.498-0300] {dagbag.py:545} INFO - Filling up the DagBag from /home/joaosousa/projects/spotify-project/venv/lib/python3.12/site-packages/airflow/example_dags/tutorial_dag.py
[2025-10-27T21:45:58.502-0300] {processor.py:840} INFO - DAG(s) 'tutorial_dag' retrieved from /home/joaosousa/projects/spotify-project/venv/lib/python3.12/site-packages/airflow/example_dags/tutorial_dag.py
[2025-10-27T21:45:58.513-0300] {logging_mixin.py:188} INFO - [2025-10-27T21:45:58.513-0300] {dag.py:3096} INFO - Sync 1 DAGs
[2025-10-27T21:45:58.520-0300] {logging_mixin.py:188} INFO - [2025-10-27T21:45:58.520-0300] {dag.py:3954} INFO - Setting next_dagrun for tutorial_dag to None, run_after=None
[2025-10-27T21:45:58.535-0300] {processor.py:183} INFO - Processing /home/joaosousa/projects/spotify-project/venv/lib/python3.12/site-packages/airflow/example_dags/tutorial_dag.py took 0.044 seconds
[2025-10-27T21:47:05.947-0300] {processor.py:161} INFO - Started process (PID=3144) to work on /home/joaosousa/projects/spotify-project/venv/lib/python3.12/site-packages/airflow/example_dags/tutorial_dag.py
[2025-10-27T21:47:05.949-0300] {processor.py:830} INFO - Processing file /home/joaosousa/projects/spotify-project/venv/lib/python3.12/site-packages/airflow/example_dags/tutorial_dag.py for tasks to queue
[2025-10-27T21:47:05.951-0300] {logging_mixin.py:188} INFO - [2025-10-27T21:47:05.950-0300] {dagbag.py:545} INFO - Filling up the DagBag from /home/joaosousa/projects/spotify-project/venv/lib/python3.12/site-packages/airflow/example_dags/tutorial_dag.py
[2025-10-27T21:47:05.955-0300] {processor.py:840} INFO - DAG(s) 'tutorial_dag' retrieved from /home/joaosousa/projects/spotify-project/venv/lib/python3.12/site-packages/airflow/example_dags/tutorial_dag.py
[2025-10-27T21:47:05.965-0300] {logging_mixin.py:188} INFO - [2025-10-27T21:47:05.965-0300] {dag.py:3096} INFO - Sync 1 DAGs
[2025-10-27T21:47:05.972-0300] {logging_mixin.py:188} INFO - [2025-10-27T21:47:05.972-0300] {dag.py:3954} INFO - Setting next_dagrun for tutorial_dag to None, run_after=None
[2025-10-27T21:47:05.987-0300] {processor.py:183} INFO - Processing /home/joaosousa/projects/spotify-project/venv/lib/python3.12/site-packages/airflow/example_dags/tutorial_dag.py took 0.045 seconds
[2025-10-27T21:48:11.840-0300] {processor.py:161} INFO - Started process (PID=3476) to work on /home/joaosousa/projects/spotify-project/venv/lib/python3.12/site-packages/airflow/example_dags/tutorial_dag.py
[2025-10-27T21:48:11.843-0300] {processor.py:830} INFO - Processing file /home/joaosousa/projects/spotify-project/venv/lib/python3.12/site-packages/airflow/example_dags/tutorial_dag.py for tasks to queue
[2025-10-27T21:48:11.844-0300] {logging_mixin.py:188} INFO - [2025-10-27T21:48:11.844-0300] {dagbag.py:545} INFO - Filling up the DagBag from /home/joaosousa/projects/spotify-project/venv/lib/python3.12/site-packages/airflow/example_dags/tutorial_dag.py
[2025-10-27T21:48:11.849-0300] {processor.py:840} INFO - DAG(s) 'tutorial_dag' retrieved from /home/joaosousa/projects/spotify-project/venv/lib/python3.12/site-packages/airflow/example_dags/tutorial_dag.py
[2025-10-27T21:48:11.860-0300] {logging_mixin.py:188} INFO - [2025-10-27T21:48:11.860-0300] {dag.py:3096} INFO - Sync 1 DAGs
[2025-10-27T21:48:11.869-0300] {logging_mixin.py:188} INFO - [2025-10-27T21:48:11.869-0300] {dag.py:3954} INFO - Setting next_dagrun for tutorial_dag to None, run_after=None
[2025-10-27T21:48:11.887-0300] {processor.py:183} INFO - Processing /home/joaosousa/projects/spotify-project/venv/lib/python3.12/site-packages/airflow/example_dags/tutorial_dag.py took 0.051 seconds
[2025-10-27T21:49:11.628-0300] {processor.py:161} INFO - Started process (PID=3575) to work on /home/joaosousa/projects/spotify-project/venv/lib/python3.12/site-packages/airflow/example_dags/tutorial_dag.py
[2025-10-27T21:49:11.630-0300] {processor.py:830} INFO - Processing file /home/joaosousa/projects/spotify-project/venv/lib/python3.12/site-packages/airflow/example_dags/tutorial_dag.py for tasks to queue
[2025-10-27T21:49:11.632-0300] {logging_mixin.py:188} INFO - [2025-10-27T21:49:11.632-0300] {dagbag.py:545} INFO - Filling up the DagBag from /home/joaosousa/projects/spotify-project/venv/lib/python3.12/site-packages/airflow/example_dags/tutorial_dag.py
[2025-10-27T21:49:11.636-0300] {processor.py:840} INFO - DAG(s) 'tutorial_dag' retrieved from /home/joaosousa/projects/spotify-project/venv/lib/python3.12/site-packages/airflow/example_dags/tutorial_dag.py
[2025-10-27T21:49:11.652-0300] {logging_mixin.py:188} INFO - [2025-10-27T21:49:11.652-0300] {dag.py:3096} INFO - Sync 1 DAGs
[2025-10-27T21:49:11.660-0300] {logging_mixin.py:188} INFO - [2025-10-27T21:49:11.660-0300] {dag.py:3954} INFO - Setting next_dagrun for tutorial_dag to None, run_after=None
[2025-10-27T21:49:11.677-0300] {processor.py:183} INFO - Processing /home/joaosousa/projects/spotify-project/venv/lib/python3.12/site-packages/airflow/example_dags/tutorial_dag.py took 0.054 seconds
[2025-10-27T21:50:09.814-0300] {processor.py:161} INFO - Started process (PID=3675) to work on /home/joaosousa/projects/spotify-project/venv/lib/python3.12/site-packages/airflow/example_dags/tutorial_dag.py
[2025-10-27T21:50:09.815-0300] {processor.py:830} INFO - Processing file /home/joaosousa/projects/spotify-project/venv/lib/python3.12/site-packages/airflow/example_dags/tutorial_dag.py for tasks to queue
[2025-10-27T21:50:09.817-0300] {logging_mixin.py:188} INFO - [2025-10-27T21:50:09.816-0300] {dagbag.py:545} INFO - Filling up the DagBag from /home/joaosousa/projects/spotify-project/venv/lib/python3.12/site-packages/airflow/example_dags/tutorial_dag.py
[2025-10-27T21:50:09.821-0300] {processor.py:840} INFO - DAG(s) 'tutorial_dag' retrieved from /home/joaosousa/projects/spotify-project/venv/lib/python3.12/site-packages/airflow/example_dags/tutorial_dag.py
[2025-10-27T21:50:09.832-0300] {logging_mixin.py:188} INFO - [2025-10-27T21:50:09.832-0300] {dag.py:3096} INFO - Sync 1 DAGs
[2025-10-27T21:50:09.839-0300] {logging_mixin.py:188} INFO - [2025-10-27T21:50:09.839-0300] {dag.py:3954} INFO - Setting next_dagrun for tutorial_dag to None, run_after=None
[2025-10-27T21:50:09.854-0300] {processor.py:183} INFO - Processing /home/joaosousa/projects/spotify-project/venv/lib/python3.12/site-packages/airflow/example_dags/tutorial_dag.py took 0.043 seconds
[2025-10-27T21:50:56.344-0300] {processor.py:161} INFO - Started process (PID=3752) to work on /home/joaosousa/projects/spotify-project/venv/lib/python3.12/site-packages/airflow/example_dags/tutorial_dag.py
[2025-10-27T21:50:56.346-0300] {processor.py:830} INFO - Processing file /home/joaosousa/projects/spotify-project/venv/lib/python3.12/site-packages/airflow/example_dags/tutorial_dag.py for tasks to queue
[2025-10-27T21:50:56.347-0300] {logging_mixin.py:188} INFO - [2025-10-27T21:50:56.347-0300] {dagbag.py:545} INFO - Filling up the DagBag from /home/joaosousa/projects/spotify-project/venv/lib/python3.12/site-packages/airflow/example_dags/tutorial_dag.py
[2025-10-27T21:50:56.351-0300] {processor.py:840} INFO - DAG(s) 'tutorial_dag' retrieved from /home/joaosousa/projects/spotify-project/venv/lib/python3.12/site-packages/airflow/example_dags/tutorial_dag.py
[2025-10-27T21:50:56.362-0300] {logging_mixin.py:188} INFO - [2025-10-27T21:50:56.362-0300] {dag.py:3096} INFO - Sync 1 DAGs
[2025-10-27T21:50:56.369-0300] {logging_mixin.py:188} INFO - [2025-10-27T21:50:56.369-0300] {dag.py:3954} INFO - Setting next_dagrun for tutorial_dag to None, run_after=None
[2025-10-27T21:50:56.384-0300] {processor.py:183} INFO - Processing /home/joaosousa/projects/spotify-project/venv/lib/python3.12/site-packages/airflow/example_dags/tutorial_dag.py took 0.044 seconds
[2025-10-27T21:52:00.395-0300] {processor.py:161} INFO - Started process (PID=3883) to work on /home/joaosousa/projects/spotify-project/venv/lib/python3.12/site-packages/airflow/example_dags/tutorial_dag.py
[2025-10-27T21:52:00.397-0300] {processor.py:830} INFO - Processing file /home/joaosousa/projects/spotify-project/venv/lib/python3.12/site-packages/airflow/example_dags/tutorial_dag.py for tasks to queue
[2025-10-27T21:52:00.398-0300] {logging_mixin.py:188} INFO - [2025-10-27T21:52:00.398-0300] {dagbag.py:545} INFO - Filling up the DagBag from /home/joaosousa/projects/spotify-project/venv/lib/python3.12/site-packages/airflow/example_dags/tutorial_dag.py
[2025-10-27T21:52:00.402-0300] {processor.py:840} INFO - DAG(s) 'tutorial_dag' retrieved from /home/joaosousa/projects/spotify-project/venv/lib/python3.12/site-packages/airflow/example_dags/tutorial_dag.py
[2025-10-27T21:52:00.413-0300] {logging_mixin.py:188} INFO - [2025-10-27T21:52:00.413-0300] {dag.py:3096} INFO - Sync 1 DAGs
[2025-10-27T21:52:00.421-0300] {logging_mixin.py:188} INFO - [2025-10-27T21:52:00.421-0300] {dag.py:3954} INFO - Setting next_dagrun for tutorial_dag to None, run_after=None
[2025-10-27T21:52:00.436-0300] {processor.py:183} INFO - Processing /home/joaosousa/projects/spotify-project/venv/lib/python3.12/site-packages/airflow/example_dags/tutorial_dag.py took 0.045 seconds
[2025-10-27T21:53:00.685-0300] {processor.py:161} INFO - Started process (PID=4015) to work on /home/joaosousa/projects/spotify-project/venv/lib/python3.12/site-packages/airflow/example_dags/tutorial_dag.py
[2025-10-27T21:53:00.686-0300] {processor.py:830} INFO - Processing file /home/joaosousa/projects/spotify-project/venv/lib/python3.12/site-packages/airflow/example_dags/tutorial_dag.py for tasks to queue
[2025-10-27T21:53:00.687-0300] {logging_mixin.py:188} INFO - [2025-10-27T21:53:00.687-0300] {dagbag.py:545} INFO - Filling up the DagBag from /home/joaosousa/projects/spotify-project/venv/lib/python3.12/site-packages/airflow/example_dags/tutorial_dag.py
[2025-10-27T21:53:00.692-0300] {processor.py:840} INFO - DAG(s) 'tutorial_dag' retrieved from /home/joaosousa/projects/spotify-project/venv/lib/python3.12/site-packages/airflow/example_dags/tutorial_dag.py
[2025-10-27T21:53:00.702-0300] {logging_mixin.py:188} INFO - [2025-10-27T21:53:00.702-0300] {dag.py:3096} INFO - Sync 1 DAGs
[2025-10-27T21:53:00.711-0300] {logging_mixin.py:188} INFO - [2025-10-27T21:53:00.710-0300] {dag.py:3954} INFO - Setting next_dagrun for tutorial_dag to None, run_after=None
[2025-10-27T21:53:00.726-0300] {processor.py:183} INFO - Processing /home/joaosousa/projects/spotify-project/venv/lib/python3.12/site-packages/airflow/example_dags/tutorial_dag.py took 0.045 seconds
[2025-10-27T21:54:02.686-0300] {processor.py:161} INFO - Started process (PID=4138) to work on /home/joaosousa/projects/spotify-project/venv/lib/python3.12/site-packages/airflow/example_dags/tutorial_dag.py
[2025-10-27T21:54:02.687-0300] {processor.py:830} INFO - Processing file /home/joaosousa/projects/spotify-project/venv/lib/python3.12/site-packages/airflow/example_dags/tutorial_dag.py for tasks to queue
[2025-10-27T21:54:02.689-0300] {logging_mixin.py:188} INFO - [2025-10-27T21:54:02.688-0300] {dagbag.py:545} INFO - Filling up the DagBag from /home/joaosousa/projects/spotify-project/venv/lib/python3.12/site-packages/airflow/example_dags/tutorial_dag.py
[2025-10-27T21:54:02.694-0300] {processor.py:840} INFO - DAG(s) 'tutorial_dag' retrieved from /home/joaosousa/projects/spotify-project/venv/lib/python3.12/site-packages/airflow/example_dags/tutorial_dag.py
[2025-10-27T21:54:02.708-0300] {logging_mixin.py:188} INFO - [2025-10-27T21:54:02.708-0300] {dag.py:3096} INFO - Sync 1 DAGs
[2025-10-27T21:54:02.717-0300] {logging_mixin.py:188} INFO - [2025-10-27T21:54:02.716-0300] {dag.py:3954} INFO - Setting next_dagrun for tutorial_dag to None, run_after=None
[2025-10-27T21:54:02.734-0300] {processor.py:183} INFO - Processing /home/joaosousa/projects/spotify-project/venv/lib/python3.12/site-packages/airflow/example_dags/tutorial_dag.py took 0.054 seconds
[2025-10-27T21:55:07.223-0300] {processor.py:161} INFO - Started process (PID=4263) to work on /home/joaosousa/projects/spotify-project/venv/lib/python3.12/site-packages/airflow/example_dags/tutorial_dag.py
[2025-10-27T21:55:07.225-0300] {processor.py:830} INFO - Processing file /home/joaosousa/projects/spotify-project/venv/lib/python3.12/site-packages/airflow/example_dags/tutorial_dag.py for tasks to queue
[2025-10-27T21:55:07.227-0300] {logging_mixin.py:188} INFO - [2025-10-27T21:55:07.226-0300] {dagbag.py:545} INFO - Filling up the DagBag from /home/joaosousa/projects/spotify-project/venv/lib/python3.12/site-packages/airflow/example_dags/tutorial_dag.py
[2025-10-27T21:55:07.231-0300] {processor.py:840} INFO - DAG(s) 'tutorial_dag' retrieved from /home/joaosousa/projects/spotify-project/venv/lib/python3.12/site-packages/airflow/example_dags/tutorial_dag.py
[2025-10-27T21:55:07.243-0300] {logging_mixin.py:188} INFO - [2025-10-27T21:55:07.243-0300] {dag.py:3096} INFO - Sync 1 DAGs
[2025-10-27T21:55:07.250-0300] {logging_mixin.py:188} INFO - [2025-10-27T21:55:07.250-0300] {dag.py:3954} INFO - Setting next_dagrun for tutorial_dag to None, run_after=None
[2025-10-27T21:55:07.266-0300] {processor.py:183} INFO - Processing /home/joaosousa/projects/spotify-project/venv/lib/python3.12/site-packages/airflow/example_dags/tutorial_dag.py took 0.047 seconds
[2025-10-27T21:56:08.968-0300] {processor.py:161} INFO - Started process (PID=4365) to work on /home/joaosousa/projects/spotify-project/venv/lib/python3.12/site-packages/airflow/example_dags/tutorial_dag.py
[2025-10-27T21:56:08.970-0300] {processor.py:830} INFO - Processing file /home/joaosousa/projects/spotify-project/venv/lib/python3.12/site-packages/airflow/example_dags/tutorial_dag.py for tasks to queue
[2025-10-27T21:56:08.972-0300] {logging_mixin.py:188} INFO - [2025-10-27T21:56:08.972-0300] {dagbag.py:545} INFO - Filling up the DagBag from /home/joaosousa/projects/spotify-project/venv/lib/python3.12/site-packages/airflow/example_dags/tutorial_dag.py
[2025-10-27T21:56:08.976-0300] {processor.py:840} INFO - DAG(s) 'tutorial_dag' retrieved from /home/joaosousa/projects/spotify-project/venv/lib/python3.12/site-packages/airflow/example_dags/tutorial_dag.py
[2025-10-27T21:56:08.987-0300] {logging_mixin.py:188} INFO - [2025-10-27T21:56:08.987-0300] {dag.py:3096} INFO - Sync 1 DAGs
[2025-10-27T21:56:08.994-0300] {logging_mixin.py:188} INFO - [2025-10-27T21:56:08.994-0300] {dag.py:3954} INFO - Setting next_dagrun for tutorial_dag to None, run_after=None
[2025-10-27T21:56:09.009-0300] {processor.py:183} INFO - Processing /home/joaosousa/projects/spotify-project/venv/lib/python3.12/site-packages/airflow/example_dags/tutorial_dag.py took 0.045 seconds
[2025-10-27T21:57:12.061-0300] {processor.py:161} INFO - Started process (PID=4564) to work on /home/joaosousa/projects/spotify-project/venv/lib/python3.12/site-packages/airflow/example_dags/tutorial_dag.py
[2025-10-27T21:57:12.064-0300] {processor.py:830} INFO - Processing file /home/joaosousa/projects/spotify-project/venv/lib/python3.12/site-packages/airflow/example_dags/tutorial_dag.py for tasks to queue
[2025-10-27T21:57:12.065-0300] {logging_mixin.py:188} INFO - [2025-10-27T21:57:12.064-0300] {dagbag.py:545} INFO - Filling up the DagBag from /home/joaosousa/projects/spotify-project/venv/lib/python3.12/site-packages/airflow/example_dags/tutorial_dag.py
[2025-10-27T21:57:12.069-0300] {processor.py:840} INFO - DAG(s) 'tutorial_dag' retrieved from /home/joaosousa/projects/spotify-project/venv/lib/python3.12/site-packages/airflow/example_dags/tutorial_dag.py
[2025-10-27T21:57:12.080-0300] {logging_mixin.py:188} INFO - [2025-10-27T21:57:12.079-0300] {dag.py:3096} INFO - Sync 1 DAGs
[2025-10-27T21:57:12.087-0300] {logging_mixin.py:188} INFO - [2025-10-27T21:57:12.087-0300] {dag.py:3954} INFO - Setting next_dagrun for tutorial_dag to None, run_after=None
[2025-10-27T21:57:12.102-0300] {processor.py:183} INFO - Processing /home/joaosousa/projects/spotify-project/venv/lib/python3.12/site-packages/airflow/example_dags/tutorial_dag.py took 0.044 seconds
[2025-10-27T21:58:11.685-0300] {processor.py:161} INFO - Started process (PID=4668) to work on /home/joaosousa/projects/spotify-project/venv/lib/python3.12/site-packages/airflow/example_dags/tutorial_dag.py
[2025-10-27T21:58:11.687-0300] {processor.py:830} INFO - Processing file /home/joaosousa/projects/spotify-project/venv/lib/python3.12/site-packages/airflow/example_dags/tutorial_dag.py for tasks to queue
[2025-10-27T21:58:11.689-0300] {logging_mixin.py:188} INFO - [2025-10-27T21:58:11.689-0300] {dagbag.py:545} INFO - Filling up the DagBag from /home/joaosousa/projects/spotify-project/venv/lib/python3.12/site-packages/airflow/example_dags/tutorial_dag.py
[2025-10-27T21:58:11.693-0300] {processor.py:840} INFO - DAG(s) 'tutorial_dag' retrieved from /home/joaosousa/projects/spotify-project/venv/lib/python3.12/site-packages/airflow/example_dags/tutorial_dag.py
[2025-10-27T21:58:11.704-0300] {logging_mixin.py:188} INFO - [2025-10-27T21:58:11.704-0300] {dag.py:3096} INFO - Sync 1 DAGs
[2025-10-27T21:58:11.712-0300] {logging_mixin.py:188} INFO - [2025-10-27T21:58:11.712-0300] {dag.py:3954} INFO - Setting next_dagrun for tutorial_dag to None, run_after=None
[2025-10-27T21:58:11.727-0300] {processor.py:183} INFO - Processing /home/joaosousa/projects/spotify-project/venv/lib/python3.12/site-packages/airflow/example_dags/tutorial_dag.py took 0.046 seconds
[2025-10-27T21:59:10.376-0300] {processor.py:161} INFO - Started process (PID=4764) to work on /home/joaosousa/projects/spotify-project/venv/lib/python3.12/site-packages/airflow/example_dags/tutorial_dag.py
[2025-10-27T21:59:10.378-0300] {processor.py:830} INFO - Processing file /home/joaosousa/projects/spotify-project/venv/lib/python3.12/site-packages/airflow/example_dags/tutorial_dag.py for tasks to queue
[2025-10-27T21:59:10.380-0300] {logging_mixin.py:188} INFO - [2025-10-27T21:59:10.379-0300] {dagbag.py:545} INFO - Filling up the DagBag from /home/joaosousa/projects/spotify-project/venv/lib/python3.12/site-packages/airflow/example_dags/tutorial_dag.py
[2025-10-27T21:59:10.384-0300] {processor.py:840} INFO - DAG(s) 'tutorial_dag' retrieved from /home/joaosousa/projects/spotify-project/venv/lib/python3.12/site-packages/airflow/example_dags/tutorial_dag.py
[2025-10-27T21:59:10.394-0300] {logging_mixin.py:188} INFO - [2025-10-27T21:59:10.394-0300] {dag.py:3096} INFO - Sync 1 DAGs
[2025-10-27T21:59:10.402-0300] {logging_mixin.py:188} INFO - [2025-10-27T21:59:10.402-0300] {dag.py:3954} INFO - Setting next_dagrun for tutorial_dag to None, run_after=None
[2025-10-27T21:59:10.417-0300] {processor.py:183} INFO - Processing /home/joaosousa/projects/spotify-project/venv/lib/python3.12/site-packages/airflow/example_dags/tutorial_dag.py took 0.045 seconds
[2025-10-27T22:00:16.984-0300] {processor.py:161} INFO - Started process (PID=4901) to work on /home/joaosousa/projects/spotify-project/venv/lib/python3.12/site-packages/airflow/example_dags/tutorial_dag.py
[2025-10-27T22:00:16.986-0300] {processor.py:830} INFO - Processing file /home/joaosousa/projects/spotify-project/venv/lib/python3.12/site-packages/airflow/example_dags/tutorial_dag.py for tasks to queue
[2025-10-27T22:00:16.987-0300] {logging_mixin.py:188} INFO - [2025-10-27T22:00:16.987-0300] {dagbag.py:545} INFO - Filling up the DagBag from /home/joaosousa/projects/spotify-project/venv/lib/python3.12/site-packages/airflow/example_dags/tutorial_dag.py
[2025-10-27T22:00:16.992-0300] {processor.py:840} INFO - DAG(s) 'tutorial_dag' retrieved from /home/joaosousa/projects/spotify-project/venv/lib/python3.12/site-packages/airflow/example_dags/tutorial_dag.py
[2025-10-27T22:00:17.003-0300] {logging_mixin.py:188} INFO - [2025-10-27T22:00:17.003-0300] {dag.py:3096} INFO - Sync 1 DAGs
[2025-10-27T22:00:17.010-0300] {logging_mixin.py:188} INFO - [2025-10-27T22:00:17.010-0300] {dag.py:3954} INFO - Setting next_dagrun for tutorial_dag to None, run_after=None
[2025-10-27T22:00:17.025-0300] {processor.py:183} INFO - Processing /home/joaosousa/projects/spotify-project/venv/lib/python3.12/site-packages/airflow/example_dags/tutorial_dag.py took 0.045 seconds
[2025-10-27T22:01:19.328-0300] {processor.py:161} INFO - Started process (PID=4996) to work on /home/joaosousa/projects/spotify-project/venv/lib/python3.12/site-packages/airflow/example_dags/tutorial_dag.py
[2025-10-27T22:01:19.329-0300] {processor.py:830} INFO - Processing file /home/joaosousa/projects/spotify-project/venv/lib/python3.12/site-packages/airflow/example_dags/tutorial_dag.py for tasks to queue
[2025-10-27T22:01:19.330-0300] {logging_mixin.py:188} INFO - [2025-10-27T22:01:19.330-0300] {dagbag.py:545} INFO - Filling up the DagBag from /home/joaosousa/projects/spotify-project/venv/lib/python3.12/site-packages/airflow/example_dags/tutorial_dag.py
[2025-10-27T22:01:19.334-0300] {processor.py:840} INFO - DAG(s) 'tutorial_dag' retrieved from /home/joaosousa/projects/spotify-project/venv/lib/python3.12/site-packages/airflow/example_dags/tutorial_dag.py
[2025-10-27T22:01:19.346-0300] {logging_mixin.py:188} INFO - [2025-10-27T22:01:19.346-0300] {dag.py:3096} INFO - Sync 1 DAGs
[2025-10-27T22:01:19.353-0300] {logging_mixin.py:188} INFO - [2025-10-27T22:01:19.353-0300] {dag.py:3954} INFO - Setting next_dagrun for tutorial_dag to None, run_after=None
[2025-10-27T22:01:19.368-0300] {processor.py:183} INFO - Processing /home/joaosousa/projects/spotify-project/venv/lib/python3.12/site-packages/airflow/example_dags/tutorial_dag.py took 0.045 seconds
[2025-10-27T22:02:18.065-0300] {processor.py:161} INFO - Started process (PID=5118) to work on /home/joaosousa/projects/spotify-project/venv/lib/python3.12/site-packages/airflow/example_dags/tutorial_dag.py
[2025-10-27T22:02:18.067-0300] {processor.py:830} INFO - Processing file /home/joaosousa/projects/spotify-project/venv/lib/python3.12/site-packages/airflow/example_dags/tutorial_dag.py for tasks to queue
[2025-10-27T22:02:18.068-0300] {logging_mixin.py:188} INFO - [2025-10-27T22:02:18.068-0300] {dagbag.py:545} INFO - Filling up the DagBag from /home/joaosousa/projects/spotify-project/venv/lib/python3.12/site-packages/airflow/example_dags/tutorial_dag.py
[2025-10-27T22:02:18.072-0300] {processor.py:840} INFO - DAG(s) 'tutorial_dag' retrieved from /home/joaosousa/projects/spotify-project/venv/lib/python3.12/site-packages/airflow/example_dags/tutorial_dag.py
[2025-10-27T22:02:18.084-0300] {logging_mixin.py:188} INFO - [2025-10-27T22:02:18.083-0300] {dag.py:3096} INFO - Sync 1 DAGs
[2025-10-27T22:02:18.092-0300] {logging_mixin.py:188} INFO - [2025-10-27T22:02:18.092-0300] {dag.py:3954} INFO - Setting next_dagrun for tutorial_dag to None, run_after=None
[2025-10-27T22:02:18.106-0300] {processor.py:183} INFO - Processing /home/joaosousa/projects/spotify-project/venv/lib/python3.12/site-packages/airflow/example_dags/tutorial_dag.py took 0.045 seconds
[2025-10-27T22:03:22.228-0300] {processor.py:161} INFO - Started process (PID=5216) to work on /home/joaosousa/projects/spotify-project/venv/lib/python3.12/site-packages/airflow/example_dags/tutorial_dag.py
[2025-10-27T22:03:22.230-0300] {processor.py:830} INFO - Processing file /home/joaosousa/projects/spotify-project/venv/lib/python3.12/site-packages/airflow/example_dags/tutorial_dag.py for tasks to queue
[2025-10-27T22:03:22.231-0300] {logging_mixin.py:188} INFO - [2025-10-27T22:03:22.231-0300] {dagbag.py:545} INFO - Filling up the DagBag from /home/joaosousa/projects/spotify-project/venv/lib/python3.12/site-packages/airflow/example_dags/tutorial_dag.py
[2025-10-27T22:03:22.235-0300] {processor.py:840} INFO - DAG(s) 'tutorial_dag' retrieved from /home/joaosousa/projects/spotify-project/venv/lib/python3.12/site-packages/airflow/example_dags/tutorial_dag.py
[2025-10-27T22:03:22.246-0300] {logging_mixin.py:188} INFO - [2025-10-27T22:03:22.246-0300] {dag.py:3096} INFO - Sync 1 DAGs
[2025-10-27T22:03:22.254-0300] {logging_mixin.py:188} INFO - [2025-10-27T22:03:22.254-0300] {dag.py:3954} INFO - Setting next_dagrun for tutorial_dag to None, run_after=None
[2025-10-27T22:03:22.268-0300] {processor.py:183} INFO - Processing /home/joaosousa/projects/spotify-project/venv/lib/python3.12/site-packages/airflow/example_dags/tutorial_dag.py took 0.044 seconds
[2025-10-27T22:04:19.055-0300] {processor.py:161} INFO - Started process (PID=5327) to work on /home/joaosousa/projects/spotify-project/venv/lib/python3.12/site-packages/airflow/example_dags/tutorial_dag.py
[2025-10-27T22:04:19.056-0300] {processor.py:830} INFO - Processing file /home/joaosousa/projects/spotify-project/venv/lib/python3.12/site-packages/airflow/example_dags/tutorial_dag.py for tasks to queue
[2025-10-27T22:04:19.058-0300] {logging_mixin.py:188} INFO - [2025-10-27T22:04:19.058-0300] {dagbag.py:545} INFO - Filling up the DagBag from /home/joaosousa/projects/spotify-project/venv/lib/python3.12/site-packages/airflow/example_dags/tutorial_dag.py
[2025-10-27T22:04:19.062-0300] {processor.py:840} INFO - DAG(s) 'tutorial_dag' retrieved from /home/joaosousa/projects/spotify-project/venv/lib/python3.12/site-packages/airflow/example_dags/tutorial_dag.py
[2025-10-27T22:04:19.073-0300] {logging_mixin.py:188} INFO - [2025-10-27T22:04:19.072-0300] {dag.py:3096} INFO - Sync 1 DAGs
[2025-10-27T22:04:19.080-0300] {logging_mixin.py:188} INFO - [2025-10-27T22:04:19.080-0300] {dag.py:3954} INFO - Setting next_dagrun for tutorial_dag to None, run_after=None
[2025-10-27T22:04:19.095-0300] {processor.py:183} INFO - Processing /home/joaosousa/projects/spotify-project/venv/lib/python3.12/site-packages/airflow/example_dags/tutorial_dag.py took 0.044 seconds
[2025-10-27T22:05:17.262-0300] {processor.py:161} INFO - Started process (PID=5422) to work on /home/joaosousa/projects/spotify-project/venv/lib/python3.12/site-packages/airflow/example_dags/tutorial_dag.py
[2025-10-27T22:05:17.264-0300] {processor.py:830} INFO - Processing file /home/joaosousa/projects/spotify-project/venv/lib/python3.12/site-packages/airflow/example_dags/tutorial_dag.py for tasks to queue
[2025-10-27T22:05:17.265-0300] {logging_mixin.py:188} INFO - [2025-10-27T22:05:17.265-0300] {dagbag.py:545} INFO - Filling up the DagBag from /home/joaosousa/projects/spotify-project/venv/lib/python3.12/site-packages/airflow/example_dags/tutorial_dag.py
[2025-10-27T22:05:17.270-0300] {processor.py:840} INFO - DAG(s) 'tutorial_dag' retrieved from /home/joaosousa/projects/spotify-project/venv/lib/python3.12/site-packages/airflow/example_dags/tutorial_dag.py
[2025-10-27T22:05:17.280-0300] {logging_mixin.py:188} INFO - [2025-10-27T22:05:17.280-0300] {dag.py:3096} INFO - Sync 1 DAGs
[2025-10-27T22:05:17.288-0300] {logging_mixin.py:188} INFO - [2025-10-27T22:05:17.288-0300] {dag.py:3954} INFO - Setting next_dagrun for tutorial_dag to None, run_after=None
[2025-10-27T22:05:17.303-0300] {processor.py:183} INFO - Processing /home/joaosousa/projects/spotify-project/venv/lib/python3.12/site-packages/airflow/example_dags/tutorial_dag.py took 0.045 seconds
[2025-10-27T22:06:17.327-0300] {processor.py:161} INFO - Started process (PID=5532) to work on /home/joaosousa/projects/spotify-project/venv/lib/python3.12/site-packages/airflow/example_dags/tutorial_dag.py
[2025-10-27T22:06:17.328-0300] {processor.py:830} INFO - Processing file /home/joaosousa/projects/spotify-project/venv/lib/python3.12/site-packages/airflow/example_dags/tutorial_dag.py for tasks to queue
[2025-10-27T22:06:17.330-0300] {logging_mixin.py:188} INFO - [2025-10-27T22:06:17.329-0300] {dagbag.py:545} INFO - Filling up the DagBag from /home/joaosousa/projects/spotify-project/venv/lib/python3.12/site-packages/airflow/example_dags/tutorial_dag.py
[2025-10-27T22:06:17.334-0300] {processor.py:840} INFO - DAG(s) 'tutorial_dag' retrieved from /home/joaosousa/projects/spotify-project/venv/lib/python3.12/site-packages/airflow/example_dags/tutorial_dag.py
[2025-10-27T22:06:17.345-0300] {logging_mixin.py:188} INFO - [2025-10-27T22:06:17.345-0300] {dag.py:3096} INFO - Sync 1 DAGs
[2025-10-27T22:06:17.353-0300] {logging_mixin.py:188} INFO - [2025-10-27T22:06:17.352-0300] {dag.py:3954} INFO - Setting next_dagrun for tutorial_dag to None, run_after=None
[2025-10-27T22:06:17.367-0300] {processor.py:183} INFO - Processing /home/joaosousa/projects/spotify-project/venv/lib/python3.12/site-packages/airflow/example_dags/tutorial_dag.py took 0.044 seconds
[2025-10-27T22:07:15.389-0300] {processor.py:161} INFO - Started process (PID=5634) to work on /home/joaosousa/projects/spotify-project/venv/lib/python3.12/site-packages/airflow/example_dags/tutorial_dag.py
[2025-10-27T22:07:15.391-0300] {processor.py:830} INFO - Processing file /home/joaosousa/projects/spotify-project/venv/lib/python3.12/site-packages/airflow/example_dags/tutorial_dag.py for tasks to queue
[2025-10-27T22:07:15.392-0300] {logging_mixin.py:188} INFO - [2025-10-27T22:07:15.391-0300] {dagbag.py:545} INFO - Filling up the DagBag from /home/joaosousa/projects/spotify-project/venv/lib/python3.12/site-packages/airflow/example_dags/tutorial_dag.py
[2025-10-27T22:07:15.396-0300] {processor.py:840} INFO - DAG(s) 'tutorial_dag' retrieved from /home/joaosousa/projects/spotify-project/venv/lib/python3.12/site-packages/airflow/example_dags/tutorial_dag.py
[2025-10-27T22:07:15.407-0300] {logging_mixin.py:188} INFO - [2025-10-27T22:07:15.407-0300] {dag.py:3096} INFO - Sync 1 DAGs
[2025-10-27T22:07:15.415-0300] {logging_mixin.py:188} INFO - [2025-10-27T22:07:15.415-0300] {dag.py:3954} INFO - Setting next_dagrun for tutorial_dag to None, run_after=None
[2025-10-27T22:07:15.430-0300] {processor.py:183} INFO - Processing /home/joaosousa/projects/spotify-project/venv/lib/python3.12/site-packages/airflow/example_dags/tutorial_dag.py took 0.046 seconds
[2025-10-27T22:08:15.031-0300] {processor.py:161} INFO - Started process (PID=5744) to work on /home/joaosousa/projects/spotify-project/venv/lib/python3.12/site-packages/airflow/example_dags/tutorial_dag.py
[2025-10-27T22:08:15.033-0300] {processor.py:830} INFO - Processing file /home/joaosousa/projects/spotify-project/venv/lib/python3.12/site-packages/airflow/example_dags/tutorial_dag.py for tasks to queue
[2025-10-27T22:08:15.034-0300] {logging_mixin.py:188} INFO - [2025-10-27T22:08:15.034-0300] {dagbag.py:545} INFO - Filling up the DagBag from /home/joaosousa/projects/spotify-project/venv/lib/python3.12/site-packages/airflow/example_dags/tutorial_dag.py
[2025-10-27T22:08:15.038-0300] {processor.py:840} INFO - DAG(s) 'tutorial_dag' retrieved from /home/joaosousa/projects/spotify-project/venv/lib/python3.12/site-packages/airflow/example_dags/tutorial_dag.py
[2025-10-27T22:08:15.050-0300] {logging_mixin.py:188} INFO - [2025-10-27T22:08:15.050-0300] {dag.py:3096} INFO - Sync 1 DAGs
[2025-10-27T22:08:15.059-0300] {logging_mixin.py:188} INFO - [2025-10-27T22:08:15.059-0300] {dag.py:3954} INFO - Setting next_dagrun for tutorial_dag to None, run_after=None
[2025-10-27T22:08:15.076-0300] {processor.py:183} INFO - Processing /home/joaosousa/projects/spotify-project/venv/lib/python3.12/site-packages/airflow/example_dags/tutorial_dag.py took 0.049 seconds
[2025-10-27T22:09:16.523-0300] {processor.py:161} INFO - Started process (PID=5833) to work on /home/joaosousa/projects/spotify-project/venv/lib/python3.12/site-packages/airflow/example_dags/tutorial_dag.py
[2025-10-27T22:09:16.525-0300] {processor.py:830} INFO - Processing file /home/joaosousa/projects/spotify-project/venv/lib/python3.12/site-packages/airflow/example_dags/tutorial_dag.py for tasks to queue
[2025-10-27T22:09:16.527-0300] {logging_mixin.py:188} INFO - [2025-10-27T22:09:16.526-0300] {dagbag.py:545} INFO - Filling up the DagBag from /home/joaosousa/projects/spotify-project/venv/lib/python3.12/site-packages/airflow/example_dags/tutorial_dag.py
[2025-10-27T22:09:16.531-0300] {processor.py:840} INFO - DAG(s) 'tutorial_dag' retrieved from /home/joaosousa/projects/spotify-project/venv/lib/python3.12/site-packages/airflow/example_dags/tutorial_dag.py
[2025-10-27T22:09:16.541-0300] {logging_mixin.py:188} INFO - [2025-10-27T22:09:16.541-0300] {dag.py:3096} INFO - Sync 1 DAGs
[2025-10-27T22:09:16.549-0300] {logging_mixin.py:188} INFO - [2025-10-27T22:09:16.549-0300] {dag.py:3954} INFO - Setting next_dagrun for tutorial_dag to None, run_after=None
[2025-10-27T22:09:16.565-0300] {processor.py:183} INFO - Processing /home/joaosousa/projects/spotify-project/venv/lib/python3.12/site-packages/airflow/example_dags/tutorial_dag.py took 0.047 seconds
[2025-10-27T22:10:15.624-0300] {processor.py:161} INFO - Started process (PID=5942) to work on /home/joaosousa/projects/spotify-project/venv/lib/python3.12/site-packages/airflow/example_dags/tutorial_dag.py
[2025-10-27T22:10:15.626-0300] {processor.py:830} INFO - Processing file /home/joaosousa/projects/spotify-project/venv/lib/python3.12/site-packages/airflow/example_dags/tutorial_dag.py for tasks to queue
[2025-10-27T22:10:15.628-0300] {logging_mixin.py:188} INFO - [2025-10-27T22:10:15.627-0300] {dagbag.py:545} INFO - Filling up the DagBag from /home/joaosousa/projects/spotify-project/venv/lib/python3.12/site-packages/airflow/example_dags/tutorial_dag.py
[2025-10-27T22:10:15.632-0300] {processor.py:840} INFO - DAG(s) 'tutorial_dag' retrieved from /home/joaosousa/projects/spotify-project/venv/lib/python3.12/site-packages/airflow/example_dags/tutorial_dag.py
[2025-10-27T22:10:15.644-0300] {logging_mixin.py:188} INFO - [2025-10-27T22:10:15.644-0300] {dag.py:3096} INFO - Sync 1 DAGs
[2025-10-27T22:10:15.651-0300] {logging_mixin.py:188} INFO - [2025-10-27T22:10:15.651-0300] {dag.py:3954} INFO - Setting next_dagrun for tutorial_dag to None, run_after=None
[2025-10-27T22:10:15.666-0300] {processor.py:183} INFO - Processing /home/joaosousa/projects/spotify-project/venv/lib/python3.12/site-packages/airflow/example_dags/tutorial_dag.py took 0.046 seconds
[2025-10-27T22:11:12.731-0300] {processor.py:161} INFO - Started process (PID=6027) to work on /home/joaosousa/projects/spotify-project/venv/lib/python3.12/site-packages/airflow/example_dags/tutorial_dag.py
[2025-10-27T22:11:12.733-0300] {processor.py:830} INFO - Processing file /home/joaosousa/projects/spotify-project/venv/lib/python3.12/site-packages/airflow/example_dags/tutorial_dag.py for tasks to queue
[2025-10-27T22:11:12.734-0300] {logging_mixin.py:188} INFO - [2025-10-27T22:11:12.734-0300] {dagbag.py:545} INFO - Filling up the DagBag from /home/joaosousa/projects/spotify-project/venv/lib/python3.12/site-packages/airflow/example_dags/tutorial_dag.py
[2025-10-27T22:11:12.739-0300] {processor.py:840} INFO - DAG(s) 'tutorial_dag' retrieved from /home/joaosousa/projects/spotify-project/venv/lib/python3.12/site-packages/airflow/example_dags/tutorial_dag.py
[2025-10-27T22:11:12.750-0300] {logging_mixin.py:188} INFO - [2025-10-27T22:11:12.750-0300] {dag.py:3096} INFO - Sync 1 DAGs
[2025-10-27T22:11:12.758-0300] {logging_mixin.py:188} INFO - [2025-10-27T22:11:12.758-0300] {dag.py:3954} INFO - Setting next_dagrun for tutorial_dag to None, run_after=None
[2025-10-27T22:11:12.773-0300] {processor.py:183} INFO - Processing /home/joaosousa/projects/spotify-project/venv/lib/python3.12/site-packages/airflow/example_dags/tutorial_dag.py took 0.046 seconds
[2025-10-27T22:12:09.490-0300] {processor.py:161} INFO - Started process (PID=6137) to work on /home/joaosousa/projects/spotify-project/venv/lib/python3.12/site-packages/airflow/example_dags/tutorial_dag.py
[2025-10-27T22:12:09.492-0300] {processor.py:830} INFO - Processing file /home/joaosousa/projects/spotify-project/venv/lib/python3.12/site-packages/airflow/example_dags/tutorial_dag.py for tasks to queue
[2025-10-27T22:12:09.493-0300] {logging_mixin.py:188} INFO - [2025-10-27T22:12:09.493-0300] {dagbag.py:545} INFO - Filling up the DagBag from /home/joaosousa/projects/spotify-project/venv/lib/python3.12/site-packages/airflow/example_dags/tutorial_dag.py
[2025-10-27T22:12:09.497-0300] {processor.py:840} INFO - DAG(s) 'tutorial_dag' retrieved from /home/joaosousa/projects/spotify-project/venv/lib/python3.12/site-packages/airflow/example_dags/tutorial_dag.py
[2025-10-27T22:12:09.509-0300] {logging_mixin.py:188} INFO - [2025-10-27T22:12:09.508-0300] {dag.py:3096} INFO - Sync 1 DAGs
[2025-10-27T22:12:09.516-0300] {logging_mixin.py:188} INFO - [2025-10-27T22:12:09.516-0300] {dag.py:3954} INFO - Setting next_dagrun for tutorial_dag to None, run_after=None
[2025-10-27T22:12:09.531-0300] {processor.py:183} INFO - Processing /home/joaosousa/projects/spotify-project/venv/lib/python3.12/site-packages/airflow/example_dags/tutorial_dag.py took 0.046 seconds
[2025-10-27T22:13:08.024-0300] {processor.py:161} INFO - Started process (PID=6243) to work on /home/joaosousa/projects/spotify-project/venv/lib/python3.12/site-packages/airflow/example_dags/tutorial_dag.py
[2025-10-27T22:13:08.026-0300] {processor.py:830} INFO - Processing file /home/joaosousa/projects/spotify-project/venv/lib/python3.12/site-packages/airflow/example_dags/tutorial_dag.py for tasks to queue
[2025-10-27T22:13:08.027-0300] {logging_mixin.py:188} INFO - [2025-10-27T22:13:08.027-0300] {dagbag.py:545} INFO - Filling up the DagBag from /home/joaosousa/projects/spotify-project/venv/lib/python3.12/site-packages/airflow/example_dags/tutorial_dag.py
[2025-10-27T22:13:08.032-0300] {processor.py:840} INFO - DAG(s) 'tutorial_dag' retrieved from /home/joaosousa/projects/spotify-project/venv/lib/python3.12/site-packages/airflow/example_dags/tutorial_dag.py
[2025-10-27T22:13:08.042-0300] {logging_mixin.py:188} INFO - [2025-10-27T22:13:08.042-0300] {dag.py:3096} INFO - Sync 1 DAGs
[2025-10-27T22:13:08.050-0300] {logging_mixin.py:188} INFO - [2025-10-27T22:13:08.050-0300] {dag.py:3954} INFO - Setting next_dagrun for tutorial_dag to None, run_after=None
[2025-10-27T22:13:08.064-0300] {processor.py:183} INFO - Processing /home/joaosousa/projects/spotify-project/venv/lib/python3.12/site-packages/airflow/example_dags/tutorial_dag.py took 0.044 seconds
[2025-10-27T22:14:08.896-0300] {processor.py:161} INFO - Started process (PID=6354) to work on /home/joaosousa/projects/spotify-project/venv/lib/python3.12/site-packages/airflow/example_dags/tutorial_dag.py
[2025-10-27T22:14:08.898-0300] {processor.py:830} INFO - Processing file /home/joaosousa/projects/spotify-project/venv/lib/python3.12/site-packages/airflow/example_dags/tutorial_dag.py for tasks to queue
[2025-10-27T22:14:08.900-0300] {logging_mixin.py:188} INFO - [2025-10-27T22:14:08.899-0300] {dagbag.py:545} INFO - Filling up the DagBag from /home/joaosousa/projects/spotify-project/venv/lib/python3.12/site-packages/airflow/example_dags/tutorial_dag.py
[2025-10-27T22:14:08.904-0300] {processor.py:840} INFO - DAG(s) 'tutorial_dag' retrieved from /home/joaosousa/projects/spotify-project/venv/lib/python3.12/site-packages/airflow/example_dags/tutorial_dag.py
[2025-10-27T22:14:08.916-0300] {logging_mixin.py:188} INFO - [2025-10-27T22:14:08.916-0300] {dag.py:3096} INFO - Sync 1 DAGs
[2025-10-27T22:14:08.924-0300] {logging_mixin.py:188} INFO - [2025-10-27T22:14:08.924-0300] {dag.py:3954} INFO - Setting next_dagrun for tutorial_dag to None, run_after=None
[2025-10-27T22:14:08.939-0300] {processor.py:183} INFO - Processing /home/joaosousa/projects/spotify-project/venv/lib/python3.12/site-packages/airflow/example_dags/tutorial_dag.py took 0.047 seconds
[2025-10-27T22:15:13.940-0300] {processor.py:161} INFO - Started process (PID=6444) to work on /home/joaosousa/projects/spotify-project/venv/lib/python3.12/site-packages/airflow/example_dags/tutorial_dag.py
[2025-10-27T22:15:13.942-0300] {processor.py:830} INFO - Processing file /home/joaosousa/projects/spotify-project/venv/lib/python3.12/site-packages/airflow/example_dags/tutorial_dag.py for tasks to queue
[2025-10-27T22:15:13.944-0300] {logging_mixin.py:188} INFO - [2025-10-27T22:15:13.943-0300] {dagbag.py:545} INFO - Filling up the DagBag from /home/joaosousa/projects/spotify-project/venv/lib/python3.12/site-packages/airflow/example_dags/tutorial_dag.py
[2025-10-27T22:15:13.948-0300] {processor.py:840} INFO - DAG(s) 'tutorial_dag' retrieved from /home/joaosousa/projects/spotify-project/venv/lib/python3.12/site-packages/airflow/example_dags/tutorial_dag.py
[2025-10-27T22:15:13.958-0300] {logging_mixin.py:188} INFO - [2025-10-27T22:15:13.958-0300] {dag.py:3096} INFO - Sync 1 DAGs
[2025-10-27T22:15:13.966-0300] {logging_mixin.py:188} INFO - [2025-10-27T22:15:13.965-0300] {dag.py:3954} INFO - Setting next_dagrun for tutorial_dag to None, run_after=None
[2025-10-27T22:15:13.980-0300] {processor.py:183} INFO - Processing /home/joaosousa/projects/spotify-project/venv/lib/python3.12/site-packages/airflow/example_dags/tutorial_dag.py took 0.044 seconds
[2025-10-27T22:16:11.878-0300] {processor.py:161} INFO - Started process (PID=6570) to work on /home/joaosousa/projects/spotify-project/venv/lib/python3.12/site-packages/airflow/example_dags/tutorial_dag.py
[2025-10-27T22:16:11.879-0300] {processor.py:830} INFO - Processing file /home/joaosousa/projects/spotify-project/venv/lib/python3.12/site-packages/airflow/example_dags/tutorial_dag.py for tasks to queue
[2025-10-27T22:16:11.881-0300] {logging_mixin.py:188} INFO - [2025-10-27T22:16:11.881-0300] {dagbag.py:545} INFO - Filling up the DagBag from /home/joaosousa/projects/spotify-project/venv/lib/python3.12/site-packages/airflow/example_dags/tutorial_dag.py
[2025-10-27T22:16:11.885-0300] {processor.py:840} INFO - DAG(s) 'tutorial_dag' retrieved from /home/joaosousa/projects/spotify-project/venv/lib/python3.12/site-packages/airflow/example_dags/tutorial_dag.py
[2025-10-27T22:16:11.895-0300] {logging_mixin.py:188} INFO - [2025-10-27T22:16:11.895-0300] {dag.py:3096} INFO - Sync 1 DAGs
[2025-10-27T22:16:11.903-0300] {logging_mixin.py:188} INFO - [2025-10-27T22:16:11.903-0300] {dag.py:3954} INFO - Setting next_dagrun for tutorial_dag to None, run_after=None
[2025-10-27T22:16:11.917-0300] {processor.py:183} INFO - Processing /home/joaosousa/projects/spotify-project/venv/lib/python3.12/site-packages/airflow/example_dags/tutorial_dag.py took 0.043 seconds
[2025-10-27T22:17:11.002-0300] {processor.py:161} INFO - Started process (PID=6672) to work on /home/joaosousa/projects/spotify-project/venv/lib/python3.12/site-packages/airflow/example_dags/tutorial_dag.py
[2025-10-27T22:17:11.004-0300] {processor.py:830} INFO - Processing file /home/joaosousa/projects/spotify-project/venv/lib/python3.12/site-packages/airflow/example_dags/tutorial_dag.py for tasks to queue
[2025-10-27T22:17:11.005-0300] {logging_mixin.py:188} INFO - [2025-10-27T22:17:11.005-0300] {dagbag.py:545} INFO - Filling up the DagBag from /home/joaosousa/projects/spotify-project/venv/lib/python3.12/site-packages/airflow/example_dags/tutorial_dag.py
[2025-10-27T22:17:11.009-0300] {processor.py:840} INFO - DAG(s) 'tutorial_dag' retrieved from /home/joaosousa/projects/spotify-project/venv/lib/python3.12/site-packages/airflow/example_dags/tutorial_dag.py
[2025-10-27T22:17:11.021-0300] {logging_mixin.py:188} INFO - [2025-10-27T22:17:11.020-0300] {dag.py:3096} INFO - Sync 1 DAGs
[2025-10-27T22:17:11.028-0300] {logging_mixin.py:188} INFO - [2025-10-27T22:17:11.028-0300] {dag.py:3954} INFO - Setting next_dagrun for tutorial_dag to None, run_after=None
[2025-10-27T22:17:11.043-0300] {processor.py:183} INFO - Processing /home/joaosousa/projects/spotify-project/venv/lib/python3.12/site-packages/airflow/example_dags/tutorial_dag.py took 0.045 seconds
[2025-10-27T22:18:13.586-0300] {processor.py:161} INFO - Started process (PID=6792) to work on /home/joaosousa/projects/spotify-project/venv/lib/python3.12/site-packages/airflow/example_dags/tutorial_dag.py
[2025-10-27T22:18:13.587-0300] {processor.py:830} INFO - Processing file /home/joaosousa/projects/spotify-project/venv/lib/python3.12/site-packages/airflow/example_dags/tutorial_dag.py for tasks to queue
[2025-10-27T22:18:13.588-0300] {logging_mixin.py:188} INFO - [2025-10-27T22:18:13.588-0300] {dagbag.py:545} INFO - Filling up the DagBag from /home/joaosousa/projects/spotify-project/venv/lib/python3.12/site-packages/airflow/example_dags/tutorial_dag.py
[2025-10-27T22:18:13.592-0300] {processor.py:840} INFO - DAG(s) 'tutorial_dag' retrieved from /home/joaosousa/projects/spotify-project/venv/lib/python3.12/site-packages/airflow/example_dags/tutorial_dag.py
[2025-10-27T22:18:13.603-0300] {logging_mixin.py:188} INFO - [2025-10-27T22:18:13.603-0300] {dag.py:3096} INFO - Sync 1 DAGs
[2025-10-27T22:18:13.610-0300] {logging_mixin.py:188} INFO - [2025-10-27T22:18:13.610-0300] {dag.py:3954} INFO - Setting next_dagrun for tutorial_dag to None, run_after=None
[2025-10-27T22:18:13.624-0300] {processor.py:183} INFO - Processing /home/joaosousa/projects/spotify-project/venv/lib/python3.12/site-packages/airflow/example_dags/tutorial_dag.py took 0.043 seconds
[2025-10-27T22:19:13.366-0300] {processor.py:161} INFO - Started process (PID=6894) to work on /home/joaosousa/projects/spotify-project/venv/lib/python3.12/site-packages/airflow/example_dags/tutorial_dag.py
[2025-10-27T22:19:13.368-0300] {processor.py:830} INFO - Processing file /home/joaosousa/projects/spotify-project/venv/lib/python3.12/site-packages/airflow/example_dags/tutorial_dag.py for tasks to queue
[2025-10-27T22:19:13.369-0300] {logging_mixin.py:188} INFO - [2025-10-27T22:19:13.368-0300] {dagbag.py:545} INFO - Filling up the DagBag from /home/joaosousa/projects/spotify-project/venv/lib/python3.12/site-packages/airflow/example_dags/tutorial_dag.py
[2025-10-27T22:19:13.373-0300] {processor.py:840} INFO - DAG(s) 'tutorial_dag' retrieved from /home/joaosousa/projects/spotify-project/venv/lib/python3.12/site-packages/airflow/example_dags/tutorial_dag.py
[2025-10-27T22:19:13.384-0300] {logging_mixin.py:188} INFO - [2025-10-27T22:19:13.384-0300] {dag.py:3096} INFO - Sync 1 DAGs
[2025-10-27T22:19:13.391-0300] {logging_mixin.py:188} INFO - [2025-10-27T22:19:13.391-0300] {dag.py:3954} INFO - Setting next_dagrun for tutorial_dag to None, run_after=None
[2025-10-27T22:19:13.407-0300] {processor.py:183} INFO - Processing /home/joaosousa/projects/spotify-project/venv/lib/python3.12/site-packages/airflow/example_dags/tutorial_dag.py took 0.045 seconds
[2025-10-27T22:20:09.646-0300] {processor.py:161} INFO - Started process (PID=7002) to work on /home/joaosousa/projects/spotify-project/venv/lib/python3.12/site-packages/airflow/example_dags/tutorial_dag.py
[2025-10-27T22:20:09.648-0300] {processor.py:830} INFO - Processing file /home/joaosousa/projects/spotify-project/venv/lib/python3.12/site-packages/airflow/example_dags/tutorial_dag.py for tasks to queue
[2025-10-27T22:20:09.649-0300] {logging_mixin.py:188} INFO - [2025-10-27T22:20:09.649-0300] {dagbag.py:545} INFO - Filling up the DagBag from /home/joaosousa/projects/spotify-project/venv/lib/python3.12/site-packages/airflow/example_dags/tutorial_dag.py
[2025-10-27T22:20:09.653-0300] {processor.py:840} INFO - DAG(s) 'tutorial_dag' retrieved from /home/joaosousa/projects/spotify-project/venv/lib/python3.12/site-packages/airflow/example_dags/tutorial_dag.py
[2025-10-27T22:20:09.664-0300] {logging_mixin.py:188} INFO - [2025-10-27T22:20:09.664-0300] {dag.py:3096} INFO - Sync 1 DAGs
[2025-10-27T22:20:09.672-0300] {logging_mixin.py:188} INFO - [2025-10-27T22:20:09.672-0300] {dag.py:3954} INFO - Setting next_dagrun for tutorial_dag to None, run_after=None
[2025-10-27T22:20:09.686-0300] {processor.py:183} INFO - Processing /home/joaosousa/projects/spotify-project/venv/lib/python3.12/site-packages/airflow/example_dags/tutorial_dag.py took 0.044 seconds
[2025-10-27T22:21:06.200-0300] {processor.py:161} INFO - Started process (PID=7086) to work on /home/joaosousa/projects/spotify-project/venv/lib/python3.12/site-packages/airflow/example_dags/tutorial_dag.py
[2025-10-27T22:21:06.202-0300] {processor.py:830} INFO - Processing file /home/joaosousa/projects/spotify-project/venv/lib/python3.12/site-packages/airflow/example_dags/tutorial_dag.py for tasks to queue
[2025-10-27T22:21:06.204-0300] {logging_mixin.py:188} INFO - [2025-10-27T22:21:06.203-0300] {dagbag.py:545} INFO - Filling up the DagBag from /home/joaosousa/projects/spotify-project/venv/lib/python3.12/site-packages/airflow/example_dags/tutorial_dag.py
[2025-10-27T22:21:06.208-0300] {processor.py:840} INFO - DAG(s) 'tutorial_dag' retrieved from /home/joaosousa/projects/spotify-project/venv/lib/python3.12/site-packages/airflow/example_dags/tutorial_dag.py
[2025-10-27T22:21:06.218-0300] {logging_mixin.py:188} INFO - [2025-10-27T22:21:06.218-0300] {dag.py:3096} INFO - Sync 1 DAGs
[2025-10-27T22:21:06.225-0300] {logging_mixin.py:188} INFO - [2025-10-27T22:21:06.225-0300] {dag.py:3954} INFO - Setting next_dagrun for tutorial_dag to None, run_after=None
[2025-10-27T22:21:06.242-0300] {processor.py:183} INFO - Processing /home/joaosousa/projects/spotify-project/venv/lib/python3.12/site-packages/airflow/example_dags/tutorial_dag.py took 0.047 seconds
[2025-10-27T22:22:08.325-0300] {processor.py:161} INFO - Started process (PID=7199) to work on /home/joaosousa/projects/spotify-project/venv/lib/python3.12/site-packages/airflow/example_dags/tutorial_dag.py
[2025-10-27T22:22:08.327-0300] {processor.py:830} INFO - Processing file /home/joaosousa/projects/spotify-project/venv/lib/python3.12/site-packages/airflow/example_dags/tutorial_dag.py for tasks to queue
[2025-10-27T22:22:08.328-0300] {logging_mixin.py:188} INFO - [2025-10-27T22:22:08.328-0300] {dagbag.py:545} INFO - Filling up the DagBag from /home/joaosousa/projects/spotify-project/venv/lib/python3.12/site-packages/airflow/example_dags/tutorial_dag.py
[2025-10-27T22:22:08.332-0300] {processor.py:840} INFO - DAG(s) 'tutorial_dag' retrieved from /home/joaosousa/projects/spotify-project/venv/lib/python3.12/site-packages/airflow/example_dags/tutorial_dag.py
[2025-10-27T22:22:08.343-0300] {logging_mixin.py:188} INFO - [2025-10-27T22:22:08.343-0300] {dag.py:3096} INFO - Sync 1 DAGs
[2025-10-27T22:22:08.351-0300] {logging_mixin.py:188} INFO - [2025-10-27T22:22:08.351-0300] {dag.py:3954} INFO - Setting next_dagrun for tutorial_dag to None, run_after=None
[2025-10-27T22:22:08.366-0300] {processor.py:183} INFO - Processing /home/joaosousa/projects/spotify-project/venv/lib/python3.12/site-packages/airflow/example_dags/tutorial_dag.py took 0.046 seconds
