[2025-10-27T21:31:14.657-0300] {processor.py:161} INFO - Started process (PID=1100) to work on /home/joaosousa/projects/spotify-project/venv/lib/python3.12/site-packages/airflow/example_dags/tutorial.py
[2025-10-27T21:31:14.658-0300] {processor.py:830} INFO - Processing file /home/joaosousa/projects/spotify-project/venv/lib/python3.12/site-packages/airflow/example_dags/tutorial.py for tasks to queue
[2025-10-27T21:31:14.659-0300] {logging_mixin.py:188} INFO - [2025-10-27T21:31:14.659-0300] {dagbag.py:545} INFO - Filling up the DagBag from /home/joaosousa/projects/spotify-project/venv/lib/python3.12/site-packages/airflow/example_dags/tutorial.py
[2025-10-27T21:31:14.663-0300] {processor.py:840} INFO - DAG(s) 'tutorial' retrieved from /home/joaosousa/projects/spotify-project/venv/lib/python3.12/site-packages/airflow/example_dags/tutorial.py
[2025-10-27T21:31:14.674-0300] {logging_mixin.py:188} INFO - [2025-10-27T21:31:14.674-0300] {dag.py:3096} INFO - Sync 1 DAGs
[2025-10-27T21:31:14.685-0300] {logging_mixin.py:188} INFO - [2025-10-27T21:31:14.685-0300] {dag.py:3954} INFO - Setting next_dagrun for tutorial to 2025-10-27 00:00:00+00:00, run_after=2025-10-28 00:00:00+00:00
[2025-10-27T21:31:14.701-0300] {processor.py:183} INFO - Processing /home/joaosousa/projects/spotify-project/venv/lib/python3.12/site-packages/airflow/example_dags/tutorial.py took 0.048 seconds
[2025-10-27T21:32:12.365-0300] {processor.py:161} INFO - Started process (PID=1317) to work on /home/joaosousa/projects/spotify-project/venv/lib/python3.12/site-packages/airflow/example_dags/tutorial.py
[2025-10-27T21:32:12.366-0300] {processor.py:830} INFO - Processing file /home/joaosousa/projects/spotify-project/venv/lib/python3.12/site-packages/airflow/example_dags/tutorial.py for tasks to queue
[2025-10-27T21:32:12.367-0300] {logging_mixin.py:188} INFO - [2025-10-27T21:32:12.367-0300] {dagbag.py:545} INFO - Filling up the DagBag from /home/joaosousa/projects/spotify-project/venv/lib/python3.12/site-packages/airflow/example_dags/tutorial.py
[2025-10-27T21:32:12.371-0300] {processor.py:840} INFO - DAG(s) 'tutorial' retrieved from /home/joaosousa/projects/spotify-project/venv/lib/python3.12/site-packages/airflow/example_dags/tutorial.py
[2025-10-27T21:32:12.381-0300] {logging_mixin.py:188} INFO - [2025-10-27T21:32:12.381-0300] {dag.py:3096} INFO - Sync 1 DAGs
[2025-10-27T21:32:12.393-0300] {logging_mixin.py:188} INFO - [2025-10-27T21:32:12.393-0300] {dag.py:3954} INFO - Setting next_dagrun for tutorial to 2025-10-27 00:00:00+00:00, run_after=2025-10-28 00:00:00+00:00
[2025-10-27T21:32:12.407-0300] {processor.py:183} INFO - Processing /home/joaosousa/projects/spotify-project/venv/lib/python3.12/site-packages/airflow/example_dags/tutorial.py took 0.046 seconds
[2025-10-27T21:33:05.402-0300] {processor.py:161} INFO - Started process (PID=1395) to work on /home/joaosousa/projects/spotify-project/venv/lib/python3.12/site-packages/airflow/example_dags/tutorial.py
[2025-10-27T21:33:05.404-0300] {processor.py:830} INFO - Processing file /home/joaosousa/projects/spotify-project/venv/lib/python3.12/site-packages/airflow/example_dags/tutorial.py for tasks to queue
[2025-10-27T21:33:05.405-0300] {logging_mixin.py:188} INFO - [2025-10-27T21:33:05.405-0300] {dagbag.py:545} INFO - Filling up the DagBag from /home/joaosousa/projects/spotify-project/venv/lib/python3.12/site-packages/airflow/example_dags/tutorial.py
[2025-10-27T21:33:05.410-0300] {processor.py:840} INFO - DAG(s) 'tutorial' retrieved from /home/joaosousa/projects/spotify-project/venv/lib/python3.12/site-packages/airflow/example_dags/tutorial.py
[2025-10-27T21:33:05.420-0300] {logging_mixin.py:188} INFO - [2025-10-27T21:33:05.420-0300] {dag.py:3096} INFO - Sync 1 DAGs
[2025-10-27T21:33:05.432-0300] {logging_mixin.py:188} INFO - [2025-10-27T21:33:05.432-0300] {dag.py:3954} INFO - Setting next_dagrun for tutorial to 2025-10-27 00:00:00+00:00, run_after=2025-10-28 00:00:00+00:00
[2025-10-27T21:33:05.447-0300] {processor.py:183} INFO - Processing /home/joaosousa/projects/spotify-project/venv/lib/python3.12/site-packages/airflow/example_dags/tutorial.py took 0.049 seconds
[2025-10-27T21:34:06.924-0300] {processor.py:161} INFO - Started process (PID=1483) to work on /home/joaosousa/projects/spotify-project/venv/lib/python3.12/site-packages/airflow/example_dags/tutorial.py
[2025-10-27T21:34:06.925-0300] {processor.py:830} INFO - Processing file /home/joaosousa/projects/spotify-project/venv/lib/python3.12/site-packages/airflow/example_dags/tutorial.py for tasks to queue
[2025-10-27T21:34:06.928-0300] {logging_mixin.py:188} INFO - [2025-10-27T21:34:06.927-0300] {dagbag.py:545} INFO - Filling up the DagBag from /home/joaosousa/projects/spotify-project/venv/lib/python3.12/site-packages/airflow/example_dags/tutorial.py
[2025-10-27T21:34:06.933-0300] {processor.py:840} INFO - DAG(s) 'tutorial' retrieved from /home/joaosousa/projects/spotify-project/venv/lib/python3.12/site-packages/airflow/example_dags/tutorial.py
[2025-10-27T21:34:06.944-0300] {logging_mixin.py:188} INFO - [2025-10-27T21:34:06.944-0300] {dag.py:3096} INFO - Sync 1 DAGs
[2025-10-27T21:34:06.957-0300] {logging_mixin.py:188} INFO - [2025-10-27T21:34:06.956-0300] {dag.py:3954} INFO - Setting next_dagrun for tutorial to 2025-10-27 00:00:00+00:00, run_after=2025-10-28 00:00:00+00:00
[2025-10-27T21:34:06.972-0300] {processor.py:183} INFO - Processing /home/joaosousa/projects/spotify-project/venv/lib/python3.12/site-packages/airflow/example_dags/tutorial.py took 0.053 seconds
[2025-10-27T21:35:05.896-0300] {processor.py:161} INFO - Started process (PID=1593) to work on /home/joaosousa/projects/spotify-project/venv/lib/python3.12/site-packages/airflow/example_dags/tutorial.py
[2025-10-27T21:35:05.898-0300] {processor.py:830} INFO - Processing file /home/joaosousa/projects/spotify-project/venv/lib/python3.12/site-packages/airflow/example_dags/tutorial.py for tasks to queue
[2025-10-27T21:35:05.899-0300] {logging_mixin.py:188} INFO - [2025-10-27T21:35:05.899-0300] {dagbag.py:545} INFO - Filling up the DagBag from /home/joaosousa/projects/spotify-project/venv/lib/python3.12/site-packages/airflow/example_dags/tutorial.py
[2025-10-27T21:35:05.904-0300] {processor.py:840} INFO - DAG(s) 'tutorial' retrieved from /home/joaosousa/projects/spotify-project/venv/lib/python3.12/site-packages/airflow/example_dags/tutorial.py
[2025-10-27T21:35:05.915-0300] {logging_mixin.py:188} INFO - [2025-10-27T21:35:05.915-0300] {dag.py:3096} INFO - Sync 1 DAGs
[2025-10-27T21:35:05.926-0300] {logging_mixin.py:188} INFO - [2025-10-27T21:35:05.926-0300] {dag.py:3954} INFO - Setting next_dagrun for tutorial to 2025-10-27 00:00:00+00:00, run_after=2025-10-28 00:00:00+00:00
[2025-10-27T21:35:05.943-0300] {processor.py:183} INFO - Processing /home/joaosousa/projects/spotify-project/venv/lib/python3.12/site-packages/airflow/example_dags/tutorial.py took 0.050 seconds
[2025-10-27T21:36:12.053-0300] {processor.py:161} INFO - Started process (PID=1685) to work on /home/joaosousa/projects/spotify-project/venv/lib/python3.12/site-packages/airflow/example_dags/tutorial.py
[2025-10-27T21:36:12.055-0300] {processor.py:830} INFO - Processing file /home/joaosousa/projects/spotify-project/venv/lib/python3.12/site-packages/airflow/example_dags/tutorial.py for tasks to queue
[2025-10-27T21:36:12.056-0300] {logging_mixin.py:188} INFO - [2025-10-27T21:36:12.056-0300] {dagbag.py:545} INFO - Filling up the DagBag from /home/joaosousa/projects/spotify-project/venv/lib/python3.12/site-packages/airflow/example_dags/tutorial.py
[2025-10-27T21:36:12.060-0300] {processor.py:840} INFO - DAG(s) 'tutorial' retrieved from /home/joaosousa/projects/spotify-project/venv/lib/python3.12/site-packages/airflow/example_dags/tutorial.py
[2025-10-27T21:36:12.071-0300] {logging_mixin.py:188} INFO - [2025-10-27T21:36:12.071-0300] {dag.py:3096} INFO - Sync 1 DAGs
[2025-10-27T21:36:12.173-0300] {logging_mixin.py:188} INFO - [2025-10-27T21:36:12.173-0300] {dag.py:3954} INFO - Setting next_dagrun for tutorial to 2025-10-27 00:00:00+00:00, run_after=2025-10-28 00:00:00+00:00
[2025-10-27T21:36:12.187-0300] {processor.py:183} INFO - Processing /home/joaosousa/projects/spotify-project/venv/lib/python3.12/site-packages/airflow/example_dags/tutorial.py took 0.138 seconds
[2025-10-27T21:37:05.458-0300] {processor.py:161} INFO - Started process (PID=1761) to work on /home/joaosousa/projects/spotify-project/venv/lib/python3.12/site-packages/airflow/example_dags/tutorial.py
[2025-10-27T21:37:05.460-0300] {processor.py:830} INFO - Processing file /home/joaosousa/projects/spotify-project/venv/lib/python3.12/site-packages/airflow/example_dags/tutorial.py for tasks to queue
[2025-10-27T21:37:05.461-0300] {logging_mixin.py:188} INFO - [2025-10-27T21:37:05.461-0300] {dagbag.py:545} INFO - Filling up the DagBag from /home/joaosousa/projects/spotify-project/venv/lib/python3.12/site-packages/airflow/example_dags/tutorial.py
[2025-10-27T21:37:05.466-0300] {processor.py:840} INFO - DAG(s) 'tutorial' retrieved from /home/joaosousa/projects/spotify-project/venv/lib/python3.12/site-packages/airflow/example_dags/tutorial.py
[2025-10-27T21:37:05.477-0300] {logging_mixin.py:188} INFO - [2025-10-27T21:37:05.477-0300] {dag.py:3096} INFO - Sync 1 DAGs
[2025-10-27T21:37:05.490-0300] {logging_mixin.py:188} INFO - [2025-10-27T21:37:05.489-0300] {dag.py:3954} INFO - Setting next_dagrun for tutorial to 2025-10-27 00:00:00+00:00, run_after=2025-10-28 00:00:00+00:00
[2025-10-27T21:37:05.504-0300] {processor.py:183} INFO - Processing /home/joaosousa/projects/spotify-project/venv/lib/python3.12/site-packages/airflow/example_dags/tutorial.py took 0.050 seconds
[2025-10-27T21:38:10.714-0300] {processor.py:161} INFO - Started process (PID=1877) to work on /home/joaosousa/projects/spotify-project/venv/lib/python3.12/site-packages/airflow/example_dags/tutorial.py
[2025-10-27T21:38:10.716-0300] {processor.py:830} INFO - Processing file /home/joaosousa/projects/spotify-project/venv/lib/python3.12/site-packages/airflow/example_dags/tutorial.py for tasks to queue
[2025-10-27T21:38:10.717-0300] {logging_mixin.py:188} INFO - [2025-10-27T21:38:10.717-0300] {dagbag.py:545} INFO - Filling up the DagBag from /home/joaosousa/projects/spotify-project/venv/lib/python3.12/site-packages/airflow/example_dags/tutorial.py
[2025-10-27T21:38:10.722-0300] {processor.py:840} INFO - DAG(s) 'tutorial' retrieved from /home/joaosousa/projects/spotify-project/venv/lib/python3.12/site-packages/airflow/example_dags/tutorial.py
[2025-10-27T21:38:10.734-0300] {logging_mixin.py:188} INFO - [2025-10-27T21:38:10.734-0300] {dag.py:3096} INFO - Sync 1 DAGs
[2025-10-27T21:38:10.747-0300] {logging_mixin.py:188} INFO - [2025-10-27T21:38:10.747-0300] {dag.py:3954} INFO - Setting next_dagrun for tutorial to 2025-10-27 00:00:00+00:00, run_after=2025-10-28 00:00:00+00:00
[2025-10-27T21:38:10.764-0300] {processor.py:183} INFO - Processing /home/joaosousa/projects/spotify-project/venv/lib/python3.12/site-packages/airflow/example_dags/tutorial.py took 0.055 seconds
[2025-10-27T21:39:05.670-0300] {processor.py:161} INFO - Started process (PID=1969) to work on /home/joaosousa/projects/spotify-project/venv/lib/python3.12/site-packages/airflow/example_dags/tutorial.py
[2025-10-27T21:39:05.672-0300] {processor.py:830} INFO - Processing file /home/joaosousa/projects/spotify-project/venv/lib/python3.12/site-packages/airflow/example_dags/tutorial.py for tasks to queue
[2025-10-27T21:39:05.673-0300] {logging_mixin.py:188} INFO - [2025-10-27T21:39:05.673-0300] {dagbag.py:545} INFO - Filling up the DagBag from /home/joaosousa/projects/spotify-project/venv/lib/python3.12/site-packages/airflow/example_dags/tutorial.py
[2025-10-27T21:39:05.677-0300] {processor.py:840} INFO - DAG(s) 'tutorial' retrieved from /home/joaosousa/projects/spotify-project/venv/lib/python3.12/site-packages/airflow/example_dags/tutorial.py
[2025-10-27T21:39:05.688-0300] {logging_mixin.py:188} INFO - [2025-10-27T21:39:05.688-0300] {dag.py:3096} INFO - Sync 1 DAGs
[2025-10-27T21:39:05.701-0300] {logging_mixin.py:188} INFO - [2025-10-27T21:39:05.701-0300] {dag.py:3954} INFO - Setting next_dagrun for tutorial to 2025-10-27 00:00:00+00:00, run_after=2025-10-28 00:00:00+00:00
[2025-10-27T21:39:05.716-0300] {processor.py:183} INFO - Processing /home/joaosousa/projects/spotify-project/venv/lib/python3.12/site-packages/airflow/example_dags/tutorial.py took 0.050 seconds
[2025-10-27T21:40:06.986-0300] {processor.py:161} INFO - Started process (PID=2072) to work on /home/joaosousa/projects/spotify-project/venv/lib/python3.12/site-packages/airflow/example_dags/tutorial.py
[2025-10-27T21:40:06.988-0300] {processor.py:830} INFO - Processing file /home/joaosousa/projects/spotify-project/venv/lib/python3.12/site-packages/airflow/example_dags/tutorial.py for tasks to queue
[2025-10-27T21:40:06.989-0300] {logging_mixin.py:188} INFO - [2025-10-27T21:40:06.989-0300] {dagbag.py:545} INFO - Filling up the DagBag from /home/joaosousa/projects/spotify-project/venv/lib/python3.12/site-packages/airflow/example_dags/tutorial.py
[2025-10-27T21:40:06.993-0300] {processor.py:840} INFO - DAG(s) 'tutorial' retrieved from /home/joaosousa/projects/spotify-project/venv/lib/python3.12/site-packages/airflow/example_dags/tutorial.py
[2025-10-27T21:40:07.004-0300] {logging_mixin.py:188} INFO - [2025-10-27T21:40:07.004-0300] {dag.py:3096} INFO - Sync 1 DAGs
[2025-10-27T21:40:07.016-0300] {logging_mixin.py:188} INFO - [2025-10-27T21:40:07.016-0300] {dag.py:3954} INFO - Setting next_dagrun for tutorial to 2025-10-27 00:00:00+00:00, run_after=2025-10-28 00:00:00+00:00
[2025-10-27T21:40:07.030-0300] {processor.py:183} INFO - Processing /home/joaosousa/projects/spotify-project/venv/lib/python3.12/site-packages/airflow/example_dags/tutorial.py took 0.049 seconds
[2025-10-27T21:41:06.307-0300] {processor.py:161} INFO - Started process (PID=2176) to work on /home/joaosousa/projects/spotify-project/venv/lib/python3.12/site-packages/airflow/example_dags/tutorial.py
[2025-10-27T21:41:06.308-0300] {processor.py:830} INFO - Processing file /home/joaosousa/projects/spotify-project/venv/lib/python3.12/site-packages/airflow/example_dags/tutorial.py for tasks to queue
[2025-10-27T21:41:06.310-0300] {logging_mixin.py:188} INFO - [2025-10-27T21:41:06.310-0300] {dagbag.py:545} INFO - Filling up the DagBag from /home/joaosousa/projects/spotify-project/venv/lib/python3.12/site-packages/airflow/example_dags/tutorial.py
[2025-10-27T21:41:06.315-0300] {processor.py:840} INFO - DAG(s) 'tutorial' retrieved from /home/joaosousa/projects/spotify-project/venv/lib/python3.12/site-packages/airflow/example_dags/tutorial.py
[2025-10-27T21:41:06.330-0300] {logging_mixin.py:188} INFO - [2025-10-27T21:41:06.330-0300] {dag.py:3096} INFO - Sync 1 DAGs
[2025-10-27T21:41:06.344-0300] {logging_mixin.py:188} INFO - [2025-10-27T21:41:06.344-0300] {dag.py:3954} INFO - Setting next_dagrun for tutorial to 2025-10-27 00:00:00+00:00, run_after=2025-10-28 00:00:00+00:00
[2025-10-27T21:41:06.362-0300] {processor.py:183} INFO - Processing /home/joaosousa/projects/spotify-project/venv/lib/python3.12/site-packages/airflow/example_dags/tutorial.py took 0.059 seconds
[2025-10-27T21:42:06.916-0300] {processor.py:161} INFO - Started process (PID=2317) to work on /home/joaosousa/projects/spotify-project/venv/lib/python3.12/site-packages/airflow/example_dags/tutorial.py
[2025-10-27T21:42:06.918-0300] {processor.py:830} INFO - Processing file /home/joaosousa/projects/spotify-project/venv/lib/python3.12/site-packages/airflow/example_dags/tutorial.py for tasks to queue
[2025-10-27T21:42:06.919-0300] {logging_mixin.py:188} INFO - [2025-10-27T21:42:06.919-0300] {dagbag.py:545} INFO - Filling up the DagBag from /home/joaosousa/projects/spotify-project/venv/lib/python3.12/site-packages/airflow/example_dags/tutorial.py
[2025-10-27T21:42:06.925-0300] {processor.py:840} INFO - DAG(s) 'tutorial' retrieved from /home/joaosousa/projects/spotify-project/venv/lib/python3.12/site-packages/airflow/example_dags/tutorial.py
[2025-10-27T21:42:06.939-0300] {logging_mixin.py:188} INFO - [2025-10-27T21:42:06.939-0300] {dag.py:3096} INFO - Sync 1 DAGs
[2025-10-27T21:42:06.953-0300] {logging_mixin.py:188} INFO - [2025-10-27T21:42:06.953-0300] {dag.py:3954} INFO - Setting next_dagrun for tutorial to 2025-10-27 00:00:00+00:00, run_after=2025-10-28 00:00:00+00:00
[2025-10-27T21:42:06.969-0300] {processor.py:183} INFO - Processing /home/joaosousa/projects/spotify-project/venv/lib/python3.12/site-packages/airflow/example_dags/tutorial.py took 0.058 seconds
[2025-10-27T21:43:05.308-0300] {processor.py:161} INFO - Started process (PID=2496) to work on /home/joaosousa/projects/spotify-project/venv/lib/python3.12/site-packages/airflow/example_dags/tutorial.py
[2025-10-27T21:43:05.309-0300] {processor.py:830} INFO - Processing file /home/joaosousa/projects/spotify-project/venv/lib/python3.12/site-packages/airflow/example_dags/tutorial.py for tasks to queue
[2025-10-27T21:43:05.311-0300] {logging_mixin.py:188} INFO - [2025-10-27T21:43:05.310-0300] {dagbag.py:545} INFO - Filling up the DagBag from /home/joaosousa/projects/spotify-project/venv/lib/python3.12/site-packages/airflow/example_dags/tutorial.py
[2025-10-27T21:43:05.315-0300] {processor.py:840} INFO - DAG(s) 'tutorial' retrieved from /home/joaosousa/projects/spotify-project/venv/lib/python3.12/site-packages/airflow/example_dags/tutorial.py
[2025-10-27T21:43:05.326-0300] {logging_mixin.py:188} INFO - [2025-10-27T21:43:05.326-0300] {dag.py:3096} INFO - Sync 1 DAGs
[2025-10-27T21:43:05.338-0300] {logging_mixin.py:188} INFO - [2025-10-27T21:43:05.338-0300] {dag.py:3954} INFO - Setting next_dagrun for tutorial to 2025-10-27 00:00:00+00:00, run_after=2025-10-28 00:00:00+00:00
[2025-10-27T21:43:05.352-0300] {processor.py:183} INFO - Processing /home/joaosousa/projects/spotify-project/venv/lib/python3.12/site-packages/airflow/example_dags/tutorial.py took 0.049 seconds
[2025-10-27T21:44:05.328-0300] {processor.py:161} INFO - Started process (PID=2601) to work on /home/joaosousa/projects/spotify-project/venv/lib/python3.12/site-packages/airflow/example_dags/tutorial.py
[2025-10-27T21:44:05.330-0300] {processor.py:830} INFO - Processing file /home/joaosousa/projects/spotify-project/venv/lib/python3.12/site-packages/airflow/example_dags/tutorial.py for tasks to queue
[2025-10-27T21:44:05.331-0300] {logging_mixin.py:188} INFO - [2025-10-27T21:44:05.331-0300] {dagbag.py:545} INFO - Filling up the DagBag from /home/joaosousa/projects/spotify-project/venv/lib/python3.12/site-packages/airflow/example_dags/tutorial.py
[2025-10-27T21:44:05.336-0300] {processor.py:840} INFO - DAG(s) 'tutorial' retrieved from /home/joaosousa/projects/spotify-project/venv/lib/python3.12/site-packages/airflow/example_dags/tutorial.py
[2025-10-27T21:44:05.346-0300] {logging_mixin.py:188} INFO - [2025-10-27T21:44:05.346-0300] {dag.py:3096} INFO - Sync 1 DAGs
[2025-10-27T21:44:05.358-0300] {logging_mixin.py:188} INFO - [2025-10-27T21:44:05.358-0300] {dag.py:3954} INFO - Setting next_dagrun for tutorial to 2025-10-27 00:00:00+00:00, run_after=2025-10-28 00:00:00+00:00
[2025-10-27T21:44:05.373-0300] {processor.py:183} INFO - Processing /home/joaosousa/projects/spotify-project/venv/lib/python3.12/site-packages/airflow/example_dags/tutorial.py took 0.049 seconds
[2025-10-27T21:45:05.575-0300] {processor.py:161} INFO - Started process (PID=2721) to work on /home/joaosousa/projects/spotify-project/venv/lib/python3.12/site-packages/airflow/example_dags/tutorial.py
[2025-10-27T21:45:05.577-0300] {processor.py:830} INFO - Processing file /home/joaosousa/projects/spotify-project/venv/lib/python3.12/site-packages/airflow/example_dags/tutorial.py for tasks to queue
[2025-10-27T21:45:05.578-0300] {logging_mixin.py:188} INFO - [2025-10-27T21:45:05.578-0300] {dagbag.py:545} INFO - Filling up the DagBag from /home/joaosousa/projects/spotify-project/venv/lib/python3.12/site-packages/airflow/example_dags/tutorial.py
[2025-10-27T21:45:05.583-0300] {processor.py:840} INFO - DAG(s) 'tutorial' retrieved from /home/joaosousa/projects/spotify-project/venv/lib/python3.12/site-packages/airflow/example_dags/tutorial.py
[2025-10-27T21:45:05.595-0300] {logging_mixin.py:188} INFO - [2025-10-27T21:45:05.595-0300] {dag.py:3096} INFO - Sync 1 DAGs
[2025-10-27T21:45:05.609-0300] {logging_mixin.py:188} INFO - [2025-10-27T21:45:05.609-0300] {dag.py:3954} INFO - Setting next_dagrun for tutorial to 2025-10-27 00:00:00+00:00, run_after=2025-10-28 00:00:00+00:00
[2025-10-27T21:45:05.625-0300] {processor.py:183} INFO - Processing /home/joaosousa/projects/spotify-project/venv/lib/python3.12/site-packages/airflow/example_dags/tutorial.py took 0.054 seconds
[2025-10-27T21:46:04.354-0300] {processor.py:161} INFO - Started process (PID=3009) to work on /home/joaosousa/projects/spotify-project/venv/lib/python3.12/site-packages/airflow/example_dags/tutorial.py
[2025-10-27T21:46:04.356-0300] {processor.py:830} INFO - Processing file /home/joaosousa/projects/spotify-project/venv/lib/python3.12/site-packages/airflow/example_dags/tutorial.py for tasks to queue
[2025-10-27T21:46:04.358-0300] {logging_mixin.py:188} INFO - [2025-10-27T21:46:04.357-0300] {dagbag.py:545} INFO - Filling up the DagBag from /home/joaosousa/projects/spotify-project/venv/lib/python3.12/site-packages/airflow/example_dags/tutorial.py
[2025-10-27T21:46:04.362-0300] {processor.py:840} INFO - DAG(s) 'tutorial' retrieved from /home/joaosousa/projects/spotify-project/venv/lib/python3.12/site-packages/airflow/example_dags/tutorial.py
[2025-10-27T21:46:04.373-0300] {logging_mixin.py:188} INFO - [2025-10-27T21:46:04.373-0300] {dag.py:3096} INFO - Sync 1 DAGs
[2025-10-27T21:46:04.385-0300] {logging_mixin.py:188} INFO - [2025-10-27T21:46:04.385-0300] {dag.py:3954} INFO - Setting next_dagrun for tutorial to 2025-10-27 00:00:00+00:00, run_after=2025-10-28 00:00:00+00:00
[2025-10-27T21:46:04.399-0300] {processor.py:183} INFO - Processing /home/joaosousa/projects/spotify-project/venv/lib/python3.12/site-packages/airflow/example_dags/tutorial.py took 0.049 seconds
[2025-10-27T21:47:12.118-0300] {processor.py:161} INFO - Started process (PID=3150) to work on /home/joaosousa/projects/spotify-project/venv/lib/python3.12/site-packages/airflow/example_dags/tutorial.py
[2025-10-27T21:47:12.120-0300] {processor.py:830} INFO - Processing file /home/joaosousa/projects/spotify-project/venv/lib/python3.12/site-packages/airflow/example_dags/tutorial.py for tasks to queue
[2025-10-27T21:47:12.122-0300] {logging_mixin.py:188} INFO - [2025-10-27T21:47:12.121-0300] {dagbag.py:545} INFO - Filling up the DagBag from /home/joaosousa/projects/spotify-project/venv/lib/python3.12/site-packages/airflow/example_dags/tutorial.py
[2025-10-27T21:47:12.126-0300] {processor.py:840} INFO - DAG(s) 'tutorial' retrieved from /home/joaosousa/projects/spotify-project/venv/lib/python3.12/site-packages/airflow/example_dags/tutorial.py
[2025-10-27T21:47:12.137-0300] {logging_mixin.py:188} INFO - [2025-10-27T21:47:12.137-0300] {dag.py:3096} INFO - Sync 1 DAGs
[2025-10-27T21:47:12.150-0300] {logging_mixin.py:188} INFO - [2025-10-27T21:47:12.150-0300] {dag.py:3954} INFO - Setting next_dagrun for tutorial to 2025-10-27 00:00:00+00:00, run_after=2025-10-28 00:00:00+00:00
[2025-10-27T21:47:12.164-0300] {processor.py:183} INFO - Processing /home/joaosousa/projects/spotify-project/venv/lib/python3.12/site-packages/airflow/example_dags/tutorial.py took 0.050 seconds
[2025-10-27T21:48:16.301-0300] {processor.py:161} INFO - Started process (PID=3482) to work on /home/joaosousa/projects/spotify-project/venv/lib/python3.12/site-packages/airflow/example_dags/tutorial.py
[2025-10-27T21:48:16.303-0300] {processor.py:830} INFO - Processing file /home/joaosousa/projects/spotify-project/venv/lib/python3.12/site-packages/airflow/example_dags/tutorial.py for tasks to queue
[2025-10-27T21:48:16.305-0300] {logging_mixin.py:188} INFO - [2025-10-27T21:48:16.304-0300] {dagbag.py:545} INFO - Filling up the DagBag from /home/joaosousa/projects/spotify-project/venv/lib/python3.12/site-packages/airflow/example_dags/tutorial.py
[2025-10-27T21:48:16.310-0300] {processor.py:840} INFO - DAG(s) 'tutorial' retrieved from /home/joaosousa/projects/spotify-project/venv/lib/python3.12/site-packages/airflow/example_dags/tutorial.py
[2025-10-27T21:48:16.323-0300] {logging_mixin.py:188} INFO - [2025-10-27T21:48:16.323-0300] {dag.py:3096} INFO - Sync 1 DAGs
[2025-10-27T21:48:16.338-0300] {logging_mixin.py:188} INFO - [2025-10-27T21:48:16.337-0300] {dag.py:3954} INFO - Setting next_dagrun for tutorial to 2025-10-27 00:00:00+00:00, run_after=2025-10-28 00:00:00+00:00
[2025-10-27T21:48:16.353-0300] {processor.py:183} INFO - Processing /home/joaosousa/projects/spotify-project/venv/lib/python3.12/site-packages/airflow/example_dags/tutorial.py took 0.057 seconds
[2025-10-27T21:49:16.932-0300] {processor.py:161} INFO - Started process (PID=3581) to work on /home/joaosousa/projects/spotify-project/venv/lib/python3.12/site-packages/airflow/example_dags/tutorial.py
[2025-10-27T21:49:16.934-0300] {processor.py:830} INFO - Processing file /home/joaosousa/projects/spotify-project/venv/lib/python3.12/site-packages/airflow/example_dags/tutorial.py for tasks to queue
[2025-10-27T21:49:16.935-0300] {logging_mixin.py:188} INFO - [2025-10-27T21:49:16.935-0300] {dagbag.py:545} INFO - Filling up the DagBag from /home/joaosousa/projects/spotify-project/venv/lib/python3.12/site-packages/airflow/example_dags/tutorial.py
[2025-10-27T21:49:16.940-0300] {processor.py:840} INFO - DAG(s) 'tutorial' retrieved from /home/joaosousa/projects/spotify-project/venv/lib/python3.12/site-packages/airflow/example_dags/tutorial.py
[2025-10-27T21:49:16.951-0300] {logging_mixin.py:188} INFO - [2025-10-27T21:49:16.951-0300] {dag.py:3096} INFO - Sync 1 DAGs
[2025-10-27T21:49:16.964-0300] {logging_mixin.py:188} INFO - [2025-10-27T21:49:16.963-0300] {dag.py:3954} INFO - Setting next_dagrun for tutorial to 2025-10-27 00:00:00+00:00, run_after=2025-10-28 00:00:00+00:00
[2025-10-27T21:49:16.978-0300] {processor.py:183} INFO - Processing /home/joaosousa/projects/spotify-project/venv/lib/python3.12/site-packages/airflow/example_dags/tutorial.py took 0.051 seconds
[2025-10-27T21:50:15.960-0300] {processor.py:161} INFO - Started process (PID=3681) to work on /home/joaosousa/projects/spotify-project/venv/lib/python3.12/site-packages/airflow/example_dags/tutorial.py
[2025-10-27T21:50:15.962-0300] {processor.py:830} INFO - Processing file /home/joaosousa/projects/spotify-project/venv/lib/python3.12/site-packages/airflow/example_dags/tutorial.py for tasks to queue
[2025-10-27T21:50:15.963-0300] {logging_mixin.py:188} INFO - [2025-10-27T21:50:15.963-0300] {dagbag.py:545} INFO - Filling up the DagBag from /home/joaosousa/projects/spotify-project/venv/lib/python3.12/site-packages/airflow/example_dags/tutorial.py
[2025-10-27T21:50:15.968-0300] {processor.py:840} INFO - DAG(s) 'tutorial' retrieved from /home/joaosousa/projects/spotify-project/venv/lib/python3.12/site-packages/airflow/example_dags/tutorial.py
[2025-10-27T21:50:15.979-0300] {logging_mixin.py:188} INFO - [2025-10-27T21:50:15.979-0300] {dag.py:3096} INFO - Sync 1 DAGs
[2025-10-27T21:50:15.992-0300] {logging_mixin.py:188} INFO - [2025-10-27T21:50:15.991-0300] {dag.py:3954} INFO - Setting next_dagrun for tutorial to 2025-10-27 00:00:00+00:00, run_after=2025-10-28 00:00:00+00:00
[2025-10-27T21:50:16.007-0300] {processor.py:183} INFO - Processing /home/joaosousa/projects/spotify-project/venv/lib/python3.12/site-packages/airflow/example_dags/tutorial.py took 0.051 seconds
[2025-10-27T21:51:21.809-0300] {processor.py:161} INFO - Started process (PID=3794) to work on /home/joaosousa/projects/spotify-project/venv/lib/python3.12/site-packages/airflow/example_dags/tutorial.py
[2025-10-27T21:51:21.810-0300] {processor.py:830} INFO - Processing file /home/joaosousa/projects/spotify-project/venv/lib/python3.12/site-packages/airflow/example_dags/tutorial.py for tasks to queue
[2025-10-27T21:51:21.812-0300] {logging_mixin.py:188} INFO - [2025-10-27T21:51:21.811-0300] {dagbag.py:545} INFO - Filling up the DagBag from /home/joaosousa/projects/spotify-project/venv/lib/python3.12/site-packages/airflow/example_dags/tutorial.py
[2025-10-27T21:51:21.817-0300] {processor.py:840} INFO - DAG(s) 'tutorial' retrieved from /home/joaosousa/projects/spotify-project/venv/lib/python3.12/site-packages/airflow/example_dags/tutorial.py
[2025-10-27T21:51:21.828-0300] {logging_mixin.py:188} INFO - [2025-10-27T21:51:21.828-0300] {dag.py:3096} INFO - Sync 1 DAGs
[2025-10-27T21:51:21.841-0300] {logging_mixin.py:188} INFO - [2025-10-27T21:51:21.841-0300] {dag.py:3954} INFO - Setting next_dagrun for tutorial to 2025-10-27 00:00:00+00:00, run_after=2025-10-28 00:00:00+00:00
[2025-10-27T21:51:21.857-0300] {processor.py:183} INFO - Processing /home/joaosousa/projects/spotify-project/venv/lib/python3.12/site-packages/airflow/example_dags/tutorial.py took 0.053 seconds
[2025-10-27T21:52:26.091-0300] {processor.py:161} INFO - Started process (PID=3934) to work on /home/joaosousa/projects/spotify-project/venv/lib/python3.12/site-packages/airflow/example_dags/tutorial.py
[2025-10-27T21:52:26.092-0300] {processor.py:830} INFO - Processing file /home/joaosousa/projects/spotify-project/venv/lib/python3.12/site-packages/airflow/example_dags/tutorial.py for tasks to queue
[2025-10-27T21:52:26.093-0300] {logging_mixin.py:188} INFO - [2025-10-27T21:52:26.093-0300] {dagbag.py:545} INFO - Filling up the DagBag from /home/joaosousa/projects/spotify-project/venv/lib/python3.12/site-packages/airflow/example_dags/tutorial.py
[2025-10-27T21:52:26.098-0300] {processor.py:840} INFO - DAG(s) 'tutorial' retrieved from /home/joaosousa/projects/spotify-project/venv/lib/python3.12/site-packages/airflow/example_dags/tutorial.py
[2025-10-27T21:52:26.108-0300] {logging_mixin.py:188} INFO - [2025-10-27T21:52:26.108-0300] {dag.py:3096} INFO - Sync 1 DAGs
[2025-10-27T21:52:26.120-0300] {logging_mixin.py:188} INFO - [2025-10-27T21:52:26.120-0300] {dag.py:3954} INFO - Setting next_dagrun for tutorial to 2025-10-27 00:00:00+00:00, run_after=2025-10-28 00:00:00+00:00
[2025-10-27T21:52:26.136-0300] {processor.py:183} INFO - Processing /home/joaosousa/projects/spotify-project/venv/lib/python3.12/site-packages/airflow/example_dags/tutorial.py took 0.050 seconds
[2025-10-27T21:53:25.221-0300] {processor.py:161} INFO - Started process (PID=4055) to work on /home/joaosousa/projects/spotify-project/venv/lib/python3.12/site-packages/airflow/example_dags/tutorial.py
[2025-10-27T21:53:25.223-0300] {processor.py:830} INFO - Processing file /home/joaosousa/projects/spotify-project/venv/lib/python3.12/site-packages/airflow/example_dags/tutorial.py for tasks to queue
[2025-10-27T21:53:25.224-0300] {logging_mixin.py:188} INFO - [2025-10-27T21:53:25.224-0300] {dagbag.py:545} INFO - Filling up the DagBag from /home/joaosousa/projects/spotify-project/venv/lib/python3.12/site-packages/airflow/example_dags/tutorial.py
[2025-10-27T21:53:25.229-0300] {processor.py:840} INFO - DAG(s) 'tutorial' retrieved from /home/joaosousa/projects/spotify-project/venv/lib/python3.12/site-packages/airflow/example_dags/tutorial.py
[2025-10-27T21:53:25.241-0300] {logging_mixin.py:188} INFO - [2025-10-27T21:53:25.241-0300] {dag.py:3096} INFO - Sync 1 DAGs
[2025-10-27T21:53:25.254-0300] {logging_mixin.py:188} INFO - [2025-10-27T21:53:25.254-0300] {dag.py:3954} INFO - Setting next_dagrun for tutorial to 2025-10-27 00:00:00+00:00, run_after=2025-10-28 00:00:00+00:00
[2025-10-27T21:53:25.269-0300] {processor.py:183} INFO - Processing /home/joaosousa/projects/spotify-project/venv/lib/python3.12/site-packages/airflow/example_dags/tutorial.py took 0.052 seconds
[2025-10-27T21:54:27.120-0300] {processor.py:161} INFO - Started process (PID=4196) to work on /home/joaosousa/projects/spotify-project/venv/lib/python3.12/site-packages/airflow/example_dags/tutorial.py
[2025-10-27T21:54:27.122-0300] {processor.py:830} INFO - Processing file /home/joaosousa/projects/spotify-project/venv/lib/python3.12/site-packages/airflow/example_dags/tutorial.py for tasks to queue
[2025-10-27T21:54:27.124-0300] {logging_mixin.py:188} INFO - [2025-10-27T21:54:27.124-0300] {dagbag.py:545} INFO - Filling up the DagBag from /home/joaosousa/projects/spotify-project/venv/lib/python3.12/site-packages/airflow/example_dags/tutorial.py
[2025-10-27T21:54:27.129-0300] {processor.py:840} INFO - DAG(s) 'tutorial' retrieved from /home/joaosousa/projects/spotify-project/venv/lib/python3.12/site-packages/airflow/example_dags/tutorial.py
[2025-10-27T21:54:27.140-0300] {logging_mixin.py:188} INFO - [2025-10-27T21:54:27.139-0300] {dag.py:3096} INFO - Sync 1 DAGs
[2025-10-27T21:54:27.152-0300] {logging_mixin.py:188} INFO - [2025-10-27T21:54:27.152-0300] {dag.py:3954} INFO - Setting next_dagrun for tutorial to 2025-10-27 00:00:00+00:00, run_after=2025-10-28 00:00:00+00:00
[2025-10-27T21:54:27.167-0300] {processor.py:183} INFO - Processing /home/joaosousa/projects/spotify-project/venv/lib/python3.12/site-packages/airflow/example_dags/tutorial.py took 0.051 seconds
[2025-10-27T21:55:31.586-0300] {processor.py:161} INFO - Started process (PID=4301) to work on /home/joaosousa/projects/spotify-project/venv/lib/python3.12/site-packages/airflow/example_dags/tutorial.py
[2025-10-27T21:55:31.588-0300] {processor.py:830} INFO - Processing file /home/joaosousa/projects/spotify-project/venv/lib/python3.12/site-packages/airflow/example_dags/tutorial.py for tasks to queue
[2025-10-27T21:55:31.590-0300] {logging_mixin.py:188} INFO - [2025-10-27T21:55:31.589-0300] {dagbag.py:545} INFO - Filling up the DagBag from /home/joaosousa/projects/spotify-project/venv/lib/python3.12/site-packages/airflow/example_dags/tutorial.py
[2025-10-27T21:55:31.595-0300] {processor.py:840} INFO - DAG(s) 'tutorial' retrieved from /home/joaosousa/projects/spotify-project/venv/lib/python3.12/site-packages/airflow/example_dags/tutorial.py
[2025-10-27T21:55:31.606-0300] {logging_mixin.py:188} INFO - [2025-10-27T21:55:31.605-0300] {dag.py:3096} INFO - Sync 1 DAGs
[2025-10-27T21:55:31.618-0300] {logging_mixin.py:188} INFO - [2025-10-27T21:55:31.618-0300] {dag.py:3954} INFO - Setting next_dagrun for tutorial to 2025-10-27 00:00:00+00:00, run_after=2025-10-28 00:00:00+00:00
[2025-10-27T21:55:31.633-0300] {processor.py:183} INFO - Processing /home/joaosousa/projects/spotify-project/venv/lib/python3.12/site-packages/airflow/example_dags/tutorial.py took 0.051 seconds
[2025-10-27T21:56:35.782-0300] {processor.py:161} INFO - Started process (PID=4404) to work on /home/joaosousa/projects/spotify-project/venv/lib/python3.12/site-packages/airflow/example_dags/tutorial.py
[2025-10-27T21:56:35.784-0300] {processor.py:830} INFO - Processing file /home/joaosousa/projects/spotify-project/venv/lib/python3.12/site-packages/airflow/example_dags/tutorial.py for tasks to queue
[2025-10-27T21:56:35.785-0300] {logging_mixin.py:188} INFO - [2025-10-27T21:56:35.785-0300] {dagbag.py:545} INFO - Filling up the DagBag from /home/joaosousa/projects/spotify-project/venv/lib/python3.12/site-packages/airflow/example_dags/tutorial.py
[2025-10-27T21:56:35.790-0300] {processor.py:840} INFO - DAG(s) 'tutorial' retrieved from /home/joaosousa/projects/spotify-project/venv/lib/python3.12/site-packages/airflow/example_dags/tutorial.py
[2025-10-27T21:56:35.802-0300] {logging_mixin.py:188} INFO - [2025-10-27T21:56:35.801-0300] {dag.py:3096} INFO - Sync 1 DAGs
[2025-10-27T21:56:35.815-0300] {logging_mixin.py:188} INFO - [2025-10-27T21:56:35.815-0300] {dag.py:3954} INFO - Setting next_dagrun for tutorial to 2025-10-27 00:00:00+00:00, run_after=2025-10-28 00:00:00+00:00
[2025-10-27T21:56:35.831-0300] {processor.py:183} INFO - Processing /home/joaosousa/projects/spotify-project/venv/lib/python3.12/site-packages/airflow/example_dags/tutorial.py took 0.053 seconds
[2025-10-27T21:57:36.553-0300] {processor.py:161} INFO - Started process (PID=4600) to work on /home/joaosousa/projects/spotify-project/venv/lib/python3.12/site-packages/airflow/example_dags/tutorial.py
[2025-10-27T21:57:36.554-0300] {processor.py:830} INFO - Processing file /home/joaosousa/projects/spotify-project/venv/lib/python3.12/site-packages/airflow/example_dags/tutorial.py for tasks to queue
[2025-10-27T21:57:36.555-0300] {logging_mixin.py:188} INFO - [2025-10-27T21:57:36.555-0300] {dagbag.py:545} INFO - Filling up the DagBag from /home/joaosousa/projects/spotify-project/venv/lib/python3.12/site-packages/airflow/example_dags/tutorial.py
[2025-10-27T21:57:36.559-0300] {processor.py:840} INFO - DAG(s) 'tutorial' retrieved from /home/joaosousa/projects/spotify-project/venv/lib/python3.12/site-packages/airflow/example_dags/tutorial.py
[2025-10-27T21:57:36.570-0300] {logging_mixin.py:188} INFO - [2025-10-27T21:57:36.570-0300] {dag.py:3096} INFO - Sync 1 DAGs
[2025-10-27T21:57:36.582-0300] {logging_mixin.py:188} INFO - [2025-10-27T21:57:36.582-0300] {dag.py:3954} INFO - Setting next_dagrun for tutorial to 2025-10-27 00:00:00+00:00, run_after=2025-10-28 00:00:00+00:00
[2025-10-27T21:57:36.597-0300] {processor.py:183} INFO - Processing /home/joaosousa/projects/spotify-project/venv/lib/python3.12/site-packages/airflow/example_dags/tutorial.py took 0.048 seconds
[2025-10-27T21:58:36.372-0300] {processor.py:161} INFO - Started process (PID=4704) to work on /home/joaosousa/projects/spotify-project/venv/lib/python3.12/site-packages/airflow/example_dags/tutorial.py
[2025-10-27T21:58:36.374-0300] {processor.py:830} INFO - Processing file /home/joaosousa/projects/spotify-project/venv/lib/python3.12/site-packages/airflow/example_dags/tutorial.py for tasks to queue
[2025-10-27T21:58:36.375-0300] {logging_mixin.py:188} INFO - [2025-10-27T21:58:36.375-0300] {dagbag.py:545} INFO - Filling up the DagBag from /home/joaosousa/projects/spotify-project/venv/lib/python3.12/site-packages/airflow/example_dags/tutorial.py
[2025-10-27T21:58:36.380-0300] {processor.py:840} INFO - DAG(s) 'tutorial' retrieved from /home/joaosousa/projects/spotify-project/venv/lib/python3.12/site-packages/airflow/example_dags/tutorial.py
[2025-10-27T21:58:36.390-0300] {logging_mixin.py:188} INFO - [2025-10-27T21:58:36.390-0300] {dag.py:3096} INFO - Sync 1 DAGs
[2025-10-27T21:58:36.402-0300] {logging_mixin.py:188} INFO - [2025-10-27T21:58:36.402-0300] {dag.py:3954} INFO - Setting next_dagrun for tutorial to 2025-10-27 00:00:00+00:00, run_after=2025-10-28 00:00:00+00:00
[2025-10-27T21:58:36.417-0300] {processor.py:183} INFO - Processing /home/joaosousa/projects/spotify-project/venv/lib/python3.12/site-packages/airflow/example_dags/tutorial.py took 0.049 seconds
[2025-10-27T21:59:35.407-0300] {processor.py:161} INFO - Started process (PID=4808) to work on /home/joaosousa/projects/spotify-project/venv/lib/python3.12/site-packages/airflow/example_dags/tutorial.py
[2025-10-27T21:59:35.408-0300] {processor.py:830} INFO - Processing file /home/joaosousa/projects/spotify-project/venv/lib/python3.12/site-packages/airflow/example_dags/tutorial.py for tasks to queue
[2025-10-27T21:59:35.409-0300] {logging_mixin.py:188} INFO - [2025-10-27T21:59:35.409-0300] {dagbag.py:545} INFO - Filling up the DagBag from /home/joaosousa/projects/spotify-project/venv/lib/python3.12/site-packages/airflow/example_dags/tutorial.py
[2025-10-27T21:59:35.413-0300] {processor.py:840} INFO - DAG(s) 'tutorial' retrieved from /home/joaosousa/projects/spotify-project/venv/lib/python3.12/site-packages/airflow/example_dags/tutorial.py
[2025-10-27T21:59:35.424-0300] {logging_mixin.py:188} INFO - [2025-10-27T21:59:35.424-0300] {dag.py:3096} INFO - Sync 1 DAGs
[2025-10-27T21:59:35.436-0300] {logging_mixin.py:188} INFO - [2025-10-27T21:59:35.436-0300] {dag.py:3954} INFO - Setting next_dagrun for tutorial to 2025-10-27 00:00:00+00:00, run_after=2025-10-28 00:00:00+00:00
[2025-10-27T21:59:35.452-0300] {processor.py:183} INFO - Processing /home/joaosousa/projects/spotify-project/venv/lib/python3.12/site-packages/airflow/example_dags/tutorial.py took 0.049 seconds
[2025-10-27T22:00:42.957-0300] {processor.py:161} INFO - Started process (PID=4934) to work on /home/joaosousa/projects/spotify-project/venv/lib/python3.12/site-packages/airflow/example_dags/tutorial.py
[2025-10-27T22:00:42.958-0300] {processor.py:830} INFO - Processing file /home/joaosousa/projects/spotify-project/venv/lib/python3.12/site-packages/airflow/example_dags/tutorial.py for tasks to queue
[2025-10-27T22:00:42.960-0300] {logging_mixin.py:188} INFO - [2025-10-27T22:00:42.960-0300] {dagbag.py:545} INFO - Filling up the DagBag from /home/joaosousa/projects/spotify-project/venv/lib/python3.12/site-packages/airflow/example_dags/tutorial.py
[2025-10-27T22:00:42.964-0300] {processor.py:840} INFO - DAG(s) 'tutorial' retrieved from /home/joaosousa/projects/spotify-project/venv/lib/python3.12/site-packages/airflow/example_dags/tutorial.py
[2025-10-27T22:00:42.975-0300] {logging_mixin.py:188} INFO - [2025-10-27T22:00:42.975-0300] {dag.py:3096} INFO - Sync 1 DAGs
[2025-10-27T22:00:42.988-0300] {logging_mixin.py:188} INFO - [2025-10-27T22:00:42.988-0300] {dag.py:3954} INFO - Setting next_dagrun for tutorial to 2025-10-27 00:00:00+00:00, run_after=2025-10-28 00:00:00+00:00
[2025-10-27T22:00:43.005-0300] {processor.py:183} INFO - Processing /home/joaosousa/projects/spotify-project/venv/lib/python3.12/site-packages/airflow/example_dags/tutorial.py took 0.053 seconds
[2025-10-27T22:01:43.164-0300] {processor.py:161} INFO - Started process (PID=5044) to work on /home/joaosousa/projects/spotify-project/venv/lib/python3.12/site-packages/airflow/example_dags/tutorial.py
[2025-10-27T22:01:43.165-0300] {processor.py:830} INFO - Processing file /home/joaosousa/projects/spotify-project/venv/lib/python3.12/site-packages/airflow/example_dags/tutorial.py for tasks to queue
[2025-10-27T22:01:43.166-0300] {logging_mixin.py:188} INFO - [2025-10-27T22:01:43.166-0300] {dagbag.py:545} INFO - Filling up the DagBag from /home/joaosousa/projects/spotify-project/venv/lib/python3.12/site-packages/airflow/example_dags/tutorial.py
[2025-10-27T22:01:43.171-0300] {processor.py:840} INFO - DAG(s) 'tutorial' retrieved from /home/joaosousa/projects/spotify-project/venv/lib/python3.12/site-packages/airflow/example_dags/tutorial.py
[2025-10-27T22:01:43.181-0300] {logging_mixin.py:188} INFO - [2025-10-27T22:01:43.181-0300] {dag.py:3096} INFO - Sync 1 DAGs
[2025-10-27T22:01:43.194-0300] {logging_mixin.py:188} INFO - [2025-10-27T22:01:43.193-0300] {dag.py:3954} INFO - Setting next_dagrun for tutorial to 2025-10-27 00:00:00+00:00, run_after=2025-10-28 00:00:00+00:00
[2025-10-27T22:01:43.207-0300] {processor.py:183} INFO - Processing /home/joaosousa/projects/spotify-project/venv/lib/python3.12/site-packages/airflow/example_dags/tutorial.py took 0.048 seconds
[2025-10-27T22:02:43.412-0300] {processor.py:161} INFO - Started process (PID=5148) to work on /home/joaosousa/projects/spotify-project/venv/lib/python3.12/site-packages/airflow/example_dags/tutorial.py
[2025-10-27T22:02:43.414-0300] {processor.py:830} INFO - Processing file /home/joaosousa/projects/spotify-project/venv/lib/python3.12/site-packages/airflow/example_dags/tutorial.py for tasks to queue
[2025-10-27T22:02:43.415-0300] {logging_mixin.py:188} INFO - [2025-10-27T22:02:43.415-0300] {dagbag.py:545} INFO - Filling up the DagBag from /home/joaosousa/projects/spotify-project/venv/lib/python3.12/site-packages/airflow/example_dags/tutorial.py
[2025-10-27T22:02:43.420-0300] {processor.py:840} INFO - DAG(s) 'tutorial' retrieved from /home/joaosousa/projects/spotify-project/venv/lib/python3.12/site-packages/airflow/example_dags/tutorial.py
[2025-10-27T22:02:43.430-0300] {logging_mixin.py:188} INFO - [2025-10-27T22:02:43.430-0300] {dag.py:3096} INFO - Sync 1 DAGs
[2025-10-27T22:02:43.443-0300] {logging_mixin.py:188} INFO - [2025-10-27T22:02:43.443-0300] {dag.py:3954} INFO - Setting next_dagrun for tutorial to 2025-10-27 00:00:00+00:00, run_after=2025-10-28 00:00:00+00:00
[2025-10-27T22:02:43.457-0300] {processor.py:183} INFO - Processing /home/joaosousa/projects/spotify-project/venv/lib/python3.12/site-packages/airflow/example_dags/tutorial.py took 0.049 seconds
[2025-10-27T22:03:43.949-0300] {processor.py:161} INFO - Started process (PID=5266) to work on /home/joaosousa/projects/spotify-project/venv/lib/python3.12/site-packages/airflow/example_dags/tutorial.py
[2025-10-27T22:03:43.951-0300] {processor.py:830} INFO - Processing file /home/joaosousa/projects/spotify-project/venv/lib/python3.12/site-packages/airflow/example_dags/tutorial.py for tasks to queue
[2025-10-27T22:03:43.953-0300] {logging_mixin.py:188} INFO - [2025-10-27T22:03:43.952-0300] {dagbag.py:545} INFO - Filling up the DagBag from /home/joaosousa/projects/spotify-project/venv/lib/python3.12/site-packages/airflow/example_dags/tutorial.py
[2025-10-27T22:03:43.957-0300] {processor.py:840} INFO - DAG(s) 'tutorial' retrieved from /home/joaosousa/projects/spotify-project/venv/lib/python3.12/site-packages/airflow/example_dags/tutorial.py
[2025-10-27T22:03:43.968-0300] {logging_mixin.py:188} INFO - [2025-10-27T22:03:43.968-0300] {dag.py:3096} INFO - Sync 1 DAGs
[2025-10-27T22:03:43.980-0300] {logging_mixin.py:188} INFO - [2025-10-27T22:03:43.980-0300] {dag.py:3954} INFO - Setting next_dagrun for tutorial to 2025-10-27 00:00:00+00:00, run_after=2025-10-28 00:00:00+00:00
[2025-10-27T22:03:43.995-0300] {processor.py:183} INFO - Processing /home/joaosousa/projects/spotify-project/venv/lib/python3.12/site-packages/airflow/example_dags/tutorial.py took 0.051 seconds
[2025-10-27T22:04:42.294-0300] {processor.py:161} INFO - Started process (PID=5354) to work on /home/joaosousa/projects/spotify-project/venv/lib/python3.12/site-packages/airflow/example_dags/tutorial.py
[2025-10-27T22:04:42.296-0300] {processor.py:830} INFO - Processing file /home/joaosousa/projects/spotify-project/venv/lib/python3.12/site-packages/airflow/example_dags/tutorial.py for tasks to queue
[2025-10-27T22:04:42.297-0300] {logging_mixin.py:188} INFO - [2025-10-27T22:04:42.297-0300] {dagbag.py:545} INFO - Filling up the DagBag from /home/joaosousa/projects/spotify-project/venv/lib/python3.12/site-packages/airflow/example_dags/tutorial.py
[2025-10-27T22:04:42.302-0300] {processor.py:840} INFO - DAG(s) 'tutorial' retrieved from /home/joaosousa/projects/spotify-project/venv/lib/python3.12/site-packages/airflow/example_dags/tutorial.py
[2025-10-27T22:04:42.313-0300] {logging_mixin.py:188} INFO - [2025-10-27T22:04:42.313-0300] {dag.py:3096} INFO - Sync 1 DAGs
[2025-10-27T22:04:42.325-0300] {logging_mixin.py:188} INFO - [2025-10-27T22:04:42.325-0300] {dag.py:3954} INFO - Setting next_dagrun for tutorial to 2025-10-27 00:00:00+00:00, run_after=2025-10-28 00:00:00+00:00
[2025-10-27T22:04:42.339-0300] {processor.py:183} INFO - Processing /home/joaosousa/projects/spotify-project/venv/lib/python3.12/site-packages/airflow/example_dags/tutorial.py took 0.049 seconds
[2025-10-27T22:05:40.988-0300] {processor.py:161} INFO - Started process (PID=5469) to work on /home/joaosousa/projects/spotify-project/venv/lib/python3.12/site-packages/airflow/example_dags/tutorial.py
[2025-10-27T22:05:40.989-0300] {processor.py:830} INFO - Processing file /home/joaosousa/projects/spotify-project/venv/lib/python3.12/site-packages/airflow/example_dags/tutorial.py for tasks to queue
[2025-10-27T22:05:40.991-0300] {logging_mixin.py:188} INFO - [2025-10-27T22:05:40.990-0300] {dagbag.py:545} INFO - Filling up the DagBag from /home/joaosousa/projects/spotify-project/venv/lib/python3.12/site-packages/airflow/example_dags/tutorial.py
[2025-10-27T22:05:40.996-0300] {processor.py:840} INFO - DAG(s) 'tutorial' retrieved from /home/joaosousa/projects/spotify-project/venv/lib/python3.12/site-packages/airflow/example_dags/tutorial.py
[2025-10-27T22:05:41.007-0300] {logging_mixin.py:188} INFO - [2025-10-27T22:05:41.007-0300] {dag.py:3096} INFO - Sync 1 DAGs
[2025-10-27T22:05:41.020-0300] {logging_mixin.py:188} INFO - [2025-10-27T22:05:41.020-0300] {dag.py:3954} INFO - Setting next_dagrun for tutorial to 2025-10-27 00:00:00+00:00, run_after=2025-10-28 00:00:00+00:00
[2025-10-27T22:05:41.035-0300] {processor.py:183} INFO - Processing /home/joaosousa/projects/spotify-project/venv/lib/python3.12/site-packages/airflow/example_dags/tutorial.py took 0.051 seconds
[2025-10-27T22:06:39.625-0300] {processor.py:161} INFO - Started process (PID=5565) to work on /home/joaosousa/projects/spotify-project/venv/lib/python3.12/site-packages/airflow/example_dags/tutorial.py
[2025-10-27T22:06:39.626-0300] {processor.py:830} INFO - Processing file /home/joaosousa/projects/spotify-project/venv/lib/python3.12/site-packages/airflow/example_dags/tutorial.py for tasks to queue
[2025-10-27T22:06:39.628-0300] {logging_mixin.py:188} INFO - [2025-10-27T22:06:39.628-0300] {dagbag.py:545} INFO - Filling up the DagBag from /home/joaosousa/projects/spotify-project/venv/lib/python3.12/site-packages/airflow/example_dags/tutorial.py
[2025-10-27T22:06:39.632-0300] {processor.py:840} INFO - DAG(s) 'tutorial' retrieved from /home/joaosousa/projects/spotify-project/venv/lib/python3.12/site-packages/airflow/example_dags/tutorial.py
[2025-10-27T22:06:39.644-0300] {logging_mixin.py:188} INFO - [2025-10-27T22:06:39.644-0300] {dag.py:3096} INFO - Sync 1 DAGs
[2025-10-27T22:06:39.656-0300] {logging_mixin.py:188} INFO - [2025-10-27T22:06:39.656-0300] {dag.py:3954} INFO - Setting next_dagrun for tutorial to 2025-10-27 00:00:00+00:00, run_after=2025-10-28 00:00:00+00:00
[2025-10-27T22:06:39.671-0300] {processor.py:183} INFO - Processing /home/joaosousa/projects/spotify-project/venv/lib/python3.12/site-packages/airflow/example_dags/tutorial.py took 0.050 seconds
[2025-10-27T22:07:42.182-0300] {processor.py:161} INFO - Started process (PID=5684) to work on /home/joaosousa/projects/spotify-project/venv/lib/python3.12/site-packages/airflow/example_dags/tutorial.py
[2025-10-27T22:07:42.184-0300] {processor.py:830} INFO - Processing file /home/joaosousa/projects/spotify-project/venv/lib/python3.12/site-packages/airflow/example_dags/tutorial.py for tasks to queue
[2025-10-27T22:07:42.186-0300] {logging_mixin.py:188} INFO - [2025-10-27T22:07:42.185-0300] {dagbag.py:545} INFO - Filling up the DagBag from /home/joaosousa/projects/spotify-project/venv/lib/python3.12/site-packages/airflow/example_dags/tutorial.py
[2025-10-27T22:07:42.191-0300] {processor.py:840} INFO - DAG(s) 'tutorial' retrieved from /home/joaosousa/projects/spotify-project/venv/lib/python3.12/site-packages/airflow/example_dags/tutorial.py
[2025-10-27T22:07:42.201-0300] {logging_mixin.py:188} INFO - [2025-10-27T22:07:42.201-0300] {dag.py:3096} INFO - Sync 1 DAGs
[2025-10-27T22:07:42.214-0300] {logging_mixin.py:188} INFO - [2025-10-27T22:07:42.214-0300] {dag.py:3954} INFO - Setting next_dagrun for tutorial to 2025-10-27 00:00:00+00:00, run_after=2025-10-28 00:00:00+00:00
[2025-10-27T22:07:42.229-0300] {processor.py:183} INFO - Processing /home/joaosousa/projects/spotify-project/venv/lib/python3.12/site-packages/airflow/example_dags/tutorial.py took 0.052 seconds
[2025-10-27T22:08:38.445-0300] {processor.py:161} INFO - Started process (PID=5769) to work on /home/joaosousa/projects/spotify-project/venv/lib/python3.12/site-packages/airflow/example_dags/tutorial.py
[2025-10-27T22:08:38.447-0300] {processor.py:830} INFO - Processing file /home/joaosousa/projects/spotify-project/venv/lib/python3.12/site-packages/airflow/example_dags/tutorial.py for tasks to queue
[2025-10-27T22:08:38.448-0300] {logging_mixin.py:188} INFO - [2025-10-27T22:08:38.448-0300] {dagbag.py:545} INFO - Filling up the DagBag from /home/joaosousa/projects/spotify-project/venv/lib/python3.12/site-packages/airflow/example_dags/tutorial.py
[2025-10-27T22:08:38.454-0300] {processor.py:840} INFO - DAG(s) 'tutorial' retrieved from /home/joaosousa/projects/spotify-project/venv/lib/python3.12/site-packages/airflow/example_dags/tutorial.py
[2025-10-27T22:08:38.469-0300] {logging_mixin.py:188} INFO - [2025-10-27T22:08:38.468-0300] {dag.py:3096} INFO - Sync 1 DAGs
[2025-10-27T22:08:38.483-0300] {logging_mixin.py:188} INFO - [2025-10-27T22:08:38.483-0300] {dag.py:3954} INFO - Setting next_dagrun for tutorial to 2025-10-27 00:00:00+00:00, run_after=2025-10-28 00:00:00+00:00
[2025-10-27T22:08:38.511-0300] {processor.py:183} INFO - Processing /home/joaosousa/projects/spotify-project/venv/lib/python3.12/site-packages/airflow/example_dags/tutorial.py took 0.070 seconds
[2025-10-27T22:09:40.833-0300] {processor.py:161} INFO - Started process (PID=5881) to work on /home/joaosousa/projects/spotify-project/venv/lib/python3.12/site-packages/airflow/example_dags/tutorial.py
[2025-10-27T22:09:40.834-0300] {processor.py:830} INFO - Processing file /home/joaosousa/projects/spotify-project/venv/lib/python3.12/site-packages/airflow/example_dags/tutorial.py for tasks to queue
[2025-10-27T22:09:40.835-0300] {logging_mixin.py:188} INFO - [2025-10-27T22:09:40.835-0300] {dagbag.py:545} INFO - Filling up the DagBag from /home/joaosousa/projects/spotify-project/venv/lib/python3.12/site-packages/airflow/example_dags/tutorial.py
[2025-10-27T22:09:40.840-0300] {processor.py:840} INFO - DAG(s) 'tutorial' retrieved from /home/joaosousa/projects/spotify-project/venv/lib/python3.12/site-packages/airflow/example_dags/tutorial.py
[2025-10-27T22:09:40.851-0300] {logging_mixin.py:188} INFO - [2025-10-27T22:09:40.851-0300] {dag.py:3096} INFO - Sync 1 DAGs
[2025-10-27T22:09:40.864-0300] {logging_mixin.py:188} INFO - [2025-10-27T22:09:40.864-0300] {dag.py:3954} INFO - Setting next_dagrun for tutorial to 2025-10-27 00:00:00+00:00, run_after=2025-10-28 00:00:00+00:00
[2025-10-27T22:09:40.878-0300] {processor.py:183} INFO - Processing /home/joaosousa/projects/spotify-project/venv/lib/python3.12/site-packages/airflow/example_dags/tutorial.py took 0.049 seconds
[2025-10-27T22:10:38.257-0300] {processor.py:161} INFO - Started process (PID=5968) to work on /home/joaosousa/projects/spotify-project/venv/lib/python3.12/site-packages/airflow/example_dags/tutorial.py
[2025-10-27T22:10:38.259-0300] {processor.py:830} INFO - Processing file /home/joaosousa/projects/spotify-project/venv/lib/python3.12/site-packages/airflow/example_dags/tutorial.py for tasks to queue
[2025-10-27T22:10:38.260-0300] {logging_mixin.py:188} INFO - [2025-10-27T22:10:38.260-0300] {dagbag.py:545} INFO - Filling up the DagBag from /home/joaosousa/projects/spotify-project/venv/lib/python3.12/site-packages/airflow/example_dags/tutorial.py
[2025-10-27T22:10:38.264-0300] {processor.py:840} INFO - DAG(s) 'tutorial' retrieved from /home/joaosousa/projects/spotify-project/venv/lib/python3.12/site-packages/airflow/example_dags/tutorial.py
[2025-10-27T22:10:38.276-0300] {logging_mixin.py:188} INFO - [2025-10-27T22:10:38.276-0300] {dag.py:3096} INFO - Sync 1 DAGs
[2025-10-27T22:10:38.289-0300] {logging_mixin.py:188} INFO - [2025-10-27T22:10:38.288-0300] {dag.py:3954} INFO - Setting next_dagrun for tutorial to 2025-10-27 00:00:00+00:00, run_after=2025-10-28 00:00:00+00:00
[2025-10-27T22:10:38.303-0300] {processor.py:183} INFO - Processing /home/joaosousa/projects/spotify-project/venv/lib/python3.12/site-packages/airflow/example_dags/tutorial.py took 0.051 seconds
[2025-10-27T22:11:36.536-0300] {processor.py:161} INFO - Started process (PID=6076) to work on /home/joaosousa/projects/spotify-project/venv/lib/python3.12/site-packages/airflow/example_dags/tutorial.py
[2025-10-27T22:11:36.537-0300] {processor.py:830} INFO - Processing file /home/joaosousa/projects/spotify-project/venv/lib/python3.12/site-packages/airflow/example_dags/tutorial.py for tasks to queue
[2025-10-27T22:11:36.539-0300] {logging_mixin.py:188} INFO - [2025-10-27T22:11:36.538-0300] {dagbag.py:545} INFO - Filling up the DagBag from /home/joaosousa/projects/spotify-project/venv/lib/python3.12/site-packages/airflow/example_dags/tutorial.py
[2025-10-27T22:11:36.544-0300] {processor.py:840} INFO - DAG(s) 'tutorial' retrieved from /home/joaosousa/projects/spotify-project/venv/lib/python3.12/site-packages/airflow/example_dags/tutorial.py
[2025-10-27T22:11:36.555-0300] {logging_mixin.py:188} INFO - [2025-10-27T22:11:36.555-0300] {dag.py:3096} INFO - Sync 1 DAGs
[2025-10-27T22:11:36.568-0300] {logging_mixin.py:188} INFO - [2025-10-27T22:11:36.568-0300] {dag.py:3954} INFO - Setting next_dagrun for tutorial to 2025-10-27 00:00:00+00:00, run_after=2025-10-28 00:00:00+00:00
[2025-10-27T22:11:36.583-0300] {processor.py:183} INFO - Processing /home/joaosousa/projects/spotify-project/venv/lib/python3.12/site-packages/airflow/example_dags/tutorial.py took 0.051 seconds
[2025-10-27T22:12:32.251-0300] {processor.py:161} INFO - Started process (PID=6182) to work on /home/joaosousa/projects/spotify-project/venv/lib/python3.12/site-packages/airflow/example_dags/tutorial.py
[2025-10-27T22:12:32.252-0300] {processor.py:830} INFO - Processing file /home/joaosousa/projects/spotify-project/venv/lib/python3.12/site-packages/airflow/example_dags/tutorial.py for tasks to queue
[2025-10-27T22:12:32.253-0300] {logging_mixin.py:188} INFO - [2025-10-27T22:12:32.253-0300] {dagbag.py:545} INFO - Filling up the DagBag from /home/joaosousa/projects/spotify-project/venv/lib/python3.12/site-packages/airflow/example_dags/tutorial.py
[2025-10-27T22:12:32.259-0300] {processor.py:840} INFO - DAG(s) 'tutorial' retrieved from /home/joaosousa/projects/spotify-project/venv/lib/python3.12/site-packages/airflow/example_dags/tutorial.py
[2025-10-27T22:12:32.270-0300] {logging_mixin.py:188} INFO - [2025-10-27T22:12:32.270-0300] {dag.py:3096} INFO - Sync 1 DAGs
[2025-10-27T22:12:32.284-0300] {logging_mixin.py:188} INFO - [2025-10-27T22:12:32.283-0300] {dag.py:3954} INFO - Setting next_dagrun for tutorial to 2025-10-27 00:00:00+00:00, run_after=2025-10-28 00:00:00+00:00
[2025-10-27T22:12:32.300-0300] {processor.py:183} INFO - Processing /home/joaosousa/projects/spotify-project/venv/lib/python3.12/site-packages/airflow/example_dags/tutorial.py took 0.053 seconds
[2025-10-27T22:13:30.699-0300] {processor.py:161} INFO - Started process (PID=6291) to work on /home/joaosousa/projects/spotify-project/venv/lib/python3.12/site-packages/airflow/example_dags/tutorial.py
[2025-10-27T22:13:30.701-0300] {processor.py:830} INFO - Processing file /home/joaosousa/projects/spotify-project/venv/lib/python3.12/site-packages/airflow/example_dags/tutorial.py for tasks to queue
[2025-10-27T22:13:30.702-0300] {logging_mixin.py:188} INFO - [2025-10-27T22:13:30.702-0300] {dagbag.py:545} INFO - Filling up the DagBag from /home/joaosousa/projects/spotify-project/venv/lib/python3.12/site-packages/airflow/example_dags/tutorial.py
[2025-10-27T22:13:30.707-0300] {processor.py:840} INFO - DAG(s) 'tutorial' retrieved from /home/joaosousa/projects/spotify-project/venv/lib/python3.12/site-packages/airflow/example_dags/tutorial.py
[2025-10-27T22:13:30.719-0300] {logging_mixin.py:188} INFO - [2025-10-27T22:13:30.718-0300] {dag.py:3096} INFO - Sync 1 DAGs
[2025-10-27T22:13:30.734-0300] {logging_mixin.py:188} INFO - [2025-10-27T22:13:30.733-0300] {dag.py:3954} INFO - Setting next_dagrun for tutorial to 2025-10-27 00:00:00+00:00, run_after=2025-10-28 00:00:00+00:00
[2025-10-27T22:13:30.752-0300] {processor.py:183} INFO - Processing /home/joaosousa/projects/spotify-project/venv/lib/python3.12/site-packages/airflow/example_dags/tutorial.py took 0.058 seconds
[2025-10-27T22:14:35.064-0300] {processor.py:161} INFO - Started process (PID=6380) to work on /home/joaosousa/projects/spotify-project/venv/lib/python3.12/site-packages/airflow/example_dags/tutorial.py
[2025-10-27T22:14:35.066-0300] {processor.py:830} INFO - Processing file /home/joaosousa/projects/spotify-project/venv/lib/python3.12/site-packages/airflow/example_dags/tutorial.py for tasks to queue
[2025-10-27T22:14:35.068-0300] {logging_mixin.py:188} INFO - [2025-10-27T22:14:35.067-0300] {dagbag.py:545} INFO - Filling up the DagBag from /home/joaosousa/projects/spotify-project/venv/lib/python3.12/site-packages/airflow/example_dags/tutorial.py
[2025-10-27T22:14:35.072-0300] {processor.py:840} INFO - DAG(s) 'tutorial' retrieved from /home/joaosousa/projects/spotify-project/venv/lib/python3.12/site-packages/airflow/example_dags/tutorial.py
[2025-10-27T22:14:35.083-0300] {logging_mixin.py:188} INFO - [2025-10-27T22:14:35.083-0300] {dag.py:3096} INFO - Sync 1 DAGs
[2025-10-27T22:14:35.096-0300] {logging_mixin.py:188} INFO - [2025-10-27T22:14:35.096-0300] {dag.py:3954} INFO - Setting next_dagrun for tutorial to 2025-10-27 00:00:00+00:00, run_after=2025-10-28 00:00:00+00:00
[2025-10-27T22:14:35.111-0300] {processor.py:183} INFO - Processing /home/joaosousa/projects/spotify-project/venv/lib/python3.12/site-packages/airflow/example_dags/tutorial.py took 0.051 seconds
[2025-10-27T22:15:39.675-0300] {processor.py:161} INFO - Started process (PID=6494) to work on /home/joaosousa/projects/spotify-project/venv/lib/python3.12/site-packages/airflow/example_dags/tutorial.py
[2025-10-27T22:15:39.677-0300] {processor.py:830} INFO - Processing file /home/joaosousa/projects/spotify-project/venv/lib/python3.12/site-packages/airflow/example_dags/tutorial.py for tasks to queue
[2025-10-27T22:15:39.678-0300] {logging_mixin.py:188} INFO - [2025-10-27T22:15:39.678-0300] {dagbag.py:545} INFO - Filling up the DagBag from /home/joaosousa/projects/spotify-project/venv/lib/python3.12/site-packages/airflow/example_dags/tutorial.py
[2025-10-27T22:15:39.683-0300] {processor.py:840} INFO - DAG(s) 'tutorial' retrieved from /home/joaosousa/projects/spotify-project/venv/lib/python3.12/site-packages/airflow/example_dags/tutorial.py
[2025-10-27T22:15:39.694-0300] {logging_mixin.py:188} INFO - [2025-10-27T22:15:39.694-0300] {dag.py:3096} INFO - Sync 1 DAGs
[2025-10-27T22:15:39.706-0300] {logging_mixin.py:188} INFO - [2025-10-27T22:15:39.706-0300] {dag.py:3954} INFO - Setting next_dagrun for tutorial to 2025-10-27 00:00:00+00:00, run_after=2025-10-28 00:00:00+00:00
[2025-10-27T22:15:39.720-0300] {processor.py:183} INFO - Processing /home/joaosousa/projects/spotify-project/venv/lib/python3.12/site-packages/airflow/example_dags/tutorial.py took 0.049 seconds
[2025-10-27T22:16:35.849-0300] {processor.py:161} INFO - Started process (PID=6603) to work on /home/joaosousa/projects/spotify-project/venv/lib/python3.12/site-packages/airflow/example_dags/tutorial.py
[2025-10-27T22:16:35.851-0300] {processor.py:830} INFO - Processing file /home/joaosousa/projects/spotify-project/venv/lib/python3.12/site-packages/airflow/example_dags/tutorial.py for tasks to queue
[2025-10-27T22:16:35.852-0300] {logging_mixin.py:188} INFO - [2025-10-27T22:16:35.852-0300] {dagbag.py:545} INFO - Filling up the DagBag from /home/joaosousa/projects/spotify-project/venv/lib/python3.12/site-packages/airflow/example_dags/tutorial.py
[2025-10-27T22:16:35.857-0300] {processor.py:840} INFO - DAG(s) 'tutorial' retrieved from /home/joaosousa/projects/spotify-project/venv/lib/python3.12/site-packages/airflow/example_dags/tutorial.py
[2025-10-27T22:16:35.867-0300] {logging_mixin.py:188} INFO - [2025-10-27T22:16:35.867-0300] {dag.py:3096} INFO - Sync 1 DAGs
[2025-10-27T22:16:35.879-0300] {logging_mixin.py:188} INFO - [2025-10-27T22:16:35.879-0300] {dag.py:3954} INFO - Setting next_dagrun for tutorial to 2025-10-27 00:00:00+00:00, run_after=2025-10-28 00:00:00+00:00
[2025-10-27T22:16:35.894-0300] {processor.py:183} INFO - Processing /home/joaosousa/projects/spotify-project/venv/lib/python3.12/site-packages/airflow/example_dags/tutorial.py took 0.049 seconds
[2025-10-27T22:17:37.644-0300] {processor.py:161} INFO - Started process (PID=6730) to work on /home/joaosousa/projects/spotify-project/venv/lib/python3.12/site-packages/airflow/example_dags/tutorial.py
[2025-10-27T22:17:37.646-0300] {processor.py:830} INFO - Processing file /home/joaosousa/projects/spotify-project/venv/lib/python3.12/site-packages/airflow/example_dags/tutorial.py for tasks to queue
[2025-10-27T22:17:37.647-0300] {logging_mixin.py:188} INFO - [2025-10-27T22:17:37.647-0300] {dagbag.py:545} INFO - Filling up the DagBag from /home/joaosousa/projects/spotify-project/venv/lib/python3.12/site-packages/airflow/example_dags/tutorial.py
[2025-10-27T22:17:37.652-0300] {processor.py:840} INFO - DAG(s) 'tutorial' retrieved from /home/joaosousa/projects/spotify-project/venv/lib/python3.12/site-packages/airflow/example_dags/tutorial.py
[2025-10-27T22:17:37.663-0300] {logging_mixin.py:188} INFO - [2025-10-27T22:17:37.663-0300] {dag.py:3096} INFO - Sync 1 DAGs
[2025-10-27T22:17:37.677-0300] {logging_mixin.py:188} INFO - [2025-10-27T22:17:37.677-0300] {dag.py:3954} INFO - Setting next_dagrun for tutorial to 2025-10-27 00:00:00+00:00, run_after=2025-10-28 00:00:00+00:00
[2025-10-27T22:17:37.691-0300] {processor.py:183} INFO - Processing /home/joaosousa/projects/spotify-project/venv/lib/python3.12/site-packages/airflow/example_dags/tutorial.py took 0.052 seconds
[2025-10-27T22:18:36.429-0300] {processor.py:161} INFO - Started process (PID=6832) to work on /home/joaosousa/projects/spotify-project/venv/lib/python3.12/site-packages/airflow/example_dags/tutorial.py
[2025-10-27T22:18:36.431-0300] {processor.py:830} INFO - Processing file /home/joaosousa/projects/spotify-project/venv/lib/python3.12/site-packages/airflow/example_dags/tutorial.py for tasks to queue
[2025-10-27T22:18:36.432-0300] {logging_mixin.py:188} INFO - [2025-10-27T22:18:36.432-0300] {dagbag.py:545} INFO - Filling up the DagBag from /home/joaosousa/projects/spotify-project/venv/lib/python3.12/site-packages/airflow/example_dags/tutorial.py
[2025-10-27T22:18:36.437-0300] {processor.py:840} INFO - DAG(s) 'tutorial' retrieved from /home/joaosousa/projects/spotify-project/venv/lib/python3.12/site-packages/airflow/example_dags/tutorial.py
[2025-10-27T22:18:36.448-0300] {logging_mixin.py:188} INFO - [2025-10-27T22:18:36.447-0300] {dag.py:3096} INFO - Sync 1 DAGs
[2025-10-27T22:18:36.461-0300] {logging_mixin.py:188} INFO - [2025-10-27T22:18:36.461-0300] {dag.py:3954} INFO - Setting next_dagrun for tutorial to 2025-10-27 00:00:00+00:00, run_after=2025-10-28 00:00:00+00:00
[2025-10-27T22:18:36.475-0300] {processor.py:183} INFO - Processing /home/joaosousa/projects/spotify-project/venv/lib/python3.12/site-packages/airflow/example_dags/tutorial.py took 0.051 seconds
[2025-10-27T22:19:37.517-0300] {processor.py:161} INFO - Started process (PID=6943) to work on /home/joaosousa/projects/spotify-project/venv/lib/python3.12/site-packages/airflow/example_dags/tutorial.py
[2025-10-27T22:19:37.519-0300] {processor.py:830} INFO - Processing file /home/joaosousa/projects/spotify-project/venv/lib/python3.12/site-packages/airflow/example_dags/tutorial.py for tasks to queue
[2025-10-27T22:19:37.520-0300] {logging_mixin.py:188} INFO - [2025-10-27T22:19:37.520-0300] {dagbag.py:545} INFO - Filling up the DagBag from /home/joaosousa/projects/spotify-project/venv/lib/python3.12/site-packages/airflow/example_dags/tutorial.py
[2025-10-27T22:19:37.524-0300] {processor.py:840} INFO - DAG(s) 'tutorial' retrieved from /home/joaosousa/projects/spotify-project/venv/lib/python3.12/site-packages/airflow/example_dags/tutorial.py
[2025-10-27T22:19:37.535-0300] {logging_mixin.py:188} INFO - [2025-10-27T22:19:37.535-0300] {dag.py:3096} INFO - Sync 1 DAGs
[2025-10-27T22:19:37.547-0300] {logging_mixin.py:188} INFO - [2025-10-27T22:19:37.547-0300] {dag.py:3954} INFO - Setting next_dagrun for tutorial to 2025-10-27 00:00:00+00:00, run_after=2025-10-28 00:00:00+00:00
[2025-10-27T22:19:37.561-0300] {processor.py:183} INFO - Processing /home/joaosousa/projects/spotify-project/venv/lib/python3.12/site-packages/airflow/example_dags/tutorial.py took 0.049 seconds
[2025-10-27T22:20:30.477-0300] {processor.py:161} INFO - Started process (PID=7025) to work on /home/joaosousa/projects/spotify-project/venv/lib/python3.12/site-packages/airflow/example_dags/tutorial.py
[2025-10-27T22:20:30.478-0300] {processor.py:830} INFO - Processing file /home/joaosousa/projects/spotify-project/venv/lib/python3.12/site-packages/airflow/example_dags/tutorial.py for tasks to queue
[2025-10-27T22:20:30.480-0300] {logging_mixin.py:188} INFO - [2025-10-27T22:20:30.480-0300] {dagbag.py:545} INFO - Filling up the DagBag from /home/joaosousa/projects/spotify-project/venv/lib/python3.12/site-packages/airflow/example_dags/tutorial.py
[2025-10-27T22:20:30.485-0300] {processor.py:840} INFO - DAG(s) 'tutorial' retrieved from /home/joaosousa/projects/spotify-project/venv/lib/python3.12/site-packages/airflow/example_dags/tutorial.py
[2025-10-27T22:20:30.497-0300] {logging_mixin.py:188} INFO - [2025-10-27T22:20:30.497-0300] {dag.py:3096} INFO - Sync 1 DAGs
[2025-10-27T22:20:30.514-0300] {logging_mixin.py:188} INFO - [2025-10-27T22:20:30.513-0300] {dag.py:3954} INFO - Setting next_dagrun for tutorial to 2025-10-27 00:00:00+00:00, run_after=2025-10-28 00:00:00+00:00
[2025-10-27T22:20:30.533-0300] {processor.py:183} INFO - Processing /home/joaosousa/projects/spotify-project/venv/lib/python3.12/site-packages/airflow/example_dags/tutorial.py took 0.061 seconds
[2025-10-27T22:21:29.754-0300] {processor.py:161} INFO - Started process (PID=7135) to work on /home/joaosousa/projects/spotify-project/venv/lib/python3.12/site-packages/airflow/example_dags/tutorial.py
[2025-10-27T22:21:29.756-0300] {processor.py:830} INFO - Processing file /home/joaosousa/projects/spotify-project/venv/lib/python3.12/site-packages/airflow/example_dags/tutorial.py for tasks to queue
[2025-10-27T22:21:29.758-0300] {logging_mixin.py:188} INFO - [2025-10-27T22:21:29.758-0300] {dagbag.py:545} INFO - Filling up the DagBag from /home/joaosousa/projects/spotify-project/venv/lib/python3.12/site-packages/airflow/example_dags/tutorial.py
[2025-10-27T22:21:29.763-0300] {processor.py:840} INFO - DAG(s) 'tutorial' retrieved from /home/joaosousa/projects/spotify-project/venv/lib/python3.12/site-packages/airflow/example_dags/tutorial.py
[2025-10-27T22:21:29.774-0300] {logging_mixin.py:188} INFO - [2025-10-27T22:21:29.773-0300] {dag.py:3096} INFO - Sync 1 DAGs
[2025-10-27T22:21:29.786-0300] {logging_mixin.py:188} INFO - [2025-10-27T22:21:29.786-0300] {dag.py:3954} INFO - Setting next_dagrun for tutorial to 2025-10-27 00:00:00+00:00, run_after=2025-10-28 00:00:00+00:00
[2025-10-27T22:21:29.801-0300] {processor.py:183} INFO - Processing /home/joaosousa/projects/spotify-project/venv/lib/python3.12/site-packages/airflow/example_dags/tutorial.py took 0.051 seconds
