[2025-10-27T21:29:25.511-0300] {processor.py:161} INFO - Started process (PID=925) to work on /home/joaosousa/projects/spotify-project/venv/lib/python3.12/site-packages/airflow/example_dags/tutorial_objectstorage.py
[2025-10-27T21:29:25.511-0300] {processor.py:830} INFO - Processing file /home/joaosousa/projects/spotify-project/venv/lib/python3.12/site-packages/airflow/example_dags/tutorial_objectstorage.py for tasks to queue
[2025-10-27T21:29:25.512-0300] {logging_mixin.py:188} INFO - [2025-10-27T21:29:25.512-0300] {dagbag.py:545} INFO - Filling up the DagBag from /home/joaosousa/projects/spotify-project/venv/lib/python3.12/site-packages/airflow/example_dags/tutorial_objectstorage.py
[2025-10-27T21:29:25.520-0300] {processor.py:840} INFO - DAG(s) 'tutorial_objectstorage' retrieved from /home/joaosousa/projects/spotify-project/venv/lib/python3.12/site-packages/airflow/example_dags/tutorial_objectstorage.py
[2025-10-27T21:29:25.537-0300] {logging_mixin.py:188} INFO - [2025-10-27T21:29:25.537-0300] {dag.py:3096} INFO - Sync 1 DAGs
[2025-10-27T21:29:25.545-0300] {logging_mixin.py:188} INFO - [2025-10-27T21:29:25.545-0300] {dag.py:3954} INFO - Setting next_dagrun for tutorial_objectstorage to None, run_after=None
[2025-10-27T21:29:25.562-0300] {processor.py:183} INFO - Processing /home/joaosousa/projects/spotify-project/venv/lib/python3.12/site-packages/airflow/example_dags/tutorial_objectstorage.py took 0.056 seconds
[2025-10-27T21:31:26.215-0300] {processor.py:161} INFO - Started process (PID=1126) to work on /home/joaosousa/projects/spotify-project/venv/lib/python3.12/site-packages/airflow/example_dags/tutorial_objectstorage.py
[2025-10-27T21:31:26.216-0300] {processor.py:830} INFO - Processing file /home/joaosousa/projects/spotify-project/venv/lib/python3.12/site-packages/airflow/example_dags/tutorial_objectstorage.py for tasks to queue
[2025-10-27T21:31:26.217-0300] {logging_mixin.py:188} INFO - [2025-10-27T21:31:26.217-0300] {dagbag.py:545} INFO - Filling up the DagBag from /home/joaosousa/projects/spotify-project/venv/lib/python3.12/site-packages/airflow/example_dags/tutorial_objectstorage.py
[2025-10-27T21:31:26.222-0300] {processor.py:840} INFO - DAG(s) 'tutorial_objectstorage' retrieved from /home/joaosousa/projects/spotify-project/venv/lib/python3.12/site-packages/airflow/example_dags/tutorial_objectstorage.py
[2025-10-27T21:31:26.233-0300] {logging_mixin.py:188} INFO - [2025-10-27T21:31:26.233-0300] {dag.py:3096} INFO - Sync 1 DAGs
[2025-10-27T21:31:26.240-0300] {logging_mixin.py:188} INFO - [2025-10-27T21:31:26.240-0300] {dag.py:3954} INFO - Setting next_dagrun for tutorial_objectstorage to None, run_after=None
[2025-10-27T21:31:26.255-0300] {processor.py:183} INFO - Processing /home/joaosousa/projects/spotify-project/venv/lib/python3.12/site-packages/airflow/example_dags/tutorial_objectstorage.py took 0.045 seconds
[2025-10-27T21:32:04.971-0300] {processor.py:161} INFO - Started process (PID=1297) to work on /home/joaosousa/projects/spotify-project/venv/lib/python3.12/site-packages/airflow/example_dags/tutorial_objectstorage.py
[2025-10-27T21:32:04.972-0300] {processor.py:830} INFO - Processing file /home/joaosousa/projects/spotify-project/venv/lib/python3.12/site-packages/airflow/example_dags/tutorial_objectstorage.py for tasks to queue
[2025-10-27T21:32:04.973-0300] {logging_mixin.py:188} INFO - [2025-10-27T21:32:04.973-0300] {dagbag.py:545} INFO - Filling up the DagBag from /home/joaosousa/projects/spotify-project/venv/lib/python3.12/site-packages/airflow/example_dags/tutorial_objectstorage.py
[2025-10-27T21:32:04.979-0300] {processor.py:840} INFO - DAG(s) 'tutorial_objectstorage' retrieved from /home/joaosousa/projects/spotify-project/venv/lib/python3.12/site-packages/airflow/example_dags/tutorial_objectstorage.py
[2025-10-27T21:32:04.989-0300] {logging_mixin.py:188} INFO - [2025-10-27T21:32:04.989-0300] {dag.py:3096} INFO - Sync 1 DAGs
[2025-10-27T21:32:04.996-0300] {logging_mixin.py:188} INFO - [2025-10-27T21:32:04.996-0300] {dag.py:3954} INFO - Setting next_dagrun for tutorial_objectstorage to None, run_after=None
[2025-10-27T21:32:05.011-0300] {processor.py:183} INFO - Processing /home/joaosousa/projects/spotify-project/venv/lib/python3.12/site-packages/airflow/example_dags/tutorial_objectstorage.py took 0.043 seconds
[2025-10-27T21:32:49.986-0300] {processor.py:161} INFO - Started process (PID=1367) to work on /home/joaosousa/projects/spotify-project/venv/lib/python3.12/site-packages/airflow/example_dags/tutorial_objectstorage.py
[2025-10-27T21:32:49.988-0300] {processor.py:830} INFO - Processing file /home/joaosousa/projects/spotify-project/venv/lib/python3.12/site-packages/airflow/example_dags/tutorial_objectstorage.py for tasks to queue
[2025-10-27T21:32:49.989-0300] {logging_mixin.py:188} INFO - [2025-10-27T21:32:49.989-0300] {dagbag.py:545} INFO - Filling up the DagBag from /home/joaosousa/projects/spotify-project/venv/lib/python3.12/site-packages/airflow/example_dags/tutorial_objectstorage.py
[2025-10-27T21:32:49.995-0300] {processor.py:840} INFO - DAG(s) 'tutorial_objectstorage' retrieved from /home/joaosousa/projects/spotify-project/venv/lib/python3.12/site-packages/airflow/example_dags/tutorial_objectstorage.py
[2025-10-27T21:32:50.005-0300] {logging_mixin.py:188} INFO - [2025-10-27T21:32:50.005-0300] {dag.py:3096} INFO - Sync 1 DAGs
[2025-10-27T21:32:50.013-0300] {logging_mixin.py:188} INFO - [2025-10-27T21:32:50.013-0300] {dag.py:3954} INFO - Setting next_dagrun for tutorial_objectstorage to None, run_after=None
[2025-10-27T21:32:50.030-0300] {processor.py:183} INFO - Processing /home/joaosousa/projects/spotify-project/venv/lib/python3.12/site-packages/airflow/example_dags/tutorial_objectstorage.py took 0.048 seconds
[2025-10-27T21:33:32.225-0300] {processor.py:161} INFO - Started process (PID=1436) to work on /home/joaosousa/projects/spotify-project/venv/lib/python3.12/site-packages/airflow/example_dags/tutorial_objectstorage.py
[2025-10-27T21:33:32.226-0300] {processor.py:830} INFO - Processing file /home/joaosousa/projects/spotify-project/venv/lib/python3.12/site-packages/airflow/example_dags/tutorial_objectstorage.py for tasks to queue
[2025-10-27T21:33:32.227-0300] {logging_mixin.py:188} INFO - [2025-10-27T21:33:32.227-0300] {dagbag.py:545} INFO - Filling up the DagBag from /home/joaosousa/projects/spotify-project/venv/lib/python3.12/site-packages/airflow/example_dags/tutorial_objectstorage.py
[2025-10-27T21:33:32.233-0300] {processor.py:840} INFO - DAG(s) 'tutorial_objectstorage' retrieved from /home/joaosousa/projects/spotify-project/venv/lib/python3.12/site-packages/airflow/example_dags/tutorial_objectstorage.py
[2025-10-27T21:33:32.246-0300] {logging_mixin.py:188} INFO - [2025-10-27T21:33:32.246-0300] {dag.py:3096} INFO - Sync 1 DAGs
[2025-10-27T21:33:32.254-0300] {logging_mixin.py:188} INFO - [2025-10-27T21:33:32.254-0300] {dag.py:3954} INFO - Setting next_dagrun for tutorial_objectstorage to None, run_after=None
[2025-10-27T21:33:32.271-0300] {processor.py:183} INFO - Processing /home/joaosousa/projects/spotify-project/venv/lib/python3.12/site-packages/airflow/example_dags/tutorial_objectstorage.py took 0.051 seconds
[2025-10-27T21:34:13.826-0300] {processor.py:161} INFO - Started process (PID=1502) to work on /home/joaosousa/projects/spotify-project/venv/lib/python3.12/site-packages/airflow/example_dags/tutorial_objectstorage.py
[2025-10-27T21:34:13.828-0300] {processor.py:830} INFO - Processing file /home/joaosousa/projects/spotify-project/venv/lib/python3.12/site-packages/airflow/example_dags/tutorial_objectstorage.py for tasks to queue
[2025-10-27T21:34:13.829-0300] {logging_mixin.py:188} INFO - [2025-10-27T21:34:13.829-0300] {dagbag.py:545} INFO - Filling up the DagBag from /home/joaosousa/projects/spotify-project/venv/lib/python3.12/site-packages/airflow/example_dags/tutorial_objectstorage.py
[2025-10-27T21:34:13.834-0300] {processor.py:840} INFO - DAG(s) 'tutorial_objectstorage' retrieved from /home/joaosousa/projects/spotify-project/venv/lib/python3.12/site-packages/airflow/example_dags/tutorial_objectstorage.py
[2025-10-27T21:34:13.845-0300] {logging_mixin.py:188} INFO - [2025-10-27T21:34:13.845-0300] {dag.py:3096} INFO - Sync 1 DAGs
[2025-10-27T21:34:13.852-0300] {logging_mixin.py:188} INFO - [2025-10-27T21:34:13.852-0300] {dag.py:3954} INFO - Setting next_dagrun for tutorial_objectstorage to None, run_after=None
[2025-10-27T21:34:13.867-0300] {processor.py:183} INFO - Processing /home/joaosousa/projects/spotify-project/venv/lib/python3.12/site-packages/airflow/example_dags/tutorial_objectstorage.py took 0.045 seconds
[2025-10-27T21:34:53.815-0300] {processor.py:161} INFO - Started process (PID=1569) to work on /home/joaosousa/projects/spotify-project/venv/lib/python3.12/site-packages/airflow/example_dags/tutorial_objectstorage.py
[2025-10-27T21:34:53.817-0300] {processor.py:830} INFO - Processing file /home/joaosousa/projects/spotify-project/venv/lib/python3.12/site-packages/airflow/example_dags/tutorial_objectstorage.py for tasks to queue
[2025-10-27T21:34:53.818-0300] {logging_mixin.py:188} INFO - [2025-10-27T21:34:53.818-0300] {dagbag.py:545} INFO - Filling up the DagBag from /home/joaosousa/projects/spotify-project/venv/lib/python3.12/site-packages/airflow/example_dags/tutorial_objectstorage.py
[2025-10-27T21:34:53.824-0300] {processor.py:840} INFO - DAG(s) 'tutorial_objectstorage' retrieved from /home/joaosousa/projects/spotify-project/venv/lib/python3.12/site-packages/airflow/example_dags/tutorial_objectstorage.py
[2025-10-27T21:34:53.834-0300] {logging_mixin.py:188} INFO - [2025-10-27T21:34:53.834-0300] {dag.py:3096} INFO - Sync 1 DAGs
[2025-10-27T21:34:53.841-0300] {logging_mixin.py:188} INFO - [2025-10-27T21:34:53.841-0300] {dag.py:3954} INFO - Setting next_dagrun for tutorial_objectstorage to None, run_after=None
[2025-10-27T21:34:53.857-0300] {processor.py:183} INFO - Processing /home/joaosousa/projects/spotify-project/venv/lib/python3.12/site-packages/airflow/example_dags/tutorial_objectstorage.py took 0.046 seconds
[2025-10-27T21:35:33.276-0300] {processor.py:161} INFO - Started process (PID=1633) to work on /home/joaosousa/projects/spotify-project/venv/lib/python3.12/site-packages/airflow/example_dags/tutorial_objectstorage.py
[2025-10-27T21:35:33.277-0300] {processor.py:830} INFO - Processing file /home/joaosousa/projects/spotify-project/venv/lib/python3.12/site-packages/airflow/example_dags/tutorial_objectstorage.py for tasks to queue
[2025-10-27T21:35:33.278-0300] {logging_mixin.py:188} INFO - [2025-10-27T21:35:33.278-0300] {dagbag.py:545} INFO - Filling up the DagBag from /home/joaosousa/projects/spotify-project/venv/lib/python3.12/site-packages/airflow/example_dags/tutorial_objectstorage.py
[2025-10-27T21:35:33.284-0300] {processor.py:840} INFO - DAG(s) 'tutorial_objectstorage' retrieved from /home/joaosousa/projects/spotify-project/venv/lib/python3.12/site-packages/airflow/example_dags/tutorial_objectstorage.py
[2025-10-27T21:35:33.293-0300] {logging_mixin.py:188} INFO - [2025-10-27T21:35:33.293-0300] {dag.py:3096} INFO - Sync 1 DAGs
[2025-10-27T21:35:33.300-0300] {logging_mixin.py:188} INFO - [2025-10-27T21:35:33.300-0300] {dag.py:3954} INFO - Setting next_dagrun for tutorial_objectstorage to None, run_after=None
[2025-10-27T21:35:33.314-0300] {processor.py:183} INFO - Processing /home/joaosousa/projects/spotify-project/venv/lib/python3.12/site-packages/airflow/example_dags/tutorial_objectstorage.py took 0.043 seconds
[2025-10-27T21:36:20.044-0300] {processor.py:161} INFO - Started process (PID=1704) to work on /home/joaosousa/projects/spotify-project/venv/lib/python3.12/site-packages/airflow/example_dags/tutorial_objectstorage.py
[2025-10-27T21:36:20.046-0300] {processor.py:830} INFO - Processing file /home/joaosousa/projects/spotify-project/venv/lib/python3.12/site-packages/airflow/example_dags/tutorial_objectstorage.py for tasks to queue
[2025-10-27T21:36:20.047-0300] {logging_mixin.py:188} INFO - [2025-10-27T21:36:20.047-0300] {dagbag.py:545} INFO - Filling up the DagBag from /home/joaosousa/projects/spotify-project/venv/lib/python3.12/site-packages/airflow/example_dags/tutorial_objectstorage.py
[2025-10-27T21:36:20.052-0300] {processor.py:840} INFO - DAG(s) 'tutorial_objectstorage' retrieved from /home/joaosousa/projects/spotify-project/venv/lib/python3.12/site-packages/airflow/example_dags/tutorial_objectstorage.py
[2025-10-27T21:36:20.062-0300] {logging_mixin.py:188} INFO - [2025-10-27T21:36:20.062-0300] {dag.py:3096} INFO - Sync 1 DAGs
[2025-10-27T21:36:20.070-0300] {logging_mixin.py:188} INFO - [2025-10-27T21:36:20.069-0300] {dag.py:3954} INFO - Setting next_dagrun for tutorial_objectstorage to None, run_after=None
[2025-10-27T21:36:20.183-0300] {processor.py:183} INFO - Processing /home/joaosousa/projects/spotify-project/venv/lib/python3.12/site-packages/airflow/example_dags/tutorial_objectstorage.py took 0.143 seconds
[2025-10-27T21:37:08.109-0300] {processor.py:161} INFO - Started process (PID=1776) to work on /home/joaosousa/projects/spotify-project/venv/lib/python3.12/site-packages/airflow/example_dags/tutorial_objectstorage.py
[2025-10-27T21:37:08.111-0300] {processor.py:830} INFO - Processing file /home/joaosousa/projects/spotify-project/venv/lib/python3.12/site-packages/airflow/example_dags/tutorial_objectstorage.py for tasks to queue
[2025-10-27T21:37:08.113-0300] {logging_mixin.py:188} INFO - [2025-10-27T21:37:08.112-0300] {dagbag.py:545} INFO - Filling up the DagBag from /home/joaosousa/projects/spotify-project/venv/lib/python3.12/site-packages/airflow/example_dags/tutorial_objectstorage.py
[2025-10-27T21:37:08.118-0300] {processor.py:840} INFO - DAG(s) 'tutorial_objectstorage' retrieved from /home/joaosousa/projects/spotify-project/venv/lib/python3.12/site-packages/airflow/example_dags/tutorial_objectstorage.py
[2025-10-27T21:37:08.128-0300] {logging_mixin.py:188} INFO - [2025-10-27T21:37:08.128-0300] {dag.py:3096} INFO - Sync 1 DAGs
[2025-10-27T21:37:08.136-0300] {logging_mixin.py:188} INFO - [2025-10-27T21:37:08.135-0300] {dag.py:3954} INFO - Setting next_dagrun for tutorial_objectstorage to None, run_after=None
[2025-10-27T21:37:08.151-0300] {processor.py:183} INFO - Processing /home/joaosousa/projects/spotify-project/venv/lib/python3.12/site-packages/airflow/example_dags/tutorial_objectstorage.py took 0.046 seconds
[2025-10-27T21:37:50.431-0300] {processor.py:161} INFO - Started process (PID=1845) to work on /home/joaosousa/projects/spotify-project/venv/lib/python3.12/site-packages/airflow/example_dags/tutorial_objectstorage.py
[2025-10-27T21:37:50.433-0300] {processor.py:830} INFO - Processing file /home/joaosousa/projects/spotify-project/venv/lib/python3.12/site-packages/airflow/example_dags/tutorial_objectstorage.py for tasks to queue
[2025-10-27T21:37:50.434-0300] {logging_mixin.py:188} INFO - [2025-10-27T21:37:50.434-0300] {dagbag.py:545} INFO - Filling up the DagBag from /home/joaosousa/projects/spotify-project/venv/lib/python3.12/site-packages/airflow/example_dags/tutorial_objectstorage.py
[2025-10-27T21:37:50.440-0300] {processor.py:840} INFO - DAG(s) 'tutorial_objectstorage' retrieved from /home/joaosousa/projects/spotify-project/venv/lib/python3.12/site-packages/airflow/example_dags/tutorial_objectstorage.py
[2025-10-27T21:37:50.451-0300] {logging_mixin.py:188} INFO - [2025-10-27T21:37:50.450-0300] {dag.py:3096} INFO - Sync 1 DAGs
[2025-10-27T21:37:50.458-0300] {logging_mixin.py:188} INFO - [2025-10-27T21:37:50.458-0300] {dag.py:3954} INFO - Setting next_dagrun for tutorial_objectstorage to None, run_after=None
[2025-10-27T21:37:50.474-0300] {processor.py:183} INFO - Processing /home/joaosousa/projects/spotify-project/venv/lib/python3.12/site-packages/airflow/example_dags/tutorial_objectstorage.py took 0.047 seconds
[2025-10-27T21:38:32.858-0300] {processor.py:161} INFO - Started process (PID=1919) to work on /home/joaosousa/projects/spotify-project/venv/lib/python3.12/site-packages/airflow/example_dags/tutorial_objectstorage.py
[2025-10-27T21:38:32.860-0300] {processor.py:830} INFO - Processing file /home/joaosousa/projects/spotify-project/venv/lib/python3.12/site-packages/airflow/example_dags/tutorial_objectstorage.py for tasks to queue
[2025-10-27T21:38:32.861-0300] {logging_mixin.py:188} INFO - [2025-10-27T21:38:32.861-0300] {dagbag.py:545} INFO - Filling up the DagBag from /home/joaosousa/projects/spotify-project/venv/lib/python3.12/site-packages/airflow/example_dags/tutorial_objectstorage.py
[2025-10-27T21:38:32.866-0300] {processor.py:840} INFO - DAG(s) 'tutorial_objectstorage' retrieved from /home/joaosousa/projects/spotify-project/venv/lib/python3.12/site-packages/airflow/example_dags/tutorial_objectstorage.py
[2025-10-27T21:38:32.877-0300] {logging_mixin.py:188} INFO - [2025-10-27T21:38:32.877-0300] {dag.py:3096} INFO - Sync 1 DAGs
[2025-10-27T21:38:32.885-0300] {logging_mixin.py:188} INFO - [2025-10-27T21:38:32.885-0300] {dag.py:3954} INFO - Setting next_dagrun for tutorial_objectstorage to None, run_after=None
[2025-10-27T21:38:32.902-0300] {processor.py:183} INFO - Processing /home/joaosousa/projects/spotify-project/venv/lib/python3.12/site-packages/airflow/example_dags/tutorial_objectstorage.py took 0.050 seconds
[2025-10-27T21:39:07.867-0300] {processor.py:161} INFO - Started process (PID=1984) to work on /home/joaosousa/projects/spotify-project/venv/lib/python3.12/site-packages/airflow/example_dags/tutorial_objectstorage.py
[2025-10-27T21:39:07.869-0300] {processor.py:830} INFO - Processing file /home/joaosousa/projects/spotify-project/venv/lib/python3.12/site-packages/airflow/example_dags/tutorial_objectstorage.py for tasks to queue
[2025-10-27T21:39:07.870-0300] {logging_mixin.py:188} INFO - [2025-10-27T21:39:07.870-0300] {dagbag.py:545} INFO - Filling up the DagBag from /home/joaosousa/projects/spotify-project/venv/lib/python3.12/site-packages/airflow/example_dags/tutorial_objectstorage.py
[2025-10-27T21:39:07.876-0300] {processor.py:840} INFO - DAG(s) 'tutorial_objectstorage' retrieved from /home/joaosousa/projects/spotify-project/venv/lib/python3.12/site-packages/airflow/example_dags/tutorial_objectstorage.py
[2025-10-27T21:39:07.889-0300] {logging_mixin.py:188} INFO - [2025-10-27T21:39:07.889-0300] {dag.py:3096} INFO - Sync 1 DAGs
[2025-10-27T21:39:07.897-0300] {logging_mixin.py:188} INFO - [2025-10-27T21:39:07.897-0300] {dag.py:3954} INFO - Setting next_dagrun for tutorial_objectstorage to None, run_after=None
[2025-10-27T21:39:07.911-0300] {processor.py:183} INFO - Processing /home/joaosousa/projects/spotify-project/venv/lib/python3.12/site-packages/airflow/example_dags/tutorial_objectstorage.py took 0.049 seconds
[2025-10-27T21:39:47.182-0300] {processor.py:161} INFO - Started process (PID=2051) to work on /home/joaosousa/projects/spotify-project/venv/lib/python3.12/site-packages/airflow/example_dags/tutorial_objectstorage.py
[2025-10-27T21:39:47.184-0300] {processor.py:830} INFO - Processing file /home/joaosousa/projects/spotify-project/venv/lib/python3.12/site-packages/airflow/example_dags/tutorial_objectstorage.py for tasks to queue
[2025-10-27T21:39:47.185-0300] {logging_mixin.py:188} INFO - [2025-10-27T21:39:47.185-0300] {dagbag.py:545} INFO - Filling up the DagBag from /home/joaosousa/projects/spotify-project/venv/lib/python3.12/site-packages/airflow/example_dags/tutorial_objectstorage.py
[2025-10-27T21:39:47.191-0300] {processor.py:840} INFO - DAG(s) 'tutorial_objectstorage' retrieved from /home/joaosousa/projects/spotify-project/venv/lib/python3.12/site-packages/airflow/example_dags/tutorial_objectstorage.py
[2025-10-27T21:39:47.204-0300] {logging_mixin.py:188} INFO - [2025-10-27T21:39:47.203-0300] {dag.py:3096} INFO - Sync 1 DAGs
[2025-10-27T21:39:47.213-0300] {logging_mixin.py:188} INFO - [2025-10-27T21:39:47.212-0300] {dag.py:3954} INFO - Setting next_dagrun for tutorial_objectstorage to None, run_after=None
[2025-10-27T21:39:47.229-0300] {processor.py:183} INFO - Processing /home/joaosousa/projects/spotify-project/venv/lib/python3.12/site-packages/airflow/example_dags/tutorial_objectstorage.py took 0.051 seconds
[2025-10-27T21:40:30.743-0300] {processor.py:161} INFO - Started process (PID=2126) to work on /home/joaosousa/projects/spotify-project/venv/lib/python3.12/site-packages/airflow/example_dags/tutorial_objectstorage.py
[2025-10-27T21:40:30.745-0300] {processor.py:830} INFO - Processing file /home/joaosousa/projects/spotify-project/venv/lib/python3.12/site-packages/airflow/example_dags/tutorial_objectstorage.py for tasks to queue
[2025-10-27T21:40:30.746-0300] {logging_mixin.py:188} INFO - [2025-10-27T21:40:30.746-0300] {dagbag.py:545} INFO - Filling up the DagBag from /home/joaosousa/projects/spotify-project/venv/lib/python3.12/site-packages/airflow/example_dags/tutorial_objectstorage.py
[2025-10-27T21:40:30.752-0300] {processor.py:840} INFO - DAG(s) 'tutorial_objectstorage' retrieved from /home/joaosousa/projects/spotify-project/venv/lib/python3.12/site-packages/airflow/example_dags/tutorial_objectstorage.py
[2025-10-27T21:40:30.762-0300] {logging_mixin.py:188} INFO - [2025-10-27T21:40:30.762-0300] {dag.py:3096} INFO - Sync 1 DAGs
[2025-10-27T21:40:30.770-0300] {logging_mixin.py:188} INFO - [2025-10-27T21:40:30.770-0300] {dag.py:3954} INFO - Setting next_dagrun for tutorial_objectstorage to None, run_after=None
[2025-10-27T21:40:30.784-0300] {processor.py:183} INFO - Processing /home/joaosousa/projects/spotify-project/venv/lib/python3.12/site-packages/airflow/example_dags/tutorial_objectstorage.py took 0.045 seconds
